      -----------------------------------------------------------      
     |                   =====================                   |     
     |                           x T B                           |     
     |                   =====================                   |     
     |                         S. Grimme                         |     
     |          Mulliken Center for Theoretical Chemistry        |     
     |                    University of Bonn                     |     
     |                Version 6.2 RC2 (SAW190805)                |     
      -----------------------------------------------------------      

   This program is distributed in the hope that it will be useful,
   but WITHOUT ANY WARRANTY; without even the implied warranty of
   MERCHANTABILITY or FITNESS FOR A PARTICULAR PURPOSE.
   
   FOR NON-COMMERCIAL, ACADEMIA USE ONLY.
   
   Cite this work as:
   * S. Grimme, C. Bannwarth, P. Shushkov, J. Chem. Theory Comput., 2017,
     13, 1989-2009. DOI: 10.1021/acs.jctc.7b00118
   * C. Bannwarth, S. Ehlert and S. Grimme., J. Chem. Theory Comput., 2019,
     15, 1652-1671. DOI: 10.1021/acs.jctc.8b01176
   * P. Pracht, E. Caldeweyher, S. Ehlert, S. Grimme, ChemRxiv, 2019, preprint.
     DOI: 10.26434/chemrxiv.8326202.v1
   
   for DFT-D4:
   * E. Caldeweyher, C. Bannwarth and S. Grimme, J. Chem. Phys., 2017,
     147, 034112. DOI: 10.1063/1.4993215
   * E. Caldeweyher, S. Ehlert, A. Hansen, H. Neugebauer, S. Spicher,
     C. Bannwarth and S. Grimme, J. Chem. Phys., 2019, 150, 154122.
     DOI: 10.1063/1.5090222
   
   for sTDA-xTB:
   * S. Grimme and C. Bannwarth, J. Chem. Phys., 2016, 145, 054103.
     DOI: 10.1063/1.4959605
   
   in the mass-spec context:
   * V. Asgeirsson, C. Bauer and S. Grimme, Chem. Sci., 2017, 8, 4879.
     DOI: 10.1039/c7sc00601b
   
   for metadynamics refer to:
   * S. Grimme, J. Chem. Theory Comput., 2019, 155, 2847-2862
     DOI: 10.1021/acs.jctc.9b00143
   
   with help from (in alphabetical order)
   C. Bannwarth, F. Bohle, G. Brandenburg, E. Caldeweyher, M. Checinski,
   S. Dohm, S. Ehlert, S. Ehrlich, F. März, H. Neugebauer, J. Pisarek,
   P. Pracht, P. Shushkov, and S. Spicher.
   
 * started run on 2021/05/10 at 15:18:18.981     

           -------------------------------------------------
          |                Calculation Setup                |
           -------------------------------------------------

          program call               : /ihome/ghutchison/geoffh/xtb/xtb /ihome/ghutchison/blp62/GA/running_GA/GFN2_input/78_30_22_30_78.xyz --opt
          coordinate file            : /ihome/ghutchison/blp62/GA/running_GA/GFN2_input/78_30_22_30_78.xyz
          omp threads                :                    12
          number of atoms            :                   146
          number of electrons        :                   496
          charge                     :                     0
          spin                       :                   0.0
          first test random number   :      0.59660529285271


########################################################################
# WARNING! Please study the warnings concerning your input carefully
#  - XTBHOME is not set, using HOME instead
#  - XTBPATH is not set, using XTBHOME instead
########################################################################

           ------------------------------------------------- 
          |                 G F N 2 - x T B                 |
          | Geometry, Frequencies, Noncovalent interactions |
          |            JCTC 2019 parametrisation            |
           ------------------------------------------------- 
             k(s)              :                1.8500
             k(p)              :                2.2300
             k(d)              :                2.2300
             k(f)              :                2.0000
             kEN (H0ij)        :               -2.0000
             D4 a1             :                0.5200
             D4 a2             :                5.0000
             D4 s6             :                1.0000
             D4 s8             :                2.7000
             D4 s9             :                5.0000
             alphaj            :                2.0000

  Z AO/shell   Hii/eV     exponent
  1     Wed Apr 25 08:07:45 CEST 2018   EN: 2.200 GM2: 0.406  GM3: 0.0800  RAES: 1.40
     1s    -10.707211    1.230000
  6     Wed Apr 25 08:07:45 CEST 2018   EN: 2.550 GM2: 0.538  GM3: 0.1500  RAES: 3.00
     2s    -13.970922    2.096432
     2p    -10.063292    1.800000
  7     Wed Apr 25 08:07:45 CEST 2018   EN: 3.040 GM2: 0.461  GM3:-0.0640  RAES: 1.90
     2s    -16.686243    2.339881
     2p    -12.523956    2.014332
  8     Wed Apr 25 08:07:45 CEST 2018   EN: 3.440 GM2: 0.452  GM3:-0.0517  RAES: 1.80
     2s    -20.229985    2.439742
     2p    -15.503117    2.137023
  9     Mon Apr 23 13:58:50 CEST 2018   EN: 3.980 GM2: 0.532  GM3: 0.1426  RAES: 2.40
     2s    -23.458179    2.416361
     2p    -15.746583    2.308399
 16     Tue Apr 24 11:44:34 CEST 2018   EN: 2.580 GM2: 0.340  GM3:-0.0502  RAES: 3.10
     3s    -20.029654    1.981333
     3p    -11.377694    2.025643
     3d     -0.420282    1.702555

           ------------------------------------------------- 
          |        Self-Consistent Charge Iterations        |
           ------------------------------------------------- 

          ...................................................
          :                      SETUP                      :
          :.................................................:
          :  # basis functions                 506          :
          :  # atomic orbitals                 498          :
          :  # shells                          258          :
          :  # electrons                       496          :
          :  max. iterations                   250          :
          :  Hamiltonian                  GFN2-xTB          :
          :  restarted?                      false          :
          :  GBSA solvation                  false          :
          :  PC potential                    false          :
          :  electronic temp.          300.0000000     K    :
          :  accuracy                    1.0000000          :
          :  -> integral cutoff          0.2500000E+02      :
          :  -> integral neglect         0.1000000E-07      :
          :  -> SCF convergence          0.1000000E-05 Eh   :
          :  -> wf. convergence          0.1000000E-03 e    :
          :  Broyden damping             0.4000000          :
          ...................................................

 iter      E             dE          RMSdq      gap      omega  full diag
   1   -275.4085619 -0.275409E+03  0.474E+00    1.36       0.0  T
   2   -275.5024242 -0.938623E-01  0.301E+00    0.99       1.0  T
   3   -275.2119060  0.290518E+00  0.212E+00    0.41       1.0  T
   4   -275.6915591 -0.479653E+00  0.611E-01    0.29       1.0  T
   5   -275.7295396 -0.379804E-01  0.233E-01    0.25       1.0  T
   6   -275.7311255 -0.158597E-02  0.127E-01    0.33       1.0  T
   7   -275.7334390 -0.231345E-02  0.525E-02    0.32       1.0  T
   8   -275.7337942 -0.355207E-03  0.224E-02    0.32       1.0  T
   9   -275.7338139 -0.197001E-04  0.117E-02    0.32       1.0  T
  10   -275.7338220 -0.814948E-05  0.631E-03    0.32       1.3  T
  11   -275.7338258 -0.374214E-05  0.252E-03    0.32       3.3  T
  12   -275.7338261 -0.334707E-06  0.125E-03    0.32       6.6  T
  13   -275.7338262 -0.949001E-07  0.660E-04    0.32      12.5  T
  14   -275.7338262 -0.109885E-07  0.360E-04    0.32      23.0  T

   *** convergence criteria satisfied after 14 iterations ***

         #    Occupation            Energy/Eh            Energy/eV
      -------------------------------------------------------------
         1        2.0000           -0.8510401             -23.1580
       ...           ...                  ...                  ...
       242        2.0000           -0.3880367             -10.5590
       243        2.0000           -0.3865120             -10.5175
       244        2.0000           -0.3838379             -10.4448
       245        2.0000           -0.3821188             -10.3980
       246        2.0000           -0.3639949              -9.9048
       247        1.9999           -0.3606051              -9.8126
       248        1.9958           -0.3568525              -9.7105 (HOMO)
       249        0.0043           -0.3451809              -9.3929 (LUMO)
       250                         -0.3344003              -9.0995
       251                         -0.3291408              -8.9564
       252                         -0.3192582              -8.6875
       253                         -0.3142761              -8.5519
       ...                                ...                  ...
       498                          1.0910080              29.6878
      -------------------------------------------------------------
                  HL-Gap            0.0116716 Eh            0.3176 eV
             Fermi-level           -0.3510073 Eh           -9.5514 eV

 SCC (total)                   0 d,  0 h,  0 min,  1.886 sec
 SCC setup                      ...        0 min,  0.007 sec (  0.377%)
 Dispersion                     ...        0 min,  0.011 sec (  0.605%)
 integral evaluation            ...        0 min,  0.064 sec (  3.383%)
 zeroth order Hamiltonian       ...        0 min,  0.005 sec (  0.252%)
 iterations                     ...        0 min,  1.649 sec ( 87.454%)
 molecular gradient             ...        0 min,  0.111 sec (  5.879%)
 printout                       ...        0 min,  0.039 sec (  2.042%)

         :::::::::::::::::::::::::::::::::::::::::::::::::::::
         ::                     SUMMARY                     ::
         :::::::::::::::::::::::::::::::::::::::::::::::::::::
         :: total energy            -271.659492811441 Eh    ::
         :: gradient norm              0.233985484652 Eh/a0 ::
         :: HOMO-LUMO gap              0.317599655392 eV    ::
         ::.................................................::
         :: SCC energy              -275.733826208392 Eh    ::
         :: -> isotropic ES            0.150368198144 Eh    ::
         :: -> anisotropic ES          0.014467315712 Eh    ::
         :: -> anisotropic XC          0.156582753434 Eh    ::
         :: -> dispersion             -0.235660282373 Eh    ::
         :: repulsion energy           4.076090726739 Eh    ::
         :: add. restraining           0.000000000000 Eh    ::
         :::::::::::::::::::::::::::::::::::::::::::::::::::::

      ----------------------------------------------------------- 
     |                   =====================                   |
     |                        A N C O P T                        |
     |                   =====================                   |
     |               Approximate Normal Coordinate               |
     |                Rational Function Optimizer                |
      ----------------------------------------------------------- 

          ...................................................
          :                      SETUP                      :
          :.................................................:
          :   optimization level            normal          :
          :   max. optcycles                   438          :
          :   ANC micro-cycles                  20          :
          :   degrees of freedom               432          :
          :.................................................:
          :   RF solver                   davidson          :
          :   input Hessian                  false          :
          :   write xtbopt.log                true          :
          :   linear?                        false          :
          :   energy convergence         0.5000000E-05 Eh   :
          :   grad. convergence          0.1000000E-02 Eh/α :
          :   maximium RF displ.         1.0000000          :
          :   Hlow (freq-cutoff)         0.1000000E-01      :
          :   Hmax (freq-cutoff)         5.0000000          :
          :   S6 in model hess.         20.0000000          :
          ...................................................

generating ANC from model Hessian ...
Using Lindh-Hessian (1995)
 Shifting diagonal of input Hessian by   1.005306225506805E-002
 Lowest  eigenvalues of input Hessian
    0.010000   -0.000000   -0.000000   -0.000000   -0.000000    0.000000
    0.000000    0.010064    0.010072    0.010084    0.010097    0.010109
    0.010129    0.010158    0.010189    0.010235    0.010244    0.010249
 Highest eigenvalues
    2.269887    2.273603    2.513599    2.518511    2.571561    2.586338
 

........................................................................
.............................. CYCLE    1 ..............................
........................................................................
   1   -275.7338262 -0.275734E+03  0.154E-04    0.32       0.0  T
   2   -275.7338262  0.347939E-09  0.136E-04    0.32      61.1  T
   3   -275.7338262 -0.259342E-08  0.612E-05    0.32     135.2  T
     SCC iter.                  ...        0 min,  0.437 sec
     gradient                   ...        0 min,  0.061 sec
 * total energy  :  -271.6594927 Eh     change        0.1409973E-06 Eh
   gradient norm :     0.2339859 Eh/α   predicted     0.0000000E+00 (-100.00%)
   displ. norm   :     0.5051911 α      lambda       -0.6980106E-01
   maximum displ.:     0.1401369 α      in ANC's #101, #198, #120, ...

........................................................................
.............................. CYCLE    2 ..............................
........................................................................
   1   -275.8617077 -0.275862E+03  0.408E-01    0.32       0.0  T
   2   -275.8622379 -0.530169E-03  0.212E-01    0.35       1.0  T
   3   -275.8595415  0.269645E-02  0.146E-01    0.31       1.0  T
   4   -275.8629856 -0.344411E-02  0.421E-02    0.33       1.0  T
   5   -275.8631357 -0.150108E-03  0.231E-02    0.33       1.0  T
   6   -275.8631599 -0.241715E-04  0.105E-02    0.33       1.0  T
   7   -275.8631764 -0.165015E-04  0.318E-03    0.33       2.6  T
   8   -275.8631777 -0.130227E-05  0.121E-03    0.33       6.8  T
   9   -275.8631777 -0.361731E-07  0.634E-04    0.33      13.1  T
     SCC iter.                  ...        0 min,  0.575 sec
     gradient                   ...        0 min,  0.049 sec
 * total energy  :  -271.7104488 Eh     change       -0.5095612E-01 Eh
   gradient norm :     0.1060887 Eh/α   predicted    -0.4380806E-01 ( -14.03%)
   displ. norm   :     0.5560604 α      lambda       -0.3136521E-01
   maximum displ.:     0.1339828 α      in ANC's #75, #101, #74, ...

........................................................................
.............................. CYCLE    3 ..............................
........................................................................
   1   -275.9334478 -0.275933E+03  0.345E-01    0.30       0.0  T
   2   -275.9338302 -0.382474E-03  0.177E-01    0.34       1.0  T
   3   -275.9318293  0.200094E-02  0.122E-01    0.31       1.0  T
   4   -275.9343212 -0.249191E-02  0.351E-02    0.33       1.0  T
   5   -275.9344361 -0.114918E-03  0.195E-02    0.33       1.0  T
   6   -275.9344590 -0.229236E-04  0.810E-03    0.33       1.0  T
   7   -275.9344674 -0.835773E-05  0.282E-03    0.33       2.9  T
   8   -275.9344684 -0.105624E-05  0.103E-03    0.33       8.0  T
   9   -275.9344685 -0.373108E-07  0.544E-04    0.33      15.2  T
     SCC iter.                  ...        0 min,  0.620 sec
     gradient                   ...        0 min,  0.074 sec
 * total energy  :  -271.7313324 Eh     change       -0.2088361E-01 Eh
   gradient norm :     0.0308081 Eh/α   predicted    -0.2053173E-01 (  -1.68%)
   displ. norm   :     0.5786405 α      lambda       -0.1075538E-01
   maximum displ.:     0.1431107 α      in ANC's #43, #75, #74, ...

........................................................................
.............................. CYCLE    4 ..............................
........................................................................
   1   -275.9785578 -0.275979E+03  0.198E-01    0.31       0.0  T
   2   -275.9786431 -0.853469E-04  0.101E-01    0.33       1.0  T
   3   -275.9780913  0.551750E-03  0.608E-02    0.32       1.0  T
   4   -275.9787177 -0.626349E-03  0.182E-02    0.33       1.0  T
   5   -275.9787394 -0.217513E-04  0.107E-02    0.33       1.0  T
   6   -275.9787494 -0.994219E-05  0.331E-03    0.33       2.5  T
   7   -275.9787508 -0.140728E-05  0.116E-03    0.33       7.1  T
   8   -275.9787509 -0.940883E-07  0.670E-04    0.33      12.3  T
     SCC iter.                  ...        0 min,  1.185 sec
     gradient                   ...        0 min,  0.078 sec
 * total energy  :  -271.7396289 Eh     change       -0.8296516E-02 Eh
   gradient norm :     0.0235039 Eh/α   predicted    -0.7178314E-02 ( -13.48%)
   displ. norm   :     0.6738242 α      lambda       -0.7904944E-02
   maximum displ.:     0.1539551 α      in ANC's #75, #43, #74, ...

........................................................................
.............................. CYCLE    5 ..............................
........................................................................
   1   -276.0055120 -0.276006E+03  0.191E-01    0.31       0.0  T
   2   -276.0055674 -0.554713E-04  0.102E-01    0.33       1.0  T
   3   -276.0050295  0.537939E-03  0.587E-02    0.32       1.0  T
   4   -276.0056270 -0.597536E-03  0.152E-02    0.33       1.0  T
   5   -276.0056347 -0.764694E-05  0.935E-03    0.33       1.0  T
   6   -276.0056450 -0.103267E-04  0.290E-03    0.33       2.9  T
   7   -276.0056461 -0.112014E-05  0.128E-03    0.33       6.5  T
   8   -276.0056462 -0.739961E-07  0.754E-04    0.33      11.0  T
     SCC iter.                  ...        0 min,  0.709 sec
     gradient                   ...        0 min,  0.061 sec
 * total energy  :  -271.7450021 Eh     change       -0.5373201E-02 Eh
   gradient norm :     0.0232659 Eh/α   predicted    -0.5747052E-02 (   6.96%)
   displ. norm   :     0.7332203 α      lambda       -0.7475865E-02
   maximum displ.:     0.2228511 α      in ANC's #31, #43, #40, ...

........................................................................
.............................. CYCLE    6 ..............................
........................................................................
   1   -276.0205949 -0.276021E+03  0.277E-01    0.31       0.0  T
   2   -276.0207102 -0.115335E-03  0.152E-01    0.33       1.0  T
   3   -276.0195954  0.111477E-02  0.820E-02    0.33       1.0  T
   4   -276.0208332 -0.123777E-02  0.166E-02    0.33       1.0  T
   5   -276.0208525 -0.193511E-04  0.104E-02    0.33       1.0  T
