146
 SCF done       -271.659492670443          0.233985908123
C          -3.31039000000000    0.88383000000000   -2.91225000000000
C          -2.29625000000000    0.70721000000000   -3.85458000000000
F          -1.61172000000000    1.76948000000000   -4.29561000000000
C          -1.98874000000000   -0.56382000000000   -4.32801000000000
F          -1.00815000000000   -0.73371000000000   -5.21922000000000
C          -2.70110000000000   -1.66438000000000   -3.87705000000000
C          -3.73071000000000   -1.51298000000000   -2.93603000000000
C          -4.04268000000000   -0.21043000000000   -2.43315000000000
C          -5.06079000000000   -0.06605000000000   -1.46666000000000
C          -5.79377000000000   -1.16812000000000   -1.03725000000000
C          -5.47567000000000   -2.41543000000000   -1.58524000000000
C          -4.47103000000000   -2.61739000000000   -2.52164000000000
C          -6.29770000000000   -3.47793000000000   -0.99555000000000
O          -6.38091000000000   -4.60792000000000   -1.42549000000000
C          -7.00882000000000   -2.84106000000000    0.16197000000000
C          -6.88998000000000   -1.36727000000000   -0.03693000000000
C          -7.70503000000000   -0.40236000000000    0.46026000000000
C          -8.80484000000000   -0.70485000000000    1.31447000000000
N          -9.69520000000000   -0.95696000000000    2.01738000000000
C          -7.56825000000000    0.98146000000000    0.13083000000000
N          -7.42763000000000    2.09493000000000   -0.13567000000000
C          -7.45519000000000   -3.53889000000000    1.22575000000000
C          -7.34428000000000   -4.95748000000000    1.34629000000000
C          -6.32662000000000   -5.70389000000000    1.90049000000000
C          -6.49172000000000   -7.14650000000000    1.80976000000000
C          -5.65343000000000   -8.22996000000000    2.20801000000000
C          -4.33499000000000   -7.97192000000000    2.86787000000000
C          -3.72026000000000   -8.62182000000000    3.93429000000000
C          -2.41981000000000   -8.11778000000000    4.24845000000000
C          -2.07855000000000   -7.04653000000000    3.45622000000000
S          -3.24694000000000   -6.78417000000000    2.24223000000000
C          -0.85204000000000   -6.20020000000000    3.52392000000000
C          -6.04506000000000   -9.56960000000000    1.95034000000000
C          -7.24035000000000   -9.87286000000000    1.28344000000000
C          -8.09626000000000   -8.79099000000000    0.91384000000000
C          -7.71763000000000   -7.44995000000000    1.19428000000000
S          -8.62194000000000   -5.98385000000000    0.90895000000000
C          -9.37758000000000   -9.05429000000000    0.18918000000000
C          -9.96179000000000   -8.36251000000000   -0.86677000000000
C         -11.19443000000000   -8.92465000000000   -1.31729000000000
C         -11.50732000000000  -10.08145000000000   -0.64258000000000
S         -10.43798000000000  -10.33519000000000    0.66355000000000
C         -12.62609000000000  -11.02938000000000   -0.91829000000000
C          -7.33173000000000  -11.31276000000000    1.06582000000000
C          -6.33599000000000  -12.07165000000000    1.65334000000000
S          -5.17563000000000  -11.02543000000000    2.31645000000000
C          -6.13945000000000  -13.55305000000000    1.65166000000000
C          -6.51747000000000  -14.25510000000000    0.49617000000000
C          -6.31293000000000  -15.63096000000000    0.38145000000000
C          -5.74412000000000  -16.37274000000000    1.42737000000000
C          -5.40012000000000  -15.68063000000000    2.62358000000000
C          -5.58256000000000  -14.27121000000000    2.73654000000000
N          -5.20896000000000  -13.63841000000000    3.88343000000000
C          -4.65921000000000  -14.34635000000000    4.90054000000000
C          -4.54100000000000  -15.71379000000000    4.81646000000000
N          -4.88434000000000  -16.34919000000000    3.67975000000000
C          -3.99286000000000  -16.58360000000000    5.90448000000000
C          -4.19255000000000  -13.57484000000000    6.09466000000000
C          -5.49637000000000  -17.84798000000000    1.20690000000000
C          -5.60202000000000  -18.62810000000000    0.06154000000000
C          -5.15095000000000  -20.01711000000000    0.19587000000000
C          -5.05010000000000  -21.09219000000000   -0.74010000000000
C          -5.56595000000000  -20.87532000000000   -2.12677000000000
C          -6.70642000000000  -20.20531000000000   -2.55950000000000
C          -6.84746000000000  -20.16145000000000   -3.98407000000000
C          -5.83467000000000  -20.83842000000000   -4.62310000000000
S          -4.67989000000000  -21.40783000000000   -3.50929000000000
C          -5.62152000000000  -21.05147000000000   -6.08435000000000
C          -4.45984000000000  -22.32865000000000   -0.34272000000000
C          -4.00073000000000  -22.52384000000000    0.97154000000000
C          -4.11611000000000  -21.46012000000000    1.90176000000000
C          -4.70353000000000  -20.24127000000000    1.50114000000000
S          -5.04255000000000  -18.88015000000000    2.48138000000000
C          -3.55703000000000  -21.59603000000000    3.28922000000000
C          -2.83763000000000  -20.68250000000000    4.05581000000000
C          -2.43574000000000  -21.18236000000000    5.33352000000000
C          -2.80572000000000  -22.49480000000000    5.51003000000000
S          -3.81959000000000  -23.01683000000000    4.24052000000000
C          -2.45882000000000  -23.41434000000000    6.63322000000000
C          -3.45123000000000  -23.84381000000000    1.11872000000000
C          -3.44787000000000  -24.62956000000000   -0.00838000000000
S          -4.14337000000000  -23.76966000000000   -1.28634000000000
C          -2.81112000000000  -25.89692000000000   -0.07121000000000
C          -3.03438000000000  -26.96463000000000   -0.84205000000000
C          -1.96184000000000  -28.01108000000000   -0.74046000000000
O          -1.11648000000000  -28.14761000000000    0.12019000000000
C          -2.09241000000000  -28.83417000000000   -1.94074000000000
C          -1.22357000000000  -29.85111000000000   -2.29924000000000
C          -1.46147000000000  -30.51703000000000   -3.49938000000000
C          -2.55319000000000  -30.11564000000000   -4.32559000000000
C          -2.76510000000000  -30.79781000000000   -5.53386000000000
C          -1.92978000000000  -31.85051000000000   -5.90296000000000
C          -0.87440000000000  -32.23730000000000   -5.08835000000000
C          -0.63129000000000  -31.57549000000000   -3.89181000000000
F          -0.08098000000000  -33.25572000000000   -5.44627000000000
F          -2.15818000000000  -32.49382000000000   -7.05478000000000
C          -3.40825000000000  -29.06056000000000   -3.92144000000000
C          -3.19953000000000  -28.43051000000000   -2.70089000000000
C          -3.93896000000000  -27.38461000000000   -1.91819000000000
C          -5.27085000000000  -27.14696000000000   -2.01178000000000
C          -6.00273000000000  -26.46872000000000   -0.99349000000000
N          -6.63743000000000  -25.96355000000000   -0.16148000000000
C          -6.07605000000000  -27.68180000000000   -3.05813000000000
N          -6.72252000000000  -28.12166000000000   -3.91619000000000
H          -3.52300000000000    1.89533000000000   -2.57852000000000
H          -2.42687000000000   -2.65176000000000   -4.25960000000000
H          -5.25267000000000    0.92996000000000   -1.07212000000000
H          -4.26321000000000   -3.61831000000000   -2.88550000000000
H          -7.85319000000000   -3.04029000000000    2.10305000000000
H          -5.45904000000000   -5.21818000000000    2.32473000000000
H          -4.16064000000000   -9.45421000000000    4.47077000000000
H          -1.78091000000000   -8.51583000000000    5.02901000000000
H          -0.67793000000000   -5.85606000000000    4.54986000000000
H          -0.92830000000000   -5.31030000000000    2.88996000000000
H           0.02285000000000   -6.77353000000000    3.20248000000000
H          -9.53058000000000   -7.47896000000000   -1.32146000000000
H         -11.79102000000000   -8.52102000000000   -2.12742000000000
H         -13.58955000000000  -10.51219000000000   -0.87355000000000
H         -12.65323000000000  -11.86329000000000   -0.20970000000000
H         -12.51696000000000  -11.45494000000000   -1.92316000000000
H          -8.13009000000000  -11.77996000000000    0.50610000000000
H          -6.95160000000000  -13.72720000000000   -0.35139000000000
H          -6.60118000000000  -16.10521000000000   -0.55312000000000
H          -4.19436000000000  -16.17446000000000    6.89834000000000
H          -2.91368000000000  -16.71159000000000    5.77932000000000
H          -4.46288000000000  -17.57333000000000    5.86638000000000
H          -4.22059000000000  -12.49874000000000    5.89737000000000
H          -3.15727000000000  -13.83785000000000    6.33830000000000
H          -4.83022000000000  -13.78410000000000    6.95841000000000
H          -5.94392000000000  -18.21997000000000   -0.87935000000000
H          -7.41914000000000  -19.73811000000000   -1.89042000000000
H          -7.65500000000000  -19.66015000000000   -4.50637000000000
H          -6.57360000000000  -21.10286000000000   -6.62322000000000
H          -5.08135000000000  -21.98382000000000   -6.28558000000000
H          -5.03737000000000  -20.22327000000000   -6.49770000000000
H          -2.59204000000000  -19.67968000000000    3.72761000000000
H          -1.86918000000000  -20.61470000000000    6.06284000000000
H          -2.28367000000000  -22.85433000000000    7.55789000000000
H          -1.54170000000000  -23.96844000000000    6.40008000000000
H          -3.25443000000000  -24.14020000000000    6.82780000000000
H          -3.02517000000000  -24.22763000000000    2.03490000000000
H          -1.97854000000000  -25.97511000000000    0.63454000000000
H          -0.39029000000000  -30.10710000000000   -1.64914000000000
H          -3.58364000000000  -30.53153000000000   -6.19721000000000
H           0.20269000000000  -31.90184000000000   -3.27552000000000
H          -4.22036000000000  -28.76880000000000   -4.58063000000000
146
 SCF done       -271.710448785762          0.106088673049
C          -3.31127210295452    0.88438666585375   -2.91176718110802
C          -2.30721847514992    0.70860704230474   -3.84343667285393
F          -1.62179632775539    1.76951576335789   -4.28787536064227
C          -1.99300018341765   -0.56893563389381   -4.32268406388301
F          -1.01064232802812   -0.73127533327186   -5.21636563310610
C          -2.69604974912910   -1.66308719934937   -3.87934828349676
C          -3.73324613476669   -1.51300940359567   -2.94281845392430
C          -4.04789311022731   -0.21309013269611   -2.42990805559787
C          -5.07205794379339   -0.06635888627677   -1.46194560594550
C          -5.78981694208968   -1.17035225296785   -1.03413149676250
C          -5.46911923631554   -2.42891210495237   -1.58567980299007
C          -4.47373104398172   -2.62177544164290   -2.51316261107786
C          -6.30132156812480   -3.48675140813576   -0.99595003702675
O          -6.38994339955629   -4.62172866060112   -1.39933919363266
C          -6.99507365726932   -2.84315161688819    0.16448826239905
C          -6.88027443913315   -1.37671548338064   -0.04641940206472
C          -7.69946489247753   -0.41109454943086    0.45864179841837
C          -8.79550264099728   -0.70958187270373    1.31139233568647
N          -9.67473712888707   -0.94904699495344    2.00408626731813
C          -7.56425891277847    0.96622774741974    0.13199293317693
N          -7.43193580200774    2.07438444135467   -0.12735540777896
C          -7.43739525719480   -3.54419451018974    1.23115931238880
C          -7.33516902357276   -4.99378585494011    1.35566324296511
C          -6.31249897674275   -5.72839480759503    1.89482763863202
C          -6.48202124831751   -7.16169124304544    1.80852445184672
C          -5.63526027135491   -8.22801111960663    2.21715965726887
C          -4.32986290904375   -7.98035171796112    2.86327105161180
C          -3.71813305122591   -8.62834309861901    3.91415574791763
C          -2.43916530232110   -8.10947571864332    4.24038201748310
C          -2.07889974417999   -7.05317508327304    3.44813398055353
S          -3.27062268407696   -6.75084188475020    2.25090645871096
C          -0.85083705386020   -6.20795725106565    3.52348320684126
C          -6.04150724231519   -9.55381428424548    1.95739353027338
C          -7.24310933490256   -9.87063824301844    1.27666124658674
C          -8.10938471198420   -8.80235667848288    0.90012085327083
C          -7.71786668149836   -7.48014520327994    1.19368599673105
S          -8.62500140702192   -6.02097974476619    0.85578572381598
C          -9.38247024138204   -9.04803100335194    0.19450458938544
C          -9.96274138908566   -8.35957689518964   -0.84939145940070
C         -11.17269589103530   -8.93439624676161   -1.31164689389645
C         -11.51107599607490  -10.07397330237488   -0.63207521304252
S         -10.40644124545921  -10.37403861098071    0.64835010512579
C         -12.62955109843709  -11.02053170532491   -0.91580690885247
C          -7.34196897075488  -11.30174501783908    1.07381347395447
C          -6.33505499788549  -12.04995601075074    1.64608270665749
S          -5.16498078390363  -11.00711017090736    2.36086185197630
C          -6.14595690571506  -13.52954023713714    1.64538281111533
C          -6.51067579621678  -14.25384031932373    0.51112612189292
C          -6.30748802946032  -15.63465246878485    0.39593123687570
C          -5.74520373430274  -16.39940570123418    1.41760660761309
C          -5.39909153121926  -15.69359422552679    2.61796455988073
C          -5.58010864329516  -14.26849014292240    2.72992336636425
N          -5.20032031654800  -13.64131137040644    3.86782955554582
C          -4.66774796461649  -14.33685072448759    4.87295026511473
C          -4.54608927951285  -15.72936565435167    4.78690771007690
N          -4.89341212549178  -16.36386572519737    3.67094720542099
C          -4.00258735689586  -16.58466911859716    5.89313627541618
C          -4.19959923451169  -13.57266120567137    6.07696084050217
C          -5.50167472802782  -17.86308743366767    1.21097506658735
C          -5.59038931280981  -18.63338494677661    0.06156229288761
C          -5.15221887570433  -20.00968645981731    0.19766513768991
C          -5.05975653873223  -21.07093540417713   -0.75314112462450
C          -5.56231819340275  -20.86262712154841   -2.12571653518942
C          -6.68955665218181  -20.19683762593784   -2.55797483275086
C          -6.83637864777698  -20.17347832619335   -3.96901761265649
C          -5.82845552254813  -20.83666310638578   -4.61557909822503
S          -4.67720032465089  -21.44405018364001   -3.49844292663588
C          -5.62301031307013  -21.04539819831729   -6.07958123870800
C          -4.47365090525748  -22.29293629411287   -0.34460737220206
C          -4.00958952105606  -22.50544570562755    0.98280151450046
C          -4.11631962716221  -21.45409511053948    1.92962203982930
C          -4.70510724225685  -20.24540384652376    1.52060202889743
S          -4.97750719231588  -18.85826514470939    2.52047490076977
C          -3.57247032210290  -21.58740929763139    3.29850821877279
C          -2.85470498933428  -20.68406667575372    4.05419757016599
C          -2.43722716129724  -21.19067592811333    5.31111267756859
C          -2.82267249310100  -22.48871721730148    5.51421469798460
S          -3.79099530832726  -23.04910949774488    4.21073804668532
C          -2.46541246799897  -23.40540779981463    6.63606415136717
C          -3.44006848098793  -23.80792952867698    1.12719000481127
C          -3.46292648689250  -24.58905670325618   -0.00660836532747
S          -4.18538845822924  -23.73230862424395   -1.31124980037764
C          -2.83306383560427  -25.87538375542003   -0.07014987007003
C          -3.02780637339409  -26.96519265360402   -0.84790856432404
C          -1.95831415278756  -28.00894924121837   -0.73608336412866
O          -1.12404675348558  -28.12937522482282    0.13245867255351
C          -2.08247435392796  -28.83699431039634   -1.93565480570640
C          -1.22606431816716  -29.84587402320938   -2.29561603906067
C          -1.46127832993825  -30.51887072635138   -3.50134087100363
C          -2.55706127419235  -30.11238437414319   -4.32498645651987
C          -2.76535795665850  -30.79834145216577   -5.53522696374986
C          -1.93880488619945  -31.84137952537530   -5.90109556297184
C          -0.87445893404966  -32.23434300893313   -5.08374318159021
C          -0.63232090154324  -31.58026372875703   -3.89905692961914
F          -0.08322124964457  -33.25317292887672   -5.44836370294971
F          -2.16322350827228  -32.48705373663541   -7.05342663995388
C          -3.41422522479044  -29.05803703947829   -3.91435392070889
C          -3.19722846136157  -28.43217626416537   -2.70290106573186
C          -3.92625964632253  -27.39560354067857   -1.92012462089646
C          -5.26626895842486  -27.14986237147591   -2.01224711754982
C          -5.99804165910033  -26.46067460515734   -1.00906216155099
N          -6.61345956301007  -25.96943465981867   -0.17754870408492
C          -6.06986581933657  -27.68378419170288   -3.05151898339053
N          -6.71113649267958  -28.10904371914278   -3.90003066357467
H          -3.52303575657611    1.88970223787911   -2.57466882063367
H          -2.43135019434848   -2.64270786827834   -4.25980192211513
H          -5.26132558300903    0.92436744000189   -1.06905822476790
H          -4.26815280114677   -3.61595830245474   -2.88252468366537
H          -7.85604703086809   -3.03354864198318    2.09498607601651
H          -5.44863715349315   -5.23991968091498    2.31612874211633
H          -4.16628853919658   -9.44275055234675    4.46132757291669
H          -1.80851344393349   -8.50302480213866    5.02419727505865
H          -0.67988901827178   -5.86746819004400    4.54715855920624
H          -0.93622547891979   -5.32443499131570    2.88915250615554
H           0.02587341224383   -6.77349238663570    3.20370075914759
H          -9.52504225524059   -7.48957974749981   -1.31278290405476
H         -11.76345593819837   -8.53109306038986   -2.12090935047329
H         -13.59250185663793  -10.51031154122367   -0.87397252899586
H         -12.64595949854793  -11.84864896922602   -0.20658231906637
H         -12.51742625255519  -11.44466736285725   -1.91755122733744
H          -8.14286216941464  -11.76745040311608    0.52259821308888
H          -6.94248930238049  -13.73044163762260   -0.33414795110017
H          -6.59679175696235  -16.10518154475910   -0.53529366351456
H          -4.19569664552055  -16.16316786854623    6.88057812496593
H          -2.92448020278676  -16.70696454313994    5.77584121772222
H          -4.45853267807680  -17.57393065434646    5.85048370331945
H          -4.23130711330814  -12.50145443011532    5.88532302371495
H          -3.17158324758567  -13.84378800235738    6.32923405457472
H          -4.82853288947144  -13.78643692676185    6.94367587117983
H          -5.92592934337975  -18.22891352561250   -0.87989751100372
H          -7.41297414236196  -19.75157104669111   -1.89260797661325
H          -7.64735455853044  -19.68074385468277   -4.48587105140706
H          -6.57448831417414  -21.09368310266357   -6.61106250312601
H          -5.08349597803619  -21.97441091630476   -6.27304181417705
H          -5.03833006139806  -20.22444617603419   -6.50006638926988
H          -2.59647721216962  -19.69164947285282    3.72031931851904
H          -1.86860760005807  -20.62361558838458    6.03347329301552
H          -2.28501900752235  -22.84779002252075    7.55537828040901
H          -1.55223831323279  -23.95933100014977    6.39738247352060
H          -3.25481292733037  -24.13415807816375    6.82133862839865
H          -3.02761340173446  -24.20155271149363    2.04266511376673
H          -2.00653805228845  -25.97355405322484    0.63770826148060
H          -0.39704458533759  -30.10365488528531   -1.65103154796964
H          -3.58061337021863  -30.53136362092907   -6.19312008263747
H           0.19635721167715  -31.90026835536433   -3.28217292367465
H          -4.22222208132448  -28.76745228235655   -4.57168085765965
146
 SCF done       -271.731332394550          0.030808117885
C          -3.31774293643043    0.88252153168532   -2.90694911210473
C          -2.32077564171749    0.71115077283977   -3.82975359024630
F          -1.63428763682056    1.77116156272494   -4.27639255984601
C          -1.99934407637595   -0.57040995917317   -4.31738473884755
F          -1.01286524485982   -0.72075607504807   -5.21110507229468
C          -2.69448296260281   -1.66151027240151   -3.88221255470639
C          -3.73632524873090   -1.51458007927228   -2.94727227030750
C          -4.05661635837675   -0.22130101435031   -2.42677281832122
C          -5.08465004590026   -0.07596201212049   -1.45729466033443
C          -5.78522644388346   -1.18380453816597   -1.03018327462567
C          -5.46203284320806   -2.45065831619125   -1.58716987731707
C          -4.47600759445211   -2.62948535464621   -2.51082441924758
C          -6.29199108489373   -3.50739520940752   -0.98570793563046
O          -6.39405848293106   -4.64720704777824   -1.36547779009932
C          -6.98257343046813   -2.85383680769047    0.16756673287771
C          -6.86341609782592   -1.39516697623295   -0.04928049474905
C          -7.68399860892297   -0.42921960964490    0.45898462298513
C          -8.77929488391429   -0.72164210343824    1.30773161317239
N          -9.66559628880873   -0.94281241175377    2.00238707106100
C          -7.55423271886762    0.94167752022480    0.13019872440122
N          -7.43592191964150    2.05604628155392   -0.11768346365583
C          -7.42565058439908   -3.55705174219178    1.23107289895441
C          -7.32432551274319   -5.02590119872634    1.35510964232270
C          -6.30414535626659   -5.75330999936158    1.88470537958188
C          -6.47364487288416   -7.17819960646397    1.79770174416017
C          -5.62178566657379   -8.22832084323018    2.22110486781232
C          -4.33294406305131   -7.97932318666313    2.85806986959872
C          -3.72396703478552   -8.62718594957507    3.89772137399923
C          -2.45569329492385   -8.10452123857493    4.22721605866929
C          -2.08139892321698   -7.05488079158148    3.44302909795178
S          -3.29281508813909   -6.71592720294052    2.25822252487080
C          -0.85055923255530   -6.21577639412993    3.52279890163913
C          -6.04172382616485   -9.54370075501543    1.97068208706780
C          -7.24303292186264   -9.87463741732918    1.28393805969365
C          -8.11433105608566   -8.81936893203409    0.89138674306191
C          -7.70841480651437   -7.51028173172823    1.17922755618068
S          -8.61678548191120   -6.05749092659060    0.79129363853779
C          -9.37364148485758   -9.05873410089551    0.19605051516568
C          -9.95220568111735   -8.36763666122883   -0.83605818657715
C         -11.15378343322272   -8.94148160907620   -1.29902854238423
C         -11.50939630966469  -10.07328799701278   -0.62700559038367
S         -10.37539580723428  -10.41752081800683    0.63208437018284
C         -12.63248598880071  -11.01174431622532   -0.91270779431453
C          -7.34245826562421  -11.29537674011254    1.08678189558257
C          -6.33627493682393  -12.04000322917346    1.64968575778765
S          -5.16270168155557  -10.99577871947686    2.41178179622401
C          -6.14843480939957  -13.51175194136232    1.63709845754761
C          -6.50637609805896  -14.25250216498700    0.52108403969417
C          -6.30581030648279  -15.63551992507490    0.40491477981534
C          -5.74453169689119  -16.41683101298808    1.40475806608085
C          -5.40065517598625  -15.70077348798792    2.60686842110000
C          -5.57491953248146  -14.26911032737626    2.71647648646124
N          -5.18977119448425  -13.64829648151759    3.84733757136291
C          -4.67368865827889  -14.33188790413867    4.84219660423697
C          -4.55270998041112  -15.74464895974679    4.75599370959876
N          -4.90400921579000  -16.37389661982069    3.65718476622547
C          -4.01251435587711  -16.58496205748662    5.87592992883464
C          -4.20821632136715  -13.57495345577680    6.05311243274190
C          -5.49107593880941  -17.86107601715550    1.21379184611740
C          -5.58024449470307  -18.63373048240990    0.07348444813009
C          -5.15144876191287  -19.99520528059362    0.21111687739846
C          -5.06914180287582  -21.04458187400187   -0.75307495431523
C          -5.55569053579305  -20.84973397202180   -2.11488073423294
C          -6.67427932685584  -20.19074863904459   -2.55045874449839
C          -6.82172938332491  -20.18219878906571   -3.95315269626569
C          -5.82135726904499  -20.83892057363517   -4.60558116726460
S          -4.67229964045717  -21.47608713856204   -3.48170363324873
C          -5.62328193926960  -21.04110557763385   -6.07059954701908
C          -4.49223230028453  -22.25439848127317   -0.33903917285161
C          -4.01976113109637  -22.48346384608927    0.98928957559655
C          -4.11579238045115  -21.44398787762579    1.95166538696263
C          -4.69578376883827  -20.23999175379065    1.53765630498169
S          -4.90059029207619  -18.82372809091794    2.54930998584303
C          -3.58199682937003  -21.58698859023091    3.29942548848218
C          -2.86908123533812  -20.68896408154729    4.04858877229883
C          -2.44562110001683  -21.19790132017792    5.29323993131651
C          -2.83147904546054  -22.48695454964339    5.51383965227046
S          -3.76805211080272  -23.07871963153091    4.18589982131336
C          -2.47227039283293  -23.39685148851978    6.63764374689493
C          -3.43862372850734  -23.77152205062615    1.12614595325265
C          -3.48577769050059  -24.55302860070138   -0.00713679789056
S          -4.23799553406614  -23.69222781413152   -1.32655548438018
C          -2.86683692571543  -25.84849060540154   -0.07383477295314
C          -3.02036419800710  -26.95345713066096   -0.85746816881777
C          -1.95194432315793  -27.99192545481203   -0.73039714065715
O          -1.13227301785175  -28.09786304003773    0.15299236176375
C          -2.07025715780671  -28.83410417380738   -1.92583891049828
C          -1.22743195795310  -29.84083263899307   -2.29010747635987
C          -1.46287993629400  -30.51872796744404   -3.50091868508098
C          -2.56033334090071  -30.10880569556692   -4.31961682663625
C          -2.76826570057857  -30.79617144657672   -5.53349520199278
C          -1.94982871238199  -31.83081672155176   -5.90006544858451
C          -0.87709971530197  -32.23043304288245   -5.08181959787211
C          -0.63540379334829  -31.58270712660648   -3.90509009579226
F          -0.08991530700506  -33.24970558699285   -5.45663002421867
F          -2.17013236670876  -32.47844580778779   -7.05328063740179
C          -3.41833282629426  -29.05547535836704   -3.90237656948222
C          -3.19239912432362  -28.43114916092314   -2.69964620592107
C          -3.90739966816085  -27.39533482980077   -1.92730012752752
C          -5.24993787774308  -27.14232694475458   -2.01825189727542
C          -5.97450613238018  -26.45384960058417   -1.01769300889326
N          -6.59999376748238  -25.95885602315263   -0.19237353913192
C          -6.05638476263036  -27.68203458597933   -3.04500186221942
N          -6.70833747302170  -28.10190012127132   -3.89228343707023
H          -3.53096739182958    1.88218210504639   -2.56205734143982
H          -2.43851377406650   -2.63748720419117   -4.26112880766220
H          -5.27462705027087    0.91178552006488   -1.06615709173713
H          -4.26646858120717   -3.61779685316561   -2.88691286983898
H          -7.85001410198020   -3.03805559677925    2.08728726907143
H          -5.44241658183423   -5.26853245661645    2.30903828536567
H          -4.17580324056031   -9.43532046420475    4.44470347591581
H          -1.83557700538288   -8.49250378612011    5.01815652022089
H          -0.68231896249511   -5.88185837981603    4.54632820023175
H          -0.94366149794627   -5.33792927161040    2.88689791917441
H           0.02608521919778   -6.77874758649327    3.20346092754623
H          -9.51483702313267   -7.49921660846548   -1.29581088844953
H         -11.73603328556157   -8.53812668372202   -2.11070643020841
H         -13.59333390665930  -10.50192626117556   -0.87094816437557
H         -12.64061108587125  -11.83313930092489   -0.19990010731297
H         -12.51968646392167  -11.43295460513218   -1.91308450866980
H          -8.14905136058703  -11.75536619559460    0.54334341550859
H          -6.93719747785183  -13.73400661105361   -0.32359366419668
H          -6.59699911094186  -16.10287438713047   -0.52415531436079
H          -4.20686455545265  -16.14884543886224    6.85384862118907
H          -2.93328122796569  -16.69723927130511    5.76620591729649
H          -4.45552173050788  -17.57589962849848    5.82883866518310
H          -4.24673881675577  -12.50707211167852    5.86190893749166
H          -3.18536452846367  -13.85208743167779    6.30978159406496
H          -4.83522080649606  -13.79464677327609    6.91847616587325
H          -5.91106452869933  -18.23719933436108   -0.87081184158212
H          -7.40350961279679  -19.75786043423792   -1.88806860818811
H          -7.63880341561342  -19.70132237196468   -4.46552473846331
H          -6.57790267490238  -21.08242472231083   -6.59156633048933
H          -5.08509038240765  -21.96800973477526   -6.25943006260489
H          -5.03938011199605  -20.22346908632097   -6.49583569200813
H          -2.60951943318541  -19.70153192634519    3.71117291938677
H          -1.87057508052103  -20.63135152641192    6.00651066285332
H          -2.29024371564287  -22.83574794957400    7.55088843820148
H          -1.56142401994628  -23.94937319905627    6.39460868628630
H          -3.26002321555187  -24.12530550619007    6.81639881877852
H          -3.02327332782359  -24.16402671656728    2.03758150418575
H          -2.05514403992428  -25.96720336538568    0.64640451381813
H          -0.39874542058120  -30.10470536269600   -1.65279074663213
H          -3.58260590076006  -30.52480632362333   -6.18613625947137
H           0.19001783415992  -31.89609973239942   -3.28583769245219
H          -4.22617468140710  -28.76779127661779   -4.55730594501796
146
 SCF done       -271.739628910463          0.023503893607
C          -3.33268488216188    0.87670529562569   -2.89513700650444
C          -2.33507526536604    0.71477173315208   -3.81592915492242
F          -1.65016156356445    1.77770942201348   -4.25796721035649
C          -2.00691744398786   -0.56440258436545   -4.31254109028651
F          -1.01622638629397   -0.70046393720592   -5.20423830865303
C          -2.69802491854004   -1.66050437435293   -3.88635350790055
C          -3.74028821754184   -1.52215674552711   -2.94985381540486
C          -4.06710890017645   -0.23571281373953   -2.42379423512421
C          -5.09477423890226   -0.09846373599842   -1.45372591827374
C          -5.78178391304608   -1.21269493062808   -1.02797021671790
C          -5.45311729461431   -2.48102148463233   -1.58645116808564
C          -4.47075792738121   -2.64614371757718   -2.51454262837855
C          -6.27768798291931   -3.53795349566283   -0.97520531412173
O          -6.38011039286488   -4.68483086657929   -1.33396829975288
C          -6.97029722515744   -2.87666415912876    0.17104391902995
C          -6.85210222234192   -1.42302963495325   -0.04762727394422
C          -7.67124331087415   -0.45609934017278    0.46109091940337
C          -8.76249235380349   -0.73912382487110    1.31357365888479
N          -9.65127415443238   -0.94919538945584    2.00572248695496
C          -7.54092396843473    0.91447276152296    0.14076249254321
N          -7.43369938267105    2.02730328952136   -0.11402809506083
C          -7.41773261238240   -3.57951056669661    1.22983134152515
C          -7.31446428331530   -5.04943459806511    1.34088667088765
C          -6.29885932973045   -5.77622935617587    1.87014907508556
C          -6.46821302092610   -7.19649350619011    1.77876869998818
C          -5.61765245089774   -8.23636284678665    2.21969544304087
C          -4.33802161069837   -7.97270685893710    2.85240578021024
C          -3.73045137235087   -8.62568588484668    3.88687909803223
C          -2.46681051527146   -8.09944595740961    4.22258875976238
C          -2.08721924361316   -7.05052997214878    3.44312631779907
S          -3.30445933458906   -6.69422009973275    2.26244255341229
C          -0.85111596688662   -6.22261404526813    3.52127421798614
C          -6.04172478263582   -9.55111548429229    1.98908313917964
C          -7.23680968968682   -9.88738761792296    1.29965945578531
C          -8.10484678901112   -8.84129583511319    0.88540003983121
C          -7.69371911273519   -7.53274415992373    1.15244674156653
S          -8.59827453703096   -6.08400496562057    0.73552032390121
C          -9.35602848735709   -9.08795793847206    0.19311544391157
C          -9.93631019822732   -8.38307990283562   -0.82680230513273
C         -11.13740701454541   -8.95135034659922   -1.29275568871603
C         -11.50041139782657  -10.08356608409767   -0.62919281069354
S         -10.35317995723237  -10.45770904161476    0.61598809852477
C         -12.63625859027606  -11.00532894995311   -0.90808192350165
C          -7.33992669774524  -11.30197003526182    1.10618387706746
C          -6.33543815048442  -12.04656193608992    1.66259923449159
S          -5.16656148707694  -11.00196508290423    2.45283735280686
C          -6.14674840843536  -13.50855707237701    1.62632323898897
C          -6.50975224176088  -14.24946769927173    0.51432355288598
C          -6.30764177665710  -15.63058676398721    0.39526689257611
C          -5.73994161725643  -16.41242944911099    1.38859351181656
C          -5.39996399899549  -15.69806960488021    2.58855363630680
C          -5.56932849021117  -14.27120630613197    2.69727981475454
N          -5.18054837975159  -13.65068510959502    3.82410568683219
C          -4.67303829461779  -14.33441295784165    4.81676424219733
C          -4.55615622616095  -15.75368057275006    4.73126934655329
N          -4.90896483251658  -16.37844765991542    3.63586850423747
C          -4.02000954098071  -16.58679089002593    5.85414515930911
C          -4.21622546694602  -13.57978773647490    6.02787846779921
C          -5.46891149351818  -17.84147863852666    1.21446359511773
C          -5.56759455468517  -18.62018282030003    0.08404728307940
C          -5.14220632991429  -19.97370118176058    0.22745445517657
C          -5.07376511483094  -21.01871565317093   -0.74051823093019
C          -5.54936740110877  -20.83316083589658   -2.09999425317765
C          -6.66592945233084  -20.17806740049944   -2.53897924802518
C          -6.81517181333063  -20.18635358307650   -3.94042318383797
C          -5.81615706884850  -20.84291074641566   -4.59120550909427
S          -4.66613325813000  -21.48316362261952   -3.46201544996603
C          -5.62179610211492  -21.03964923838160   -6.05522789264971
C          -4.51128008524814  -22.22783829197106   -0.32905613563529
C          -4.03184977230629  -22.46221948567222    0.99163806229922
C          -4.11598063392307  -21.42857618552554    1.96034546226799
C          -4.67586921502896  -20.21819116523297    1.54801435575871
S          -4.84571443941089  -18.78611251555843    2.55797690701880
C          -3.58566341251586  -21.59082142622551    3.29826595100144
C          -2.87832726524592  -20.69090352138184    4.04668945434615
C          -2.44810196684233  -21.20245173980278    5.28562143889559
C          -2.83099213688877  -22.48985685355815    5.50906256769974
S          -3.75690465105614  -23.09388850321282    4.17439899575387
C          -2.47957583241529  -23.39082946720176    6.63907766573605
C          -3.44904686821896  -23.74403494222769    1.11987544883585
C          -3.51552126952458  -24.52997548129064   -0.00924609171081
S          -4.28816336890508  -23.66409231137366   -1.32671523388765
C          -2.90025143027194  -25.82098492579113   -0.07753624006602
C          -3.01802783980411  -26.92938094461425   -0.86620706493715
C          -1.94701310956707  -27.96203062493616   -0.72425661212905
O          -1.13860807416419  -28.05586681879507    0.17198356748216
C          -2.05768749136238  -28.81988372457067   -1.91459681194247
C          -1.22424870134942  -29.83373170812026   -2.28231770193725
C          -1.46576209133242  -30.51377931118831   -3.49422347221937
C          -2.56349442834959  -30.10410113984902   -4.30871118262756
C          -2.77680206035654  -30.78763950586045   -5.52547754624351
C          -1.96142496048687  -31.81960765261622   -5.89810388148408
C          -0.88491517503037  -32.22334356588477   -5.08240297884661
C          -0.64063909049689  -31.57906596115458   -3.90482049894922
F          -0.10148036747875  -33.24179006453361   -5.46752423878013
F          -2.18105901801838  -32.46497778697422   -7.05307592809576
C          -3.41815768769926  -29.05056455336895   -3.88874491002897
C          -3.18223505436213  -28.42158941442894   -2.69243500713025
C          -3.89407740236729  -27.38136300117714   -1.93490120685768
C          -5.23684273943556  -27.12911091565205   -2.02804470915263
C          -5.95911032020239  -26.42431880747111   -1.04147385072263
N          -6.56751967074685  -25.93607208121170   -0.20054821595275
C          -6.04356478978794  -27.66627016751736   -3.05196722492906
N          -6.70316097526021  -28.10306152748532   -3.88266266437121
H          -3.55080661615101    1.87174702073559   -2.53914088748627
H          -2.44361823629405   -2.63559965225714   -4.26853154943400
H          -5.29297739536790    0.88767576530013   -1.06219350042744
H          -4.25469386385358   -3.62978981442666   -2.90010696348141
H          -7.84244749863997   -3.06085358623954    2.08479466311329
H          -5.43823159191058   -5.29961038599380    2.30497471094558
H          -4.18577556370917   -9.43557369423239    4.42714571400851
H          -1.85455381071348   -8.48562704467612    5.01907614987567
H          -0.68132817581159   -5.89408002542703    4.54588131441190
H          -0.94359125193618   -5.34647927051352    2.88430549465727
H           0.02194755071332   -6.79091995742106    3.20093401516857
H          -9.49810606018306   -7.51025360767289   -1.27638769447896
H         -11.71419859118896   -8.54130517927606   -2.10377604482594
H         -13.59121889887370  -10.48451173026510   -0.86213706292285
H         -12.64572274010391  -11.82241475948797   -0.19142725346555
H         -12.53092302499648  -11.42587155132542   -1.90895006789166
H          -8.15209522665562  -11.75544080387015    0.56621938403193
H          -6.94415184520682  -13.73271483544206   -0.32871590981896
H          -6.60432393047948  -16.09813644318530   -0.53137146163699
H          -4.22809968819721  -16.14236651273220    6.82417871358196
H          -2.93853005776117  -16.68587141444883    5.75211125470295
H          -4.45258579847142  -17.58212357768549    5.80228482453102
H          -4.26280896139800  -12.51295056910741    5.83187857462884
H          -3.19465654268071  -13.85638275182839    6.28532020073540
H          -4.84915235712947  -13.80511199574404    6.88682189434647
H          -5.90295664364994  -18.23297231212842   -0.86209369871083
H          -7.39602060818405  -19.74780859679986   -1.87707721329746
H          -7.63816572087001  -19.71742713019066   -4.45212857284047
H          -6.58133179745742  -21.07391116917499   -6.56747620732454
H          -5.08594520452008  -21.96641861314098   -6.24675379604171
H          -5.03952883220381  -20.22106126817722   -6.48135674271753
H          -2.62433825543884  -19.70399136949485    3.70560107861404
H          -1.86719728590784  -20.63556218510212    5.99220762980668
H          -2.29961795570172  -22.82086525663732    7.54721632202589
H          -1.56935406064167  -23.94434167977719    6.39912565513745
H          -3.27055595684203  -24.11523836898590    6.81785381820590
H          -3.01077543084569  -24.12385385211313    2.02507212395211
H          -2.11234264573974  -25.94872934658807    0.66766486362187
H          -0.39353727006372  -30.10616894495350   -1.65057463559155
H          -3.59280957075369  -30.50968631152459   -6.17383965005908
H           0.18579647679393  -31.89066139905581   -3.28610013158563
H          -4.23258522480146  -28.76732457651284   -4.53759261455304
146
 SCF done       -271.745002111656          0.023265912058
C          -3.35201592659414    0.86783346112752   -2.87929355689959
C          -2.35193670595442    0.71904433933397   -3.80002273133332
F          -1.67021540942214    1.78748353496426   -4.23281740264622
C          -2.01637771615971   -0.55453872329855   -4.30762447639265
F          -1.02166426080329   -0.67291712290570   -5.19691196068513
C          -2.70270885762783   -1.65930929203009   -3.89311283712903
C          -3.74454275797870   -1.53448611103691   -2.95402069692917
C          -4.07799209694496   -0.25507224045112   -2.42069636617720
C          -5.10442990528369   -0.13021939300636   -1.45085311670794
C          -5.77677328129128   -1.25310872577946   -1.02806326250403
C          -5.44081559361819   -2.52018011978482   -1.58673125458826
C          -4.46186958228812   -2.66961537184999   -2.52283145440295
C          -6.25670313789622   -3.57828221999193   -0.96514049253668
O          -6.34985498675461   -4.73331988532666   -1.30088632188058
C          -6.95727248937783   -2.91050443728670    0.17243712431168
C          -6.83841281692744   -1.46160112529065   -0.04378951175550
C          -7.65001512804544   -0.49248420089511    0.46984397346445
C          -8.74256256996722   -0.76760816140916    1.32129727738240
N          -9.63571102588075   -0.95047027925387    2.01741016696026
C          -7.53040256858543    0.87420803894527    0.13079991258807
N          -7.43952105139002    1.99854018468540   -0.08417761135287
C          -7.41161539325761   -3.61115596198899    1.22774509020067
C          -7.30599044503816   -5.07557858864671    1.32253919574790
C          -6.29564778247330   -5.80227362222480    1.85694899536041
C          -6.46298332954130   -7.21956608883832    1.75589607376781
C          -5.61415865421241   -8.24985766703956    2.21680561859995
C          -4.34126496513233   -7.96774618252280    2.84748832070665
C          -3.73558456741628   -8.62481427608508    3.88043103106747
C          -2.47468700659445   -8.09667041649989    4.22205563849739
C          -2.09342718796197   -7.04651273539611    3.44617647238468
S          -3.30927799553040   -6.68372553659399    2.26427726966481
C          -0.85164702013638   -6.22980726090320    3.52087137856994
C          -6.03897191419085   -9.56707399060586    2.00860781641974
C          -7.22797784191592   -9.90457531114202    1.31753098302981
C          -8.09151435868242   -8.86824932202268    0.87837747845475
C          -7.67831333459639   -7.55622763475321    1.12065850903798
S          -8.57695021869286   -6.11159867296292    0.68491908538617
C          -9.33616679883708   -9.12660435161524    0.18643673820860
C          -9.91745730966340   -8.40625648624344   -0.82249222125454
C         -11.12275548633323   -8.96332695041298   -1.28918875125341
C         -11.48972979554550  -10.09895025282042   -0.63521535633807
S         -10.33532521903324  -10.49843031069634    0.59721610638424
C         -12.64237667691981  -11.00043961395670   -0.90344488039817
C          -7.33486898885163  -11.31442648746781    1.12317626846087
C          -6.33236007926832  -12.05916398014983    1.67580076745412
S          -5.16949260862114  -11.01651813475905    2.48702893565102
C          -6.14557832183051  -13.51058590370050    1.61385547711628
C          -6.51806669329142  -14.24496695933320    0.49976218476029
C          -6.31065686710461  -15.62240217176240    0.37543118539485
C          -5.73258294748172  -16.39925945145293    1.36761855529491
C          -5.39538962151201  -15.69095082694428    2.56443138267500
C          -5.56243951466710  -14.27302332357059    2.67457343340450
N          -5.17108367697169  -13.65026346086677    3.79881484239389
C          -4.66939566197128  -14.33915435431576    4.79035190554809
C          -4.55710266309369  -15.76040135099027    4.70466602203249
N          -4.90889870729791  -16.38109411197345    3.60782777167138
C          -4.02704023713504  -16.58930218769649    5.82843074071637
C          -4.22337500830316  -13.58518486653321    6.00071545249727
C          -5.44640944842839  -17.81661277732514    1.21137689783458
C          -5.55423979487257  -18.60114927166224    0.08906468614915
C          -5.12733882422286  -19.94868449365498    0.24136819301584
C          -5.07551290515505  -20.99128512561454   -0.72686561935367
C          -5.54583476463947  -20.81112919855649   -2.08538955346192
C          -6.66407144004655  -20.16238883445812   -2.52698220094464
C          -6.81377638788822  -20.18506810344433   -3.92840526857260
C          -5.81331948080279  -20.84274880333391   -4.57435555474122
S          -4.65742733295497  -21.46961003446582   -3.44138980458666
C          -5.62174719173579  -21.03822952834608   -6.03657274198155
C          -4.52957474159389  -22.20480498091906   -0.31822275447928
C          -4.04341680603135  -22.43928023530394    0.99394152032184
C          -4.11406824387424  -21.40820845928662    1.96547627414652
C          -4.65209090045318  -20.18869640117360    1.55551227781097
S          -4.80242591525121  -18.74595475202865    2.55722203766348
C          -3.58627774169945  -21.59118032931709    3.29841634877634
C          -2.88248881514086  -20.68946982611255    4.04840469213093
C          -2.44861149952051  -21.20369385538968    5.28404164469796
C          -2.82878254889532  -22.49186605191622    5.50403960674394
S          -3.75001843295548  -23.09926510131234    4.16724273413296
C          -2.48772648673894  -23.38487040485382    6.64147533782646
C          -3.46076186250259  -23.71742941498919    1.11485728828308
C          -3.54673610819344  -24.50997318970410   -0.00866321380956
S          -4.33736108065518  -23.64006098136973   -1.31927519799214
C          -2.93622995959764  -25.79403994986670   -0.07454650235121
C          -3.01457045154207  -26.89775901293911   -0.87572650546380
C          -1.94151669440798  -27.92494917976572   -0.71824293341135
O          -1.14384027683669  -28.00636975513678    0.18924525035635
C          -2.04280978618638  -28.79761855319890   -1.90358185390607
C          -1.21941759490137  -29.82173841889923   -2.27294266927121
C          -1.46945348553072  -30.50428612472301   -3.48380442572059
C          -2.56772471552667  -30.09667804658826   -4.29493440611691
C          -2.78910203043836  -30.77478661556187   -5.51341511555151
C          -1.97519946230723  -31.80519209609297   -5.89328240866698
C          -0.89637862649958  -32.21155360308708   -5.08118351501671
C          -0.64775480360649  -31.57088849618301   -3.90095370971642
F          -0.11642249001991  -33.22832342819730   -5.47688853253019
F          -2.19521982984096  -32.44650044092847   -7.05044602324670
C          -3.41771411657676  -29.04293059792489   -3.87337017477475
C          -3.16855141230887  -28.40617904565898   -2.68459187330683
C          -3.87656857943962  -27.35211072396104   -1.94916553025289
C          -5.21755836470120  -27.09513478524713   -2.04769095200368
C          -5.92738149107381  -26.39724437963684   -1.05037350704875
N          -6.55567162984012  -25.89627905865359   -0.23280470352696
C          -6.03727568499823  -27.69046321221844   -3.03044829120919
N          -6.70364965168419  -28.06578212183684   -3.88779600814835
H          -3.57834731992900    1.85700664152124   -2.51058165279849
H          -2.44588924531752   -2.63202481703188   -4.28195767972152
H          -5.31494725271078    0.85265216093665   -1.05611570247305
H          -4.23622730232468   -3.64796146202454   -2.91788633413777
H          -7.83471257079504   -3.09475147445148    2.08372627178745
H          -5.43752682230970   -5.33385751415194    2.30544443593587
H          -4.19520106105088   -9.43785260431301    4.41207631176608
H          -1.86951469849260   -8.48197794858368    5.02349341390857
H          -0.67644196181910   -5.90489058741541    4.54580791938660
H          -0.93867188572201   -5.35398058742927    2.88303150811101
H           0.01550028640711   -6.80682102935399    3.19839449493742
H          -9.47561449819113   -7.52991447316551   -1.26146864709592
H         -11.69571808215322   -8.54230897415637   -2.09668160888302
H         -13.58772139903498  -10.46146489725515   -0.85091305871374
H         -12.65952129991066  -11.81372687884313   -0.18287601530596
H         -12.55187725422765  -11.42370163536266   -1.90463072784836
H          -8.15134289489807  -11.76256314328690    0.58566555331758
H          -6.95962625180045  -13.72751566069077   -0.33903338848482
H          -6.61271380170664  -16.09140439158445   -0.54863482799136
H          -4.25613888883962  -16.14428695134357    6.79278193446324
H          -2.94287137133835  -16.67195702540012    5.73876429723722
H          -4.44574338316509  -17.59076473605049    5.76817075219610
H          -4.27918421371940  -12.51916588668385    5.79956622425931
H          -3.20190747295100  -13.85604089568126    6.26091855835812
H          -4.86320546999693  -13.81587439473508    6.85248691220851
H          -5.89634868668310  -18.22291941118759   -0.85813092848045
H          -7.39165263606162  -19.72991667563731   -1.86435232664149
H          -7.64288035395564  -19.72924804724498   -4.44075141312923
H          -6.58515898859857  -21.06670034564423   -6.54227372752707
H          -5.08846053917234  -21.96541248963830   -6.23240257966194
H          -5.04003388132716  -20.21880129843483   -6.46252356918711
H          -2.63607965573871  -19.70209466041631    3.70407322112717
H          -1.86286493538910  -20.63710863534075    5.98582715332944
H          -2.31077414903960  -22.80508140082912    7.54459499547506
H          -1.57866376586691  -23.94342041587887    6.41052786860523
H          -3.28383948307068  -24.10297879325615    6.82312235525948
H          -2.99432035689625  -24.08138891386793    2.01325239166613
H          -2.17290332877301  -25.92511014646212    0.69595476904233
H          -0.38682529571123  -30.10410146173250   -1.64663771368533
H          -3.60798592127710  -30.49017036361472   -6.15618600727258
H           0.18113564209842  -31.88351862234533   -3.28534053900631
H          -4.24018488852354  -28.76285469505953   -4.51389705116113
