      -----------------------------------------------------------      
     |                   =====================                   |     
     |                           x T B                           |     
     |                   =====================                   |     
     |                         S. Grimme                         |     
     |          Mulliken Center for Theoretical Chemistry        |     
     |                    University of Bonn                     |     
     |                Version 6.2 RC2 (SAW190805)                |     
      -----------------------------------------------------------      

   This program is distributed in the hope that it will be useful,
   but WITHOUT ANY WARRANTY; without even the implied warranty of
   MERCHANTABILITY or FITNESS FOR A PARTICULAR PURPOSE.
   
   FOR NON-COMMERCIAL, ACADEMIA USE ONLY.
   
   Cite this work as:
   * S. Grimme, C. Bannwarth, P. Shushkov, J. Chem. Theory Comput., 2017,
     13, 1989-2009. DOI: 10.1021/acs.jctc.7b00118
   * C. Bannwarth, S. Ehlert and S. Grimme., J. Chem. Theory Comput., 2019,
     15, 1652-1671. DOI: 10.1021/acs.jctc.8b01176
   * P. Pracht, E. Caldeweyher, S. Ehlert, S. Grimme, ChemRxiv, 2019, preprint.
     DOI: 10.26434/chemrxiv.8326202.v1
   
   for DFT-D4:
   * E. Caldeweyher, C. Bannwarth and S. Grimme, J. Chem. Phys., 2017,
     147, 034112. DOI: 10.1063/1.4993215
   * E. Caldeweyher, S. Ehlert, A. Hansen, H. Neugebauer, S. Spicher,
     C. Bannwarth and S. Grimme, J. Chem. Phys., 2019, 150, 154122.
     DOI: 10.1063/1.5090222
   
   for sTDA-xTB:
   * S. Grimme and C. Bannwarth, J. Chem. Phys., 2016, 145, 054103.
     DOI: 10.1063/1.4959605
   
   in the mass-spec context:
   * V. Asgeirsson, C. Bauer and S. Grimme, Chem. Sci., 2017, 8, 4879.
     DOI: 10.1039/c7sc00601b
   
   for metadynamics refer to:
   * S. Grimme, J. Chem. Theory Comput., 2019, 155, 2847-2862
     DOI: 10.1021/acs.jctc.9b00143
   
   with help from (in alphabetical order)
   C. Bannwarth, F. Bohle, G. Brandenburg, E. Caldeweyher, M. Checinski,
   S. Dohm, S. Ehlert, S. Ehrlich, F. März, H. Neugebauer, J. Pisarek,
   P. Pracht, P. Shushkov, and S. Spicher.
   
 * started run on 2021/05/07 at 17:44:17.713     

           -------------------------------------------------
          |                Calculation Setup                |
           -------------------------------------------------

          program call               : /ihome/ghutchison/geoffh/xtb/xtb /ihome/ghutchison/blp62/GA/running_GA/GFN2_input/67_26_11_26_67.xyz --opt
          coordinate file            : /ihome/ghutchison/blp62/GA/running_GA/GFN2_input/67_26_11_26_67.xyz
          omp threads                :                    12
          number of atoms            :                    60
          number of electrons        :                   214
          charge                     :                     0
          spin                       :                   0.0
          first test random number   :      0.13430333575969


########################################################################
# WARNING! Please study the warnings concerning your input carefully
#  - XTBHOME is not set, using HOME instead
#  - XTBPATH is not set, using XTBHOME instead
########################################################################

           ------------------------------------------------- 
          |                 G F N 2 - x T B                 |
          | Geometry, Frequencies, Noncovalent interactions |
          |            JCTC 2019 parametrisation            |
           ------------------------------------------------- 
             k(s)              :                1.8500
             k(p)              :                2.2300
             k(d)              :                2.2300
             k(f)              :                2.0000
             kEN (H0ij)        :               -2.0000
             D4 a1             :                0.5200
             D4 a2             :                5.0000
             D4 s6             :                1.0000
             D4 s8             :                2.7000
             D4 s9             :                5.0000
             alphaj            :                2.0000

  Z AO/shell   Hii/eV     exponent
  1     Wed Apr 25 08:07:45 CEST 2018   EN: 2.200 GM2: 0.406  GM3: 0.0800  RAES: 1.40
     1s    -10.707211    1.230000
  6     Wed Apr 25 08:07:45 CEST 2018   EN: 2.550 GM2: 0.538  GM3: 0.1500  RAES: 3.00
     2s    -13.970922    2.096432
     2p    -10.063292    1.800000
  7     Wed Apr 25 08:07:45 CEST 2018   EN: 3.040 GM2: 0.461  GM3:-0.0640  RAES: 1.90
     2s    -16.686243    2.339881
     2p    -12.523956    2.014332
  9     Mon Apr 23 13:58:50 CEST 2018   EN: 3.980 GM2: 0.532  GM3: 0.1426  RAES: 2.40
     2s    -23.458179    2.416361
     2p    -15.746583    2.308399
 16     Tue Apr 24 11:44:34 CEST 2018   EN: 2.580 GM2: 0.340  GM3:-0.0502  RAES: 3.10
     3s    -20.029654    1.981333
     3p    -11.377694    2.025643
     3d     -0.420282    1.702555

           ------------------------------------------------- 
          |        Self-Consistent Charge Iterations        |
           ------------------------------------------------- 

          ...................................................
          :                      SETUP                      :
          :.................................................:
          :  # basis functions                 216          :
          :  # atomic orbitals                 212          :
          :  # shells                          108          :
          :  # electrons                       214          :
          :  max. iterations                   250          :
          :  Hamiltonian                  GFN2-xTB          :
          :  restarted?                      false          :
          :  GBSA solvation                  false          :
          :  PC potential                    false          :
          :  electronic temp.          300.0000000     K    :
          :  accuracy                    1.0000000          :
          :  -> integral cutoff          0.2500000E+02      :
          :  -> integral neglect         0.1000000E-07      :
          :  -> SCF convergence          0.1000000E-05 Eh   :
          :  -> wf. convergence          0.1000000E-03 e    :
          :  Broyden damping             0.4000000          :
          ...................................................

 iter      E             dE          RMSdq      gap      omega  full diag
   1   -120.1449105 -0.120145E+03  0.493E+00    2.28       0.0  T
   2   -120.1877282 -0.428177E-01  0.313E+00    2.09       1.0  T
   3   -120.0693896  0.118339E+00  0.210E+00    2.15       1.0  T
   4   -120.2567589 -0.187369E+00  0.539E-01    2.08       1.0  T
   5   -120.2657491 -0.899023E-02  0.189E-01    2.08       1.0  T
   6   -120.2661573 -0.408207E-03  0.739E-02    2.08       1.0  T
   7   -120.2662924 -0.135125E-03  0.317E-02    2.08       1.0  T
   8   -120.2663170 -0.246088E-04  0.159E-02    2.09       1.0  T
   9   -120.2663197 -0.268459E-05  0.798E-03    2.08       1.6  T
  10   -120.2663217 -0.202071E-05  0.290E-03    2.08       4.5  T
  11   -120.2663218 -0.108429E-06  0.153E-03    2.09       8.5  T
  12   -120.2663219 -0.687728E-07  0.761E-04    2.09      17.0  T
  13   -120.2663219 -0.520647E-08  0.421E-04    2.09      30.7  T

   *** convergence criteria satisfied after 13 iterations ***

         #    Occupation            Energy/Eh            Energy/eV
      -------------------------------------------------------------
         1        2.0000           -0.8559410             -23.2913
       ...           ...                  ...                  ...
       101        2.0000           -0.4242644             -11.5448
       102        2.0000           -0.4157099             -11.3120
       103        2.0000           -0.4095461             -11.1443
       104        2.0000           -0.4064141             -11.0591
       105        2.0000           -0.4005470             -10.8994
       106        2.0000           -0.3915096             -10.6535
       107        2.0000           -0.3859340             -10.5018 (HOMO)
       108                         -0.3093094              -8.4167 (LUMO)
       109                         -0.2907940              -7.9129
       110                         -0.2823753              -7.6838
       111                         -0.2787553              -7.5853
       112                         -0.2786668              -7.5829
       ...                                ...                  ...
       212                          1.0897571              29.6538
      -------------------------------------------------------------
                  HL-Gap            0.0766246 Eh            2.0851 eV
             Fermi-level           -0.3476217 Eh           -9.4593 eV

 SCC (total)                   0 d,  0 h,  0 min,  0.133 sec
 SCC setup                      ...        0 min,  0.001 sec (  0.937%)
 Dispersion                     ...        0 min,  0.002 sec (  1.633%)
 integral evaluation            ...        0 min,  0.017 sec ( 12.760%)
 zeroth order Hamiltonian       ...        0 min,  0.001 sec (  0.691%)
 iterations                     ...        0 min,  0.093 sec ( 69.983%)
 molecular gradient             ...        0 min,  0.013 sec (  9.997%)
 printout                       ...        0 min,  0.005 sec (  3.914%)

         :::::::::::::::::::::::::::::::::::::::::::::::::::::
         ::                     SUMMARY                     ::
         :::::::::::::::::::::::::::::::::::::::::::::::::::::
         :: total energy            -118.630046925994 Eh    ::
         :: gradient norm              0.134412971031 Eh/a0 ::
         :: HOMO-LUMO gap              2.085061688021 eV    ::
         ::.................................................::
         :: SCC energy              -120.266321921073 Eh    ::
         :: -> isotropic ES            0.055762729972 Eh    ::
         :: -> anisotropic ES          0.010265334964 Eh    ::
         :: -> anisotropic XC          0.053134908562 Eh    ::
         :: -> dispersion             -0.086132254671 Eh    ::
         :: repulsion energy           1.637485225207 Eh    ::
         :: add. restraining           0.000000000000 Eh    ::
         :::::::::::::::::::::::::::::::::::::::::::::::::::::

      ----------------------------------------------------------- 
     |                   =====================                   |
     |                        A N C O P T                        |
     |                   =====================                   |
     |               Approximate Normal Coordinate               |
     |                Rational Function Optimizer                |
      ----------------------------------------------------------- 

          ...................................................
          :                      SETUP                      :
          :.................................................:
          :   optimization level            normal          :
          :   max. optcycles                   200          :
          :   ANC micro-cycles                  20          :
          :   degrees of freedom               174          :
          :.................................................:
          :   RF solver                   davidson          :
          :   input Hessian                  false          :
          :   write xtbopt.log                true          :
          :   linear?                        false          :
          :   energy convergence         0.5000000E-05 Eh   :
          :   grad. convergence          0.1000000E-02 Eh/α :
          :   maximium RF displ.         1.0000000          :
          :   Hlow (freq-cutoff)         0.1000000E-01      :
          :   Hmax (freq-cutoff)         5.0000000          :
          :   S6 in model hess.         20.0000000          :
          ...................................................

generating ANC from model Hessian ...
Using Lindh-Hessian (1995)
 Shifting diagonal of input Hessian by   9.950264947797105E-003
 Lowest  eigenvalues of input Hessian
   -0.000000    0.000000    0.000000    0.000000    0.000000    0.000000
    0.010000    0.010028    0.010081    0.010236    0.010315    0.010544
    0.010638    0.010922    0.011094    0.011262    0.011844    0.012165
 Highest eigenvalues
    1.982976    1.997751    2.080906    2.145162    2.521984    2.535053
 

........................................................................
.............................. CYCLE    1 ..............................
........................................................................
   1   -120.2663219 -0.120266E+03  0.152E-04    2.09       0.0  T
   2   -120.2663219 -0.946585E-10  0.122E-04    2.09     106.1  T
   3   -120.2663219 -0.602185E-09  0.621E-05    2.09     208.0  T
     SCC iter.                  ...        0 min,  0.022 sec
     gradient                   ...        0 min,  0.013 sec
 * total energy  :  -118.6300469 Eh     change        0.1393332E-07 Eh
   gradient norm :     0.1344120 Eh/α   predicted     0.0000000E+00 (-100.00%)
   displ. norm   :     0.3845727 α      lambda       -0.2310057E-01
   maximum displ.:     0.1533315 α      in ANC's #14, #12, #47, ...

........................................................................
.............................. CYCLE    2 ..............................
........................................................................
   1   -120.3433364 -0.120343E+03  0.300E-01    2.03       0.0  T
   2   -120.3435065 -0.170081E-03  0.158E-01    2.05       1.0  T
   3   -120.3431659  0.340544E-03  0.969E-02    2.03       1.0  T
   4   -120.3436780 -0.512068E-03  0.300E-02    2.04       1.0  T
   5   -120.3436970 -0.190063E-04  0.146E-02    2.04       1.0  T
   6   -120.3437004 -0.342318E-05  0.470E-03    2.04       2.7  T
   7   -120.3437014 -0.102556E-05  0.163E-03    2.04       7.9  T
     SCC iter.                  ...        0 min,  0.049 sec
     gradient                   ...        0 min,  0.012 sec
 * total energy  :  -118.6462751 Eh     change       -0.1622814E-01 Eh
   gradient norm :     0.0614776 Eh/α   predicted    -0.1325852E-01 ( -18.30%)
   displ. norm   :     0.4227824 α      lambda       -0.9101938E-02
   maximum displ.:     0.2559124 α      in ANC's #14, #12, #23, ...

........................................................................
.............................. CYCLE    3 ..............................
........................................................................
   1   -120.3788909 -0.120379E+03  0.226E-01    1.97       0.0  T
   2   -120.3790157 -0.124801E-03  0.122E-01    1.98       1.0  T
   3   -120.3788496  0.166075E-03  0.732E-02    1.97       1.0  T
   4   -120.3791150 -0.265395E-03  0.247E-02    1.98       1.0  T
   5   -120.3791298 -0.148448E-04  0.109E-02    1.98       1.2  T
   6   -120.3791313 -0.149433E-05  0.411E-03    1.98       3.1  T
   7   -120.3791321 -0.798156E-06  0.144E-03    1.98       9.0  T
     SCC iter.                  ...        0 min,  0.049 sec
     gradient                   ...        0 min,  0.012 sec
 * total energy  :  -118.6518440 Eh     change       -0.5568962E-02 Eh
   gradient norm :     0.0165486 Eh/α   predicted    -0.5364434E-02 (  -3.67%)
   displ. norm   :     0.4372626 α      lambda       -0.2926600E-02
   maximum displ.:     0.2972224 α      in ANC's #14, #12, #23, ...

........................................................................
.............................. CYCLE    4 ..............................
........................................................................
   1   -120.3869022 -0.120387E+03  0.209E-01    1.94       0.0  T
   2   -120.3869408 -0.385977E-04  0.116E-01    1.94       1.0  T
   3   -120.3869014  0.393531E-04  0.319E-02    1.94       1.0  T
   4   -120.3869563 -0.549386E-04  0.108E-02    1.94       1.2  T
   5   -120.3869591 -0.279818E-05  0.468E-03    1.94       2.8  T
   6   -120.3869596 -0.420404E-06  0.174E-03    1.94       7.4  T
   7   -120.3869596 -0.780703E-07  0.944E-04    1.94      13.7  T
     SCC iter.                  ...        0 min,  0.049 sec
     gradient                   ...        0 min,  0.012 sec
 * total energy  :  -118.6532759 Eh     change       -0.1431881E-02 Eh
   gradient norm :     0.0254323 Eh/α   predicted    -0.1743111E-02 (  21.74%)
   displ. norm   :     0.5705724 α      lambda       -0.3961302E-02
   maximum displ.:     0.3802811 α      in ANC's #14, #12, #23, ...

........................................................................
.............................. CYCLE    5 ..............................
........................................................................
   1   -120.4013472 -0.120401E+03  0.239E-01    1.90       0.0  T
   2   -120.4013881 -0.408635E-04  0.134E-01    1.90       1.0  T
   3   -120.4013629  0.251991E-04  0.287E-02    1.90       1.0  T
   4   -120.4014036 -0.407171E-04  0.106E-02    1.90       1.2  T
   5   -120.4014059 -0.222981E-05  0.501E-03    1.90       2.6  T
   6   -120.4014065 -0.643853E-06  0.189E-03    1.90       6.8  T
     SCC iter.                  ...        0 min,  0.042 sec
     gradient                   ...        0 min,  0.012 sec
 * total energy  :  -118.6552428 Eh     change       -0.1966899E-02 Eh
   gradient norm :     0.0282539 Eh/α   predicted    -0.2625457E-02 (  33.48%)
   displ. norm   :     0.3261519 α      lambda       -0.1496195E-02
   maximum displ.:     0.2078394 α      in ANC's #14, #12, #11, ...

........................................................................
.............................. CYCLE    6 ..............................
........................................................................
   1   -120.3989952 -0.120399E+03  0.112E-01    1.90       0.0  T
   2   -120.3990052 -0.100558E-04  0.643E-02    1.90       1.0  T
   3   -120.3989745  0.307653E-04  0.266E-02    1.90       1.0  T
   4   -120.3990098 -0.353447E-04  0.764E-03    1.90       1.7  T
   5   -120.3990114 -0.163525E-05  0.360E-03    1.90       3.6  T
   6   -120.3990118 -0.321911E-06  0.119E-03    1.90      10.8  T
     SCC iter.                  ...        0 min,  0.042 sec
     gradient                   ...        0 min,  0.012 sec
 * total energy  :  -118.6564433 Eh     change       -0.1200485E-02 Eh
   gradient norm :     0.0168151 Eh/α   predicted    -0.8276773E-03 ( -31.05%)
   displ. norm   :     0.5655636 α      lambda       -0.2168344E-02
   maximum displ.:     0.2970548 α      in ANC's #14, #12, #11, ...

........................................................................
.............................. CYCLE    7 ..............................
........................................................................
   1   -120.3940892 -0.120394E+03  0.276E-01    1.92       0.0  T
   2   -120.3941506 -0.614343E-04  0.155E-01    1.92       1.0  T
   3   -120.3940694  0.812665E-04  0.456E-02    1.92       1.0  T
   4   -120.3941706 -0.101277E-03  0.160E-02    1.92       1.0  T
   5   -120.3941777 -0.711001E-05  0.779E-03    1.92       1.7  T
   6   -120.3941791 -0.140553E-05  0.271E-03    1.92       4.8  T
   7   -120.3941793 -0.192681E-06  0.126E-03    1.92      10.3  T
     SCC iter.                  ...        0 min,  0.049 sec
     gradient                   ...        0 min,  0.012 sec
 * total energy  :  -118.6569240 Eh     change       -0.4807202E-03 Eh
   gradient norm :     0.0245448 Eh/α   predicted    -0.1430957E-02 ( 197.67%)
   displ. norm   :     0.3739113 α      lambda       -0.2574856E-02
   maximum displ.:     0.1879812 α      in ANC's #14, #12, #11, ...

........................................................................
.............................. CYCLE    8 ..............................
........................................................................
   1   -120.4035072 -0.120404E+03  0.264E-01    1.93       0.0  T
   2   -120.4035501 -0.429983E-04  0.146E-01    1.92       1.0  T
   3   -120.4035521 -0.190410E-05  0.189E-02    1.92       1.0  T
   4   -120.4035658 -0.137684E-04  0.891E-03    1.92       1.4  T
   5   -120.4035671 -0.124886E-05  0.484E-03    1.92       2.7  T
   6   -120.4035678 -0.709816E-06  0.161E-03    1.92       8.0  T
     SCC iter.                  ...        0 min,  0.043 sec
     gradient                   ...        0 min,  0.012 sec
 * total energy  :  -118.6579604 Eh     change       -0.1036400E-02 Eh
   gradient norm :     0.0154558 Eh/α   predicted    -0.1467424E-02 (  41.59%)
   displ. norm   :     0.1669537 α      lambda       -0.5994944E-03
   maximum displ.:     0.0924082 α      in ANC's #11, #14, #12, ...

........................................................................
.............................. CYCLE    9 ..............................
........................................................................
   1   -120.4077397 -0.120408E+03  0.840E-02    1.91       0.0  T
   2   -120.4077447 -0.498683E-05  0.479E-02    1.91       1.0  T
   3   -120.4077279  0.167930E-04  0.190E-02    1.91       1.0  T
   4   -120.4077475 -0.196306E-04  0.528E-03    1.91       2.4  T
   5   -120.4077481 -0.594242E-06  0.229E-03    1.91       5.6  T
   6   -120.4077482 -0.106958E-06  0.870E-04    1.91      14.8  T
     SCC iter.                  ...        0 min,  0.042 sec
     gradient                   ...        0 min,  0.012 sec
 * total energy  :  -118.6583957 Eh     change       -0.4352713E-03 Eh
   gradient norm :     0.0097852 Eh/α   predicted    -0.3081032E-03 ( -29.22%)
   displ. norm   :     0.3133687 α      lambda       -0.6132181E-03
   maximum displ.:     0.2044451 α      in ANC's #11, #21, #14, ...

........................................................................
.............................. CYCLE   10 ..............................
........................................................................
   1   -120.4115429 -0.120412E+03  0.140E-01    1.90       0.0  T
   2   -120.4115494 -0.645294E-05  0.805E-02    1.90       1.0  T
   3   -120.4115356  0.137849E-04  0.191E-02    1.90       1.0  T
   4   -120.4115520 -0.163658E-04  0.759E-03    1.90       1.7  T
   5   -120.4115528 -0.839379E-06  0.285E-03    1.90       4.5  T
   6   -120.4115532 -0.363967E-06  0.939E-04    1.90      13.8  T
     SCC iter.                  ...        0 min,  0.042 sec
     gradient                   ...        0 min,  0.012 sec
 * total energy  :  -118.6588530 Eh     change       -0.4573060E-03 Eh
   gradient norm :     0.0061130 Eh/α   predicted    -0.3367183E-03 ( -26.37%)
   displ. norm   :     0.4177018 α      lambda       -0.5485502E-03
   maximum displ.:     0.2730229 α      in ANC's #11, #21, #6, ...

........................................................................
.............................. CYCLE   11 ..............................
........................................................................
   1   -120.4114335 -0.120411E+03  0.181E-01    1.90       0.0  T
   2   -120.4114431 -0.961277E-05  0.104E-01    1.90       1.0  T
   3   -120.4114322  0.109199E-04  0.202E-02    1.90       1.0  T
   4   -120.4114455 -0.132602E-04  0.986E-03    1.90       1.3  T
   5   -120.4114472 -0.173327E-05  0.379E-03    1.90       3.4  T
   6   -120.4114478 -0.647853E-06  0.112E-03    1.90      11.5  T
   7   -120.4114479 -0.940460E-08  0.666E-04    1.90      19.4  T
     SCC iter.                  ...        0 min,  0.049 sec
     gradient                   ...        0 min,  0.014 sec
 * total energy  :  -118.6592674 Eh     change       -0.4143908E-03 Eh
   gradient norm :     0.0087738 Eh/α   predicted    -0.3221298E-03 ( -22.26%)
   displ. norm   :     0.4494898 α      lambda       -0.6058861E-03
   maximum displ.:     0.2920938 α      in ANC's #11, #6, #21, ...

........................................................................
.............................. CYCLE   12 ..............................
........................................................................
   1   -120.4140041 -0.120414E+03  0.192E-01    1.91       0.0  T
   2   -120.4140176 -0.134834E-04  0.109E-01    1.90       1.0  T
   3   -120.4140051  0.124631E-04  0.230E-02    1.90       1.0  T
   4   -120.4140206 -0.154858E-04  0.112E-02    1.90       1.2  T
   5   -120.4140226 -0.196999E-05  0.431E-03    1.90       3.0  T
   6   -120.4140234 -0.846845E-06  0.126E-03    1.90      10.2  T
   7   -120.4140235 -0.199928E-07  0.716E-04    1.90      18.0  T
     SCC iter.                  ...        0 min,  0.049 sec
     gradient                   ...        0 min,  0.012 sec
 * total energy  :  -118.6596249 Eh     change       -0.3575712E-03 Eh
   gradient norm :     0.0097720 Eh/α   predicted    -0.3641503E-03 (   1.84%)
   displ. norm   :     0.4901897 α      lambda       -0.4795777E-03
   maximum displ.:     0.2932408 α      in ANC's #11, #21, #6, ...

........................................................................
.............................. CYCLE   13 ..............................
........................................................................
   1   -120.4054722 -0.120405E+03  0.204E-01    1.90       0.0  T
   2   -120.4054866 -0.143988E-04  0.118E-01    1.90       1.0  T
   3   -120.4054757  0.109113E-04  0.220E-02    1.90       1.0  T
   4   -120.4054890 -0.133178E-04  0.109E-02    1.90       1.2  T
   5   -120.4054916 -0.254256E-05  0.403E-03    1.90       3.2  T
   6   -120.4054921 -0.538366E-06  0.153E-03    1.90       8.4  T
   7   -120.4054922 -0.700377E-07  0.693E-04    1.90      18.6  T
     SCC iter.                  ...        0 min,  0.048 sec
     gradient                   ...        0 min,  0.012 sec
 * total energy  :  -118.6597835 Eh     change       -0.1585811E-03 Eh
   gradient norm :     0.0117601 Eh/α   predicted    -0.2974095E-03 (  87.54%)
   displ. norm   :     0.1073559 α      lambda       -0.3129300E-03
   maximum displ.:     0.0540193 α      in ANC's #12, #14, #11, ...

........................................................................
.............................. CYCLE   14 ..............................
........................................................................
   1   -120.4100972 -0.120410E+03  0.466E-02    1.90       0.0  T
   2   -120.4100997 -0.255651E-05  0.251E-02    1.90       1.0  T
   3   -120.4100980  0.171247E-05  0.803E-03    1.90       1.6  T
   4   -120.4101001 -0.206722E-05  0.356E-03    1.90       3.6  T
   5   -120.4101003 -0.239275E-06  0.159E-03    1.90       8.1  T
   6   -120.4101004 -0.752015E-07  0.575E-04    1.90      22.4  T
     SCC iter.                  ...        0 min,  0.042 sec
     gradient                   ...        0 min,  0.012 sec
 * total energy  :  -118.6599708 Eh     change       -0.1872425E-03 Eh
   gradient norm :     0.0056799 Eh/α   predicted    -0.1582706E-03 ( -15.47%)
   displ. norm   :     0.1784113 α      lambda       -0.2007412E-03
   maximum displ.:     0.0801532 α      in ANC's #6, #8, #4, ...

........................................................................
.............................. CYCLE   15 ..............................
........................................................................
   1   -120.4113178 -0.120411E+03  0.779E-02    1.91       0.0  T
   2   -120.4113220 -0.415901E-05  0.427E-02    1.91       1.0  T
   3   -120.4113200  0.199437E-05  0.996E-03    1.91       1.3  T
   4   -120.4113224 -0.236810E-05  0.541E-03    1.91       2.4  T
   5   -120.4113230 -0.612977E-06  0.198E-03    1.91       6.5  T
   6   -120.4113231 -0.152053E-06  0.715E-04    1.91      18.0  T
     SCC iter.                  ...        0 min,  0.042 sec
     gradient                   ...        0 min,  0.013 sec
 * total energy  :  -118.6600543 Eh     change       -0.8350991E-04 Eh
   gradient norm :     0.0055637 Eh/α   predicted    -0.1035654E-03 (  24.02%)
   displ. norm   :     0.2729619 α      lambda       -0.1987183E-03
   maximum displ.:     0.1118655 α      in ANC's #6, #11, #8, ...

........................................................................
.............................. CYCLE   16 ..............................
........................................................................
   1   -120.4098774 -0.120410E+03  0.114E-01    1.91       0.0  T
   2   -120.4098830 -0.556594E-05  0.640E-02    1.91       1.0  T
   3   -120.4098815  0.144102E-05  0.115E-02    1.91       1.1  T
   4   -120.4098829 -0.139346E-05  0.714E-03    1.91       1.8  T
   5   -120.4098845 -0.158314E-05  0.200E-03    1.91       6.4  T
   6   -120.4098846 -0.143780E-06  0.856E-04    1.91      15.1  T
     SCC iter.                  ...        0 min,  0.042 sec
     gradient                   ...        0 min,  0.012 sec
 * total energy  :  -118.6601764 Eh     change       -0.1221269E-03 Eh
   gradient norm :     0.0057798 Eh/α   predicted    -0.1067640E-03 ( -12.58%)
   displ. norm   :     0.1918149 α      lambda       -0.1100697E-03
   maximum displ.:     0.0841647 α      in ANC's #6, #8, #4, ...

........................................................................
.............................. CYCLE   17 ..............................
........................................................................
   1   -120.4093632 -0.120409E+03  0.817E-02    1.91       0.0  T
   2   -120.4093660 -0.278462E-05  0.455E-02    1.91       1.0  T
   3   -120.4093653  0.693518E-06  0.811E-03    1.91       1.6  T
   4   -120.4093662 -0.888120E-06  0.496E-03    1.91       2.6  T
   5   -120.4093669 -0.682253E-06  0.147E-03    1.91       8.8  T
   6   -120.4093670 -0.113828E-06  0.478E-04    1.91      27.0  T
     SCC iter.                  ...        0 min,  0.042 sec
     gradient                   ...        0 min,  0.012 sec
 * total energy  :  -118.6602617 Eh     change       -0.8533878E-04 Eh
   gradient norm :     0.0054299 Eh/α   predicted    -0.5706233E-04 ( -33.13%)
   displ. norm   :     0.2892319 α      lambda       -0.1857813E-03
   maximum displ.:     0.1218904 α      in ANC's #6, #8, #4, ...

........................................................................
.............................. CYCLE   18 ..............................
........................................................................
   1   -120.4101900 -0.120410E+03  0.130E-01    1.91       0.0  T
   2   -120.4101986 -0.858990E-05  0.697E-02    1.91       1.0  T
   3   -120.4101973  0.123535E-05  0.131E-02    1.91       1.0  T
   4   -120.4101995 -0.211864E-05  0.813E-03    1.91       1.6  T
   5   -120.4102011 -0.163454E-05  0.259E-03    1.91       5.0  T
   6   -120.4102014 -0.315790E-06  0.758E-04    1.91      17.0  T
     SCC iter.                  ...        0 min,  0.042 sec
     gradient                   ...        0 min,  0.012 sec
 * total energy  :  -118.6603921 Eh     change       -0.1303510E-03 Eh
   gradient norm :     0.0058690 Eh/α   predicted    -0.1006659E-03 ( -22.77%)
   displ. norm   :     0.2552765 α      lambda       -0.1292532E-03
   maximum displ.:     0.1044536 α      in ANC's #6, #8, #5, ...

........................................................................
.............................. CYCLE   19 ..............................
........................................................................
   1   -120.4110799 -0.120411E+03  0.114E-01    1.91       0.0  T
   2   -120.4110868 -0.688206E-05  0.605E-02    1.91       1.0  T
   3   -120.4110867  0.646719E-07  0.106E-02    1.91       1.2  T
   4   -120.4110872 -0.471106E-06  0.675E-03    1.91       1.9  T
   5   -120.4110886 -0.143715E-05  0.204E-03    1.91       6.3  T
   6   -120.4110888 -0.181843E-06  0.625E-04    1.91      20.7  T
     SCC iter.                  ...        0 min,  0.042 sec
     gradient                   ...        0 min,  0.012 sec
 * total energy  :  -118.6604883 Eh     change       -0.9625395E-04 Eh
   gradient norm :     0.0056053 Eh/α   predicted    -0.6883890E-04 ( -28.48%)
   displ. norm   :     0.3052232 α      lambda       -0.1307259E-03
   maximum displ.:     0.1285551 α      in ANC's #4, #6, #5, ...

........................................................................
.............................. CYCLE   20 ..............................
........................................................................
   1   -120.4106892 -0.120411E+03  0.132E-01    1.92       0.0  T
   2   -120.4106981 -0.889352E-05  0.704E-02    1.92       1.0  T
   3   -120.4106987 -0.603984E-06  0.118E-02    1.92       1.1  T
   4   -120.4106985  0.200669E-06  0.747E-03    1.92       1.7  T
   5   -120.4107005 -0.205248E-05  0.193E-03    1.92       6.7  T
   6   -120.4107007 -0.180191E-06  0.655E-04    1.92      19.7  T
     SCC iter.                  ...        0 min,  0.042 sec
     gradient                   ...        0 min,  0.012 sec
 * total energy  :  -118.6605814 Eh     change       -0.9308171E-04 Eh
   gradient norm :     0.0051686 Eh/α   predicted    -0.7145492E-04 ( -23.23%)
   displ. norm   :     0.2454372 α      lambda       -0.1256293E-03
   maximum displ.:     0.1074349 α      in ANC's #4, #5, #11, ...
 * RMSD in coord.:     0.5822675 α      energy gain  -0.3053450E-01 Eh

generating ANC from model Hessian ...
Using Lindh-Hessian (1995)
 Shifting diagonal of input Hessian by   9.929515971200512E-003
 Lowest  eigenvalues of input Hessian
   -0.000000   -0.000000    0.000000    0.000000    0.000000    0.000000
    0.010000    0.010063    0.010213    0.010254    0.010366    0.010476
    0.010753    0.010981    0.011258    0.011428    0.011910    0.012251
 Highest eigenvalues
    2.058204    2.079981    2.170205    2.182407    2.630914    2.631324
 

........................................................................
.............................. CYCLE   21 ..............................
........................................................................
   1   -120.4126881 -0.120413E+03  0.106E-01    1.92       0.0  T
   2   -120.4126941 -0.596740E-05  0.562E-02    1.92       1.0  T
   3   -120.4126934  0.711334E-06  0.103E-02    1.92       1.3  T
   4   -120.4126944 -0.106902E-05  0.637E-03    1.92       2.0  T
   5   -120.4126959 -0.142504E-05  0.161E-03    1.92       8.0  T
   6   -120.4126960 -0.116059E-06  0.583E-04    1.92      22.1  T
   7   -120.4126960 -0.667535E-08  0.310E-04    1.92      41.7  T
     SCC iter.                  ...        0 min,  0.048 sec
     gradient                   ...        0 min,  0.013 sec
 * total energy  :  -118.6606564 Eh     change       -0.7501690E-04 Eh
   gradient norm :     0.0043824 Eh/α   predicted     0.0000000E+00 (-100.00%)
   displ. norm   :     0.0561143 α      lambda       -0.7279980E-04
   maximum displ.:     0.0238841 α      in ANC's #19, #22, #12, ...

........................................................................
.............................. CYCLE   22 ..............................
........................................................................
   1   -120.4121499 -0.120412E+03  0.404E-02    1.92       0.0  T
   2   -120.4121514 -0.145880E-05  0.219E-02    1.92       1.0  T
   3   -120.4121506  0.812832E-06  0.530E-03    1.92       2.4  T
   4   -120.4121519 -0.131393E-05  0.220E-03    1.92       5.9  T
   5   -120.4121520 -0.850714E-07  0.110E-03    1.92      11.7  T
     SCC iter.                  ...        0 min,  0.035 sec
     gradient                   ...        0 min,  0.012 sec
 * total energy  :  -118.6606937 Eh     change       -0.3720931E-04 Eh
   gradient norm :     0.0031436 Eh/α   predicted    -0.3654551E-04 (  -1.78%)
   displ. norm   :     0.1612580 α      lambda       -0.1805092E-03
   maximum displ.:     0.0652648 α      in ANC's #22, #16, #12, ...

........................................................................
.............................. CYCLE   23 ..............................
........................................................................
   1   -120.4110205 -0.120411E+03  0.834E-02    1.93       0.0  T
   2   -120.4110277 -0.718593E-05  0.448E-02    1.93       1.0  T
   3   -120.4110220  0.570105E-05  0.138E-02    1.93       1.0  T
   4   -120.4110296 -0.763170E-05  0.611E-03    1.93       2.1  T
   5   -120.4110301 -0.523333E-06  0.299E-03    1.93       4.3  T
   6   -120.4110305 -0.338220E-06  0.848E-04    1.93      15.2  T
   7   -120.4110305 -0.175625E-07  0.395E-04    1.93      32.7  T
     SCC iter.                  ...        0 min,  0.048 sec
     gradient                   ...        0 min,  0.013 sec
 * total energy  :  -118.6607680 Eh     change       -0.7439537E-04 Eh
   gradient norm :     0.0060156 Eh/α   predicted    -0.9260207E-04 (  24.47%)
   displ. norm   :     0.0504902 α      lambda       -0.6331392E-04
   maximum displ.:     0.0211366 α      in ANC's #22, #12, #16, ...

........................................................................
.............................. CYCLE   24 ..............................
........................................................................
   1   -120.4117878 -0.120412E+03  0.250E-02    1.93       0.0  T
   2   -120.4117882 -0.428271E-06  0.136E-02    1.93       1.0  T
   3   -120.4117880  0.207971E-06  0.301E-03    1.93       4.3  T
   4   -120.4117883 -0.287672E-06  0.168E-03    1.93       7.7  T
   5   -120.4117883 -0.526382E-07  0.727E-04    1.93      17.7  T
     SCC iter.                  ...        0 min,  0.035 sec
     gradient                   ...        0 min,  0.012 sec
 * total energy  :  -118.6608174 Eh     change       -0.4937190E-04 Eh
   gradient norm :     0.0035849 Eh/α   predicted    -0.3173820E-04 ( -35.72%)
   displ. norm   :     0.1877071 α      lambda       -0.1354658E-03
   maximum displ.:     0.0854683 α      in ANC's #22, #16, #12, ...

........................................................................
.............................. CYCLE   25 ..............................
........................................................................
   1   -120.4121611 -0.120412E+03  0.778E-02    1.92       0.0  T
   2   -120.4121642 -0.307933E-05  0.438E-02    1.92       1.0  T
   3   -120.4121625  0.171513E-05  0.791E-03    1.92       1.6  T
   4   -120.4121652 -0.268594E-05  0.382E-03    1.92       3.4  T
   5   -120.4121654 -0.231822E-06  0.182E-03    1.92       7.1  T
   6   -120.4121656 -0.145489E-06  0.479E-04    1.92      26.9  T
   7   -120.4121656 -0.164519E-08  0.259E-04    1.92      49.8  T
     SCC iter.                  ...        0 min,  0.048 sec
     gradient                   ...        0 min,  0.013 sec
 * total energy  :  -118.6608439 Eh     change       -0.2644337E-04 Eh
   gradient norm :     0.0050651 Eh/α   predicted    -0.7011995E-04 ( 165.17%)
   displ. norm   :     0.1658699 α      lambda       -0.1562833E-03
   maximum displ.:     0.0721273 α      in ANC's #22, #16, #19, ...

........................................................................
.............................. CYCLE   26 ..............................
........................................................................
   1   -120.4108018 -0.120411E+03  0.849E-02    1.92       0.0  T
   2   -120.4108058 -0.404262E-05  0.469E-02    1.92       1.0  T
   3   -120.4108069 -0.106778E-05  0.470E-03    1.92       2.7  T
   4   -120.4108072 -0.274124E-06  0.288E-03    1.92       4.5  T
   5   -120.4108074 -0.203126E-06  0.105E-03    1.92      12.3  T
     SCC iter.                  ...        0 min,  0.035 sec
     gradient                   ...        0 min,  0.012 sec
 * total energy  :  -118.6609023 Eh     change       -0.5841727E-04 Eh
   gradient norm :     0.0046130 Eh/α   predicted    -0.8029697E-04 (  37.45%)
   displ. norm   :     0.0571576 α      lambda       -0.5784199E-04
   maximum displ.:     0.0267206 α      in ANC's #12, #19, #16, ...

........................................................................
.............................. CYCLE   27 ..............................
........................................................................
   1   -120.4125491 -0.120413E+03  0.285E-02    1.93       0.0  T
   2   -120.4125499 -0.813114E-06  0.154E-02    1.93       1.0  T
   3   -120.4125494  0.551230E-06  0.436E-03    1.93       3.0  T
   4   -120.4125500 -0.619811E-06  0.225E-03    1.93       5.7  T
   5   -120.4125501 -0.148071E-06  0.822E-04    1.93      15.7  T
     SCC iter.                  ...        0 min,  0.035 sec
     gradient                   ...        0 min,  0.012 sec
 * total energy  :  -118.6609329 Eh     change       -0.3060962E-04 Eh
   gradient norm :     0.0018094 Eh/α   predicted    -0.2901874E-04 (  -5.20%)
   displ. norm   :     0.1325622 α      lambda       -0.3742387E-04
   maximum displ.:     0.0621350 α      in ANC's #22, #16, #3, ...

........................................................................
.............................. CYCLE   28 ..............................
........................................................................
   1   -120.4126020 -0.120413E+03  0.465E-02    1.93       0.0  T
   2   -120.4126030 -0.945801E-06  0.265E-02    1.93       1.0  T
   3   -120.4126024  0.551618E-06  0.448E-03    1.93       2.9  T
   4   -120.4126032 -0.739261E-06  0.237E-03    1.93       5.4  T
   5   -120.4126033 -0.148279E-06  0.968E-04    1.93      13.3  T
   6   -120.4126033 -0.351355E-07  0.346E-04    1.93      37.3  T
     SCC iter.                  ...        0 min,  0.042 sec
     gradient                   ...        0 min,  0.013 sec
 * total energy  :  -118.6609625 Eh     change       -0.2964504E-04 Eh
   gradient norm :     0.0019179 Eh/α   predicted    -0.1886044E-04 ( -36.38%)
   displ. norm   :     0.1403541 α      lambda       -0.2492972E-04
   maximum displ.:     0.0600024 α      in ANC's #22, #3, #1, ...

........................................................................
.............................. CYCLE   29 ..............................
........................................................................
   1   -120.4122106 -0.120412E+03  0.456E-02    1.93       0.0  T
   2   -120.4122114 -0.784529E-06  0.261E-02    1.93       1.0  T
   3   -120.4122107  0.762844E-06  0.496E-03    1.93       2.6  T
   4   -120.4122116 -0.951750E-06  0.227E-03    1.93       5.7  T
   5   -120.4122117 -0.933646E-07  0.102E-03    1.93      12.6  T
   6   -120.4122117 -0.428442E-07  0.339E-04    1.93      38.1  T
   7   -120.4122117 -0.201325E-08  0.175E-04    1.93      74.0  T
     SCC iter.                  ...        0 min,  0.048 sec
     gradient                   ...        0 min,  0.013 sec
 * total energy  :  -118.6609870 Eh     change       -0.2445622E-04 Eh
   gradient norm :     0.0021852 Eh/α   predicted    -0.1257541E-04 ( -48.58%)
   displ. norm   :     0.0732305 α      lambda       -0.1986079E-04
   maximum displ.:     0.0331120 α      in ANC's #3, #1, #12, ...

........................................................................
.............................. CYCLE   30 ..............................
........................................................................
   1   -120.4129310 -0.120413E+03  0.253E-02    1.93       0.0  T
   2   -120.4129313 -0.255928E-06  0.141E-02    1.93       1.0  T
   3   -120.4129312  0.146173E-06  0.282E-03    1.93       4.6  T
   4   -120.4129313 -0.127151E-06  0.177E-03    1.93       7.3  T
   5   -120.4129314 -0.107201E-06  0.416E-04    1.93      31.0  T
   6   -120.4129314 -0.504896E-08  0.209E-04    1.93      61.9  T
     SCC iter.                  ...        0 min,  0.042 sec
     gradient                   ...        0 min,  0.013 sec
 * total energy  :  -118.6610023 Eh     change       -0.1530436E-04 Eh
   gradient norm :     0.0014745 Eh/α   predicted    -0.9987020E-05 ( -34.74%)
   displ. norm   :     0.2318976 α      lambda       -0.2538400E-04
   maximum displ.:     0.1061091 α      in ANC's #3, #1, #22, ...

........................................................................
.............................. CYCLE   31 ..............................
........................................................................
   1   -120.4130174 -0.120413E+03  0.751E-02    1.92       0.0  T
   2   -120.4130193 -0.188240E-05  0.423E-02    1.93       1.0  T
   3   -120.4130187  0.577600E-06  0.713E-03    1.93       1.8  T
   4   -120.4130190 -0.236561E-06  0.471E-03    1.93       2.7  T
   5   -120.4130199 -0.951521E-06  0.122E-03    1.93      10.6  T
   6   -120.4130200 -0.660991E-07  0.537E-04    1.93      24.1  T
   7   -120.4130200 -0.336937E-08  0.297E-04    1.93      43.4  T
     SCC iter.                  ...        0 min,  0.048 sec
     gradient                   ...        0 min,  0.013 sec
 * total energy  :  -118.6610190 Eh     change       -0.1667368E-04 Eh
   gradient norm :     0.0016586 Eh/α   predicted    -0.1299560E-04 ( -22.06%)
   displ. norm   :     0.0490909 α      lambda       -0.1108595E-04
   maximum displ.:     0.0238112 α      in ANC's #12, #22, #16, ...

........................................................................
.............................. CYCLE   32 ..............................
........................................................................
   1   -120.4134291 -0.120413E+03  0.204E-02    1.93       0.0  T
   2   -120.4134294 -0.340832E-06  0.112E-02    1.93       1.1  T
   3   -120.4134293  0.128212E-06  0.230E-03    1.93       5.6  T
   4   -120.4134295 -0.183535E-06  0.113E-03    1.93      11.5  T
   5   -120.4134295 -0.320756E-07  0.491E-04    1.93      26.3  T
   6   -120.4134295 -0.542401E-08  0.228E-04    1.93      56.5  T
     SCC iter.                  ...        0 min,  0.042 sec
     gradient                   ...        0 min,  0.013 sec
 * total energy  :  -118.6610246 Eh     change       -0.5582822E-05 Eh
   gradient norm :     0.0019476 Eh/α   predicted    -0.5550011E-05 (  -0.59%)
   displ. norm   :     0.0277813 α      lambda       -0.6561785E-05
   maximum displ.:     0.0128870 α      in ANC's #1, #3, #14, ...

........................................................................
.............................. CYCLE   33 ..............................
........................................................................
   1   -120.4132424 -0.120413E+03  0.134E-02    1.93       0.0  T
   2   -120.4132426 -0.142066E-06  0.691E-03    1.93       1.9  T
   3   -120.4132425  0.207725E-07  0.149E-03    1.93       8.7  T
   4   -120.4132426 -0.281855E-07  0.886E-04    1.93      14.6  T
   5   -120.4132426 -0.231279E-07  0.316E-04    1.93      40.9  T
     SCC iter.                  ...        0 min,  0.035 sec
     gradient                   ...        0 min,  0.013 sec
 * total energy  :  -118.6610314 Eh     change       -0.6843194E-05 Eh
   gradient norm :     0.0007203 Eh/α   predicted    -0.3283450E-05 ( -52.02%)
   displ. norm   :     0.0475824 α      lambda       -0.4401784E-05
   maximum displ.:     0.0252689 α      in ANC's #1, #3, #5, ...

........................................................................
.............................. CYCLE   34 ..............................
........................................................................
   1   -120.4127798 -0.120413E+03  0.178E-02    1.93       0.0  T
   2   -120.4127800 -0.153295E-06  0.943E-03    1.93       1.4  T
   3   -120.4127800 -0.533147E-08  0.170E-03    1.93       7.6  T
   4   -120.4127800  0.414711E-08  0.104E-03    1.93      12.4  T
   5   -120.4127800 -0.364308E-07  0.309E-04    1.93      41.8  T
   6   -120.4127800 -0.351024E-08  0.134E-04    1.93      96.4  T
     SCC iter.                  ...        0 min,  0.042 sec
     gradient                   ...        0 min,  0.013 sec
 * total energy  :  -118.6610363 Eh     change       -0.4929681E-05 Eh
   gradient norm :     0.0004944 Eh/α   predicted    -0.2205384E-05 ( -55.26%)
   displ. norm   :     0.0653900 α      lambda       -0.4205006E-05
   maximum displ.:     0.0351654 α      in ANC's #3, #1, #5, ...

   *** GEOMETRY OPTIMIZATION CONVERGED AFTER 34 ITERATIONS ***

------------------------------------------------------------------------
 total energy gain   :        -0.0309894 Eh      -19.4461 kcal/mol
 total RMSD          :         0.6158823 a0        0.3259 Å
 total power (kW/mol):        -2.3930194 (step)  -30.8130 (real)
------------------------------------------------------------------------

 ANCopt (total)                0 d,  0 h,  0 min,  2.641 sec
 optimizer setup                ...        0 min,  0.001 sec (  0.020%)
 model hessian                  ...        0 min,  0.027 sec (  1.038%)
 ANC generation                 ...        0 min,  0.007 sec (  0.275%)
 coordinate transformation      ...        0 min,  0.002 sec (  0.078%)
 single point calculation       ...        0 min,  2.579 sec ( 97.668%)
 optimization log               ...        0 min,  0.009 sec (  0.342%)
 hessian update                 ...        0 min,  0.002 sec (  0.065%)
 rational function              ...        0 min,  0.010 sec (  0.385%)

================
 final structure:
================
$coord
    1.88691502047800   -3.00868370695050   -3.10688378711039      C 
    0.62149931727319   -1.31327897401648   -1.24301189838526      C 
   -0.76928858545055    0.81862569588142   -1.97882217548881      C 
   -1.85045608225199    2.13372343655716   -0.01001601775585      C 
   -3.32178446770953    4.42810347205991   -0.10034258177452      C 
   -4.66366968022059    5.33661731393076    1.99965702301934      C 
   -4.63078344889718    4.03549394683590    4.17751866002095      F 
   -6.03185291044636    7.56475555701383    1.94871898976332      C 
   -7.15226006142264    8.32533721831652    4.09035443597339      F 
   -6.19704744972164    9.06456191154116   -0.21863523165481      C 
   -7.58424910383729   11.43019443472060   -0.26592787866749      C 
   -6.16558990277738   14.10002930443880   -1.56150926093263      S 
   -8.77634176595671   15.93897724762402   -0.81963791595829      C 
   -8.74131950759642   18.61341005023130   -1.35785164594714      C 
   -6.57666989466142   20.00532314708909   -1.36065100442015      C 
   -7.01066647489959   23.17505572946259   -1.95508687847363      S 
  -10.24540540987745   22.71049065795557   -2.26732617735151      C 
  -12.02682772851730   24.55523872830850   -2.82855826449830      C 
  -14.51665214825131   23.85280855871106   -3.07622458741269      C 
  -15.21136427338954   21.30523904051803   -2.80267652746852      C 
  -17.77156635488411   20.60361295870907   -3.10900634244883      C 
  -19.84673484078370   20.02934797269939   -3.34623490845667      N 
  -13.43243782257577   19.46117299066373   -2.23953096733500      C 
  -10.91592180460972   20.15382229704456   -1.91928099355426      C 
  -10.60946599347159   14.51841978394962    0.32412621344761      C 
   -9.95829698958795   11.95396494244035    0.64970145738688      C 
  -11.73310251805566   10.07513408020987    1.77358256810812      C 
   -4.85665117132217    8.17814620555647   -2.31702377735050      C 
   -4.91708961210872    9.49968245183377   -4.47804492024544      F 
   -3.47890162203681    5.95719203204767   -2.26467891551107      C 
   -2.24904231272617    5.30981521274598   -4.38622497110282      F 
   -1.15668983654886    0.66989509687194    2.84966745003096      S 
    0.61598789353768   -1.63965189925510    1.35050761400234      C 
    1.81622630133923   -3.54604693351972    2.84826598242512      C 
    3.84698047157660   -5.02962086879221    2.28480850067655      C 
    4.53162797326223   -6.69488032424972    4.27587530834046      C 
    6.49722925899715   -8.44609517441019    4.35899771549613      C 
    6.82902402051528   -9.88599357243803    6.52410092158781      C 
    8.81790333558335  -11.66689258388078    6.63369027824160      C 
   10.43050202621972  -13.11100187731427    6.72066960683718      N 
    5.22011881683680   -9.60599098849124    8.62054395285021      C 
    3.27427344414486   -7.88113504355128    8.56406584501745      C 
    2.93871024793345   -6.43362635999907    6.40120230502164      C 
    0.64555204849192   -4.14817891768499    5.90059598133057      S 
    1.07037741299276   -2.72887122811260   -4.97070927579098      H 
    1.66899971058262   -4.98102351841277   -2.56735074060425      H 
    3.89882191801800   -2.58186986999579   -3.22252971104086      H 
   -0.97544318793135    1.33839808107114   -3.92892471010242      H 
   -4.69997043402074   19.32340415280030   -1.00626028585606      H 
  -11.45146538518238   26.49548621888460   -3.07125764599950      H 
  -15.94986203930893   25.23877951620635   -3.50544908235981      H 
  -14.00518613009623   17.51077877201457   -2.09351602118371      H 
  -12.36524889722413   15.28272890708985    1.00181095678260      H 
  -13.66515369691577   10.53193747164810    1.24038041910227      H 
  -11.60609871462032   10.11708640980195    3.82854561435573      H 
  -11.29784711288911    8.16919976274413    1.14084574749969      H 
    4.89016150933349   -4.91827696885299    0.54907111587699      H 
    7.74387106913496   -8.67539172899381    2.75990800116110      H 
    5.53282253445994  -10.75870916323112   10.27390631949210      H 
    2.03145904381835   -7.64847196794989   10.16292771014030      H 
$end
 
 Bond Distances (Angstroems)
 ---------------------------
C1-C2=1.4920         C1-H45=1.0869        C1-H46=1.0882        C1-H47=1.0901        C2-C1=1.4920         C2-C3=1.4021         
C2-C33=1.3833        C3-C2=1.4021         C3-C4=1.3773         C3-H48=1.0735        C4-C3=1.3773         C4-C5=1.4431         
C4-S32=1.7392        C5-C4=1.4431         C5-C6=1.4037         C5-C30=1.4048        C6-C5=1.4037         C6-F7=1.3426         
C6-C8=1.3839         F7-C6=1.3426         C8-C6=1.3839         C8-F9=1.3409         C8-C10=1.3975        F9-C8=1.3409         
C10-C8=1.3975        C10-C11=1.4514       C10-C28=1.3986       C11-C10=1.4514       C11-S12=1.7406       C11-C26=1.3747       
S12-C11=1.7406       S12-C13=1.7349       C13-S12=1.7349       C13-C14=1.4437       C13-C25=1.3684       C14-C13=1.4437       
C14-C15=1.3619       C14-C24=1.4412       C15-C14=1.3619       C15-S16=1.7220       C15-H49=1.0731       S16-C15=1.7220       
S16-C17=1.7372       C17-S16=1.7372       C17-C18=1.3892       C17-C24=1.4108       C18-C17=1.3892       C18-C19=1.3752       
C18-H50=1.0786       C19-C18=1.3752       C19-C20=1.4048       C19-H51=1.0792       C20-C19=1.4048       C20-C21=1.4141       
C20-C23=1.3883       C21-C20=1.4141       C21-N22=1.1463       N22-C21=1.1463       C23-C20=1.3883       C23-C24=1.3916       
C23-H52=1.0785       C24-C14=1.4412       C24-C17=1.4108       C24-C23=1.3916       C25-C13=1.3684       C25-C26=1.4107       
C25-H53=1.0749       C26-C11=1.3747       C26-C25=1.4107       C26-C27=1.4914       C27-C26=1.4914       C27-H54=1.0878       
C27-H55=1.0897       C27-H56=1.0874       C28-C10=1.3986       C28-F29=1.3408       C28-C30=1.3833       F29-C28=1.3408       
C30-C5=1.4048        C30-C28=1.3833       C30-F31=1.3421       F31-C30=1.3421       S32-C4=1.7392        S32-C33=1.7329       
C33-C2=1.3833        C33-S32=1.7329       C33-C34=1.4315       C34-C33=1.4315       C34-C35=1.3638       C34-S44=1.7590       
C35-C34=1.3638       C35-C36=1.4205       C35-H57=1.0733       C36-C35=1.4205       C36-C37=1.3938       C36-C43=1.4123       
C37-C36=1.3938       C37-C38=1.3871       C37-H58=1.0798       C38-C37=1.3871       C38-C39=1.4139       C38-C41=1.4063       
C39-C38=1.4139       C39-N40=1.1464       N40-C39=1.1464       C41-C38=1.4063       C41-C42=1.3763       C41-H59=1.0793       
C42-C41=1.3763       C42-C43=1.3886       C42-H60=1.0787       C43-C36=1.4123       C43-C42=1.3886       C43-S44=1.7336       
S44-C34=1.7590       S44-C43=1.7336       H45-C1=1.0869        H46-C1=1.0882        H47-C1=1.0901        H48-C3=1.0735        
H49-C15=1.0731       H50-C18=1.0786       H51-C19=1.0792       H52-C23=1.0785       H53-C25=1.0749       H54-C27=1.0878       
H55-C27=1.0897       H56-C27=1.0874       H57-C35=1.0733       H58-C37=1.0798       H59-C41=1.0793       H60-C42=1.0787       
 C  H  Rav=1.0812 sigma=0.0060  Rmin=1.0731  Rmax=1.0901    16
 C  C  Rav=1.4050 sigma=0.0307  Rmin=1.3619  Rmax=1.4920    36
 N  C  Rav=1.1464 sigma=0.0001  Rmin=1.1463  Rmax=1.1464     2
 F  C  Rav=1.3416 sigma=0.0008  Rmin=1.3408  Rmax=1.3426     4
 S  C  Rav=1.7374 sigma=0.0098  Rmin=1.7220  Rmax=1.7590     8
 
 selected bond angles (degree)
 --------------------
H45-C1-C2=109.85               H46-C1-C2=110.84               H46-C1-H45=109.06              H47-C1-C2=110.54               
H47-C1-H45=108.01              H47-C1-H46=108.48              C3-C2-C1=122.40                C33-C2-C1=125.57               
C33-C2-C3=112.02               C4-C3-C2=114.49                H48-C3-C2=121.76               H48-C3-C4=123.74               
C5-C4-C3=128.62                S32-C4-C3=110.21               S32-C4-C5=121.16               C6-C5-C4=122.34                
C30-C5-C4=122.93               C30-C5-C6=114.72               F7-C6-C5=119.83                C8-C6-C5=122.76                
C8-C6-F7=117.42                F9-C8-C6=118.07                C10-C8-C6=122.18               C10-C8-F9=119.70               
C11-C10-C8=122.39              C28-C10-C8=115.43              C28-C10-C11=122.15             
 
 selected dihedral angles (degree)
 ---------------------------------
C3-C2-C1-H45=341.28           C3-C2-C1-H46=220.69           C3-C2-C1-H47=100.37           C33-C2-C1-H45=160.01          
C33-C2-C1-H46= 39.42          C33-C2-C1-H47=279.10          C4-C3-C2-C1=178.69            C4-C3-C2-C33=359.80           
H48-C3-C2-C1=359.51           H48-C3-C2-C33=180.63          C5-C4-C3-C2=178.01            C5-C4-C3-H48=357.16           
S32-C4-C3-C2=359.32           S32-C4-C3-H48=178.48          C6-C5-C4-C3=169.08            C6-C5-C4-S32=347.64           
C30-C5-C4-C3=347.53           C30-C5-C4-S32=166.08          F7-C6-C5-C4=359.05            F7-C6-C5-C30=180.49           
C8-C6-C5-C4=178.46            C8-C6-C5-C30=359.90           F9-C8-C6-C5=183.01            F9-C8-C6-F7=  2.43            
C10-C8-C6-C5=  0.68           C10-C8-C6-F7=180.10           C11-C10-C8-C6=181.36          C11-C10-C8-F9=359.00          
C28-C10-C8-C6=359.11          C28-C10-C8-F9=176.75          
           -------------------------------------------------
          |                Final Singlepoint                |
           -------------------------------------------------

          ...................................................
          :                      SETUP                      :
          :.................................................:
          :  # basis functions                 216          :
          :  # atomic orbitals                 212          :
          :  # shells                          108          :
          :  # electrons                       214          :
          :  max. iterations                   250          :
          :  Hamiltonian                  GFN2-xTB          :
          :  restarted?                      false          :
          :  GBSA solvation                  false          :
          :  PC potential                    false          :
          :  electronic temp.          300.0000000     K    :
          :  accuracy                    1.0000000          :
          :  -> integral cutoff          0.2500000E+02      :
          :  -> integral neglect         0.1000000E-07      :
          :  -> SCF convergence          0.1000000E-05 Eh   :
          :  -> wf. convergence          0.1000000E-03 e    :
          :  Broyden damping             0.4000000          :
          ...................................................

 iter      E             dE          RMSdq      gap      omega  full diag
   1   -120.4127800 -0.120413E+03  0.559E-05    1.93       0.0  T
   2   -120.4127800 -0.107860E-10  0.309E-05    1.93     417.8  T
   3   -120.4127800 -0.344045E-10  0.261E-05    1.93     494.0  T

   *** convergence criteria satisfied after 3 iterations ***

         #    Occupation            Energy/Eh            Energy/eV
      -------------------------------------------------------------
         1        2.0000           -0.8542379             -23.2450
       ...           ...                  ...                  ...
       101        2.0000           -0.4222515             -11.4900
       102        2.0000           -0.4157655             -11.3136
       103        2.0000           -0.4118631             -11.2074
       104        2.0000           -0.4088223             -11.1246
       105        2.0000           -0.4002248             -10.8907
       106        2.0000           -0.3924553             -10.6793
       107        2.0000           -0.3846111             -10.4658 (HOMO)
       108                         -0.3138052              -8.5391 (LUMO)
       109                         -0.2899226              -7.8892
       110                         -0.2813719              -7.6565
       111                         -0.2775591              -7.5528
       112                         -0.2768644              -7.5339
       ...                                ...                  ...
       212                          1.1672606              31.7628
      -------------------------------------------------------------
                  HL-Gap            0.0708059 Eh            1.9267 eV
             Fermi-level           -0.3492081 Eh           -9.5024 eV

 SCC (total)                   0 d,  0 h,  0 min,  0.059 sec
 SCC setup                      ...        0 min,  0.001 sec (  1.905%)
 Dispersion                     ...        0 min,  0.002 sec (  3.160%)
 integral evaluation            ...        0 min,  0.016 sec ( 26.821%)
 zeroth order Hamiltonian       ...        0 min,  0.001 sec (  1.414%)
 iterations                     ...        0 min,  0.022 sec ( 36.779%)
 molecular gradient             ...        0 min,  0.013 sec ( 21.868%)
 printout                       ...        0 min,  0.005 sec (  7.871%)

         :::::::::::::::::::::::::::::::::::::::::::::::::::::
         ::                     SUMMARY                     ::
         :::::::::::::::::::::::::::::::::::::::::::::::::::::
         :: total energy            -118.661036315341 Eh    ::
         :: gradient norm              0.000494611541 Eh/a0 ::
         :: HOMO-LUMO gap              1.926725756139 eV    ::
         ::.................................................::
         :: SCC energy              -120.412780006559 Eh    ::
         :: -> isotropic ES            0.056612064520 Eh    ::
         :: -> anisotropic ES          0.009019178264 Eh    ::
         :: -> anisotropic XC          0.050484142070 Eh    ::
         :: -> dispersion             -0.087760414144 Eh    ::
         :: repulsion energy           1.752956119857 Eh    ::
         :: add. restraining           0.000000000000 Eh    ::
         :::::::::::::::::::::::::::::::::::::::::::::::::::::

           -------------------------------------------------
          |                Property Printout                |
           -------------------------------------------------

    * Orbital Energies and Occupations

         #    Occupation            Energy/Eh            Energy/eV
      -------------------------------------------------------------
         1        2.0000           -0.8542379             -23.2450
       ...           ...                  ...                  ...
        95        2.0000           -0.4498571             -12.2412
        96        2.0000           -0.4467502             -12.1567
        97        2.0000           -0.4371074             -11.8943
        98        2.0000           -0.4305454             -11.7157
        99        2.0000           -0.4280826             -11.6487
       100        2.0000           -0.4244827             -11.5508
       101        2.0000           -0.4222515             -11.4900
       102        2.0000           -0.4157655             -11.3136
       103        2.0000           -0.4118631             -11.2074
       104        2.0000           -0.4088223             -11.1246
       105        2.0000           -0.4002248             -10.8907
       106        2.0000           -0.3924553             -10.6793
       107        2.0000           -0.3846111             -10.4658 (HOMO)
       108                         -0.3138052              -8.5391 (LUMO)
       109                         -0.2899226              -7.8892
       110                         -0.2813719              -7.6565
       111                         -0.2775591              -7.5528
       112                         -0.2768644              -7.5339
       113                         -0.2733355              -7.4378
       114                         -0.2595795              -7.0635
       115                         -0.2404849              -6.5439
       116                         -0.2347526              -6.3879
       117                         -0.2264148              -6.1611
       118                         -0.2231853              -6.0732
       ...                                ...                  ...
       212                          1.1672606              31.7628
      -------------------------------------------------------------
                  HL-Gap            0.0708059 Eh            1.9267 eV
             Fermi-level           -0.3492081 Eh           -9.5024 eV

     #   Z        covCN         q      C6AA      α(0)
     1   6 C      3.755    -0.108    22.622     6.782
     2   6 C      3.129     0.002    27.768     8.628
     3   6 C      3.115    -0.053    29.148     8.844
     4   6 C      2.982     0.026    27.407     8.587
     5   6 C      2.991    -0.021    28.529     8.762
     6   6 C      2.787     0.137    24.993     8.189
     7   9 F      0.801    -0.174    10.970     3.913
     8   6 C      2.786     0.141    24.914     8.176
     9   9 F      0.787    -0.183    11.062     3.929
    10   6 C      3.000    -0.022    28.536     8.763
    11   6 C      2.998     0.018    27.589     8.616
    12  16 S      2.349    -0.015   141.681    20.034
    13   6 C      2.985     0.023    27.481     8.599
    14   6 C      3.144    -0.007    27.939     8.648
    15   6 C      2.941    -0.017    28.433     8.745
    16  16 S      2.235    -0.017   141.739    20.038
    17   6 C      3.006     0.035    27.207     8.556
    18   6 C      2.935    -0.034    28.843     8.808
    19   6 C      2.929    -0.024    28.598     8.770
    20   6 C      2.972     0.016    27.649     8.625
    21   6 C      1.914     0.112    28.332     8.596
    22   7 N      0.911    -0.230    26.030     7.379
    23   6 C      2.926    -0.025    28.628     8.775
    24   6 C      3.137     0.002    27.756     8.623
    25   6 C      3.115    -0.059    29.298     8.866
    26   6 C      3.129     0.011    27.581     8.598
    27   6 C      3.755    -0.106    22.581     6.776
    28   6 C      2.787     0.142    24.899     8.174
    29   9 F      0.788    -0.180    11.031     3.923
    30   6 C      2.786     0.138    24.983     8.187
    31   9 F      0.787    -0.186    11.088     3.933
    32  16 S      2.408     0.017   140.381    19.941
    33   6 C      3.031     0.007    27.839     8.654
    34   6 C      3.027     0.030    27.299     8.570
    35   6 C      3.061    -0.060    29.417     8.894
    36   6 C      3.140     0.006    27.658     8.607
    37   6 C      2.924    -0.026    28.661     8.779
    38   6 C      2.972     0.016    27.661     8.627
    39   6 C      1.914     0.112    28.335     8.597
    40   7 N      0.911    -0.232    26.081     7.386
    41   6 C      2.929    -0.024    28.614     8.773
    42   6 C      2.933    -0.035    28.861     8.810
    43   6 C      3.004     0.037    27.161     8.549
    44  16 S      2.323    -0.036   142.561    20.096
    45   1 H      0.925     0.056     2.242     2.342
    46   1 H      0.925     0.052     2.298     2.371
    47   1 H      0.925     0.054     2.271     2.356
    48   1 H      0.926     0.068     2.106     2.269
    49   1 H      0.926     0.057     2.235     2.338
    50   1 H      0.926     0.051     2.310     2.377
    51   1 H      0.926     0.050     2.323     2.383
    52   1 H      0.926     0.050     2.316     2.380
    53   1 H      0.926     0.048     2.345     2.395
    54   1 H      0.925     0.053     2.279     2.361
    55   1 H      0.925     0.069     2.093     2.262
    56   1 H      0.925     0.044     2.392     2.419
    57   1 H      0.926     0.051     2.304     2.374
    58   1 H      0.926     0.047     2.363     2.404
    59   1 H      0.926     0.048     2.347     2.396
    60   1 H      0.926     0.049     2.337     2.391

 Mol. C6AA /au·bohr⁶  :      74307.113391
 Mol. C8AA /au·bohr⁸  :    2173362.675080
 Mol. α(0) /au        :        437.940682


Wiberg/Mayer (AO) data.
largest (>0.10) Wiberg bond orders for each atom
          total WBO             WBO to atom ...
     1  C   3.995        C    2 1.027    H   45 0.981    H   46 0.974    H   47 0.964
     2  C   3.970        C   33 1.435    C    3 1.326    C    1 1.027
     3  C   3.963        C    4 1.472    C    2 1.326    H   48 0.959
     4  C   3.939        C    3 1.472    S   32 1.143    C    5 1.138
     5  C   3.957        C    6 1.302    C   30 1.295    C    4 1.138
     6  C   3.884        C    8 1.376    C    5 1.302    F    7 0.982
     7  F   1.152        C    6 0.982
     8  C   3.893        C    6 1.376    C   10 1.313    F    9 0.987
     9  F   1.127        C    8 0.987
    10  C   3.942        C    8 1.313    C   28 1.311    C   11 1.091
    11  C   3.930        C   26 1.493    S   12 1.129    C   10 1.091
    12  S   2.601        C   13 1.148    C   11 1.129
    13  C   3.943        C   25 1.524    S   12 1.148    C   14 1.097
    14  C   3.981        C   15 1.585    C   24 1.138    C   13 1.097
    15  C   3.947        C   14 1.585    S   16 1.172    H   49 0.967
    16  S   2.578        C   15 1.172    C   17 1.118
    17  C   3.942        C   18 1.368    C   24 1.284    S   16 1.118
    18  C   3.990        C   19 1.493    C   17 1.368    H   50 0.966    C   23 0.102
    19  C   3.989        C   18 1.493    C   20 1.310    H   51 0.969
    20  C   3.988        C   23 1.406    C   19 1.310    C   21 1.094
    21  C   3.945        N   22 2.805    C   20 1.094
    22  N   2.977        C   21 2.805
    23  C   3.991        C   20 1.406    C   24 1.359    H   52 0.962    C   18 0.102
    24  C   3.986        C   23 1.359    C   17 1.284    C   14 1.138
    25  C   3.981        C   13 1.524    C   26 1.282    H   53 0.959
    26  C   3.968        C   11 1.493    C   25 1.282    C   27 1.027
    27  C   3.994        C   26 1.027    H   56 0.981    H   54 0.977    H   55 0.961
    28  C   3.893        C   30 1.381    C   10 1.311    F   29 0.988
    29  F   1.133        C   28 0.988
    30  C   3.886        C   28 1.381    C    5 1.295    F   31 0.983
    31  F   1.125        C   30 0.983
    32  S   2.646        C   33 1.156    C    4 1.143
    33  C   3.939        C    2 1.435    S   32 1.156    C   34 1.149
    34  C   3.958        C   35 1.560    C   33 1.149    S   44 1.092
    35  C   3.967        C   34 1.560    C   36 1.210    H   57 0.959
    36  C   3.988        C   37 1.339    C   43 1.264    C   35 1.210
    37  C   3.974        C   38 1.413    C   36 1.339    H   58 0.967
    38  C   3.988        C   37 1.413    C   41 1.306    C   39 1.095
    39  C   3.945        N   40 2.804    C   38 1.095
    40  N   2.977        C   39 2.804
    41  C   3.976        C   42 1.490    C   38 1.306    H   59 0.969
    42  C   3.989        C   41 1.490    C   43 1.370    H   60 0.967
    43  C   3.936        C   42 1.370    C   36 1.264    S   44 1.128
    44  S   2.537        C   43 1.128    C   34 1.092
    45  H   0.996        C    1 0.981
    46  H   0.997        C    1 0.974
    47  H   0.996        C    1 0.964
    48  H   0.995        C    3 0.959
    49  H   0.996        C   15 0.967
    50  H   0.996        C   18 0.966
    51  H   0.997        C   19 0.969
    52  H   0.997        C   23 0.962
    53  H   0.997        C   25 0.959
    54  H   0.997        C   27 0.977
    55  H   0.994        C   27 0.961
    56  H   0.997        C   27 0.981
    57  H   0.997        C   35 0.959
    58  H   0.998        C   37 0.967
    59  H   0.997        C   41 0.969
    60  H   0.996        C   42 0.967

molecular dipole:
                 x           y           z       tot (Debye)
 q only:        0.073       0.916      -0.181
   full:        0.107       1.016      -0.309       2.713
molecular quadrupole (traceless):
                xx          xy          yy          xz          yz          zz
 q only:      -37.204      36.940      29.073     -17.832      16.136       8.131
  q+dip:      -45.722      50.448      29.606     -23.856      21.006      16.116
   full:      -48.403      54.272      28.922     -22.871      22.861      19.481

           -------------------------------------------------
          |                Geometry Summary                 |
           -------------------------------------------------

      molecular mass/u    :      656.7474000
   center of mass at/Å    :       -2.1839801       3.6046331       0.4140838
  moments of inertia/u·Å² :        0.2110450E+04   0.3149053E+05   0.3191131E+05
rotational constants/cm⁻¹ :        0.7987696E-02   0.5353238E-03   0.5282651E-03

 * 61 selected distances

     #   Z        #   Z                                     value/Å
     1   6 C      2   6 C                                 1.4920258
     2   6 C      3   6 C                                 1.4021425
     3   6 C      4   6 C                                 1.3773461
     5   6 C      6   6 C                                 1.4036721
     6   6 C      7   9 F                                 1.3425974
     6   6 C      8   6 C                                 1.3838891
     8   6 C      9   9 F                                 1.3408561
     8   6 C     10   6 C                                 1.3974822
    11   6 C     12  16 S                                 1.7405945
    12  16 S     13   6 C                                 1.7348726
    13   6 C     14   6 C                                 1.4437418
    14   6 C     15   6 C                                 1.3618619
    15   6 C     16  16 S                                 1.7219750
    16  16 S     17   6 C                                 1.7371891
    17   6 C     18   6 C                                 1.3891828
    18   6 C     19   6 C                                 1.3752473
    19   6 C     20   6 C                                 1.4048200
    21   6 C     22   7 N                                 1.1462988
    20   6 C     23   6 C                                 1.3882501
    14   6 C     24   6 C                                 1.4411672
    17   6 C     24   6 C                                 1.4107593
    23   6 C     24   6 C                                 1.3915627
    13   6 C     25   6 C                                 1.3683632
    11   6 C     26   6 C                                 1.3747223
    25   6 C     26   6 C                                 1.4106767
    26   6 C     27   6 C                                 1.4914022
    10   6 C     28   6 C                                 1.3986336
    28   6 C     29   9 F                                 1.3408273
     5   6 C     30   6 C                                 1.4047787
    28   6 C     30   6 C                                 1.3833276
     4   6 C     32  16 S                                 1.7392065
     2   6 C     33   6 C                                 1.3832589
    32  16 S     33   6 C                                 1.7329140
    33   6 C     34   6 C                                 1.4315389
    34   6 C     35   6 C                                 1.3638448
    35   6 C     36   6 C                                 1.4205407
    36   6 C     37   6 C                                 1.3937821
    37   6 C     38   6 C                                 1.3871176
    39   6 C     40   7 N                                 1.1464344
    38   6 C     41   6 C                                 1.4062631
    41   6 C     42   6 C                                 1.3763322
    36   6 C     43   6 C                                 1.4122843
    42   6 C     43   6 C                                 1.3886102
    34   6 C     44  16 S                                 1.7590476 (max)
    43   6 C     44  16 S                                 1.7336069
     1   6 C     45   1 H                                 1.0869247
     1   6 C     46   1 H                                 1.0881906
     1   6 C     47   1 H                                 1.0900683
     3   6 C     48   1 H                                 1.0735340
    15   6 C     49   1 H                                 1.0731484 (min)
    18   6 C     50   1 H                                 1.0786010
    19   6 C     51   1 H                                 1.0792154
    23   6 C     52   1 H                                 1.0784574
    25   6 C     53   1 H                                 1.0749202
    27   6 C     54   1 H                                 1.0878159
    27   6 C     55   1 H                                 1.0897407
    27   6 C     56   1 H                                 1.0873773
    35   6 C     57   1 H                                 1.0732529
    37   6 C     58   1 H                                 1.0798044
    41   6 C     59   1 H                                 1.0793335
    42   6 C     60   1 H                                 1.0786755

 * 5 distinct bonds (by element types)

   Z      Z             #   av. dist./Å        max./Å        min./Å
   1 H    6 C          16     1.0811913     1.0900683     1.0731484
   6 C    6 C          32     1.4018321     1.4920258     1.3618619
   6 C    7 N           2     1.1463666     1.1464344     1.1462988
   6 C    9 F           3     1.3414269     1.3425974     1.3408273
   6 C   16 S           8     1.7374258     1.7590476     1.7219750


optimized geometry written to: xtbopt.xyz


           -------------------------------------------------
          | TOTAL ENERGY             -118.661036315341 Eh   |
          | GRADIENT NORM               0.000494611541 Eh/α |
          | HOMO-LUMO GAP               1.926725756139 eV   |
           -------------------------------------------------

------------------------------------------------------------------------
 * finished run on 2021/05/07 at 17:44:20.603     
------------------------------------------------------------------------
 total:
 * wall-time:     0 d,  0 h,  0 min,  2.889 sec
 *  cpu-time:     0 d,  0 h,  0 min, 34.531 sec
 * ratio c/w:    11.952 speedup
 SCF:
 * wall-time:     0 d,  0 h,  0 min,  0.134 sec
 *  cpu-time:     0 d,  0 h,  0 min,  1.589 sec
 * ratio c/w:    11.885 speedup
 ANC optimizer:
 * wall-time:     0 d,  0 h,  0 min,  2.709 sec
 *  cpu-time:     0 d,  0 h,  0 min, 32.475 sec
 * ratio c/w:    11.990 speedup

