      -----------------------------------------------------------      
     |                   =====================                   |     
     |                           x T B                           |     
     |                   =====================                   |     
     |                         S. Grimme                         |     
     |          Mulliken Center for Theoretical Chemistry        |     
     |                    University of Bonn                     |     
     |                Version 6.2 RC2 (SAW190805)                |     
      -----------------------------------------------------------      

   This program is distributed in the hope that it will be useful,
   but WITHOUT ANY WARRANTY; without even the implied warranty of
   MERCHANTABILITY or FITNESS FOR A PARTICULAR PURPOSE.
   
   FOR NON-COMMERCIAL, ACADEMIA USE ONLY.
   
   Cite this work as:
   * S. Grimme, C. Bannwarth, P. Shushkov, J. Chem. Theory Comput., 2017,
     13, 1989-2009. DOI: 10.1021/acs.jctc.7b00118
   * C. Bannwarth, S. Ehlert and S. Grimme., J. Chem. Theory Comput., 2019,
     15, 1652-1671. DOI: 10.1021/acs.jctc.8b01176
   * P. Pracht, E. Caldeweyher, S. Ehlert, S. Grimme, ChemRxiv, 2019, preprint.
     DOI: 10.26434/chemrxiv.8326202.v1
   
   for DFT-D4:
   * E. Caldeweyher, C. Bannwarth and S. Grimme, J. Chem. Phys., 2017,
     147, 034112. DOI: 10.1063/1.4993215
   * E. Caldeweyher, S. Ehlert, A. Hansen, H. Neugebauer, S. Spicher,
     C. Bannwarth and S. Grimme, J. Chem. Phys., 2019, 150, 154122.
     DOI: 10.1063/1.5090222
   
   for sTDA-xTB:
   * S. Grimme and C. Bannwarth, J. Chem. Phys., 2016, 145, 054103.
     DOI: 10.1063/1.4959605
   
   in the mass-spec context:
   * V. Asgeirsson, C. Bauer and S. Grimme, Chem. Sci., 2017, 8, 4879.
     DOI: 10.1039/c7sc00601b
   
   for metadynamics refer to:
   * S. Grimme, J. Chem. Theory Comput., 2019, 155, 2847-2862
     DOI: 10.1021/acs.jctc.9b00143
   
   with help from (in alphabetical order)
   C. Bannwarth, F. Bohle, G. Brandenburg, E. Caldeweyher, M. Checinski,
   S. Dohm, S. Ehlert, S. Ehrlich, F. März, H. Neugebauer, J. Pisarek,
   P. Pracht, P. Shushkov, and S. Spicher.
   
 * started run on 2021/09/14 at 00:33:11.088     

           -------------------------------------------------
          |                Calculation Setup                |
           -------------------------------------------------

          program call               : /ihome/ghutchison/geoffh/xtb/xtb /ihome/ghutchison/blp62/GA/running_GA/v5/generations/13/158_217_217_217_158_13331.xyz -opt
          hostname                   : smp-n131
          coordinate file            : /ihome/ghutchison/blp62/GA/running_GA/v5/generations/13/158_217_217_217_158_13331.xyz
          omp threads                :                    12
          number of atoms            :                    60
          number of electrons        :                   230
          charge                     :                     0
          spin                       :                   0.0
          first test random number   :      0.76136071407965


########################################################################
# WARNING! Please study the warnings concerning your input carefully
#  - XTBPATH is not set, using XTBHOME instead
#  - the use of '-opt' is discouraged, please use '--opt' next time
########################################################################

           ------------------------------------------------- 
          |                 G F N 2 - x T B                 |
          | Geometry, Frequencies, Noncovalent interactions |
          |            JCTC 2019 parametrisation            |
           ------------------------------------------------- 
             KAB for C  - Si     :                1.0500
             KAB for H  - Pd     :                0.9500
             k(s)              :                1.8500
             k(p)              :                2.2300
             k(d)              :                2.2300
             k(f)              :                2.0000
             kEN (H0ij)        :               -2.0000
             D4 a1             :                0.5200
             D4 a2             :                5.0000
             D4 s6             :                1.0000
             D4 s8             :                2.7000
             D4 s9             :                5.0000
             alphaj            :                2.0000

  Z AO/shell   Hii/eV     exponent
  1     Wed Apr 25 08:07:45 CEST 2018   EN: 2.200 GM2: 0.406  GM3: 0.0800  RAES: 1.40
     1s    -10.707211    1.230000
  6     Wed Apr 25 08:07:45 CEST 2018   EN: 2.550 GM2: 0.538  GM3: 0.1500  RAES: 3.00
     2s    -13.970922    2.096432
     2p    -10.063292    1.800000
  7     Wed Apr 25 08:07:45 CEST 2018   EN: 3.040 GM2: 0.461  GM3:-0.0640  RAES: 1.90
     2s    -16.686243    2.339881
     2p    -12.523956    2.014332
  8     Wed Apr 25 08:07:45 CEST 2018   EN: 3.440 GM2: 0.452  GM3:-0.0517  RAES: 1.80
     2s    -20.229985    2.439742
     2p    -15.503117    2.137023
  9     Mon Apr 23 13:58:50 CEST 2018   EN: 3.980 GM2: 0.532  GM3: 0.1426  RAES: 2.40
     2s    -23.458179    2.416361
     2p    -15.746583    2.308399

           ------------------------------------------------- 
          |        Self-Consistent Charge Iterations        |
           ------------------------------------------------- 

          ...................................................
          :                      SETUP                      :
          :.................................................:
          :  # basis functions                 204          :
          :  # atomic orbitals                 204          :
          :  # shells                          108          :
          :  # electrons                       230          :
          :  max. iterations                   250          :
          :  Hamiltonian                  GFN2-xTB          :
          :  restarted?                      false          :
          :  GBSA solvation                  false          :
          :  PC potential                    false          :
          :  electronic temp.          300.0000000     K    :
          :  accuracy                    1.0000000          :
          :  -> integral cutoff          0.2500000E+02      :
          :  -> integral neglect         0.1000000E-07      :
          :  -> SCF convergence          0.1000000E-05 Eh   :
          :  -> wf. convergence          0.1000000E-03 e    :
          :  Broyden damping             0.4000000          :
          ...................................................

 iter      E             dE          RMSdq      gap      omega  full diag
   1   -132.8012230 -0.132801E+03  0.513E+00    0.91       0.0  T
   2   -132.9238581 -0.122635E+00  0.316E+00    1.14       1.0  T
   3   -132.8876561  0.362020E-01  0.179E+00    0.94       1.0  T
   4   -132.9340892 -0.464332E-01  0.770E-01    0.86       1.0  T
   5   -132.9707426 -0.366534E-01  0.235E-01    0.94       1.0  T
   6   -132.9737138 -0.297114E-02  0.113E-01    0.92       1.0  T
   7   -132.9742422 -0.528409E-03  0.438E-02    0.94       1.0  T
   8   -132.9743042 -0.620461E-04  0.196E-02    0.93       1.0  T
   9   -132.9743153 -0.110816E-04  0.102E-02    0.93       1.3  T
  10   -132.9743170 -0.172826E-05  0.687E-03    0.94       1.9  T
  11   -132.9743192 -0.219623E-05  0.278E-03    0.93       4.6  T
  12   -132.9743196 -0.366878E-06  0.779E-04    0.94      16.6  T
  13   -132.9743196 -0.164160E-07  0.452E-04    0.93      28.6  T

   *** convergence criteria satisfied after 13 iterations ***

         #    Occupation            Energy/Eh            Energy/eV
      -------------------------------------------------------------
         1        2.0000           -0.8530837             -23.2136
       ...           ...                  ...                  ...
       109        2.0000           -0.4249090             -11.5624
       110        2.0000           -0.4221935             -11.4885
       111        2.0000           -0.4197858             -11.4230
       112        2.0000           -0.4178351             -11.3699
       113        2.0000           -0.4141344             -11.2692
       114        2.0000           -0.4133273             -11.2472
       115        2.0000           -0.4065252             -11.0621 (HOMO)
       116                         -0.3721655             -10.1271 (LUMO)
       117                         -0.3666113              -9.9760
       118                         -0.3256633              -8.8617
       119                         -0.3113477              -8.4722
       120                         -0.3101403              -8.4393
       ...                                ...                  ...
       204                          0.7921666              21.5560
      -------------------------------------------------------------
                  HL-Gap            0.0343597 Eh            0.9350 eV
             Fermi-level           -0.3893462 Eh          -10.5946 eV

 SCC (total)                   0 d,  0 h,  0 min,  0.200 sec
 SCC setup                      ...        0 min,  0.001 sec (  0.512%)
 Dispersion                     ...        0 min,  0.002 sec (  1.087%)
 integral evaluation            ...        0 min,  0.012 sec (  5.995%)
 zeroth order Hamiltonian       ...        0 min,  0.001 sec (  0.337%)
 iterations                     ...        0 min,  0.165 sec ( 82.446%)
 molecular gradient             ...        0 min,  0.018 sec (  9.140%)
 printout                       ...        0 min,  0.001 sec (  0.428%)

         :::::::::::::::::::::::::::::::::::::::::::::::::::::
         ::                     SUMMARY                     ::
         :::::::::::::::::::::::::::::::::::::::::::::::::::::
         :: total energy            -131.237405337831 Eh    ::
         :: gradient norm              0.178212531119 Eh/a0 ::
         :: HOMO-LUMO gap              0.934974109643 eV    ::
         ::.................................................::
         :: SCC energy              -132.974319621026 Eh    ::
         :: -> isotropic ES            0.142137911620 Eh    ::
         :: -> anisotropic ES          0.000735902537 Eh    ::
         :: -> anisotropic XC          0.034763314614 Eh    ::
         :: -> dispersion             -0.078776716630 Eh    ::
         :: repulsion energy           1.738321573416 Eh    ::
         :: add. restraining           0.000000000000 Eh    ::
         :::::::::::::::::::::::::::::::::::::::::::::::::::::

      ----------------------------------------------------------- 
     |                   =====================                   |
     |                        A N C O P T                        |
     |                   =====================                   |
     |               Approximate Normal Coordinate               |
     |                Rational Function Optimizer                |
      ----------------------------------------------------------- 

          ...................................................
          :                      SETUP                      :
          :.................................................:
          :   optimization level            normal          :
          :   max. optcycles                   200          :
          :   ANC micro-cycles                  20          :
          :   degrees of freedom               174          :
          :.................................................:
          :   RF solver                   davidson          :
          :   input Hessian                  false          :
          :   write xtbopt.log                true          :
          :   linear?                        false          :
          :   energy convergence         0.5000000E-05 Eh   :
          :   grad. convergence          0.1000000E-02 Eh/α :
          :   maximium RF displ.         2.0000000          :
          :   Hlow (freq-cutoff)         0.5000000E-02      :
          :   Hmax (freq-cutoff)         5.0000000          :
          :   S6 in model hess.         20.0000000          :
          ...................................................

generating ANC from model Hessian ...
Using Lindh-Hessian (1995)
 Shifting diagonal of input Hessian by   4.962704068851130E-003
 Lowest  eigenvalues of input Hessian
   -0.000000   -0.000000   -0.000000    0.000000    0.000000    0.000000
    0.005000    0.005086    0.005213    0.005352    0.005710    0.005931
    0.006063    0.006661    0.006827    0.007328    0.007488    0.008983
 Highest eigenvalues
    2.109038    2.136552    2.304291    2.320677    2.390675    2.394674
 

........................................................................
.............................. CYCLE    1 ..............................
........................................................................
   1   -132.9743196 -0.132974E+03  0.155E-04    0.94       0.0  T
   2   -132.9743196 -0.893294E-10  0.133E-04    0.94      96.9  T
   3   -132.9743196 -0.835087E-09  0.593E-05    0.94     217.9  T
     SCC iter.                  ...        0 min,  0.053 sec
     gradient                   ...        0 min,  0.025 sec
 * total energy  :  -131.2374053 Eh     change        0.5003167E-07 Eh
   gradient norm :     0.1782139 Eh/α   predicted     0.0000000E+00 (-100.00%)
   displ. norm   :     0.3510827 α      lambda       -0.3831593E-01
   maximum displ.:     0.1281589 α      in ANC's #79, #87, #40, ...

........................................................................
.............................. CYCLE    2 ..............................
........................................................................
   1   -132.9938536 -0.132994E+03  0.180E-01    0.88       0.0  T
   2   -132.9939521 -0.985585E-04  0.126E-01    0.88       1.0  T
   3   -132.9937216  0.230574E-03  0.970E-02    0.89       1.0  T
   4   -132.9940823 -0.360717E-03  0.472E-02    0.87       1.0  T
   5   -132.9942311 -0.148854E-03  0.163E-02    0.88       1.0  T
   6   -132.9942464 -0.152341E-04  0.579E-03    0.88       2.2  T
   7   -132.9942470 -0.671857E-06  0.253E-03    0.88       5.1  T
   8   -132.9942472 -0.157781E-06  0.927E-04    0.88      13.9  T
     SCC iter.                  ...        0 min,  0.131 sec
     gradient                   ...        0 min,  0.031 sec
 * total energy  :  -131.2634829 Eh     change       -0.2607762E-01 Eh
   gradient norm :     0.0744280 Eh/α   predicted    -0.2151941E-01 ( -17.48%)
   displ. norm   :     0.3098497 α      lambda       -0.9914368E-02
   maximum displ.:     0.1437883 α      in ANC's #12, #10, #27, ...

........................................................................
.............................. CYCLE    3 ..............................
........................................................................
   1   -133.0037882 -0.133004E+03  0.124E-01    0.83       0.0  T
   2   -133.0038070 -0.187867E-04  0.821E-02    0.81       1.0  T
   3   -133.0036134  0.193543E-03  0.679E-02    0.82       1.0  T
   4   -133.0038385 -0.225019E-03  0.300E-02    0.81       1.0  T
   5   -133.0039009 -0.624306E-04  0.918E-03    0.82       1.4  T
   6   -133.0039054 -0.453297E-05  0.375E-03    0.81       3.4  T
   7   -133.0039057 -0.315529E-06  0.163E-03    0.81       7.9  T
     SCC iter.                  ...        0 min,  0.292 sec
     gradient                   ...        0 min,  0.019 sec
 * total energy  :  -131.2694990 Eh     change       -0.6016096E-02 Eh
   gradient norm :     0.0247015 Eh/α   predicted    -0.5433107E-02 (  -9.69%)
   displ. norm   :     0.3342132 α      lambda       -0.1940666E-02
   maximum displ.:     0.2024888 α      in ANC's #12, #10, #5, ...

........................................................................
.............................. CYCLE    4 ..............................
........................................................................
   1   -133.0062138 -0.133006E+03  0.100E-01    0.80       0.0  T
   2   -133.0062194 -0.554990E-05  0.605E-02    0.79       1.0  T
   3   -133.0060921  0.127230E-03  0.441E-02    0.80       1.0  T
   4   -133.0062184 -0.126309E-03  0.131E-02    0.79       1.0  T
   5   -133.0062297 -0.112475E-04  0.414E-03    0.79       3.1  T
   6   -133.0062305 -0.851909E-06  0.195E-03    0.79       6.6  T
   7   -133.0062306 -0.795319E-07  0.912E-04    0.79      14.2  T
     SCC iter.                  ...        0 min,  0.071 sec
     gradient                   ...        0 min,  0.012 sec
 * total energy  :  -131.2709862 Eh     change       -0.1487183E-02 Eh
   gradient norm :     0.0124154 Eh/α   predicted    -0.1078750E-02 ( -27.46%)
   displ. norm   :     0.4582178 α      lambda       -0.1557049E-02
   maximum displ.:     0.2488252 α      in ANC's #12, #10, #5, ...

........................................................................
.............................. CYCLE    5 ..............................
........................................................................
   1   -133.0091162 -0.133009E+03  0.144E-01    0.78       0.0  T
   2   -133.0091231 -0.684089E-05  0.862E-02    0.78       1.0  T
   3   -133.0089703  0.152818E-03  0.471E-02    0.78       1.0  T
   4   -133.0091239 -0.153606E-03  0.115E-02    0.78       1.1  T
   5   -133.0091319 -0.807786E-05  0.403E-03    0.78       3.2  T
   6   -133.0091324 -0.445770E-06  0.237E-03    0.78       5.5  T
   7   -133.0091325 -0.144809E-06  0.889E-04    0.78      14.5  T
     SCC iter.                  ...        0 min,  0.062 sec
     gradient                   ...        0 min,  0.010 sec
 * total energy  :  -131.2721752 Eh     change       -0.1188997E-02 Eh
   gradient norm :     0.0096409 Eh/α   predicted    -0.9420184E-03 ( -20.77%)
   displ. norm   :     0.4725952 α      lambda       -0.1049733E-02
   maximum displ.:     0.2662385 α      in ANC's #10, #12, #5, ...

........................................................................
.............................. CYCLE    6 ..............................
........................................................................
   1   -133.0131222 -0.133013E+03  0.150E-01    0.78       0.0  T
   2   -133.0131281 -0.594703E-05  0.895E-02    0.77       1.0  T
   3   -133.0130678  0.603592E-04  0.300E-02    0.78       1.0  T
   4   -133.0131278 -0.600267E-04  0.945E-03    0.77       1.4  T
   5   -133.0131330 -0.522095E-05  0.364E-03    0.77       3.5  T
   6   -133.0131332 -0.153164E-06  0.231E-03    0.77       5.6  T
   7   -133.0131334 -0.208400E-06  0.646E-04    0.77      20.0  T
     SCC iter.                  ...        0 min,  0.061 sec
     gradient                   ...        0 min,  0.010 sec
 * total energy  :  -131.2730100 Eh     change       -0.8348260E-03 Eh
   gradient norm :     0.0134391 Eh/α   predicted    -0.6420962E-03 ( -23.09%)
   displ. norm   :     0.4828624 α      lambda       -0.8653452E-03
   maximum displ.:     0.2715775 α      in ANC's #10, #5, #12, ...

........................................................................
.............................. CYCLE    7 ..............................
........................................................................
   1   -133.0175482 -0.133018E+03  0.154E-01    0.78       0.0  T
   2   -133.0175552 -0.703541E-05  0.914E-02    0.78       1.0  T
   3   -133.0175428  0.123856E-04  0.166E-02    0.78       1.0  T
   4   -133.0175583 -0.155137E-04  0.513E-03    0.78       2.5  T
   5   -133.0175589 -0.544614E-06  0.325E-03    0.78       4.0  T
   6   -133.0175590 -0.739754E-07  0.196E-03    0.78       6.6  T
   7   -133.0175592 -0.238550E-06  0.700E-04    0.78      18.4  T
     SCC iter.                  ...        0 min,  0.064 sec
     gradient                   ...        0 min,  0.010 sec
 * total energy  :  -131.2737085 Eh     change       -0.6984621E-03 Eh
   gradient norm :     0.0128521 Eh/α   predicted    -0.5335711E-03 ( -23.61%)
   displ. norm   :     0.4828427 α      lambda       -0.7227801E-03
   maximum displ.:     0.2749925 α      in ANC's #10, #5, #12, ...

........................................................................
.............................. CYCLE    8 ..............................
........................................................................
   1   -133.0210576 -0.133021E+03  0.156E-01    0.78       0.0  T
   2   -133.0210651 -0.751599E-05  0.928E-02    0.78       1.0  T
   3   -133.0210150  0.500918E-04  0.287E-02    0.78       1.0  T
   4   -133.0210621 -0.470712E-04  0.113E-02    0.79       1.1  T
   5   -133.0210704 -0.837124E-05  0.351E-03    0.79       3.7  T
   6   -133.0210705 -0.338839E-07  0.204E-03    0.79       6.3  T
   7   -133.0210706 -0.165404E-06  0.646E-04    0.79      20.0  T
     SCC iter.                  ...        0 min,  0.073 sec
     gradient                   ...        0 min,  0.010 sec
 * total energy  :  -131.2742644 Eh     change       -0.5559425E-03 Eh
   gradient norm :     0.0079173 Eh/α   predicted    -0.4456491E-03 ( -19.84%)
   displ. norm   :     0.4096500 α      lambda       -0.4250039E-03
   maximum displ.:     0.2348755 α      in ANC's #10, #5, #11, ...

........................................................................
.............................. CYCLE    9 ..............................
........................................................................
   1   -133.0227709 -0.133023E+03  0.133E-01    0.79       0.0  T
   2   -133.0227755 -0.459498E-05  0.790E-02    0.79       1.0  T
   3   -133.0226977  0.778097E-04  0.343E-02    0.79       1.0  T
   4   -133.0227759 -0.782065E-04  0.896E-03    0.79       1.4  T
   5   -133.0227808 -0.488909E-05  0.324E-03    0.79       4.0  T
   6   -133.0227808 -0.572781E-07  0.212E-03    0.79       6.1  T
   7   -133.0227810 -0.183199E-06  0.599E-04    0.79      21.5  T
     SCC iter.                  ...        0 min,  0.063 sec
     gradient                   ...        0 min,  0.015 sec
 * total energy  :  -131.2745678 Eh     change       -0.3033884E-03 Eh
   gradient norm :     0.0035405 Eh/α   predicted    -0.2481646E-03 ( -18.20%)
   displ. norm   :     0.2736801 α      lambda       -0.1736344E-03
   maximum displ.:     0.1600093 α      in ANC's #5, #10, #7, ...

........................................................................
.............................. CYCLE   10 ..............................
........................................................................
   1   -133.0235213 -0.133024E+03  0.867E-02    0.79       0.0  T
   2   -133.0235228 -0.158057E-05  0.514E-02    0.80       1.0  T
   3   -133.0234829  0.399640E-04  0.243E-02    0.80       1.0  T
   4   -133.0235240 -0.411041E-04  0.509E-03    0.80       2.5  T
   5   -133.0235254 -0.136388E-05  0.236E-03    0.80       5.5  T
   6   -133.0235255 -0.109341E-06  0.138E-03    0.80       9.4  T
   7   -133.0235255 -0.729666E-07  0.394E-04    0.80      32.8  T
   8   -133.0235255 -0.532123E-08  0.175E-04    0.80      73.6  T
     SCC iter.                  ...        0 min,  0.082 sec
     gradient                   ...        0 min,  0.016 sec
 * total energy  :  -131.2746939 Eh     change       -0.1260736E-03 Eh
   gradient norm :     0.0033209 Eh/α   predicted    -0.9332346E-04 ( -25.98%)
   displ. norm   :     0.1945986 α      lambda       -0.9371557E-04
   maximum displ.:     0.1180427 α      in ANC's #5, #10, #7, ...

........................................................................
.............................. CYCLE   11 ..............................
........................................................................
   1   -133.0238489 -0.133024E+03  0.586E-02    0.80       0.0  T
   2   -133.0238497 -0.836006E-06  0.346E-02    0.80       1.0  T
   3   -133.0238347  0.149619E-04  0.148E-02    0.80       1.0  T
   4   -133.0238502 -0.154528E-04  0.343E-03    0.80       3.8  T
   5   -133.0238508 -0.606025E-06  0.164E-03    0.80       7.9  T
   6   -133.0238508 -0.477682E-07  0.949E-04    0.80      13.6  T
   7   -133.0238509 -0.423110E-07  0.257E-04    0.80      50.3  T
     SCC iter.                  ...        0 min,  0.065 sec
     gradient                   ...        0 min,  0.010 sec
 * total energy  :  -131.2747653 Eh     change       -0.7145120E-04 Eh
   gradient norm :     0.0033398 Eh/α   predicted    -0.4863434E-04 ( -31.93%)
   displ. norm   :     0.1678467 α      lambda       -0.6880239E-04
   maximum displ.:     0.1014427 α      in ANC's #5, #10, #4, ...

........................................................................
.............................. CYCLE   12 ..............................
........................................................................
   1   -133.0237020 -0.133024E+03  0.482E-02    0.80       0.0  T
   2   -133.0237029 -0.899296E-06  0.283E-02    0.80       1.0  T
   3   -133.0236985  0.434561E-05  0.842E-03    0.80       1.5  T
   4   -133.0237031 -0.456936E-05  0.273E-03    0.80       4.7  T
   5   -133.0237034 -0.325815E-06  0.142E-03    0.80       9.1  T
   6   -133.0237035 -0.399418E-07  0.836E-04    0.80      15.4  T
   7   -133.0237035 -0.389010E-07  0.240E-04    0.80      53.9  T
     SCC iter.                  ...        0 min,  0.062 sec
     gradient                   ...        0 min,  0.015 sec
 * total energy  :  -131.2748173 Eh     change       -0.5197919E-04 Eh
   gradient norm :     0.0026097 Eh/α   predicted    -0.3537155E-04 ( -31.95%)
   displ. norm   :     0.1472914 α      lambda       -0.4908045E-04
   maximum displ.:     0.0849577 α      in ANC's #5, #4, #8, ...

........................................................................
.............................. CYCLE   13 ..............................
........................................................................
   1   -133.0232358 -0.133023E+03  0.423E-02    0.80       0.0  T
   2   -133.0232368 -0.950640E-06  0.246E-02    0.80       1.0  T
   3   -133.0232361  0.701743E-06  0.436E-03    0.80       3.0  T
   4   -133.0232371 -0.101271E-05  0.170E-03    0.80       7.6  T
   5   -133.0232371 -0.442765E-07  0.112E-03    0.80      11.5  T
   6   -133.0232372 -0.402332E-07  0.466E-04    0.80      27.7  T
   7   -133.0232372 -0.812969E-08  0.260E-04    0.80      49.7  T
     SCC iter.                  ...        0 min,  0.073 sec
     gradient                   ...        0 min,  0.010 sec
 * total energy  :  -131.2748538 Eh     change       -0.3647794E-04 Eh
   gradient norm :     0.0019856 Eh/α   predicted    -0.2507635E-04 ( -31.26%)
   displ. norm   :     0.1930938 α      lambda       -0.3611331E-04
   maximum displ.:     0.1022062 α      in ANC's #5, #4, #8, ...

........................................................................
.............................. CYCLE   14 ..............................
........................................................................
   1   -133.0222714 -0.133022E+03  0.593E-02    0.80       0.0  T
   2   -133.0222733 -0.189489E-05  0.346E-02    0.80       1.0  T
   3   -133.0222717  0.157393E-05  0.618E-03    0.80       2.1  T
   4   -133.0222734 -0.169288E-05  0.344E-03    0.79       3.8  T
   5   -133.0222739 -0.495628E-06  0.197E-03    0.80       6.5  T
   6   -133.0222740 -0.142650E-06  0.822E-04    0.79      15.7  T
   7   -133.0222740 -0.384692E-07  0.302E-04    0.80      42.8  T
     SCC iter.                  ...        0 min,  0.062 sec
     gradient                   ...        0 min,  0.010 sec
 * total energy  :  -131.2748907 Eh     change       -0.3688246E-04 Eh
   gradient norm :     0.0022872 Eh/α   predicted    -0.1835867E-04 ( -50.22%)
   displ. norm   :     0.0959494 α      lambda       -0.2905864E-04
   maximum displ.:     0.0459688 α      in ANC's #4, #8, #5, ...

........................................................................
.............................. CYCLE   15 ..............................
........................................................................
   1   -133.0220922 -0.133022E+03  0.336E-02    0.79       0.0  T
   2   -133.0220928 -0.531936E-06  0.196E-02    0.79       1.0  T
   3   -133.0220922  0.562344E-06  0.356E-03    0.79       3.6  T
   4   -133.0220928 -0.622497E-06  0.188E-03    0.79       6.9  T
   5   -133.0220930 -0.131300E-06  0.110E-03    0.79      11.7  T
   6   -133.0220930 -0.468201E-07  0.460E-04    0.79      28.1  T
   7   -133.0220930 -0.128720E-07  0.131E-04    0.79      98.9  T
     SCC iter.                  ...        0 min,  0.060 sec
     gradient                   ...        0 min,  0.010 sec
 * total energy  :  -131.2749163 Eh     change       -0.2560261E-04 Eh
   gradient norm :     0.0021750 Eh/α   predicted    -0.1466762E-04 ( -42.71%)
   displ. norm   :     0.2321591 α      lambda       -0.6878957E-04
   maximum displ.:     0.1125854 α      in ANC's #4, #8, #6, ...

........................................................................
.............................. CYCLE   16 ..............................
........................................................................
   1   -133.0216902 -0.133022E+03  0.821E-02    0.79       0.0  T
   2   -133.0216931 -0.288271E-05  0.479E-02    0.79       1.0  T
   3   -133.0216879  0.519421E-05  0.101E-02    0.79       1.3  T
   4   -133.0216933 -0.542695E-05  0.481E-03    0.79       2.7  T
   5   -133.0216943 -0.979817E-06  0.243E-03    0.79       5.3  T
   6   -133.0216945 -0.182182E-06  0.108E-03    0.79      12.0  T
   7   -133.0216945 -0.630636E-07  0.324E-04    0.79      39.8  T
   8   -133.0216945 -0.172500E-08  0.185E-04    0.79      69.7  T
     SCC iter.                  ...        0 min,  0.064 sec
     gradient                   ...        0 min,  0.010 sec
 * total energy  :  -131.2749655 Eh     change       -0.4927115E-04 Eh
   gradient norm :     0.0024984 Eh/α   predicted    -0.3625151E-04 ( -26.42%)
   displ. norm   :     0.1847669 α      lambda       -0.3493960E-04
   maximum displ.:     0.0967977 α      in ANC's #4, #6, #8, ...

........................................................................
.............................. CYCLE   17 ..............................
........................................................................
   1   -133.0217242 -0.133022E+03  0.654E-02    0.79       0.0  T
   2   -133.0217262 -0.192387E-05  0.379E-02    0.79       1.0  T
   3   -133.0217214  0.474652E-05  0.937E-03    0.79       1.4  T
   4   -133.0217267 -0.524316E-05  0.353E-03    0.79       3.7  T
   5   -133.0217270 -0.354065E-06  0.203E-03    0.79       6.4  T
   6   -133.0217272 -0.151748E-06  0.874E-04    0.79      14.8  T
   7   -133.0217272 -0.412588E-07  0.254E-04    0.79      50.8  T
     SCC iter.                  ...        0 min,  0.056 sec
     gradient                   ...        0 min,  0.014 sec
 * total energy  :  -131.2749902 Eh     change       -0.2469850E-04 Eh
   gradient norm :     0.0023969 Eh/α   predicted    -0.1806766E-04 ( -26.85%)
   displ. norm   :     0.1145258 α      lambda       -0.2039634E-04
   maximum displ.:     0.0661393 α      in ANC's #4, #6, #5, ...

........................................................................
.............................. CYCLE   18 ..............................
........................................................................
   1   -133.0223803 -0.133022E+03  0.398E-02    0.79       0.0  T
   2   -133.0223811 -0.765006E-06  0.230E-02    0.79       1.0  T
   3   -133.0223771  0.390654E-05  0.794E-03    0.79       1.6  T
   4   -133.0223814 -0.420979E-05  0.222E-03    0.79       5.8  T
   5   -133.0223815 -0.122456E-06  0.141E-03    0.79       9.2  T
   6   -133.0223816 -0.747083E-07  0.615E-04    0.79      21.0  T
   7   -133.0223816 -0.186729E-07  0.185E-04    0.79      69.7  T
     SCC iter.                  ...        0 min,  0.062 sec
     gradient                   ...        0 min,  0.015 sec
 * total energy  :  -131.2750066 Eh     change       -0.1638061E-04 Eh
   gradient norm :     0.0015839 Eh/α   predicted    -0.1033693E-04 ( -36.90%)
   displ. norm   :     0.1763433 α      lambda       -0.2249027E-04
   maximum displ.:     0.1084168 α      in ANC's #4, #6, #5, ...

........................................................................
.............................. CYCLE   19 ..............................
........................................................................
   1   -133.0235259 -0.133024E+03  0.627E-02    0.79       0.0  T
   2   -133.0235281 -0.219633E-05  0.362E-02    0.79       1.0  T
   3   -133.0235152  0.128798E-04  0.142E-02    0.79       1.0  T
   4   -133.0235289 -0.136941E-04  0.402E-03    0.79       3.2  T
   5   -133.0235295 -0.575536E-06  0.228E-03    0.79       5.7  T
   6   -133.0235297 -0.146074E-06  0.116E-03    0.79      11.2  T
   7   -133.0235297 -0.694399E-07  0.337E-04    0.79      38.3  T
   8   -133.0235297 -0.281656E-08  0.163E-04    0.79      79.0  T
     SCC iter.                  ...        0 min,  0.080 sec
     gradient                   ...        0 min,  0.015 sec
 * total energy  :  -131.2750290 Eh     change       -0.2242991E-04 Eh
   gradient norm :     0.0015745 Eh/α   predicted    -0.1140546E-04 ( -49.15%)
   displ. norm   :     0.1763029 α      lambda        0.4445255E-05
   maximum displ.:     0.1084203 α      in ANC's #4, #6, #5, ...

........................................................................
.............................. CYCLE   20 ..............................
........................................................................
   1   -133.0242265 -0.133024E+03  0.626E-02    0.79       0.0  T
   2   -133.0242287 -0.220535E-05  0.362E-02    0.79       1.0  T
   3   -133.0242161  0.126562E-04  0.140E-02    0.79       1.0  T
   4   -133.0242295 -0.134764E-04  0.400E-03    0.80       3.2  T
   5   -133.0242301 -0.561112E-06  0.230E-03    0.79       5.6  T
   6   -133.0242302 -0.152502E-06  0.116E-03    0.79      11.1  T
   7   -133.0242303 -0.698996E-07  0.337E-04    0.79      38.3  T
   8   -133.0242303 -0.283350E-08  0.166E-04    0.79      77.8  T
     SCC iter.                  ...        0 min,  0.071 sec
     gradient                   ...        0 min,  0.015 sec
 * total energy  :  -131.2750290 Eh     change        0.3614306E-07 Eh
   gradient norm :     0.0038416 Eh/α   predicted     0.2250962E-05 (6127.92%)
   displ. norm   :     0.0279402 α      lambda       -0.1357536E-04
   maximum displ.:     0.0155435 α      in ANC's #12, #5, #8, ...
 * RMSD in coord.:     0.4901312 α      energy gain  -0.3762367E-01 Eh

generating ANC from model Hessian ...
Using Lindh-Hessian (1995)
 Shifting diagonal of input Hessian by   4.957679812551199E-003
 Lowest  eigenvalues of input Hessian
   -0.000000   -0.000000   -0.000000    0.000000    0.000000    0.000000
    0.005000    0.005077    0.005260    0.005399    0.005764    0.005934
    0.006238    0.006862    0.006952    0.007549    0.008213    0.009493
 Highest eigenvalues
    2.154006    2.189224    2.239182    2.250635    2.316316    2.327873
 

........................................................................
.............................. CYCLE   21 ..............................
........................................................................
   1   -133.0239929 -0.133024E+03  0.841E-03    0.79       0.0  T
   2   -133.0239930 -0.673655E-07  0.493E-03    0.79       2.6  T
   3   -133.0239923  0.710685E-06  0.354E-03    0.79       3.6  T
   4   -133.0239930 -0.761486E-06  0.910E-04    0.79      14.2  T
   5   -133.0239931 -0.401808E-07  0.445E-04    0.79      29.0  T
     SCC iter.                  ...        0 min,  0.044 sec
     gradient                   ...        0 min,  0.010 sec
 * total energy  :  -131.2750404 Eh     change       -0.1140488E-04 Eh
   gradient norm :     0.0027104 Eh/α   predicted     0.0000000E+00 (-100.00%)
   displ. norm   :     0.0404833 α      lambda       -0.1685414E-04
   maximum displ.:     0.0194975 α      in ANC's #4, #5, #12, ...

........................................................................
.............................. CYCLE   22 ..............................
........................................................................
   1   -133.0234410 -0.133023E+03  0.130E-02    0.79       0.0  T
   2   -133.0234411 -0.107708E-06  0.772E-03    0.79       1.7  T
   3   -133.0234399  0.118070E-05  0.442E-03    0.79       2.9  T
   4   -133.0234412 -0.128695E-05  0.873E-04    0.79      14.8  T
   5   -133.0234413 -0.261083E-07  0.490E-04    0.79      26.3  T
   6   -133.0234413 -0.388249E-08  0.348E-04    0.79      37.1  T
     SCC iter.                  ...        0 min,  0.049 sec
     gradient                   ...        0 min,  0.010 sec
 * total energy  :  -131.2750547 Eh     change       -0.1424445E-04 Eh
   gradient norm :     0.0014854 Eh/α   predicted    -0.8459759E-05 ( -40.61%)
   displ. norm   :     0.0670540 α      lambda       -0.1335947E-04
   maximum displ.:     0.0302695 α      in ANC's #4, #12, #5, ...

........................................................................
.............................. CYCLE   23 ..............................
........................................................................
   1   -133.0226164 -0.133023E+03  0.218E-02    0.79       0.0  T
   2   -133.0226167 -0.306427E-06  0.129E-02    0.79       1.0  T
   3   -133.0226133  0.341841E-05  0.723E-03    0.79       1.8  T
   4   -133.0226168 -0.353215E-05  0.193E-03    0.79       6.7  T
   5   -133.0226170 -0.192120E-06  0.946E-04    0.79      13.6  T
   6   -133.0226170 -0.395805E-07  0.472E-04    0.79      27.4  T
     SCC iter.                  ...        0 min,  0.241 sec
     gradient                   ...        0 min,  0.010 sec
 * total energy  :  -131.2750684 Eh     change       -0.1374634E-04 Eh
   gradient norm :     0.0007926 Eh/α   predicted    -0.6700190E-05 ( -51.26%)
   displ. norm   :     0.0698835 α      lambda       -0.7406587E-05
   maximum displ.:     0.0357788 α      in ANC's #4, #6, #5, ...

........................................................................
.............................. CYCLE   24 ..............................
........................................................................
   1   -133.0222316 -0.133022E+03  0.237E-02    0.79       0.0  T
   2   -133.0222318 -0.231362E-06  0.139E-02    0.79       1.0  T
   3   -133.0222304  0.140417E-05  0.461E-03    0.79       2.8  T
   4   -133.0222319 -0.147801E-05  0.134E-03    0.79       9.6  T
   5   -133.0222319 -0.724488E-07  0.725E-04    0.79      17.8  T
   6   -133.0222319 -0.997937E-08  0.419E-04    0.79      30.8  T
     SCC iter.                  ...        0 min,  0.059 sec
     gradient                   ...        0 min,  0.015 sec
 * total energy  :  -131.2750771 Eh     change       -0.8735622E-05 Eh
   gradient norm :     0.0014324 Eh/α   predicted    -0.3716105E-05 ( -57.46%)
   displ. norm   :     0.0997468 α      lambda       -0.9249794E-05
   maximum displ.:     0.0531926 α      in ANC's #4, #6, #5, ...

........................................................................
.............................. CYCLE   25 ..............................
........................................................................
   1   -133.0220472 -0.133022E+03  0.340E-02    0.79       0.0  T
   2   -133.0220476 -0.399051E-06  0.200E-02    0.79       1.0  T
   3   -133.0220475  0.107393E-06  0.234E-03    0.79       5.5  T
   4   -133.0220477 -0.204587E-06  0.143E-03    0.79       9.1  T
   5   -133.0220478 -0.427010E-07  0.101E-03    0.79      12.8  T
   6   -133.0220478 -0.522575E-07  0.251E-04    0.79      51.5  T
   7   -133.0220478 -0.268705E-08  0.125E-04    0.79     103.3  T
     SCC iter.                  ...        0 min,  0.067 sec
     gradient                   ...        0 min,  0.011 sec
 * total energy  :  -131.2750880 Eh     change       -0.1087122E-04 Eh
   gradient norm :     0.0014771 Eh/α   predicted    -0.4647823E-05 ( -57.25%)
   displ. norm   :     0.1295094 α      lambda       -0.1108825E-04
   maximum displ.:     0.0716166 α      in ANC's #4, #6, #3, ...

........................................................................
.............................. CYCLE   26 ..............................
........................................................................
   1   -133.0221315 -0.133022E+03  0.452E-02    0.79       0.0  T
   2   -133.0221323 -0.774158E-06  0.265E-02    0.79       1.0  T
   3   -133.0221321  0.172169E-06  0.312E-03    0.79       4.1  T
   4   -133.0221326 -0.434208E-06  0.174E-03    0.79       7.4  T
   5   -133.0221326  0.651772E-08  0.135E-03    0.79       9.6  T
   6   -133.0221327 -0.102967E-06  0.467E-04    0.79      27.7  T
   7   -133.0221327 -0.134721E-07  0.157E-04    0.79      82.3  T
     SCC iter.                  ...        0 min,  0.071 sec
     gradient                   ...        0 min,  0.016 sec
 * total energy  :  -131.2751004 Eh     change       -0.1238373E-04 Eh
   gradient norm :     0.0009090 Eh/α   predicted    -0.5586110E-05 ( -54.89%)
   displ. norm   :     0.1224888 α      lambda       -0.8908948E-05
   maximum displ.:     0.0710431 α      in ANC's #4, #6, #3, ...

........................................................................
.............................. CYCLE   27 ..............................
........................................................................
   1   -133.0224249 -0.133022E+03  0.424E-02    0.79       0.0  T
   2   -133.0224255 -0.595225E-06  0.248E-02    0.79       1.0  T
   3   -133.0224245  0.977744E-06  0.439E-03    0.79       2.9  T
   4   -133.0224257 -0.113088E-05  0.191E-03    0.79       6.7  T
   5   -133.0224258 -0.110262E-06  0.111E-03    0.79      11.6  T
   6   -133.0224258 -0.418743E-07  0.519E-04    0.79      24.9  T
   7   -133.0224258 -0.152525E-07  0.147E-04    0.79      87.7  T
     SCC iter.                  ...        0 min,  0.070 sec
     gradient                   ...        0 min,  0.010 sec
 * total energy  :  -131.2751101 Eh     change       -0.9743251E-05 Eh
   gradient norm :     0.0005823 Eh/α   predicted    -0.4488416E-05 ( -53.93%)
   displ. norm   :     0.0950423 α      lambda       -0.6220151E-05
   maximum displ.:     0.0579707 α      in ANC's #4, #6, #3, ...

........................................................................
.............................. CYCLE   28 ..............................
........................................................................
   1   -133.0227400 -0.133023E+03  0.339E-02    0.79       0.0  T
   2   -133.0227404 -0.399162E-06  0.198E-02    0.79       1.0  T
   3   -133.0227396  0.780700E-06  0.382E-03    0.79       3.4  T
   4   -133.0227405 -0.873395E-06  0.157E-03    0.79       8.2  T
   5   -133.0227406 -0.956398E-07  0.760E-04    0.79      17.0  T
   6   -133.0227406 -0.122145E-07  0.360E-04    0.79      35.9  T
     SCC iter.                  ...        0 min,  0.062 sec
     gradient                   ...        0 min,  0.010 sec
 * total energy  :  -131.2751173 Eh     change       -0.7176821E-05 Eh
   gradient norm :     0.0007429 Eh/α   predicted    -0.3123448E-05 ( -56.48%)
   displ. norm   :     0.1009424 α      lambda       -0.6938822E-05
   maximum displ.:     0.0621399 α      in ANC's #4, #6, #3, ...

........................................................................
.............................. CYCLE   29 ..............................
........................................................................
   1   -133.0229738 -0.133023E+03  0.369E-02    0.79       0.0  T
   2   -133.0229743 -0.491070E-06  0.215E-02    0.79       1.0  T
   3   -133.0229741  0.196276E-06  0.274E-03    0.79       4.7  T
   4   -133.0229744 -0.267957E-06  0.173E-03    0.79       7.5  T
   5   -133.0229745 -0.112008E-06  0.911E-04    0.79      14.2  T
   6   -133.0229745 -0.328164E-07  0.298E-04    0.79      43.3  T
     SCC iter.                  ...        0 min,  0.050 sec
     gradient                   ...        0 min,  0.010 sec
 * total energy  :  -131.2751258 Eh     change       -0.8484538E-05 Eh
   gradient norm :     0.0008832 Eh/α   predicted    -0.3489712E-05 ( -58.87%)
   displ. norm   :     0.1449057 α      lambda       -0.9635107E-05
   maximum displ.:     0.0884665 α      in ANC's #4, #6, #3, ...

........................................................................
.............................. CYCLE   30 ..............................
........................................................................
   1   -133.0228866 -0.133023E+03  0.537E-02    0.79       0.0  T
   2   -133.0228876 -0.105663E-05  0.313E-02    0.79       1.0  T
   3   -133.0228869  0.706303E-06  0.451E-03    0.79       2.9  T
   4   -133.0228878 -0.895244E-06  0.256E-03    0.79       5.0  T
   5   -133.0228880 -0.238048E-06  0.124E-03    0.79      10.5  T
   6   -133.0228881 -0.617675E-07  0.373E-04    0.79      34.6  T
   7   -133.0228881 -0.578925E-08  0.189E-04    0.79      68.2  T
     SCC iter.                  ...        0 min,  0.070 sec
     gradient                   ...        0 min,  0.010 sec
 * total energy  :  -131.2751380 Eh     change       -0.1219818E-04 Eh
   gradient norm :     0.0008654 Eh/α   predicted    -0.4865481E-05 ( -60.11%)
   displ. norm   :     0.2224351 α      lambda       -0.1385220E-04
   maximum displ.:     0.1348822 α      in ANC's #4, #6, #3, ...

........................................................................
.............................. CYCLE   31 ..............................
........................................................................
   1   -133.0223952 -0.133022E+03  0.818E-02    0.79       0.0  T
   2   -133.0223976 -0.247323E-05  0.476E-02    0.79       1.0  T
   3   -133.0223973  0.350886E-06  0.541E-03    0.79       2.4  T
   4   -133.0223980 -0.761927E-06  0.379E-03    0.79       3.4  T
   5   -133.0223985 -0.474098E-06  0.194E-03    0.79       6.6  T
   6   -133.0223987 -0.197144E-06  0.599E-04    0.79      21.5  T
   7   -133.0223987 -0.165461E-07  0.280E-04    0.79      46.2  T
     SCC iter.                  ...        0 min,  0.072 sec
     gradient                   ...        0 min,  0.016 sec
 * total energy  :  -131.2751549 Eh     change       -0.1687611E-04 Eh
   gradient norm :     0.0008961 Eh/α   predicted    -0.7080529E-05 ( -58.04%)
   displ. norm   :     0.2684405 α      lambda       -0.1493579E-04
   maximum displ.:     0.1631035 α      in ANC's #4, #6, #3, ...

........................................................................
.............................. CYCLE   32 ..............................
........................................................................
   1   -133.0217825 -0.133022E+03  0.971E-02    0.79       0.0  T
   2   -133.0217862 -0.374364E-05  0.565E-02    0.79       1.0  T
   3   -133.0217853  0.898288E-06  0.702E-03    0.79       1.8  T
   4   -133.0217868 -0.147980E-05  0.476E-03    0.79       2.7  T
   5   -133.0217876 -0.821803E-06  0.231E-03    0.79       5.6  T
   6   -133.0217879 -0.257606E-06  0.676E-04    0.79      19.1  T
   7   -133.0217879 -0.198883E-07  0.352E-04    0.79      36.7  T
     SCC iter.                  ...        0 min,  0.071 sec
     gradient                   ...        0 min,  0.016 sec
 * total energy  :  -131.2751723 Eh     change       -0.1740284E-04 Eh
   gradient norm :     0.0010942 Eh/α   predicted    -0.7709560E-05 ( -55.70%)
   displ. norm   :     0.2666654 α      lambda       -0.1339538E-04
   maximum displ.:     0.1630819 α      in ANC's #4, #6, #3, ...

........................................................................
.............................. CYCLE   33 ..............................
........................................................................
   1   -133.0213474 -0.133021E+03  0.932E-02    0.79       0.0  T
   2   -133.0213510 -0.354639E-05  0.542E-02    0.79       1.0  T
   3   -133.0213511 -0.131372E-06  0.568E-03    0.79       2.3  T
   4   -133.0213517 -0.588201E-06  0.414E-03    0.79       3.1  T
   5   -133.0213521 -0.427376E-06  0.253E-03    0.79       5.1  T
   6   -133.0213525 -0.367606E-06  0.715E-04    0.79      18.1  T
   7   -133.0213525 -0.259608E-07  0.338E-04    0.79      38.2  T
     SCC iter.                  ...        0 min,  0.064 sec
     gradient                   ...        0 min,  0.010 sec
 * total energy  :  -131.2751878 Eh     change       -0.1555800E-04 Eh
   gradient norm :     0.0010920 Eh/α   predicted    -0.6911432E-05 ( -55.58%)
   displ. norm   :     0.2666383 α      lambda       -0.1349012E-04
   maximum displ.:     0.1634890 α      in ANC's #4, #3, #6, ...

........................................................................
.............................. CYCLE   34 ..............................
........................................................................
   1   -133.0211875 -0.133021E+03  0.910E-02    0.79       0.0  T
   2   -133.0211911 -0.364226E-05  0.528E-02    0.79       1.0  T
   3   -133.0211916 -0.413243E-06  0.542E-03    0.79       2.4  T
   4   -133.0211921 -0.550653E-06  0.379E-03    0.79       3.4  T
   5   -133.0211923 -0.175111E-06  0.259E-03    0.79       5.0  T
   6   -133.0211927 -0.404780E-06  0.707E-04    0.79      18.2  T
   7   -133.0211927 -0.251365E-07  0.339E-04    0.79      38.1  T
     SCC iter.                  ...        0 min,  0.071 sec
     gradient                   ...        0 min,  0.016 sec
 * total energy  :  -131.2752032 Eh     change       -0.1534720E-04 Eh
   gradient norm :     0.0010728 Eh/α   predicted    -0.6959688E-05 ( -54.65%)
   displ. norm   :     0.2706958 α      lambda       -0.1445884E-04
   maximum displ.:     0.1656039 α      in ANC's #4, #3, #2, ...

........................................................................
.............................. CYCLE   35 ..............................
........................................................................
   1   -133.0212684 -0.133021E+03  0.891E-02    0.79       0.0  T
   2   -133.0212719 -0.348200E-05  0.517E-02    0.79       1.0  T
   3   -133.0212720 -0.706297E-07  0.572E-03    0.79       2.3  T
   4   -133.0212728 -0.772160E-06  0.397E-03    0.79       3.3  T
   5   -133.0212731 -0.312047E-06  0.240E-03    0.79       5.4  T
   6   -133.0212734 -0.335738E-06  0.717E-04    0.79      18.0  T
   7   -133.0212734 -0.260567E-07  0.315E-04    0.79      41.0  T
     SCC iter.                  ...        0 min,  0.072 sec
     gradient                   ...        0 min,  0.010 sec
 * total energy  :  -131.2752195 Eh     change       -0.1633081E-04 Eh
   gradient norm :     0.0009668 Eh/α   predicted    -0.7469749E-05 ( -54.26%)
   displ. norm   :     0.3285779 α      lambda       -0.1522316E-04
   maximum displ.:     0.2012196 α      in ANC's #4, #3, #2, ...

........................................................................
.............................. CYCLE   36 ..............................
........................................................................
   1   -133.0207402 -0.133021E+03  0.107E-01    0.79       0.0  T
   2   -133.0207454 -0.519002E-05  0.620E-02    0.79       1.0  T
   3   -133.0207446  0.807152E-06  0.777E-03    0.79       1.7  T
   4   -133.0207465 -0.196563E-05  0.502E-03    0.79       2.6  T
   5   -133.0207472 -0.722195E-06  0.252E-03    0.79       5.1  T
   6   -133.0207476 -0.364538E-06  0.767E-04    0.79      16.8  T
   7   -133.0207476 -0.261406E-07  0.353E-04    0.79      36.5  T
     SCC iter.                  ...        0 min,  0.060 sec
     gradient                   ...        0 min,  0.015 sec
 * total energy  :  -131.2752372 Eh     change       -0.1764826E-04 Eh
   gradient norm :     0.0011597 Eh/α   predicted    -0.7977618E-05 ( -54.80%)
   displ. norm   :     0.3251507 α      lambda       -0.1674332E-04
   maximum displ.:     0.1944456 α      in ANC's #4, #3, #2, ...

........................................................................
.............................. CYCLE   37 ..............................
........................................................................
   1   -133.0218523 -0.133022E+03  0.103E-01    0.79       0.0  T
   2   -133.0218571 -0.480344E-05  0.594E-02    0.79       1.0  T
   3   -133.0218574 -0.213830E-06  0.650E-03    0.79       2.0  T
   4   -133.0218581 -0.762310E-06  0.480E-03    0.79       2.7  T
   5   -133.0218588 -0.713449E-06  0.251E-03    0.79       5.1  T
   6   -133.0218592 -0.334342E-06  0.819E-04    0.79      15.8  T
   7   -133.0218592 -0.334482E-07  0.340E-04    0.79      38.0  T
     SCC iter.                  ...        0 min,  0.065 sec
     gradient                   ...        0 min,  0.010 sec
 * total energy  :  -131.2752534 Eh     change       -0.1624897E-04 Eh
   gradient norm :     0.0011224 Eh/α   predicted    -0.8767717E-05 ( -46.04%)
   displ. norm   :     0.3372784 α      lambda       -0.1149168E-04
   maximum displ.:     0.2060463 α      in ANC's #4, #3, #2, ...

........................................................................
.............................. CYCLE   38 ..............................
........................................................................
   1   -133.0202113 -0.133020E+03  0.108E-01    0.79       0.0  T
   2   -133.0202166 -0.530074E-05  0.627E-02    0.79       1.0  T
   3   -133.0202064  0.102062E-04  0.139E-02    0.79       1.0  T
   4   -133.0202186 -0.121642E-04  0.474E-03    0.79       2.7  T
   5   -133.0202192 -0.565344E-06  0.211E-03    0.79       6.1  T
   6   -133.0202193 -0.142517E-06  0.801E-04    0.79      16.1  T
   7   -133.0202193 -0.267712E-07  0.378E-04    0.79      34.2  T
     SCC iter.                  ...        0 min,  0.071 sec
     gradient                   ...        0 min,  0.010 sec
 * total energy  :  -131.2752593 Eh     change       -0.5871915E-05 Eh
   gradient norm :     0.0020379 Eh/α   predicted    -0.6039585E-05 (   2.86%)
   displ. norm   :     0.0358857 α      lambda       -0.9834662E-05
   maximum displ.:     0.0179942 α      in ANC's #11, #12, #3, ...

........................................................................
.............................. CYCLE   39 ..............................
........................................................................
   1   -133.0221211 -0.133022E+03  0.122E-02    0.79       0.0  T
   2   -133.0221212 -0.789925E-07  0.730E-03    0.79       1.8  T
   3   -133.0221195  0.169398E-05  0.513E-03    0.79       2.5  T
   4   -133.0221212 -0.169709E-05  0.136E-03    0.79       9.5  T
   5   -133.0221213 -0.119460E-06  0.367E-04    0.79      35.2  T
   6   -133.0221213 -0.148924E-08  0.237E-04    0.79      54.4  T
     SCC iter.                  ...        0 min,  0.048 sec
     gradient                   ...        0 min,  0.020 sec
 * total energy  :  -131.2752650 Eh     change       -0.5712450E-05 Eh
   gradient norm :     0.0011201 Eh/α   predicted    -0.4924224E-05 ( -13.80%)
   displ. norm   :     0.1209794 α      lambda       -0.5767434E-05
   maximum displ.:     0.0699406 α      in ANC's #4, #3, #2, ...

........................................................................
.............................. CYCLE   40 ..............................
........................................................................
   1   -133.0226169 -0.133023E+03  0.374E-02    0.79       0.0  T
   2   -133.0226176 -0.672150E-06  0.217E-02    0.79       1.0  T
   3   -133.0226165  0.109413E-05  0.463E-03    0.79       2.8  T
   4   -133.0226177 -0.124231E-05  0.195E-03    0.79       6.6  T
   5   -133.0226179 -0.151543E-06  0.985E-04    0.79      13.1  T
   6   -133.0226179 -0.202596E-07  0.475E-04    0.79      27.2  T
     SCC iter.                  ...        0 min,  0.052 sec
     gradient                   ...        0 min,  0.019 sec
 * total energy  :  -131.2752699 Eh     change       -0.4923990E-05 Eh
   gradient norm :     0.0007024 Eh/α   predicted    -0.2903359E-05 ( -41.04%)
   displ. norm   :     0.1265567 α      lambda       -0.4074442E-05
   maximum displ.:     0.0741609 α      in ANC's #4, #3, #2, ...

   *** GEOMETRY OPTIMIZATION CONVERGED AFTER 40 ITERATIONS ***

------------------------------------------------------------------------
 total energy gain   :        -0.0378646 Eh      -23.7604 kcal/mol
 total RMSD          :         0.7107642 a0        0.3761 Å
 total power (kW/mol):        -2.4853362 (step)  -22.8361 (real)
------------------------------------------------------------------------

 ANCopt (total)                0 d,  0 h,  0 min,  4.353 sec
 optimizer setup                ...        0 min,  0.000 sec (  0.004%)
 model hessian                  ...        0 min,  0.022 sec (  0.503%)
 ANC generation                 ...        0 min,  0.010 sec (  0.239%)
 coordinate transformation      ...        0 min,  0.020 sec (  0.468%)
 single point calculation       ...        0 min,  4.261 sec ( 97.872%)
 optimization log               ...        0 min,  0.009 sec (  0.200%)
 hessian update                 ...        0 min,  0.005 sec (  0.125%)
 rational function              ...        0 min,  0.021 sec (  0.493%)

================
 final structure:
================
$coord
    7.59085604003691   -1.07475374098437    1.86462752779977      C 
    6.00927675225144   -2.93748716309971    2.04977743534340      N 
    3.66866959199729   -1.88483717195009    1.83216701468367      C 
    3.86176702564590    0.87995928555176    1.46448577561975      C 
    1.31081204383032    1.98380516516789    1.23575384350745      C 
    0.71270755432893    4.16482503340555    0.89489084815428      O 
   -0.35298719772408   -0.23521006035620    1.51983783359969      C 
    1.18409684959693   -2.55776720021558    1.86749567094084      C 
   -0.34272599620652   -4.60834828182183    2.14005798508731      N 
   -2.63957046838092   -3.72946999510743    2.00050708886545      C 
   -2.78818402974709   -1.00414401755908    1.61751424966260      C 
    6.39600315735010    1.41859578566981    1.49802967765963      C 
    7.66812610935811    3.82379952421631    1.24577354213911      C 
    6.25046077808301    6.02180222446492    0.83494969665134      C 
    7.41728955835311    8.33254897143395    0.58968106820944      C 
    5.95806081615577   10.38148664964604    0.22886005147057      F 
   10.03743008804628    8.62942498054051    0.75545687084038      C 
   11.45486094779774    6.45530326984472    1.17664544966549      C 
   10.29447244500562    4.13126219741220    1.40160113101345      C 
   11.81507752882323    2.13006534970744    1.78184244556846      F 
   11.23807829506729   11.11912917177490    0.52037508502550      C 
   10.50475179585602   12.81950499542774   -1.34938766560600      C 
   11.63909343951511   15.16043218314256   -1.51922389945907      C 
   10.90450934968698   16.70443696602036   -3.39982874051394      F 
   13.54216246588749   15.93837898138012    0.13600963027434      C 
   14.28006647763619   14.23403761472385    2.00195645600628      C 
   13.14687155042341   11.89291880560258    2.16997538758576      C 
   13.88658229000674   10.34599305730979    4.04593693139993      F 
   14.71612930963582   18.44316019338731   -0.06439841688807      C 
   13.26967238139436   20.59697369160789   -0.50249750364273      C 
   14.39210818964632   22.94586599033222   -0.66596607587088      C 
   12.86981154030929   24.93444685297061   -1.05196027793294      F 
   17.00591547139623   23.28232722502362   -0.41079988365518      C 
   18.45701027943693   21.10797615939198    0.01855218400433      C 
   17.33052455043026   18.77507034708819    0.18593812530705      C 
   18.81317871727515   16.74471771106056    0.55608031614029      F 
   18.29064542621161   25.68386147656928   -0.54860460394603      C 
   20.75335495820896   25.79261222897831   -0.09640855156754      N 
   21.40039116068208   28.23650909279017   -0.35867719275772      C 
   19.16253833193099   29.78641156077368   -1.04964877992444      C 
   19.88716191952802   32.47440223669805   -1.32990546806819      C 
   18.57687849620553   34.25312801381480   -1.89390443909441      O 
   22.61414355966465   32.42000914350397   -0.74164611665873      C 
   23.44684335275905   29.80105444127694   -0.17244794951227      C 
   25.95096541904446   29.75439224332021    0.38259396056979      N 
   26.69628411961295   32.10334398013458    0.20609772001861      C 
   24.70925582070603   33.86926463044351   -0.48403478926242      C 
   17.19922672069706   28.15926948047964   -1.15506824494208      C 
    9.58641915034640   -1.43331256994808    1.97545675846618      H 
   -4.23410957916495   -4.98204783828432    2.16280687681123      H 
   -4.49911704689511    0.06819539644092    1.45878632442462      H 
    4.21515431389123    5.93391761733984    0.71267245195504      H 
   13.48562023830911    6.54651013117173    1.31567114801478      H 
    9.05866609173886   12.32694183388632   -2.69760687637527      H 
   15.71996021215693   14.72697003148155    3.35624621692089      H 
   11.24521735782463   20.46697349141236   -0.69719693917517      H 
   20.47548902135696   21.30774242205259    0.21208986620876      H 
   28.63842944244539   32.59344489949719    0.56165320821325      H 
   24.94232285320197   35.86753929957279   -0.71862979454216      H 
   15.25737086466022   28.52762062908847   -1.58872716382961      H 
$end
           -------------------------------------------------
          |                Final Singlepoint                |
           -------------------------------------------------

          ...................................................
          :                      SETUP                      :
          :.................................................:
          :  # basis functions                 204          :
          :  # atomic orbitals                 204          :
          :  # shells                          108          :
          :  # electrons                       230          :
          :  max. iterations                   250          :
          :  Hamiltonian                  GFN2-xTB          :
          :  restarted?                      false          :
          :  GBSA solvation                  false          :
          :  PC potential                    false          :
          :  electronic temp.          300.0000000     K    :
          :  accuracy                    1.0000000          :
          :  -> integral cutoff          0.2500000E+02      :
          :  -> integral neglect         0.1000000E-07      :
          :  -> SCF convergence          0.1000000E-05 Eh   :
          :  -> wf. convergence          0.1000000E-03 e    :
          :  Broyden damping             0.4000000          :
          ...................................................

 iter      E             dE          RMSdq      gap      omega  full diag
   1   -133.0226179 -0.133023E+03  0.272E-04    0.79       0.0  T
   2   -133.0226179  0.199918E-09  0.145E-04    0.79      88.8  T
   3   -133.0226179  0.280778E-09  0.169E-04    0.79      76.2  T

   *** convergence criteria satisfied after 3 iterations ***

         #    Occupation            Energy/Eh            Energy/eV
      -------------------------------------------------------------
         1        2.0000           -0.8535235             -23.2256
       ...           ...                  ...                  ...
       109        2.0000           -0.4263050             -11.6003
       110        2.0000           -0.4216226             -11.4729
       111        2.0000           -0.4196422             -11.4190
       112        2.0000           -0.4167987             -11.3417
       113        2.0000           -0.4127030             -11.2302
       114        2.0000           -0.4125039             -11.2248
       115        2.0000           -0.4042334             -10.9998 (HOMO)
       116        0.0000           -0.3753157             -10.2129 (LUMO)
       117                         -0.3693030             -10.0492
       118                         -0.3302566              -8.9867
       119                         -0.3118621              -8.4862
       120                         -0.3083961              -8.3919
       ...                                ...                  ...
       204                          0.7642239              20.7956
      -------------------------------------------------------------
                  HL-Gap            0.0289177 Eh            0.7869 eV
             Fermi-level           -0.3897752 Eh          -10.6063 eV

 SCC (total)                   0 d,  0 h,  0 min,  0.063 sec
 SCC setup                      ...        0 min,  0.001 sec (  1.582%)
 Dispersion                     ...        0 min,  0.002 sec (  3.340%)
 integral evaluation            ...        0 min,  0.021 sec ( 32.758%)
 zeroth order Hamiltonian       ...        0 min,  0.001 sec (  1.006%)
 iterations                     ...        0 min,  0.028 sec ( 43.977%)
 molecular gradient             ...        0 min,  0.010 sec ( 15.842%)
 printout                       ...        0 min,  0.001 sec (  1.284%)

         :::::::::::::::::::::::::::::::::::::::::::::::::::::
         ::                     SUMMARY                     ::
         :::::::::::::::::::::::::::::::::::::::::::::::::::::
         :: total energy            -131.275269950042 Eh    ::
         :: gradient norm              0.000701808133 Eh/a0 ::
         :: HOMO-LUMO gap              0.786891566786 eV    ::
         ::.................................................::
         :: SCC energy              -133.022617930347 Eh    ::
         :: -> isotropic ES            0.145182984374 Eh    ::
         :: -> anisotropic ES         -0.001767125014 Eh    ::
         :: -> anisotropic XC          0.033579769246 Eh    ::
         :: -> dispersion             -0.080534283839 Eh    ::
         :: repulsion energy           1.748790380981 Eh    ::
         :: add. restraining           0.000000000000 Eh    ::
         :::::::::::::::::::::::::::::::::::::::::::::::::::::

           -------------------------------------------------
          |                Property Printout                |
           -------------------------------------------------

    * Orbital Energies and Occupations

         #    Occupation            Energy/Eh            Energy/eV
      -------------------------------------------------------------
         1        2.0000           -0.8535235             -23.2256
       ...           ...                  ...                  ...
       103        2.0000           -0.4471762             -12.1683
       104        2.0000           -0.4437243             -12.0744
       105        2.0000           -0.4426651             -12.0455
       106        2.0000           -0.4414793             -12.0133
       107        2.0000           -0.4364230             -11.8757
       108        2.0000           -0.4299032             -11.6983
       109        2.0000           -0.4263050             -11.6003
       110        2.0000           -0.4216226             -11.4729
       111        2.0000           -0.4196422             -11.4190
       112        2.0000           -0.4167987             -11.3417
       113        2.0000           -0.4127030             -11.2302
       114        2.0000           -0.4125039             -11.2248
       115        2.0000           -0.4042334             -10.9998 (HOMO)
       116        0.0000           -0.3753157             -10.2129 (LUMO)
       117                         -0.3693030             -10.0492
       118                         -0.3302566              -8.9867
       119                         -0.3118621              -8.4862
       120                         -0.3083961              -8.3919
       121                         -0.2859115              -7.7800
       122                         -0.2724113              -7.4127
       123                         -0.2717458              -7.3946
       124                         -0.2675368              -7.2800
       125                         -0.2587618              -7.0413
       126                         -0.2350730              -6.3967
       ...                                ...                  ...
       204                          0.7642239              20.7956
      -------------------------------------------------------------
                  HL-Gap            0.0289177 Eh            0.7869 eV
             Fermi-level           -0.3897752 Eh          -10.6063 eV

     #   Z        covCN         q      C6AA      α(0)
     1   6 C      3.175     0.082    25.789     8.294
     2   7 N      1.852    -0.209    26.376     7.612
     3   6 C      3.263     0.102    24.622     8.013
     4   6 C      3.152    -0.044    28.795     8.776
     5   6 C      2.837     0.236    23.062     7.870
     6   8 O      0.856    -0.355    20.803     6.115
     7   6 C      3.169    -0.028    28.330     8.696
     8   6 C      3.269     0.099    24.607     8.001
     9   7 N      1.854    -0.210    26.401     7.616
    10   6 C      3.191     0.085    25.639     8.258
    11   6 C      2.986    -0.026    28.642     8.779
    12   6 C      3.036     0.019    27.560     8.611
    13   6 C      2.966     0.003    27.948     8.671
    14   6 C      2.927    -0.058    29.438     8.898
    15   6 C      2.784     0.165    24.422     8.095
    16   9 F      0.787    -0.207    11.312     3.973
    17   6 C      2.974     0.010    27.795     8.648
    18   6 C      2.926    -0.048    29.193     8.861
    19   6 C      2.783     0.165    24.430     8.096
    20   9 F      0.788    -0.208    11.318     3.974
    21   6 C      2.974     0.010    27.799     8.649
    22   6 C      2.925    -0.047    29.163     8.856
    23   6 C      2.785     0.165    24.427     8.095
    24   9 F      0.787    -0.207    11.311     3.973
    25   6 C      2.974     0.008    27.842     8.655
    26   6 C      2.925    -0.047    29.167     8.857
    27   6 C      2.785     0.165    24.432     8.096
    28   9 F      0.787    -0.207    11.310     3.973
    29   6 C      2.974     0.015    27.663     8.627
    30   6 C      2.925    -0.048    29.184     8.859
    31   6 C      2.781     0.171    24.317     8.077
    32   9 F      0.788    -0.196    11.194     3.952
    33   6 C      2.972     0.001    28.007     8.681
    34   6 C      2.928    -0.044    29.084     8.844
    35   6 C      2.783     0.167    24.396     8.090
    36   9 F      0.787    -0.206    11.293     3.969
    37   6 C      3.223     0.121    24.653     8.070
    38   7 N      1.861    -0.242    27.160     7.725
    39   6 C      3.244     0.101    24.860     8.079
    40   6 C      3.157    -0.030    28.421     8.717
    41   6 C      2.833     0.236    23.061     7.869
    42   8 O      0.856    -0.343    20.569     6.081
    43   6 C      3.167    -0.030    28.386     8.706
    44   6 C      3.271     0.098    24.623     8.001
    45   7 N      1.855    -0.220    26.633     7.649
    46   6 C      3.193     0.083    25.668     8.262
    47   6 C      2.987    -0.030    28.735     8.793
    48   6 C      2.983    -0.033    28.809     8.804
    49   1 H      0.926     0.088     1.899     2.155
    50   1 H      0.926     0.068     2.111     2.272
    51   1 H      0.926     0.065     2.142     2.289
    52   1 H      0.926     0.119     1.625     1.994
    53   1 H      0.926     0.088     1.900     2.155
    54   1 H      0.926     0.091     1.871     2.139
    55   1 H      0.926     0.090     1.876     2.142
    56   1 H      0.926     0.093     1.850     2.127
    57   1 H      0.926     0.111     1.684     2.030
    58   1 H      0.926     0.062     2.170     2.303
    59   1 H      0.926     0.060     2.197     2.318
    60   1 H      0.926     0.077     2.008     2.216

 Mol. C6AA /au·bohr⁶  :      63417.741942
 Mol. C8AA /au·bohr⁸  :    1628923.559736
 Mol. α(0) /au        :        397.004220


Wiberg/Mayer (AO) data.
largest (>0.10) Wiberg bond orders for each atom
          total WBO             WBO to atom ...
     1  C   3.874        N    2 1.649    C   12 1.086    H   49 0.960    C    8 0.106
     2  N   3.058        C    1 1.649    C    3 1.200
     3  C   3.972        C    8 1.462    N    2 1.200    C    4 1.036    C   10 0.105
     4  C   3.971        C   12 1.545    C    5 1.042    C    3 1.036
     5  C   3.943        O    6 1.769    C    4 1.042    C    7 1.029
     6  O   2.087        C    5 1.769
     7  C   3.974        C   11 1.666    C    5 1.029    C    8 1.012    N    9 0.102
     8  C   3.947        C    3 1.462    N    9 1.217    C    7 1.012    C    1 0.106
     9  N   3.053        C   10 1.614    C    8 1.217    C    7 0.102
    10  C   3.866        N    9 1.614    C   11 1.132    H   50 0.965    C    3 0.105
    11  C   3.958        C    7 1.666    C   10 1.132    H   51 0.970
    12  C   3.959        C    4 1.545    C   13 1.120    C    1 1.086
    13  C   3.982        C   14 1.345    C   19 1.312    C   12 1.120
    14  C   3.966        C   15 1.437    C   13 1.345    H   52 0.941
    15  C   3.889        C   14 1.437    C   17 1.319    F   16 0.972
    16  F   1.108        C   15 0.972
    17  C   3.970        C   18 1.383    C   15 1.319    C   21 1.055
    18  C   3.983        C   19 1.421    C   17 1.383    H   53 0.961
    19  C   3.875        C   18 1.421    C   13 1.312    F   20 0.971
    20  F   1.107        C   19 0.971
    21  C   3.979        C   22 1.383    C   27 1.331    C   17 1.055
    22  C   3.980        C   23 1.417    C   21 1.383    H   54 0.961
    23  C   3.886        C   22 1.417    C   25 1.331    F   24 0.972
    24  F   1.107        C   23 0.972
    25  C   3.980        C   26 1.380    C   23 1.331    C   29 1.059
    26  C   3.979        C   27 1.418    C   25 1.380    H   55 0.961
    27  C   3.887        C   26 1.418    C   21 1.331    F   28 0.972
    28  F   1.107        C   27 0.972
    29  C   3.959        C   30 1.384    C   35 1.311    C   25 1.059
    30  C   3.981        C   31 1.418    C   29 1.384    H   56 0.960
    31  C   3.865        C   30 1.418    C   33 1.308    F   32 0.981
    32  F   1.120        C   31 0.981
    33  C   3.979        C   34 1.332    C   31 1.308    C   37 1.128
    34  C   3.954        C   35 1.448    C   33 1.332    H   57 0.954
    35  C   3.890        C   34 1.448    C   29 1.311    F   36 0.973
    36  F   1.109        C   35 0.973
    37  C   3.897        N   38 1.467    C   33 1.128    C   48 1.108
    38  N   3.038        C   37 1.467    C   39 1.276
    39  C   3.971        C   44 1.426    N   38 1.276    C   40 1.011
    40  C   3.976        C   48 1.679    C   41 1.021    C   39 1.011
    41  C   3.944        O   42 1.797    C   43 1.031    C   40 1.021
    42  O   2.091        C   41 1.797
    43  C   3.968        C   47 1.648    C   41 1.031    C   44 1.017    N   45 0.102
    44  C   3.929        C   39 1.426    N   45 1.233    C   43 1.017
    45  N   3.047        C   46 1.588    C   44 1.233    C   43 0.102
    46  C   3.858        N   45 1.588    C   47 1.149    H   58 0.966
    47  C   3.951        C   43 1.648    C   46 1.149    H   59 0.970
    48  C   3.958        C   40 1.679    C   37 1.108    H   60 0.966
    49  H   0.991        C    1 0.960
    50  H   0.994        C   10 0.965
    51  H   0.995        C   11 0.970
    52  H   0.985        C   14 0.941
    53  H   0.992        C   18 0.961
    54  H   0.991        C   22 0.961
    55  H   0.991        C   26 0.961
    56  H   0.991        C   30 0.960
    57  H   0.987        C   34 0.954
    58  H   0.995        C   46 0.966
    59  H   0.996        C   47 0.970
    60  H   0.993        C   48 0.966

molecular dipole:
                 x           y           z       tot (Debye)
 q only:       -0.042      -1.544       0.248
   full:       -0.437      -0.597       0.083       1.892
molecular quadrupole (traceless):
                xx          xy          yy          xz          yz          zz
 q only:       47.866      -0.694     -75.477       1.658      19.935      27.610
  q+dip:       35.851      19.178     -51.473      -2.115      19.659      15.621
   full:       27.530      15.408     -57.039      -5.561      22.261      29.508

           -------------------------------------------------
          |                Geometry Summary                 |
           -------------------------------------------------

      molecular mass/u    :      646.5068000
   center of mass at/Å    :        6.3958517       7.4729487       0.2320769
  moments of inertia/u·Å² :        0.1750916E+04   0.3483661E+05   0.3630539E+05
rotational constants/cm⁻¹ :        0.9627893E-02   0.4839057E-03   0.4643286E-03

 * 49 selected distances

     #   Z        #   Z                                     value/Å
     1   6 C      2   7 N                                 1.2968028
     2   7 N      3   6 C                                 1.3629646
     5   6 C      6   8 O                                 1.2102741
     3   6 C      8   6 C                                 1.3622779
     8   6 C      9   7 N                                 1.3605477
     9   7 N     10   6 C                                 1.3034739
     7   6 C     11   6 C                                 1.3523543
     4   6 C     12   6 C                                 1.3711316
    13   6 C     14   6 C                                 1.4010478
    14   6 C     15   6 C                                 1.3759826
    15   6 C     17   6 C                                 1.3981453
    17   6 C     18   6 C                                 1.3913755
    13   6 C     19   6 C                                 1.4017216
    18   6 C     19   6 C                                 1.3797503
    21   6 C     22   6 C                                 1.3925567
    22   6 C     23   6 C                                 1.3794704
    23   6 C     25   6 C                                 1.3967344
    25   6 C     26   6 C                                 1.3931579
    21   6 C     27   6 C                                 1.3964088
    26   6 C     27   6 C                                 1.3792352
    29   6 C     30   6 C                                 1.3923579
    30   6 C     31   6 C                                 1.3803190
    31   6 C     32   9 F                                 1.3409014
    31   6 C     33   6 C                                 1.4011015
    33   6 C     34   6 C                                 1.4018526
    29   6 C     35   6 C                                 1.4008608
    34   6 C     35   6 C                                 1.3737668
    33   6 C     37   6 C                                 1.4431012
    37   6 C     38   7 N                                 1.3262460
    38   7 N     39   6 C                                 1.3449925
    41   6 C     42   8 O                                 1.2065709
    39   6 C     44   6 C                                 1.3667175
    44   6 C     45   7 N                                 1.3575100
    45   7 N     46   6 C                                 1.3074240
    43   6 C     47   6 C                                 1.3549625
    46   6 C     47   6 C                                 1.4533639 (max)
    40   6 C     48   6 C                                 1.3505219
     1   6 C     49   1 H                                 1.0745191
    10   6 C     50   1 H                                 1.0764365
    11   6 C     51   1 H                                 1.0718156
    14   6 C     52   1 H                                 1.0799817
    18   6 C     53   1 H                                 1.0782277
    22   6 C     54   1 H                                 1.0782079
    26   6 C     55   1 H                                 1.0780650
    30   6 C     56   1 H                                 1.0784350
    34   6 C     57   1 H                                 1.0782264
    46   6 C     58   1 H                                 1.0765275
    47   6 C     59   1 H                                 1.0718233
    48   6 C     60   1 H                                 1.0707895 (min)

 * 5 distinct bonds (by element types)

   Z      Z             #   av. dist./Å        max./Å        min./Å
   1 H    6 C          12     1.0760879     1.0799817     1.0707895
   6 C    6 C          26     1.3880875     1.4533639     1.3505219
   6 C    7 N           8     1.3324952     1.3629646     1.2968028
   6 C    8 O           2     1.2084225     1.2102741     1.2065709
   6 C    9 F           1     1.3409014     1.3409014     1.3409014


optimized geometry written to: xtbopt.xyz


           -------------------------------------------------
          | TOTAL ENERGY             -131.275269950042 Eh   |
          | GRADIENT NORM               0.000701808133 Eh/α |
          | HOMO-LUMO GAP               0.786891566786 eV   |
           -------------------------------------------------

------------------------------------------------------------------------
 * finished run on 2021/09/14 at 00:33:15.788     
------------------------------------------------------------------------
 total:
 * wall-time:     0 d,  0 h,  0 min,  4.700 sec
 *  cpu-time:     0 d,  0 h,  0 min, 49.298 sec
 * ratio c/w:    10.489 speedup
 SCF:
 * wall-time:     0 d,  0 h,  0 min,  0.201 sec
 *  cpu-time:     0 d,  0 h,  0 min,  1.665 sec
 * ratio c/w:     8.300 speedup
 ANC optimizer:
 * wall-time:     0 d,  0 h,  0 min,  4.419 sec
 *  cpu-time:     0 d,  0 h,  0 min, 47.153 sec
 * ratio c/w:    10.670 speedup

