      -----------------------------------------------------------      
     |                   =====================                   |     
     |                           x T B                           |     
     |                   =====================                   |     
     |                         S. Grimme                         |     
     |          Mulliken Center for Theoretical Chemistry        |     
     |                    University of Bonn                     |     
     |                Version 6.2 RC2 (SAW190805)                |     
      -----------------------------------------------------------      

   This program is distributed in the hope that it will be useful,
   but WITHOUT ANY WARRANTY; without even the implied warranty of
   MERCHANTABILITY or FITNESS FOR A PARTICULAR PURPOSE.
   
   FOR NON-COMMERCIAL, ACADEMIA USE ONLY.
   
   Cite this work as:
   * S. Grimme, C. Bannwarth, P. Shushkov, J. Chem. Theory Comput., 2017,
     13, 1989-2009. DOI: 10.1021/acs.jctc.7b00118
   * C. Bannwarth, S. Ehlert and S. Grimme., J. Chem. Theory Comput., 2019,
     15, 1652-1671. DOI: 10.1021/acs.jctc.8b01176
   * P. Pracht, E. Caldeweyher, S. Ehlert, S. Grimme, ChemRxiv, 2019, preprint.
     DOI: 10.26434/chemrxiv.8326202.v1
   
   for DFT-D4:
   * E. Caldeweyher, C. Bannwarth and S. Grimme, J. Chem. Phys., 2017,
     147, 034112. DOI: 10.1063/1.4993215
   * E. Caldeweyher, S. Ehlert, A. Hansen, H. Neugebauer, S. Spicher,
     C. Bannwarth and S. Grimme, J. Chem. Phys., 2019, 150, 154122.
     DOI: 10.1063/1.5090222
   
   for sTDA-xTB:
   * S. Grimme and C. Bannwarth, J. Chem. Phys., 2016, 145, 054103.
     DOI: 10.1063/1.4959605
   
   in the mass-spec context:
   * V. Asgeirsson, C. Bauer and S. Grimme, Chem. Sci., 2017, 8, 4879.
     DOI: 10.1039/c7sc00601b
   
   for metadynamics refer to:
   * S. Grimme, J. Chem. Theory Comput., 2019, 155, 2847-2862
     DOI: 10.1021/acs.jctc.9b00143
   
   with help from (in alphabetical order)
   C. Bannwarth, F. Bohle, G. Brandenburg, E. Caldeweyher, M. Checinski,
   S. Dohm, S. Ehlert, S. Ehrlich, F. März, H. Neugebauer, J. Pisarek,
   P. Pracht, P. Shushkov, and S. Spicher.
   
 * started run on 2021/09/14 at 03:46:58.499     

           -------------------------------------------------
          |                Calculation Setup                |
           -------------------------------------------------

          program call               : /ihome/ghutchison/geoffh/xtb/xtb /ihome/ghutchison/blp62/GA/running_GA/v5/generations/19/260_189_189_50_580_13350.xyz -opt
          hostname                   : smp-n164
          coordinate file            : /ihome/ghutchison/blp62/GA/running_GA/v5/generations/19/260_189_189_50_580_13350.xyz
          omp threads                :                    12
          number of atoms            :                    76
          number of electrons        :                   252
          charge                     :                     0
          spin                       :                   0.0
          first test random number   :      0.13871163306315


########################################################################
# WARNING! Please study the warnings concerning your input carefully
#  - XTBPATH is not set, using XTBHOME instead
#  - the use of '-opt' is discouraged, please use '--opt' next time
########################################################################

           ------------------------------------------------- 
          |                 G F N 2 - x T B                 |
          | Geometry, Frequencies, Noncovalent interactions |
          |            JCTC 2019 parametrisation            |
           ------------------------------------------------- 
             KAB for C  - Si     :                1.0500
             KAB for H  - Pd     :                0.9500
             k(s)              :                1.8500
             k(p)              :                2.2300
             k(d)              :                2.2300
             k(f)              :                2.0000
             kEN (H0ij)        :               -2.0000
             D4 a1             :                0.5200
             D4 a2             :                5.0000
             D4 s6             :                1.0000
             D4 s8             :                2.7000
             D4 s9             :                5.0000
             alphaj            :                2.0000

  Z AO/shell   Hii/eV     exponent
  1     Wed Apr 25 08:07:45 CEST 2018   EN: 2.200 GM2: 0.406  GM3: 0.0800  RAES: 1.40
     1s    -10.707211    1.230000
  6     Wed Apr 25 08:07:45 CEST 2018   EN: 2.550 GM2: 0.538  GM3: 0.1500  RAES: 3.00
     2s    -13.970922    2.096432
     2p    -10.063292    1.800000
  7     Wed Apr 25 08:07:45 CEST 2018   EN: 3.040 GM2: 0.461  GM3:-0.0640  RAES: 1.90
     2s    -16.686243    2.339881
     2p    -12.523956    2.014332
  8     Wed Apr 25 08:07:45 CEST 2018   EN: 3.440 GM2: 0.452  GM3:-0.0517  RAES: 1.80
     2s    -20.229985    2.439742
     2p    -15.503117    2.137023
 16     Tue Apr 24 11:44:34 CEST 2018   EN: 2.580 GM2: 0.340  GM3:-0.0502  RAES: 3.10
     3s    -20.029654    1.981333
     3p    -11.377694    2.025643
     3d     -0.420282    1.702555
 17     Mon Apr 23 14:09:22 CEST 2018   EN: 3.160 GM2: 0.249  GM3: 0.1495  RAES: 2.50
     3s    -29.278781    2.485265
     3p    -12.673758    2.199650
     3d     -0.240338    2.476089

           ------------------------------------------------- 
          |        Self-Consistent Charge Iterations        |
           ------------------------------------------------- 

          ...................................................
          :                      SETUP                      :
          :.................................................:
          :  # basis functions                 244          :
          :  # atomic orbitals                 242          :
          :  # shells                          130          :
          :  # electrons                       252          :
          :  max. iterations                   250          :
          :  Hamiltonian                  GFN2-xTB          :
          :  restarted?                      false          :
          :  GBSA solvation                  false          :
          :  PC potential                    false          :
          :  electronic temp.          300.0000000     K    :
          :  accuracy                    1.0000000          :
          :  -> integral cutoff          0.2500000E+02      :
          :  -> integral neglect         0.1000000E-07      :
          :  -> SCF convergence          0.1000000E-05 Eh   :
          :  -> wf. convergence          0.1000000E-03 e    :
          :  Broyden damping             0.4000000          :
          ...................................................

 iter      E             dE          RMSdq      gap      omega  full diag
   1   -141.5477659 -0.141548E+03  0.513E+00    1.57       0.0  T
   2   -141.6979610 -0.150195E+00  0.331E+00    1.48       1.0  T
   3   -141.6422534  0.557075E-01  0.211E+00    0.77       1.0  T
   4   -141.7691081 -0.126855E+00  0.932E-01    0.71       1.0  T
   5   -141.8319118 -0.628037E-01  0.199E-01    0.44       1.0  T
   6   -141.8329669 -0.105513E-02  0.111E-01    0.49       1.0  T
   7   -141.8332422 -0.275316E-03  0.630E-02    0.51       1.0  T
   8   -141.8333231 -0.809131E-04  0.468E-02    0.52       1.0  T
   9   -141.8333686 -0.454623E-04  0.358E-02    0.53       1.0  T
  10   -141.8334053 -0.366937E-04  0.246E-02    0.54       1.0  T
  11   -141.8334262 -0.209183E-04  0.124E-02    0.54       1.0  T
  12   -141.8334309 -0.467897E-05  0.662E-03    0.54       1.7  T
  13   -141.8334323 -0.142150E-05  0.281E-03    0.54       4.1  T
  14   -141.8334325 -0.232293E-06  0.163E-03    0.54       7.0  T
  15   -141.8334326 -0.782995E-07  0.844E-04    0.54      13.6  T
  16   -141.8334326 -0.137159E-07  0.518E-04    0.54      22.1  T

   *** convergence criteria satisfied after 16 iterations ***

         #    Occupation            Energy/Eh            Energy/eV
      -------------------------------------------------------------
         1        2.0000           -1.0935391             -29.7567
       ...           ...                  ...                  ...
       120        2.0000           -0.4076922             -11.0939
       121        2.0000           -0.4000428             -10.8857
       122        2.0000           -0.3918461             -10.6627
       123        2.0000           -0.3912442             -10.6463
       124        2.0000           -0.3799617             -10.3393
       125        2.0000           -0.3739172             -10.1748
       126        1.9999           -0.3688577             -10.0371 (HOMO)
       127        0.0001           -0.3490466              -9.4980 (LUMO)
       128                         -0.3305173              -8.9938
       129                         -0.3087080              -8.4004
       130                         -0.3055409              -8.3142
       131                         -0.2951764              -8.0322
       ...                                ...                  ...
       242                          1.0743494              29.2345
      -------------------------------------------------------------
                  HL-Gap            0.0198111 Eh            0.5391 eV
             Fermi-level           -0.3589499 Eh           -9.7675 eV

 SCC (total)                   0 d,  0 h,  0 min,  4.614 sec
 SCC setup                      ...        0 min,  0.001 sec (  0.029%)
 Dispersion                     ...        0 min,  0.002 sec (  0.044%)
 integral evaluation            ...        0 min,  0.135 sec (  2.931%)
 zeroth order Hamiltonian       ...        0 min,  0.001 sec (  0.014%)
 iterations                     ...        0 min,  4.205 sec ( 91.128%)
 molecular gradient             ...        0 min,  0.263 sec (  5.704%)
 printout                       ...        0 min,  0.007 sec (  0.149%)

         :::::::::::::::::::::::::::::::::::::::::::::::::::::
         ::                     SUMMARY                     ::
         :::::::::::::::::::::::::::::::::::::::::::::::::::::
         :: total energy            -139.777385337840 Eh    ::
         :: gradient norm              0.180171785681 Eh/a0 ::
         :: HOMO-LUMO gap              0.539087249819 eV    ::
         ::.................................................::
         :: SCC energy              -141.833432639413 Eh    ::
         :: -> isotropic ES            0.152355595607 Eh    ::
         :: -> anisotropic ES          0.005945040222 Eh    ::
         :: -> anisotropic XC          0.106036632697 Eh    ::
         :: -> dispersion             -0.100787624199 Eh    ::
         :: repulsion energy           2.057235694612 Eh    ::
         :: add. restraining           0.000000000000 Eh    ::
         :::::::::::::::::::::::::::::::::::::::::::::::::::::

      ----------------------------------------------------------- 
     |                   =====================                   |
     |                        A N C O P T                        |
     |                   =====================                   |
     |               Approximate Normal Coordinate               |
     |                Rational Function Optimizer                |
      ----------------------------------------------------------- 

          ...................................................
          :                      SETUP                      :
          :.................................................:
          :   optimization level            normal          :
          :   max. optcycles                   228          :
          :   ANC micro-cycles                  20          :
          :   degrees of freedom               222          :
          :.................................................:
          :   RF solver                   davidson          :
          :   input Hessian                  false          :
          :   write xtbopt.log                true          :
          :   linear?                        false          :
          :   energy convergence         0.5000000E-05 Eh   :
          :   grad. convergence          0.1000000E-02 Eh/α :
          :   maximium RF displ.         2.0000000          :
          :   Hlow (freq-cutoff)         0.5000000E-02      :
          :   Hmax (freq-cutoff)         5.0000000          :
          :   S6 in model hess.         20.0000000          :
          ...................................................

generating ANC from model Hessian ...
Using Lindh-Hessian (1995)
 Shifting diagonal of input Hessian by   4.997039729708532E-003
 Lowest  eigenvalues of input Hessian
   -0.000000   -0.000000   -0.000000    0.000000    0.000000    0.000000
    0.005000    0.005036    0.005038    0.005163    0.005237    0.005400
    0.005441    0.005709    0.005952    0.005987    0.006228    0.006486
 Highest eigenvalues
    2.176986    2.297130    2.362318    2.395022    2.516717    2.576473
 

........................................................................
.............................. CYCLE    1 ..............................
........................................................................
   1   -141.8334326 -0.141833E+03  0.328E-04    0.54       0.0  T
   2   -141.8334326 -0.501984E-09  0.284E-04    0.54      40.4  T
   3   -141.8334326 -0.201337E-08  0.223E-04    0.54      51.5  T
     SCC iter.                  ...        0 min,  0.722 sec
     gradient                   ...        0 min,  0.256 sec
 * total energy  :  -139.7773854 Eh     change       -0.6586041E-07 Eh
   gradient norm :     0.1801733 Eh/α   predicted     0.0000000E+00 (-100.00%)
   displ. norm   :     0.3465992 α      lambda       -0.3014817E-01
   maximum displ.:     0.0833882 α      in ANC's #81, #62, #29, ...

........................................................................
.............................. CYCLE    2 ..............................
........................................................................
   1   -141.9002291 -0.141900E+03  0.215E-01    0.51       0.0  T
   2   -141.9005420 -0.312932E-03  0.131E-01    0.52       1.0  T
   3   -141.9004309  0.111097E-03  0.715E-02    0.51       1.0  T
   4   -141.9006210 -0.190033E-03  0.250E-02    0.52       1.0  T
   5   -141.9006617 -0.407318E-04  0.956E-03    0.52       1.2  T
   6   -141.9006655 -0.385097E-05  0.492E-03    0.52       2.3  T
   7   -141.9006661 -0.583343E-06  0.286E-03    0.52       4.0  T
     SCC iter.                  ...        0 min,  1.902 sec
     gradient                   ...        0 min,  0.256 sec
 * total energy  :  -139.7985025 Eh     change       -0.2111713E-01 Eh
   gradient norm :     0.0776009 Eh/α   predicted    -0.1688495E-01 ( -20.04%)
   displ. norm   :     0.4068937 α      lambda       -0.1237574E-01
   maximum displ.:     0.1560010 α      in ANC's #33, #26, #16, ...

........................................................................
.............................. CYCLE    3 ..............................
........................................................................
   1   -141.9264090 -0.141926E+03  0.207E-01    0.46       0.0  T
   2   -141.9266708 -0.261825E-03  0.124E-01    0.48       1.0  T
   3   -141.9265472  0.123686E-03  0.726E-02    0.47       1.0  T
   4   -141.9267394 -0.192215E-03  0.239E-02    0.48       1.0  T
   5   -141.9267719 -0.325265E-04  0.111E-02    0.48       1.0  T
   6   -141.9267777 -0.577499E-05  0.585E-03    0.48       2.0  T
   7   -141.9267783 -0.670699E-06  0.398E-03    0.48       2.9  T
     SCC iter.                  ...        0 min,  1.896 sec
     gradient                   ...        0 min,  0.258 sec
 * total energy  :  -139.8060512 Eh     change       -0.7548678E-02 Eh
   gradient norm :     0.0270280 Eh/α   predicted    -0.7212351E-02 (  -4.46%)
   displ. norm   :     0.4914830 α      lambda       -0.4544220E-02
   maximum displ.:     0.1829664 α      in ANC's #26, #31, #29, ...

........................................................................
.............................. CYCLE    4 ..............................
........................................................................
   1   -141.9227685 -0.141923E+03  0.292E-01    0.44       0.0  T
   2   -141.9228481 -0.795953E-04  0.166E-01    0.45       1.0  T
   3   -141.9220102  0.837849E-03  0.105E-01    0.44       1.0  T
   4   -141.9229655 -0.955273E-03  0.140E-02    0.45       1.0  T
   5   -141.9229718 -0.630476E-05  0.820E-03    0.45       1.4  T
   6   -141.9229734 -0.153824E-05  0.428E-03    0.45       2.7  T
   7   -141.9229736 -0.290534E-06  0.272E-03    0.45       4.2  T
     SCC iter.                  ...        0 min,  1.653 sec
     gradient                   ...        0 min,  0.516 sec
 * total energy  :  -139.8074158 Eh     change       -0.1364612E-02 Eh
   gradient norm :     0.0482169 Eh/α   predicted    -0.2820955E-02 ( 106.72%)
   displ. norm   :     0.4818325 α      lambda       -0.5920245E-02
   maximum displ.:     0.2043621 α      in ANC's #16, #33, #26, ...

........................................................................
.............................. CYCLE    5 ..............................
........................................................................
   1   -141.9379863 -0.141938E+03  0.272E-01    0.44       0.0  T
   2   -141.9380752 -0.889094E-04  0.152E-01    0.44       1.0  T
   3   -141.9378777  0.197572E-03  0.627E-02    0.45       1.0  T
   4   -141.9381218 -0.244139E-03  0.114E-02    0.44       1.0  T
   5   -141.9381276 -0.577017E-05  0.662E-03    0.45       1.7  T
   6   -141.9381288 -0.123328E-05  0.385E-03    0.45       3.0  T
   7   -141.9381293 -0.527311E-06  0.222E-03    0.45       5.2  T
     SCC iter.                  ...        0 min,  1.647 sec
     gradient                   ...        0 min,  0.509 sec
 * total energy  :  -139.8101715 Eh     change       -0.2755651E-02 Eh
   gradient norm :     0.0295775 Eh/α   predicted    -0.3647359E-02 (  32.36%)
   displ. norm   :     0.2725427 α      lambda       -0.1628366E-02
   maximum displ.:     0.1036454 α      in ANC's #17, #26, #16, ...

........................................................................
.............................. CYCLE    6 ..............................
........................................................................
   1   -141.9382646 -0.141938E+03  0.943E-02    0.44       0.0  T
   2   -141.9382832 -0.186635E-04  0.549E-02    0.44       1.0  T
   3   -141.9382565  0.267066E-04  0.230E-02    0.44       1.0  T
   4   -141.9382857 -0.291383E-04  0.700E-03    0.44       1.6  T
   5   -141.9382887 -0.304800E-05  0.275E-03    0.44       4.2  T
   6   -141.9382890 -0.342371E-06  0.153E-03    0.44       7.5  T
     SCC iter.                  ...        0 min,  1.415 sec
     gradient                   ...        0 min,  0.497 sec
 * total energy  :  -139.8114125 Eh     change       -0.1240997E-02 Eh
   gradient norm :     0.0137456 Eh/α   predicted    -0.8746624E-03 ( -29.52%)
   displ. norm   :     0.5447256 α      lambda       -0.2114764E-02
   maximum displ.:     0.2057290 α      in ANC's #17, #19, #16, ...

........................................................................
.............................. CYCLE    7 ..............................
........................................................................
   1   -141.9377468 -0.141938E+03  0.216E-01    0.43       0.0  T
   2   -141.9377930 -0.461650E-04  0.122E-01    0.43       1.0  T
   3   -141.9377078  0.851570E-04  0.389E-02    0.42       1.0  T
   4   -141.9378080 -0.100159E-03  0.990E-03    0.43       1.2  T
   5   -141.9378129 -0.493517E-05  0.452E-03    0.43       2.5  T
   6   -141.9378133 -0.407684E-06  0.256E-03    0.43       4.5  T
   7   -141.9378136 -0.273810E-06  0.952E-04    0.43      12.0  T
     SCC iter.                  ...        0 min,  1.891 sec
     gradient                   ...        0 min,  0.255 sec
 * total energy  :  -139.8123653 Eh     change       -0.9528774E-03 Eh
   gradient norm :     0.0230475 Eh/α   predicted    -0.1371140E-02 (  43.89%)
   displ. norm   :     0.5270251 α      lambda       -0.2588918E-02
   maximum displ.:     0.1985983 α      in ANC's #26, #31, #17, ...

........................................................................
.............................. CYCLE    8 ..............................
........................................................................
   1   -141.9369821 -0.141937E+03  0.260E-01    0.42       0.0  T
   2   -141.9370380 -0.558989E-04  0.145E-01    0.43       1.0  T
   3   -141.9369277  0.110357E-03  0.415E-02    0.41       1.0  T
   4   -141.9370659 -0.138271E-03  0.921E-03    0.42       1.2  T
   5   -141.9370678 -0.188247E-05  0.518E-03    0.42       2.2  T
   6   -141.9370686 -0.770485E-06  0.258E-03    0.42       4.4  T
     SCC iter.                  ...        0 min,  1.683 sec
     gradient                   ...        0 min,  0.257 sec
 * total energy  :  -139.8128488 Eh     change       -0.4834045E-03 Eh
   gradient norm :     0.0347434 Eh/α   predicted    -0.1654001E-02 ( 242.16%)
   displ. norm   :     0.1768118 α      lambda       -0.1885646E-02
   maximum displ.:     0.0690116 α      in ANC's #27, #30, #56, ...

........................................................................
.............................. CYCLE    9 ..............................
........................................................................
   1   -141.9457714 -0.141946E+03  0.109E-01    0.43       0.0  T
   2   -141.9457881 -0.166713E-04  0.616E-02    0.43       1.0  T
   3   -141.9457620  0.260513E-04  0.225E-02    0.42       1.0  T
   4   -141.9457936 -0.316329E-04  0.579E-03    0.42       2.0  T
   5   -141.9457951 -0.143988E-05  0.261E-03    0.43       4.4  T
   6   -141.9457952 -0.905740E-07  0.152E-03    0.42       7.6  T
     SCC iter.                  ...        0 min,  1.721 sec
     gradient                   ...        0 min,  0.259 sec
 * total energy  :  -139.8138347 Eh     change       -0.9859134E-03 Eh
   gradient norm :     0.0176677 Eh/α   predicted    -0.9722994E-03 (  -1.38%)
   displ. norm   :     0.2750299 α      lambda       -0.1105878E-02
   maximum displ.:     0.0895731 α      in ANC's #17, #27, #19, ...

........................................................................
.............................. CYCLE   10 ..............................
........................................................................
   1   -141.9464502 -0.141946E+03  0.103E-01    0.43       0.0  T
   2   -141.9464578 -0.758651E-05  0.591E-02    0.42       1.0  T
   3   -141.9463110  0.146725E-03  0.440E-02    0.42       1.0  T
   4   -141.9464717 -0.160613E-03  0.638E-03    0.42       1.8  T
   5   -141.9464738 -0.212811E-05  0.257E-03    0.42       4.5  T
   6   -141.9464739 -0.911089E-07  0.138E-03    0.42       8.3  T
     SCC iter.                  ...        0 min,  1.678 sec
     gradient                   ...        0 min,  0.264 sec
 * total energy  :  -139.8144604 Eh     change       -0.6257344E-03 Eh
   gradient norm :     0.0096852 Eh/α   predicted    -0.5947744E-03 (  -4.95%)
   displ. norm   :     0.4099620 α      lambda       -0.7864799E-03
   maximum displ.:     0.1231021 α      in ANC's #17, #20, #6, ...

........................................................................
.............................. CYCLE   11 ..............................
........................................................................
   1   -141.9442946 -0.141944E+03  0.123E-01    0.42       0.0  T
   2   -141.9443024 -0.777886E-05  0.708E-02    0.42       1.0  T
   3   -141.9442644  0.380472E-04  0.226E-02    0.42       1.0  T
   4   -141.9443056 -0.411720E-04  0.601E-03    0.42       1.9  T
   5   -141.9443072 -0.166176E-05  0.265E-03    0.42       4.3  T
   6   -141.9443074 -0.145782E-06  0.125E-03    0.42       9.2  T
     SCC iter.                  ...        0 min,  1.689 sec
     gradient                   ...        0 min,  0.257 sec
 * total energy  :  -139.8150936 Eh     change       -0.6332054E-03 Eh
   gradient norm :     0.0091566 Eh/α   predicted    -0.4593323E-03 ( -27.46%)
   displ. norm   :     0.5465612 α      lambda       -0.1078399E-02
   maximum displ.:     0.1719336 α      in ANC's #5, #6, #18, ...

........................................................................
.............................. CYCLE   12 ..............................
........................................................................
   1   -141.9487708 -0.141949E+03  0.167E-01    0.43       0.0  T
   2   -141.9487864 -0.155907E-04  0.959E-02    0.43       1.0  T
   3   -141.9485909  0.195490E-03  0.507E-02    0.43       1.0  T
   4   -141.9488022 -0.211229E-03  0.786E-03    0.43       1.5  T
   5   -141.9488049 -0.269445E-05  0.374E-03    0.43       3.1  T
   6   -141.9488051 -0.265244E-06  0.200E-03    0.43       5.7  T
   7   -141.9488053 -0.156368E-06  0.561E-04    0.43      20.5  T
     SCC iter.                  ...        0 min,  1.903 sec
     gradient                   ...        0 min,  0.258 sec
 * total energy  :  -139.8156322 Eh     change       -0.5386324E-03 Eh
   gradient norm :     0.0134108 Eh/α   predicted    -0.7002810E-03 (  30.01%)
   displ. norm   :     0.5881968 α      lambda       -0.1039221E-02
   maximum displ.:     0.1927783 α      in ANC's #26, #19, #31, ...

........................................................................
.............................. CYCLE   13 ..............................
........................................................................
   1   -141.9355885 -0.141936E+03  0.168E-01    0.42       0.0  T
   2   -141.9356033 -0.147829E-04  0.969E-02    0.43       1.0  T
   3   -141.9355581  0.451537E-04  0.258E-02    0.42       1.0  T
   4   -141.9356092 -0.510960E-04  0.687E-03    0.43       1.7  T
   5   -141.9356109 -0.162104E-05  0.417E-03    0.43       2.8  T
   6   -141.9356114 -0.582032E-06  0.185E-03    0.43       6.2  T
   7   -141.9356116 -0.188771E-06  0.615E-04    0.43      18.6  T
     SCC iter.                  ...        0 min,  1.920 sec
     gradient                   ...        0 min,  0.256 sec
 * total energy  :  -139.8157806 Eh     change       -0.1483839E-03 Eh
   gradient norm :     0.0182244 Eh/α   predicted    -0.6993862E-03 ( 371.34%)
   displ. norm   :     0.1448335 α      lambda       -0.7878538E-03
   maximum displ.:     0.0623783 α      in ANC's #17, #25, #31, ...

........................................................................
.............................. CYCLE   14 ..............................
........................................................................
   1   -141.9468110 -0.141947E+03  0.513E-02    0.43       0.0  T
   2   -141.9468134 -0.234594E-05  0.294E-02    0.43       1.0  T
   3   -141.9467958  0.176185E-04  0.193E-02    0.43       1.0  T
   4   -141.9468155 -0.197840E-04  0.405E-03    0.43       2.8  T
   5   -141.9468162 -0.654317E-06  0.232E-03    0.43       4.9  T
   6   -141.9468165 -0.295316E-06  0.815E-04    0.43      14.1  T
     SCC iter.                  ...        0 min,  1.684 sec
     gradient                   ...        0 min,  0.262 sec
 * total energy  :  -139.8161398 Eh     change       -0.3591534E-03 Eh
   gradient norm :     0.0093163 Eh/α   predicted    -0.4021925E-03 (  11.98%)
   displ. norm   :     0.2285715 α      lambda       -0.6158776E-03
   maximum displ.:     0.0800453 α      in ANC's #19, #6, #17, ...

........................................................................
.............................. CYCLE   15 ..............................
........................................................................
   1   -141.9479180 -0.141948E+03  0.715E-02    0.43       0.0  T
   2   -141.9479183 -0.276947E-06  0.414E-02    0.43       1.0  T
   3   -141.9478274  0.909167E-04  0.391E-02    0.43       1.0  T
   4   -141.9479310 -0.103613E-03  0.510E-03    0.43       2.3  T
   5   -141.9479322 -0.115550E-05  0.253E-03    0.43       4.5  T
   6   -141.9479324 -0.213045E-06  0.113E-03    0.43      10.2  T
     SCC iter.                  ...        0 min,  1.759 sec
     gradient                   ...        0 min,  0.270 sec
 * total energy  :  -139.8160481 Eh     change        0.9168532E-04 Eh
   gradient norm :     0.0183482 Eh/α   predicted    -0.3240349E-03 (-453.42%)
   displ. norm   :     0.1361918 α      lambda       -0.6845361E-03
   maximum displ.:     0.0523921 α      in ANC's #26, #5, #14, ...

........................................................................
.............................. CYCLE   16 ..............................
........................................................................
   1   -141.9483418 -0.141948E+03  0.418E-02    0.43       0.0  T
   2   -141.9483408  0.101465E-05  0.247E-02    0.43       1.0  T
   3   -141.9483036  0.372128E-04  0.249E-02    0.43       1.0  T
   4   -141.9483473 -0.436913E-04  0.273E-03    0.43       4.2  T
   5   -141.9483475 -0.280209E-06  0.143E-03    0.43       8.0  T
   6   -141.9483476 -0.555513E-07  0.684E-04    0.43      16.8  T
     SCC iter.                  ...        0 min,  1.676 sec
     gradient                   ...        0 min,  0.257 sec
 * total energy  :  -139.8164551 Eh     change       -0.4069852E-03 Eh
   gradient norm :     0.0051046 Eh/α   predicted    -0.3486183E-03 ( -14.34%)
   displ. norm   :     0.2878800 α      lambda       -0.2146633E-03
   maximum displ.:     0.1080995 α      in ANC's #5, #6, #14, ...

........................................................................
.............................. CYCLE   17 ..............................
........................................................................
   1   -141.9455305 -0.141946E+03  0.786E-02    0.43       0.0  T
   2   -141.9455340 -0.348249E-05  0.453E-02    0.43       1.0  T
   3   -141.9455289  0.505213E-05  0.978E-03    0.43       1.2  T
   4   -141.9455352 -0.625070E-05  0.304E-03    0.43       3.8  T
   5   -141.9455354 -0.222941E-06  0.183E-03    0.43       6.3  T
   6   -141.9455356 -0.155334E-06  0.690E-04    0.43      16.6  T
     SCC iter.                  ...        0 min,  1.670 sec
     gradient                   ...        0 min,  0.252 sec
 * total energy  :  -139.8165799 Eh     change       -0.1248714E-03 Eh
   gradient norm :     0.0069507 Eh/α   predicted    -0.1162282E-03 (  -6.92%)
   displ. norm   :     0.3603969 α      lambda       -0.2627491E-03
   maximum displ.:     0.1495665 α      in ANC's #5, #6, #14, ...

........................................................................
.............................. CYCLE   18 ..............................
........................................................................
   1   -141.9456412 -0.141946E+03  0.909E-02    0.43       0.0  T
   2   -141.9456473 -0.615052E-05  0.521E-02    0.43       1.0  T
   3   -141.9456424  0.486826E-05  0.954E-03    0.43       1.2  T
   4   -141.9456484 -0.599632E-05  0.450E-03    0.43       2.5  T
   5   -141.9456495 -0.107175E-05  0.221E-03    0.43       5.2  T
   6   -141.9456497 -0.135075E-06  0.105E-03    0.43      10.9  T
     SCC iter.                  ...        0 min,  1.671 sec
     gradient                   ...        0 min,  0.252 sec
 * total energy  :  -139.8167206 Eh     change       -0.1406211E-03 Eh
   gradient norm :     0.0070158 Eh/α   predicted    -0.1484406E-03 (   5.56%)
   displ. norm   :     0.2530717 α      lambda       -0.2017903E-03
   maximum displ.:     0.1138596 α      in ANC's #5, #6, #14, ...

........................................................................
.............................. CYCLE   19 ..............................
........................................................................
   1   -141.9484181 -0.141948E+03  0.664E-02    0.43       0.0  T
   2   -141.9484224 -0.430722E-05  0.381E-02    0.43       1.0  T
   3   -141.9484182  0.421544E-05  0.967E-03    0.43       1.2  T
   4   -141.9484237 -0.551912E-05  0.296E-03    0.43       3.9  T
   5   -141.9484240 -0.269494E-06  0.155E-03    0.43       7.4  T
   6   -141.9484240 -0.417379E-07  0.806E-04    0.43      14.2  T
     SCC iter.                  ...        0 min,  1.657 sec
     gradient                   ...        0 min,  0.252 sec
 * total energy  :  -139.8168067 Eh     change       -0.8615446E-04 Eh
   gradient norm :     0.0088493 Eh/α   predicted    -0.1073589E-03 (  24.61%)
   displ. norm   :     0.1831924 α      lambda       -0.1667126E-03
   maximum displ.:     0.0793617 α      in ANC's #5, #6, #14, ...

........................................................................
.............................. CYCLE   20 ..............................
........................................................................
   1   -141.9492307 -0.141949E+03  0.475E-02    0.44       0.0  T
   2   -141.9492327 -0.201228E-05  0.271E-02    0.43       1.0  T
   3   -141.9492135  0.191733E-04  0.153E-02    0.43       1.0  T
   4   -141.9492343 -0.207976E-04  0.318E-03    0.43       3.6  T
   5   -141.9492347 -0.371388E-06  0.153E-03    0.43       7.5  T
   6   -141.9492347 -0.381872E-07  0.734E-04    0.43      15.6  T
     SCC iter.                  ...        0 min,  1.658 sec
     gradient                   ...        0 min,  0.252 sec
 * total energy  :  -139.8168747 Eh     change       -0.6793932E-04 Eh
   gradient norm :     0.0062724 Eh/α   predicted    -0.8615535E-04 (  26.81%)
   displ. norm   :     0.1308965 α      lambda       -0.8905059E-04
   maximum displ.:     0.0576575 α      in ANC's #5, #6, #13, ...
 * RMSD in coord.:     0.5730027 α      energy gain  -0.3948932E-01 Eh

generating ANC from model Hessian ...
Using Lindh-Hessian (1995)
 Shifting diagonal of input Hessian by   5.060633131914379E-003
 Lowest  eigenvalues of input Hessian
    0.005000    0.005022   -0.000000   -0.000000   -0.000000   -0.000000
   -0.000000   -0.000000    0.005095    0.005112    0.005212    0.005281
    0.005442    0.005502    0.005858    0.006029    0.006223    0.006440
 Highest eigenvalues
    2.244300    2.293665    2.389441    2.417096    2.602260    2.653105
 

........................................................................
.............................. CYCLE   21 ..............................
........................................................................
   1   -141.9472570 -0.141947E+03  0.366E-02    0.43       0.0  T
   2   -141.9472583 -0.130476E-05  0.205E-02    0.43       1.0  T
   3   -141.9472527  0.557119E-05  0.925E-03    0.43       1.2  T
   4   -141.9472588 -0.608615E-05  0.235E-03    0.43       4.9  T
   5   -141.9472591 -0.243419E-06  0.111E-03    0.43      10.4  T
   6   -141.9472591 -0.412282E-07  0.461E-04    0.43      24.9  T
   7   -141.9472591 -0.109566E-07  0.184E-04    0.43      62.3  T
     SCC iter.                  ...        0 min,  1.670 sec
     gradient                   ...        0 min,  0.499 sec
 * total energy  :  -139.8169342 Eh     change       -0.5950213E-04 Eh
   gradient norm :     0.0045463 Eh/α   predicted     0.0000000E+00 (-100.00%)
   displ. norm   :     0.0847643 α      lambda       -0.8320194E-04
   maximum displ.:     0.0431163 α      in ANC's #12, #17, #7, ...

........................................................................
.............................. CYCLE   22 ..............................
........................................................................
   1   -141.9480852 -0.141948E+03  0.320E-02    0.43       0.0  T
   2   -141.9480860 -0.793811E-06  0.176E-02    0.43       1.0  T
   3   -141.9480848  0.113154E-05  0.472E-03    0.43       2.4  T
   4   -141.9480862 -0.132371E-05  0.194E-03    0.43       5.9  T
   5   -141.9480863 -0.119869E-06  0.911E-04    0.43      12.6  T
     SCC iter.                  ...        0 min,  1.185 sec
     gradient                   ...        0 min,  0.251 sec
 * total energy  :  -139.8169970 Eh     change       -0.6279673E-04 Eh
   gradient norm :     0.0022229 Eh/α   predicted    -0.4191444E-04 ( -33.25%)
   displ. norm   :     0.1681146 α      lambda       -0.1507868E-03
   maximum displ.:     0.0752632 α      in ANC's #12, #7, #17, ...

........................................................................
.............................. CYCLE   23 ..............................
........................................................................
   1   -141.9490879 -0.141949E+03  0.779E-02    0.44       0.0  T
   2   -141.9490926 -0.464560E-05  0.433E-02    0.44       1.0  T
   3   -141.9490898  0.279311E-05  0.846E-03    0.43       1.4  T
   4   -141.9490941 -0.429223E-05  0.354E-03    0.43       3.2  T
   5   -141.9490945 -0.417473E-06  0.181E-03    0.44       6.3  T
   6   -141.9490946 -0.122108E-06  0.776E-04    0.43      14.8  T
   7   -141.9490946 -0.359297E-07  0.321E-04    0.43      35.7  T
     SCC iter.                  ...        0 min,  1.903 sec
     gradient                   ...        0 min,  0.502 sec
 * total energy  :  -139.8169771 Eh     change        0.1988973E-04 Eh
   gradient norm :     0.0071277 Eh/α   predicted    -0.7752426E-04 (-489.77%)
   displ. norm   :     0.0959258 α      lambda       -0.2184647E-03
   maximum displ.:     0.0403088 α      in ANC's #17, #6, #12, ...

........................................................................
.............................. CYCLE   24 ..............................
........................................................................
   1   -141.9492698 -0.141949E+03  0.591E-02    0.44       0.0  T
   2   -141.9492723 -0.252976E-05  0.326E-02    0.44       1.0  T
   3   -141.9492713  0.102432E-05  0.560E-03    0.43       2.0  T
   4   -141.9492734 -0.207158E-05  0.218E-03    0.43       5.3  T
   5   -141.9492735 -0.758324E-07  0.113E-03    0.43      10.1  T
     SCC iter.                  ...        0 min,  1.181 sec
     gradient                   ...        0 min,  0.257 sec
 * total energy  :  -139.8171067 Eh     change       -0.1296026E-03 Eh
   gradient norm :     0.0042420 Eh/α   predicted    -0.1102388E-03 ( -14.94%)
   displ. norm   :     0.1187852 α      lambda       -0.6996913E-04
   maximum displ.:     0.0573629 α      in ANC's #12, #17, #7, ...

........................................................................
.............................. CYCLE   25 ..............................
........................................................................
   1   -141.9486448 -0.141949E+03  0.409E-02    0.44       0.0  T
   2   -141.9486460 -0.116831E-05  0.224E-02    0.44       1.0  T
   3   -141.9486433  0.273355E-05  0.682E-03    0.43       1.7  T
   4   -141.9486465 -0.319365E-05  0.244E-03    0.44       4.7  T
   5   -141.9486465 -0.833865E-07  0.124E-03    0.44       9.3  T
   6   -141.9486467 -0.108783E-06  0.382E-04    0.44      30.0  T
     SCC iter.                  ...        0 min,  1.664 sec
     gradient                   ...        0 min,  0.259 sec
 * total energy  :  -139.8171548 Eh     change       -0.4814993E-04 Eh
   gradient norm :     0.0027111 Eh/α   predicted    -0.3548044E-04 ( -26.31%)
   displ. norm   :     0.3133033 α      lambda       -0.1349778E-03
   maximum displ.:     0.1457299 α      in ANC's #12, #17, #7, ...

........................................................................
.............................. CYCLE   26 ..............................
........................................................................
   1   -141.9463063 -0.141946E+03  0.116E-01    0.44       0.0  T
   2   -141.9463157 -0.938137E-05  0.642E-02    0.44       1.0  T
   3   -141.9463050  0.107163E-04  0.145E-02    0.44       1.0  T
   4   -141.9463193 -0.142914E-04  0.544E-03    0.44       2.1  T
   5   -141.9463198 -0.580606E-06  0.257E-03    0.44       4.5  T
   6   -141.9463203 -0.436102E-06  0.912E-04    0.44      12.6  T
   7   -141.9463203 -0.360370E-07  0.508E-04    0.44      22.6  T
     SCC iter.                  ...        0 min,  1.883 sec
     gradient                   ...        0 min,  0.512 sec
 * total energy  :  -139.8171009 Eh     change        0.5390904E-04 Eh
   gradient norm :     0.0073781 Eh/α   predicted    -0.7411380E-04 (-237.48%)
   displ. norm   :     0.1060831 α      lambda       -0.2680984E-03
   maximum displ.:     0.0453671 α      in ANC's #12, #7, #17, ...

........................................................................
.............................. CYCLE   27 ..............................
........................................................................
   1   -141.9480011 -0.141948E+03  0.669E-02    0.44       0.0  T
   2   -141.9480047 -0.359971E-05  0.366E-02    0.44       1.0  T
   3   -141.9480051 -0.399432E-06  0.458E-03    0.44       2.5  T
   4   -141.9480058 -0.686405E-06  0.285E-03    0.44       4.0  T
   5   -141.9480061 -0.298910E-06  0.128E-03    0.44       9.0  T
     SCC iter.                  ...        0 min,  1.184 sec
     gradient                   ...        0 min,  0.252 sec
 * total energy  :  -139.8172371 Eh     change       -0.1361583E-03 Eh
   gradient norm :     0.0030086 Eh/α   predicted    -0.1355625E-03 (  -0.44%)
   displ. norm   :     0.0469268 α      lambda       -0.3401208E-04
   maximum displ.:     0.0242324 α      in ANC's #7, #6, #12, ...

........................................................................
.............................. CYCLE   28 ..............................
........................................................................
   1   -141.9491835 -0.141949E+03  0.150E-02    0.44       0.0  T
   2   -141.9491837 -0.189348E-06  0.845E-03    0.44       1.4  T
   3   -141.9491826  0.103679E-05  0.383E-03    0.44       3.0  T
   4   -141.9491838 -0.112987E-05  0.104E-03    0.44      11.0  T
   5   -141.9491838 -0.414130E-07  0.532E-04    0.44      21.6  T
   6   -141.9491838 -0.886058E-08  0.244E-04    0.44      47.1  T
     SCC iter.                  ...        0 min,  1.629 sec
     gradient                   ...        0 min,  0.259 sec
 * total energy  :  -139.8172616 Eh     change       -0.2456382E-04 Eh
   gradient norm :     0.0016871 Eh/α   predicted    -0.1704578E-04 ( -30.61%)
   displ. norm   :     0.2607864 α      lambda       -0.5045398E-04
   maximum displ.:     0.1438046 α      in ANC's #7, #12, #6, ...

........................................................................
.............................. CYCLE   29 ..............................
........................................................................
   1   -141.9502053 -0.141950E+03  0.679E-02    0.44       0.0  T
   2   -141.9502094 -0.410126E-05  0.380E-02    0.44       1.0  T
   3   -141.9502052  0.415473E-05  0.906E-03    0.44       1.3  T
   4   -141.9502104 -0.513425E-05  0.406E-03    0.44       2.8  T
   5   -141.9502110 -0.589744E-06  0.211E-03    0.44       5.4  T
   6   -141.9502112 -0.198057E-06  0.825E-04    0.44      13.9  T
   7   -141.9502112 -0.323788E-07  0.377E-04    0.44      30.5  T
     SCC iter.                  ...        0 min,  1.892 sec
     gradient                   ...        0 min,  0.508 sec
 * total energy  :  -139.8173086 Eh     change       -0.4694685E-04 Eh
   gradient norm :     0.0026985 Eh/α   predicted    -0.2599026E-04 ( -44.64%)
   displ. norm   :     0.2341130 α      lambda       -0.4545931E-04
   maximum displ.:     0.1262151 α      in ANC's #7, #12, #6, ...

........................................................................
.............................. CYCLE   30 ..............................
........................................................................
   1   -141.9494262 -0.141949E+03  0.671E-02    0.44       0.0  T
   2   -141.9494299 -0.373019E-05  0.371E-02    0.44       1.0  T
   3   -141.9494293  0.610066E-06  0.619E-03    0.44       1.9  T
   4   -141.9494308 -0.143736E-05  0.364E-03    0.44       3.2  T
   5   -141.9494312 -0.458274E-06  0.167E-03    0.44       6.9  T
   6   -141.9494314 -0.157556E-06  0.696E-04    0.44      16.5  T
   7   -141.9494314 -0.223541E-07  0.376E-04    0.44      30.5  T
     SCC iter.                  ...        0 min,  1.912 sec
     gradient                   ...        0 min,  0.258 sec
 * total energy  :  -139.8173410 Eh     change       -0.3243758E-04 Eh
   gradient norm :     0.0021915 Eh/α   predicted    -0.2397629E-04 ( -26.08%)
   displ. norm   :     0.2812122 α      lambda       -0.5027529E-04
   maximum displ.:     0.1593694 α      in ANC's #7, #6, #12, ...

........................................................................
.............................. CYCLE   31 ..............................
........................................................................
   1   -141.9488088 -0.141949E+03  0.775E-02    0.45       0.0  T
   2   -141.9488140 -0.521154E-05  0.429E-02    0.45       1.0  T
   3   -141.9488135  0.499131E-06  0.667E-03    0.45       1.7  T
   4   -141.9488155 -0.199281E-05  0.368E-03    0.45       3.1  T
   5   -141.9488160 -0.441374E-06  0.156E-03    0.45       7.3  T
   6   -141.9488161 -0.113135E-06  0.743E-04    0.45      15.4  T
   7   -141.9488161 -0.228238E-07  0.450E-04    0.45      25.5  T
     SCC iter.                  ...        0 min,  1.903 sec
     gradient                   ...        0 min,  0.251 sec
 * total energy  :  -139.8173763 Eh     change       -0.3529610E-04 Eh
   gradient norm :     0.0020134 Eh/α   predicted    -0.2712594E-04 ( -23.15%)
   displ. norm   :     0.2147773 α      lambda       -0.3694466E-04
   maximum displ.:     0.1246063 α      in ANC's #7, #6, #1, ...

........................................................................
.............................. CYCLE   32 ..............................
........................................................................
   1   -141.9489199 -0.141949E+03  0.591E-02    0.45       0.0  T
   2   -141.9489228 -0.289873E-05  0.328E-02    0.45       1.0  T
   3   -141.9489207  0.211917E-05  0.690E-03    0.45       1.7  T
   4   -141.9489237 -0.303845E-05  0.306E-03    0.45       3.7  T
   5   -141.9489239 -0.183158E-06  0.163E-03    0.45       7.0  T
   6   -141.9489241 -0.174285E-06  0.547E-04    0.45      21.0  T
   7   -141.9489241 -0.962686E-08  0.351E-04    0.45      32.7  T
     SCC iter.                  ...        0 min,  1.903 sec
     gradient                   ...        0 min,  0.251 sec
 * total energy  :  -139.8174047 Eh     change       -0.2836560E-04 Eh
   gradient norm :     0.0020758 Eh/α   predicted    -0.1932748E-04 ( -31.86%)
   displ. norm   :     0.2557802 α      lambda       -0.4521507E-04
   maximum displ.:     0.1461409 α      in ANC's #7, #6, #1, ...

........................................................................
.............................. CYCLE   33 ..............................
........................................................................
   1   -141.9490278 -0.141949E+03  0.687E-02    0.45       0.0  T
   2   -141.9490314 -0.361189E-05  0.383E-02    0.45       1.0  T
   3   -141.9490224  0.897692E-05  0.116E-02    0.45       1.0  T
   4   -141.9490331 -0.106814E-04  0.330E-03    0.45       3.5  T
   5   -141.9490332 -0.751025E-07  0.187E-03    0.45       6.1  T
   6   -141.9490334 -0.232609E-06  0.609E-04    0.45      18.8  T
   7   -141.9490334 -0.122409E-07  0.389E-04    0.45      29.5  T
     SCC iter.                  ...        0 min,  1.904 sec
     gradient                   ...        0 min,  0.251 sec
 * total energy  :  -139.8174382 Eh     change       -0.3352158E-04 Eh
   gradient norm :     0.0020889 Eh/α   predicted    -0.2408760E-04 ( -28.14%)
   displ. norm   :     0.2320552 α      lambda       -0.3726123E-04
   maximum displ.:     0.1272445 α      in ANC's #7, #6, #1, ...

........................................................................
.............................. CYCLE   34 ..............................
........................................................................
   1   -141.9489345 -0.141949E+03  0.630E-02    0.45       0.0  T
   2   -141.9489373 -0.274613E-05  0.350E-02    0.45       1.0  T
   3   -141.9489256  0.117220E-04  0.128E-02    0.45       1.0  T
   4   -141.9489389 -0.133159E-04  0.318E-03    0.45       3.6  T
   5   -141.9489390 -0.633119E-07  0.176E-03    0.45       6.5  T
   6   -141.9489392 -0.201374E-06  0.570E-04    0.45      20.1  T
   7   -141.9489392 -0.116555E-07  0.353E-04    0.45      32.5  T
     SCC iter.                  ...        0 min,  1.972 sec
     gradient                   ...        0 min,  0.252 sec
 * total energy  :  -139.8174650 Eh     change       -0.2676327E-04 Eh
   gradient norm :     0.0018111 Eh/α   predicted    -0.1963905E-04 ( -26.62%)
   displ. norm   :     0.2522339 α      lambda       -0.2488939E-04
   maximum displ.:     0.1331684 α      in ANC's #7, #6, #1, ...

........................................................................
.............................. CYCLE   35 ..............................
........................................................................
   1   -141.9492346 -0.141949E+03  0.682E-02    0.45       0.0  T
   2   -141.9492377 -0.309275E-05  0.379E-02    0.45       1.0  T
   3   -141.9492242  0.135047E-04  0.139E-02    0.45       1.0  T
   4   -141.9492393 -0.151324E-04  0.385E-03    0.45       3.0  T
   5   -141.9492395 -0.195896E-06  0.216E-03    0.45       5.3  T
   6   -141.9492398 -0.285863E-06  0.655E-04    0.45      17.5  T
   7   -141.9492398 -0.169448E-07  0.386E-04    0.45      29.7  T
     SCC iter.                  ...        0 min,  1.913 sec
     gradient                   ...        0 min,  0.269 sec
 * total energy  :  -139.8174856 Eh     change       -0.2065276E-04 Eh
   gradient norm :     0.0017383 Eh/α   predicted    -0.1279714E-04 ( -38.04%)
   displ. norm   :     0.0512584 α      lambda       -0.8658753E-05
   maximum displ.:     0.0182748 α      in ANC's #7, #1, #6, ...

........................................................................
.............................. CYCLE   36 ..............................
........................................................................
   1   -141.9495933 -0.141950E+03  0.176E-02    0.45       0.0  T
   2   -141.9495935 -0.208568E-06  0.968E-03    0.45       1.2  T
   3   -141.9495929  0.686702E-06  0.335E-03    0.45       3.4  T
   4   -141.9495936 -0.723723E-06  0.137E-03    0.45       8.4  T
   5   -141.9495936 -0.571039E-07  0.734E-04    0.45      15.6  T
   6   -141.9495937 -0.259192E-07  0.289E-04    0.45      39.7  T
     SCC iter.                  ...        0 min,  1.676 sec
     gradient                   ...        0 min,  0.252 sec
 * total energy  :  -139.8174946 Eh     change       -0.9006749E-05 Eh
   gradient norm :     0.0012526 Eh/α   predicted    -0.4335383E-05 ( -51.87%)
   displ. norm   :     0.0514476 α      lambda       -0.1660314E-05
   maximum displ.:     0.0182749 α      in ANC's #7, #1, #6, ...

........................................................................
.............................. CYCLE   37 ..............................
........................................................................
   1   -141.9498974 -0.141950E+03  0.178E-02    0.45       0.0  T
   2   -141.9498976 -0.217864E-06  0.975E-03    0.45       1.2  T
   3   -141.9498970  0.602662E-06  0.320E-03    0.45       3.6  T
   4   -141.9498976 -0.624469E-06  0.140E-03    0.45       8.2  T
   5   -141.9498977 -0.653896E-07  0.744E-04    0.45      15.4  T
   6   -141.9498977 -0.285592E-07  0.249E-04    0.45      46.2  T
     SCC iter.                  ...        0 min,  1.414 sec
     gradient                   ...        0 min,  0.252 sec
 * total energy  :  -139.8174959 Eh     change       -0.1302863E-05 Eh
   gradient norm :     0.0025656 Eh/α   predicted    -0.8325396E-06 ( -36.10%)
   displ. norm   :     0.0287778 α      lambda       -0.6211214E-05
   maximum displ.:     0.0141001 α      in ANC's #7, #9, #4, ...

........................................................................
.............................. CYCLE   38 ..............................
........................................................................
   1   -141.9501390 -0.141950E+03  0.915E-03    0.45       0.0  T
   2   -141.9501390 -0.592459E-07  0.506E-03    0.45       2.3  T
   3   -141.9501386  0.385632E-06  0.234E-03    0.45       4.9  T
   4   -141.9501391 -0.419629E-06  0.645E-04    0.45      17.8  T
   5   -141.9501391 -0.103029E-07  0.374E-04    0.45      30.7  T
     SCC iter.                  ...        0 min,  1.192 sec
     gradient                   ...        0 min,  0.251 sec
 * total energy  :  -139.8175002 Eh     change       -0.4260015E-05 Eh
   gradient norm :     0.0009718 Eh/α   predicted    -0.3111951E-05 ( -26.95%)
   displ. norm   :     0.0648579 α      lambda       -0.5553909E-05
   maximum displ.:     0.0264485 α      in ANC's #1, #7, #9, ...

   *** GEOMETRY OPTIMIZATION CONVERGED AFTER 38 ITERATIONS ***

------------------------------------------------------------------------
 total energy gain   :        -0.0401149 Eh      -25.1724 kcal/mol
 total RMSD          :         0.7311035 a0        0.3869 Å
 total power (kW/mol):        -2.7716192 (step)   -1.2589 (real)
------------------------------------------------------------------------

 ANCopt (total)                0 d,  0 h,  1 min, 23.659 sec
 optimizer setup                ...        0 min,  0.000 sec (  0.000%)
 model hessian                  ...        0 min,  0.570 sec (  0.681%)
 ANC generation                 ...        0 min,  0.260 sec (  0.310%)
 coordinate transformation      ...        0 min,  0.002 sec (  0.003%)
 single point calculation       ...        1 min, 22.509 sec ( 98.625%)
 optimization log               ...        0 min,  0.008 sec (  0.009%)
 hessian update                 ...        0 min,  0.143 sec (  0.170%)
 rational function              ...        0 min,  0.167 sec (  0.199%)

================
 final structure:
================
$coord
    5.87062650381711    5.39670012826738    2.97750148654045      C 
    5.40616013706761    7.76434668392734    3.86893731515926      C 
    7.61050966844138    8.63487959359779    6.10753982191723      S 
    9.19690097727693    5.74946833877906    5.84862413358154      C 
   11.79920943103720    5.11238424832609    7.59844386516685      Cl
    8.04248782312150    4.24098849181708    4.10778230958629      C 
    8.42607117075947    1.70734355556012    3.05708618893487      C 
   10.01739032205552    0.17314068870486    3.63157594520100      O 
    6.32471711205961    1.38594015603761    1.18179451870299      C 
    4.77231995554246    3.66628215195786    1.16459448420779      C 
    2.69846268561700    4.17524977075599   -0.29295560682555      C 
    1.40998655642038    6.50385509106874   -0.10524581187909      C 
    0.33793976923955    8.38276144444340    0.02935871342165      N 
    1.61913250333921    2.53529070923608   -2.09236872362469      C 
    0.65664843319710    1.28530471972776   -3.58156563428159      N 
    5.85417657205280   -0.77541067032431   -0.10349930710950      C 
    7.46587845154282   -2.96808354057083   -0.14695098719565      C 
    6.48549431225942   -5.41857018325106    0.10320043069240      C 
    7.90946379366657   -7.44604273538754    0.05359750340765      N 
   10.39591278429235   -7.13096640452940   -0.20143800437421      C 
   11.50562785702768   -4.89662248363372   -0.54180420434724      N 
   10.08673048228721   -2.87069259870864   -0.55610775576972      C 
   11.99234054490384   -9.36528844924897   -0.14950762575143      C 
   10.99877922697249  -11.81205948029237   -0.01410781981446      C 
   12.44633821315325  -13.82991981605882    0.03091467108303      N 
   14.94178946726069  -13.47820483863602   -0.04220498311169      C 
   16.07507841177493  -11.22935045093105   -0.16700567033446      N 
   14.63160701036201   -9.21064409981913   -0.22539897553916      C 
   16.55928704694059  -15.71398449810562    0.02339282451700      C 
   19.17251591647408  -15.48536674280044    0.18185283165084      C 
   20.67489811707079  -17.65676727977229    0.25986153263785      C 
   19.40457355405896  -19.98152063277877    0.14728482347773      C 
   16.92785223454448  -20.21133432818763   -0.01174613532944      N 
   15.53007198476823  -18.14724322213836   -0.06539821964353      C 
   23.38249582395651  -17.38628649145372    0.46603886568605      C 
   25.07286114067327  -19.28682289656195    0.64965848622514      C 
   27.71810969863604  -18.84164397213822    0.89174406936864      C 
   29.47986023054930  -20.75129186163896    1.05646288231291      N 
   29.00967419379078  -23.42895976099279    0.87224439886612      C 
   28.58353640194845  -24.26133769451659   -1.85770233204823      C 
   31.95159713392441  -19.81232688663819    1.32456469064849      C 
   33.79784617965865  -21.16616726549015    1.52017658107383      O 
   31.64543181063895  -17.10124574096725    1.32767345886814      C 
   29.01624186362654  -16.56955595947437    1.05706229200160      C 
   28.71301156137681  -13.86126665044139    1.06068436010790      C 
   26.86475538020303  -12.50486729033814    0.87076494926832      O 
   31.18627997452588  -12.92214101905724    1.32415800794456      N 
   31.65626256336665  -10.24314202421477    1.48880032725322      C 
   32.08285389521448   -9.38847037666875    4.21183054711106      C 
   32.94107960958279  -14.83359267612146    1.49175825137609      C 
   35.60483853805433  -14.39211516476387    1.75136856517532      C 
   37.28747773171898  -16.25519525719021    1.98475649088935      C 
    3.92702387662598    9.05711113159755    3.37498921116894      H 
    4.11785086233143   -0.94428349711544   -1.17453005160012      H 
    4.48540949352746   -5.73006866668685    0.40176814239142      H 
   11.02935869668833   -1.10885364433180   -0.98271626425426      H 
    8.97876876357225  -12.11946745946040    0.05410411066242      H 
   15.57307800486496   -7.39878936323877   -0.32856031826605      H 
   20.02005293077229  -13.63083703519692    0.25603871207119      H 
   20.42498861416547  -21.75219801773461    0.18403223464758      H 
   13.50925921592629  -18.40946651433910   -0.18960760635795      H 
   24.06615257641354  -15.45911711610692    0.48678736578417      H 
   24.45743529886226  -21.23192929606609    0.63931084983899      H 
   27.39573816987010  -23.93795535106888    2.05926021219859      H 
   30.70054879558670  -24.35345564621058    1.62028956000542      H 
   26.95777524263557  -23.30642181358643   -2.67730681131556      H 
   28.26649068816896  -26.28878528073599   -1.92697729783262      H 
   30.23953208187904  -23.81610856142264   -2.98931589699938      H 
   29.96552987270546   -9.32405127066509    0.73356163469013      H 
   33.27125679373357   -9.74370819353050    0.29917305473987      H 
   30.42980865699611   -9.82907746062045    5.34952673232018      H 
   32.39523536917018   -7.35961323027274    4.26406927982654      H 
   33.71261697542968  -10.33283974323354    5.03530616023554      H 
   36.22026405007711  -12.44373579291361    1.74442974067406      H 
   36.71785566579956  -18.20874942627843    1.99614657139703      H 
   39.27506056043767  -15.86378282713029    2.16880829688529      H 
$end
           -------------------------------------------------
          |                Final Singlepoint                |
           -------------------------------------------------

          ...................................................
          :                      SETUP                      :
          :.................................................:
          :  # basis functions                 244          :
          :  # atomic orbitals                 242          :
          :  # shells                          130          :
          :  # electrons                       252          :
          :  max. iterations                   250          :
          :  Hamiltonian                  GFN2-xTB          :
          :  restarted?                      false          :
          :  GBSA solvation                  false          :
          :  PC potential                    false          :
          :  electronic temp.          300.0000000     K    :
          :  accuracy                    1.0000000          :
          :  -> integral cutoff          0.2500000E+02      :
          :  -> integral neglect         0.1000000E-07      :
          :  -> SCF convergence          0.1000000E-05 Eh   :
          :  -> wf. convergence          0.1000000E-03 e    :
          :  Broyden damping             0.4000000          :
          ...................................................

 iter      E             dE          RMSdq      gap      omega  full diag
   1   -141.9501391 -0.141950E+03  0.205E-04    0.45       0.0  T
   2   -141.9501391 -0.337081E-10  0.114E-04    0.45     100.9  T
   3   -141.9501391 -0.513324E-09  0.105E-04    0.45     109.5  T

   *** convergence criteria satisfied after 3 iterations ***

         #    Occupation            Energy/Eh            Energy/eV
      -------------------------------------------------------------
         1        2.0000           -1.0925979             -29.7311
       ...           ...                  ...                  ...
       120        2.0000           -0.4085260             -11.1166
       121        2.0000           -0.4012123             -10.9175
       122        2.0000           -0.3970266             -10.8036
       123        2.0000           -0.3913405             -10.6489
       124        2.0000           -0.3784812             -10.2990
       125        2.0000           -0.3721657             -10.1271
       126        1.9997           -0.3653386              -9.9414 (HOMO)
       127        0.0003           -0.3486277              -9.4866 (LUMO)
       128                         -0.3273189              -8.9068
       129                         -0.3175003              -8.6396
       130                         -0.3088582              -8.4045
       131                         -0.2879202              -7.8347
       ...                                ...                  ...
       242                          1.1500072              31.2933
      -------------------------------------------------------------
                  HL-Gap            0.0167110 Eh            0.4547 eV
             Fermi-level           -0.3569828 Eh           -9.7140 eV

 SCC (total)                   0 d,  0 h,  0 min,  1.490 sec
 SCC setup                      ...        0 min,  0.001 sec (  0.067%)
 Dispersion                     ...        0 min,  0.002 sec (  0.129%)
 integral evaluation            ...        0 min,  0.219 sec ( 14.711%)
 zeroth order Hamiltonian       ...        0 min,  0.001 sec (  0.042%)
 iterations                     ...        0 min,  1.010 sec ( 67.766%)
 molecular gradient             ...        0 min,  0.251 sec ( 16.846%)
 printout                       ...        0 min,  0.007 sec (  0.437%)

         :::::::::::::::::::::::::::::::::::::::::::::::::::::
         ::                     SUMMARY                     ::
         :::::::::::::::::::::::::::::::::::::::::::::::::::::
         :: total energy            -139.817500135923 Eh    ::
         :: gradient norm              0.000971141284 Eh/a0 ::
         :: HOMO-LUMO gap              0.454728753825 eV    ::
         ::.................................................::
         :: SCC energy              -141.950139075837 Eh    ::
         :: -> isotropic ES            0.152669200374 Eh    ::
         :: -> anisotropic ES          0.000513725650 Eh    ::
         :: -> anisotropic XC          0.103249725701 Eh    ::
         :: -> dispersion             -0.101914116692 Eh    ::
         :: repulsion energy           2.133897939731 Eh    ::
         :: add. restraining           0.000000000000 Eh    ::
         :::::::::::::::::::::::::::::::::::::::::::::::::::::

           -------------------------------------------------
          |                Property Printout                |
           -------------------------------------------------

    * Orbital Energies and Occupations

         #    Occupation            Energy/Eh            Energy/eV
      -------------------------------------------------------------
         1        2.0000           -1.0925979             -29.7311
       ...           ...                  ...                  ...
       114        2.0000           -0.4277359             -11.6393
       115        2.0000           -0.4253142             -11.5734
       116        2.0000           -0.4243156             -11.5462
       117        2.0000           -0.4173953             -11.3579
       118        2.0000           -0.4161006             -11.3227
       119        2.0000           -0.4101413             -11.1605
       120        2.0000           -0.4085260             -11.1166
       121        2.0000           -0.4012123             -10.9175
       122        2.0000           -0.3970266             -10.8036
       123        2.0000           -0.3913405             -10.6489
       124        2.0000           -0.3784812             -10.2990
       125        2.0000           -0.3721657             -10.1271
       126        1.9997           -0.3653386              -9.9414 (HOMO)
       127        0.0003           -0.3486277              -9.4866 (LUMO)
       128                         -0.3273189              -8.9068
       129                         -0.3175003              -8.6396
       130                         -0.3088582              -8.4045
       131                         -0.2879202              -7.8347
       132                         -0.2872408              -7.8162
       133                         -0.2758193              -7.5054
       134                         -0.2728132              -7.4236
       135                         -0.2615458              -7.1170
       136                         -0.2576388              -7.0107
       137                         -0.2524774              -6.8703
       ...                                ...                  ...
       242                          1.1500072              31.2933
      -------------------------------------------------------------
                  HL-Gap            0.0167110 Eh            0.4547 eV
             Fermi-level           -0.3569828 Eh           -9.7140 eV

     #   Z        covCN         q      C6AA      α(0)
     1   6 C      3.226    -0.007    27.395     8.503
     2   6 C      2.924    -0.028    28.698     8.785
     3  16 S      2.400     0.085   137.627    19.745
     4   6 C      2.888     0.106    25.659     8.305
     5  17 Cl     1.004    -0.079   101.615    15.422
     6   6 C      3.238    -0.046    28.196     8.613
     7   6 C      2.851     0.238    23.037     7.867
     8   8 O      0.856    -0.358    20.863     6.124
     9   6 C      3.012    -0.025    28.609     8.774
    10   6 C      3.007     0.035    27.206     8.556
    11   6 C      2.947     0.009    27.823     8.651
    12   6 C      1.933     0.122    28.103     8.561
    13   7 N      0.911    -0.222    25.859     7.355
    14   6 C      1.927     0.122    28.086     8.559
    15   7 N      0.911    -0.225    25.915     7.363
    16   6 C      2.900    -0.010    28.269     8.718
    17   6 C      2.961     0.006    27.886     8.662
    18   6 C      2.927     0.081    26.198     8.394
    19   7 N      1.840    -0.228    26.840     7.678
    20   6 C      2.962     0.182    24.097     8.052
    21   7 N      1.841    -0.219    26.625     7.647
    22   6 C      2.923     0.097    25.850     8.338
    23   6 C      2.972    -0.018    28.452     8.749
    24   6 C      2.923     0.084    26.130     8.383
    25   7 N      1.840    -0.236    27.034     7.705
    26   6 C      2.965     0.183    24.093     8.051
    27   7 N      1.841    -0.232    26.923     7.690
    28   6 C      2.923     0.084    26.123     8.382
    29   6 C      2.975    -0.004    28.121     8.699
    30   6 C      2.939    -0.013    28.347     8.732
    31   6 C      2.964     0.010    27.786     8.646
    32   6 C      2.913     0.059    26.672     8.469
    33   7 N      1.834    -0.208    26.357     7.608
    34   6 C      2.913     0.062    26.602     8.458
    35   6 C      2.908    -0.034    28.839     8.806
    36   6 C      2.895    -0.042    29.032     8.834
    37   6 C      2.997     0.077    26.260     8.406
    38   7 N      2.834    -0.078    22.748     7.084
    39   6 C      3.739     0.006    20.564     6.471
    40   6 C      3.752    -0.110    22.657     6.788
    41   6 C      2.843     0.266    22.520     7.777
    42   8 O      0.857    -0.429    22.261     6.326
    43   6 C      3.155    -0.078    29.631     8.901
    44   6 C      3.154    -0.080    29.676     8.908
    45   6 C      2.846     0.264    22.558     7.784
    46   8 O      0.857    -0.431    22.306     6.332
    47   7 N      2.835    -0.076    22.712     7.078
    48   6 C      3.739     0.006    20.563     6.470
    49   6 C      3.752    -0.110    22.657     6.788
    50   6 C      2.999     0.078    26.239     8.403
    51   6 C      2.889    -0.034    28.847     8.806
    52   6 C      2.843    -0.076    29.894     8.960
    53   1 H      0.926     0.088     1.901     2.156
    54   1 H      0.925     0.072     2.060     2.245
    55   1 H      0.925     0.056     2.251     2.346
    56   1 H      0.926     0.061     2.186     2.312
    57   1 H      0.925     0.067     2.118     2.276
    58   1 H      0.925     0.070     2.088     2.260
    59   1 H      0.926     0.077     2.011     2.217
    60   1 H      0.925     0.047     2.354     2.399
    61   1 H      0.926     0.068     2.108     2.271
    62   1 H      0.925     0.093     1.854     2.129
    63   1 H      0.926     0.050     2.321     2.382
    64   1 H      0.924     0.044     2.396     2.421
    65   1 H      0.924     0.077     2.007     2.215
    66   1 H      0.925     0.043     2.406     2.425
    67   1 H      0.925     0.049     2.337     2.391
    68   1 H      0.925     0.051     2.305     2.374
    69   1 H      0.924     0.077     2.009     2.217
    70   1 H      0.924     0.045     2.389     2.417
    71   1 H      0.925     0.051     2.305     2.374
    72   1 H      0.925     0.048     2.345     2.394
    73   1 H      0.925     0.044     2.397     2.421
    74   1 H      0.925     0.048     2.346     2.395
    75   1 H      0.926     0.093     1.849     2.126
    76   1 H      0.926     0.054     2.265     2.353

 Mol. C6AA /au·bohr⁶  :      97241.938903
 Mol. C8AA /au·bohr⁸  :    2548015.332030
 Mol. α(0) /au        :        492.680720


Wiberg/Mayer (AO) data.
largest (>0.10) Wiberg bond orders for each atom
          total WBO             WBO to atom ...
     1  C   3.983        C    2 1.556    C    6 1.151    C   10 1.102
     2  C   3.931        C    1 1.556    S    3 1.200    H   53 0.960
     3  S   2.655        C    2 1.200    C    4 1.156
     4  C   3.899        C    6 1.512    S    3 1.156    Cl   5 1.054
     5  Cl  1.246        C    4 1.054
     6  C   3.971        C    4 1.512    C    1 1.151    C    7 1.041
     7  C   3.938        O    8 1.779    C    6 1.041    C    9 0.999
     8  O   2.084        C    7 1.779
     9  C   3.977        C   16 1.644    C   10 1.108    C    7 0.999
    10  C   3.977        C   11 1.499    C    9 1.108    C    1 1.102
    11  C   3.960        C   10 1.499    C   14 1.099    C   12 1.092
    12  C   3.948        N   13 2.778    C   11 1.092
    13  N   2.985        C   12 2.778
    14  C   3.947        N   15 2.766    C   11 1.099
    15  N   2.974        C   14 2.766
    16  C   3.953        C    9 1.644    C   17 1.121    H   54 0.941
    17  C   3.974        C   18 1.336    C   22 1.321    C   16 1.121
    18  C   3.963        N   19 1.483    C   17 1.336    H   55 0.959
    19  N   3.081        C   18 1.483    C   20 1.348
    20  C   3.955        N   21 1.349    N   19 1.348    C   23 1.073
    21  N   3.094        C   22 1.493    C   20 1.349
    22  C   3.960        N   21 1.493    C   17 1.321    H   56 0.959
    23  C   3.979        C   24 1.348    C   28 1.346    C   20 1.073
    24  C   3.965        N   25 1.481    C   23 1.348    H   57 0.957
    25  N   3.065        C   24 1.481    C   26 1.353
    26  C   3.952        N   25 1.353    N   27 1.353    C   29 1.063
    27  N   3.068        C   28 1.483    C   26 1.353
    28  C   3.964        N   27 1.483    C   23 1.346    H   58 0.957
    29  C   3.986        C   30 1.400    C   34 1.346    C   26 1.063
    30  C   3.967        C   29 1.400    C   31 1.369    H   59 0.960
    31  C   3.987        C   30 1.369    C   32 1.333    C   35 1.131
    32  C   3.943        N   33 1.453    C   31 1.333    H   60 0.959
    33  N   3.069        C   32 1.453    C   34 1.446
    34  C   3.948        N   33 1.446    C   29 1.346    H   61 0.959
    35  C   3.963        C   36 1.683    C   31 1.131    H   62 0.947
    36  C   3.989        C   35 1.683    C   37 1.179    H   63 0.954
    37  C   3.965        C   44 1.368    C   36 1.179    N   38 1.175
    38  N   3.564        C   37 1.175    C   41 1.078    C   39 0.987    O   42 0.120
    39  C   3.965        C   40 1.006    N   38 0.987    H   64 0.967    H   65 0.964
    40  C   3.991        C   39 1.006    H   68 0.987    H   66 0.985    H   67 0.984
    41  C   3.950        O   42 1.652    C   43 1.090    N   38 1.078
    42  O   2.011        C   41 1.652    N   38 0.120
    43  C   3.967        C   50 1.385    C   44 1.190    C   41 1.090
    44  C   3.954        C   37 1.368    C   43 1.190    C   45 1.096
    45  C   3.947        O   46 1.644    C   44 1.096    N   47 1.076
    46  O   2.000        C   45 1.644    N   47 0.116
    47  N   3.572        C   50 1.184    C   45 1.076    C   48 0.987    O   46 0.116
    48  C   3.965        C   49 1.006    N   47 0.987    H   70 0.967    H   69 0.964
    49  C   3.991        C   48 1.006    H   71 0.987    H   73 0.985    H   72 0.984
    50  C   3.952        C   43 1.385    N   47 1.184    C   51 1.141
    51  C   3.990        C   52 1.837    C   50 1.141    H   74 0.959
    52  C   3.954        C   51 1.837    H   76 0.978    H   75 0.962
    53  H   0.992        C    2 0.960
    54  H   0.992        C   16 0.941
    55  H   0.996        C   18 0.959
    56  H   0.995        C   22 0.959
    57  H   0.995        C   24 0.957
    58  H   0.995        C   28 0.957
    59  H   0.994        C   30 0.960
    60  H   0.998        C   32 0.959
    61  H   0.995        C   34 0.959
    62  H   0.991        C   35 0.947
    63  H   0.997        C   36 0.954
    64  H   0.997        C   39 0.967
    65  H   0.993        C   39 0.964
    66  H   0.998        C   40 0.985
    67  H   0.997        C   40 0.984
    68  H   0.997        C   40 0.987
    69  H   0.993        C   48 0.964
    70  H   0.997        C   48 0.967
    71  H   0.997        C   49 0.987
    72  H   0.997        C   49 0.984
    73  H   0.998        C   49 0.985
    74  H   0.997        C   51 0.959
    75  H   0.991        C   52 0.962
    76  H   0.996        C   52 0.978

molecular dipole:
                 x           y           z       tot (Debye)
 q only:        0.845       0.365       0.408
   full:        1.047       1.182       0.796       4.496
molecular quadrupole (traceless):
                xx          xy          yy          xz          yz          zz
 q only:       12.772      20.733       2.054      -6.395      14.572     -14.826
  q+dip:       30.437      51.366     -28.350       0.086      12.262      -2.086
   full:       25.786      51.387     -37.095      -2.151      10.209      11.309

           -------------------------------------------------
          |                Geometry Summary                 |
           -------------------------------------------------

      molecular mass/u    :      722.1791000
   center of mass at/Å    :        8.8624456      -4.1485020       0.7217239
  moments of inertia/u·Å² :        0.5736184E+04   0.4025442E+05   0.4501288E+05
rotational constants/cm⁻¹ :        0.2938824E-02   0.4187772E-03   0.3745069E-03

 * 73 selected distances

     #   Z        #   Z                                     value/Å
     1   6 C      2   6 C                                 1.3611420
     2   6 C      3  16 S                                 1.7251768
     3  16 S      4   6 C                                 1.7478295 (max)
     4   6 C      5  17 Cl                                1.6933469
     1   6 C      6   6 C                                 1.4327112
     4   6 C      6   6 C                                 1.3634621
     7   6 C      8   8 O                                 1.2085780
     1   6 C     10   6 C                                 1.4479798
    10   6 C     11   6 C                                 1.3681442
    12   6 C     13   7 N                                 1.1469472
    14   6 C     15   7 N                                 1.1480278
     9   6 C     16   6 C                                 1.3537866
    17   6 C     18   6 C                                 1.4029300
    18   6 C     19   7 N                                 1.3113344
    19   7 N     20   6 C                                 1.3331429
    20   6 C     21   7 N                                 1.3323933
    17   6 C     22   6 C                                 1.4046402
    21   7 N     22   6 C                                 1.3088840
    23   6 C     24   6 C                                 1.3992897
    24   6 C     25   7 N                                 1.3143654
    25   7 N     26   6 C                                 1.3341488
    26   6 C     27   7 N                                 1.3342473
    23   6 C     28   6 C                                 1.3996115
    27   7 N     28   6 C                                 1.3136174
    29   6 C     30   6 C                                 1.3906735
    30   6 C     31   6 C                                 1.3978914
    31   6 C     32   6 C                                 1.4031558
    32   6 C     33   7 N                                 1.3189422
    29   6 C     34   6 C                                 1.3988624
    33   7 N     34   6 C                                 1.3194608
    35   6 C     36   6 C                                 1.3494632
    36   6 C     37   6 C                                 1.4252591
    37   6 C     38   7 N                                 1.3776561
    38   7 N     39   6 C                                 1.4419393
    39   6 C     40   6 C                                 1.5270277
    38   7 N     41   6 C                                 1.4063593
    41   6 C     42   8 O                                 1.2159318
    41   6 C     43   6 C                                 1.4437628
    37   6 C     44   6 C                                 1.3875005
    43   6 C     44   6 C                                 1.4266764
    44   6 C     45   6 C                                 1.4421214
    45   6 C     46   8 O                                 1.2173308
    45   6 C     47   7 N                                 1.4068983
    47   7 N     48   6 C                                 1.4419499
    48   6 C     49   6 C                                 1.5270535
    43   6 C     50   6 C                                 1.3847748
    47   7 N     50   6 C                                 1.3759686
    50   6 C     51   6 C                                 1.4354182
    51   6 C     52   6 C                                 1.3341998
     2   6 C     53   1 H                                 1.0719032 (min)
    16   6 C     54   1 H                                 1.0832572
    18   6 C     55   1 H                                 1.0827480
    22   6 C     56   1 H                                 1.0812089
    24   6 C     57   1 H                                 1.0818530
    28   6 C     58   1 H                                 1.0818831
    30   6 C     59   1 H                                 1.0797165
    32   6 C     60   1 H                                 1.0816331
    34   6 C     61   1 H                                 1.0803349
    35   6 C     62   1 H                                 1.0821382
    36   6 C     63   1 H                                 1.0796117
    39   6 C     64   1 H                                 1.0938585
    39   6 C     65   1 H                                 1.0939159
    40   6 C     66   1 H                                 1.0879343
    40   6 C     67   1 H                                 1.0865365
    40   6 C     68   1 H                                 1.0872114
    48   6 C     69   1 H                                 1.0939632
    48   6 C     70   1 H                                 1.0938561
    49   6 C     71   1 H                                 1.0872044
    49   6 C     72   1 H                                 1.0866282
    49   6 C     73   1 H                                 1.0878517
    51   6 C     74   1 H                                 1.0812555
    52   6 C     75   1 H                                 1.0768429
    52   6 C     76   1 H                                 1.0763997

 * 6 distinct bonds (by element types)

   Z      Z             #   av. dist./Å        max./Å        min./Å
   1 H    6 C          24     1.0841561     1.0939632     1.0719032
   6 C    6 C          25     1.4083015     1.5270535     1.3341998
   6 C    7 N          18     1.3314602     1.4419499     1.1469472
   6 C    8 O           3     1.2139469     1.2173308     1.2085780
   6 C   16 S           2     1.7365031     1.7478295     1.7251768
   6 C   17 Cl          1     1.6933469     1.6933469     1.6933469


optimized geometry written to: xtbopt.xyz


           -------------------------------------------------
          | TOTAL ENERGY             -139.817500135923 Eh   |
          | GRADIENT NORM               0.000971141284 Eh/α |
          | HOMO-LUMO GAP               0.454728753825 eV   |
           -------------------------------------------------

------------------------------------------------------------------------
 * finished run on 2021/09/14 at 03:48:28.615     
------------------------------------------------------------------------
 total:
 * wall-time:     0 d,  0 h,  1 min, 30.116 sec
 *  cpu-time:     0 d,  0 h,  1 min, 30.577 sec
 * ratio c/w:     1.005 speedup
 SCF:
 * wall-time:     0 d,  0 h,  0 min,  4.624 sec
 *  cpu-time:     0 d,  0 h,  0 min,  5.099 sec
 * ratio c/w:     1.103 speedup
 ANC optimizer:
 * wall-time:     0 d,  0 h,  1 min, 25.160 sec
 *  cpu-time:     0 d,  0 h,  1 min, 25.159 sec
 * ratio c/w:     1.000 speedup

