      -----------------------------------------------------------      
     |                   =====================                   |     
     |                           x T B                           |     
     |                   =====================                   |     
     |                         S. Grimme                         |     
     |          Mulliken Center for Theoretical Chemistry        |     
     |                    University of Bonn                     |     
     |                Version 6.2 RC2 (SAW190805)                |     
      -----------------------------------------------------------      

   This program is distributed in the hope that it will be useful,
   but WITHOUT ANY WARRANTY; without even the implied warranty of
   MERCHANTABILITY or FITNESS FOR A PARTICULAR PURPOSE.
   
   FOR NON-COMMERCIAL, ACADEMIA USE ONLY.
   
   Cite this work as:
   * S. Grimme, C. Bannwarth, P. Shushkov, J. Chem. Theory Comput., 2017,
     13, 1989-2009. DOI: 10.1021/acs.jctc.7b00118
   * C. Bannwarth, S. Ehlert and S. Grimme., J. Chem. Theory Comput., 2019,
     15, 1652-1671. DOI: 10.1021/acs.jctc.8b01176
   * P. Pracht, E. Caldeweyher, S. Ehlert, S. Grimme, ChemRxiv, 2019, preprint.
     DOI: 10.26434/chemrxiv.8326202.v1
   
   for DFT-D4:
   * E. Caldeweyher, C. Bannwarth and S. Grimme, J. Chem. Phys., 2017,
     147, 034112. DOI: 10.1063/1.4993215
   * E. Caldeweyher, S. Ehlert, A. Hansen, H. Neugebauer, S. Spicher,
     C. Bannwarth and S. Grimme, J. Chem. Phys., 2019, 150, 154122.
     DOI: 10.1063/1.5090222
   
   for sTDA-xTB:
   * S. Grimme and C. Bannwarth, J. Chem. Phys., 2016, 145, 054103.
     DOI: 10.1063/1.4959605
   
   in the mass-spec context:
   * V. Asgeirsson, C. Bauer and S. Grimme, Chem. Sci., 2017, 8, 4879.
     DOI: 10.1039/c7sc00601b
   
   for metadynamics refer to:
   * S. Grimme, J. Chem. Theory Comput., 2019, 155, 2847-2862
     DOI: 10.1021/acs.jctc.9b00143
   
   with help from (in alphabetical order)
   C. Bannwarth, F. Bohle, G. Brandenburg, E. Caldeweyher, M. Checinski,
   S. Dohm, S. Ehlert, S. Ehrlich, F. März, H. Neugebauer, J. Pisarek,
   P. Pracht, P. Shushkov, and S. Spicher.
   
 * started run on 2021/09/17 at 09:17:08.975     

           -------------------------------------------------
          |                Calculation Setup                |
           -------------------------------------------------

          program call               : /ihome/ghutchison/geoffh/xtb/xtb /ihome/ghutchison/blp62/GA/running_GA/v5/generations/101/92_22_714_184_92_13051.xyz -opt
          hostname                   : smp-n3
          coordinate file            : /ihome/ghutchison/blp62/GA/running_GA/v5/generations/101/92_22_714_184_92_13051.xyz
          omp threads                :                    12
          number of atoms            :                    69
          number of electrons        :                   258
          charge                     :                     0
          spin                       :                   0.0
          first test random number   :      0.83137488303094


########################################################################
# WARNING! Please study the warnings concerning your input carefully
#  - XTBPATH is not set, using XTBHOME instead
#  - the use of '-opt' is discouraged, please use '--opt' next time
########################################################################

           ------------------------------------------------- 
          |                 G F N 2 - x T B                 |
          | Geometry, Frequencies, Noncovalent interactions |
          |            JCTC 2019 parametrisation            |
           ------------------------------------------------- 
             KAB for C  - Si     :                1.0500
             KAB for H  - Pd     :                0.9500
             k(s)              :                1.8500
             k(p)              :                2.2300
             k(d)              :                2.2300
             k(f)              :                2.0000
             kEN (H0ij)        :               -2.0000
             D4 a1             :                0.5200
             D4 a2             :                5.0000
             D4 s6             :                1.0000
             D4 s8             :                2.7000
             D4 s9             :                5.0000
             alphaj            :                2.0000

  Z AO/shell   Hii/eV     exponent
  1     Wed Apr 25 08:07:45 CEST 2018   EN: 2.200 GM2: 0.406  GM3: 0.0800  RAES: 1.40
     1s    -10.707211    1.230000
  6     Wed Apr 25 08:07:45 CEST 2018   EN: 2.550 GM2: 0.538  GM3: 0.1500  RAES: 3.00
     2s    -13.970922    2.096432
     2p    -10.063292    1.800000
  7     Wed Apr 25 08:07:45 CEST 2018   EN: 3.040 GM2: 0.461  GM3:-0.0640  RAES: 1.90
     2s    -16.686243    2.339881
     2p    -12.523956    2.014332
  8     Wed Apr 25 08:07:45 CEST 2018   EN: 3.440 GM2: 0.452  GM3:-0.0517  RAES: 1.80
     2s    -20.229985    2.439742
     2p    -15.503117    2.137023
 16     Tue Apr 24 11:44:34 CEST 2018   EN: 2.580 GM2: 0.340  GM3:-0.0502  RAES: 3.10
     3s    -20.029654    1.981333
     3p    -11.377694    2.025643
     3d     -0.420282    1.702555

           ------------------------------------------------- 
          |        Self-Consistent Charge Iterations        |
           ------------------------------------------------- 

          ...................................................
          :                      SETUP                      :
          :.................................................:
          :  # basis functions                 240          :
          :  # atomic orbitals                 239          :
          :  # shells                          125          :
          :  # electrons                       258          :
          :  max. iterations                   250          :
          :  Hamiltonian                  GFN2-xTB          :
          :  restarted?                      false          :
          :  GBSA solvation                  false          :
          :  PC potential                    false          :
          :  electronic temp.          300.0000000     K    :
          :  accuracy                    1.0000000          :
          :  -> integral cutoff          0.2500000E+02      :
          :  -> integral neglect         0.1000000E-07      :
          :  -> SCF convergence          0.1000000E-05 Eh   :
          :  -> wf. convergence          0.1000000E-03 e    :
          :  Broyden damping             0.4000000          :
          ...................................................

 iter      E             dE          RMSdq      gap      omega  full diag
   1   -146.1196353 -0.146120E+03  0.545E+00    0.43       0.0  T
   2   -146.2353186 -0.115683E+00  0.375E+00    0.45       1.0  T
   3   -146.2903866 -0.550680E-01  0.241E+00    0.58       1.0  T
   4   -146.4361798 -0.145793E+00  0.873E-01    0.52       1.0  T
   5   -146.4815931 -0.454133E-01  0.255E-01    0.47       1.0  T
   6   -146.4831108 -0.151764E-02  0.192E-01    0.56       1.0  T
   7   -146.4853799 -0.226911E-02  0.981E-02    0.55       1.0  T
   8   -146.4859151 -0.535218E-03  0.402E-02    0.55       1.0  T
   9   -146.4859942 -0.791577E-04  0.175E-02    0.55       1.0  T
  10   -146.4860021 -0.787463E-05  0.952E-03    0.55       1.3  T
  11   -146.4860064 -0.430435E-05  0.444E-03    0.55       2.7  T
  12   -146.4860068 -0.389049E-06  0.258E-03    0.55       4.7  T
  13   -146.4860071 -0.283986E-06  0.102E-03    0.55      11.8  T
  14   -146.4860071 -0.139825E-07  0.700E-04    0.55      17.2  T
  15   -146.4860071 -0.229485E-07  0.339E-04    0.55      35.5  T

   *** convergence criteria satisfied after 15 iterations ***

         #    Occupation            Energy/Eh            Energy/eV
      -------------------------------------------------------------
         1        2.0000           -0.8021974             -21.8289
       ...           ...                  ...                  ...
       123        2.0000           -0.4220370             -11.4842
       124        2.0000           -0.4211273             -11.4595
       125        2.0000           -0.4205205             -11.4429
       126        2.0000           -0.4157760             -11.3138
       127        2.0000           -0.4130250             -11.2390
       128        2.0000           -0.4002582             -10.8916
       129        2.0000           -0.3989327             -10.8555 (HOMO)
       130        0.0001           -0.3788123             -10.3080 (LUMO)
       131        0.0000           -0.3733718             -10.1600
       132                         -0.3311140              -9.0101
       133                         -0.3308276              -9.0023
       134                         -0.3194973              -8.6940
       ...                                ...                  ...
       239                          1.0917150              29.7071
      -------------------------------------------------------------
                  HL-Gap            0.0201204 Eh            0.5475 eV
             Fermi-level           -0.3887689 Eh          -10.5789 eV

 SCC (total)                   0 d,  0 h,  0 min,  0.120 sec
 SCC setup                      ...        0 min,  0.001 sec (  0.932%)
 Dispersion                     ...        0 min,  0.002 sec (  1.989%)
 integral evaluation            ...        0 min,  0.012 sec ( 10.114%)
 zeroth order Hamiltonian       ...        0 min,  0.001 sec (  0.595%)
 iterations                     ...        0 min,  0.094 sec ( 78.189%)
 molecular gradient             ...        0 min,  0.009 sec (  7.659%)
 printout                       ...        0 min,  0.001 sec (  0.455%)

         :::::::::::::::::::::::::::::::::::::::::::::::::::::
         ::                     SUMMARY                     ::
         :::::::::::::::::::::::::::::::::::::::::::::::::::::
         :: total energy            -144.415079362386 Eh    ::
         :: gradient norm              0.215505302475 Eh/a0 ::
         :: HOMO-LUMO gap              0.547505000640 eV    ::
         ::.................................................::
         :: SCC energy              -146.486007136117 Eh    ::
         :: -> isotropic ES            0.166617691690 Eh    ::
         :: -> anisotropic ES          0.020934767196 Eh    ::
         :: -> anisotropic XC          0.140381666561 Eh    ::
         :: -> dispersion             -0.101506019183 Eh    ::
         :: repulsion energy           2.072093102448 Eh    ::
         :: add. restraining           0.000000000000 Eh    ::
         :::::::::::::::::::::::::::::::::::::::::::::::::::::

      ----------------------------------------------------------- 
     |                   =====================                   |
     |                        A N C O P T                        |
     |                   =====================                   |
     |               Approximate Normal Coordinate               |
     |                Rational Function Optimizer                |
      ----------------------------------------------------------- 

          ...................................................
          :                      SETUP                      :
          :.................................................:
          :   optimization level            normal          :
          :   max. optcycles                   207          :
          :   ANC micro-cycles                  20          :
          :   degrees of freedom               201          :
          :.................................................:
          :   RF solver                   davidson          :
          :   input Hessian                  false          :
          :   write xtbopt.log                true          :
          :   linear?                        false          :
          :   energy convergence         0.5000000E-05 Eh   :
          :   grad. convergence          0.1000000E-02 Eh/α :
          :   maximium RF displ.         2.0000000          :
          :   Hlow (freq-cutoff)         0.5000000E-02      :
          :   Hmax (freq-cutoff)         5.0000000          :
          :   S6 in model hess.         20.0000000          :
          ...................................................

generating ANC from model Hessian ...
Using Lindh-Hessian (1995)
 Shifting diagonal of input Hessian by   4.964286213670771E-003
 Lowest  eigenvalues of input Hessian
   -0.000000    0.000000    0.000000    0.000000    0.000000    0.000000
    0.005000    0.005017    0.005065    0.005093    0.005152    0.005183
    0.005281    0.005397    0.005594    0.005686    0.006243    0.007014
 Highest eigenvalues
    2.376818    2.405822    2.527120    2.545033    2.562773    2.574556
 

........................................................................
.............................. CYCLE    1 ..............................
........................................................................
   1   -146.4860071 -0.146486E+03  0.126E-04    0.55       0.0  T
   2   -146.4860071  0.176072E-09  0.103E-04    0.55     117.0  T
   3   -146.4860071 -0.602284E-09  0.581E-05    0.55     207.3  T
     SCC iter.                  ...        0 min,  0.018 sec
     gradient                   ...        0 min,  0.009 sec
 * total energy  :  -144.4150792 Eh     change        0.1358829E-06 Eh
   gradient norm :     0.2155025 Eh/α   predicted     0.0000000E+00 (-100.00%)
   displ. norm   :     0.3648399 α      lambda       -0.4242631E-01
   maximum displ.:     0.1095609 α      in ANC's #64, #66, #27, ...

........................................................................
.............................. CYCLE    2 ..............................
........................................................................
   1   -146.5963798 -0.146596E+03  0.273E-01    0.49       0.0  T
   2   -146.5961615  0.218291E-03  0.173E-01    0.56       1.0  T
   3   -146.5939967  0.216486E-02  0.187E-01    0.49       1.0  T
   4   -146.5970356 -0.303893E-02  0.509E-02    0.54       1.0  T
   5   -146.5971484 -0.112840E-03  0.294E-02    0.53       1.0  T
   6   -146.5972033 -0.549243E-04  0.123E-02    0.53       1.0  T
   7   -146.5972093 -0.597530E-05  0.700E-03    0.53       1.7  T
   8   -146.5972132 -0.384079E-05  0.223E-03    0.53       5.4  T
   9   -146.5972134 -0.230585E-06  0.938E-04    0.53      12.8  T
     SCC iter.                  ...        0 min,  0.051 sec
     gradient                   ...        0 min,  0.008 sec
 * total energy  :  -144.4446121 Eh     change       -0.2953289E-01 Eh
   gradient norm :     0.0970165 Eh/α   predicted    -0.2403700E-01 ( -18.61%)
   displ. norm   :     0.4073369 α      lambda       -0.1760205E-01
   maximum displ.:     0.1972982 α      in ANC's #27, #44, #30, ...

........................................................................
.............................. CYCLE    3 ..............................
........................................................................
   1   -146.6366376 -0.146637E+03  0.255E-01    0.43       0.0  T
   2   -146.6354892  0.114841E-02  0.187E-01    0.53       1.0  T
   3   -146.6329091  0.258015E-02  0.212E-01    0.43       1.0  T
   4   -146.6372828 -0.437374E-02  0.548E-02    0.49       1.0  T
   5   -146.6374608 -0.178016E-03  0.290E-02    0.48       1.0  T
   6   -146.6375248 -0.639618E-04  0.983E-03    0.48       1.2  T
   7   -146.6375274 -0.261905E-05  0.669E-03    0.48       1.8  T
   8   -146.6375308 -0.343753E-05  0.262E-03    0.48       4.6  T
   9   -146.6375311 -0.266673E-06  0.126E-03    0.48       9.6  T
     SCC iter.                  ...        0 min,  0.050 sec
     gradient                   ...        0 min,  0.008 sec
 * total energy  :  -144.4554155 Eh     change       -0.1080338E-01 Eh
   gradient norm :     0.0387240 Eh/α   predicted    -0.1026132E-01 (  -5.02%)
   displ. norm   :     0.4611418 α      lambda       -0.5520520E-02
   maximum displ.:     0.3020106 α      in ANC's #27, #18, #40, ...

........................................................................
.............................. CYCLE    4 ..............................
........................................................................
   1   -146.6408153 -0.146641E+03  0.271E-01    0.45       0.0  T
   2   -146.6403624  0.452889E-03  0.163E-01    0.49       1.0  T
   3   -146.6300620  0.103004E-01  0.285E-01    0.39       1.0  T
   4   -146.6407872 -0.107252E-01  0.519E-02    0.49       1.0  T
   5   -146.6410947 -0.307547E-03  0.183E-02    0.47       1.0  T
   6   -146.6411165 -0.218264E-04  0.908E-03    0.46       1.3  T
   7   -146.6411198 -0.324395E-05  0.572E-03    0.46       2.1  T
   8   -146.6411218 -0.201633E-05  0.303E-03    0.46       4.0  T
     SCC iter.                  ...        0 min,  0.044 sec
     gradient                   ...        0 min,  0.008 sec
 * total energy  :  -144.4583638 Eh     change       -0.2948342E-02 Eh
   gradient norm :     0.0320449 Eh/α   predicted    -0.3347247E-02 (  13.53%)
   displ. norm   :     0.5822711 α      lambda       -0.6229851E-02
   maximum displ.:     0.3711255 α      in ANC's #27, #30, #10, ...

........................................................................
.............................. CYCLE    5 ..............................
........................................................................
   1   -146.6427801 -0.146643E+03  0.358E-01    0.43       0.0  T
   2   -146.6423984  0.381762E-03  0.208E-01    0.46       1.0  T
   3   -146.6221408  0.202576E-01  0.371E-01    0.37       1.0  T
   4   -146.6421134 -0.199726E-01  0.868E-02    0.47       1.0  T
   5   -146.6430644 -0.951043E-03  0.304E-02    0.45       1.0  T
   6   -146.6431636 -0.991602E-04  0.151E-02    0.44       1.0  T
   7   -146.6431712 -0.755092E-05  0.855E-03    0.44       1.4  T
   8   -146.6431768 -0.566641E-05  0.390E-03    0.44       3.1  T
   9   -146.6431774 -0.625068E-06  0.165E-03    0.44       7.3  T
     SCC iter.                  ...        0 min,  0.049 sec
     gradient                   ...        0 min,  0.008 sec
 * total energy  :  -144.4602449 Eh     change       -0.1881027E-02 Eh
   gradient norm :     0.0370694 Eh/α   predicted    -0.4171009E-02 ( 121.74%)
   displ. norm   :     0.2417946 α      lambda       -0.3249623E-02
   maximum displ.:     0.1029842 α      in ANC's #18, #11, #5, ...

........................................................................
.............................. CYCLE    6 ..............................
........................................................................
   1   -146.6447717 -0.146645E+03  0.200E-01    0.46       0.0  T
   2   -146.6446275  0.144224E-03  0.116E-01    0.44       1.0  T
   3   -146.6409810  0.364641E-02  0.184E-01    0.48       1.0  T
   4   -146.6448765 -0.389547E-02  0.178E-02    0.45       1.0  T
   5   -146.6448839 -0.744479E-05  0.113E-02    0.45       1.1  T
   6   -146.6448896 -0.560978E-05  0.746E-03    0.45       1.6  T
   7   -146.6448955 -0.589397E-05  0.228E-03    0.45       5.3  T
   8   -146.6448957 -0.237272E-06  0.120E-03    0.45      10.0  T
     SCC iter.                  ...        0 min,  0.044 sec
     gradient                   ...        0 min,  0.008 sec
 * total energy  :  -144.4619111 Eh     change       -0.1666187E-02 Eh
   gradient norm :     0.0207191 Eh/α   predicted    -0.1719808E-02 (   3.22%)
   displ. norm   :     0.4037051 α      lambda       -0.3693491E-02
   maximum displ.:     0.1770425 α      in ANC's #16, #27, #9, ...

........................................................................
.............................. CYCLE    7 ..............................
........................................................................
   1   -146.6398980 -0.146640E+03  0.323E-01    0.46       0.0  T
   2   -146.6396204  0.277628E-03  0.186E-01    0.44       1.0  T
   3   -146.6317973  0.782314E-02  0.271E-01    0.49       1.0  T
   4   -146.6401188 -0.832149E-02  0.326E-02    0.46       1.0  T
   5   -146.6401694 -0.505963E-04  0.151E-02    0.46       1.0  T
   6   -146.6401783 -0.895382E-05  0.864E-03    0.46       1.4  T
   7   -146.6401817 -0.341746E-05  0.468E-03    0.46       2.6  T
   8   -146.6401834 -0.167369E-05  0.252E-03    0.46       4.8  T
     SCC iter.                  ...        0 min,  0.044 sec
     gradient                   ...        0 min,  0.008 sec
 * total energy  :  -144.4620824 Eh     change       -0.1713664E-03 Eh
   gradient norm :     0.0359955 Eh/α   predicted    -0.2147729E-02 (1153.30%)
   displ. norm   :     0.2955879 α      lambda       -0.3449414E-02
   maximum displ.:     0.1799817 α      in ANC's #27, #18, #10, ...

........................................................................
.............................. CYCLE    8 ..............................
........................................................................
   1   -146.6418446 -0.146642E+03  0.183E-01    0.45       0.0  T
   2   -146.6418264  0.181267E-04  0.103E-01    0.46       1.0  T
   3   -146.6393728  0.245368E-02  0.133E-01    0.41       1.0  T
   4   -146.6418607 -0.248792E-02  0.220E-02    0.45       1.0  T
   5   -146.6419008 -0.401004E-04  0.847E-03    0.45       1.4  T
   6   -146.6419037 -0.292551E-05  0.604E-03    0.45       2.0  T
   7   -146.6419063 -0.263968E-05  0.257E-03    0.45       4.7  T
   8   -146.6419068 -0.432377E-06  0.119E-03    0.45      10.1  T
     SCC iter.                  ...        0 min,  0.044 sec
     gradient                   ...        0 min,  0.008 sec
 * total energy  :  -144.4639706 Eh     change       -0.1888170E-02 Eh
   gradient norm :     0.0178419 Eh/α   predicted    -0.1875402E-02 (  -0.68%)
   displ. norm   :     0.2714086 α      lambda       -0.1145729E-02
   maximum displ.:     0.1098872 α      in ANC's #27, #11, #10, ...

........................................................................
.............................. CYCLE    9 ..............................
........................................................................
   1   -146.6449989 -0.146645E+03  0.134E-01    0.44       0.0  T
   2   -146.6450138 -0.149197E-04  0.757E-02    0.44       1.0  T
   3   -146.6448210  0.192776E-03  0.400E-02    0.43       1.0  T
   4   -146.6450113 -0.190245E-03  0.137E-02    0.44       1.0  T
   5   -146.6450260 -0.147402E-04  0.749E-03    0.44       1.6  T
   6   -146.6450288 -0.281885E-05  0.520E-03    0.44       2.3  T
   7   -146.6450309 -0.204614E-05  0.279E-03    0.44       4.3  T
   8   -146.6450315 -0.638240E-06  0.885E-04    0.44      13.6  T
     SCC iter.                  ...        0 min,  0.045 sec
     gradient                   ...        0 min,  0.009 sec
 * total energy  :  -144.4646510 Eh     change       -0.6803724E-03 Eh
   gradient norm :     0.0123813 Eh/α   predicted    -0.6150695E-03 (  -9.60%)
   displ. norm   :     0.5011873 α      lambda       -0.1485083E-02
   maximum displ.:     0.2382724 α      in ANC's #10, #27, #18, ...

........................................................................
.............................. CYCLE   10 ..............................
........................................................................
   1   -146.6378380 -0.146638E+03  0.249E-01    0.42       0.0  T
   2   -146.6378559 -0.179123E-04  0.139E-01    0.42       1.0  T
   3   -146.6362197  0.163622E-02  0.113E-01    0.42       1.0  T
   4   -146.6377926 -0.157286E-02  0.353E-02    0.41       1.0  T
   5   -146.6379061 -0.113573E-03  0.155E-02    0.42       1.0  T
   6   -146.6379243 -0.181628E-04  0.936E-03    0.42       1.3  T
   7   -146.6379316 -0.730130E-05  0.313E-03    0.42       3.9  T
   8   -146.6379323 -0.653337E-06  0.138E-03    0.42       8.7  T
   9   -146.6379323 -0.395914E-07  0.895E-04    0.42      13.4  T
     SCC iter.                  ...        0 min,  0.050 sec
     gradient                   ...        0 min,  0.008 sec
 * total energy  :  -144.4649625 Eh     change       -0.3115560E-03 Eh
   gradient norm :     0.0330757 Eh/α   predicted    -0.9290611E-03 ( 198.20%)
   displ. norm   :     0.3569350 α      lambda       -0.1965173E-02
   maximum displ.:     0.1803004 α      in ANC's #27, #11, #7, ...

........................................................................
.............................. CYCLE   11 ..............................
........................................................................
   1   -146.6443080 -0.146644E+03  0.186E-01    0.42       0.0  T
   2   -146.6443287 -0.206466E-04  0.101E-01    0.41       1.0  T
   3   -146.6438806  0.448072E-03  0.648E-02    0.42       1.0  T
   4   -146.6443316 -0.450988E-03  0.180E-02    0.41       1.0  T
   5   -146.6443562 -0.246718E-04  0.920E-03    0.42       1.3  T
   6   -146.6443631 -0.689210E-05  0.324E-03    0.41       3.7  T
   7   -146.6443637 -0.561665E-06  0.203E-03    0.42       5.9  T
   8   -146.6443637 -0.319081E-07  0.169E-03    0.41       7.1  T
     SCC iter.                  ...        0 min,  0.044 sec
     gradient                   ...        0 min,  0.008 sec
 * total energy  :  -144.4655870 Eh     change       -0.6245121E-03 Eh
   gradient norm :     0.0231986 Eh/α   predicted    -0.1107786E-02 (  77.38%)
   displ. norm   :     0.2418540 α      lambda       -0.1552972E-02
   maximum displ.:     0.1003280 α      in ANC's #20, #4, #14, ...

........................................................................
.............................. CYCLE   12 ..............................
........................................................................
   1   -146.6538178 -0.146654E+03  0.211E-01    0.43       0.0  T
   2   -146.6538119  0.586247E-05  0.118E-01    0.42       1.0  T
   3   -146.6521858  0.162611E-02  0.110E-01    0.45       1.0  T
   4   -146.6538673 -0.168146E-02  0.173E-02    0.43       1.0  T
   5   -146.6538843 -0.170183E-04  0.953E-03    0.43       1.3  T
   6   -146.6538920 -0.766362E-05  0.459E-03    0.43       2.6  T
   7   -146.6538934 -0.138941E-05  0.218E-03    0.43       5.5  T
   8   -146.6538937 -0.300976E-06  0.863E-04    0.43      14.0  T
     SCC iter.                  ...        0 min,  0.044 sec
     gradient                   ...        0 min,  0.008 sec
 * total energy  :  -144.4654332 Eh     change        0.1538532E-03 Eh
   gradient norm :     0.0220982 Eh/α   predicted    -0.8219082E-03 (-634.22%)
   displ. norm   :     0.1950814 α      lambda       -0.1614584E-02
   maximum displ.:     0.0859186 α      in ANC's #4, #20, #10, ...

........................................................................
.............................. CYCLE   13 ..............................
........................................................................
   1   -146.6536118 -0.146654E+03  0.173E-01    0.42       0.0  T
   2   -146.6536383 -0.265014E-04  0.950E-02    0.41       1.0  T
   3   -146.6535677  0.705517E-04  0.274E-02    0.41       1.0  T
   4   -146.6536491 -0.814011E-04  0.781E-03    0.41       1.5  T
   5   -146.6536506 -0.146202E-05  0.617E-03    0.41       1.9  T
   6   -146.6536531 -0.252334E-05  0.380E-03    0.41       3.2  T
   7   -146.6536541 -0.102808E-05  0.218E-03    0.41       5.5  T
     SCC iter.                  ...        0 min,  0.042 sec
     gradient                   ...        0 min,  0.010 sec
 * total energy  :  -144.4661235 Eh     change       -0.6903490E-03 Eh
   gradient norm :     0.0147813 Eh/α   predicted    -0.8380254E-03 (  21.39%)
   displ. norm   :     0.3515195 α      lambda       -0.9529680E-03
   maximum displ.:     0.2212595 α      in ANC's #27, #10, #18, ...

........................................................................
.............................. CYCLE   14 ..............................
........................................................................
   1   -146.6356992 -0.146636E+03  0.132E-01    0.40       0.0  T
   2   -146.6355957  0.103523E-03  0.789E-02    0.41       1.0  T
   3   -146.6329069  0.268885E-02  0.139E-01    0.38       1.0  T
   4   -146.6355606 -0.265378E-02  0.401E-02    0.42       1.0  T
   5   -146.6357489 -0.188236E-03  0.952E-03    0.41       1.3  T
   6   -146.6357552 -0.628305E-05  0.442E-03    0.41       2.7  T
   7   -146.6357552 -0.280478E-07  0.313E-03    0.41       3.8  T
   8   -146.6357562 -0.974045E-06  0.118E-03    0.41      10.2  T
   9   -146.6357562 -0.617157E-07  0.563E-04    0.41      21.4  T
     SCC iter.                  ...        0 min,  0.050 sec
     gradient                   ...        0 min,  0.009 sec
 * total energy  :  -144.4660080 Eh     change        0.1154854E-03 Eh
   gradient norm :     0.0228352 Eh/α   predicted    -0.5353630E-03 (-563.58%)
   displ. norm   :     0.1401660 α      lambda       -0.1008337E-02
   maximum displ.:     0.0873527 α      in ANC's #27, #7, #19, ...

........................................................................
.............................. CYCLE   15 ..............................
........................................................................
   1   -146.6473300 -0.146647E+03  0.658E-02    0.41       0.0  T
   2   -146.6473017  0.282901E-04  0.398E-02    0.41       1.0  T
   3   -146.6469148  0.386877E-03  0.569E-02    0.42       1.0  T
   4   -146.6473267 -0.411934E-03  0.152E-02    0.41       1.0  T
   5   -146.6473431 -0.163590E-04  0.789E-03    0.41       1.5  T
   6   -146.6473497 -0.658233E-05  0.244E-03    0.41       4.9  T
   7   -146.6473499 -0.257191E-06  0.144E-03    0.41       8.4  T
   8   -146.6473501 -0.142079E-06  0.574E-04    0.41      21.0  T
     SCC iter.                  ...        0 min,  0.043 sec
     gradient                   ...        0 min,  0.008 sec
 * total energy  :  -144.4665340 Eh     change       -0.5259065E-03 Eh
   gradient norm :     0.0073648 Eh/α   predicted    -0.5140747E-03 (  -2.25%)
   displ. norm   :     0.2033409 α      lambda       -0.2856276E-03
   maximum displ.:     0.1011099 α      in ANC's #7, #10, #11, ...

........................................................................
.............................. CYCLE   16 ..............................
........................................................................
   1   -146.6501227 -0.146650E+03  0.633E-02    0.41       0.0  T
   2   -146.6501253 -0.267272E-05  0.368E-02    0.41       1.0  T
   3   -146.6500247  0.100593E-03  0.269E-02    0.41       1.0  T
   4   -146.6501163 -0.915762E-04  0.114E-02    0.41       1.1  T
   5   -146.6501286 -0.122620E-04  0.465E-03    0.41       2.6  T
   6   -146.6501297 -0.112015E-05  0.273E-03    0.41       4.4  T
   7   -146.6501301 -0.428156E-06  0.147E-03    0.41       8.2  T
     SCC iter.                  ...        0 min,  0.039 sec
     gradient                   ...        0 min,  0.008 sec
 * total energy  :  -144.4666664 Eh     change       -0.1324024E-03 Eh
   gradient norm :     0.0101929 Eh/α   predicted    -0.1487180E-03 (  12.32%)
   displ. norm   :     0.2812164 α      lambda       -0.2750403E-03
   maximum displ.:     0.1501929 α      in ANC's #7, #10, #11, ...

........................................................................
.............................. CYCLE   17 ..............................
........................................................................
   1   -146.6501075 -0.146650E+03  0.765E-02    0.41       0.0  T
   2   -146.6501121 -0.459389E-05  0.433E-02    0.41       1.0  T
   3   -146.6500097  0.102425E-03  0.297E-02    0.40       1.0  T
   4   -146.6501038 -0.941021E-04  0.109E-02    0.41       1.1  T
   5   -146.6501162 -0.123959E-04  0.401E-03    0.41       3.0  T
   6   -146.6501167 -0.543461E-06  0.220E-03    0.41       5.5  T
   7   -146.6501169 -0.232634E-06  0.112E-03    0.41      10.8  T
     SCC iter.                  ...        0 min,  0.039 sec
     gradient                   ...        0 min,  0.008 sec
 * total energy  :  -144.4668769 Eh     change       -0.2105907E-03 Eh
   gradient norm :     0.0081619 Eh/α   predicted    -0.1483968E-03 ( -29.53%)
   displ. norm   :     0.5158701 α      lambda       -0.5018451E-03
   maximum displ.:     0.2842189 α      in ANC's #7, #10, #11, ...

........................................................................
.............................. CYCLE   18 ..............................
........................................................................
   1   -146.6476180 -0.146648E+03  0.141E-01    0.41       0.0  T
   2   -146.6475794  0.386649E-04  0.816E-02    0.42       1.0  T
   3   -146.6457184  0.186098E-02  0.124E-01    0.37       1.0  T
   4   -146.6475839 -0.186555E-02  0.263E-02    0.42       1.0  T
   5   -146.6476530 -0.690522E-04  0.114E-02    0.41       1.1  T
   6   -146.6476628 -0.975837E-05  0.689E-03    0.41       1.7  T
   7   -146.6476661 -0.337882E-05  0.254E-03    0.41       4.7  T
   8   -146.6476665 -0.345888E-06  0.124E-03    0.41       9.7  T
   9   -146.6476666 -0.867733E-07  0.633E-04    0.41      19.0  T
     SCC iter.                  ...        0 min,  0.050 sec
     gradient                   ...        0 min,  0.008 sec
 * total energy  :  -144.4670275 Eh     change       -0.1505278E-03 Eh
   gradient norm :     0.0136655 Eh/α   predicted    -0.3177086E-03 ( 111.06%)
   displ. norm   :     0.2105208 α      lambda       -0.3150660E-03
   maximum displ.:     0.1244552 α      in ANC's #7, #10, #11, ...

........................................................................
.............................. CYCLE   19 ..............................
........................................................................
   1   -146.6486281 -0.146649E+03  0.568E-02    0.41       0.0  T
   2   -146.6486252  0.289921E-05  0.327E-02    0.41       1.0  T
   3   -146.6483979  0.227358E-03  0.438E-02    0.42       1.0  T
   4   -146.6486245 -0.226635E-03  0.101E-02    0.41       1.2  T
   5   -146.6486328 -0.831505E-05  0.526E-03    0.41       2.3  T
   6   -146.6486352 -0.235138E-05  0.281E-03    0.41       4.3  T
   7   -146.6486358 -0.673490E-06  0.104E-03    0.41      11.5  T
     SCC iter.                  ...        0 min,  0.039 sec
     gradient                   ...        0 min,  0.008 sec
 * total energy  :  -144.4672105 Eh     change       -0.1829927E-03 Eh
   gradient norm :     0.0057378 Eh/α   predicted    -0.1645140E-03 ( -10.10%)
   displ. norm   :     0.1739210 α      lambda       -0.1164838E-03
   maximum displ.:     0.1064232 α      in ANC's #7, #10, #6, ...

........................................................................
.............................. CYCLE   20 ..............................
........................................................................
   1   -146.6496450 -0.146650E+03  0.486E-02    0.41       0.0  T
   2   -146.6496437  0.132721E-05  0.278E-02    0.41       1.0  T
   3   -146.6494654  0.178275E-03  0.380E-02    0.42       1.0  T
   4   -146.6496467 -0.181280E-03  0.669E-03    0.41       1.8  T
   5   -146.6496502 -0.353690E-05  0.215E-03    0.41       5.6  T
   6   -146.6496503 -0.313761E-07  0.129E-03    0.41       9.3  T
   7   -146.6496503 -0.752705E-07  0.456E-04    0.41      26.4  T
     SCC iter.                  ...        0 min,  0.039 sec
     gradient                   ...        0 min,  0.009 sec
 * total energy  :  -144.4672855 Eh     change       -0.7501409E-04 Eh
   gradient norm :     0.0057610 Eh/α   predicted    -0.6000459E-04 ( -20.01%)
   displ. norm   :     0.2237566 α      lambda       -0.1376673E-03
   maximum displ.:     0.1409256 α      in ANC's #7, #10, #13, ...
 * RMSD in coord.:     0.5152813 α      energy gain  -0.5220612E-01 Eh

generating ANC from model Hessian ...
Using Lindh-Hessian (1995)
 Shifting diagonal of input Hessian by   4.971049091157479E-003
 Lowest  eigenvalues of input Hessian
   -0.000000   -0.000000    0.000000    0.000000    0.000000    0.000000
    0.005000    0.005035    0.005091    0.005106    0.005145    0.005184
    0.005226    0.005403    0.005443    0.005854    0.006442    0.006992
 Highest eigenvalues
    2.403266    2.429277    2.618757    2.643099    2.649457    2.650700
 

........................................................................
.............................. CYCLE   21 ..............................
........................................................................
   1   -146.6531992 -0.146653E+03  0.597E-02    0.41       0.0  T
   2   -146.6531981  0.111134E-05  0.336E-02    0.41       1.0  T
   3   -146.6529969  0.201212E-03  0.420E-02    0.42       1.0  T
   4   -146.6531955 -0.198589E-03  0.956E-03    0.41       1.3  T
   5   -146.6532055 -0.998151E-05  0.280E-03    0.41       4.3  T
   6   -146.6532057 -0.196816E-06  0.193E-03    0.41       6.2  T
   7   -146.6532059 -0.255213E-06  0.989E-04    0.41      12.2  T
   8   -146.6532060 -0.749415E-07  0.487E-04    0.41      24.7  T
     SCC iter.                  ...        0 min,  0.043 sec
     gradient                   ...        0 min,  0.009 sec
 * total energy  :  -144.4673769 Eh     change       -0.9138396E-04 Eh
   gradient norm :     0.0058500 Eh/α   predicted     0.0000000E+00 (-100.00%)
   displ. norm   :     0.0876088 α      lambda       -0.9755440E-04
   maximum displ.:     0.0544739 α      in ANC's #8, #6, #4, ...

........................................................................
.............................. CYCLE   22 ..............................
........................................................................
   1   -146.6506339 -0.146651E+03  0.537E-02    0.41       0.0  T
   2   -146.6506344 -0.525680E-06  0.299E-02    0.41       1.0  T
   3   -146.6505256  0.108772E-03  0.285E-02    0.40       1.0  T
   4   -146.6506358 -0.110172E-03  0.483E-03    0.41       2.5  T
   5   -146.6506376 -0.180805E-05  0.240E-03    0.41       5.0  T
   6   -146.6506379 -0.274366E-06  0.140E-03    0.41       8.6  T
     SCC iter.                  ...        0 min,  0.033 sec
     gradient                   ...        0 min,  0.008 sec
 * total energy  :  -144.4674169 Eh     change       -0.4005659E-04 Eh
   gradient norm :     0.0034977 Eh/α   predicted    -0.4917136E-04 (  22.75%)
   displ. norm   :     0.1286121 α      lambda       -0.1791843E-03
   maximum displ.:     0.0632447 α      in ANC's #8, #24, #23, ...

........................................................................
.............................. CYCLE   23 ..............................
........................................................................
   1   -146.6466546 -0.146647E+03  0.795E-02    0.41       0.0  T
   2   -146.6466533  0.128640E-05  0.446E-02    0.41       1.0  T
   3   -146.6462779  0.375376E-03  0.527E-02    0.39       1.0  T
   4   -146.6466587 -0.380811E-03  0.802E-03    0.41       1.5  T
   5   -146.6466641 -0.532944E-05  0.362E-03    0.41       3.3  T
   6   -146.6466648 -0.730697E-06  0.167E-03    0.41       7.2  T
   7   -146.6466649 -0.940885E-07  0.940E-04    0.41      12.8  T
   8   -146.6466650 -0.716699E-07  0.448E-04    0.41      26.9  T
     SCC iter.                  ...        0 min,  0.043 sec
     gradient                   ...        0 min,  0.009 sec
 * total energy  :  -144.4674345 Eh     change       -0.1762249E-04 Eh
   gradient norm :     0.0079260 Eh/α   predicted    -0.9107893E-04 ( 416.83%)
   displ. norm   :     0.0623585 α      lambda       -0.1385804E-03
   maximum displ.:     0.0317200 α      in ANC's #7, #8, #18, ...

........................................................................
.............................. CYCLE   24 ..............................
........................................................................
   1   -146.6487315 -0.146649E+03  0.607E-02    0.41       0.0  T
   2   -146.6487346 -0.308824E-05  0.334E-02    0.41       1.0  T
   3   -146.6487151  0.195452E-04  0.138E-02    0.41       1.0  T
   4   -146.6487342 -0.191136E-04  0.469E-03    0.41       2.6  T
   5   -146.6487364 -0.223184E-05  0.208E-03    0.41       5.8  T
   6   -146.6487366 -0.163876E-06  0.157E-03    0.41       7.7  T
     SCC iter.                  ...        0 min,  0.033 sec
     gradient                   ...        0 min,  0.008 sec
 * total energy  :  -144.4674678 Eh     change       -0.3320907E-04 Eh
   gradient norm :     0.0045820 Eh/α   predicted    -0.6956173E-04 ( 109.47%)
   displ. norm   :     0.0845337 α      lambda       -0.1816881E-03
   maximum displ.:     0.0460892 α      in ANC's #5, #7, #4, ...

........................................................................
.............................. CYCLE   25 ..............................
........................................................................
   1   -146.6531607 -0.146653E+03  0.790E-02    0.41       0.0  T
   2   -146.6531641 -0.340108E-05  0.435E-02    0.40       1.0  T
   3   -146.6530224  0.141735E-03  0.334E-02    0.42       1.0  T
   4   -146.6531654 -0.142973E-03  0.673E-03    0.40       1.8  T
   5   -146.6531700 -0.463019E-05  0.179E-03    0.40       6.7  T
   6   -146.6531701 -0.876754E-07  0.116E-03    0.40      10.4  T
   7   -146.6531701 -0.598515E-07  0.764E-04    0.40      15.8  T
     SCC iter.                  ...        0 min,  0.039 sec
     gradient                   ...        0 min,  0.008 sec
 * total energy  :  -144.4674664 Eh     change        0.1385480E-05 Eh
   gradient norm :     0.0066089 Eh/α   predicted    -0.9149403E-04 (*******%)
   displ. norm   :     0.0816820 α      lambda       -0.1588477E-03
   maximum displ.:     0.0364859 α      in ANC's #5, #8, #23, ...

........................................................................
.............................. CYCLE   26 ..............................
........................................................................
   1   -146.6511534 -0.146651E+03  0.666E-02    0.41       0.0  T
   2   -146.6511563 -0.298297E-05  0.367E-02    0.41       1.0  T
   3   -146.6511064  0.499010E-04  0.200E-02    0.40       1.0  T
   4   -146.6511560 -0.495334E-04  0.556E-03    0.41       2.2  T
   5   -146.6511590 -0.298299E-05  0.239E-03    0.41       5.0  T
   6   -146.6511592 -0.292317E-06  0.154E-03    0.41       7.8  T
     SCC iter.                  ...        0 min,  0.033 sec
     gradient                   ...        0 min,  0.008 sec
 * total energy  :  -144.4675199 Eh     change       -0.5350461E-04 Eh
   gradient norm :     0.0031146 Eh/α   predicted    -0.7995894E-04 (  49.44%)
   displ. norm   :     0.1130919 α      lambda       -0.1557426E-03
   maximum displ.:     0.0617702 α      in ANC's #8, #21, #24, ...

........................................................................
.............................. CYCLE   27 ..............................
........................................................................
   1   -146.6469101 -0.146647E+03  0.818E-02    0.40       0.0  T
   2   -146.6469120 -0.187587E-05  0.455E-02    0.41       1.0  T
   3   -146.6467005  0.211462E-03  0.405E-02    0.39       1.0  T
   4   -146.6469087 -0.208127E-03  0.106E-02    0.41       1.1  T
   5   -146.6469198 -0.111770E-04  0.249E-03    0.41       4.8  T
   6   -146.6469196  0.209165E-06  0.225E-03    0.41       5.4  T
   7   -146.6469201 -0.507191E-06  0.794E-04    0.41      15.2  T
   8   -146.6469202 -0.371448E-07  0.388E-04    0.41      31.0  T
     SCC iter.                  ...        0 min,  0.044 sec
     gradient                   ...        0 min,  0.009 sec
 * total energy  :  -144.4675042 Eh     change        0.1570115E-04 Eh
   gradient norm :     0.0075340 Eh/α   predicted    -0.7886757E-04 (-602.30%)
   displ. norm   :     0.0468583 α      lambda       -0.1383931E-03
   maximum displ.:     0.0188807 α      in ANC's #4, #21, #11, ...

........................................................................
.............................. CYCLE   28 ..............................
........................................................................
   1   -146.6500919 -0.146650E+03  0.420E-02    0.41       0.0  T
   2   -146.6500925 -0.572908E-06  0.233E-02    0.40       1.0  T
   3   -146.6500383  0.542000E-04  0.205E-02    0.41       1.0  T
   4   -146.6500919 -0.536010E-04  0.509E-03    0.40       2.4  T
   5   -146.6500945 -0.264812E-05  0.113E-03    0.40      10.7  T
   6   -146.6500945 -0.110873E-07  0.867E-04    0.40      13.9  T
     SCC iter.                  ...        0 min,  0.033 sec
     gradient                   ...        0 min,  0.008 sec
 * total energy  :  -144.4675802 Eh     change       -0.7598686E-04 Eh
   gradient norm :     0.0016940 Eh/α   predicted    -0.6935083E-04 (  -8.73%)
   displ. norm   :     0.1311745 α      lambda       -0.6054568E-04
   maximum displ.:     0.0843382 α      in ANC's #8, #11, #6, ...

........................................................................
.............................. CYCLE   29 ..............................
........................................................................
   1   -146.6518201 -0.146652E+03  0.859E-02    0.40       0.0  T
   2   -146.6518251 -0.493757E-05  0.476E-02    0.40       1.0  T
   3   -146.6517646  0.604640E-04  0.230E-02    0.41       1.0  T
   4   -146.6518249 -0.602672E-04  0.617E-03    0.40       1.9  T
   5   -146.6518288 -0.395246E-05  0.217E-03    0.40       5.6  T
   6   -146.6518290 -0.169051E-06  0.114E-03    0.40      10.5  T
   7   -146.6518290 -0.275605E-07  0.698E-04    0.40      17.2  T
   8   -146.6518291 -0.440066E-07  0.292E-04    0.40      41.2  T
     SCC iter.                  ...        0 min,  0.043 sec
     gradient                   ...        0 min,  0.009 sec
 * total energy  :  -144.4674645 Eh     change        0.1156270E-03 Eh
   gradient norm :     0.0066826 Eh/α   predicted    -0.3050604E-04 (-126.38%)
   displ. norm   :     0.0704903 α      lambda       -0.2002875E-03
   maximum displ.:     0.0379151 α      in ANC's #4, #8, #1, ...

........................................................................
.............................. CYCLE   30 ..............................
........................................................................
   1   -146.6514083 -0.146651E+03  0.527E-02    0.40       0.0  T
   2   -146.6514102 -0.187312E-05  0.291E-02    0.40       1.0  T
   3   -146.6513862  0.240337E-04  0.140E-02    0.40       1.0  T
   4   -146.6514107 -0.245681E-04  0.315E-03    0.40       3.8  T
   5   -146.6514117 -0.901674E-06  0.119E-03    0.40      10.1  T
   6   -146.6514117 -0.237891E-07  0.614E-04    0.40      19.6  T
     SCC iter.                  ...        0 min,  0.033 sec
     gradient                   ...        0 min,  0.008 sec
 * total energy  :  -144.4676070 Eh     change       -0.1424609E-03 Eh
   gradient norm :     0.0036791 Eh/α   predicted    -0.1006428E-03 ( -29.35%)
   displ. norm   :     0.1314060 α      lambda       -0.8889006E-04
   maximum displ.:     0.0818654 α      in ANC's #8, #4, #1, ...

........................................................................
.............................. CYCLE   31 ..............................
........................................................................
   1   -146.6501630 -0.146650E+03  0.575E-02    0.40       0.0  T
   2   -146.6501655 -0.243363E-05  0.320E-02    0.40       1.0  T
   3   -146.6501364  0.291209E-04  0.158E-02    0.40       1.0  T
   4   -146.6501645 -0.281785E-04  0.519E-03    0.40       2.3  T
   5   -146.6501671 -0.257977E-05  0.210E-03    0.40       5.7  T
   6   -146.6501673 -0.167745E-06  0.761E-04    0.40      15.8  T
   7   -146.6501673 -0.195874E-07  0.582E-04    0.40      20.7  T
     SCC iter.                  ...        0 min,  0.038 sec
     gradient                   ...        0 min,  0.009 sec
 * total energy  :  -144.4676613 Eh     change       -0.5430407E-04 Eh
   gradient norm :     0.0017573 Eh/α   predicted    -0.4521257E-04 ( -16.74%)
   displ. norm   :     0.1973574 α      lambda        0.3282868E-04
   maximum displ.:     0.1228056 α      in ANC's #8, #4, #1, ...

........................................................................
.............................. CYCLE   32 ..............................
........................................................................
   1   -146.6471358 -0.146647E+03  0.867E-02    0.40       0.0  T
   2   -146.6471414 -0.558009E-05  0.482E-02    0.40       1.0  T
   3   -146.6470753  0.660594E-04  0.237E-02    0.40       1.0  T
   4   -146.6471386 -0.632057E-04  0.809E-03    0.41       1.5  T
   5   -146.6471451 -0.652538E-05  0.326E-03    0.40       3.7  T
   6   -146.6471454 -0.317004E-06  0.152E-03    0.40       7.9  T
   7   -146.6471455 -0.124752E-06  0.873E-04    0.40      13.8  T
   8   -146.6471456 -0.591509E-07  0.434E-04    0.40      27.8  T
     SCC iter.                  ...        0 min,  0.043 sec
     gradient                   ...        0 min,  0.009 sec
 * total energy  :  -144.4676000 Eh     change        0.6128680E-04 Eh
   gradient norm :     0.0111899 Eh/α   predicted     0.1669682E-04 ( -72.76%)
   displ. norm   :     0.0288926 α      lambda       -0.1204008E-03
   maximum displ.:     0.0116951 α      in ANC's #11, #8, #26, ...

........................................................................
.............................. CYCLE   33 ..............................
........................................................................
   1   -146.6494336 -0.146649E+03  0.293E-02    0.40       0.0  T
   2   -146.6494343 -0.631432E-06  0.162E-02    0.40       1.0  T
   3   -146.6494260  0.822512E-05  0.864E-03    0.40       1.4  T
   4   -146.6494339 -0.783754E-05  0.276E-03    0.40       4.4  T
   5   -146.6494347 -0.845304E-06  0.111E-03    0.40      10.8  T
   6   -146.6494348 -0.108264E-06  0.497E-04    0.40      24.2  T
     SCC iter.                  ...        0 min,  0.033 sec
     gradient                   ...        0 min,  0.008 sec
 * total energy  :  -144.4676862 Eh     change       -0.8618369E-04 Eh
   gradient norm :     0.0035192 Eh/α   predicted    -0.6025376E-04 ( -30.09%)
   displ. norm   :     0.1142609 α      lambda       -0.7363474E-04
   maximum displ.:     0.0789679 α      in ANC's #8, #4, #1, ...

........................................................................
.............................. CYCLE   34 ..............................
........................................................................
   1   -146.6508342 -0.146651E+03  0.372E-02    0.40       0.0  T
   2   -146.6508352 -0.994780E-06  0.210E-02    0.40       1.0  T
   3   -146.6508297  0.547399E-05  0.753E-03    0.40       1.6  T
   4   -146.6508343 -0.457052E-05  0.367E-03    0.40       3.3  T
   5   -146.6508354 -0.111831E-05  0.198E-03    0.40       6.1  T
   6   -146.6508357 -0.282221E-06  0.102E-03    0.40      11.8  T
   7   -146.6508358 -0.747279E-07  0.489E-04    0.40      24.6  T
   8   -146.6508358 -0.196961E-07  0.226E-04    0.40      53.2  T
     SCC iter.                  ...        0 min,  0.043 sec
     gradient                   ...        0 min,  0.009 sec
 * total energy  :  -144.4677364 Eh     change       -0.5016523E-04 Eh
   gradient norm :     0.0017066 Eh/α   predicted    -0.3730920E-04 ( -25.63%)
   displ. norm   :     0.1985815 α      lambda       -0.3410464E-04
   maximum displ.:     0.1315765 α      in ANC's #8, #4, #1, ...

........................................................................
.............................. CYCLE   35 ..............................
........................................................................
   1   -146.6516430 -0.146652E+03  0.555E-02    0.40       0.0  T
   2   -146.6516452 -0.226666E-05  0.315E-02    0.40       1.0  T
   3   -146.6516397  0.554055E-05  0.829E-03    0.40       1.5  T
   4   -146.6516453 -0.565649E-05  0.358E-03    0.40       3.4  T
   5   -146.6516455 -0.119126E-06  0.315E-03    0.40       3.8  T
   6   -146.6516461 -0.614998E-06  0.183E-03    0.40       6.6  T
   7   -146.6516463 -0.278235E-06  0.842E-04    0.40      14.3  T
   8   -146.6516464 -0.654919E-07  0.368E-04    0.40      32.7  T
     SCC iter.                  ...        0 min,  0.043 sec
     gradient                   ...        0 min,  0.009 sec
 * total energy  :  -144.4677764 Eh     change       -0.4002523E-04 Eh
   gradient norm :     0.0034561 Eh/α   predicted    -0.1735237E-04 ( -56.65%)
   displ. norm   :     0.3484377 α      lambda       -0.6914803E-04
   maximum displ.:     0.2304889 α      in ANC's #8, #4, #1, ...

........................................................................
.............................. CYCLE   36 ..............................
........................................................................
   1   -146.6508796 -0.146651E+03  0.999E-02    0.40       0.0  T
   2   -146.6508871 -0.747414E-05  0.566E-02    0.40       1.0  T
   3   -146.6508720  0.150375E-04  0.140E-02    0.40       1.0  T
   4   -146.6508840 -0.119837E-04  0.796E-03    0.41       1.5  T
   5   -146.6508849 -0.863460E-06  0.741E-03    0.40       1.6  T
   6   -146.6508905 -0.558339E-05  0.218E-03    0.40       5.5  T
   7   -146.6508908 -0.333156E-06  0.102E-03    0.40      11.8  T
   8   -146.6508908 -0.478184E-07  0.591E-04    0.40      20.4  T
   9   -146.6508909 -0.104021E-07  0.381E-04    0.40      31.6  T
     SCC iter.                  ...        0 min,  0.049 sec
     gradient                   ...        0 min,  0.009 sec
 * total energy  :  -144.4678344 Eh     change       -0.5802350E-04 Eh
   gradient norm :     0.0035035 Eh/α   predicted    -0.3877548E-04 ( -33.17%)
   displ. norm   :     0.5332276 α      lambda       -0.8548405E-04
   maximum displ.:     0.3518021 α      in ANC's #8, #4, #1, ...

........................................................................
.............................. CYCLE   37 ..............................
........................................................................
   1   -146.6491300 -0.146649E+03  0.152E-01    0.40       0.0  T
   2   -146.6491468 -0.168085E-04  0.863E-02    0.40       1.0  T
   3   -146.6491167  0.300910E-04  0.209E-02    0.40       1.0  T
   4   -146.6491422 -0.254826E-04  0.112E-02    0.41       1.1  T
   5   -146.6491406  0.158368E-05  0.114E-02    0.40       1.1  T
   6   -146.6491548 -0.142154E-04  0.278E-03    0.40       4.3  T
   7   -146.6491553 -0.480037E-06  0.141E-03    0.40       8.5  T
   8   -146.6491554 -0.101127E-06  0.750E-04    0.40      16.1  T
   9   -146.6491554 -0.819844E-08  0.465E-04    0.40      25.9  T
     SCC iter.                  ...        0 min,  0.048 sec
     gradient                   ...        0 min,  0.009 sec
 * total energy  :  -144.4678923 Eh     change       -0.5792319E-04 Eh
   gradient norm :     0.0018316 Eh/α   predicted    -0.5489885E-04 (  -5.22%)
   displ. norm   :     0.4006104 α      lambda       -0.2666603E-04
   maximum displ.:     0.2635897 α      in ANC's #8, #4, #1, ...

........................................................................
.............................. CYCLE   38 ..............................
........................................................................
   1   -146.6496014 -0.146650E+03  0.112E-01    0.40       0.0  T
   2   -146.6496098 -0.836775E-05  0.634E-02    0.40       1.0  T
   3   -146.6495906  0.191700E-04  0.160E-02    0.40       1.0  T
   4   -146.6496061 -0.154800E-04  0.868E-03    0.41       1.4  T
   5   -146.6496080 -0.190190E-05  0.775E-03    0.40       1.6  T
   6   -146.6496139 -0.589293E-05  0.243E-03    0.40       5.0  T
   7   -146.6496143 -0.387485E-06  0.124E-03    0.40       9.7  T
   8   -146.6496143 -0.876912E-07  0.657E-04    0.40      18.3  T
   9   -146.6496144 -0.144064E-07  0.418E-04    0.40      28.8  T
     SCC iter.                  ...        0 min,  0.049 sec
     gradient                   ...        0 min,  0.009 sec
 * total energy  :  -144.4679123 Eh     change       -0.1996768E-04 Eh
   gradient norm :     0.0023269 Eh/α   predicted    -0.1428518E-04 ( -28.46%)
   displ. norm   :     0.0257808 α      lambda       -0.7770287E-05
   maximum displ.:     0.0094257 α      in ANC's #8, #1, #28, ...

........................................................................
.............................. CYCLE   39 ..............................
........................................................................
   1   -146.6509067 -0.146651E+03  0.988E-03    0.40       0.0  T
   2   -146.6509068 -0.113711E-06  0.556E-03    0.40       2.2  T
   3   -146.6509067  0.182546E-06  0.168E-03    0.40       7.2  T
   4   -146.6509068 -0.135585E-06  0.903E-04    0.40      13.3  T
   5   -146.6509068 -0.312492E-07  0.747E-04    0.40      16.1  T
     SCC iter.                  ...        0 min,  0.028 sec
     gradient                   ...        0 min,  0.009 sec
 * total energy  :  -144.4679180 Eh     change       -0.5673503E-05 Eh
   gradient norm :     0.0008841 Eh/α   predicted    -0.3889498E-05 ( -31.44%)
   displ. norm   :     0.1356976 α      lambda       -0.9626528E-05
   maximum displ.:     0.0758467 α      in ANC's #8, #1, #4, ...

........................................................................
.............................. CYCLE   40 ..............................
........................................................................
   1   -146.6520959 -0.146652E+03  0.438E-02    0.40       0.0  T
   2   -146.6520975 -0.155361E-05  0.248E-02    0.40       1.0  T
   3   -146.6520948  0.260842E-05  0.605E-03    0.40       2.0  T
   4   -146.6520959 -0.108201E-05  0.440E-03    0.40       2.7  T
   5   -146.6520974 -0.151555E-05  0.264E-03    0.40       4.6  T
   6   -146.6520980 -0.537031E-06  0.131E-03    0.40       9.2  T
   7   -146.6520981 -0.145497E-06  0.589E-04    0.40      20.4  T
   8   -146.6520982 -0.279697E-07  0.238E-04    0.40      50.6  T
     SCC iter.                  ...        0 min,  0.043 sec
     gradient                   ...        0 min,  0.009 sec
 * total energy  :  -144.4679252 Eh     change       -0.7231448E-05 Eh
   gradient norm :     0.0017518 Eh/α   predicted    -0.4855755E-05 ( -32.85%)
   displ. norm   :     0.0477632 α      lambda       -0.3676958E-05
   maximum displ.:     0.0235147 α      in ANC's #1, #8, #2, ...

........................................................................
.............................. CYCLE   41 ..............................
........................................................................
   1   -146.6521415 -0.146652E+03  0.172E-02    0.40       0.0  T
   2   -146.6521418 -0.283277E-06  0.950E-03    0.40       1.3  T
   3   -146.6521362  0.561525E-05  0.664E-03    0.40       1.8  T
   4   -146.6521413 -0.509203E-05  0.268E-03    0.40       4.5  T
   5   -146.6521421 -0.748618E-06  0.911E-04    0.40      13.2  T
   6   -146.6521421 -0.154103E-07  0.499E-04    0.40      24.1  T
     SCC iter.                  ...        0 min,  0.033 sec
     gradient                   ...        0 min,  0.009 sec
 * total energy  :  -144.4679294 Eh     change       -0.4210705E-05 Eh
   gradient norm :     0.0011740 Eh/α   predicted    -0.1843199E-05 ( -56.23%)
   displ. norm   :     0.0973159 α      lambda       -0.7613956E-05
   maximum displ.:     0.0477006 α      in ANC's #1, #13, #5, ...

........................................................................
.............................. CYCLE   42 ..............................
........................................................................
   1   -146.6508210 -0.146651E+03  0.414E-02    0.40       0.0  T
   2   -146.6508229 -0.181990E-05  0.227E-02    0.40       1.0  T
   3   -146.6507947  0.281684E-04  0.151E-02    0.40       1.0  T
   4   -146.6508221 -0.273956E-04  0.475E-03    0.41       2.5  T
   5   -146.6508241 -0.198582E-05  0.200E-03    0.40       6.0  T
   6   -146.6508242 -0.149348E-06  0.668E-04    0.40      18.0  T
   7   -146.6508242 -0.200191E-07  0.337E-04    0.40      35.7  T
     SCC iter.                  ...        0 min,  0.038 sec
     gradient                   ...        0 min,  0.009 sec
 * total energy  :  -144.4679370 Eh     change       -0.7547050E-05 Eh
   gradient norm :     0.0010418 Eh/α   predicted    -0.3824794E-05 ( -49.32%)
   displ. norm   :     0.1013272 α      lambda       -0.5118932E-05
   maximum displ.:     0.0406191 α      in ANC's #1, #13, #24, ...
 * RMSD in coord.:     0.3181380 α      energy gain  -0.6514794E-03 Eh

generating ANC from model Hessian ...
Using Lindh-Hessian (1995)
 Shifting diagonal of input Hessian by   4.977819044987437E-003
 Lowest  eigenvalues of input Hessian
   -0.000000    0.000000    0.000000    0.000000    0.000000    0.000000
    0.005000    0.005034    0.005082    0.005096    0.005133    0.005191
    0.005272    0.005403    0.005444    0.005811    0.006556    0.007058
 Highest eigenvalues
    2.401671    2.427467    2.618150    2.642349    2.646364    2.649776
 

........................................................................
.............................. CYCLE   43 ..............................
........................................................................
   1   -146.6507969 -0.146651E+03  0.484E-02    0.41       0.0  T
   2   -146.6508003 -0.339126E-05  0.262E-02    0.41       1.0  T
   3   -146.6507967  0.351879E-05  0.681E-03    0.41       1.8  T
   4   -146.6507989 -0.211843E-05  0.500E-03    0.40       2.4  T
   5   -146.6508003 -0.141099E-05  0.339E-03    0.41       3.5  T
   6   -146.6508011 -0.864050E-06  0.196E-03    0.40       6.1  T
   7   -146.6508016 -0.437154E-06  0.444E-04    0.41      27.1  T
   8   -146.6508016 -0.499753E-08  0.250E-04    0.41      48.1  T
     SCC iter.                  ...        0 min,  0.046 sec
     gradient                   ...        0 min,  0.011 sec
 * total energy  :  -144.4679417 Eh     change       -0.4724012E-05 Eh
   gradient norm :     0.0014735 Eh/α   predicted     0.0000000E+00 (-100.00%)
   displ. norm   :     0.0372516 α      lambda       -0.5770909E-05
   maximum displ.:     0.0217225 α      in ANC's #1, #2, #8, ...

........................................................................
.............................. CYCLE   44 ..............................
........................................................................
   1   -146.6511556 -0.146651E+03  0.364E-02    0.41       0.0  T
   2   -146.6511566 -0.979801E-06  0.201E-02    0.41       1.0  T
   3   -146.6511532  0.337242E-05  0.566E-03    0.41       2.1  T
   4   -146.6511564 -0.313816E-05  0.251E-03    0.40       4.8  T
   5   -146.6511571 -0.756601E-06  0.544E-04    0.41      22.1  T
   6   -146.6511571 -0.567039E-08  0.306E-04    0.41      39.3  T
     SCC iter.                  ...        0 min,  0.033 sec
     gradient                   ...        0 min,  0.009 sec
 * total energy  :  -144.4679239 Eh     change        0.1775451E-04 Eh
   gradient norm :     0.0020878 Eh/α   predicted    -0.2889642E-05 (-116.28%)
   displ. norm   :     0.0205300 α      lambda       -0.2853861E-04
   maximum displ.:     0.0131652 α      in ANC's #3, #2, #12, ...

........................................................................
.............................. CYCLE   45 ..............................
........................................................................
   1   -146.6515318 -0.146652E+03  0.210E-02    0.41       0.0  T
   2   -146.6515321 -0.305253E-06  0.116E-02    0.41       1.0  T
   3   -146.6515302  0.187616E-05  0.390E-03    0.41       3.1  T
   4   -146.6515322 -0.196388E-05  0.950E-04    0.40      12.7  T
   5   -146.6515322 -0.777742E-07  0.543E-04    0.41      22.2  T
   6   -146.6515323 -0.259256E-07  0.259E-04    0.41      46.4  T
     SCC iter.                  ...        0 min,  0.033 sec
     gradient                   ...        0 min,  0.009 sec
 * total energy  :  -144.4679423 Eh     change       -0.1837356E-04 Eh
   gradient norm :     0.0017251 Eh/α   predicted    -0.1427609E-04 ( -22.30%)
   displ. norm   :     0.0265475 α      lambda       -0.8903557E-05
   maximum displ.:     0.0125209 α      in ANC's #3, #18, #16, ...

........................................................................
.............................. CYCLE   46 ..............................
........................................................................
   1   -146.6506399 -0.146651E+03  0.241E-02    0.41       0.0  T
   2   -146.6506403 -0.428747E-06  0.133E-02    0.41       1.0  T
   3   -146.6506354  0.494699E-05  0.651E-03    0.40       1.8  T
   4   -146.6506399 -0.453584E-05  0.253E-03    0.41       4.8  T
   5   -146.6506407 -0.742657E-06  0.459E-04    0.41      26.3  T
   6   -146.6506407 -0.259149E-09  0.312E-04    0.41      38.6  T
     SCC iter.                  ...        0 min,  0.033 sec
     gradient                   ...        0 min,  0.009 sec
 * total energy  :  -144.4679395 Eh     change        0.2832767E-05 Eh
   gradient norm :     0.0021631 Eh/α   predicted    -0.4454969E-05 (-257.27%)
   displ. norm   :     0.0203841 α      lambda       -0.1277224E-04
   maximum displ.:     0.0087419 α      in ANC's #3, #7, #19, ...

........................................................................
.............................. CYCLE   47 ..............................
........................................................................
   1   -146.6505977 -0.146651E+03  0.203E-02    0.41       0.0  T
   2   -146.6505980 -0.287871E-06  0.111E-02    0.40       1.1  T
   3   -146.6505950  0.301310E-05  0.506E-03    0.41       2.4  T
   4   -146.6505981 -0.314146E-05  0.119E-03    0.41      10.1  T
   5   -146.6505982 -0.110476E-06  0.599E-04    0.40      20.1  T
   6   -146.6505982  0.343076E-08  0.611E-04    0.41      19.7  T
     SCC iter.                  ...        0 min,  0.033 sec
     gradient                   ...        0 min,  0.009 sec
 * total energy  :  -144.4679429 Eh     change       -0.3388616E-05 Eh
   gradient norm :     0.0021517 Eh/α   predicted    -0.6389767E-05 (  88.57%)
   displ. norm   :     0.0177241 α      lambda       -0.1206817E-04
   maximum displ.:     0.0060986 α      in ANC's #8, #18, #1, ...

........................................................................
.............................. CYCLE   48 ..............................
........................................................................
   1   -146.6514329 -0.146651E+03  0.183E-02    0.41       0.0  T
   2   -146.6514331 -0.265248E-06  0.101E-02    0.41       1.2  T
   3   -146.6514295  0.358013E-05  0.553E-03    0.41       2.2  T
   4   -146.6514328 -0.329403E-05  0.206E-03    0.40       5.8  T
   5   -146.6514333 -0.499380E-06  0.407E-04    0.41      29.6  T
   6   -146.6514333 -0.470018E-08  0.221E-04    0.41      54.6  T
     SCC iter.                  ...        0 min,  0.033 sec
     gradient                   ...        0 min,  0.009 sec
 * total energy  :  -144.4679441 Eh     change       -0.1213392E-05 Eh
   gradient norm :     0.0015038 Eh/α   predicted    -0.6037341E-05 ( 397.56%)
   displ. norm   :     0.0304495 α      lambda       -0.1046360E-04
   maximum displ.:     0.0144149 α      in ANC's #11, #20, #1, ...

........................................................................
.............................. CYCLE   49 ..............................
........................................................................
   1   -146.6516552 -0.146652E+03  0.331E-02    0.41       0.0  T
   2   -146.6516560 -0.776937E-06  0.182E-02    0.40       1.0  T
   3   -146.6516508  0.517615E-05  0.706E-03    0.41       1.7  T
   4   -146.6516561 -0.530068E-05  0.205E-03    0.40       5.9  T
   5   -146.6516565 -0.446924E-06  0.762E-04    0.41      15.8  T
   6   -146.6516565  0.288717E-07  0.860E-04    0.40      14.0  T
     SCC iter.                  ...        0 min,  0.033 sec
     gradient                   ...        0 min,  0.009 sec
 * total energy  :  -144.4679355 Eh     change        0.8556462E-05 Eh
   gradient norm :     0.0027456 Eh/α   predicted    -0.5234405E-05 (-161.17%)
   displ. norm   :     0.0143614 α      lambda       -0.1787022E-04
   maximum displ.:     0.0062595 α      in ANC's #11, #3, #12, ...

........................................................................
.............................. CYCLE   50 ..............................
........................................................................
   1   -146.6510593 -0.146651E+03  0.151E-02    0.40       0.0  T
   2   -146.6510594 -0.972823E-07  0.837E-03    0.41       1.4  T
   3   -146.6510544  0.504875E-05  0.621E-03    0.40       1.9  T
   4   -146.6510593 -0.495322E-05  0.164E-03    0.41       7.3  T
   5   -146.6510596 -0.288252E-06  0.563E-04    0.41      21.4  T
   6   -146.6510596 -0.305375E-07  0.265E-04    0.41      45.4  T
     SCC iter.                  ...        0 min,  0.033 sec
     gradient                   ...        0 min,  0.009 sec
 * total energy  :  -144.4679467 Eh     change       -0.1122452E-04 Eh
   gradient norm :     0.0006369 Eh/α   predicted    -0.8937864E-05 ( -20.37%)
   displ. norm   :     0.0233066 α      lambda       -0.4469549E-05
   maximum displ.:     0.0115574 α      in ANC's #1, #18, #3, ...

........................................................................
.............................. CYCLE   51 ..............................
........................................................................
   1   -146.6512189 -0.146651E+03  0.160E-02    0.41       0.0  T
   2   -146.6512191 -0.188209E-06  0.882E-03    0.41       1.4  T
   3   -146.6512174  0.172298E-05  0.412E-03    0.41       2.9  T
   4   -146.6512189 -0.152124E-05  0.175E-03    0.40       6.9  T
   5   -146.6512193 -0.347129E-06  0.454E-04    0.41      26.5  T
   6   -146.6512193  0.794418E-08  0.444E-04    0.41      27.1  T
     SCC iter.                  ...        0 min,  0.033 sec
     gradient                   ...        0 min,  0.009 sec
 * total energy  :  -144.4679471 Eh     change       -0.3605768E-06 Eh
   gradient norm :     0.0008844 Eh/α   predicted    -0.2237618E-05 ( 520.57%)
   displ. norm   :     0.0245238 α      lambda       -0.4687374E-05
   maximum displ.:     0.0121412 α      in ANC's #5, #1, #3, ...

   *** GEOMETRY OPTIMIZATION CONVERGED AFTER 51 ITERATIONS ***

------------------------------------------------------------------------
 total energy gain   :        -0.0528677 Eh      -33.1750 kcal/mol
 total RMSD          :         0.7061584 a0        0.3737 Å
 total power (kW/mol):        -2.7216515 (step)  -41.1617 (real)
------------------------------------------------------------------------

 ANCopt (total)                0 d,  0 h,  0 min,  3.372 sec
 optimizer setup                ...        0 min,  0.000 sec (  0.004%)
 model hessian                  ...        0 min,  0.037 sec (  1.082%)
 ANC generation                 ...        0 min,  0.009 sec (  0.257%)
 coordinate transformation      ...        0 min,  0.002 sec (  0.053%)
 single point calculation       ...        0 min,  3.299 sec ( 97.840%)
 optimization log               ...        0 min,  0.009 sec (  0.263%)
 hessian update                 ...        0 min,  0.001 sec (  0.044%)
 rational function              ...        0 min,  0.012 sec (  0.357%)

================
 final structure:
================
$coord
    0.58871577663263   -1.89207281923613    4.59297300510524      C 
   -0.80906757766509    0.13745475044184    4.02243486731493      O 
    0.34381431355478    1.99063981926001    5.37031136372939      C 
    2.26935711356711    1.10012851826045    6.63096799233439      N 
    2.41390373247814   -1.37215024062854    6.12793866839178      N 
   -0.51842455397223    4.54368622576161    5.33239758569045      C 
   -2.52090735775994    5.51733869269750    4.01972519529535      C 
   -2.70684964660269    8.16161981682031    4.58375901617265      C 
   -0.60483190613940    8.73640046817513    6.31819613000648      C 
    0.69315142086199    6.56216912445244    6.74787652810216      C 
    0.09285511705596   11.12214402834598    7.23378392210607      C 
    0.77784482160101   13.05245593602900    7.94836301548722      N 
   -4.48731686706117    9.83646682333999    3.70608826056267      C 
   -4.82039567509998   12.40003892544278    4.44582444761518      C 
   -6.73809284952577   13.46498947356824    3.02566242353385      C 
   -7.69877475413560   11.52466467316995    1.32460269782627      C 
   -6.41117056890884    9.34544377765192    1.75113220538052      C 
   -6.84775454744871    7.06766576574762    0.47789602080364      C 
   -7.26751709356423    5.23319133457948   -0.60224747434816      N 
   -7.55025732422193   16.00254552775371    3.29976594613998      C 
   -8.94717386273722   17.39092239970402    1.62053448227842      N 
   -9.84823202498114   16.64056671145566   -0.83171070381860      C 
   -9.33217389868659   19.89080744730337    2.47107257302557      C 
  -10.48287724233134   21.46175419583858    1.26887120360258      O 
   -8.08755331987234   19.97470758102299    4.90660763191704      C 
   -7.01574501821528   17.58306087126313    5.36026125657545      C 
   -5.88234735679297   17.61513145025886    7.86075857726397      C 
   -4.82426246833441   16.01329010037818    9.09995820268738      O 
   -6.31240519668559   20.09677326837503    8.72544025736242      N 
   -5.41267066497848   20.92511088106455   11.15185234897077      C 
   -7.60994916175905   21.53074718506713    7.00251254813719      C 
   -8.25442885509323   24.08240101313180    7.41009312707948      C 
   -9.45499704577921   25.50202399061191    5.62362203677315      C 
  -10.14873327384144   28.07369768792001    5.91127036976795      C 
  -11.28179898437312   29.35481926309090    3.83587006311169      C 
  -12.06999087585886   31.95140197065819    3.96975921938986      C 
  -13.32511499932032   32.99429753336637    2.02394764189775      N 
  -13.64084024785614   31.68806178954638   -0.04215039259696      C 
  -12.63197792114777   29.17180602540490   -0.26816900852029      C 
  -11.56003322628664   28.07427543744742    1.66734663281227      N 
  -12.83940461991783   27.83611365828478   -2.58207602392179      C 
  -13.02576547526760   26.83376794868281   -4.49077525937398      N 
  -15.04025845529213   32.73632531386291   -2.07652151689350      C 
  -16.15483539801756   33.47860271098629   -3.77535654621274      N 
  -11.61554005563984   33.41271401958338    6.14814359500166      C 
  -10.50130326985381   32.18019482869263    8.21599780626032      C 
   -9.78831292463701   29.53987813990000    8.11618552002953      C 
   -8.76697353990288   28.78793586512275   10.29687943860450      N 
   -8.70267191633014   31.12422028372627   12.23307638236134      S 
   -9.94830455482113   33.21590964273902   10.45029515691338      N 
  -12.21344451962264   36.05471284195392    6.22590805088470      C 
  -12.30079934307622   37.33820683906548    8.44155631237937      O 
  -12.84875318291658   39.68582457316651    7.68396992237137      C 
  -13.06343864250983   39.85763056700746    5.25728162742030      N 
  -12.65711406910374   37.55273275698404    4.31645247090306      N 
    0.13876013622484   -3.69578401710021    3.79769750078793      H 
   -3.78351322632393    4.48955358371884    2.81309401454398      H 
    2.34044879670893    6.30359794319009    7.90101382437460      H 
   -3.75723916545350   13.33208782268632    5.89652113052584      H 
   -9.22405648529963   11.73824184660231    0.00725490310311      H 
   -8.34400506736043   15.75958950588892   -1.92990497099190      H 
  -10.47825814146350   18.35753544715472   -1.78406469534903      H 
  -11.45517467090352   15.35561837536246   -0.67577000883966      H 
   -4.44810326387663   19.31929166948698   12.00944379779725      H 
   -6.97866932238724   21.50649235728320   12.36128727027778      H 
   -4.08239348663978   22.48756930397614   10.94989391678673      H 
   -7.75549026402964   24.93122367703197    9.19813378605687      H 
   -9.93877442862208   24.67429547253321    3.81613478655959      H 
  -13.05418516996308   41.17258176682526    9.03913012884322      H 
$end
           -------------------------------------------------
          |                Final Singlepoint                |
           -------------------------------------------------

          ...................................................
          :                      SETUP                      :
          :.................................................:
          :  # basis functions                 240          :
          :  # atomic orbitals                 239          :
          :  # shells                          125          :
          :  # electrons                       258          :
          :  max. iterations                   250          :
          :  Hamiltonian                  GFN2-xTB          :
          :  restarted?                      false          :
          :  GBSA solvation                  false          :
          :  PC potential                    false          :
          :  electronic temp.          300.0000000     K    :
          :  accuracy                    1.0000000          :
          :  -> integral cutoff          0.2500000E+02      :
          :  -> integral neglect         0.1000000E-07      :
          :  -> SCF convergence          0.1000000E-05 Eh   :
          :  -> wf. convergence          0.1000000E-03 e    :
          :  Broyden damping             0.4000000          :
          ...................................................

 iter      E             dE          RMSdq      gap      omega  full diag
   1   -146.6512193 -0.146651E+03  0.251E-04    0.41       0.0  T
   2   -146.6512193  0.846228E-09  0.154E-04    0.41      78.3  T
   3   -146.6512193  0.948651E-08  0.306E-04    0.41      39.3  T

   *** convergence criteria satisfied after 3 iterations ***

         #    Occupation            Energy/Eh            Energy/eV
      -------------------------------------------------------------
         1        2.0000           -0.8035121             -21.8647
       ...           ...                  ...                  ...
       123        2.0000           -0.4244714             -11.5505
       124        2.0000           -0.4214460             -11.4681
       125        2.0000           -0.4134177             -11.2497
       126        2.0000           -0.4084237             -11.1138
       127        2.0000           -0.4065252             -11.0621
       128        1.9997           -0.3936518             -10.7118
       129        1.9993           -0.3928095             -10.6889 (HOMO)
       130        0.0009           -0.3779131             -10.2835 (LUMO)
       131                         -0.3668871              -9.9835
       132                         -0.3337126              -9.0808
       133                         -0.3207714              -8.7286
       134                         -0.3176763              -8.6444
       ...                                ...                  ...
       239                          1.1732177              31.9249
      -------------------------------------------------------------
                  HL-Gap            0.0148964 Eh            0.4054 eV
             Fermi-level           -0.3851973 Eh          -10.4818 eV

 SCC (total)                   0 d,  0 h,  0 min,  0.042 sec
 SCC setup                      ...        0 min,  0.001 sec (  2.406%)
 Dispersion                     ...        0 min,  0.002 sec (  4.606%)
 integral evaluation            ...        0 min,  0.012 sec ( 27.370%)
 zeroth order Hamiltonian       ...        0 min,  0.001 sec (  1.631%)
 iterations                     ...        0 min,  0.017 sec ( 41.320%)
 molecular gradient             ...        0 min,  0.009 sec ( 21.259%)
 printout                       ...        0 min,  0.001 sec (  1.229%)

         :::::::::::::::::::::::::::::::::::::::::::::::::::::
         ::                     SUMMARY                     ::
         :::::::::::::::::::::::::::::::::::::::::::::::::::::
         :: total energy            -144.467947031735 Eh    ::
         :: gradient norm              0.000883452163 Eh/a0 ::
         :: HOMO-LUMO gap              0.405350829621 eV    ::
         ::.................................................::
         :: SCC energy              -146.651219281372 Eh    ::
         :: -> isotropic ES            0.163917451689 Eh    ::
         :: -> anisotropic ES          0.018845789287 Eh    ::
         :: -> anisotropic XC          0.135910847461 Eh    ::
         :: -> dispersion             -0.102885661929 Eh    ::
         :: repulsion energy           2.184609045763 Eh    ::
         :: add. restraining           0.000000000000 Eh    ::
         :::::::::::::::::::::::::::::::::::::::::::::::::::::

           -------------------------------------------------
          |                Property Printout                |
           -------------------------------------------------

    * Orbital Energies and Occupations

         #    Occupation            Energy/Eh            Energy/eV
      -------------------------------------------------------------
         1        2.0000           -0.8035121             -21.8647
       ...           ...                  ...                  ...
       117        2.0000           -0.4403908             -11.9836
       118        2.0000           -0.4397058             -11.9650
       119        2.0000           -0.4394921             -11.9592
       120        2.0000           -0.4336446             -11.8001
       121        2.0000           -0.4312348             -11.7345
       122        2.0000           -0.4289643             -11.6727
       123        2.0000           -0.4244714             -11.5505
       124        2.0000           -0.4214460             -11.4681
       125        2.0000           -0.4134177             -11.2497
       126        2.0000           -0.4084237             -11.1138
       127        2.0000           -0.4065252             -11.0621
       128        1.9997           -0.3936518             -10.7118
       129        1.9993           -0.3928095             -10.6889 (HOMO)
       130        0.0009           -0.3779131             -10.2835 (LUMO)
       131                         -0.3668871              -9.9835
       132                         -0.3337126              -9.0808
       133                         -0.3207714              -8.7286
       134                         -0.3176763              -8.6444
       135                         -0.2930055              -7.9731
       136                         -0.2824808              -7.6867
       137                         -0.2764133              -7.5216
       138                         -0.2712153              -7.3801
       139                         -0.2521784              -6.8621
       140                         -0.2478253              -6.7437
       ...                                ...                  ...
       239                          1.1732177              31.9249
      -------------------------------------------------------------
                  HL-Gap            0.0148964 Eh            0.4054 eV
             Fermi-level           -0.3851973 Eh          -10.4818 eV

     #   Z        covCN         q      C6AA      α(0)
     1   6 C      3.151     0.185    23.807     7.980
     2   8 O      1.723    -0.195    17.248     5.607
     3   6 C      3.190     0.215    23.055     7.832
     4   7 N      2.068    -0.177    25.508     7.492
     5   7 N      2.046    -0.159    25.132     7.436
     6   6 C      3.083     0.004    27.837     8.649
     7   6 C      2.990    -0.045    29.103     8.849
     8   6 C      3.076     0.037    27.082     8.532
     9   6 C      3.050     0.005    27.854     8.656
    10   6 C      3.010    -0.020    28.476     8.754
    11   6 C      1.900     0.117    28.218     8.579
    12   7 N      0.911    -0.223    25.878     7.357
    13   6 C      3.063     0.034    27.167     8.547
    14   6 C      3.002    -0.044    29.070     8.844
    15   6 C      3.068     0.011    27.701     8.630
    16   6 C      3.011    -0.025    28.619     8.775
    17   6 C      3.050     0.004    27.881     8.660
    18   6 C      1.901     0.116    28.253     8.584
    19   7 N      0.911    -0.233    26.093     7.388
    20   6 C      2.995     0.080    26.212     8.398
    21   7 N      2.825    -0.060    22.391     7.028
    22   6 C      3.690    -0.050    21.660     6.660
    23   6 C      2.851     0.268    22.493     7.773
    24   8 O      0.857    -0.392    21.528     6.221
    25   6 C      3.148    -0.065    29.328     8.859
    26   6 C      3.156    -0.064    29.274     8.847
    27   6 C      2.844     0.270    22.456     7.766
    28   8 O      0.857    -0.386    21.411     6.204
    29   7 N      2.830    -0.058    22.368     7.024
    30   6 C      3.690    -0.055    21.761     6.676
    31   6 C      2.998     0.083    26.145     8.388
    32   6 C      2.897    -0.037    28.917     8.817
    33   6 C      2.909    -0.019    28.472     8.750
    34   6 C      2.966     0.003    27.956     8.673
    35   6 C      2.967     0.078    26.257     8.405
    36   6 C      2.966     0.081    26.181     8.393
    37   7 N      1.854    -0.182    25.752     7.521
    38   6 C      2.948     0.112    25.528     8.287
    39   6 C      2.946     0.109    25.601     8.299
    40   7 N      1.857    -0.189    25.907     7.544
    41   6 C      1.908     0.118    28.197     8.576
    42   7 N      0.911    -0.174    24.776     7.199
    43   6 C      1.908     0.118    28.190     8.575
    44   7 N      0.911    -0.170    24.673     7.184
    45   6 C      2.964    -0.022    28.549     8.764
    46   6 C      3.348     0.077    23.705     7.677
    47   6 C      3.328     0.071    24.235     7.818
    48   7 N      1.853    -0.270    27.874     7.825
    49  16 S      2.667     0.410   125.470    18.853
    50   7 N      1.852    -0.261    27.639     7.792
    51   6 C      3.202     0.220    22.899     7.797
    52   8 O      1.723    -0.184    17.085     5.581
    53   6 C      3.155     0.181    23.862     7.988
    54   7 N      2.050    -0.153    25.008     7.418
    55   7 N      2.067    -0.162    25.170     7.442
    56   1 H      0.927     0.069     2.097     2.264
    57   1 H      0.926     0.064     2.151     2.294
    58   1 H      0.926     0.072     2.064     2.247
    59   1 H      0.926     0.088     1.902     2.157
    60   1 H      0.926     0.054     2.266     2.354
    61   1 H      0.924     0.063     2.161     2.299
    62   1 H      0.924     0.096     1.819     2.109
    63   1 H      0.924     0.062     2.178     2.308
    64   1 H      0.924     0.098     1.805     2.101
    65   1 H      0.924     0.063     2.163     2.300
    66   1 H      0.924     0.065     2.146     2.291
    67   1 H      0.926     0.085     1.930     2.173
    68   1 H      0.925     0.115     1.654     2.011
    69   1 H      0.927     0.071     2.079     2.255

 Mol. C6AA /au·bohr⁶  :      92106.131688
 Mol. C8AA /au·bohr⁸  :    2399961.190706
 Mol. α(0) /au        :        477.335888


Wiberg/Mayer (AO) data.
largest (>0.10) Wiberg bond orders for each atom
          total WBO             WBO to atom ...
     1  C   3.896        N    5 1.632    O    2 1.151    H   56 0.959
     2  O   2.448        C    1 1.151    C    3 1.087
     3  C   3.912        N    4 1.537    C    6 1.119    O    2 1.087
     4  N   2.996        C    3 1.537    N    5 1.249
     5  N   3.038        C    1 1.632    N    4 1.249
     6  C   3.910        C    7 1.554    C    3 1.119    C   10 1.098
     7  C   3.970        C    6 1.554    C    8 1.184    H   57 0.963
     8  C   3.910        C   13 1.457    C    7 1.184    C    9 1.043
     9  C   3.970        C   10 1.627    C   11 1.123    C    8 1.043
    10  C   3.918        C    9 1.627    C    6 1.098    H   58 0.969    N   12 0.111
    11  C   3.951        N   12 2.775    C    9 1.123
    12  N   3.000        C   11 2.775    C   10 0.111
    13  C   3.941        C    8 1.457    C   14 1.224    C   17 1.036
    14  C   3.924        C   15 1.471    C   13 1.224    H   59 0.954
    15  C   3.944        C   14 1.471    C   20 1.199    C   16 1.102
    16  C   3.942        C   17 1.631    C   15 1.102    H   60 0.968    N   19 0.113
    17  C   3.968        C   16 1.631    C   18 1.127    C   13 1.036
    18  C   3.950        N   19 2.770    C   17 1.127
    19  N   2.991        C   18 2.770    C   16 0.113
    20  C   3.924        C   26 1.289    N   21 1.206    C   15 1.199
    21  N   3.572        C   20 1.206    C   23 1.064    C   22 0.998    O   24 0.115
    22  C   3.955        N   21 0.998    H   61 0.974    H   63 0.970    H   62 0.969
    23  C   3.932        O   24 1.682    C   25 1.076    N   21 1.064
    24  O   2.012        C   23 1.682    N   21 0.115
    25  C   3.909        C   26 1.286    C   31 1.276    C   23 1.076
    26  C   3.914        C   20 1.289    C   25 1.286    C   27 1.065
    27  C   3.937        O   28 1.693    N   29 1.069    C   26 1.065
    28  O   2.033        C   27 1.693    N   29 0.118
    29  N   3.570        C   31 1.198    C   27 1.069    C   30 0.998    O   28 0.118
    30  C   3.955        N   29 0.998    H   65 0.973    H   66 0.972    H   64 0.971
    31  C   3.936        C   25 1.276    C   32 1.245    N   29 1.198
    32  C   3.948        C   33 1.555    C   31 1.245    H   67 0.946
    33  C   3.933        C   32 1.555    C   34 1.241    H   68 0.939
    34  C   3.952        C   33 1.241    C   35 1.227    C   47 1.225
    35  C   3.965        N   40 1.318    C   34 1.227    C   36 1.175
    36  C   3.979        N   37 1.295    C   45 1.268    C   35 1.175
    37  N   3.085        C   38 1.514    C   36 1.295
    38  C   3.958        N   37 1.514    C   39 1.140    C   43 1.073
    39  C   3.938        N   40 1.495    C   38 1.140    C   41 1.078
    40  N   3.092        C   39 1.495    C   35 1.318
    41  C   3.948        N   42 2.819    C   39 1.078
    42  N   2.994        C   41 2.819
    43  C   3.949        N   44 2.825    C   38 1.073
    44  N   3.004        C   43 2.825
    45  C   3.910        C   36 1.268    C   46 1.257    C   51 1.112
    46  C   3.972        N   50 1.363    C   45 1.257    C   47 1.143
    47  C   3.954        N   48 1.381    C   34 1.225    C   46 1.143
    48  N   3.077        S   49 1.434    C   47 1.381    N   50 0.160
    49  S   3.169        N   50 1.455    N   48 1.434
    50  N   3.068        S   49 1.455    C   46 1.363    N   48 0.160
    51  C   3.918        N   55 1.536    C   45 1.112    O   52 1.093
    52  O   2.457        C   53 1.153    C   51 1.093
    53  C   3.886        N   54 1.626    O   52 1.153    H   69 0.958
    54  N   3.039        C   53 1.626    N   55 1.256
    55  N   3.009        C   51 1.536    N   54 1.256
    56  H   0.995        C    1 0.959
    57  H   0.995        C    7 0.963
    58  H   0.994        C   10 0.969
    59  H   0.991        C   14 0.954
    60  H   0.996        C   16 0.968
    61  H   0.994        C   22 0.974
    62  H   0.990        C   22 0.969
    63  H   0.993        C   22 0.970
    64  H   0.990        C   30 0.971
    65  H   0.993        C   30 0.973
    66  H   0.993        C   30 0.972
    67  H   0.992        C   32 0.946
    68  H   0.986        C   33 0.939
    69  H   0.994        C   53 0.958

molecular dipole:
                 x           y           z       tot (Debye)
 q only:        0.215       0.275       2.377
   full:       -0.142       0.159       3.170       8.076
molecular quadrupole (traceless):
                xx          xy          yy          xz          yz          zz
 q only:      -23.422      47.013     -24.446     -51.249     131.679      47.868
  q+dip:      -23.999      57.704     -26.711     -85.235     189.769      50.709
   full:      -16.052      61.597     -32.942     -94.188     185.617      48.994

           -------------------------------------------------
          |                Geometry Summary                 |
           -------------------------------------------------

      molecular mass/u    :      738.6580000
   center of mass at/Å    :       -4.0285447      10.8536773       2.5219124
  moments of inertia/u·Å² :        0.4130658E+04   0.3277912E+05   0.3647938E+05
rotational constants/cm⁻¹ :        0.4081101E-02   0.5142796E-03   0.4621140E-03

 * 66 selected distances

     #   Z        #   Z                                     value/Å
     1   6 C      2   8 O                                 1.3385459
     2   8 O      3   6 C                                 1.3574405
     3   6 C      4   7 N                                 1.3058976
     1   6 C      5   7 N                                 1.2916425
     3   6 C      6   6 C                                 1.4261243
     6   6 C      7   6 C                                 1.3678025
     7   6 C      8   6 C                                 1.4341515
     9   6 C     10   6 C                                 1.3591378
    11   6 C     12   7 N                                 1.1479535
     8   6 C     13   6 C                                 1.3743827
    13   6 C     14   6 C                                 1.4228919
    14   6 C     15   6 C                                 1.3828185
    16   6 C     17   6 C                                 1.3583327
    18   6 C     19   7 N                                 1.1482302
    15   6 C     20   6 C                                 1.4173590
    20   6 C     21   7 N                                 1.3696171
    21   7 N     22   6 C                                 1.4383935
    21   7 N     23   6 C                                 1.4121267
    23   6 C     24   8 O                                 1.2110277
    23   6 C     25   6 C                                 1.4480470
    20   6 C     26   6 C                                 1.4030058
    25   6 C     26   6 C                                 1.4075069
    27   6 C     28   8 O                                 1.2091504
    27   6 C     29   7 N                                 1.4091594
    29   7 N     30   6 C                                 1.4378771
    25   6 C     31   6 C                                 1.4042835
    29   7 N     31   6 C                                 1.3705979
    31   6 C     32   6 C                                 1.4092829
    32   6 C     33   6 C                                 1.3644333
    33   6 C     34   6 C                                 1.4177129
    34   6 C     35   6 C                                 1.4231225
    35   6 C     36   6 C                                 1.4377089
    36   6 C     37   7 N                                 1.3438550
    37   7 N     38   6 C                                 1.3042577
    38   6 C     39   6 C                                 1.4395597
    35   6 C     40   7 N                                 1.3407832
    39   6 C     40   7 N                                 1.3069564
    41   6 C     42   7 N                                 1.1450985
    43   6 C     44   7 N                                 1.1446996
    36   6 C     45   6 C                                 1.4087765
    45   6 C     46   6 C                                 1.4037317
    34   6 C     47   6 C                                 1.4141255
    46   6 C     47   6 C                                 1.4482055
    47   6 C     48   7 N                                 1.3349515
    48   7 N     49  16 S                                 1.6060524 (max)
    46   6 C     50   7 N                                 1.3356456
    49  16 S     50   7 N                                 1.5967720
    45   6 C     51   6 C                                 1.4340308
    51   6 C     52   8 O                                 1.3557770
    52   8 O     53   6 C                                 1.3372069
    53   6 C     54   7 N                                 1.2923656
    51   6 C     55   7 N                                 1.3055702
     1   6 C     56   1 H                                 1.0699720 (min)
     7   6 C     57   1 H                                 1.0723480
    10   6 C     58   1 H                                 1.0728308
    14   6 C     59   1 H                                 1.0719645
    16   6 C     60   1 H                                 1.0724825
    22   6 C     61   1 H                                 1.0902657
    22   6 C     62   1 H                                 1.0911698
    22   6 C     63   1 H                                 1.0919114
    30   6 C     64   1 H                                 1.0902219
    30   6 C     65   1 H                                 1.0913233
    30   6 C     66   1 H                                 1.0911451
    32   6 C     67   1 H                                 1.0801607
    33   6 C     68   1 H                                 1.0827056
    53   6 C     69   1 H                                 1.0700781

 * 5 distinct bonds (by element types)

   Z      Z             #   av. dist./Å        max./Å        min./Å
   1 H    6 C          14     1.0813271     1.0919114     1.0699720
   6 C    6 C          24     1.4086056     1.4482055     1.3583327
   6 C    7 N          20     1.3092839     1.4383935     1.1446996
   6 C    8 O           6     1.3015247     1.3574405     1.2091504
   7 N   16 S           2     1.6014122     1.6060524     1.5967720


optimized geometry written to: xtbopt.xyz


           -------------------------------------------------
          | TOTAL ENERGY             -144.467947031735 Eh   |
          | GRADIENT NORM               0.000883452163 Eh/α |
          | HOMO-LUMO GAP               0.405350829621 eV   |
           -------------------------------------------------

------------------------------------------------------------------------
 * finished run on 2021/09/17 at 09:17:12.541     
------------------------------------------------------------------------
 total:
 * wall-time:     0 d,  0 h,  0 min,  3.566 sec
 *  cpu-time:     0 d,  0 h,  0 min, 42.698 sec
 * ratio c/w:    11.973 speedup
 SCF:
 * wall-time:     0 d,  0 h,  0 min,  0.120 sec
 *  cpu-time:     0 d,  0 h,  0 min,  1.431 sec
 * ratio c/w:    11.909 speedup
 ANC optimizer:
 * wall-time:     0 d,  0 h,  0 min,  3.415 sec
 *  cpu-time:     0 d,  0 h,  0 min, 40.978 sec
 * ratio c/w:    11.998 speedup

