      -----------------------------------------------------------      
     |                   =====================                   |     
     |                           x T B                           |     
     |                   =====================                   |     
     |                         S. Grimme                         |     
     |          Mulliken Center for Theoretical Chemistry        |     
     |                    University of Bonn                     |     
     |                Version 6.2 RC2 (SAW190805)                |     
      -----------------------------------------------------------      

   This program is distributed in the hope that it will be useful,
   but WITHOUT ANY WARRANTY; without even the implied warranty of
   MERCHANTABILITY or FITNESS FOR A PARTICULAR PURPOSE.
   
   FOR NON-COMMERCIAL, ACADEMIA USE ONLY.
   
   Cite this work as:
   * S. Grimme, C. Bannwarth, P. Shushkov, J. Chem. Theory Comput., 2017,
     13, 1989-2009. DOI: 10.1021/acs.jctc.7b00118
   * C. Bannwarth, S. Ehlert and S. Grimme., J. Chem. Theory Comput., 2019,
     15, 1652-1671. DOI: 10.1021/acs.jctc.8b01176
   * P. Pracht, E. Caldeweyher, S. Ehlert, S. Grimme, ChemRxiv, 2019, preprint.
     DOI: 10.26434/chemrxiv.8326202.v1
   
   for DFT-D4:
   * E. Caldeweyher, C. Bannwarth and S. Grimme, J. Chem. Phys., 2017,
     147, 034112. DOI: 10.1063/1.4993215
   * E. Caldeweyher, S. Ehlert, A. Hansen, H. Neugebauer, S. Spicher,
     C. Bannwarth and S. Grimme, J. Chem. Phys., 2019, 150, 154122.
     DOI: 10.1063/1.5090222
   
   for sTDA-xTB:
   * S. Grimme and C. Bannwarth, J. Chem. Phys., 2016, 145, 054103.
     DOI: 10.1063/1.4959605
   
   in the mass-spec context:
   * V. Asgeirsson, C. Bauer and S. Grimme, Chem. Sci., 2017, 8, 4879.
     DOI: 10.1039/c7sc00601b
   
   for metadynamics refer to:
   * S. Grimme, J. Chem. Theory Comput., 2019, 155, 2847-2862
     DOI: 10.1021/acs.jctc.9b00143
   
   with help from (in alphabetical order)
   C. Bannwarth, F. Bohle, G. Brandenburg, E. Caldeweyher, M. Checinski,
   S. Dohm, S. Ehlert, S. Ehrlich, F. März, H. Neugebauer, J. Pisarek,
   P. Pracht, P. Shushkov, and S. Spicher.
   
 * started run on 2021/05/19 at 11:00:44.288     

           -------------------------------------------------
          |                Calculation Setup                |
           -------------------------------------------------

          program call               : /ihome/ghutchison/geoffh/xtb/xtb 1018.xyz -opt
          hostname                   : smp-n144
          coordinate file            : 1018.xyz
          omp threads                :                     1
          number of atoms            :                    16
          number of electrons        :                    60
          charge                     :                     0
          spin                       :                   0.0
          first test random number   :      0.95537688313379


########################################################################
# WARNING! Please study the warnings concerning your input carefully
#  - the use of '-opt' is discouraged, please use '--opt' next time
########################################################################

           ------------------------------------------------- 
          |                 G F N 2 - x T B                 |
          | Geometry, Frequencies, Noncovalent interactions |
          |            JCTC 2019 parametrisation            |
           ------------------------------------------------- 
             KAB for C  - Si     :                1.0500
             KAB for H  - Pd     :                0.9500
             k(s)              :                1.8500
             k(p)              :                2.2300
             k(d)              :                2.2300
             k(f)              :                2.0000
             kEN (H0ij)        :               -2.0000
             D4 a1             :                0.5200
             D4 a2             :                5.0000
             D4 s6             :                1.0000
             D4 s8             :                2.7000
             D4 s9             :                5.0000
             alphaj            :                2.0000

  Z AO/shell   Hii/eV     exponent
  1     Wed Apr 25 08:07:45 CEST 2018   EN: 2.200 GM2: 0.406  GM3: 0.0800  RAES: 1.40
     1s    -10.707211    1.230000
  6     Wed Apr 25 08:07:45 CEST 2018   EN: 2.550 GM2: 0.538  GM3: 0.1500  RAES: 3.00
     2s    -13.970922    2.096432
     2p    -10.063292    1.800000
  9     Mon Apr 23 13:58:50 CEST 2018   EN: 3.980 GM2: 0.532  GM3: 0.1426  RAES: 2.40
     2s    -23.458179    2.416361
     2p    -15.746583    2.308399
 16     Tue Apr 24 11:44:34 CEST 2018   EN: 2.580 GM2: 0.340  GM3:-0.0502  RAES: 3.10
     3s    -20.029654    1.981333
     3p    -11.377694    2.025643
     3d     -0.420282    1.702555

           ------------------------------------------------- 
          |        Self-Consistent Charge Iterations        |
           ------------------------------------------------- 

          ...................................................
          :                      SETUP                      :
          :.................................................:
          :  # basis functions                  55          :
          :  # atomic orbitals                  54          :
          :  # shells                           28          :
          :  # electrons                        60          :
          :  max. iterations                   250          :
          :  Hamiltonian                  GFN2-xTB          :
          :  restarted?                      false          :
          :  GBSA solvation                  false          :
          :  PC potential                    false          :
          :  electronic temp.          300.0000000     K    :
          :  accuracy                    1.0000000          :
          :  -> integral cutoff          0.2500000E+02      :
          :  -> integral neglect         0.1000000E-07      :
          :  -> SCF convergence          0.1000000E-05 Eh   :
          :  -> wf. convergence          0.1000000E-03 e    :
          :  Broyden damping             0.4000000          :
          ...................................................

 iter      E             dE          RMSdq      gap      omega  full diag
   1    -35.2062924 -0.352063E+02  0.494E+00    3.37       0.0  T
   2    -35.2663543 -0.600619E-01  0.304E+00    3.24       1.0  T
   3    -35.2632974  0.305686E-02  0.135E+00    3.32       1.0  T
   4    -35.2703006 -0.700325E-02  0.657E-01    3.13       1.0  T
   5    -35.2741540 -0.385335E-02  0.162E-01    3.20       1.0  T
   6    -35.2741937 -0.397436E-04  0.598E-02    3.20       1.0  T
   7    -35.2742210 -0.272470E-04  0.262E-02    3.21       1.0  T
   8    -35.2742238 -0.276561E-05  0.133E-02    3.21       1.9  T
   9    -35.2742240 -0.238973E-06  0.732E-03    3.21       3.4  T
  10    -35.2742244 -0.426903E-06  0.293E-03    3.21       8.5  T
  11    -35.2742245 -0.302278E-07  0.102E-03    3.21      24.6  T
  12    -35.2742245 -0.152395E-08  0.457E-04    3.21      54.7  T
  13    -35.2742245 -0.384262E-09  0.145E-04    3.21     171.8  T

   *** convergence criteria satisfied after 13 iterations ***

         #    Occupation            Energy/Eh            Energy/eV
      -------------------------------------------------------------
         1        2.0000           -0.8777697             -23.8853
       ...           ...                  ...                  ...
        24        2.0000           -0.4974599             -13.5366
        25        2.0000           -0.4865019             -13.2384
        26        2.0000           -0.4743028             -12.9064
        27        2.0000           -0.4597542             -12.5105
        28        2.0000           -0.4526573             -12.3174
        29        2.0000           -0.4271545             -11.6235
        30        2.0000           -0.4041928             -10.9986 (HOMO)
        31                         -0.2863797              -7.7928 (LUMO)
        32                         -0.2568404              -6.9890
        33                         -0.2262731              -6.1572
        34                         -0.1525909              -4.1522
        35                         -0.1484891              -4.0406
       ...                                ...                  ...
        54                          0.6650962              18.0982
      -------------------------------------------------------------
                  HL-Gap            0.1178131 Eh            3.2059 eV
             Fermi-level           -0.3452863 Eh           -9.3957 eV

 SCC (total)                   0 d,  0 h,  0 min,  0.026 sec
 SCC setup                      ...        0 min,  0.000 sec (  0.935%)
 Dispersion                     ...        0 min,  0.000 sec (  0.706%)
 integral evaluation            ...        0 min,  0.006 sec ( 22.891%)
 zeroth order Hamiltonian       ...        0 min,  0.000 sec (  0.450%)
 iterations                     ...        0 min,  0.011 sec ( 40.830%)
 molecular gradient             ...        0 min,  0.008 sec ( 32.771%)
 printout                       ...        0 min,  0.000 sec (  1.211%)

         :::::::::::::::::::::::::::::::::::::::::::::::::::::
         ::                     SUMMARY                     ::
         :::::::::::::::::::::::::::::::::::::::::::::::::::::
         :: total energy             -34.942973930761 Eh    ::
         :: gradient norm              0.047701994485 Eh/a0 ::
         :: HOMO-LUMO gap              3.205857253740 eV    ::
         ::.................................................::
         :: SCC energy               -35.274224456817 Eh    ::
         :: -> isotropic ES            0.043824743079 Eh    ::
         :: -> anisotropic ES          0.000903932784 Eh    ::
         :: -> anisotropic XC         -0.006451171634 Eh    ::
         :: -> dispersion             -0.014357913749 Eh    ::
         :: repulsion energy           0.331235464355 Eh    ::
         :: add. restraining           0.000000000000 Eh    ::
         :::::::::::::::::::::::::::::::::::::::::::::::::::::

      ----------------------------------------------------------- 
     |                   =====================                   |
     |                        A N C O P T                        |
     |                   =====================                   |
     |               Approximate Normal Coordinate               |
     |                Rational Function Optimizer                |
      ----------------------------------------------------------- 

          ...................................................
          :                      SETUP                      :
          :.................................................:
          :   optimization level            normal          :
          :   max. optcycles                   200          :
          :   ANC micro-cycles                  20          :
          :   degrees of freedom                42          :
          :.................................................:
          :   RF solver                   davidson          :
          :   input Hessian                  false          :
          :   write xtbopt.log                true          :
          :   linear?                        false          :
          :   energy convergence         0.5000000E-05 Eh   :
          :   grad. convergence          0.1000000E-02 Eh/α :
          :   maximium RF displ.         2.0000000          :
          :   Hlow (freq-cutoff)         0.5000000E-02      :
          :   Hmax (freq-cutoff)         5.0000000          :
          :   S6 in model hess.         20.0000000          :
          ...................................................

generating ANC from model Hessian ...
Using Lindh-Hessian (1995)
 Shifting diagonal of input Hessian by   1.838866687490754E-003
 Lowest  eigenvalues of input Hessian
   -0.000000   -0.000000   -0.000000    0.000000    0.000000    0.000000
    0.005000    0.005922    0.008419    0.010005    0.015271    0.018864
    0.025405    0.036261    0.044994    0.048877    0.050797    0.054700
 Highest eigenvalues
    1.617049    1.641902    1.699610    1.756434    1.854108    2.026680
 

........................................................................
.............................. CYCLE    1 ..............................
........................................................................
   1    -35.2742245 -0.352742E+02  0.596E-05    3.21       0.0  T
   2    -35.2742245 -0.103739E-11  0.344E-05    3.21     726.8  T
   3    -35.2742245 -0.762412E-11  0.282E-05    3.21     886.9  T
     SCC iter.                  ...        0 min,  0.003 sec
     gradient                   ...        0 min,  0.008 sec
 * total energy  :   -34.9429739 Eh     change        0.1229594E-08 Eh
   gradient norm :     0.0477031 Eh/α   predicted     0.0000000E+00 (-100.00%)
   displ. norm   :     0.1541916 α      lambda       -0.3566817E-02
   maximum displ.:     0.0839643 α      in ANC's #12, #3, #18, ...

........................................................................
.............................. CYCLE    2 ..............................
........................................................................
   1    -35.2910636 -0.352911E+02  0.233E-01    3.25       0.0  T
   2    -35.2910853 -0.216240E-04  0.109E-01    3.25       1.0  T
   3    -35.2910667  0.185659E-04  0.475E-02    3.25       1.0  T
   4    -35.2910920 -0.252584E-04  0.217E-02    3.25       1.2  T
   5    -35.2910935 -0.150155E-05  0.106E-02    3.25       2.4  T
   6    -35.2910938 -0.357151E-06  0.279E-03    3.25       9.0  T
   7    -35.2910939 -0.892277E-07  0.106E-03    3.25      23.5  T
     SCC iter.                  ...        0 min,  0.005 sec
     gradient                   ...        0 min,  0.008 sec
 * total energy  :   -34.9452740 Eh     change       -0.2300118E-02 Eh
   gradient norm :     0.0183633 Eh/α   predicted    -0.1825812E-02 ( -20.62%)
   displ. norm   :     0.0814224 α      lambda       -0.5618633E-03
   maximum displ.:     0.0629555 α      in ANC's #3, #15, #10, ...

........................................................................
.............................. CYCLE    3 ..............................
........................................................................
   1    -35.2965465 -0.352965E+02  0.964E-02    3.27       0.0  T
   2    -35.2965536 -0.716473E-05  0.474E-02    3.27       1.0  T
   3    -35.2965489  0.468799E-05  0.268E-02    3.27       1.0  T
   4    -35.2965566 -0.768097E-05  0.102E-02    3.27       2.4  T
   5    -35.2965569 -0.321711E-06  0.518E-03    3.27       4.8  T
   6    -35.2965570 -0.780764E-07  0.190E-03    3.27      13.2  T
   7    -35.2965571 -0.426686E-07  0.560E-04    3.27      44.6  T
     SCC iter.                  ...        0 min,  0.005 sec
     gradient                   ...        0 min,  0.008 sec
 * total energy  :   -34.9455894 Eh     change       -0.3153975E-03 Eh
   gradient norm :     0.0043635 Eh/α   predicted    -0.2827956E-03 ( -10.34%)
   displ. norm   :     0.0382359 α      lambda       -0.4774951E-04
   maximum displ.:     0.0343010 α      in ANC's #3, #15, #12, ...

........................................................................
.............................. CYCLE    4 ..............................
........................................................................
   1    -35.2962590 -0.352963E+02  0.279E-02    3.27       0.0  T
   2    -35.2962595 -0.495911E-06  0.160E-02    3.28       1.6  T
   3    -35.2962590  0.511379E-06  0.922E-03    3.28       2.7  T
   4    -35.2962598 -0.745066E-06  0.270E-03    3.28       9.3  T
   5    -35.2962598 -0.231029E-07  0.120E-03    3.28      20.9  T
     SCC iter.                  ...        0 min,  0.004 sec
     gradient                   ...        0 min,  0.008 sec
 * total energy  :   -34.9456216 Eh     change       -0.3213366E-04 Eh
   gradient norm :     0.0014642 Eh/α   predicted    -0.2391061E-04 ( -25.59%)
   displ. norm   :     0.0408037 α      lambda       -0.1285026E-04
   maximum displ.:     0.0370079 α      in ANC's #3, #12, #14, ...

........................................................................
.............................. CYCLE    5 ..............................
........................................................................
   1    -35.2954146 -0.352954E+02  0.283E-02    3.28       0.0  T
   2    -35.2954149 -0.248620E-06  0.165E-02    3.28       1.5  T
   3    -35.2954145  0.366237E-06  0.702E-03    3.28       3.6  T
   4    -35.2954150 -0.457458E-06  0.205E-03    3.28      12.2  T
   5    -35.2954150 -0.217230E-07  0.622E-04    3.28      40.2  T
   6    -35.2954150 -0.664450E-09  0.316E-04    3.28      79.1  T
     SCC iter.                  ...        0 min,  0.005 sec
     gradient                   ...        0 min,  0.008 sec
 * total energy  :   -34.9456283 Eh     change       -0.6749528E-05 Eh
   gradient norm :     0.0010181 Eh/α   predicted    -0.6429164E-05 (  -4.75%)
   displ. norm   :     0.0060805 α      lambda       -0.1946245E-05
   maximum displ.:     0.0028423 α      in ANC's #11, #12, #8, ...

........................................................................
.............................. CYCLE    6 ..............................
........................................................................
   1    -35.2956457 -0.352956E+02  0.706E-03    3.28       0.0  T
   2    -35.2956458 -0.279091E-07  0.392E-03    3.28       6.4  T
   3    -35.2956457  0.372236E-07  0.236E-03    3.28      10.6  T
   4    -35.2956458 -0.546494E-07  0.584E-04    3.28      42.8  T
   5    -35.2956458 -0.310941E-09  0.304E-04    3.28      82.3  T
     SCC iter.                  ...        0 min,  0.004 sec
     gradient                   ...        0 min,  0.008 sec
 * total energy  :   -34.9456295 Eh     change       -0.1147478E-05 Eh
   gradient norm :     0.0003474 Eh/α   predicted    -0.9730657E-06 ( -15.20%)
   displ. norm   :     0.0068733 α      lambda       -0.1099672E-05
   maximum displ.:     0.0031998 α      in ANC's #11, #5, #8, ...

   *** GEOMETRY OPTIMIZATION CONVERGED AFTER 6 ITERATIONS ***

------------------------------------------------------------------------
 total energy gain   :        -0.0026555 Eh       -1.6664 kcal/mol
 total RMSD          :         0.0692166 a0        0.0366 Å
 total power (kW/mol):        -1.1620219 (step)  -60.4695 (real)
------------------------------------------------------------------------

 ANCopt (total)                0 d,  0 h,  0 min,  0.115 sec
 optimizer setup                ...        0 min,  0.000 sec (  0.121%)
 model hessian                  ...        0 min,  0.002 sec (  1.323%)
 ANC generation                 ...        0 min,  0.000 sec (  0.336%)
 coordinate transformation      ...        0 min,  0.000 sec (  0.063%)
 single point calculation       ...        0 min,  0.111 sec ( 96.374%)
 optimization log               ...        0 min,  0.000 sec (  0.390%)
 hessian update                 ...        0 min,  0.000 sec (  0.063%)
 rational function              ...        0 min,  0.001 sec (  0.952%)

================
 final structure:
================
$coord
    0.04799986425096    2.20974684845806   -0.06399533365904      C 
   -2.15539338986207   -0.15311767638208   -0.11023810913041      S 
    0.22207958635968   -2.38737495327008   -0.02186089108666      C 
   -0.35603157100420   -5.13528843541253   -0.01603529596979      C 
   -2.83570446856790   -5.62639305006449   -0.09099755747334      F 
    0.68384363166469   -6.34446817421100   -2.00122026006177      F 
    0.55398719239127   -6.30858001372086    2.05280722918274      F 
    2.56823741419494   -1.33319147517745    0.03957122702907      C 
    2.49060334995756    1.34962525132102    0.01606437613712      C 
    4.65792080659067    3.02851295161450    0.06812471768649      C 
    7.05823392406850    2.30358675739713    0.13616782948393      C 
   -0.57155432655084    4.13898942588987   -0.09791449023342      H 
    4.27208730976803   -2.43508576943240    0.09976723208566      H 
    4.19210368759760    5.01942630915354    0.04496749392651      H 
    7.61009650164663    0.34640097468882    0.15659266161989      H 
    8.56994017030965    3.66301170206427    0.16769393560090      H 
$end
           -------------------------------------------------
          |                Final Singlepoint                |
           -------------------------------------------------

          ...................................................
          :                      SETUP                      :
          :.................................................:
          :  # basis functions                  55          :
          :  # atomic orbitals                  54          :
          :  # shells                           28          :
          :  # electrons                        60          :
          :  max. iterations                   250          :
          :  Hamiltonian                  GFN2-xTB          :
          :  restarted?                      false          :
          :  GBSA solvation                  false          :
          :  PC potential                    false          :
          :  electronic temp.          300.0000000     K    :
          :  accuracy                    1.0000000          :
          :  -> integral cutoff          0.2500000E+02      :
          :  -> integral neglect         0.1000000E-07      :
          :  -> SCF convergence          0.1000000E-05 Eh   :
          :  -> wf. convergence          0.1000000E-03 e    :
          :  Broyden damping             0.4000000          :
          ...................................................

 iter      E             dE          RMSdq      gap      omega  full diag
   1    -35.2956458 -0.352956E+02  0.176E-04    3.28       0.0  T
   2    -35.2956458  0.392220E-11  0.966E-05    3.28     258.8  T
   3    -35.2956458 -0.141561E-09  0.760E-05    3.28     328.9  T

   *** convergence criteria satisfied after 3 iterations ***

         #    Occupation            Energy/Eh            Energy/eV
      -------------------------------------------------------------
         1        2.0000           -0.8811137             -23.9763
       ...           ...                  ...                  ...
        24        2.0000           -0.4958077             -13.4916
        25        2.0000           -0.4878720             -13.2757
        26        2.0000           -0.4765443             -12.9674
        27        2.0000           -0.4588216             -12.4852
        28        2.0000           -0.4514945             -12.2858
        29        2.0000           -0.4291161             -11.6768
        30        2.0000           -0.4051732             -11.0253 (HOMO)
        31                         -0.2847947              -7.7497 (LUMO)
        32                         -0.2518273              -6.8526
        33                         -0.2308052              -6.2805
        34                         -0.1518548              -4.1322
        35                         -0.1460597              -3.9745
       ...                                ...                  ...
        54                          0.6666770              18.1412
      -------------------------------------------------------------
                  HL-Gap            0.1203785 Eh            3.2757 eV
             Fermi-level           -0.3449839 Eh           -9.3875 eV

 SCC (total)                   0 d,  0 h,  0 min,  0.018 sec
 SCC setup                      ...        0 min,  0.000 sec (  0.838%)
 Dispersion                     ...        0 min,  0.000 sec (  0.541%)
 integral evaluation            ...        0 min,  0.006 sec ( 32.290%)
 zeroth order Hamiltonian       ...        0 min,  0.000 sec (  0.621%)
 iterations                     ...        0 min,  0.003 sec ( 16.040%)
 molecular gradient             ...        0 min,  0.008 sec ( 47.790%)
 printout                       ...        0 min,  0.000 sec (  1.573%)

         :::::::::::::::::::::::::::::::::::::::::::::::::::::
         ::                     SUMMARY                     ::
         :::::::::::::::::::::::::::::::::::::::::::::::::::::
         :: total energy             -34.945629474984 Eh    ::
         :: gradient norm              0.000347840565 Eh/a0 ::
         :: HOMO-LUMO gap              3.275664674463 eV    ::
         ::.................................................::
         :: SCC energy               -35.295645786323 Eh    ::
         :: -> isotropic ES            0.043714499391 Eh    ::
         :: -> anisotropic ES          0.000957434719 Eh    ::
         :: -> anisotropic XC         -0.008159773204 Eh    ::
         :: -> dispersion             -0.014423044309 Eh    ::
         :: repulsion energy           0.349998848992 Eh    ::
         :: add. restraining           0.000000000000 Eh    ::
         :::::::::::::::::::::::::::::::::::::::::::::::::::::

           -------------------------------------------------
          |                Property Printout                |
           -------------------------------------------------

    * Orbital Energies and Occupations

         #    Occupation            Energy/Eh            Energy/eV
      -------------------------------------------------------------
         1        2.0000           -0.8811137             -23.9763
       ...           ...                  ...                  ...
        18        2.0000           -0.5353141             -14.5666
        19        2.0000           -0.5345053             -14.5446
        20        2.0000           -0.5337282             -14.5235
        21        2.0000           -0.5187370             -14.1156
        22        2.0000           -0.5179625             -14.0945
        23        2.0000           -0.4989031             -13.5758
        24        2.0000           -0.4958077             -13.4916
        25        2.0000           -0.4878720             -13.2757
        26        2.0000           -0.4765443             -12.9674
        27        2.0000           -0.4588216             -12.4852
        28        2.0000           -0.4514945             -12.2858
        29        2.0000           -0.4291161             -11.6768
        30        2.0000           -0.4051732             -11.0253 (HOMO)
        31                         -0.2847947              -7.7497 (LUMO)
        32                         -0.2518273              -6.8526
        33                         -0.2308052              -6.2805
        34                         -0.1518548              -4.1322
        35                         -0.1460597              -3.9745
        36                         -0.0350476              -0.9537
        37                         -0.0082778              -0.2253
        38                          0.0112023               0.3048
        39                          0.0310926               0.8461
        40                          0.0725106               1.9731
        41                          0.0878339               2.3901
       ...                                ...                  ...
        54                          0.6666770              18.1412
      -------------------------------------------------------------
                  HL-Gap            0.1203785 Eh            3.2757 eV
             Fermi-level           -0.3449839 Eh           -9.3875 eV

     #   Z        covCN         q      C6AA      α(0)
     1   6 C      2.951    -0.030    28.736     8.792
     2  16 S      2.285     0.056   138.769    19.827
     3   6 C      2.995    -0.036    28.882     8.816
     4   6 C      3.354     0.491    16.965     6.482
     5   9 F      0.791    -0.199    11.229     3.958
     6   9 F      0.791    -0.208    11.316     3.974
     7   9 F      0.791    -0.208    11.317     3.974
     8   6 C      3.104    -0.037    28.772     8.789
     9   6 C      3.145     0.009    27.565     8.590
    10   6 C      2.892    -0.027    28.684     8.781
    11   6 C      2.839    -0.082    30.039     8.982
    12   1 H      0.926     0.064     2.155     2.295
    13   1 H      0.926     0.065     2.139     2.287
    14   1 H      0.925     0.043     2.411     2.428
    15   1 H      0.926     0.050     2.321     2.382
    16   1 H      0.926     0.049     2.336     2.390

 Mol. C6AA /au·bohr⁶  :       4265.907741
 Mol. C8AA /au·bohr⁸  :     118237.244153
 Mol. α(0) /au        :        102.747312


Wiberg/Mayer (AO) data.
largest (>0.10) Wiberg bond orders for each atom
          total WBO             WBO to atom ...
     1  C   3.947        C    9 1.528    S    2 1.229    H   12 0.968    C    3 0.104
     2  S   2.684        C    1 1.229    C    3 1.165    C    8 0.109
     3  C   3.933        C    8 1.594    S    2 1.165    C    4 0.972    C    1 0.104
     4  C   3.833        C    3 0.972    F    5 0.955    F    6 0.939    F    7 0.938
     5  F   1.082        C    4 0.955
     6  F   1.070        C    4 0.939
     7  F   1.070        C    4 0.938
     8  C   3.986        C    3 1.594    C    9 1.237    H   13 0.959    S    2 0.109
     9  C   3.986        C    1 1.528    C    8 1.237    C   10 1.092
    10  C   3.991        C   11 1.897    C    9 1.092    H   14 0.964
    11  C   3.991        C   10 1.897    H   16 0.977    H   15 0.974
    12  H   0.996        C    1 0.968
    13  H   0.996        C    8 0.959
    14  H   0.998        C   10 0.964
    15  H   0.998        C   11 0.974
    16  H   0.996        C   11 0.977

molecular dipole:
                 x           y           z       tot (Debye)
 q only:        0.443       1.548      -0.000
   full:        0.611       1.516       0.005       4.155
molecular quadrupole (traceless):
                xx          xy          yy          xz          yz          zz
 q only:        6.915      -0.678      -8.080       0.137      -0.051       1.165
  q+dip:        7.164      -1.411      -5.585       0.208      -0.106      -1.579
   full:        6.018      -1.261      -6.540       0.115      -0.082       0.522

           -------------------------------------------------
          |                Geometry Summary                 |
           -------------------------------------------------

      molecular mass/u    :      178.1717000
   center of mass at/Å    :        0.3720154      -1.0126170      -0.0059720
  moments of inertia/u·Å² :        0.2924010E+03   0.8051087E+03   0.1009976E+04
rotational constants/cm⁻¹ :        0.5765245E-01   0.2093833E-01   0.1669112E-01

 * 15 selected distances

     #   Z        #   Z                                     value/Å
     1   6 C      2  16 S                                 1.7098412
     2  16 S      3   6 C                                 1.7271047 (max)
     3   6 C      4   6 C                                 1.4859685
     4   6 C      5   9 F                                 1.3382621
     4   6 C      6   9 F                                 1.3475242
     4   6 C      7   9 F                                 1.3475701
     3   6 C      8   6 C                                 1.3614913
     1   6 C      9   6 C                                 1.3710216
     8   6 C      9   6 C                                 1.4203344
    10   6 C     11   6 C                                 1.3273440
     1   6 C     12   1 H                                 1.0724133 (min)
     8   6 C     13   1 H                                 1.0742297
    10   6 C     14   1 H                                 1.0820682
    11   6 C     15   1 H                                 1.0761370
    11   6 C     16   1 H                                 1.0759731

 * 4 distinct bonds (by element types)

   Z      Z             #   av. dist./Å        max./Å        min./Å
   1 H    6 C           5     1.0761643     1.0820682     1.0724133
   6 C    6 C           5     1.3932319     1.4859685     1.3273440
   6 C    9 F           3     1.3444521     1.3475701     1.3382621
   6 C   16 S           2     1.7184729     1.7271047     1.7098412


optimized geometry written to: xtbopt.xyz


           -------------------------------------------------
          | TOTAL ENERGY              -34.945629474984 Eh   |
          | GRADIENT NORM               0.000347840565 Eh/α |
          | HOMO-LUMO GAP               3.275664674463 eV   |
           -------------------------------------------------

------------------------------------------------------------------------
 * finished run on 2021/05/19 at 11:00:44.464     
------------------------------------------------------------------------
 total:
 * wall-time:     0 d,  0 h,  0 min,  0.177 sec
 *  cpu-time:     0 d,  0 h,  0 min,  0.176 sec
 * ratio c/w:     0.995 speedup
 SCF:
 * wall-time:     0 d,  0 h,  0 min,  0.026 sec
 *  cpu-time:     0 d,  0 h,  0 min,  0.026 sec
 * ratio c/w:     0.998 speedup
 ANC optimizer:
 * wall-time:     0 d,  0 h,  0 min,  0.133 sec
 *  cpu-time:     0 d,  0 h,  0 min,  0.133 sec
 * ratio c/w:     0.998 speedup

