      -----------------------------------------------------------      
     |                   =====================                   |     
     |                           x T B                           |     
     |                   =====================                   |     
     |                         S. Grimme                         |     
     |          Mulliken Center for Theoretical Chemistry        |     
     |                    University of Bonn                     |     
     |                Version 6.2 RC2 (SAW190805)                |     
      -----------------------------------------------------------      

   This program is distributed in the hope that it will be useful,
   but WITHOUT ANY WARRANTY; without even the implied warranty of
   MERCHANTABILITY or FITNESS FOR A PARTICULAR PURPOSE.
   
   FOR NON-COMMERCIAL, ACADEMIA USE ONLY.
   
   Cite this work as:
   * S. Grimme, C. Bannwarth, P. Shushkov, J. Chem. Theory Comput., 2017,
     13, 1989-2009. DOI: 10.1021/acs.jctc.7b00118
   * C. Bannwarth, S. Ehlert and S. Grimme., J. Chem. Theory Comput., 2019,
     15, 1652-1671. DOI: 10.1021/acs.jctc.8b01176
   * P. Pracht, E. Caldeweyher, S. Ehlert, S. Grimme, ChemRxiv, 2019, preprint.
     DOI: 10.26434/chemrxiv.8326202.v1
   
   for DFT-D4:
   * E. Caldeweyher, C. Bannwarth and S. Grimme, J. Chem. Phys., 2017,
     147, 034112. DOI: 10.1063/1.4993215
   * E. Caldeweyher, S. Ehlert, A. Hansen, H. Neugebauer, S. Spicher,
     C. Bannwarth and S. Grimme, J. Chem. Phys., 2019, 150, 154122.
     DOI: 10.1063/1.5090222
   
   for sTDA-xTB:
   * S. Grimme and C. Bannwarth, J. Chem. Phys., 2016, 145, 054103.
     DOI: 10.1063/1.4959605
   
   in the mass-spec context:
   * V. Asgeirsson, C. Bauer and S. Grimme, Chem. Sci., 2017, 8, 4879.
     DOI: 10.1039/c7sc00601b
   
   for metadynamics refer to:
   * S. Grimme, J. Chem. Theory Comput., 2019, 155, 2847-2862
     DOI: 10.1021/acs.jctc.9b00143
   
   with help from (in alphabetical order)
   C. Bannwarth, F. Bohle, G. Brandenburg, E. Caldeweyher, M. Checinski,
   S. Dohm, S. Ehlert, S. Ehrlich, F. März, H. Neugebauer, J. Pisarek,
   P. Pracht, P. Shushkov, and S. Spicher.
   
 * started run on 2021/05/19 at 11:01:03.618     

           -------------------------------------------------
          |                Calculation Setup                |
           -------------------------------------------------

          program call               : /ihome/ghutchison/geoffh/xtb/xtb 1043.xyz -opt
          hostname                   : smp-n144
          coordinate file            : 1043.xyz
          omp threads                :                     1
          number of atoms            :                    17
          number of electrons        :                    54
          charge                     :                     0
          spin                       :                   0.0
          first test random number   :      0.85810097490371


########################################################################
# WARNING! Please study the warnings concerning your input carefully
#  - the use of '-opt' is discouraged, please use '--opt' next time
########################################################################

           ------------------------------------------------- 
          |                 G F N 2 - x T B                 |
          | Geometry, Frequencies, Noncovalent interactions |
          |            JCTC 2019 parametrisation            |
           ------------------------------------------------- 
             KAB for C  - Si     :                1.0500
             KAB for H  - Pd     :                0.9500
             k(s)              :                1.8500
             k(p)              :                2.2300
             k(d)              :                2.2300
             k(f)              :                2.0000
             kEN (H0ij)        :               -2.0000
             D4 a1             :                0.5200
             D4 a2             :                5.0000
             D4 s6             :                1.0000
             D4 s8             :                2.7000
             D4 s9             :                5.0000
             alphaj            :                2.0000

  Z AO/shell   Hii/eV     exponent
  1     Wed Apr 25 08:07:45 CEST 2018   EN: 2.200 GM2: 0.406  GM3: 0.0800  RAES: 1.40
     1s    -10.707211    1.230000
  6     Wed Apr 25 08:07:45 CEST 2018   EN: 2.550 GM2: 0.538  GM3: 0.1500  RAES: 3.00
     2s    -13.970922    2.096432
     2p    -10.063292    1.800000
  8     Wed Apr 25 08:07:45 CEST 2018   EN: 3.440 GM2: 0.452  GM3:-0.0517  RAES: 1.80
     2s    -20.229985    2.439742
     2p    -15.503117    2.137023
 16     Tue Apr 24 11:44:34 CEST 2018   EN: 2.580 GM2: 0.340  GM3:-0.0502  RAES: 3.10
     3s    -20.029654    1.981333
     3p    -11.377694    2.025643
     3d     -0.420282    1.702555

           ------------------------------------------------- 
          |        Self-Consistent Charge Iterations        |
           ------------------------------------------------- 

          ...................................................
          :                      SETUP                      :
          :.................................................:
          :  # basis functions                  56          :
          :  # atomic orbitals                  55          :
          :  # shells                           29          :
          :  # electrons                        54          :
          :  max. iterations                   250          :
          :  Hamiltonian                  GFN2-xTB          :
          :  restarted?                      false          :
          :  GBSA solvation                  false          :
          :  PC potential                    false          :
          :  electronic temp.          300.0000000     K    :
          :  accuracy                    1.0000000          :
          :  -> integral cutoff          0.2500000E+02      :
          :  -> integral neglect         0.1000000E-07      :
          :  -> SCF convergence          0.1000000E-05 Eh   :
          :  -> wf. convergence          0.1000000E-03 e    :
          :  Broyden damping             0.4000000          :
          ...................................................

 iter      E             dE          RMSdq      gap      omega  full diag
   1    -29.9791006 -0.299791E+02  0.527E+00    1.90       0.0  T
   2    -30.0057500 -0.266494E-01  0.292E+00    1.89       1.0  T
   3    -29.9963424  0.940759E-02  0.168E+00    1.91       1.0  T
   4    -30.0069273 -0.105849E-01  0.630E-01    1.91       1.0  T
   5    -30.0128991 -0.597179E-02  0.190E-01    1.90       1.0  T
   6    -30.0131469 -0.247736E-03  0.102E-01    1.89       1.0  T
   7    -30.0132772 -0.130385E-03  0.287E-02    1.89       1.0  T
   8    -30.0132796 -0.233426E-05  0.115E-02    1.89       2.1  T
   9    -30.0132803 -0.728184E-06  0.509E-03    1.89       4.8  T
  10    -30.0132804 -0.137875E-06  0.218E-03    1.89      11.1  T
  11    -30.0132805 -0.289003E-07  0.753E-04    1.89      32.2  T
  12    -30.0132805 -0.165545E-08  0.394E-04    1.89      61.6  T

   *** convergence criteria satisfied after 12 iterations ***

         #    Occupation            Energy/Eh            Energy/eV
      -------------------------------------------------------------
         1        2.0000           -0.7489916             -20.3811
       ...           ...                  ...                  ...
        21        2.0000           -0.4625694             -12.5872
        22        2.0000           -0.4580408             -12.4639
        23        2.0000           -0.4445833             -12.0977
        24        2.0000           -0.4439441             -12.0803
        25        2.0000           -0.4130557             -11.2398
        26        2.0000           -0.3992681             -10.8646
        27        2.0000           -0.3814034             -10.3785 (HOMO)
        28                         -0.3118472              -8.4858 (LUMO)
        29                         -0.2635373              -7.1712
        30                         -0.2216209              -6.0306
        31                         -0.2120574              -5.7704
        32                         -0.1933983              -5.2626
       ...                                ...                  ...
        55                          0.7302383              19.8708
      -------------------------------------------------------------
                  HL-Gap            0.0695562 Eh            1.8927 eV
             Fermi-level           -0.3466253 Eh           -9.4322 eV

 SCC (total)                   0 d,  0 h,  0 min,  0.026 sec
 SCC setup                      ...        0 min,  0.000 sec (  0.938%)
 Dispersion                     ...        0 min,  0.000 sec (  0.872%)
 integral evaluation            ...        0 min,  0.006 sec ( 22.815%)
 zeroth order Hamiltonian       ...        0 min,  0.000 sec (  0.495%)
 iterations                     ...        0 min,  0.010 sec ( 39.117%)
 molecular gradient             ...        0 min,  0.009 sec ( 34.289%)
 printout                       ...        0 min,  0.000 sec (  1.273%)

         :::::::::::::::::::::::::::::::::::::::::::::::::::::
         ::                     SUMMARY                     ::
         :::::::::::::::::::::::::::::::::::::::::::::::::::::
         :: total energy             -29.585123293614 Eh    ::
         :: gradient norm              0.093312243001 Eh/a0 ::
         :: HOMO-LUMO gap              1.892720020396 eV    ::
         ::.................................................::
         :: SCC energy               -30.013280473557 Eh    ::
         :: -> isotropic ES            0.024439639396 Eh    ::
         :: -> anisotropic ES          0.000950328028 Eh    ::
         :: -> anisotropic XC          0.013385927479 Eh    ::
         :: -> dispersion             -0.017944310382 Eh    ::
         :: repulsion energy           0.428094097937 Eh    ::
         :: add. restraining           0.000000000000 Eh    ::
         :::::::::::::::::::::::::::::::::::::::::::::::::::::

      ----------------------------------------------------------- 
     |                   =====================                   |
     |                        A N C O P T                        |
     |                   =====================                   |
     |               Approximate Normal Coordinate               |
     |                Rational Function Optimizer                |
      ----------------------------------------------------------- 

          ...................................................
          :                      SETUP                      :
          :.................................................:
          :   optimization level            normal          :
          :   max. optcycles                   200          :
          :   ANC micro-cycles                  20          :
          :   degrees of freedom                45          :
          :.................................................:
          :   RF solver                   davidson          :
          :   input Hessian                  false          :
          :   write xtbopt.log                true          :
          :   linear?                        false          :
          :   energy convergence         0.5000000E-05 Eh   :
          :   grad. convergence          0.1000000E-02 Eh/α :
          :   maximium RF displ.         2.0000000          :
          :   Hlow (freq-cutoff)         0.5000000E-02      :
          :   Hmax (freq-cutoff)         5.0000000          :
          :   S6 in model hess.         20.0000000          :
          ...................................................

generating ANC from model Hessian ...
Using Lindh-Hessian (1995)
 Shifting diagonal of input Hessian by   1.480324455476157E-003
 Lowest  eigenvalues of input Hessian
   -0.000000   -0.000000   -0.000000    0.000000    0.000000    0.000000
    0.005000    0.008561    0.012037    0.012956    0.016019    0.020176
    0.022046    0.043100    0.043399    0.048607    0.063737    0.072149
 Highest eigenvalues
    1.664424    1.718201    1.836942    1.929988    2.017621    2.159737
 

........................................................................
.............................. CYCLE    1 ..............................
........................................................................
   1    -30.0132805 -0.300133E+02  0.192E-04    1.89       0.0  T
   2    -30.0132805 -0.129752E-09  0.120E-04    1.89     202.3  T
   3    -30.0132805 -0.766107E-10  0.755E-05    1.89     321.4  T
     SCC iter.                  ...        0 min,  0.003 sec
     gradient                   ...        0 min,  0.009 sec
 * total energy  :   -29.5851233 Eh     change       -0.3877112E-09 Eh
   gradient norm :     0.0933123 Eh/α   predicted     0.0000000E+00 (-100.00%)
   displ. norm   :     0.2977031 α      lambda       -0.1483854E-01
   maximum displ.:     0.2119864 α      in ANC's #11, #22, #9, ...

........................................................................
.............................. CYCLE    2 ..............................
........................................................................
   1    -30.0434955 -0.300435E+02  0.281E-01    2.00       0.0  T
   2    -30.0436041 -0.108590E-03  0.173E-01    1.98       1.0  T
   3    -30.0435767  0.273527E-04  0.100E-01    1.99       1.0  T
   4    -30.0436592 -0.824452E-04  0.334E-02    1.99       1.0  T
   5    -30.0436710 -0.117880E-04  0.151E-02    1.99       1.6  T
   6    -30.0436737 -0.276723E-05  0.551E-03    1.99       4.4  T
   7    -30.0436739 -0.190510E-06  0.220E-03    1.99      11.0  T
     SCC iter.                  ...        0 min,  0.006 sec
     gradient                   ...        0 min,  0.009 sec
 * total energy  :   -29.5952274 Eh     change       -0.1010409E-01 Eh
   gradient norm :     0.0408319 Eh/α   predicted    -0.8076808E-02 ( -20.06%)
   displ. norm   :     0.1725473 α      lambda       -0.3528906E-02
   maximum displ.:     0.1282949 α      in ANC's #11, #16, #22, ...

........................................................................
.............................. CYCLE    3 ..............................
........................................................................
   1    -30.0553306 -0.300553E+02  0.215E-01    2.08       0.0  T
   2    -30.0553818 -0.511821E-04  0.129E-01    2.07       1.0  T
   3    -30.0553639  0.178518E-04  0.726E-02    2.07       1.0  T
   4    -30.0554142 -0.502668E-04  0.151E-02    2.08       1.6  T
   5    -30.0554150 -0.785035E-06  0.884E-03    2.07       2.7  T
   6    -30.0554156 -0.596485E-06  0.450E-03    2.07       5.4  T
   7    -30.0554158 -0.247894E-06  0.127E-03    2.07      19.1  T
     SCC iter.                  ...        0 min,  0.006 sec
     gradient                   ...        0 min,  0.009 sec
 * total energy  :   -29.5971112 Eh     change       -0.1883810E-02 Eh
   gradient norm :     0.0092843 Eh/α   predicted    -0.1816986E-02 (  -3.55%)
   displ. norm   :     0.0446779 α      lambda       -0.1501647E-03
   maximum displ.:     0.0265574 α      in ANC's #5, #16, #11, ...

........................................................................
.............................. CYCLE    4 ..............................
........................................................................
   1    -30.0539781 -0.300540E+02  0.450E-02    2.08       0.0  T
   2    -30.0539792 -0.115313E-05  0.267E-02    2.08       1.0  T
   3    -30.0539778  0.142948E-05  0.141E-02    2.08       1.7  T
   4    -30.0539799 -0.209152E-05  0.308E-03    2.08       7.9  T
   5    -30.0539799 -0.384889E-07  0.211E-03    2.08      11.5  T
   6    -30.0539800 -0.523160E-07  0.655E-04    2.08      37.1  T
     SCC iter.                  ...        0 min,  0.005 sec
     gradient                   ...        0 min,  0.009 sec
 * total energy  :   -29.5972037 Eh     change       -0.9248233E-04 Eh
   gradient norm :     0.0036568 Eh/α   predicted    -0.7523165E-04 ( -18.65%)
   displ. norm   :     0.0260211 α      lambda       -0.3371593E-04
   maximum displ.:     0.0129390 α      in ANC's #5, #8, #9, ...

........................................................................
.............................. CYCLE    5 ..............................
........................................................................
   1    -30.0534692 -0.300535E+02  0.310E-02    2.09       0.0  T
   2    -30.0534696 -0.358705E-06  0.189E-02    2.09       1.3  T
   3    -30.0534690  0.568023E-06  0.811E-03    2.09       3.0  T
   4    -30.0534698 -0.805098E-06  0.168E-03    2.09      14.4  T
   5    -30.0534698 -0.276607E-08  0.978E-04    2.09      24.8  T
   6    -30.0534698 -0.482770E-08  0.525E-04    2.09      46.2  T
     SCC iter.                  ...        0 min,  0.005 sec
     gradient                   ...        0 min,  0.009 sec
 * total energy  :   -29.5972067 Eh     change       -0.2980661E-05 Eh
   gradient norm :     0.0022362 Eh/α   predicted    -0.1687093E-04 ( 466.01%)
   displ. norm   :     0.0184861 α      lambda       -0.2450113E-04
   maximum displ.:     0.0106414 α      in ANC's #3, #8, #1, ...

........................................................................
.............................. CYCLE    6 ..............................
........................................................................
   1    -30.0536316 -0.300536E+02  0.141E-02    2.09       0.0  T
   2    -30.0536317 -0.394670E-07  0.860E-03    2.09       2.8  T
   3    -30.0536316  0.494356E-07  0.226E-03    2.09      10.7  T
   4    -30.0536317 -0.648180E-07  0.735E-04    2.09      33.0  T
   5    -30.0536317 -0.241673E-08  0.448E-04    2.09      54.1  T
     SCC iter.                  ...        0 min,  0.004 sec
     gradient                   ...        0 min,  0.009 sec
 * total energy  :   -29.5972171 Eh     change       -0.1041987E-04 Eh
   gradient norm :     0.0009312 Eh/α   predicted    -0.1225614E-04 (  17.62%)
   displ. norm   :     0.0090615 α      lambda       -0.2183959E-05
   maximum displ.:     0.0060495 α      in ANC's #5, #16, #8, ...

........................................................................
.............................. CYCLE    7 ..............................
........................................................................
   1    -30.0538579 -0.300539E+02  0.951E-03    2.09       0.0  T
   2    -30.0538580 -0.340262E-07  0.572E-03    2.09       4.2  T
   3    -30.0538579  0.571687E-07  0.257E-03    2.09       9.4  T
   4    -30.0538580 -0.790526E-07  0.553E-04    2.09      43.8  T
   5    -30.0538580  0.336858E-09  0.384E-04    2.09      63.2  T
     SCC iter.                  ...        0 min,  0.004 sec
     gradient                   ...        0 min,  0.009 sec
 * total energy  :   -29.5972181 Eh     change       -0.1031831E-05 Eh
   gradient norm :     0.0004768 Eh/α   predicted    -0.1091768E-05 (   5.81%)
   displ. norm   :     0.0080804 α      lambda       -0.6310249E-06
   maximum displ.:     0.0058535 α      in ANC's #3, #2, #1, ...

   *** GEOMETRY OPTIMIZATION CONVERGED AFTER 7 ITERATIONS ***

------------------------------------------------------------------------
 total energy gain   :        -0.0120948 Eh       -7.5896 kcal/mol
 total RMSD          :         0.1152303 a0        0.0610 Å
 total power (kW/mol):        -4.5364181 (step) -221.6115 (real)
------------------------------------------------------------------------

 ANCopt (total)                0 d,  0 h,  0 min,  0.143 sec
 optimizer setup                ...        0 min,  0.000 sec (  0.099%)
 model hessian                  ...        0 min,  0.002 sec (  1.260%)
 ANC generation                 ...        0 min,  0.000 sec (  0.320%)
 coordinate transformation      ...        0 min,  0.000 sec (  0.066%)
 single point calculation       ...        0 min,  0.138 sec ( 96.491%)
 optimization log               ...        0 min,  0.001 sec (  0.408%)
 hessian update                 ...        0 min,  0.000 sec (  0.058%)
 rational function              ...        0 min,  0.001 sec (  0.947%)

================
 final structure:
================
$coord
   -2.94441267742780   -2.29392988161049    0.23806212434942      C 
   -5.12799946140483    0.08312526204674    0.34555058121833      S 
   -2.85945256417959    2.36064761132803    0.21934001758073      C 
   -0.46704183855598    1.34126325655124    0.09736783388647      C 
   -0.51530306253381   -1.38543877321386    0.10776631087607      C 
    1.82946396191710   -2.72315459829771   -0.00974411065600      C 
    1.94130173610935   -5.48239465551733   -0.01275013345576      C 
    3.86085023265395   -6.71410935562855   -0.08847676081917      O 
    4.03842116455886   -1.35567603132513   -0.12582209514775      C 
    4.06298085627999    1.30253694463272   -0.13510995249062      C 
    1.86395113732428    2.64363529587470   -0.02695975861451      C 
   -3.58794153243172   -4.21186710451773    0.27853987416017      H 
   -3.37907267927508    4.31725627987620    0.24120147560799      H 
    0.07684395524505   -6.42624972421447    0.05894272306267      H 
    5.79784365487832   -2.38685200522350   -0.21385073217905      H 
    5.85476476902917    2.27303812887592   -0.23056647683200      H 
    1.86043316800331    4.68387272242422   -0.03389882658590      H 
$end
           -------------------------------------------------
          |                Final Singlepoint                |
           -------------------------------------------------

          ...................................................
          :                      SETUP                      :
          :.................................................:
          :  # basis functions                  56          :
          :  # atomic orbitals                  55          :
          :  # shells                           29          :
          :  # electrons                        54          :
          :  max. iterations                   250          :
          :  Hamiltonian                  GFN2-xTB          :
          :  restarted?                      false          :
          :  GBSA solvation                  false          :
          :  PC potential                    false          :
          :  electronic temp.          300.0000000     K    :
          :  accuracy                    1.0000000          :
          :  -> integral cutoff          0.2500000E+02      :
          :  -> integral neglect         0.1000000E-07      :
          :  -> SCF convergence          0.1000000E-05 Eh   :
          :  -> wf. convergence          0.1000000E-03 e    :
          :  Broyden damping             0.4000000          :
          ...................................................

 iter      E             dE          RMSdq      gap      omega  full diag
   1    -30.0538580 -0.300539E+02  0.279E-04    2.09       0.0  T
   2    -30.0538580  0.198231E-09  0.145E-04    2.09     167.4  T
   3    -30.0538580 -0.270351E-09  0.165E-04    2.09     147.0  T

   *** convergence criteria satisfied after 3 iterations ***

         #    Occupation            Energy/Eh            Energy/eV
      -------------------------------------------------------------
         1        2.0000           -0.7509423             -20.4342
       ...           ...                  ...                  ...
        21        2.0000           -0.4686269             -12.7520
        22        2.0000           -0.4530399             -12.3278
        23        2.0000           -0.4480561             -12.1922
        24        2.0000           -0.4420489             -12.0288
        25        2.0000           -0.4154438             -11.3048
        26        2.0000           -0.3960731             -10.7777
        27        2.0000           -0.3844062             -10.4602 (HOMO)
        28                         -0.3077426              -8.3741 (LUMO)
        29                         -0.2598636              -7.0712
        30                         -0.2161056              -5.8805
        31                         -0.2127502              -5.7892
        32                         -0.1881844              -5.1208
       ...                                ...                  ...
        55                          0.7290658              19.8389
      -------------------------------------------------------------
                  HL-Gap            0.0766636 Eh            2.0861 eV
             Fermi-level           -0.3460744 Eh           -9.4172 eV

 SCC (total)                   0 d,  0 h,  0 min,  0.019 sec
 SCC setup                      ...        0 min,  0.000 sec (  0.800%)
 Dispersion                     ...        0 min,  0.000 sec (  0.675%)
 integral evaluation            ...        0 min,  0.006 sec ( 30.997%)
 zeroth order Hamiltonian       ...        0 min,  0.000 sec (  0.583%)
 iterations                     ...        0 min,  0.003 sec ( 16.109%)
 molecular gradient             ...        0 min,  0.009 sec ( 48.879%)
 printout                       ...        0 min,  0.000 sec (  1.701%)

         :::::::::::::::::::::::::::::::::::::::::::::::::::::
         ::                     SUMMARY                     ::
         :::::::::::::::::::::::::::::::::::::::::::::::::::::
         :: total energy             -29.597218133725 Eh    ::
         :: gradient norm              0.000476923204 Eh/a0 ::
         :: HOMO-LUMO gap              2.086121477669 eV    ::
         ::.................................................::
         :: SCC energy               -30.053857976039 Eh    ::
         :: -> isotropic ES            0.023629023844 Eh    ::
         :: -> anisotropic ES          0.001117334162 Eh    ::
         :: -> anisotropic XC          0.012170667338 Eh    ::
         :: -> dispersion             -0.018015511040 Eh    ::
         :: repulsion energy           0.456576312532 Eh    ::
         :: add. restraining           0.000000000000 Eh    ::
         :::::::::::::::::::::::::::::::::::::::::::::::::::::

           -------------------------------------------------
          |                Property Printout                |
           -------------------------------------------------

    * Orbital Energies and Occupations

         #    Occupation            Energy/Eh            Energy/eV
      -------------------------------------------------------------
         1        2.0000           -0.7509423             -20.4342
       ...           ...                  ...                  ...
        15        2.0000           -0.5214483             -14.1893
        16        2.0000           -0.5104500             -13.8901
        17        2.0000           -0.5074696             -13.8090
        18        2.0000           -0.4900017             -13.3336
        19        2.0000           -0.4871873             -13.2570
        20        2.0000           -0.4702495             -12.7961
        21        2.0000           -0.4686269             -12.7520
        22        2.0000           -0.4530399             -12.3278
        23        2.0000           -0.4480561             -12.1922
        24        2.0000           -0.4420489             -12.0288
        25        2.0000           -0.4154438             -11.3048
        26        2.0000           -0.3960731             -10.7777
        27        2.0000           -0.3844062             -10.4602 (HOMO)
        28                         -0.3077426              -8.3741 (LUMO)
        29                         -0.2598636              -7.0712
        30                         -0.2161056              -5.8805
        31                         -0.2127502              -5.7892
        32                         -0.1881844              -5.1208
        33                         -0.1306089              -3.5540
        34                         -0.0946410              -2.5753
        35                         -0.0144640              -0.3936
        36                          0.0129967               0.3537
        37                          0.0242483               0.6598
        38                          0.0863822               2.3506
       ...                                ...                  ...
        55                          0.7290658              19.8389
      -------------------------------------------------------------
                  HL-Gap            0.0766636 Eh            2.0861 eV
             Fermi-level           -0.3460744 Eh           -9.4172 eV

     #   Z        covCN         q      C6AA      α(0)
     1   6 C      2.930    -0.039    28.972     8.827
     2  16 S      2.307     0.039   139.471    19.877
     3   6 C      2.927    -0.037    28.910     8.818
     4   6 C      3.184     0.003    27.494     8.557
     5   6 C      3.171    -0.001    27.670     8.593
     6   6 C      2.958    -0.019    28.478     8.753
     7   6 C      2.767     0.204    23.660     7.966
     8   8 O      0.856    -0.344    20.593     6.084
     9   6 C      2.923    -0.011    28.300     8.724
    10   6 C      2.913    -0.029    28.716     8.787
    11   6 C      2.910    -0.023    28.585     8.767
    12   1 H      0.927     0.048     2.347     2.396
    13   1 H      0.926     0.051     2.313     2.378
    14   1 H      0.922     0.008     2.917     2.671
    15   1 H      0.926     0.066     2.133     2.284
    16   1 H      0.926     0.043     2.410     2.428
    17   1 H      0.926     0.041     2.440     2.443

 Mol. C6AA /au·bohr⁶  :       5338.974382
 Mol. C8AA /au·bohr⁸  :     152395.352929
 Mol. α(0) /au        :        118.351984


Wiberg/Mayer (AO) data.
largest (>0.10) Wiberg bond orders for each atom
          total WBO             WBO to atom ...
     1  C   3.941        C    5 1.490    S    2 1.236    H   12 0.968    C    3 0.150
     2  S   2.752        C    3 1.260    C    1 1.236
     3  C   3.939        C    4 1.456    S    2 1.260    H   13 0.970    C    1 0.150
     4  C   3.989        C    3 1.456    C   11 1.230    C    5 1.153
     5  C   3.988        C    1 1.490    C    6 1.172    C    4 1.153
     6  C   3.988        C    9 1.503    C    5 1.172    C    7 1.077    C   11 0.104
     7  C   3.932        O    8 1.848    C    6 1.077    H   14 0.931
     8  O   2.065        C    7 1.848
     9  C   3.987        C    6 1.503    C   10 1.301    H   15 0.964
    10  C   3.992        C   11 1.578    C    9 1.301    H   16 0.969
    11  C   3.992        C   10 1.578    C    4 1.230    H   17 0.968    C    6 0.104
    12  H   0.997        C    1 0.968
    13  H   0.997        C    3 0.970
    14  H   0.999        C    7 0.931
    15  H   0.994        C    9 0.964
    16  H   0.997        C   10 0.969
    17  H   0.997        C   11 0.968

molecular dipole:
                 x           y           z       tot (Debye)
 q only:       -0.786       1.264       0.031
   full:       -0.765       1.345       0.027       3.934
molecular quadrupole (traceless):
                xx          xy          yy          xz          yz          zz
 q only:        3.497       9.888      -6.644      -0.172      -0.276       3.147
  q+dip:        2.573      12.718      -3.575      -0.246      -0.399       1.002
   full:        0.436      12.586      -5.080       0.037      -0.383       4.644

           -------------------------------------------------
          |                Geometry Summary                 |
           -------------------------------------------------

      molecular mass/u    :      162.2058000
   center of mass at/Å    :       -0.0407205      -0.5666529       0.0456525
  moments of inertia/u·Å² :        0.2899671E+03   0.6367926E+03   0.9267573E+03
rotational constants/cm⁻¹ :        0.5813637E-01   0.2647272E-01   0.1818991E-01

 * 16 selected distances

     #   Z        #   Z                                     value/Å
     1   6 C      2  16 S                                 1.7090047 (max)
     2  16 S      3   6 C                                 1.7023841
     3   6 C      4   6 C                                 1.3776559
     1   6 C      5   6 C                                 1.3741203
     4   6 C      5   6 C                                 1.4431452
     5   6 C      6   6 C                                 1.4298782
     7   6 C      8   8 O                                 1.2075823
     6   6 C      9   6 C                                 1.3761624
     9   6 C     10   6 C                                 1.4067345
     4   6 C     11   6 C                                 1.4145135
    10   6 C     11   6 C                                 1.3642076
     1   6 C     12   1 H                                 1.0707508 (min)
     3   6 C     13   1 H                                 1.0713455
     9   6 C     15   1 H                                 1.0801752
    10   6 C     16   1 H                                 1.0795053
    11   6 C     17   1 H                                 1.0796551

 * 4 distinct bonds (by element types)

   Z      Z             #   av. dist./Å        max./Å        min./Å
   1 H    6 C           5     1.0762864     1.0801752     1.0707508
   6 C    6 C           8     1.3983022     1.4431452     1.3642076
   6 C    8 O           1     1.2075823     1.2075823     1.2075823
   6 C   16 S           2     1.7056944     1.7090047     1.7023841


optimized geometry written to: xtbopt.xyz


           -------------------------------------------------
          | TOTAL ENERGY              -29.597218133725 Eh   |
          | GRADIENT NORM               0.000476923204 Eh/α |
          | HOMO-LUMO GAP               2.086121477669 eV   |
           -------------------------------------------------

------------------------------------------------------------------------
 * finished run on 2021/05/19 at 11:01:03.825     
------------------------------------------------------------------------
 total:
 * wall-time:     0 d,  0 h,  0 min,  0.207 sec
 *  cpu-time:     0 d,  0 h,  0 min,  0.206 sec
 * ratio c/w:     0.993 speedup
 SCF:
 * wall-time:     0 d,  0 h,  0 min,  0.027 sec
 *  cpu-time:     0 d,  0 h,  0 min,  0.027 sec
 * ratio c/w:     0.998 speedup
 ANC optimizer:
 * wall-time:     0 d,  0 h,  0 min,  0.162 sec
 *  cpu-time:     0 d,  0 h,  0 min,  0.162 sec
 * ratio c/w:     0.998 speedup

