      -----------------------------------------------------------      
     |                   =====================                   |     
     |                           x T B                           |     
     |                   =====================                   |     
     |                         S. Grimme                         |     
     |          Mulliken Center for Theoretical Chemistry        |     
     |                    University of Bonn                     |     
     |                Version 6.2 RC2 (SAW190805)                |     
      -----------------------------------------------------------      

   This program is distributed in the hope that it will be useful,
   but WITHOUT ANY WARRANTY; without even the implied warranty of
   MERCHANTABILITY or FITNESS FOR A PARTICULAR PURPOSE.
   
   FOR NON-COMMERCIAL, ACADEMIA USE ONLY.
   
   Cite this work as:
   * S. Grimme, C. Bannwarth, P. Shushkov, J. Chem. Theory Comput., 2017,
     13, 1989-2009. DOI: 10.1021/acs.jctc.7b00118
   * C. Bannwarth, S. Ehlert and S. Grimme., J. Chem. Theory Comput., 2019,
     15, 1652-1671. DOI: 10.1021/acs.jctc.8b01176
   * P. Pracht, E. Caldeweyher, S. Ehlert, S. Grimme, ChemRxiv, 2019, preprint.
     DOI: 10.26434/chemrxiv.8326202.v1
   
   for DFT-D4:
   * E. Caldeweyher, C. Bannwarth and S. Grimme, J. Chem. Phys., 2017,
     147, 034112. DOI: 10.1063/1.4993215
   * E. Caldeweyher, S. Ehlert, A. Hansen, H. Neugebauer, S. Spicher,
     C. Bannwarth and S. Grimme, J. Chem. Phys., 2019, 150, 154122.
     DOI: 10.1063/1.5090222
   
   for sTDA-xTB:
   * S. Grimme and C. Bannwarth, J. Chem. Phys., 2016, 145, 054103.
     DOI: 10.1063/1.4959605
   
   in the mass-spec context:
   * V. Asgeirsson, C. Bauer and S. Grimme, Chem. Sci., 2017, 8, 4879.
     DOI: 10.1039/c7sc00601b
   
   for metadynamics refer to:
   * S. Grimme, J. Chem. Theory Comput., 2019, 155, 2847-2862
     DOI: 10.1021/acs.jctc.9b00143
   
   with help from (in alphabetical order)
   C. Bannwarth, F. Bohle, G. Brandenburg, E. Caldeweyher, M. Checinski,
   S. Dohm, S. Ehlert, S. Ehrlich, F. März, H. Neugebauer, J. Pisarek,
   P. Pracht, P. Shushkov, and S. Spicher.
   
 * started run on 2021/05/19 at 11:01:08.618     

           -------------------------------------------------
          |                Calculation Setup                |
           -------------------------------------------------

          program call               : /ihome/ghutchison/geoffh/xtb/xtb 1045.xyz -opt
          hostname                   : smp-n144
          coordinate file            : 1045.xyz
          omp threads                :                     1
          number of atoms            :                    18
          number of electrons        :                    54
          charge                     :                     0
          spin                       :                   0.0
          first test random number   :      0.16145050140251


########################################################################
# WARNING! Please study the warnings concerning your input carefully
#  - the use of '-opt' is discouraged, please use '--opt' next time
########################################################################

           ------------------------------------------------- 
          |                 G F N 2 - x T B                 |
          | Geometry, Frequencies, Noncovalent interactions |
          |            JCTC 2019 parametrisation            |
           ------------------------------------------------- 
             KAB for C  - Si     :                1.0500
             KAB for H  - Pd     :                0.9500
             k(s)              :                1.8500
             k(p)              :                2.2300
             k(d)              :                2.2300
             k(f)              :                2.0000
             kEN (H0ij)        :               -2.0000
             D4 a1             :                0.5200
             D4 a2             :                5.0000
             D4 s6             :                1.0000
             D4 s8             :                2.7000
             D4 s9             :                5.0000
             alphaj            :                2.0000

  Z AO/shell   Hii/eV     exponent
  1     Wed Apr 25 08:07:45 CEST 2018   EN: 2.200 GM2: 0.406  GM3: 0.0800  RAES: 1.40
     1s    -10.707211    1.230000
  6     Wed Apr 25 08:07:45 CEST 2018   EN: 2.550 GM2: 0.538  GM3: 0.1500  RAES: 3.00
     2s    -13.970922    2.096432
     2p    -10.063292    1.800000
  8     Wed Apr 25 08:07:45 CEST 2018   EN: 3.440 GM2: 0.452  GM3:-0.0517  RAES: 1.80
     2s    -20.229985    2.439742
     2p    -15.503117    2.137023
 16     Tue Apr 24 11:44:34 CEST 2018   EN: 2.580 GM2: 0.340  GM3:-0.0502  RAES: 3.10
     3s    -20.029654    1.981333
     3p    -11.377694    2.025643
     3d     -0.420282    1.702555

           ------------------------------------------------- 
          |        Self-Consistent Charge Iterations        |
           ------------------------------------------------- 

          ...................................................
          :                      SETUP                      :
          :.................................................:
          :  # basis functions                  60          :
          :  # atomic orbitals                  58          :
          :  # shells                           30          :
          :  # electrons                        54          :
          :  max. iterations                   250          :
          :  Hamiltonian                  GFN2-xTB          :
          :  restarted?                      false          :
          :  GBSA solvation                  false          :
          :  PC potential                    false          :
          :  electronic temp.          300.0000000     K    :
          :  accuracy                    1.0000000          :
          :  -> integral cutoff          0.2500000E+02      :
          :  -> integral neglect         0.1000000E-07      :
          :  -> SCF convergence          0.1000000E-05 Eh   :
          :  -> wf. convergence          0.1000000E-03 e    :
          :  Broyden damping             0.4000000          :
          ...................................................

 iter      E             dE          RMSdq      gap      omega  full diag
   1    -29.8903331 -0.298903E+02  0.459E+00    3.49       0.0  T
   2    -29.9237136 -0.333805E-01  0.248E+00    3.04       1.0  T
   3    -29.9204182  0.329543E-02  0.102E+00    2.86       1.0  T
   4    -29.9239123 -0.349409E-02  0.526E-01    2.82       1.0  T
   5    -29.9265010 -0.258874E-02  0.205E-01    2.84       1.0  T
   6    -29.9265929 -0.918779E-04  0.609E-02    2.84       1.0  T
   7    -29.9266156 -0.227190E-04  0.287E-02    2.85       1.0  T
   8    -29.9266172 -0.164418E-05  0.148E-02    2.85       1.6  T
   9    -29.9266175 -0.238292E-06  0.665E-03    2.85       3.5  T
  10    -29.9266178 -0.348025E-06  0.301E-03    2.85       7.8  T
  11    -29.9266179 -0.643587E-07  0.149E-03    2.85      15.9  T
  12    -29.9266179 -0.234945E-08  0.473E-04    2.85      49.9  T
  13    -29.9266179 -0.693710E-09  0.183E-04    2.85     129.0  T

   *** convergence criteria satisfied after 13 iterations ***

         #    Occupation            Energy/Eh            Energy/eV
      -------------------------------------------------------------
         1        2.0000           -0.7390532             -20.1107
       ...           ...                  ...                  ...
        21        2.0000           -0.4633852             -12.6094
        22        2.0000           -0.4610524             -12.5459
        23        2.0000           -0.4474294             -12.1752
        24        2.0000           -0.4244990             -11.5512
        25        2.0000           -0.4099359             -11.1549
        26        2.0000           -0.3892491             -10.5920
        27        2.0000           -0.3604668              -9.8088 (HOMO)
        28                         -0.2557862              -6.9603 (LUMO)
        29                         -0.2149280              -5.8485
        30                         -0.2108758              -5.7382
        31                         -0.1736989              -4.7266
        32                         -0.1383460              -3.7646
       ...                                ...                  ...
        58                          0.6780816              18.4515
      -------------------------------------------------------------
                  HL-Gap            0.1046806 Eh            2.8485 eV
             Fermi-level           -0.3081265 Eh           -8.3845 eV

 SCC (total)                   0 d,  0 h,  0 min,  0.030 sec
 SCC setup                      ...        0 min,  0.000 sec (  0.868%)
 Dispersion                     ...        0 min,  0.000 sec (  0.708%)
 integral evaluation            ...        0 min,  0.007 sec ( 22.658%)
 zeroth order Hamiltonian       ...        0 min,  0.000 sec (  0.468%)
 iterations                     ...        0 min,  0.012 sec ( 39.302%)
 molecular gradient             ...        0 min,  0.010 sec ( 34.718%)
 printout                       ...        0 min,  0.000 sec (  1.104%)

         :::::::::::::::::::::::::::::::::::::::::::::::::::::
         ::                     SUMMARY                     ::
         :::::::::::::::::::::::::::::::::::::::::::::::::::::
         :: total energy             -29.599394311992 Eh    ::
         :: gradient norm              0.042897656552 Eh/a0 ::
         :: HOMO-LUMO gap              2.848504236964 eV    ::
         ::.................................................::
         :: SCC energy               -29.926617887668 Eh    ::
         :: -> isotropic ES            0.018764568222 Eh    ::
         :: -> anisotropic ES          0.002258704233 Eh    ::
         :: -> anisotropic XC          0.010701667636 Eh    ::
         :: -> dispersion             -0.019155493848 Eh    ::
         :: repulsion energy           0.327127294789 Eh    ::
         :: add. restraining           0.000000000000 Eh    ::
         :::::::::::::::::::::::::::::::::::::::::::::::::::::

      ----------------------------------------------------------- 
     |                   =====================                   |
     |                        A N C O P T                        |
     |                   =====================                   |
     |               Approximate Normal Coordinate               |
     |                Rational Function Optimizer                |
      ----------------------------------------------------------- 

          ...................................................
          :                      SETUP                      :
          :.................................................:
          :   optimization level            normal          :
          :   max. optcycles                   200          :
          :   ANC micro-cycles                  20          :
          :   degrees of freedom                48          :
          :.................................................:
          :   RF solver                   davidson          :
          :   input Hessian                  false          :
          :   write xtbopt.log                true          :
          :   linear?                        false          :
          :   energy convergence         0.5000000E-05 Eh   :
          :   grad. convergence          0.1000000E-02 Eh/α :
          :   maximium RF displ.         2.0000000          :
          :   Hlow (freq-cutoff)         0.5000000E-02      :
          :   Hmax (freq-cutoff)         5.0000000          :
          :   S6 in model hess.         20.0000000          :
          ...................................................

generating ANC from model Hessian ...
Using Lindh-Hessian (1995)
 Shifting diagonal of input Hessian by   8.179177793519324E-004
 Lowest  eigenvalues of input Hessian
   -0.000000   -0.000000   -0.000000   -0.000000   -0.000000    0.000000
    0.005000    0.005785    0.011886    0.015424    0.021137    0.022818
    0.027418    0.038367    0.046414    0.052047    0.054474    0.056954
 Highest eigenvalues
    1.361107    1.447018    1.509975    1.732392    1.839058    2.014367
 

........................................................................
.............................. CYCLE    1 ..............................
........................................................................
   1    -29.9266179 -0.299266E+02  0.573E-05    2.85       0.0  T
   2    -29.9266179 -0.533618E-11  0.308E-05    2.85     765.4  T
   3    -29.9266179  0.147082E-11  0.219E-05    2.85    1075.7  T
     SCC iter.                  ...        0 min,  0.003 sec
     gradient                   ...        0 min,  0.010 sec
 * total energy  :   -29.5993943 Eh     change        0.1485876E-08 Eh
   gradient norm :     0.0428974 Eh/α   predicted     0.0000000E+00 (-100.00%)
   displ. norm   :     0.2711198 α      lambda       -0.4707330E-02
   maximum displ.:     0.1607332 α      in ANC's #7, #6, #2, ...

........................................................................
.............................. CYCLE    2 ..............................
........................................................................
   1    -29.9349445 -0.299349E+02  0.645E-01    2.90       0.0  T
   2    -29.9350412 -0.967766E-04  0.306E-01    2.89       1.0  T
   3    -29.9350258  0.154634E-04  0.665E-02    2.90       1.0  T
   4    -29.9350606 -0.348187E-04  0.399E-02    2.88       1.0  T
   5    -29.9350679 -0.735077E-05  0.734E-03    2.89       3.2  T
   6    -29.9350683 -0.364446E-06  0.288E-03    2.89       8.2  T
   7    -29.9350684 -0.555001E-07  0.153E-03    2.89      15.4  T
     SCC iter.                  ...        0 min,  0.006 sec
     gradient                   ...        0 min,  0.010 sec
 * total energy  :   -29.6020597 Eh     change       -0.2665368E-02 Eh
   gradient norm :     0.0175534 Eh/α   predicted    -0.2526677E-02 (  -5.20%)
   displ. norm   :     0.1326984 α      lambda       -0.8521285E-03
   maximum displ.:     0.0618874 α      in ANC's #3, #4, #2, ...

........................................................................
.............................. CYCLE    3 ..............................
........................................................................
   1    -29.9389263 -0.299389E+02  0.184E-01    2.92       0.0  T
   2    -29.9389396 -0.132515E-04  0.952E-02    2.90       1.0  T
   3    -29.9389165  0.230638E-04  0.471E-02    2.91       1.0  T
   4    -29.9389483 -0.318359E-04  0.138E-02    2.90       1.7  T
   5    -29.9389486 -0.268512E-06  0.479E-03    2.90       4.9  T
   6    -29.9389487 -0.139853E-06  0.112E-03    2.90      21.0  T
   7    -29.9389487 -0.358369E-08  0.641E-04    2.90      36.8  T
     SCC iter.                  ...        0 min,  0.006 sec
     gradient                   ...        0 min,  0.010 sec
 * total energy  :   -29.6025762 Eh     change       -0.5165676E-03 Eh
   gradient norm :     0.0069763 Eh/α   predicted    -0.4335651E-03 ( -16.07%)
   displ. norm   :     0.1021237 α      lambda       -0.2160505E-03
   maximum displ.:     0.0556746 α      in ANC's #3, #4, #2, ...

........................................................................
.............................. CYCLE    4 ..............................
........................................................................
   1    -29.9389403 -0.299389E+02  0.105E-01    2.91       0.0  T
   2    -29.9389427 -0.239535E-05  0.558E-02    2.90       1.0  T
   3    -29.9389392  0.355482E-05  0.196E-02    2.91       1.2  T
   4    -29.9389438 -0.459530E-05  0.807E-03    2.91       2.9  T
   5    -29.9389439 -0.167556E-06  0.268E-03    2.91       8.8  T
   6    -29.9389440 -0.479118E-07  0.727E-04    2.91      32.4  T
     SCC iter.                  ...        0 min,  0.005 sec
     gradient                   ...        0 min,  0.010 sec
 * total energy  :   -29.6027132 Eh     change       -0.1369872E-03 Eh
   gradient norm :     0.0035040 Eh/α   predicted    -0.1091534E-03 ( -20.32%)
   displ. norm   :     0.0877428 α      lambda       -0.7645330E-04
   maximum displ.:     0.0618202 α      in ANC's #3, #2, #1, ...

........................................................................
.............................. CYCLE    5 ..............................
........................................................................
   1    -29.9383508 -0.299384E+02  0.121E-01    2.90       0.0  T
   2    -29.9383534 -0.261655E-05  0.600E-02    2.90       1.0  T
   3    -29.9383533  0.177956E-06  0.128E-02    2.90       1.8  T
   4    -29.9383539 -0.614321E-06  0.814E-03    2.90       2.9  T
   5    -29.9383542 -0.356289E-06  0.178E-03    2.90      13.2  T
   6    -29.9383543 -0.233644E-07  0.656E-04    2.90      35.9  T
   7    -29.9383543 -0.428830E-09  0.335E-04    2.90      70.4  T
     SCC iter.                  ...        0 min,  0.006 sec
     gradient                   ...        0 min,  0.010 sec
 * total energy  :   -29.6027653 Eh     change       -0.5209773E-04 Eh
   gradient norm :     0.0021583 Eh/α   predicted    -0.3851905E-04 ( -26.06%)
   displ. norm   :     0.0921811 α      lambda       -0.4857524E-04
   maximum displ.:     0.0622671 α      in ANC's #3, #1, #2, ...

........................................................................
.............................. CYCLE    6 ..............................
........................................................................
   1    -29.9379951 -0.299380E+02  0.145E-01    2.90       0.0  T
   2    -29.9379988 -0.374364E-05  0.704E-02    2.90       1.0  T
   3    -29.9379975  0.135796E-05  0.169E-02    2.90       1.4  T
   4    -29.9380000 -0.252488E-05  0.890E-03    2.90       2.6  T
   5    -29.9380002 -0.189317E-06  0.198E-03    2.90      11.9  T
   6    -29.9380002 -0.276240E-07  0.991E-04    2.90      23.8  T
   7    -29.9380002 -0.562655E-08  0.550E-04    2.90      42.9  T
     SCC iter.                  ...        0 min,  0.006 sec
     gradient                   ...        0 min,  0.010 sec
 * total energy  :   -29.6028048 Eh     change       -0.3949871E-04 Eh
   gradient norm :     0.0021605 Eh/α   predicted    -0.2449346E-04 ( -37.99%)
   displ. norm   :     0.1642656 α      lambda       -0.7660848E-04
   maximum displ.:     0.1004095 α      in ANC's #1, #3, #2, ...

........................................................................
.............................. CYCLE    7 ..............................
........................................................................
   1    -29.9375846 -0.299376E+02  0.264E-01    2.89       0.0  T
   2    -29.9375967 -0.120955E-04  0.128E-01    2.90       1.0  T
   3    -29.9375935  0.320985E-05  0.299E-02    2.89       1.0  T
   4    -29.9376003 -0.683621E-05  0.164E-02    2.90       1.4  T
   5    -29.9376010 -0.717504E-06  0.297E-03    2.90       7.9  T
   6    -29.9376011 -0.548342E-07  0.178E-03    2.90      13.3  T
   7    -29.9376011 -0.177942E-07  0.905E-04    2.90      26.1  T
   8    -29.9376011 -0.205570E-08  0.254E-04    2.90      92.8  T
     SCC iter.                  ...        0 min,  0.007 sec
     gradient                   ...        0 min,  0.010 sec
 * total energy  :   -29.6028718 Eh     change       -0.6700102E-04 Eh
   gradient norm :     0.0039327 Eh/α   predicted    -0.3933673E-04 ( -41.29%)
   displ. norm   :     0.3984526 α      lambda       -0.1800210E-03
   maximum displ.:     0.2537562 α      in ANC's #1, #3, #2, ...

........................................................................
.............................. CYCLE    8 ..............................
........................................................................
   1    -29.9352626 -0.299353E+02  0.631E-01    2.88       0.0  T
   2    -29.9353316 -0.690443E-04  0.307E-01    2.89       1.0  T
   3    -29.9353230  0.866409E-05  0.688E-02    2.88       1.0  T
   4    -29.9353491 -0.260941E-04  0.405E-02    2.89       1.0  T
   5    -29.9353553 -0.620114E-05  0.611E-03    2.89       3.9  T
   6    -29.9353554 -0.121321E-06  0.398E-03    2.89       5.9  T
   7    -29.9353554 -0.621028E-07  0.211E-03    2.89      11.2  T
   8    -29.9353555 -0.222000E-07  0.655E-04    2.89      36.0  T
   9    -29.9353555 -0.872920E-09  0.307E-04    2.89      76.7  T
     SCC iter.                  ...        0 min,  0.007 sec
     gradient                   ...        0 min,  0.010 sec
 * total energy  :   -29.6029902 Eh     change       -0.1183414E-03 Eh
   gradient norm :     0.0103759 Eh/α   predicted    -0.1043069E-03 ( -11.86%)
   displ. norm   :     0.1406391 α      lambda       -0.1298961E-03
   maximum displ.:     0.1009109 α      in ANC's #1, #3, #4, ...

........................................................................
.............................. CYCLE    9 ..............................
........................................................................
   1    -29.9360799 -0.299361E+02  0.208E-01    2.88       0.0  T
   2    -29.9360876 -0.774888E-05  0.102E-01    2.89       1.0  T
   3    -29.9360865  0.111169E-05  0.239E-02    2.89       1.0  T
   4    -29.9360896 -0.306815E-05  0.140E-02    2.89       1.7  T
   5    -29.9360903 -0.719925E-06  0.238E-03    2.89       9.9  T
   6    -29.9360903 -0.317827E-07  0.132E-03    2.89      17.8  T
     SCC iter.                  ...        0 min,  0.005 sec
     gradient                   ...        0 min,  0.010 sec
 * total energy  :   -29.6031112 Eh     change       -0.1209831E-03 Eh
   gradient norm :     0.0106922 Eh/α   predicted    -0.6623095E-04 ( -45.26%)
   displ. norm   :     0.4169535 α      lambda       -0.6737919E-03
   maximum displ.:     0.3223391 α      in ANC's #1, #4, #3, ...

........................................................................
.............................. CYCLE   10 ..............................
........................................................................
   1    -29.9405586 -0.299406E+02  0.551E-01    2.88       0.0  T
   2    -29.9406189 -0.603299E-04  0.273E-01    2.89       1.0  T
   3    -29.9406079  0.110008E-04  0.687E-02    2.89       1.0  T
   4    -29.9406337 -0.257916E-04  0.396E-02    2.89       1.0  T
   5    -29.9406389 -0.525839E-05  0.103E-02    2.89       2.3  T
   6    -29.9406399 -0.938356E-06  0.407E-03    2.89       5.8  T
   7    -29.9406399  0.115705E-08  0.259E-03    2.89       9.1  T
   8    -29.9406399 -0.389114E-07  0.959E-04    2.89      24.6  T
     SCC iter.                  ...        0 min,  0.007 sec
     gradient                   ...        0 min,  0.010 sec
 * total energy  :   -29.6036260 Eh     change       -0.5148570E-03 Eh
   gradient norm :     0.0065981 Eh/α   predicted    -0.3954658E-03 ( -23.19%)
   displ. norm   :     0.8233315 α      lambda       -0.8496569E-03
   maximum displ.:     0.6276042 α      in ANC's #1, #3, #4, ...

........................................................................
.............................. CYCLE   11 ..............................
........................................................................
   1    -29.9307466 -0.299307E+02  0.117E+00    2.88       0.0  T
   2    -29.9310231 -0.276498E-03  0.571E-01    2.89       1.0  T
   3    -29.9309935  0.295504E-04  0.135E-01    2.90       1.0  T
   4    -29.9310878 -0.942624E-04  0.804E-02    2.89       1.0  T
   5    -29.9311122 -0.244158E-04  0.178E-02    2.89       1.3  T
   6    -29.9311150 -0.276725E-05  0.813E-03    2.89       2.9  T
   7    -29.9311150 -0.300683E-07  0.526E-03    2.89       4.5  T
   8    -29.9311152 -0.186632E-06  0.172E-03    2.89      13.7  T
   9    -29.9311152 -0.782357E-08  0.795E-04    2.89      29.6  T
     SCC iter.                  ...        0 min,  0.007 sec
     gradient                   ...        0 min,  0.010 sec
 * total energy  :   -29.6038182 Eh     change       -0.1921748E-03 Eh
   gradient norm :     0.0215987 Eh/α   predicted    -0.7128037E-03 ( 270.91%)
   displ. norm   :     0.1872780 α      lambda       -0.1120669E-02
   maximum displ.:     0.1078391 α      in ANC's #3, #2, #4, ...

........................................................................
.............................. CYCLE   12 ..............................
........................................................................
   1    -29.9390148 -0.299390E+02  0.254E-01    2.90       0.0  T
   2    -29.9390285 -0.136985E-04  0.133E-01    2.90       1.0  T
   3    -29.9390301 -0.159615E-05  0.286E-02    2.90       1.0  T
   4    -29.9390311 -0.976261E-06  0.171E-02    2.90       1.4  T
   5    -29.9390321 -0.100420E-05  0.687E-03    2.90       3.4  T
   6    -29.9390326 -0.520889E-06  0.215E-03    2.90      11.0  T
   7    -29.9390326 -0.917327E-08  0.130E-03    2.90      18.1  T
     SCC iter.                  ...        0 min,  0.006 sec
     gradient                   ...        0 min,  0.010 sec
 * total energy  :   -29.6043413 Eh     change       -0.5230846E-03 Eh
   gradient norm :     0.0064265 Eh/α   predicted    -0.5799876E-03 (  10.88%)
   displ. norm   :     0.3054446 α      lambda       -0.3033456E-03
   maximum displ.:     0.2511413 α      in ANC's #1, #4, #3, ...

........................................................................
.............................. CYCLE   13 ..............................
........................................................................
   1    -29.9375878 -0.299376E+02  0.419E-01    2.90       0.0  T
   2    -29.9376260 -0.382049E-04  0.202E-01    2.91       1.0  T
   3    -29.9376276 -0.159410E-05  0.419E-02    2.91       1.0  T
   4    -29.9376330 -0.540947E-05  0.265E-02    2.91       1.0  T
   5    -29.9376367 -0.370362E-05  0.594E-03    2.91       4.0  T
   6    -29.9376369 -0.222752E-06  0.263E-03    2.91       9.0  T
   7    -29.9376369  0.453518E-09  0.164E-03    2.91      14.4  T
     SCC iter.                  ...        0 min,  0.006 sec
     gradient                   ...        0 min,  0.010 sec
 * total energy  :   -29.6045946 Eh     change       -0.2533260E-03 Eh
   gradient norm :     0.0067062 Eh/α   predicted    -0.1658217E-03 ( -34.54%)
   displ. norm   :     0.5226386 α      lambda       -0.4646995E-03
   maximum displ.:     0.4211013 α      in ANC's #1, #3, #4, ...

........................................................................
.............................. CYCLE   14 ..............................
........................................................................
   1    -29.9337806 -0.299338E+02  0.716E-01    2.91       0.0  T
   2    -29.9338952 -0.114657E-03  0.345E-01    2.91       1.0  T
   3    -29.9339147 -0.194249E-04  0.641E-02    2.91       1.0  T
   4    -29.9339114  0.330172E-05  0.423E-02    2.92       1.0  T
   5    -29.9339249 -0.135909E-04  0.109E-02    2.92       2.2  T
   6    -29.9339259 -0.988719E-06  0.430E-03    2.92       5.5  T
   7    -29.9339259 -0.890180E-08  0.190E-03    2.92      12.4  T
   8    -29.9339259 -0.813791E-08  0.940E-04    2.92      25.1  T
     SCC iter.                  ...        0 min,  0.007 sec
     gradient                   ...        0 min,  0.010 sec
 * total energy  :   -29.6048370 Eh     change       -0.2423524E-03 Eh
   gradient norm :     0.0121412 Eh/α   predicted    -0.2958054E-03 (  22.06%)
   displ. norm   :     0.0813597 α      lambda       -0.3356988E-03
   maximum displ.:     0.0495420 α      in ANC's #1, #4, #29, ...

........................................................................
.............................. CYCLE   15 ..............................
........................................................................
   1    -29.9382744 -0.299383E+02  0.113E-01    2.92       0.0  T
   2    -29.9382804 -0.601318E-05  0.555E-02    2.92       1.0  T
   3    -29.9382753  0.504948E-05  0.230E-02    2.92       1.0  T
   4    -29.9382828 -0.749314E-05  0.740E-03    2.92       3.2  T
   5    -29.9382829 -0.951212E-07  0.329E-03    2.92       7.2  T
   6    -29.9382830 -0.758997E-07  0.101E-03    2.92      23.3  T
   7    -29.9382830 -0.561286E-08  0.514E-04    2.92      45.9  T
     SCC iter.                  ...        0 min,  0.006 sec
     gradient                   ...        0 min,  0.010 sec
 * total energy  :   -29.6050266 Eh     change       -0.1896363E-03 Eh
   gradient norm :     0.0079302 Eh/α   predicted    -0.1689624E-03 ( -10.90%)
   displ. norm   :     0.2503352 α      lambda       -0.3684339E-03
   maximum displ.:     0.1911345 α      in ANC's #1, #3, #6, ...

........................................................................
.............................. CYCLE   16 ..............................
........................................................................
   1    -29.9414454 -0.299414E+02  0.375E-01    2.92       0.0  T
   2    -29.9414789 -0.335178E-04  0.179E-01    2.93       1.0  T
   3    -29.9414816 -0.272323E-05  0.326E-02    2.93       1.0  T
   4    -29.9414855 -0.391847E-05  0.203E-02    2.93       1.2  T
   5    -29.9414876 -0.201415E-05  0.503E-03    2.93       4.7  T
   6    -29.9414878 -0.208163E-06  0.201E-03    2.93      11.7  T
   7    -29.9414878 -0.438913E-08  0.126E-03    2.93      18.7  T
     SCC iter.                  ...        0 min,  0.006 sec
     gradient                   ...        0 min,  0.010 sec
 * total energy  :   -29.6052373 Eh     change       -0.2107142E-03 Eh
   gradient norm :     0.0096877 Eh/α   predicted    -0.1957585E-03 (  -7.10%)
   displ. norm   :     0.3706507 α      lambda       -0.2849751E-03
   maximum displ.:     0.2876005 α      in ANC's #1, #3, #4, ...

........................................................................
.............................. CYCLE   17 ..............................
........................................................................
   1    -29.9386355 -0.299386E+02  0.539E-01    2.93       0.0  T
   2    -29.9387067 -0.711498E-04  0.256E-01    2.94       1.0  T
   3    -29.9387204 -0.137280E-04  0.428E-02    2.94       1.0  T
   4    -29.9387166  0.383507E-05  0.293E-02    2.94       1.0  T
   5    -29.9387246 -0.797749E-05  0.555E-03    2.94       4.2  T
   6    -29.9387247 -0.154652E-06  0.283E-03    2.94       8.3  T
   7    -29.9387247 -0.293400E-08  0.127E-03    2.94      18.6  T
     SCC iter.                  ...        0 min,  0.006 sec
     gradient                   ...        0 min,  0.010 sec
 * total energy  :   -29.6053975 Eh     change       -0.1602452E-03 Eh
   gradient norm :     0.0106308 Eh/α   predicted    -0.1620646E-03 (   1.14%)
   displ. norm   :     0.1070058 α      lambda       -0.3129019E-03
   maximum displ.:     0.0531382 α      in ANC's #1, #8, #7, ...

........................................................................
.............................. CYCLE   18 ..............................
........................................................................
   1    -29.9414070 -0.299414E+02  0.166E-01    2.94       0.0  T
   2    -29.9414152 -0.815160E-05  0.804E-02    2.94       1.0  T
   3    -29.9414149  0.290277E-06  0.180E-02    2.94       1.3  T
   4    -29.9414169 -0.199736E-05  0.102E-02    2.95       2.3  T
   5    -29.9414173 -0.366874E-06  0.355E-03    2.95       6.6  T
   6    -29.9414174 -0.102605E-06  0.101E-03    2.94      23.2  T
   7    -29.9414174 -0.330555E-08  0.569E-04    2.94      41.4  T
     SCC iter.                  ...        0 min,  0.006 sec
     gradient                   ...        0 min,  0.010 sec
 * total energy  :   -29.6055970 Eh     change       -0.1994424E-03 Eh
   gradient norm :     0.0049117 Eh/α   predicted    -0.1582420E-03 ( -20.66%)
   displ. norm   :     0.2176691 α      lambda       -0.1786049E-03
   maximum displ.:     0.1518043 α      in ANC's #1, #3, #7, ...

........................................................................
.............................. CYCLE   19 ..............................
........................................................................
   1    -29.9416319 -0.299416E+02  0.361E-01    2.95       0.0  T
   2    -29.9416662 -0.342219E-04  0.170E-01    2.95       1.0  T
   3    -29.9416675 -0.135354E-05  0.327E-02    2.95       1.0  T
   4    -29.9416738 -0.628457E-05  0.187E-02    2.95       1.3  T
   5    -29.9416752 -0.135919E-05  0.392E-03    2.95       6.0  T
   6    -29.9416752 -0.866821E-07  0.184E-03    2.95      12.8  T
   7    -29.9416753 -0.159129E-07  0.106E-03    2.95      22.2  T
     SCC iter.                  ...        0 min,  0.006 sec
     gradient                   ...        0 min,  0.010 sec
 * total energy  :   -29.6057212 Eh     change       -0.1242439E-03 Eh
   gradient norm :     0.0046378 Eh/α   predicted    -0.9353416E-04 ( -24.72%)
   displ. norm   :     0.1680450 α      lambda       -0.1616644E-03
   maximum displ.:     0.1037172 α      in ANC's #1, #2, #7, ...

........................................................................
.............................. CYCLE   20 ..............................
........................................................................
   1    -29.9420442 -0.299420E+02  0.276E-01    2.95       0.0  T
   2    -29.9420641 -0.199171E-04  0.133E-01    2.96       1.0  T
   3    -29.9420612  0.294547E-05  0.316E-02    2.96       1.0  T
   4    -29.9420692 -0.805107E-05  0.161E-02    2.96       1.5  T
   5    -29.9420700 -0.754834E-06  0.311E-03    2.96       7.6  T
   6    -29.9420700 -0.754062E-07  0.132E-03    2.96      17.9  T
   7    -29.9420700 -0.101905E-07  0.716E-04    2.96      32.9  T
     SCC iter.                  ...        0 min,  0.006 sec
     gradient                   ...        0 min,  0.010 sec
 * total energy  :   -29.6058270 Eh     change       -0.1057586E-03 Eh
   gradient norm :     0.0046156 Eh/α   predicted    -0.8311277E-04 ( -21.41%)
   displ. norm   :     0.1666508 α      lambda       -0.9589136E-04
   maximum displ.:     0.1082028 α      in ANC's #1, #2, #7, ...
 * RMSD in coord.:     0.9105256 α      energy gain  -0.6432679E-02 Eh

generating ANC from model Hessian ...
Using Lindh-Hessian (1995)
 Shifting diagonal of input Hessian by   9.331520178729171E-004
 Lowest  eigenvalues of input Hessian
   -0.000000   -0.000000   -0.000000   -0.000000    0.000000    0.000000
    0.005000    0.006214    0.012909    0.014431    0.021680    0.022765
    0.024798    0.034943    0.046594    0.051456    0.054108    0.056231
 Highest eigenvalues
    1.354910    1.449913    1.526118    1.756298    1.833781    1.999708
 

........................................................................
.............................. CYCLE   21 ..............................
........................................................................
   1    -29.9412035 -0.299412E+02  0.274E-01    2.96       0.0  T
   2    -29.9412233 -0.198427E-04  0.130E-01    2.96       1.0  T
   3    -29.9412230  0.329626E-06  0.272E-02    2.97       1.0  T
   4    -29.9412278 -0.478827E-05  0.154E-02    2.96       1.5  T
   5    -29.9412287 -0.929047E-06  0.273E-03    2.96       8.6  T
   6    -29.9412288 -0.613844E-07  0.136E-03    2.96      17.3  T
   7    -29.9412288 -0.130053E-07  0.627E-04    2.96      37.6  T
   8    -29.9412288 -0.119778E-08  0.159E-04    2.96     148.7  T
     SCC iter.                  ...        0 min,  0.007 sec
     gradient                   ...        0 min,  0.010 sec
 * total energy  :   -29.6058879 Eh     change       -0.6093372E-04 Eh
   gradient norm :     0.0048866 Eh/α   predicted     0.0000000E+00 (-100.00%)
   displ. norm   :     0.0937837 α      lambda       -0.1120066E-03
   maximum displ.:     0.0707405 α      in ANC's #2, #4, #1, ...

........................................................................
.............................. CYCLE   22 ..............................
........................................................................
   1    -29.9413308 -0.299413E+02  0.123E-01    2.97       0.0  T
   2    -29.9413339 -0.317439E-05  0.617E-02    2.97       1.0  T
   3    -29.9413340 -0.986465E-07  0.128E-02    2.97       1.8  T
   4    -29.9413343 -0.224566E-06  0.782E-03    2.97       3.0  T
   5    -29.9413347 -0.447825E-06  0.163E-03    2.97      14.5  T
   6    -29.9413347 -0.304199E-07  0.549E-04    2.97      43.0  T
     SCC iter.                  ...        0 min,  0.005 sec
     gradient                   ...        0 min,  0.010 sec
 * total energy  :   -29.6059642 Eh     change       -0.7625708E-04 Eh
   gradient norm :     0.0022412 Eh/α   predicted    -0.5649499E-04 ( -25.92%)
   displ. norm   :     0.0530942 α      lambda       -0.3683231E-04
   maximum displ.:     0.0353484 α      in ANC's #2, #4, #8, ...

........................................................................
.............................. CYCLE   23 ..............................
........................................................................
   1    -29.9414249 -0.299414E+02  0.565E-02    2.97       0.0  T
   2    -29.9414255 -0.663219E-06  0.304E-02    2.97       1.0  T
   3    -29.9414253  0.232723E-06  0.759E-03    2.97       3.1  T
   4    -29.9414256 -0.350217E-06  0.401E-03    2.97       5.9  T
   5    -29.9414257 -0.633387E-07  0.136E-03    2.97      17.4  T
   6    -29.9414257 -0.218540E-07  0.392E-04    2.97      60.2  T
   7    -29.9414257 -0.593761E-09  0.245E-04    2.97      96.2  T
     SCC iter.                  ...        0 min,  0.006 sec
     gradient                   ...        0 min,  0.010 sec
 * total energy  :   -29.6059887 Eh     change       -0.2451885E-04 Eh
   gradient norm :     0.0010631 Eh/α   predicted    -0.1846749E-04 ( -24.68%)
   displ. norm   :     0.0732642 α      lambda       -0.1654612E-04
   maximum displ.:     0.0547027 α      in ANC's #2, #4, #5, ...

........................................................................
.............................. CYCLE   24 ..............................
........................................................................
   1    -29.9414253 -0.299414E+02  0.106E-01    2.98       0.0  T
   2    -29.9414277 -0.248221E-05  0.540E-02    2.98       1.0  T
   3    -29.9414279 -0.180333E-06  0.113E-02    2.98       2.1  T
   4    -29.9414281 -0.198135E-06  0.674E-03    2.98       3.5  T
   5    -29.9414284 -0.242287E-06  0.175E-03    2.98      13.5  T
   6    -29.9414284 -0.406711E-07  0.595E-04    2.98      39.6  T
   7    -29.9414284 -0.928122E-09  0.338E-04    2.98      69.7  T
     SCC iter.                  ...        0 min,  0.006 sec
     gradient                   ...        0 min,  0.010 sec
 * total energy  :   -29.6060019 Eh     change       -0.1321676E-04 Eh
   gradient norm :     0.0014981 Eh/α   predicted    -0.8290870E-05 ( -37.27%)
   displ. norm   :     0.0261009 α      lambda       -0.5664996E-05
   maximum displ.:     0.0204720 α      in ANC's #2, #6, #8, ...

........................................................................
.............................. CYCLE   25 ..............................
........................................................................
   1    -29.9414816 -0.299415E+02  0.372E-02    2.98       0.0  T
   2    -29.9414819 -0.306635E-06  0.192E-02    2.98       1.2  T
   3    -29.9414819 -0.202583E-07  0.407E-03    2.98       5.8  T
   4    -29.9414819 -0.106739E-07  0.270E-03    2.98       8.7  T
   5    -29.9414820 -0.591923E-07  0.359E-04    2.98      65.6  T
   6    -29.9414820 -0.701885E-09  0.172E-04    2.98     136.7  T
     SCC iter.                  ...        0 min,  0.005 sec
     gradient                   ...        0 min,  0.010 sec
 * total energy  :   -29.6060067 Eh     change       -0.4812509E-05 Eh
   gradient norm :     0.0007604 Eh/α   predicted    -0.2835094E-05 ( -41.09%)
   displ. norm   :     0.0180249 α      lambda       -0.2155087E-05
   maximum displ.:     0.0107719 α      in ANC's #2, #3, #5, ...

   *** GEOMETRY OPTIMIZATION CONVERGED AFTER 25 ITERATIONS ***

------------------------------------------------------------------------
 total energy gain   :        -0.0066124 Eh       -4.1494 kcal/mol
 total RMSD          :         0.9057380 a0        0.4793 Å
 total power (kW/mol):        -0.6944360 (step)  -29.0932 (real)
------------------------------------------------------------------------

 ANCopt (total)                0 d,  0 h,  0 min,  0.597 sec
 optimizer setup                ...        0 min,  0.000 sec (  0.024%)
 model hessian                  ...        0 min,  0.010 sec (  1.613%)
 ANC generation                 ...        0 min,  0.001 sec (  0.163%)
 coordinate transformation      ...        0 min,  0.000 sec (  0.056%)
 single point calculation       ...        0 min,  0.577 sec ( 96.654%)
 optimization log               ...        0 min,  0.002 sec (  0.342%)
 hessian update                 ...        0 min,  0.000 sec (  0.047%)
 rational function              ...        0 min,  0.005 sec (  0.825%)

================
 final structure:
================
$coord
   -3.04028264463796    2.36127520019374   -0.18881989942396      C 
   -5.47860688253678    0.43868734853522    0.73598781813355      S 
   -3.54279258341059   -2.16748705519326    0.63419915608491      C 
   -1.15153431844344   -1.58592293499104   -0.11362035886145      C 
   -0.86078354516950    1.05981574652939   -0.60489720110030      C 
    1.28797900814372    2.18951366344037   -1.50106458208319      O 
    3.26309365410184    2.48450662377153    0.27625407130986      C 
    4.09107788506150   -0.01044514024189    1.49786525262828      C 
    4.11060970112489   -2.13392250197766   -0.44355490691556      C 
    1.16196665580369   -3.95002780259372   -0.46103547805689      S 
   -3.33615792560323    4.34838959383594   -0.43886954674913      H 
   -4.27565283102777   -3.99668451124193    1.09274322202704      H 
    2.70852866701039    3.84288239650628    1.74720697200128      H 
    4.81256206926651    3.29094024178392   -0.82587343987272      H 
    2.81839914355121   -0.49974641066362    3.04827720208405      H 
    5.97621772518284    0.24803788530846    2.29312138826725      H 
    5.54280704526968   -3.54820971192289   -0.01216192092546      H 
    4.42736703440701   -1.40406294503851   -2.34352441637443      H 
$end
           -------------------------------------------------
          |                Final Singlepoint                |
           -------------------------------------------------

          ...................................................
          :                      SETUP                      :
          :.................................................:
          :  # basis functions                  60          :
          :  # atomic orbitals                  58          :
          :  # shells                           30          :
          :  # electrons                        54          :
          :  max. iterations                   250          :
          :  Hamiltonian                  GFN2-xTB          :
          :  restarted?                      false          :
          :  GBSA solvation                  false          :
          :  PC potential                    false          :
          :  electronic temp.          300.0000000     K    :
          :  accuracy                    1.0000000          :
          :  -> integral cutoff          0.2500000E+02      :
          :  -> integral neglect         0.1000000E-07      :
          :  -> SCF convergence          0.1000000E-05 Eh   :
          :  -> wf. convergence          0.1000000E-03 e    :
          :  Broyden damping             0.4000000          :
          ...................................................

 iter      E             dE          RMSdq      gap      omega  full diag
   1    -29.9414820 -0.299415E+02  0.878E-05    2.98       0.0  T
   2    -29.9414820 -0.277858E-10  0.578E-05    2.98     408.1  T
   3    -29.9414820 -0.592166E-10  0.232E-05    2.98    1015.0  T

   *** convergence criteria satisfied after 3 iterations ***

         #    Occupation            Energy/Eh            Energy/eV
      -------------------------------------------------------------
         1        2.0000           -0.7374053             -20.0658
       ...           ...                  ...                  ...
        21        2.0000           -0.4619470             -12.5702
        22        2.0000           -0.4540247             -12.3546
        23        2.0000           -0.4467041             -12.1554
        24        2.0000           -0.4211921             -11.4612
        25        2.0000           -0.4190558             -11.4031
        26        2.0000           -0.3960554             -10.7772
        27        2.0000           -0.3604544              -9.8085 (HOMO)
        28                         -0.2509668              -6.8292 (LUMO)
        29                         -0.2135625              -5.8113
        30                         -0.2078030              -5.6546
        31                         -0.1819064              -4.9499
        32                         -0.1447187              -3.9380
       ...                                ...                  ...
        58                          0.6778773              18.4460
      -------------------------------------------------------------
                  HL-Gap            0.1094876 Eh            2.9793 eV
             Fermi-level           -0.3057106 Eh           -8.3188 eV

 SCC (total)                   0 d,  0 h,  0 min,  0.021 sec
 SCC setup                      ...        0 min,  0.000 sec (  0.743%)
 Dispersion                     ...        0 min,  0.000 sec (  0.546%)
 integral evaluation            ...        0 min,  0.006 sec ( 31.167%)
 zeroth order Hamiltonian       ...        0 min,  0.000 sec (  0.585%)
 iterations                     ...        0 min,  0.003 sec ( 15.258%)
 molecular gradient             ...        0 min,  0.010 sec ( 49.963%)
 printout                       ...        0 min,  0.000 sec (  1.506%)

         :::::::::::::::::::::::::::::::::::::::::::::::::::::
         ::                     SUMMARY                     ::
         :::::::::::::::::::::::::::::::::::::::::::::::::::::
         :: total energy             -29.606006736325 Eh    ::
         :: gradient norm              0.000761103166 Eh/a0 ::
         :: HOMO-LUMO gap              2.979308769122 eV    ::
         ::.................................................::
         :: SCC energy               -29.941481970758 Eh    ::
         :: -> isotropic ES            0.019072530877 Eh    ::
         :: -> anisotropic ES          0.001353441929 Eh    ::
         :: -> anisotropic XC          0.010476547698 Eh    ::
         :: -> dispersion             -0.019109743440 Eh    ::
         :: repulsion energy           0.335385823988 Eh    ::
         :: add. restraining           0.000000000000 Eh    ::
         :::::::::::::::::::::::::::::::::::::::::::::::::::::

           -------------------------------------------------
          |                Property Printout                |
           -------------------------------------------------

    * Orbital Energies and Occupations

         #    Occupation            Energy/Eh            Energy/eV
      -------------------------------------------------------------
         1        2.0000           -0.7374053             -20.0658
       ...           ...                  ...                  ...
        15        2.0000           -0.5121918             -13.9374
        16        2.0000           -0.5077655             -13.8170
        17        2.0000           -0.4921192             -13.3912
        18        2.0000           -0.4901706             -13.3382
        19        2.0000           -0.4799838             -13.0610
        20        2.0000           -0.4757700             -12.9464
        21        2.0000           -0.4619470             -12.5702
        22        2.0000           -0.4540247             -12.3546
        23        2.0000           -0.4467041             -12.1554
        24        2.0000           -0.4211921             -11.4612
        25        2.0000           -0.4190558             -11.4031
        26        2.0000           -0.3960554             -10.7772
        27        2.0000           -0.3604544              -9.8085 (HOMO)
        28                         -0.2509668              -6.8292 (LUMO)
        29                         -0.2135625              -5.8113
        30                         -0.2078030              -5.6546
        31                         -0.1819064              -4.9499
        32                         -0.1447187              -3.9380
        33                         -0.1132680              -3.0822
        34                         -0.0197245              -0.5367
        35                         -0.0048962              -0.1332
        36                          0.0037632               0.1024
        37                          0.0216798               0.5899
        38                          0.0253865               0.6908
       ...                                ...                  ...
        58                          0.6778773              18.4460
      -------------------------------------------------------------
                  HL-Gap            0.1094876 Eh            2.9793 eV
             Fermi-level           -0.3057106 Eh           -8.3188 eV

     #   Z        covCN         q      C6AA      α(0)
     1   6 C      2.936    -0.050    29.229     8.867
     2  16 S      2.294    -0.015   141.668    20.033
     3   6 C      2.986    -0.041    29.006     8.835
     4   6 C      3.150     0.018    27.330     8.551
     5   6 C      3.074     0.124    25.207     8.232
     6   8 O      1.703    -0.299    18.971     5.881
     7   6 C      3.704     0.084    19.323     6.285
     8   6 C      3.822    -0.062    21.675     6.625
     9   6 C      3.795    -0.000    20.594     6.462
    10  16 S      2.027    -0.163   147.950    20.472
    11   1 H      0.926     0.060     2.202     2.321
    12   1 H      0.927     0.058     2.225     2.333
    13   1 H      0.923     0.027     2.629     2.536
    14   1 H      0.924     0.052     2.297     2.370
    15   1 H      0.924     0.050     2.314     2.379
    16   1 H      0.924     0.043     2.411     2.428
    17   1 H      0.925     0.053     2.287     2.365
    18   1 H      0.925     0.061     2.187     2.313

 Mol. C6AA /au·bohr⁶  :       5631.521624
 Mol. C8AA /au·bohr⁸  :     172703.227221
 Mol. α(0) /au        :        119.285505


Wiberg/Mayer (AO) data.
largest (>0.10) Wiberg bond orders for each atom
          total WBO             WBO to atom ...
     1  C   3.943        C    5 1.579    S    2 1.191    H   11 0.968    C    3 0.108
     2  S   2.639        C    1 1.191    C    3 1.178
     3  C   3.941        C    4 1.574    S    2 1.178    H   12 0.970    C    1 0.108
     4  C   3.960        C    3 1.574    C    5 1.186    S   10 1.042
     5  C   3.938        C    1 1.579    C    4 1.186    O    6 1.014
     6  O   2.137        C    5 1.014    C    7 0.962
     7  C   3.950        C    8 0.995    H   14 0.971    H   13 0.970    O    6 0.962
     8  C   3.996        C    9 1.014    C    7 0.995    H   15 0.974    H   16 0.972
     9  C   3.979        C    8 1.014    S   10 0.982    H   18 0.974    H   17 0.972
    10  S   2.243        C    4 1.042    C    9 0.982
    11  H   0.996        C    1 0.968
    12  H   0.997        C    3 0.970
    13  H   0.999        C    7 0.970
    14  H   0.996        C    7 0.971
    15  H   0.997        C    8 0.974
    16  H   0.998        C    8 0.972
    17  H   0.997        C    9 0.972
    18  H   0.996        C    9 0.974

molecular dipole:
                 x           y           z       tot (Debye)
 q only:        0.531       0.286       0.499
   full:        0.897       0.532       0.495       2.935
molecular quadrupole (traceless):
                xx          xy          yy          xz          yz          zz
 q only:        5.465       0.594      -2.989       1.013       0.848      -2.476
  q+dip:        3.602       0.729      -2.661       1.275       0.435      -0.941
   full:        4.110       1.137      -2.884       1.889       0.765      -1.226

           -------------------------------------------------
          |                Geometry Summary                 |
           -------------------------------------------------

      molecular mass/u    :      172.2596000
   center of mass at/Å    :       -0.1981387      -0.2308564       0.0064405
  moments of inertia/u·Å² :        0.2816058E+03   0.5998119E+03   0.8151831E+03
rotational constants/cm⁻¹ :        0.5986252E-01   0.2810486E-01   0.2067956E-01

 * 17 selected distances

     #   Z        #   Z                                     value/Å
     1   6 C      2  16 S                                 1.7144885
     2  16 S      3   6 C                                 1.7187986 (max)
     3   6 C      4   6 C                                 1.3610833
     1   6 C      5   6 C                                 1.3612444
     4   6 C      5   6 C                                 1.4322847
     5   6 C      6   8 O                                 1.3693850
     6   8 O      7   6 C                                 1.4146919
     7   6 C      8   6 C                                 1.5339457
     8   6 C      9   6 C                                 1.5225828
     1   6 C     11   1 H                                 1.0713312
     3   6 C     12   1 H                                 1.0706278 (min)
     7   6 C     13   1 H                                 1.0994197
     7   6 C     14   1 H                                 1.0929621
     8   6 C     15   1 H                                 1.0925818
     8   6 C     16   1 H                                 1.0913116
     9   6 C     17   1 H                                 1.0893211
     9   6 C     18   1 H                                 1.0900171

 * 4 distinct bonds (by element types)

   Z      Z             #   av. dist./Å        max./Å        min./Å
   1 H    6 C           8     1.0871965     1.0994197     1.0706278
   6 C    6 C           5     1.4422282     1.5339457     1.3610833
   6 C    8 O           2     1.3920384     1.4146919     1.3693850
   6 C   16 S           2     1.7166435     1.7187986     1.7144885


optimized geometry written to: xtbopt.xyz


           -------------------------------------------------
          | TOTAL ENERGY              -29.606006736325 Eh   |
          | GRADIENT NORM               0.000761103166 Eh/α |
          | HOMO-LUMO GAP               2.979308769122 eV   |
           -------------------------------------------------

------------------------------------------------------------------------
 * finished run on 2021/05/19 at 11:01:09.285     
------------------------------------------------------------------------
 total:
 * wall-time:     0 d,  0 h,  0 min,  0.667 sec
 *  cpu-time:     0 d,  0 h,  0 min,  0.665 sec
 * ratio c/w:     0.997 speedup
 SCF:
 * wall-time:     0 d,  0 h,  0 min,  0.030 sec
 *  cpu-time:     0 d,  0 h,  0 min,  0.030 sec
 * ratio c/w:     0.997 speedup
 ANC optimizer:
 * wall-time:     0 d,  0 h,  0 min,  0.618 sec
 *  cpu-time:     0 d,  0 h,  0 min,  0.616 sec
 * ratio c/w:     0.997 speedup

