      -----------------------------------------------------------      
     |                   =====================                   |     
     |                           x T B                           |     
     |                   =====================                   |     
     |                         S. Grimme                         |     
     |          Mulliken Center for Theoretical Chemistry        |     
     |                    University of Bonn                     |     
     |                Version 6.2 RC2 (SAW190805)                |     
      -----------------------------------------------------------      

   This program is distributed in the hope that it will be useful,
   but WITHOUT ANY WARRANTY; without even the implied warranty of
   MERCHANTABILITY or FITNESS FOR A PARTICULAR PURPOSE.
   
   FOR NON-COMMERCIAL, ACADEMIA USE ONLY.
   
   Cite this work as:
   * S. Grimme, C. Bannwarth, P. Shushkov, J. Chem. Theory Comput., 2017,
     13, 1989-2009. DOI: 10.1021/acs.jctc.7b00118
   * C. Bannwarth, S. Ehlert and S. Grimme., J. Chem. Theory Comput., 2019,
     15, 1652-1671. DOI: 10.1021/acs.jctc.8b01176
   * P. Pracht, E. Caldeweyher, S. Ehlert, S. Grimme, ChemRxiv, 2019, preprint.
     DOI: 10.26434/chemrxiv.8326202.v1
   
   for DFT-D4:
   * E. Caldeweyher, C. Bannwarth and S. Grimme, J. Chem. Phys., 2017,
     147, 034112. DOI: 10.1063/1.4993215
   * E. Caldeweyher, S. Ehlert, A. Hansen, H. Neugebauer, S. Spicher,
     C. Bannwarth and S. Grimme, J. Chem. Phys., 2019, 150, 154122.
     DOI: 10.1063/1.5090222
   
   for sTDA-xTB:
   * S. Grimme and C. Bannwarth, J. Chem. Phys., 2016, 145, 054103.
     DOI: 10.1063/1.4959605
   
   in the mass-spec context:
   * V. Asgeirsson, C. Bauer and S. Grimme, Chem. Sci., 2017, 8, 4879.
     DOI: 10.1039/c7sc00601b
   
   for metadynamics refer to:
   * S. Grimme, J. Chem. Theory Comput., 2019, 155, 2847-2862
     DOI: 10.1021/acs.jctc.9b00143
   
   with help from (in alphabetical order)
   C. Bannwarth, F. Bohle, G. Brandenburg, E. Caldeweyher, M. Checinski,
   S. Dohm, S. Ehlert, S. Ehrlich, F. März, H. Neugebauer, J. Pisarek,
   P. Pracht, P. Shushkov, and S. Spicher.
   
 * started run on 2021/05/19 at 10:58:53.947     

           -------------------------------------------------
          |                Calculation Setup                |
           -------------------------------------------------

          program call               : /ihome/ghutchison/geoffh/xtb/xtb 129.xyz -opt
          hostname                   : smp-n83
          coordinate file            : 129.xyz
          omp threads                :                     1
          number of atoms            :                    20
          number of electrons        :                    54
          charge                     :                     0
          spin                       :                   0.0
          first test random number   :      0.01133940180943


########################################################################
# WARNING! Please study the warnings concerning your input carefully
#  - the use of '-opt' is discouraged, please use '--opt' next time
########################################################################

           ------------------------------------------------- 
          |                 G F N 2 - x T B                 |
          | Geometry, Frequencies, Noncovalent interactions |
          |            JCTC 2019 parametrisation            |
           ------------------------------------------------- 
             KAB for C  - Si     :                1.0500
             KAB for H  - Pd     :                0.9500
             k(s)              :                1.8500
             k(p)              :                2.2300
             k(d)              :                2.2300
             k(f)              :                2.0000
             kEN (H0ij)        :               -2.0000
             D4 a1             :                0.5200
             D4 a2             :                5.0000
             D4 s6             :                1.0000
             D4 s8             :                2.7000
             D4 s9             :                5.0000
             alphaj            :                2.0000

  Z AO/shell   Hii/eV     exponent
  1     Wed Apr 25 08:07:45 CEST 2018   EN: 2.200 GM2: 0.406  GM3: 0.0800  RAES: 1.40
     1s    -10.707211    1.230000
  6     Wed Apr 25 08:07:45 CEST 2018   EN: 2.550 GM2: 0.538  GM3: 0.1500  RAES: 3.00
     2s    -13.970922    2.096432
     2p    -10.063292    1.800000
 16     Tue Apr 24 11:44:34 CEST 2018   EN: 2.580 GM2: 0.340  GM3:-0.0502  RAES: 3.10
     3s    -20.029654    1.981333
     3p    -11.377694    2.025643
     3d     -0.420282    1.702555

           ------------------------------------------------- 
          |        Self-Consistent Charge Iterations        |
           ------------------------------------------------- 

          ...................................................
          :                      SETUP                      :
          :.................................................:
          :  # basis functions                  62          :
          :  # atomic orbitals                  60          :
          :  # shells                           32          :
          :  # electrons                        54          :
          :  max. iterations                   250          :
          :  Hamiltonian                  GFN2-xTB          :
          :  restarted?                      false          :
          :  GBSA solvation                  false          :
          :  PC potential                    false          :
          :  electronic temp.          300.0000000     K    :
          :  accuracy                    1.0000000          :
          :  -> integral cutoff          0.2500000E+02      :
          :  -> integral neglect         0.1000000E-07      :
          :  -> SCF convergence          0.1000000E-05 Eh   :
          :  -> wf. convergence          0.1000000E-03 e    :
          :  Broyden damping             0.4000000          :
          ...................................................

 iter      E             dE          RMSdq      gap      omega  full diag
   1    -29.0470359 -0.290470E+02  0.394E+00    3.80       0.0  T
   2    -29.0756649 -0.286290E-01  0.229E+00    3.75       1.0  T
   3    -29.0759308 -0.265887E-03  0.823E-01    3.44       1.0  T
   4    -29.0784015 -0.247074E-02  0.315E-01    3.38       1.0  T
   5    -29.0783956  0.596325E-05  0.131E-01    3.40       1.0  T
   6    -29.0784757 -0.801170E-04  0.489E-02    3.41       1.0  T
   7    -29.0785049 -0.292213E-04  0.223E-02    3.42       1.0  T
   8    -29.0785060 -0.112592E-05  0.805E-03    3.41       2.8  T
   9    -29.0785065 -0.527206E-06  0.375E-03    3.41       6.0  T
  10    -29.0785066 -0.730851E-07  0.130E-03    3.41      17.2  T
  11    -29.0785066 -0.100010E-07  0.511E-04    3.41      43.7  T
  12    -29.0785066 -0.371855E-09  0.266E-04    3.41      84.1  T

   *** convergence criteria satisfied after 12 iterations ***

         #    Occupation            Energy/Eh            Energy/eV
      -------------------------------------------------------------
         1        2.0000           -0.7309911             -19.8913
       ...           ...                  ...                  ...
        21        2.0000           -0.4535330             -12.3413
        22        2.0000           -0.4464714             -12.1491
        23        2.0000           -0.4386789             -11.9371
        24        2.0000           -0.4361421             -11.8680
        25        2.0000           -0.3887125             -10.5774
        26        2.0000           -0.3855648             -10.4918
        27        2.0000           -0.3702261             -10.0744 (HOMO)
        28                         -0.2447878              -6.6610 (LUMO)
        29                         -0.2039789              -5.5505
        30                         -0.1980854              -5.3902
        31                         -0.1756519              -4.7797
        32                         -0.1238510              -3.3702
       ...                                ...                  ...
        60                          0.6648068              18.0903
      -------------------------------------------------------------
                  HL-Gap            0.1254383 Eh            3.4133 eV
             Fermi-level           -0.3075069 Eh           -8.3677 eV

 SCC (total)                   0 d,  0 h,  0 min,  0.031 sec
 SCC setup                      ...        0 min,  0.000 sec (  0.858%)
 Dispersion                     ...        0 min,  0.000 sec (  0.754%)
 integral evaluation            ...        0 min,  0.007 sec ( 23.734%)
 zeroth order Hamiltonian       ...        0 min,  0.000 sec (  0.503%)
 iterations                     ...        0 min,  0.012 sec ( 37.440%)
 molecular gradient             ...        0 min,  0.011 sec ( 35.407%)
 printout                       ...        0 min,  0.000 sec (  1.119%)

         :::::::::::::::::::::::::::::::::::::::::::::::::::::
         ::                     SUMMARY                     ::
         :::::::::::::::::::::::::::::::::::::::::::::::::::::
         :: total energy             -28.717165484940 Eh    ::
         :: gradient norm              0.044984402393 Eh/a0 ::
         :: HOMO-LUMO gap              3.413348911017 eV    ::
         ::.................................................::
         :: SCC energy               -29.078506625119 Eh    ::
         :: -> isotropic ES            0.005866002069 Eh    ::
         :: -> anisotropic ES          0.001946646096 Eh    ::
         :: -> anisotropic XC          0.014606407171 Eh    ::
         :: -> dispersion             -0.020411760061 Eh    ::
         :: repulsion energy           0.361194267580 Eh    ::
         :: add. restraining           0.000000000000 Eh    ::
         :::::::::::::::::::::::::::::::::::::::::::::::::::::

      ----------------------------------------------------------- 
     |                   =====================                   |
     |                        A N C O P T                        |
     |                   =====================                   |
     |               Approximate Normal Coordinate               |
     |                Rational Function Optimizer                |
      ----------------------------------------------------------- 

          ...................................................
          :                      SETUP                      :
          :.................................................:
          :   optimization level            normal          :
          :   max. optcycles                   200          :
          :   ANC micro-cycles                  20          :
          :   degrees of freedom                54          :
          :.................................................:
          :   RF solver                   davidson          :
          :   input Hessian                  false          :
          :   write xtbopt.log                true          :
          :   linear?                        false          :
          :   energy convergence         0.5000000E-05 Eh   :
          :   grad. convergence          0.1000000E-02 Eh/α :
          :   maximium RF displ.         2.0000000          :
          :   Hlow (freq-cutoff)         0.5000000E-02      :
          :   Hmax (freq-cutoff)         5.0000000          :
          :   S6 in model hess.         20.0000000          :
          ...................................................

generating ANC from model Hessian ...
Using Lindh-Hessian (1995)
 Shifting diagonal of input Hessian by   1.960585154458760E-003
 Lowest  eigenvalues of input Hessian
   -0.000000    0.000000    0.000000    0.000000    0.000000    0.000000
    0.005000    0.005224    0.007858    0.010372    0.014570    0.018956
    0.022383    0.025096    0.029833    0.032059    0.035719    0.048018
 Highest eigenvalues
    1.228043    1.363100    1.496020    1.647042    1.743805    1.818240
 

........................................................................
.............................. CYCLE    1 ..............................
........................................................................
   1    -29.0785066 -0.290785E+02  0.710E-05    3.41       0.0  T
   2    -29.0785066 -0.750688E-11  0.431E-05    3.41     519.1  T
   3    -29.0785066  0.128608E-11  0.288E-05    3.41     775.8  T
     SCC iter.                  ...        0 min,  0.003 sec
     gradient                   ...        0 min,  0.011 sec
 * total energy  :   -28.7171655 Eh     change        0.9868430E-08 Eh
   gradient norm :     0.0449847 Eh/α   predicted     0.0000000E+00 (-100.00%)
   displ. norm   :     0.3502940 α      lambda       -0.5309276E-02
   maximum displ.:     0.2357880 α      in ANC's #2, #4, #15, ...

........................................................................
.............................. CYCLE    2 ..............................
........................................................................
   1    -29.0975130 -0.290975E+02  0.247E-01    3.49       0.0  T
   2    -29.0975528 -0.397868E-04  0.131E-01    3.46       1.0  T
   3    -29.0975404  0.123836E-04  0.460E-02    3.47       1.0  T
   4    -29.0975567 -0.162372E-04  0.226E-02    3.47       1.0  T
   5    -29.0975605 -0.384743E-05  0.943E-03    3.46       2.4  T
   6    -29.0975608 -0.350686E-06  0.288E-03    3.46       7.8  T
   7    -29.0975609 -0.706717E-07  0.145E-03    3.46      15.4  T
     SCC iter.                  ...        0 min,  0.006 sec
     gradient                   ...        0 min,  0.011 sec
 * total energy  :   -28.7205659 Eh     change       -0.3400380E-02 Eh
   gradient norm :     0.0158402 Eh/α   predicted    -0.2980377E-02 ( -12.35%)
   displ. norm   :     0.3381320 α      lambda       -0.1594733E-02
   maximum displ.:     0.2187204 α      in ANC's #2, #4, #5, ...

........................................................................
.............................. CYCLE    3 ..............................
........................................................................
   1    -29.1049324 -0.291049E+02  0.214E-01    3.48       0.0  T
   2    -29.1049520 -0.195150E-04  0.109E-01    3.47       1.0  T
   3    -29.1049489  0.303195E-05  0.298E-02    3.46       1.0  T
   4    -29.1049537 -0.478020E-05  0.170E-02    3.47       1.3  T
   5    -29.1049559 -0.221420E-05  0.629E-03    3.46       3.6  T
   6    -29.1049561 -0.139123E-06  0.187E-03    3.46      11.9  T
   7    -29.1049561 -0.651653E-09  0.815E-04    3.46      27.4  T
     SCC iter.                  ...        0 min,  0.006 sec
     gradient                   ...        0 min,  0.011 sec
 * total energy  :   -28.7217486 Eh     change       -0.1182763E-02 Eh
   gradient norm :     0.0073837 Eh/α   predicted    -0.8885341E-03 ( -24.88%)
   displ. norm   :     0.4097192 α      lambda       -0.1178765E-02
   maximum displ.:     0.2702890 α      in ANC's #2, #4, #5, ...

........................................................................
.............................. CYCLE    4 ..............................
........................................................................
   1    -29.1050196 -0.291050E+02  0.257E-01    3.45       0.0  T
   2    -29.1050332 -0.135782E-04  0.135E-01    3.45       1.0  T
   3    -29.1050356 -0.237164E-05  0.257E-02    3.46       1.0  T
   4    -29.1050355  0.577788E-07  0.127E-02    3.46       1.8  T
   5    -29.1050362 -0.652959E-06  0.534E-03    3.46       4.2  T
   6    -29.1050364 -0.285565E-06  0.249E-03    3.46       9.0  T
   7    -29.1050364 -0.611560E-08  0.113E-03    3.46      19.8  T
     SCC iter.                  ...        0 min,  0.006 sec
     gradient                   ...        0 min,  0.011 sec
 * total energy  :   -28.7226258 Eh     change       -0.8771677E-03 Eh
   gradient norm :     0.0106144 Eh/α   predicted    -0.6883225E-03 ( -21.53%)
   displ. norm   :     0.3391012 α      lambda       -0.6768220E-03
   maximum displ.:     0.2283667 α      in ANC's #2, #5, #1, ...

........................................................................
.............................. CYCLE    5 ..............................
........................................................................
   1    -29.1034047 -0.291034E+02  0.244E-01    3.44       0.0  T
   2    -29.1034161 -0.114280E-04  0.125E-01    3.44       1.0  T
   3    -29.1034184 -0.231197E-05  0.225E-02    3.44       1.0  T
   4    -29.1034171  0.127679E-05  0.138E-02    3.44       1.6  T
   5    -29.1034194 -0.226461E-05  0.335E-03    3.44       6.7  T
   6    -29.1034194 -0.205998E-07  0.183E-03    3.44      12.2  T
   7    -29.1034194 -0.187271E-08  0.549E-04    3.44      40.7  T
     SCC iter.                  ...        0 min,  0.006 sec
     gradient                   ...        0 min,  0.011 sec
 * total energy  :   -28.7230825 Eh     change       -0.4567184E-03 Eh
   gradient norm :     0.0091101 Eh/α   predicted    -0.3773257E-03 ( -17.38%)
   displ. norm   :     0.2106215 α      lambda       -0.3079677E-03
   maximum displ.:     0.1350869 α      in ANC's #2, #1, #5, ...

........................................................................
.............................. CYCLE    6 ..............................
........................................................................
   1    -29.1036400 -0.291036E+02  0.176E-01    3.43       0.0  T
   2    -29.1036474 -0.732207E-05  0.888E-02    3.43       1.0  T
   3    -29.1036469  0.479311E-06  0.187E-02    3.44       1.2  T
   4    -29.1036489 -0.205570E-05  0.116E-02    3.44       1.9  T
   5    -29.1036496 -0.708545E-06  0.273E-03    3.44       8.2  T
   6    -29.1036497 -0.190225E-07  0.145E-03    3.44      15.4  T
     SCC iter.                  ...        0 min,  0.006 sec
     gradient                   ...        0 min,  0.011 sec
 * total energy  :   -28.7233041 Eh     change       -0.2216384E-03 Eh
   gradient norm :     0.0065717 Eh/α   predicted    -0.1608183E-03 ( -27.44%)
   displ. norm   :     0.1984337 α      lambda       -0.2262665E-03
   maximum displ.:     0.1456041 α      in ANC's #1, #2, #5, ...

........................................................................
.............................. CYCLE    7 ..............................
........................................................................
   1    -29.1044390 -0.291044E+02  0.173E-01    3.43       0.0  T
   2    -29.1044472 -0.819620E-05  0.865E-02    3.43       1.0  T
   3    -29.1044461  0.114916E-05  0.197E-02    3.44       1.1  T
   4    -29.1044490 -0.295927E-05  0.118E-02    3.43       1.9  T
   5    -29.1044497 -0.697738E-06  0.319E-03    3.44       7.0  T
   6    -29.1044498 -0.254713E-07  0.161E-03    3.44      13.9  T
   7    -29.1044498 -0.382635E-08  0.105E-03    3.44      21.2  T
     SCC iter.                  ...        0 min,  0.006 sec
     gradient                   ...        0 min,  0.011 sec
 * total energy  :   -28.7234799 Eh     change       -0.1757850E-03 Eh
   gradient norm :     0.0050424 Eh/α   predicted    -0.1176033E-03 ( -33.10%)
   displ. norm   :     0.2362609 α      lambda       -0.2251744E-03
   maximum displ.:     0.1859902 α      in ANC's #1, #2, #4, ...

........................................................................
.............................. CYCLE    8 ..............................
........................................................................
   1    -29.1051577 -0.291052E+02  0.211E-01    3.43       0.0  T
   2    -29.1051692 -0.115574E-04  0.106E-01    3.43       1.0  T
   3    -29.1051689  0.345741E-06  0.228E-02    3.43       1.0  T
   4    -29.1051714 -0.249541E-05  0.145E-02    3.43       1.5  T
   5    -29.1051726 -0.123363E-05  0.365E-03    3.43       6.1  T
   6    -29.1051726 -0.356543E-07  0.199E-03    3.43      11.2  T
   7    -29.1051726 -0.342894E-08  0.128E-03    3.43      17.5  T
     SCC iter.                  ...        0 min,  0.006 sec
     gradient                   ...        0 min,  0.011 sec
 * total energy  :   -28.7236584 Eh     change       -0.1784326E-03 Eh
   gradient norm :     0.0053862 Eh/α   predicted    -0.1188720E-03 ( -33.38%)
   displ. norm   :     0.2611572 α      lambda       -0.2181804E-03
   maximum displ.:     0.2028679 α      in ANC's #1, #2, #4, ...

........................................................................
.............................. CYCLE    9 ..............................
........................................................................
   1    -29.1057485 -0.291057E+02  0.193E-01    3.43       0.0  T
   2    -29.1057575 -0.898300E-05  0.998E-02    3.42       1.0  T
   3    -29.1057583 -0.878863E-06  0.205E-02    3.42       1.1  T
   4    -29.1057577  0.616635E-06  0.144E-02    3.42       1.6  T
   5    -29.1057598 -0.207724E-05  0.331E-03    3.42       6.8  T
   6    -29.1057598 -0.385148E-07  0.189E-03    3.42      11.9  T
   7    -29.1057598 -0.314927E-09  0.102E-03    3.42      21.9  T
     SCC iter.                  ...        0 min,  0.006 sec
     gradient                   ...        0 min,  0.011 sec
 * total energy  :   -28.7238274 Eh     change       -0.1690078E-03 Eh
   gradient norm :     0.0058872 Eh/α   predicted    -0.1165311E-03 ( -31.05%)
   displ. norm   :     0.2895295 α      lambda       -0.2029903E-03
   maximum displ.:     0.2210431 α      in ANC's #1, #2, #4, ...

........................................................................
.............................. CYCLE   10 ..............................
........................................................................
   1    -29.1052792 -0.291053E+02  0.219E-01    3.40       0.0  T
   2    -29.1052892 -0.995193E-05  0.114E-01    3.40       1.0  T
   3    -29.1052904 -0.119946E-05  0.237E-02    3.40       1.0  T
   4    -29.1052892  0.120006E-05  0.165E-02    3.40       1.4  T
   5    -29.1052919 -0.277007E-05  0.363E-03    3.40       6.2  T
   6    -29.1052920 -0.409817E-07  0.223E-03    3.40      10.0  T
   7    -29.1052920 -0.509819E-08  0.538E-04    3.40      41.6  T
     SCC iter.                  ...        0 min,  0.006 sec
     gradient                   ...        0 min,  0.011 sec
 * total energy  :   -28.7239753 Eh     change       -0.1479245E-03 Eh
   gradient norm :     0.0056421 Eh/α   predicted    -0.1100038E-03 ( -25.64%)
   displ. norm   :     0.3307333 α      lambda       -0.1835720E-03
   maximum displ.:     0.2365713 α      in ANC's #1, #4, #2, ...

........................................................................
.............................. CYCLE   11 ..............................
........................................................................
   1    -29.1048066 -0.291048E+02  0.239E-01    3.40       0.0  T
   2    -29.1048192 -0.126376E-04  0.125E-01    3.39       1.0  T
   3    -29.1048161  0.307650E-05  0.296E-02    3.38       1.0  T
   4    -29.1048206 -0.451892E-05  0.179E-02    3.39       1.3  T
   5    -29.1048229 -0.231156E-05  0.369E-03    3.39       6.1  T
   6    -29.1048230 -0.712031E-07  0.230E-03    3.39       9.7  T
   7    -29.1048230 -0.275355E-07  0.115E-03    3.39      19.4  T
     SCC iter.                  ...        0 min,  0.007 sec
     gradient                   ...        0 min,  0.011 sec
 * total energy  :   -28.7240852 Eh     change       -0.1099457E-03 Eh
   gradient norm :     0.0049192 Eh/α   predicted    -0.1018262E-03 (  -7.39%)
   displ. norm   :     0.1066294 α      lambda       -0.5842607E-04
   maximum displ.:     0.0703049 α      in ANC's #1, #3, #4, ...

........................................................................
.............................. CYCLE   12 ..............................
........................................................................
   1    -29.1055699 -0.291056E+02  0.728E-02    3.38       0.0  T
   2    -29.1055710 -0.111145E-05  0.393E-02    3.38       1.0  T
   3    -29.1055707  0.325670E-06  0.954E-03    3.38       2.3  T
   4    -29.1055711 -0.412887E-06  0.574E-03    3.38       3.9  T
   5    -29.1055713 -0.223994E-06  0.171E-03    3.38      13.1  T
   6    -29.1055713 -0.162614E-07  0.827E-04    3.38      27.1  T
     SCC iter.                  ...        0 min,  0.006 sec
     gradient                   ...        0 min,  0.011 sec
 * total energy  :   -28.7241234 Eh     change       -0.3817631E-04 Eh
   gradient norm :     0.0024185 Eh/α   predicted    -0.2954635E-04 ( -22.61%)
   displ. norm   :     0.0530165 α      lambda       -0.2334940E-04
   maximum displ.:     0.0356340 α      in ANC's #3, #4, #1, ...

........................................................................
.............................. CYCLE   13 ..............................
........................................................................
   1    -29.1060511 -0.291061E+02  0.501E-02    3.39       0.0  T
   2    -29.1060520 -0.916249E-06  0.248E-02    3.39       1.0  T
   3    -29.1060520 -0.899238E-08  0.521E-03    3.39       4.3  T
   4    -29.1060521 -0.100375E-06  0.315E-03    3.39       7.1  T
   5    -29.1060522 -0.699610E-07  0.110E-03    3.39      20.3  T
   6    -29.1060522 -0.861268E-08  0.221E-04    3.39     101.2  T
   7    -29.1060522 -0.291475E-09  0.122E-04    3.39     182.8  T
     SCC iter.                  ...        0 min,  0.006 sec
     gradient                   ...        0 min,  0.011 sec
 * total energy  :   -28.7241362 Eh     change       -0.1282801E-04 Eh
   gradient norm :     0.0015250 Eh/α   predicted    -0.1170823E-04 (  -8.73%)
   displ. norm   :     0.0459408 α      lambda       -0.7113708E-05
   maximum displ.:     0.0289286 α      in ANC's #1, #3, #2, ...

........................................................................
.............................. CYCLE   14 ..............................
........................................................................
   1    -29.1057938 -0.291058E+02  0.312E-02    3.39       0.0  T
   2    -29.1057940 -0.229118E-06  0.165E-02    3.38       1.4  T
   3    -29.1057940 -0.669239E-08  0.342E-03    3.39       6.5  T
   4    -29.1057941 -0.200855E-07  0.201E-03    3.38      11.1  T
   5    -29.1057941 -0.282409E-07  0.723E-04    3.38      30.9  T
   6    -29.1057941 -0.463714E-08  0.346E-04    3.38      64.6  T
     SCC iter.                  ...        0 min,  0.006 sec
     gradient                   ...        0 min,  0.011 sec
 * total energy  :   -28.7241409 Eh     change       -0.4643998E-05 Eh
   gradient norm :     0.0011641 Eh/α   predicted    -0.3560493E-05 ( -23.33%)
   displ. norm   :     0.0275855 α      lambda       -0.4052773E-05
   maximum displ.:     0.0213887 α      in ANC's #2, #1, #3, ...

........................................................................
.............................. CYCLE   15 ..............................
........................................................................
   1    -29.1061489 -0.291061E+02  0.285E-02    3.39       0.0  T
   2    -29.1061491 -0.207459E-06  0.142E-02    3.39       1.6  T
   3    -29.1061490  0.310907E-07  0.331E-03    3.39       6.8  T
   4    -29.1061491 -0.794421E-07  0.189E-03    3.39      11.8  T
   5    -29.1061491 -0.135440E-07  0.581E-04    3.39      38.5  T
   6    -29.1061491 -0.252058E-08  0.242E-04    3.39      92.5  T
     SCC iter.                  ...        0 min,  0.006 sec
     gradient                   ...        0 min,  0.011 sec
 * total energy  :   -28.7241435 Eh     change       -0.2593406E-05 Eh
   gradient norm :     0.0009593 Eh/α   predicted    -0.2027441E-05 ( -21.82%)
   displ. norm   :     0.0155286 α      lambda       -0.2339668E-05
   maximum displ.:     0.0131321 α      in ANC's #5, #3, #2, ...

   *** GEOMETRY OPTIMIZATION CONVERGED AFTER 15 ITERATIONS ***

------------------------------------------------------------------------
 total energy gain   :        -0.0069780 Eh       -4.3788 kcal/mol
 total RMSD          :         0.5560864 a0        0.2943 Å
 total power (kW/mol):        -1.2213814 (step)  -47.6591 (real)
------------------------------------------------------------------------

 ANCopt (total)                0 d,  0 h,  0 min,  0.384 sec
 optimizer setup                ...        0 min,  0.000 sec (  0.038%)
 model hessian                  ...        0 min,  0.008 sec (  1.966%)
 ANC generation                 ...        0 min,  0.001 sec (  0.150%)
 coordinate transformation      ...        0 min,  0.000 sec (  0.062%)
 single point calculation       ...        0 min,  0.371 sec ( 96.453%)
 optimization log               ...        0 min,  0.001 sec (  0.345%)
 hessian update                 ...        0 min,  0.000 sec (  0.049%)
 rational function              ...        0 min,  0.003 sec (  0.681%)

================
 final structure:
================
$coord
    2.84919308510365    2.34556396105273    0.01800159901783      C 
    5.10313866729890    0.03529033769361    0.38774949982362      S 
    2.80235780091854   -2.25935706764404    0.46841831564953      C 
    0.43776902937812   -1.29075901729258    0.21811975588416      C 
    0.46676505363726    1.38933288111580   -0.04815746621123      C 
   -1.89118956350348    2.90907737417069   -0.42007469501279      C 
   -4.21969464530023    1.42836136240825    0.40797446876606      C 
   -4.50183552153198    1.41119903982215    3.86975879768121      S 
   -4.19087390497382   -1.23929178740096   -0.68426399940884      C 
   -1.96306564694422   -2.78640778232978    0.30623416967356      C 
    3.42314711478113    4.28169039068000   -0.14030748194368      H 
    3.33954010147298   -4.19804693886017    0.70330589257531      H 
   -2.08775416372951    3.37233892919267   -2.42867937350655      H 
   -1.76696313310717    4.69178980374377    0.61309025643249      H 
   -5.93043918941505    2.41233815939254   -0.19733111267198      H 
   -2.10221315630905    0.81313099193791    4.31808390047374      H 
   -4.06742059700504   -1.07744274964536   -2.74001510871433      H 
   -5.95531993992996   -2.20133389407462   -0.22245354577378      H 
   -1.76153059167894   -4.51965388050916   -0.79522448268704      H 
   -2.33826655288801   -3.34805567572977    2.26190454435495      H 
$end
           -------------------------------------------------
          |                Final Singlepoint                |
           -------------------------------------------------

          ...................................................
          :                      SETUP                      :
          :.................................................:
          :  # basis functions                  62          :
          :  # atomic orbitals                  60          :
          :  # shells                           32          :
          :  # electrons                        54          :
          :  max. iterations                   250          :
          :  Hamiltonian                  GFN2-xTB          :
          :  restarted?                      false          :
          :  GBSA solvation                  false          :
          :  PC potential                    false          :
          :  electronic temp.          300.0000000     K    :
          :  accuracy                    1.0000000          :
          :  -> integral cutoff          0.2500000E+02      :
          :  -> integral neglect         0.1000000E-07      :
          :  -> SCF convergence          0.1000000E-05 Eh   :
          :  -> wf. convergence          0.1000000E-03 e    :
          :  Broyden damping             0.4000000          :
          ...................................................

 iter      E             dE          RMSdq      gap      omega  full diag
   1    -29.1061491 -0.291061E+02  0.113E-04    3.39       0.0  T
   2    -29.1061491 -0.375024E-10  0.610E-05    3.39     366.8  T
   3    -29.1061491 -0.662901E-10  0.407E-05    3.39     549.2  T

   *** convergence criteria satisfied after 3 iterations ***

         #    Occupation            Energy/Eh            Energy/eV
      -------------------------------------------------------------
         1        2.0000           -0.7314677             -19.9042
       ...           ...                  ...                  ...
        21        2.0000           -0.4553523             -12.3908
        22        2.0000           -0.4453382             -12.1183
        23        2.0000           -0.4418326             -12.0229
        24        2.0000           -0.4372661             -11.8986
        25        2.0000           -0.3915102             -10.6535
        26        2.0000           -0.3900803             -10.6146
        27        2.0000           -0.3694643             -10.0536 (HOMO)
        28                         -0.2449976              -6.6667 (LUMO)
        29                         -0.2035204              -5.5381
        30                         -0.2024494              -5.5089
        31                         -0.1706520              -4.6437
        32                         -0.1181393              -3.2147
       ...                                ...                  ...
        60                          0.6813903              18.5416
      -------------------------------------------------------------
                  HL-Gap            0.1244666 Eh            3.3869 eV
             Fermi-level           -0.3072309 Eh           -8.3602 eV

 SCC (total)                   0 d,  0 h,  0 min,  0.022 sec
 SCC setup                      ...        0 min,  0.000 sec (  0.754%)
 Dispersion                     ...        0 min,  0.000 sec (  0.666%)
 integral evaluation            ...        0 min,  0.007 sec ( 31.530%)
 zeroth order Hamiltonian       ...        0 min,  0.000 sec (  0.599%)
 iterations                     ...        0 min,  0.003 sec ( 14.968%)
 molecular gradient             ...        0 min,  0.011 sec ( 49.869%)
 printout                       ...        0 min,  0.000 sec (  1.385%)

         :::::::::::::::::::::::::::::::::::::::::::::::::::::
         ::                     SUMMARY                     ::
         :::::::::::::::::::::::::::::::::::::::::::::::::::::
         :: total energy             -28.724143471252 Eh    ::
         :: gradient norm              0.000959484972 Eh/a0 ::
         :: HOMO-LUMO gap              3.386909938284 eV    ::
         ::.................................................::
         :: SCC energy               -29.106149145009 Eh    ::
         :: -> isotropic ES            0.005949480846 Eh    ::
         :: -> anisotropic ES          0.001787092315 Eh    ::
         :: -> anisotropic XC          0.014567937610 Eh    ::
         :: -> dispersion             -0.021189611996 Eh    ::
         :: repulsion energy           0.381859192793 Eh    ::
         :: add. restraining           0.000000000000 Eh    ::
         :::::::::::::::::::::::::::::::::::::::::::::::::::::

           -------------------------------------------------
          |                Property Printout                |
           -------------------------------------------------

    * Orbital Energies and Occupations

         #    Occupation            Energy/Eh            Energy/eV
      -------------------------------------------------------------
         1        2.0000           -0.7314677             -19.9042
       ...           ...                  ...                  ...
        15        2.0000           -0.4997752             -13.5996
        16        2.0000           -0.4900290             -13.3344
        17        2.0000           -0.4831573             -13.1474
        18        2.0000           -0.4741443             -12.9021
        19        2.0000           -0.4740901             -12.9006
        20        2.0000           -0.4569361             -12.4339
        21        2.0000           -0.4553523             -12.3908
        22        2.0000           -0.4453382             -12.1183
        23        2.0000           -0.4418326             -12.0229
        24        2.0000           -0.4372661             -11.8986
        25        2.0000           -0.3915102             -10.6535
        26        2.0000           -0.3900803             -10.6146
        27        2.0000           -0.3694643             -10.0536 (HOMO)
        28                         -0.2449976              -6.6667 (LUMO)
        29                         -0.2035204              -5.5381
        30                         -0.2024494              -5.5089
        31                         -0.1706520              -4.6437
        32                         -0.1181393              -3.2147
        33                         -0.1152061              -3.1349
        34                         -0.0172679              -0.4699
        35                         -0.0088636              -0.2412
        36                         -0.0025212              -0.0686
        37                         -0.0003460              -0.0094
        38                          0.0292907               0.7970
       ...                                ...                  ...
        60                          0.6813903              18.5416
      -------------------------------------------------------------
                  HL-Gap            0.1244666 Eh            3.3869 eV
             Fermi-level           -0.3072309 Eh           -8.3602 eV

     #   Z        covCN         q      C6AA      α(0)
     1   6 C      2.940    -0.034    28.845     8.808
     2  16 S      2.292    -0.039   142.685    20.104
     3   6 C      2.942    -0.035    28.869     8.812
     4   6 C      3.162    -0.010    27.921     8.637
     5   6 C      3.166    -0.010    27.907     8.633
     6   6 C      3.838    -0.056    21.549     6.604
     7   6 C      3.848     0.045    19.792     6.328
     8  16 S      1.947    -0.300   154.077    20.892
     9   6 C      3.831    -0.054    21.528     6.602
    10   6 C      3.806    -0.054    21.539     6.607
    11   1 H      0.926     0.040     2.446     2.446
    12   1 H      0.926     0.040     2.451     2.448
    13   1 H      0.924     0.045     2.388     2.417
    14   1 H      0.924     0.049     2.331     2.388
    15   1 H      0.925     0.039     2.459     2.452
    16   1 H      0.923     0.164     1.303     1.785
    17   1 H      0.924     0.039     2.464     2.455
    18   1 H      0.924     0.042     2.419     2.432
    19   1 H      0.924     0.040     2.452     2.449
    20   1 H      0.924     0.050     2.317     2.380

 Mol. C6AA /au·bohr⁶  :       6243.196548
 Mol. C8AA /au·bohr⁸  :     189754.731736
 Mol. α(0) /au        :        125.679180


Wiberg/Mayer (AO) data.
largest (>0.10) Wiberg bond orders for each atom
          total WBO             WBO to atom ...
     1  C   3.944        C    5 1.603    S    2 1.188    H   11 0.971    C    3 0.119
     2  S   2.627        C    1 1.188    C    3 1.186
     3  C   3.944        C    4 1.605    S    2 1.186    H   12 0.971    C    1 0.119
     4  C   3.985        C    3 1.605    C    5 1.220    C   10 1.009
     5  C   3.985        C    1 1.603    C    4 1.220    C    6 1.008
     6  C   3.997        C    5 1.008    C    7 1.000    H   14 0.968    H   13 0.954
     7  C   3.976        C    9 1.003    C    6 1.000    S    8 0.973    H   15 0.966
     8  S   2.010        C    7 0.973    H   16 0.958
     9  C   3.997        C   10 1.005    C    7 1.003    H   18 0.977    H   17 0.970
    10  C   3.998        C    4 1.009    C    9 1.005    H   19 0.968    H   20 0.958
    11  H   0.998        C    1 0.971
    12  H   0.998        C    3 0.971
    13  H   0.998        C    6 0.954
    14  H   0.997        C    6 0.968
    15  H   0.998        C    7 0.966
    16  H   0.973        S    8 0.958
    17  H   0.998        C    9 0.970
    18  H   0.997        C    9 0.977
    19  H   0.998        C   10 0.968
    20  H   0.997        C   10 0.958

molecular dipole:
                 x           y           z       tot (Debye)
 q only:        0.116      -0.177      -0.525
   full:        0.007      -0.182      -0.820       2.136
molecular quadrupole (traceless):
                xx          xy          yy          xz          yz          zz
 q only:       -3.576       1.887       4.580       5.925      -2.131      -1.004
  q+dip:       -5.862       2.167       8.627       8.452      -3.197      -2.765
   full:       -6.048       1.906       7.687       8.503      -3.158      -1.639

           -------------------------------------------------
          |                Geometry Summary                 |
           -------------------------------------------------

      molecular mass/u    :      170.2870000
   center of mass at/Å    :       -0.2134558       0.1633542       0.4384050
  moments of inertia/u·Å² :        0.2491580E+03   0.7627529E+03   0.8312411E+03
rotational constants/cm⁻¹ :        0.6765840E-01   0.2210104E-01   0.2028008E-01

 * 20 selected distances

     #   Z        #   Z                                     value/Å
     1   6 C      2  16 S                                 1.7191623
     2  16 S      3   6 C                                 1.7200709 (max)
     3   6 C      4   6 C                                 1.3586683
     1   6 C      5   6 C                                 1.3589369
     4   6 C      5   6 C                                 1.4253090
     5   6 C      6   6 C                                 1.4974777
     6   6 C      7   6 C                                 1.5245560
     7   6 C      9   6 C                                 1.5254804
     4   6 C     10   6 C                                 1.4975564
     9   6 C     10   6 C                                 1.5280111
     1   6 C     11   1 H                                 1.0719034
     3   6 C     12   1 H                                 1.0717970 (min)
     6   6 C     13   1 H                                 1.0957601
     6   6 C     14   1 H                                 1.0923282
     7   6 C     15   1 H                                 1.0923701
     8  16 S     16   1 H                                 1.3300014
     9   6 C     17   1 H                                 1.0931768
     9   6 C     18   1 H                                 1.0911917
    10   6 C     19   1 H                                 1.0919492
    10   6 C     20   1 H                                 1.0948818

 * 4 distinct bonds (by element types)

   Z      Z             #   av. dist./Å        max./Å        min./Å
   1 H    6 C           9     1.0883731     1.0957601     1.0717970
   6 C    6 C           8     1.4644995     1.5280111     1.3586683
   1 H   16 S           1     1.3300014     1.3300014     1.3300014
   6 C   16 S           2     1.7196166     1.7200709     1.7191623


optimized geometry written to: xtbopt.xyz


           -------------------------------------------------
          | TOTAL ENERGY              -28.724143471252 Eh   |
          | GRADIENT NORM               0.000959484972 Eh/α |
          | HOMO-LUMO GAP               3.386909938284 eV   |
           -------------------------------------------------

------------------------------------------------------------------------
 * finished run on 2021/05/19 at 10:58:54.406     
------------------------------------------------------------------------
 total:
 * wall-time:     0 d,  0 h,  0 min,  0.459 sec
 *  cpu-time:     0 d,  0 h,  0 min,  0.458 sec
 * ratio c/w:     0.999 speedup
 SCF:
 * wall-time:     0 d,  0 h,  0 min,  0.032 sec
 *  cpu-time:     0 d,  0 h,  0 min,  0.032 sec
 * ratio c/w:     1.000 speedup
 ANC optimizer:
 * wall-time:     0 d,  0 h,  0 min,  0.407 sec
 *  cpu-time:     0 d,  0 h,  0 min,  0.407 sec
 * ratio c/w:     1.000 speedup

