      -----------------------------------------------------------      
     |                   =====================                   |     
     |                           x T B                           |     
     |                   =====================                   |     
     |                         S. Grimme                         |     
     |          Mulliken Center for Theoretical Chemistry        |     
     |                    University of Bonn                     |     
     |                Version 6.2 RC2 (SAW190805)                |     
      -----------------------------------------------------------      

   This program is distributed in the hope that it will be useful,
   but WITHOUT ANY WARRANTY; without even the implied warranty of
   MERCHANTABILITY or FITNESS FOR A PARTICULAR PURPOSE.
   
   FOR NON-COMMERCIAL, ACADEMIA USE ONLY.
   
   Cite this work as:
   * S. Grimme, C. Bannwarth, P. Shushkov, J. Chem. Theory Comput., 2017,
     13, 1989-2009. DOI: 10.1021/acs.jctc.7b00118
   * C. Bannwarth, S. Ehlert and S. Grimme., J. Chem. Theory Comput., 2019,
     15, 1652-1671. DOI: 10.1021/acs.jctc.8b01176
   * P. Pracht, E. Caldeweyher, S. Ehlert, S. Grimme, ChemRxiv, 2019, preprint.
     DOI: 10.26434/chemrxiv.8326202.v1
   
   for DFT-D4:
   * E. Caldeweyher, C. Bannwarth and S. Grimme, J. Chem. Phys., 2017,
     147, 034112. DOI: 10.1063/1.4993215
   * E. Caldeweyher, S. Ehlert, A. Hansen, H. Neugebauer, S. Spicher,
     C. Bannwarth and S. Grimme, J. Chem. Phys., 2019, 150, 154122.
     DOI: 10.1063/1.5090222
   
   for sTDA-xTB:
   * S. Grimme and C. Bannwarth, J. Chem. Phys., 2016, 145, 054103.
     DOI: 10.1063/1.4959605
   
   in the mass-spec context:
   * V. Asgeirsson, C. Bauer and S. Grimme, Chem. Sci., 2017, 8, 4879.
     DOI: 10.1039/c7sc00601b
   
   for metadynamics refer to:
   * S. Grimme, J. Chem. Theory Comput., 2019, 155, 2847-2862
     DOI: 10.1021/acs.jctc.9b00143
   
   with help from (in alphabetical order)
   C. Bannwarth, F. Bohle, G. Brandenburg, E. Caldeweyher, M. Checinski,
   S. Dohm, S. Ehlert, S. Ehrlich, F. März, H. Neugebauer, J. Pisarek,
   P. Pracht, P. Shushkov, and S. Spicher.
   
 * started run on 2021/05/19 at 10:59:02.938     

           -------------------------------------------------
          |                Calculation Setup                |
           -------------------------------------------------

          program call               : /ihome/ghutchison/geoffh/xtb/xtb 137.xyz -opt
          hostname                   : smp-n83
          coordinate file            : 137.xyz
          omp threads                :                     1
          number of atoms            :                    31
          number of electrons        :                    80
          charge                     :                     0
          spin                       :                   0.0
          first test random number   :      0.72263885029792


########################################################################
# WARNING! Please study the warnings concerning your input carefully
#  - the use of '-opt' is discouraged, please use '--opt' next time
########################################################################

           ------------------------------------------------- 
          |                 G F N 2 - x T B                 |
          | Geometry, Frequencies, Noncovalent interactions |
          |            JCTC 2019 parametrisation            |
           ------------------------------------------------- 
             KAB for C  - Si     :                1.0500
             KAB for H  - Pd     :                0.9500
             k(s)              :                1.8500
             k(p)              :                2.2300
             k(d)              :                2.2300
             k(f)              :                2.0000
             kEN (H0ij)        :               -2.0000
             D4 a1             :                0.5200
             D4 a2             :                5.0000
             D4 s6             :                1.0000
             D4 s8             :                2.7000
             D4 s9             :                5.0000
             alphaj            :                2.0000

  Z AO/shell   Hii/eV     exponent
  1     Wed Apr 25 08:07:45 CEST 2018   EN: 2.200 GM2: 0.406  GM3: 0.0800  RAES: 1.40
     1s    -10.707211    1.230000
  6     Wed Apr 25 08:07:45 CEST 2018   EN: 2.550 GM2: 0.538  GM3: 0.1500  RAES: 3.00
     2s    -13.970922    2.096432
     2p    -10.063292    1.800000
  7     Wed Apr 25 08:07:45 CEST 2018   EN: 3.040 GM2: 0.461  GM3:-0.0640  RAES: 1.90
     2s    -16.686243    2.339881
     2p    -12.523956    2.014332

           ------------------------------------------------- 
          |        Self-Consistent Charge Iterations        |
           ------------------------------------------------- 

          ...................................................
          :                      SETUP                      :
          :.................................................:
          :  # basis functions                  79          :
          :  # atomic orbitals                  79          :
          :  # shells                           47          :
          :  # electrons                        80          :
          :  max. iterations                   250          :
          :  Hamiltonian                  GFN2-xTB          :
          :  restarted?                      false          :
          :  GBSA solvation                  false          :
          :  PC potential                    false          :
          :  electronic temp.          300.0000000     K    :
          :  accuracy                    1.0000000          :
          :  -> integral cutoff          0.2500000E+02      :
          :  -> integral neglect         0.1000000E-07      :
          :  -> SCF convergence          0.1000000E-05 Eh   :
          :  -> wf. convergence          0.1000000E-03 e    :
          :  Broyden damping             0.4000000          :
          ...................................................

 iter      E             dE          RMSdq      gap      omega  full diag
   1    -43.3889877 -0.433890E+02  0.405E+00    2.72       0.0  T
   2    -43.4427448 -0.537570E-01  0.253E+00    3.20       1.0  T
   3    -43.4348673  0.787752E-02  0.108E+00    3.03       1.0  T
   4    -43.4471073 -0.122400E-01  0.332E-01    3.10       1.0  T
   5    -43.4505570 -0.344966E-02  0.103E-01    3.11       1.0  T
   6    -43.4507555 -0.198504E-03  0.462E-02    3.11       1.0  T
   7    -43.4507828 -0.273644E-04  0.209E-02    3.10       1.0  T
   8    -43.4507840 -0.114650E-05  0.629E-03    3.11       2.9  T
   9    -43.4507844 -0.404605E-06  0.213E-03    3.11       8.4  T
  10    -43.4507845 -0.127102E-06  0.607E-04    3.11      29.6  T
  11    -43.4507845 -0.114332E-08  0.334E-04    3.11      53.7  T

   *** convergence criteria satisfied after 11 iterations ***

         #    Occupation            Energy/Eh            Energy/eV
      -------------------------------------------------------------
         1        2.0000           -0.6681174             -18.1804
       ...           ...                  ...                  ...
        34        2.0000           -0.4286964             -11.6654
        35        2.0000           -0.4134276             -11.2499
        36        2.0000           -0.4132955             -11.2463
        37        2.0000           -0.4130435             -11.2395
        38        2.0000           -0.3957707             -10.7695
        39        2.0000           -0.3726275             -10.1397
        40        2.0000           -0.3562580              -9.6943 (HOMO)
        41                         -0.2421230              -6.5885 (LUMO)
        42                         -0.2191583              -5.9636
        43                         -0.1892196              -5.1489
        44                         -0.1811995              -4.9307
        45                         -0.0917463              -2.4965
       ...                                ...                  ...
        79                          0.7290239              19.8378
      -------------------------------------------------------------
                  HL-Gap            0.1141350 Eh            3.1058 eV
             Fermi-level           -0.2991905 Eh           -8.1414 eV

 SCC (total)                   0 d,  0 h,  0 min,  0.049 sec
 SCC setup                      ...        0 min,  0.000 sec (  0.752%)
 Dispersion                     ...        0 min,  0.001 sec (  1.080%)
 integral evaluation            ...        0 min,  0.012 sec ( 24.493%)
 zeroth order Hamiltonian       ...        0 min,  0.000 sec (  0.448%)
 iterations                     ...        0 min,  0.017 sec ( 35.165%)
 molecular gradient             ...        0 min,  0.018 sec ( 37.043%)
 printout                       ...        0 min,  0.000 sec (  0.914%)

         :::::::::::::::::::::::::::::::::::::::::::::::::::::
         ::                     SUMMARY                     ::
         :::::::::::::::::::::::::::::::::::::::::::::::::::::
         :: total energy             -42.718858263552 Eh    ::
         :: gradient norm              0.071686883831 Eh/a0 ::
         :: HOMO-LUMO gap              3.105770918539 eV    ::
         ::.................................................::
         :: SCC energy               -43.450784499006 Eh    ::
         :: -> isotropic ES            0.005061847261 Eh    ::
         :: -> anisotropic ES          0.008323337280 Eh    ::
         :: -> anisotropic XC          0.025513384088 Eh    ::
         :: -> dispersion             -0.032002659860 Eh    ::
         :: repulsion energy           0.731818356886 Eh    ::
         :: add. restraining           0.000000000000 Eh    ::
         :::::::::::::::::::::::::::::::::::::::::::::::::::::

      ----------------------------------------------------------- 
     |                   =====================                   |
     |                        A N C O P T                        |
     |                   =====================                   |
     |               Approximate Normal Coordinate               |
     |                Rational Function Optimizer                |
      ----------------------------------------------------------- 

          ...................................................
          :                      SETUP                      :
          :.................................................:
          :   optimization level            normal          :
          :   max. optcycles                   200          :
          :   ANC micro-cycles                  20          :
          :   degrees of freedom                87          :
          :.................................................:
          :   RF solver                   davidson          :
          :   input Hessian                  false          :
          :   write xtbopt.log                true          :
          :   linear?                        false          :
          :   energy convergence         0.5000000E-05 Eh   :
          :   grad. convergence          0.1000000E-02 Eh/α :
          :   maximium RF displ.         2.0000000          :
          :   Hlow (freq-cutoff)         0.5000000E-02      :
          :   Hmax (freq-cutoff)         5.0000000          :
          :   S6 in model hess.         20.0000000          :
          ...................................................

generating ANC from model Hessian ...
Using Lindh-Hessian (1995)
 Shifting diagonal of input Hessian by   3.712122936265985E-003
 Lowest  eigenvalues of input Hessian
   -0.000000   -0.000000   -0.000000   -0.000000    0.000000    0.000000
    0.005000    0.005154    0.006239    0.006636    0.007303    0.012172
    0.012751    0.013791    0.014687    0.018012    0.018827    0.022358
 Highest eigenvalues
    1.860340    1.875922    1.998971    2.014682    2.093345    2.125889
 

........................................................................
.............................. CYCLE    1 ..............................
........................................................................
   1    -43.4507845 -0.434508E+02  0.768E-05    3.11       0.0  T
   2    -43.4507845 -0.614051E-10  0.465E-05    3.11     385.8  T
   3    -43.4507845 -0.265814E-10  0.269E-05    3.11     667.8  T
     SCC iter.                  ...        0 min,  0.005 sec
     gradient                   ...        0 min,  0.018 sec
 * total energy  :   -42.7188582 Eh     change        0.4654316E-07 Eh
   gradient norm :     0.0716874 Eh/α   predicted     0.0000000E+00 (-100.00%)
   displ. norm   :     0.2603195 α      lambda       -0.8384567E-02
   maximum displ.:     0.2106806 α      in ANC's #18, #35, #20, ...

........................................................................
.............................. CYCLE    2 ..............................
........................................................................
   1    -43.4838571 -0.434839E+02  0.115E-01    3.19       0.0  T
   2    -43.4838966 -0.395109E-04  0.678E-02    3.20       1.0  T
   3    -43.4838952  0.137687E-05  0.348E-02    3.20       1.0  T
   4    -43.4839071 -0.118684E-04  0.692E-03    3.20       2.6  T
   5    -43.4839080 -0.943789E-06  0.261E-03    3.20       6.9  T
   6    -43.4839081 -0.551164E-07  0.129E-03    3.20      14.0  T
     SCC iter.                  ...        0 min,  0.009 sec
     gradient                   ...        0 min,  0.017 sec
 * total energy  :   -42.7241360 Eh     change       -0.5277759E-02 Eh
   gradient norm :     0.0217985 Eh/α   predicted    -0.4476380E-02 ( -15.18%)
   displ. norm   :     0.1094091 α      lambda       -0.8905692E-03
   maximum displ.:     0.0795056 α      in ANC's #18, #7, #6, ...

........................................................................
.............................. CYCLE    3 ..............................
........................................................................
   1    -43.4936766 -0.434937E+02  0.528E-02    3.22       0.0  T
   2    -43.4936901 -0.134658E-04  0.309E-02    3.23       1.0  T
   3    -43.4936908 -0.788272E-06  0.165E-02    3.23       1.1  T
   4    -43.4936927 -0.188945E-05  0.420E-03    3.23       4.3  T
   5    -43.4936932 -0.418619E-06  0.113E-03    3.23      15.8  T
     SCC iter.                  ...        0 min,  0.008 sec
     gradient                   ...        0 min,  0.017 sec
 * total energy  :   -42.7246095 Eh     change       -0.4734963E-03 Eh
   gradient norm :     0.0039047 Eh/α   predicted    -0.4506157E-03 (  -4.83%)
   displ. norm   :     0.0426566 α      lambda       -0.4264813E-04
   maximum displ.:     0.0238980 α      in ANC's #4, #2, #7, ...

........................................................................
.............................. CYCLE    4 ..............................
........................................................................
   1    -43.4933316 -0.434933E+02  0.193E-02    3.22       0.0  T
   2    -43.4933326 -0.101374E-05  0.110E-02    3.23       1.6  T
   3    -43.4933325  0.141763E-06  0.477E-03    3.23       3.8  T
   4    -43.4933328 -0.288522E-06  0.121E-03    3.23      14.8  T
   5    -43.4933328 -0.371432E-07  0.325E-04    3.23      55.2  T
   6    -43.4933328 -0.439059E-09  0.178E-04    3.23     101.0  T
     SCC iter.                  ...        0 min,  0.009 sec
     gradient                   ...        0 min,  0.018 sec
 * total energy  :   -42.7246409 Eh     change       -0.3144157E-04 Eh
   gradient norm :     0.0014588 Eh/α   predicted    -0.2136399E-04 ( -32.05%)
   displ. norm   :     0.0962955 α      lambda       -0.2955975E-04
   maximum displ.:     0.0601572 α      in ANC's #2, #4, #7, ...

........................................................................
.............................. CYCLE    5 ..............................
........................................................................
   1    -43.4923834 -0.434924E+02  0.429E-02    3.22       0.0  T
   2    -43.4923850 -0.157792E-05  0.245E-02    3.22       1.0  T
   3    -43.4923845  0.492625E-06  0.605E-03    3.22       3.0  T
   4    -43.4923853 -0.758735E-06  0.159E-03    3.22      11.3  T
   5    -43.4923853 -0.530386E-07  0.599E-04    3.22      30.0  T
   6    -43.4923853  0.193253E-09  0.261E-04    3.22      68.9  T
     SCC iter.                  ...        0 min,  0.009 sec
     gradient                   ...        0 min,  0.018 sec
 * total energy  :   -42.7246636 Eh     change       -0.2272103E-04 Eh
   gradient norm :     0.0022996 Eh/α   predicted    -0.1484237E-04 ( -34.68%)
   displ. norm   :     0.0325280 α      lambda       -0.1051165E-04
   maximum displ.:     0.0239059 α      in ANC's #2, #4, #1, ...

........................................................................
.............................. CYCLE    6 ..............................
........................................................................
   1    -43.4925238 -0.434925E+02  0.141E-02    3.22       0.0  T
   2    -43.4925239 -0.565290E-07  0.812E-03    3.22       2.2  T
   3    -43.4925239  0.232293E-07  0.121E-03    3.22      14.9  T
   4    -43.4925239 -0.410516E-07  0.338E-04    3.22      53.1  T
   5    -43.4925239 -0.112249E-08  0.165E-04    3.22     108.7  T
     SCC iter.                  ...        0 min,  0.008 sec
     gradient                   ...        0 min,  0.018 sec
 * total energy  :   -42.7246735 Eh     change       -0.9833045E-05 Eh
   gradient norm :     0.0017902 Eh/α   predicted    -0.5263592E-05 ( -46.47%)
   displ. norm   :     0.1204206 α      lambda       -0.2474448E-04
   maximum displ.:     0.0833577 α      in ANC's #2, #4, #1, ...

........................................................................
.............................. CYCLE    7 ..............................
........................................................................
   1    -43.4930238 -0.434930E+02  0.513E-02    3.23       0.0  T
   2    -43.4930248 -0.975363E-06  0.298E-02    3.23       1.0  T
   3    -43.4930242  0.564170E-06  0.554E-03    3.23       3.2  T
   4    -43.4930250 -0.821817E-06  0.134E-03    3.23      13.4  T
   5    -43.4930251 -0.242467E-07  0.629E-04    3.23      28.6  T
   6    -43.4930251 -0.279059E-09  0.233E-04    3.23      77.1  T
     SCC iter.                  ...        0 min,  0.009 sec
     gradient                   ...        0 min,  0.018 sec
 * total energy  :   -42.7246984 Eh     change       -0.2494483E-04 Eh
   gradient norm :     0.0010332 Eh/α   predicted    -0.1245955E-04 ( -50.05%)
   displ. norm   :     0.0912412 α      lambda       -0.9393279E-05
   maximum displ.:     0.0652586 α      in ANC's #2, #1, #4, ...

........................................................................
.............................. CYCLE    8 ..............................
........................................................................
   1    -43.4930564 -0.434931E+02  0.360E-02    3.23       0.0  T
   2    -43.4930566 -0.165014E-06  0.209E-02    3.23       1.0  T
   3    -43.4930566 -0.607700E-07  0.108E-03    3.23      16.6  T
   4    -43.4930566 -0.472166E-08  0.614E-04    3.23      29.2  T
   5    -43.4930566 -0.215162E-08  0.195E-04    3.23      92.0  T
     SCC iter.                  ...        0 min,  0.008 sec
     gradient                   ...        0 min,  0.018 sec
 * total energy  :   -42.7247095 Eh     change       -0.1113144E-04 Eh
   gradient norm :     0.0010722 Eh/α   predicted    -0.4716063E-05 ( -57.63%)
   displ. norm   :     0.0679488 α      lambda       -0.6580770E-05
   maximum displ.:     0.0494814 α      in ANC's #2, #1, #3, ...

........................................................................
.............................. CYCLE    9 ..............................
........................................................................
   1    -43.4930670 -0.434931E+02  0.256E-02    3.22       0.0  T
   2    -43.4930671 -0.930592E-07  0.149E-02    3.23       1.2  T
   3    -43.4930671  0.157304E-07  0.132E-03    3.22      13.6  T
   4    -43.4930671 -0.440269E-07  0.485E-04    3.23      37.1  T
   5    -43.4930671 -0.237247E-08  0.226E-04    3.22      79.6  T
     SCC iter.                  ...        0 min,  0.008 sec
     gradient                   ...        0 min,  0.018 sec
 * total energy  :   -42.7247176 Eh     change       -0.8085039E-05 Eh
   gradient norm :     0.0005036 Eh/α   predicted    -0.3297114E-05 ( -59.22%)
   displ. norm   :     0.0645764 α      lambda       -0.5519129E-05
   maximum displ.:     0.0467570 α      in ANC's #2, #1, #3, ...

........................................................................
.............................. CYCLE   10 ..............................
........................................................................
   1    -43.4930029 -0.434930E+02  0.236E-02    3.22       0.0  T
   2    -43.4930030 -0.710510E-07  0.138E-02    3.22       1.3  T
   3    -43.4930030  0.342753E-07  0.140E-03    3.22      12.8  T
   4    -43.4930030 -0.540729E-07  0.375E-04    3.22      48.0  T
   5    -43.4930030 -0.175136E-08  0.176E-04    3.22     102.2  T
     SCC iter.                  ...        0 min,  0.008 sec
     gradient                   ...        0 min,  0.018 sec
 * total energy  :   -42.7247244 Eh     change       -0.6752710E-05 Eh
   gradient norm :     0.0003104 Eh/α   predicted    -0.2765041E-05 ( -59.05%)
   displ. norm   :     0.0693334 α      lambda       -0.4679475E-05
   maximum displ.:     0.0485244 α      in ANC's #2, #1, #3, ...

........................................................................
.............................. CYCLE   11 ..............................
........................................................................
   1    -43.4929322 -0.434929E+02  0.260E-02    3.22       0.0  T
   2    -43.4929322 -0.502286E-07  0.152E-02    3.22       1.2  T
   3    -43.4929322 -0.116956E-07  0.688E-04    3.22      26.1  T
   4    -43.4929322 -0.742384E-08  0.341E-04    3.22      52.6  T
     SCC iter.                  ...        0 min,  0.006 sec
     gradient                   ...        0 min,  0.019 sec
 * total energy  :   -42.7247298 Eh     change       -0.5454697E-05 Eh
   gradient norm :     0.0004752 Eh/α   predicted    -0.2349687E-05 ( -56.92%)
   displ. norm   :     0.0698841 α      lambda       -0.2465968E-05
   maximum displ.:     0.0485241 α      in ANC's #2, #1, #3, ...

........................................................................
.............................. CYCLE   12 ..............................
........................................................................
   1    -43.4927939 -0.434928E+02  0.261E-02    3.22       0.0  T
   2    -43.4927940 -0.499570E-07  0.153E-02    3.22       1.2  T
   3    -43.4927940 -0.617439E-08  0.784E-04    3.22      22.9  T
   4    -43.4927940 -0.131332E-07  0.360E-04    3.22      49.9  T
     SCC iter.                  ...        0 min,  0.007 sec
     gradient                   ...        0 min,  0.018 sec
 * total energy  :   -42.7247325 Eh     change       -0.2713360E-05 Eh
   gradient norm :     0.0007548 Eh/α   predicted    -0.1237915E-05 ( -54.38%)
   displ. norm   :     0.0694109 α      lambda        0.7530593E-06
   maximum displ.:     0.0485244 α      in ANC's #2, #1, #3, ...

   *** GEOMETRY OPTIMIZATION CONVERGED AFTER 12 ITERATIONS ***

------------------------------------------------------------------------
 total energy gain   :        -0.0058743 Eh       -3.6862 kcal/mol
 total RMSD          :         0.1346562 a0        0.0713 Å
 total power (kW/mol):        -1.2852447 (step)  -32.2781 (real)
------------------------------------------------------------------------

 ANCopt (total)                0 d,  0 h,  0 min,  0.478 sec
 optimizer setup                ...        0 min,  0.000 sec (  0.032%)
 model hessian                  ...        0 min,  0.008 sec (  1.684%)
 ANC generation                 ...        0 min,  0.001 sec (  0.215%)
 coordinate transformation      ...        0 min,  0.000 sec (  0.058%)
 single point calculation       ...        0 min,  0.464 sec ( 97.175%)
 optimization log               ...        0 min,  0.002 sec (  0.320%)
 hessian update                 ...        0 min,  0.000 sec (  0.041%)
 rational function              ...        0 min,  0.001 sec (  0.305%)

================
 final structure:
================
$coord
    4.62883278566960   -1.92001282846522    0.27312094314452      C 
    2.09200252356055   -1.25618342607227    0.19849894693554      C 
   -0.02154685159929   -2.76361883275872    0.28331764584014      N 
   -0.02485841384834   -5.47711928278089    0.35615875911300      C 
    0.07059418400623   -6.63191703979039   -2.29910532800098      C 
    0.06647149729895   -9.50756252053970   -2.19833067849124      C 
   -2.12362423092609   -1.24891464105789    0.09962577205659      C 
   -1.36299199185212    1.31257477597911   -0.04432488437392      C 
    1.34828435994686    1.30788235702516    0.01934871013345      C 
    3.16307051909658    3.20082118201970   -0.06938000696138      C 
    5.68147432941957    2.52479213412893    0.01291028805793      C 
    6.39872764718852   -0.00282367649174    0.17955898349451      C 
   -3.16445916468410    3.21231486884875   -0.21835091220043      C 
   -5.68650494907778    2.54594482549617   -0.25383326838021      C 
   -6.42013445866490    0.02102186948346   -0.12097293997507      C 
   -4.66376227706008   -1.90282936545506    0.05491539639272      C 
    5.21998570544726   -3.86962841939473    0.39396175434984      H 
   -1.73253465862483   -6.10982698930774    1.33385934287130      H 
    1.60797908662210   -6.11125681176261    1.45429002954026      H 
    1.77291038460713   -5.96400865142800   -3.25582386708236      H 
   -1.55806596647278   -5.96331767364170   -3.37635055792578      H 
    1.69376420170455  -10.19653900849848   -1.14715389627494      H 
    0.13976447483176  -10.29375411602715   -4.09460886098982      H 
   -1.63712353325002  -10.19653602831399   -1.27623704435831      H 
    2.60646987332470    5.15939277414941   -0.20397546232188      H 
    7.12367220650839    3.96708169728178   -0.05581023102718      H 
    8.38432182503949   -0.47435568472835    0.23418474982644      H 
   -2.59460160597101    5.16870223953226   -0.32594053474495      H 
   -7.11845574972061    3.99366828554212   -0.38891325108515      H 
   -8.40784773374630   -0.44313385686759   -0.15887443031040      H 
   -5.26784034953515   -3.85010349366882    0.14667523806702      H 
$end
           -------------------------------------------------
          |                Final Singlepoint                |
           -------------------------------------------------

          ...................................................
          :                      SETUP                      :
          :.................................................:
          :  # basis functions                  79          :
          :  # atomic orbitals                  79          :
          :  # shells                           47          :
          :  # electrons                        80          :
          :  max. iterations                   250          :
          :  Hamiltonian                  GFN2-xTB          :
          :  restarted?                      false          :
          :  GBSA solvation                  false          :
          :  PC potential                    false          :
          :  electronic temp.          300.0000000     K    :
          :  accuracy                    1.0000000          :
          :  -> integral cutoff          0.2500000E+02      :
          :  -> integral neglect         0.1000000E-07      :
          :  -> SCF convergence          0.1000000E-05 Eh   :
          :  -> wf. convergence          0.1000000E-03 e    :
          :  Broyden damping             0.4000000          :
          ...................................................

 iter      E             dE          RMSdq      gap      omega  full diag
   1    -43.4927940 -0.434928E+02  0.138E-04    3.22       0.0  T
   2    -43.4927940 -0.892371E-10  0.554E-05    3.22     324.4  T
   3    -43.4927940 -0.594440E-10  0.561E-05    3.22     320.0  T

   *** convergence criteria satisfied after 3 iterations ***

         #    Occupation            Energy/Eh            Energy/eV
      -------------------------------------------------------------
         1        2.0000           -0.6693703             -18.2145
       ...           ...                  ...                  ...
        34        2.0000           -0.4285364             -11.6611
        35        2.0000           -0.4152999             -11.3009
        36        2.0000           -0.4129288             -11.2364
        37        2.0000           -0.4115143             -11.1979
        38        2.0000           -0.3984357             -10.8420
        39        2.0000           -0.3714597             -10.1079
        40        2.0000           -0.3565655              -9.7026 (HOMO)
        41                         -0.2380845              -6.4786 (LUMO)
        42                         -0.2150255              -5.8511
        43                         -0.1874088              -5.0997
        44                         -0.1792011              -4.8763
        45                         -0.0861769              -2.3450
       ...                                ...                  ...
        79                          0.7537901              20.5117
      -------------------------------------------------------------
                  HL-Gap            0.1184811 Eh            3.2240 eV
             Fermi-level           -0.2973250 Eh           -8.0906 eV

 SCC (total)                   0 d,  0 h,  0 min,  0.037 sec
 SCC setup                      ...        0 min,  0.000 sec (  0.687%)
 Dispersion                     ...        0 min,  0.000 sec (  0.821%)
 integral evaluation            ...        0 min,  0.012 sec ( 32.356%)
 zeroth order Hamiltonian       ...        0 min,  0.000 sec (  0.552%)
 iterations                     ...        0 min,  0.005 sec ( 14.158%)
 molecular gradient             ...        0 min,  0.018 sec ( 50.162%)
 printout                       ...        0 min,  0.000 sec (  1.125%)

         :::::::::::::::::::::::::::::::::::::::::::::::::::::
         ::                     SUMMARY                     ::
         :::::::::::::::::::::::::::::::::::::::::::::::::::::
         :: total energy             -42.724732574352 Eh    ::
         :: gradient norm              0.000753656293 Eh/a0 ::
         :: HOMO-LUMO gap              3.224033482380 eV    ::
         ::.................................................::
         :: SCC energy               -43.492794004657 Eh    ::
         :: -> isotropic ES            0.005132529334 Eh    ::
         :: -> anisotropic ES          0.007859670906 Eh    ::
         :: -> anisotropic XC          0.024104700129 Eh    ::
         :: -> dispersion             -0.032307850931 Eh    ::
         :: repulsion energy           0.767933133341 Eh    ::
         :: add. restraining           0.000000000000 Eh    ::
         :::::::::::::::::::::::::::::::::::::::::::::::::::::

           -------------------------------------------------
          |                Property Printout                |
           -------------------------------------------------

    * Orbital Energies and Occupations

         #    Occupation            Energy/Eh            Energy/eV
      -------------------------------------------------------------
         1        2.0000           -0.6693703             -18.2145
       ...           ...                  ...                  ...
        28        2.0000           -0.4651282             -12.6568
        29        2.0000           -0.4621984             -12.5771
        30        2.0000           -0.4594349             -12.5019
        31        2.0000           -0.4413473             -12.0097
        32        2.0000           -0.4352337             -11.8433
        33        2.0000           -0.4312493             -11.7349
        34        2.0000           -0.4285364             -11.6611
        35        2.0000           -0.4152999             -11.3009
        36        2.0000           -0.4129288             -11.2364
        37        2.0000           -0.4115143             -11.1979
        38        2.0000           -0.3984357             -10.8420
        39        2.0000           -0.3714597             -10.1079
        40        2.0000           -0.3565655              -9.7026 (HOMO)
        41                         -0.2380845              -6.4786 (LUMO)
        42                         -0.2150255              -5.8511
        43                         -0.1874088              -5.0997
        44                         -0.1792011              -4.8763
        45                         -0.0861769              -2.3450
        46                         -0.0527055              -1.4342
        47                          0.0076777               0.2089
        48                          0.0990690               2.6958
        49                          0.1012533               2.7552
        50                          0.1029843               2.8023
        51                          0.1181468               3.2149
       ...                                ...                  ...
        79                          0.7537901              20.5117
      -------------------------------------------------------------
                  HL-Gap            0.1184811 Eh            3.2240 eV
             Fermi-level           -0.2973250 Eh           -8.0906 eV

     #   Z        covCN         q      C6AA      α(0)
     1   6 C      2.910    -0.053    29.327     8.880
     2   6 C      3.082     0.044    26.919     8.506
     3   7 N      2.797    -0.053    22.254     7.006
     4   6 C      3.741     0.001    20.646     6.483
     5   6 C      3.800    -0.058    21.609     6.618
     6   6 C      3.752    -0.105    22.563     6.774
     7   6 C      3.082     0.044    26.919     8.506
     8   6 C      3.070    -0.019    28.414     8.740
     9   6 C      3.070    -0.019    28.414     8.740
    10   6 C      2.912    -0.033    28.824     8.804
    11   6 C      2.920    -0.043    29.064     8.841
    12   6 C      2.923    -0.035    28.861     8.810
    13   6 C      2.912    -0.033    28.824     8.804
    14   6 C      2.920    -0.043    29.064     8.841
    15   6 C      2.923    -0.035    28.861     8.810
    16   6 C      2.910    -0.053    29.326     8.880
    17   1 H      0.926     0.022     2.699     2.569
    18   1 H      0.924     0.047     2.357     2.401
    19   1 H      0.924     0.047     2.361     2.403
    20   1 H      0.924     0.039     2.457     2.451
    21   1 H      0.924     0.039     2.459     2.452
    22   1 H      0.925     0.037     2.491     2.468
    23   1 H      0.925     0.042     2.428     2.437
    24   1 H      0.925     0.037     2.491     2.468
    25   1 H      0.926     0.029     2.605     2.524
    26   1 H      0.926     0.025     2.656     2.548
    27   1 H      0.926     0.026     2.644     2.543
    28   1 H      0.926     0.029     2.605     2.524
    29   1 H      0.926     0.025     2.655     2.548
    30   1 H      0.926     0.026     2.644     2.543
    31   1 H      0.926     0.022     2.701     2.570

 Mol. C6AA /au·bohr⁶  :      11371.366060
 Mol. C8AA /au·bohr⁸  :     275414.507190
 Mol. α(0) /au        :        169.490505


Wiberg/Mayer (AO) data.
largest (>0.10) Wiberg bond orders for each atom
          total WBO             WBO to atom ...
     1  C   3.985        C   12 1.470    C    2 1.354    H   17 0.967    C   10 0.106
     2  C   3.964        C    1 1.354    C    9 1.254    N    3 1.147
     3  N   3.561        C    7 1.147    C    2 1.147    C    4 0.996
     4  C   3.975        N    3 0.996    C    5 0.992    H   18 0.968    H   19 0.968
     5  C   3.994        C    6 1.019    C    4 0.992    H   21 0.978    H   20 0.978
     6  C   3.995        C    5 1.019    H   24 0.988    H   22 0.988    H   23 0.986
     7  C   3.964        C   16 1.354    C    8 1.254    N    3 1.147
     8  C   3.985        C   13 1.367    C    7 1.254    C    9 1.150
     9  C   3.985        C   10 1.367    C    2 1.254    C    8 1.150
    10  C   3.982        C   11 1.472    C    9 1.367    H   25 0.969    C    1 0.106
    11  C   3.982        C   10 1.472    C   12 1.396    H   26 0.972
    12  C   3.970        C    1 1.470    C   11 1.396    H   27 0.972
    13  C   3.982        C   14 1.472    C    8 1.367    H   28 0.969    C   16 0.106
    14  C   3.982        C   13 1.472    C   15 1.396    H   29 0.972
    15  C   3.970        C   16 1.470    C   14 1.396    H   30 0.972
    16  C   3.985        C   15 1.470    C    7 1.354    H   31 0.967    C   13 0.106
    17  H   0.999        C    1 0.967
    18  H   0.997        C    4 0.968
    19  H   0.997        C    4 0.968
    20  H   0.998        C    5 0.978
    21  H   0.998        C    5 0.978
    22  H   0.999        C    6 0.988
    23  H   0.998        C    6 0.986
    24  H   0.999        C    6 0.988
    25  H   0.999        C   10 0.969
    26  H   0.999        C   11 0.972
    27  H   0.999        C   12 0.972
    28  H   0.999        C   13 0.969
    29  H   0.999        C   14 0.972
    30  H   0.999        C   15 0.972
    31  H   0.999        C   16 0.967

molecular dipole:
                 x           y           z       tot (Debye)
 q only:        0.001      -0.788      -0.040
   full:        0.000      -0.887      -0.025       2.255
molecular quadrupole (traceless):
                xx          xy          yy          xz          yz          zz
 q only:       -3.984      -0.001       6.792      -0.036       0.444      -2.807
  q+dip:        0.183       0.038       9.209       0.228      -0.737      -9.391
   full:       -2.589       0.023       7.537       0.053      -0.156      -4.948

           -------------------------------------------------
          |                Geometry Summary                 |
           -------------------------------------------------

      molecular mass/u    :      209.2902000
   center of mass at/Å    :       -0.0000760      -0.6327818      -0.1390719
  moments of inertia/u·Å² :        0.8638411E+03   0.8717662E+03   0.1676620E+04
rotational constants/cm⁻¹ :        0.1951474E-01   0.1933733E-01   0.1005453E-01

 * 33 selected distances

     #   Z        #   Z                                     value/Å
     1   6 C      2   6 C                                 1.3881950
     2   6 C      3   7 N                                 1.3745013
     3   7 N      4   6 C                                 1.4364411
     4   6 C      5   6 C                                 1.5330710 (max)
     5   6 C      6   6 C                                 1.5226619
     3   7 N      7   6 C                                 1.3745170
     7   6 C      8   6 C                                 1.4160324
     2   6 C      9   6 C                                 1.4159467
     8   6 C      9   6 C                                 1.4351435
     9   6 C     10   6 C                                 1.3884767
    10   6 C     11   6 C                                 1.3805488
     1   6 C     12   6 C                                 1.3816387
    11   6 C     12   6 C                                 1.3931606
     8   6 C     13   6 C                                 1.3884810
    13   6 C     14   6 C                                 1.3805365
    14   6 C     15   6 C                                 1.3931640
     7   6 C     16   6 C                                 1.3882111
    15   6 C     16   6 C                                 1.3816476
     1   6 C     17   1 H                                 1.0799710
     4   6 C     18   1 H                                 1.0937949
     4   6 C     19   1 H                                 1.0940260
     5   6 C     20   1 H                                 1.0921188
     5   6 C     21   1 H                                 1.0922116
     6   6 C     22   1 H                                 1.0880665
     6   6 C     23   1 H                                 1.0869847
     6   6 C     24   1 H                                 1.0879937
    10   6 C     25   1 H                                 1.0798228
    11   6 C     26   1 H                                 1.0799439
    12   6 C     27   1 H                                 1.0803398
    13   6 C     28   1 H                                 1.0798023 (min)
    14   6 C     29   1 H                                 1.0799149
    15   6 C     30   1 H                                 1.0803360
    16   6 C     31   1 H                                 1.0799893

 * 3 distinct bonds (by element types)

   Z      Z             #   av. dist./Å        max./Å        min./Å
   1 H    6 C          15     1.0850211     1.0940260     1.0798023
   6 C    6 C          15     1.4124610     1.5330710     1.3805365
   6 C    7 N           3     1.3951531     1.4364411     1.3745013


optimized geometry written to: xtbopt.xyz


           -------------------------------------------------
          | TOTAL ENERGY              -42.724732574352 Eh   |
          | GRADIENT NORM               0.000753656293 Eh/α |
          | HOMO-LUMO GAP               3.224033482380 eV   |
           -------------------------------------------------

------------------------------------------------------------------------
 * finished run on 2021/05/19 at 10:59:03.528     
------------------------------------------------------------------------
 total:
 * wall-time:     0 d,  0 h,  0 min,  0.590 sec
 *  cpu-time:     0 d,  0 h,  0 min,  0.589 sec
 * ratio c/w:     0.999 speedup
 SCF:
 * wall-time:     0 d,  0 h,  0 min,  0.050 sec
 *  cpu-time:     0 d,  0 h,  0 min,  0.050 sec
 * ratio c/w:     1.000 speedup
 ANC optimizer:
 * wall-time:     0 d,  0 h,  0 min,  0.515 sec
 *  cpu-time:     0 d,  0 h,  0 min,  0.515 sec
 * ratio c/w:     1.000 speedup

