      -----------------------------------------------------------      
     |                   =====================                   |     
     |                           x T B                           |     
     |                   =====================                   |     
     |                         S. Grimme                         |     
     |          Mulliken Center for Theoretical Chemistry        |     
     |                    University of Bonn                     |     
     |                Version 6.2 RC2 (SAW190805)                |     
      -----------------------------------------------------------      

   This program is distributed in the hope that it will be useful,
   but WITHOUT ANY WARRANTY; without even the implied warranty of
   MERCHANTABILITY or FITNESS FOR A PARTICULAR PURPOSE.
   
   FOR NON-COMMERCIAL, ACADEMIA USE ONLY.
   
   Cite this work as:
   * S. Grimme, C. Bannwarth, P. Shushkov, J. Chem. Theory Comput., 2017,
     13, 1989-2009. DOI: 10.1021/acs.jctc.7b00118
   * C. Bannwarth, S. Ehlert and S. Grimme., J. Chem. Theory Comput., 2019,
     15, 1652-1671. DOI: 10.1021/acs.jctc.8b01176
   * P. Pracht, E. Caldeweyher, S. Ehlert, S. Grimme, ChemRxiv, 2019, preprint.
     DOI: 10.26434/chemrxiv.8326202.v1
   
   for DFT-D4:
   * E. Caldeweyher, C. Bannwarth and S. Grimme, J. Chem. Phys., 2017,
     147, 034112. DOI: 10.1063/1.4993215
   * E. Caldeweyher, S. Ehlert, A. Hansen, H. Neugebauer, S. Spicher,
     C. Bannwarth and S. Grimme, J. Chem. Phys., 2019, 150, 154122.
     DOI: 10.1063/1.5090222
   
   for sTDA-xTB:
   * S. Grimme and C. Bannwarth, J. Chem. Phys., 2016, 145, 054103.
     DOI: 10.1063/1.4959605
   
   in the mass-spec context:
   * V. Asgeirsson, C. Bauer and S. Grimme, Chem. Sci., 2017, 8, 4879.
     DOI: 10.1039/c7sc00601b
   
   for metadynamics refer to:
   * S. Grimme, J. Chem. Theory Comput., 2019, 155, 2847-2862
     DOI: 10.1021/acs.jctc.9b00143
   
   with help from (in alphabetical order)
   C. Bannwarth, F. Bohle, G. Brandenburg, E. Caldeweyher, M. Checinski,
   S. Dohm, S. Ehlert, S. Ehrlich, F. März, H. Neugebauer, J. Pisarek,
   P. Pracht, P. Shushkov, and S. Spicher.
   
 * started run on 2021/05/19 at 10:59:14.047     

           -------------------------------------------------
          |                Calculation Setup                |
           -------------------------------------------------

          program call               : /ihome/ghutchison/geoffh/xtb/xtb 159.xyz -opt
          hostname                   : smp-n83
          coordinate file            : 159.xyz
          omp threads                :                     1
          number of atoms            :                    17
          number of electrons        :                    56
          charge                     :                     0
          spin                       :                   0.0
          first test random number   :      0.79481396896727


########################################################################
# WARNING! Please study the warnings concerning your input carefully
#  - the use of '-opt' is discouraged, please use '--opt' next time
########################################################################

           ------------------------------------------------- 
          |                 G F N 2 - x T B                 |
          | Geometry, Frequencies, Noncovalent interactions |
          |            JCTC 2019 parametrisation            |
           ------------------------------------------------- 
             KAB for C  - Si     :                1.0500
             KAB for H  - Pd     :                0.9500
             k(s)              :                1.8500
             k(p)              :                2.2300
             k(d)              :                2.2300
             k(f)              :                2.0000
             kEN (H0ij)        :               -2.0000
             D4 a1             :                0.5200
             D4 a2             :                5.0000
             D4 s6             :                1.0000
             D4 s8             :                2.7000
             D4 s9             :                5.0000
             alphaj            :                2.0000

  Z AO/shell   Hii/eV     exponent
  1     Wed Apr 25 08:07:45 CEST 2018   EN: 2.200 GM2: 0.406  GM3: 0.0800  RAES: 1.40
     1s    -10.707211    1.230000
  6     Wed Apr 25 08:07:45 CEST 2018   EN: 2.550 GM2: 0.538  GM3: 0.1500  RAES: 3.00
     2s    -13.970922    2.096432
     2p    -10.063292    1.800000
  8     Wed Apr 25 08:07:45 CEST 2018   EN: 3.440 GM2: 0.452  GM3:-0.0517  RAES: 1.80
     2s    -20.229985    2.439742
     2p    -15.503117    2.137023
 16     Tue Apr 24 11:44:34 CEST 2018   EN: 2.580 GM2: 0.340  GM3:-0.0502  RAES: 3.10
     3s    -20.029654    1.981333
     3p    -11.377694    2.025643
     3d     -0.420282    1.702555

           ------------------------------------------------- 
          |        Self-Consistent Charge Iterations        |
           ------------------------------------------------- 

          ...................................................
          :                      SETUP                      :
          :.................................................:
          :  # basis functions                  62          :
          :  # atomic orbitals                  60          :
          :  # shells                           30          :
          :  # electrons                        56          :
          :  max. iterations                   250          :
          :  Hamiltonian                  GFN2-xTB          :
          :  restarted?                      false          :
          :  GBSA solvation                  false          :
          :  PC potential                    false          :
          :  electronic temp.          300.0000000     K    :
          :  accuracy                    1.0000000          :
          :  -> integral cutoff          0.2500000E+02      :
          :  -> integral neglect         0.1000000E-07      :
          :  -> SCF convergence          0.1000000E-05 Eh   :
          :  -> wf. convergence          0.1000000E-03 e    :
          :  Broyden damping             0.4000000          :
          ...................................................

 iter      E             dE          RMSdq      gap      omega  full diag
   1    -31.0884646 -0.310885E+02  0.460E+00    2.07       0.0  T
   2    -31.0981642 -0.969956E-02  0.277E+00    1.94       1.0  T
   3    -31.0756576  0.225067E-01  0.143E+00    2.04       1.0  T
   4    -31.1016964 -0.260389E-01  0.551E-01    1.89       1.0  T
   5    -31.1042747 -0.257831E-02  0.286E-01    1.92       1.0  T
   6    -31.1049128 -0.638023E-03  0.100E-01    1.94       1.0  T
   7    -31.1050291 -0.116347E-03  0.285E-02    1.93       1.0  T
   8    -31.1050322 -0.313765E-05  0.154E-02    1.93       1.6  T
   9    -31.1050329 -0.658546E-06  0.872E-03    1.93       2.8  T
  10    -31.1050333 -0.428127E-06  0.327E-03    1.93       7.4  T
  11    -31.1050334 -0.540936E-07  0.129E-03    1.93      18.9  T
  12    -31.1050334 -0.632924E-08  0.720E-04    1.93      33.7  T
  13    -31.1050334 -0.269438E-08  0.199E-04    1.93     122.1  T

   *** convergence criteria satisfied after 13 iterations ***

         #    Occupation            Energy/Eh            Energy/eV
      -------------------------------------------------------------
         1        2.0000           -0.7394798             -20.1223
       ...           ...                  ...                  ...
        22        2.0000           -0.4563796             -12.4187
        23        2.0000           -0.4498329             -12.2406
        24        2.0000           -0.4369357             -11.8896
        25        2.0000           -0.4247110             -11.5570
        26        2.0000           -0.4032520             -10.9730
        27        2.0000           -0.3941364             -10.7250
        28        2.0000           -0.3518185              -9.5735 (HOMO)
        29                         -0.2809594              -7.6453 (LUMO)
        30                         -0.2125936              -5.7850
        31                         -0.2076097              -5.6493
        32                         -0.2038391              -5.5467
        33                         -0.1980585              -5.3894
       ...                                ...                  ...
        60                          0.7279680              19.8090
      -------------------------------------------------------------
                  HL-Gap            0.0708591 Eh            1.9282 eV
             Fermi-level           -0.3163889 Eh           -8.6094 eV

 SCC (total)                   0 d,  0 h,  0 min,  0.045 sec
 SCC setup                      ...        0 min,  0.000 sec (  0.532%)
 Dispersion                     ...        0 min,  0.000 sec (  0.401%)
 integral evaluation            ...        0 min,  0.008 sec ( 16.994%)
 zeroth order Hamiltonian       ...        0 min,  0.000 sec (  0.339%)
 iterations                     ...        0 min,  0.025 sec ( 56.450%)
 molecular gradient             ...        0 min,  0.011 sec ( 24.424%)
 printout                       ...        0 min,  0.000 sec (  0.749%)

         :::::::::::::::::::::::::::::::::::::::::::::::::::::
         ::                     SUMMARY                     ::
         :::::::::::::::::::::::::::::::::::::::::::::::::::::
         :: total energy             -30.717696477472 Eh    ::
         :: gradient norm              0.087660757783 Eh/a0 ::
         :: HOMO-LUMO gap              1.928174036499 eV    ::
         ::.................................................::
         :: SCC energy               -31.105033396213 Eh    ::
         :: -> isotropic ES            0.023156985013 Eh    ::
         :: -> anisotropic ES          0.003002028061 Eh    ::
         :: -> anisotropic XC          0.009118275134 Eh    ::
         :: -> dispersion             -0.019576046807 Eh    ::
         :: repulsion energy           0.387261630459 Eh    ::
         :: add. restraining           0.000000000000 Eh    ::
         :::::::::::::::::::::::::::::::::::::::::::::::::::::

      ----------------------------------------------------------- 
     |                   =====================                   |
     |                        A N C O P T                        |
     |                   =====================                   |
     |               Approximate Normal Coordinate               |
     |                Rational Function Optimizer                |
      ----------------------------------------------------------- 

          ...................................................
          :                      SETUP                      :
          :.................................................:
          :   optimization level            normal          :
          :   max. optcycles                   200          :
          :   ANC micro-cycles                  20          :
          :   degrees of freedom                45          :
          :.................................................:
          :   RF solver                   davidson          :
          :   input Hessian                  false          :
          :   write xtbopt.log                true          :
          :   linear?                        false          :
          :   energy convergence         0.5000000E-05 Eh   :
          :   grad. convergence          0.1000000E-02 Eh/α :
          :   maximium RF displ.         2.0000000          :
          :   Hlow (freq-cutoff)         0.5000000E-02      :
          :   Hmax (freq-cutoff)         5.0000000          :
          :   S6 in model hess.         20.0000000          :
          ...................................................

generating ANC from model Hessian ...
Using Lindh-Hessian (1995)
 Shifting diagonal of input Hessian by   2.756331199493553E-003
 Lowest  eigenvalues of input Hessian
   -0.000000   -0.000000   -0.000000    0.000000    0.000000    0.000000
    0.005000    0.008139    0.012547    0.014807    0.015667    0.020077
    0.023083    0.031115    0.038088    0.038736    0.051509    0.055969
 Highest eigenvalues
    1.559750    1.683696    1.762595    1.850568    2.035112    2.052342
 

........................................................................
.............................. CYCLE    1 ..............................
........................................................................
   1    -31.1050334 -0.311050E+02  0.956E-05    1.93       0.0  T
   2    -31.1050334 -0.376765E-10  0.618E-05    1.93     392.5  T
   3    -31.1050334 -0.288125E-10  0.375E-05    1.93     647.5  T
     SCC iter.                  ...        0 min,  0.003 sec
     gradient                   ...        0 min,  0.011 sec
 * total energy  :   -30.7176965 Eh     change        0.8086118E-08 Eh
   gradient norm :     0.0876620 Eh/α   predicted     0.0000000E+00 (-100.00%)
   displ. norm   :     0.2931818 α      lambda       -0.1301398E-01
   maximum displ.:     0.2012560 α      in ANC's #10, #19, #8, ...

........................................................................
.............................. CYCLE    2 ..............................
........................................................................
   1    -31.1324993 -0.311325E+02  0.259E-01    1.99       0.0  T
   2    -31.1325689 -0.695730E-04  0.152E-01    1.98       1.0  T
   3    -31.1325351  0.338447E-04  0.793E-02    1.97       1.0  T
   4    -31.1326024 -0.673390E-04  0.249E-02    1.97       1.0  T
   5    -31.1326063 -0.388706E-05  0.942E-03    1.97       2.6  T
   6    -31.1326068 -0.559608E-06  0.417E-03    1.97       5.8  T
   7    -31.1326069 -0.835503E-07  0.231E-03    1.97      10.5  T
     SCC iter.                  ...        0 min,  0.006 sec
     gradient                   ...        0 min,  0.010 sec
 * total energy  :   -30.7266022 Eh     change       -0.8905699E-02 Eh
   gradient norm :     0.0402597 Eh/α   predicted    -0.7066302E-02 ( -20.65%)
   displ. norm   :     0.1607893 α      lambda       -0.3207914E-02
   maximum displ.:     0.0961466 α      in ANC's #10, #19, #25, ...

........................................................................
.............................. CYCLE    3 ..............................
........................................................................
   1    -31.1441492 -0.311441E+02  0.184E-01    2.05       0.0  T
   2    -31.1441863 -0.370998E-04  0.109E-01    2.03       1.0  T
   3    -31.1441710  0.153387E-04  0.580E-02    2.03       1.0  T
   4    -31.1442039 -0.329246E-04  0.168E-02    2.03       1.4  T
   5    -31.1442049 -0.987157E-06  0.892E-03    2.03       2.7  T
   6    -31.1442057 -0.807597E-06  0.444E-03    2.03       5.5  T
   7    -31.1442059 -0.211821E-06  0.179E-03    2.03      13.5  T
     SCC iter.                  ...        0 min,  0.006 sec
     gradient                   ...        0 min,  0.010 sec
 * total energy  :   -30.7283055 Eh     change       -0.1703293E-02 Eh
   gradient norm :     0.0103749 Eh/α   predicted    -0.1645422E-02 (  -3.40%)
   displ. norm   :     0.0442589 α      lambda       -0.1677514E-03
   maximum displ.:     0.0267935 α      in ANC's #8, #17, #5, ...

........................................................................
.............................. CYCLE    4 ..............................
........................................................................
   1    -31.1428283 -0.311428E+02  0.526E-02    2.04       0.0  T
   2    -31.1428300 -0.171600E-05  0.296E-02    2.04       1.0  T
   3    -31.1428267  0.335097E-05  0.183E-02    2.04       1.3  T
   4    -31.1428309 -0.426580E-05  0.639E-03    2.04       3.8  T
   5    -31.1428312 -0.245334E-06  0.370E-03    2.04       6.6  T
   6    -31.1428313 -0.121403E-06  0.999E-04    2.04      24.3  T
   7    -31.1428313 -0.517824E-08  0.572E-04    2.04      42.4  T
     SCC iter.                  ...        0 min,  0.006 sec
     gradient                   ...        0 min,  0.010 sec
 * total energy  :   -30.7284155 Eh     change       -0.1100080E-03 Eh
   gradient norm :     0.0044837 Eh/α   predicted    -0.8404118E-04 ( -23.60%)
   displ. norm   :     0.0258416 α      lambda       -0.3881244E-04
   maximum displ.:     0.0203317 α      in ANC's #8, #17, #5, ...

........................................................................
.............................. CYCLE    5 ..............................
........................................................................
   1    -31.1423010 -0.311423E+02  0.311E-02    2.04       0.0  T
   2    -31.1423015 -0.548940E-06  0.176E-02    2.04       1.4  T
   3    -31.1422999  0.160943E-05  0.119E-02    2.04       2.0  T
   4    -31.1423018 -0.191785E-05  0.387E-03    2.04       6.3  T
   5    -31.1423019 -0.102687E-06  0.199E-03    2.04      12.2  T
   6    -31.1423020 -0.262639E-07  0.700E-04    2.04      34.7  T
     SCC iter.                  ...        0 min,  0.005 sec
     gradient                   ...        0 min,  0.011 sec
 * total energy  :   -30.7284359 Eh     change       -0.2041820E-04 Eh
   gradient norm :     0.0013080 Eh/α   predicted    -0.1942002E-04 (  -4.89%)
   displ. norm   :     0.0113807 α      lambda       -0.3212531E-05
   maximum displ.:     0.0063988 α      in ANC's #7, #8, #1, ...

........................................................................
.............................. CYCLE    6 ..............................
........................................................................
   1    -31.1424289 -0.311424E+02  0.275E-02    2.04       0.0  T
   2    -31.1424291 -0.257574E-06  0.132E-02    2.04       1.8  T
   3    -31.1424287  0.431196E-06  0.618E-03    2.04       3.9  T
   4    -31.1424292 -0.521828E-06  0.222E-03    2.04      10.9  T
   5    -31.1424292 -0.207123E-07  0.122E-03    2.04      19.8  T
   6    -31.1424293 -0.997687E-08  0.369E-04    2.04      65.8  T
   7    -31.1424293 -0.123671E-08  0.109E-04    2.04     223.0  T
     SCC iter.                  ...        0 min,  0.006 sec
     gradient                   ...        0 min,  0.011 sec
 * total energy  :   -30.7284374 Eh     change       -0.1528981E-05 Eh
   gradient norm :     0.0005501 Eh/α   predicted    -0.1605238E-05 (   4.99%)
   displ. norm   :     0.0064236 α      lambda       -0.1106929E-05
   maximum displ.:     0.0038758 α      in ANC's #7, #1, #11, ...

   *** GEOMETRY OPTIMIZATION CONVERGED AFTER 6 ITERATIONS ***

------------------------------------------------------------------------
 total energy gain   :        -0.0107409 Eh       -6.7400 kcal/mol
 total RMSD          :         0.1091129 a0        0.0577 Å
 total power (kW/mol):        -4.7000555 (step) -189.4050 (real)
------------------------------------------------------------------------

 ANCopt (total)                0 d,  0 h,  0 min,  0.149 sec
 optimizer setup                ...        0 min,  0.000 sec (  0.097%)
 model hessian                  ...        0 min,  0.002 sec (  1.227%)
 ANC generation                 ...        0 min,  0.000 sec (  0.328%)
 coordinate transformation      ...        0 min,  0.000 sec (  0.058%)
 single point calculation       ...        0 min,  0.144 sec ( 96.801%)
 optimization log               ...        0 min,  0.000 sec (  0.331%)
 hessian update                 ...        0 min,  0.000 sec (  0.047%)
 rational function              ...        0 min,  0.001 sec (  0.804%)

================
 final structure:
================
$coord
   -2.95332412972934   -2.32634592773803    0.31423201038064      C 
   -5.14569871698572    0.03889357561104    0.46321910964162      S 
   -2.88629510005947    2.32277841853154    0.29196718590322      C 
   -0.50099398365825    1.31038535972694    0.12947082746734      C 
   -0.52563298909796   -1.41371147906491    0.14098051690792      C 
    1.82217607995930   -2.71787071565649   -0.01876433767674      C 
    2.03453012511431   -6.05832401216740   -0.01904452717182      S 
    4.01262501989986   -1.36346937861378   -0.17579486509867      C 
    4.02595285527993    1.30159341227338   -0.18489203110489      C 
    1.82990349468324    2.64623513582181   -0.03649298779820      C 
    1.71995249120186    5.21518324527181   -0.03706620320231      O 
   -3.59822024141569   -4.24668753350987    0.36819807848174      H 
   -3.38969993771606    4.28214314457553    0.31953861434292      H 
   -0.42871617567753   -6.52357746858502    0.10216871484413      H 
    5.79061054418697   -2.35458592597184   -0.29866548667845      H 
    5.81834522627715    2.27356120137929   -0.31393531140810      H 
    3.40749921463326    5.89643490265417   -0.15537963912274      H 
$end
           -------------------------------------------------
          |                Final Singlepoint                |
           -------------------------------------------------

          ...................................................
          :                      SETUP                      :
          :.................................................:
          :  # basis functions                  62          :
          :  # atomic orbitals                  60          :
          :  # shells                           30          :
          :  # electrons                        56          :
          :  max. iterations                   250          :
          :  Hamiltonian                  GFN2-xTB          :
          :  restarted?                      false          :
          :  GBSA solvation                  false          :
          :  PC potential                    false          :
          :  electronic temp.          300.0000000     K    :
          :  accuracy                    1.0000000          :
          :  -> integral cutoff          0.2500000E+02      :
          :  -> integral neglect         0.1000000E-07      :
          :  -> SCF convergence          0.1000000E-05 Eh   :
          :  -> wf. convergence          0.1000000E-03 e    :
          :  Broyden damping             0.4000000          :
          ...................................................

 iter      E             dE          RMSdq      gap      omega  full diag
   1    -31.1424293 -0.311424E+02  0.538E-05    2.04       0.0  T
   2    -31.1424293 -0.101679E-10  0.320E-05    2.04     758.6  T
   3    -31.1424293 -0.160156E-10  0.159E-05    2.04    1526.1  T

   *** convergence criteria satisfied after 3 iterations ***

         #    Occupation            Energy/Eh            Energy/eV
      -------------------------------------------------------------
         1        2.0000           -0.7425971             -20.2071
       ...           ...                  ...                  ...
        22        2.0000           -0.4616153             -12.5612
        23        2.0000           -0.4464293             -12.1480
        24        2.0000           -0.4404576             -11.9855
        25        2.0000           -0.4233919             -11.5211
        26        2.0000           -0.4070348             -11.0760
        27        2.0000           -0.3930786             -10.6962
        28        2.0000           -0.3541976              -9.6382 (HOMO)
        29                         -0.2791674              -7.5965 (LUMO)
        30                         -0.2092203              -5.6932
        31                         -0.2081980              -5.6654
        32                         -0.2013053              -5.4778
        33                         -0.1985415              -5.4026
       ...                                ...                  ...
        60                          0.7301800              19.8692
      -------------------------------------------------------------
                  HL-Gap            0.0750301 Eh            2.0417 eV
             Fermi-level           -0.3166825 Eh           -8.6174 eV

 SCC (total)                   0 d,  0 h,  0 min,  0.023 sec
 SCC setup                      ...        0 min,  0.000 sec (  0.726%)
 Dispersion                     ...        0 min,  0.000 sec (  0.629%)
 integral evaluation            ...        0 min,  0.007 sec ( 32.933%)
 zeroth order Hamiltonian       ...        0 min,  0.000 sec (  0.598%)
 iterations                     ...        0 min,  0.003 sec ( 14.710%)
 molecular gradient             ...        0 min,  0.011 sec ( 48.790%)
 printout                       ...        0 min,  0.000 sec (  1.385%)

         :::::::::::::::::::::::::::::::::::::::::::::::::::::
         ::                     SUMMARY                     ::
         :::::::::::::::::::::::::::::::::::::::::::::::::::::
         :: total energy             -30.728437411408 Eh    ::
         :: gradient norm              0.000550110739 Eh/a0 ::
         :: HOMO-LUMO gap              2.041673952886 eV    ::
         ::.................................................::
         :: SCC energy               -31.142429251725 Eh    ::
         :: -> isotropic ES            0.023848961899 Eh    ::
         :: -> anisotropic ES          0.002339808888 Eh    ::
         :: -> anisotropic XC          0.009195148985 Eh    ::
         :: -> dispersion             -0.019658208141 Eh    ::
         :: repulsion energy           0.413914073070 Eh    ::
         :: add. restraining           0.000000000000 Eh    ::
         :::::::::::::::::::::::::::::::::::::::::::::::::::::

           -------------------------------------------------
          |                Property Printout                |
           -------------------------------------------------

    * Orbital Energies and Occupations

         #    Occupation            Energy/Eh            Energy/eV
      -------------------------------------------------------------
         1        2.0000           -0.7425971             -20.2071
       ...           ...                  ...                  ...
        16        2.0000           -0.5077576             -13.8168
        17        2.0000           -0.4971733             -13.5288
        18        2.0000           -0.4879484             -13.2778
        19        2.0000           -0.4815828             -13.1045
        20        2.0000           -0.4722160             -12.8497
        21        2.0000           -0.4623035             -12.5799
        22        2.0000           -0.4616153             -12.5612
        23        2.0000           -0.4464293             -12.1480
        24        2.0000           -0.4404576             -11.9855
        25        2.0000           -0.4233919             -11.5211
        26        2.0000           -0.4070348             -11.0760
        27        2.0000           -0.3930786             -10.6962
        28        2.0000           -0.3541976              -9.6382 (HOMO)
        29                         -0.2791674              -7.5965 (LUMO)
        30                         -0.2092203              -5.6932
        31                         -0.2081980              -5.6654
        32                         -0.2013053              -5.4778
        33                         -0.1985415              -5.4026
        34                         -0.1258712              -3.4251
        35                         -0.1158095              -3.1513
        36                         -0.0996987              -2.7129
        37                         -0.0191286              -0.5205
        38                         -0.0139384              -0.3793
        39                         -0.0063385              -0.1725
       ...                                ...                  ...
        60                          0.7301800              19.8692
      -------------------------------------------------------------
                  HL-Gap            0.0750301 Eh            2.0417 eV
             Fermi-level           -0.3166825 Eh           -8.6174 eV

     #   Z        covCN         q      C6AA      α(0)
     1   6 C      2.933    -0.037    28.922     8.820
     2  16 S      2.307     0.021   140.182    19.927
     3   6 C      2.927    -0.026    28.642     8.777
     4   6 C      3.193    -0.012    27.798     8.598
     5   6 C      3.186    -0.009    27.765     8.598
     6   6 C      2.953     0.039    27.126     8.543
     7  16 S      1.980    -0.244   151.515    20.717
     8   6 C      2.978    -0.043    29.068     8.844
     9   6 C      2.914    -0.079    29.975     8.978
    10   6 C      2.835     0.136    25.028     8.198
    11   8 O      1.659    -0.390    20.659     6.136
    12   1 H      0.926     0.039     2.460     2.453
    13   1 H      0.927     0.060     2.198     2.318
    14   1 H      0.923     0.168     1.279     1.768
    15   1 H      0.926     0.044     2.396     2.420
    16   1 H      0.926     0.030     2.586     2.515
    17   1 H      0.805     0.303     0.713     1.326

 Mol. C6AA /au·bohr⁶  :       6257.602803
 Mol. C8AA /au·bohr⁸  :     198047.027740
 Mol. α(0) /au        :        128.935595


Wiberg/Mayer (AO) data.
largest (>0.10) Wiberg bond orders for each atom
          total WBO             WBO to atom ...
     1  C   3.938        C    5 1.480    S    2 1.232    H   12 0.964    C    3 0.149
     2  S   2.733        C    3 1.248    C    1 1.232
     3  C   3.946        C    4 1.479    S    2 1.248    H   13 0.968    C    1 0.149
     4  C   3.986        C    3 1.479    C   10 1.166    C    5 1.152
     5  C   3.986        C    1 1.480    C    6 1.184    C    4 1.152
     6  C   3.956        C    8 1.544    C    5 1.184    S    7 1.039
     7  S   2.168        C    6 1.039    H   14 0.950
     8  C   3.990        C    6 1.544    C    9 1.278    H   15 0.968
     9  C   3.983        C   10 1.516    C    8 1.278    H   16 0.965
    10  C   3.938        C    9 1.516    C    4 1.166    O   11 1.071
    11  O   2.119        C   10 1.071    H   17 0.887
    12  H   0.998        C    1 0.964
    13  H   0.996        C    3 0.968
    14  H   0.972        S    7 0.950
    15  H   0.997        C    8 0.968
    16  H   0.998        C    9 0.965
    17  H   0.908        O   11 0.887

molecular dipole:
                 x           y           z       tot (Debye)
 q only:       -0.211       0.423       0.005
   full:        0.086       0.679      -0.018       1.741
molecular quadrupole (traceless):
                xx          xy          yy          xz          yz          zz
 q only:        3.220       8.672      -0.916      -0.444      -0.456      -2.305
  q+dip:        5.324      12.433      -1.887      -0.637      -0.656      -3.437
   full:        3.816      12.667      -1.798      -0.414      -0.664      -2.018

           -------------------------------------------------
          |                Geometry Summary                 |
           -------------------------------------------------

      molecular mass/u    :      182.2548000
   center of mass at/Å    :       -0.0192212      -0.3284113       0.0557555
  moments of inertia/u·Å² :        0.4681608E+03   0.6178747E+03   0.1086034E+04
rotational constants/cm⁻¹ :        0.3600821E-01   0.2728325E-01   0.1552220E-01

 * 17 selected distances

     #   Z        #   Z                                     value/Å
     1   6 C      2  16 S                                 1.7084364 (max)
     2  16 S      3   6 C                                 1.7024679
     3   6 C      4   6 C                                 1.3739266
     1   6 C      5   6 C                                 1.3755150
     4   6 C      5   6 C                                 1.4416019
     5   6 C      6   6 C                                 1.4237285
     6   6 C      8   6 C                                 1.3653520
     8   6 C      9   6 C                                 1.4103165
     4   6 C     10   6 C                                 1.4243739
     9   6 C     10   6 C                                 1.3648995
    10   6 C     11   8 O                                 1.3606735
     1   6 C     12   1 H                                 1.0723533
     3   6 C     13   1 H                                 1.0706247
     7  16 S     14   1 H                                 1.3280911
     8   6 C     15   1 H                                 1.0791379
     9   6 C     16   1 H                                 1.0811344
    11   8 O     17   1 H                                 0.9650655 (min)

 * 6 distinct bonds (by element types)

   Z      Z             #   av. dist./Å        max./Å        min./Å
   1 H    6 C           4     1.0758126     1.0811344     1.0706247
   6 C    6 C           8     1.3974642     1.4416019     1.3648995
   1 H    8 O           1     0.9650655     0.9650655     0.9650655
   6 C    8 O           1     1.3606735     1.3606735     1.3606735
   1 H   16 S           1     1.3280911     1.3280911     1.3280911
   6 C   16 S           2     1.7054522     1.7084364     1.7024679


optimized geometry written to: xtbopt.xyz


           -------------------------------------------------
          | TOTAL ENERGY              -30.728437411408 Eh   |
          | GRADIENT NORM               0.000550110739 Eh/α |
          | HOMO-LUMO GAP               2.041673952886 eV   |
           -------------------------------------------------

------------------------------------------------------------------------
 * finished run on 2021/05/19 at 10:59:14.298     
------------------------------------------------------------------------
 total:
 * wall-time:     0 d,  0 h,  0 min,  0.251 sec
 *  cpu-time:     0 d,  0 h,  0 min,  0.224 sec
 * ratio c/w:     0.892 speedup
 SCF:
 * wall-time:     0 d,  0 h,  0 min,  0.045 sec
 *  cpu-time:     0 d,  0 h,  0 min,  0.032 sec
 * ratio c/w:     0.713 speedup
 ANC optimizer:
 * wall-time:     0 d,  0 h,  0 min,  0.172 sec
 *  cpu-time:     0 d,  0 h,  0 min,  0.172 sec
 * ratio c/w:     1.000 speedup

