      -----------------------------------------------------------      
     |                   =====================                   |     
     |                           x T B                           |     
     |                   =====================                   |     
     |                         S. Grimme                         |     
     |          Mulliken Center for Theoretical Chemistry        |     
     |                    University of Bonn                     |     
     |                Version 6.2 RC2 (SAW190805)                |     
      -----------------------------------------------------------      

   This program is distributed in the hope that it will be useful,
   but WITHOUT ANY WARRANTY; without even the implied warranty of
   MERCHANTABILITY or FITNESS FOR A PARTICULAR PURPOSE.
   
   FOR NON-COMMERCIAL, ACADEMIA USE ONLY.
   
   Cite this work as:
   * S. Grimme, C. Bannwarth, P. Shushkov, J. Chem. Theory Comput., 2017,
     13, 1989-2009. DOI: 10.1021/acs.jctc.7b00118
   * C. Bannwarth, S. Ehlert and S. Grimme., J. Chem. Theory Comput., 2019,
     15, 1652-1671. DOI: 10.1021/acs.jctc.8b01176
   * P. Pracht, E. Caldeweyher, S. Ehlert, S. Grimme, ChemRxiv, 2019, preprint.
     DOI: 10.26434/chemrxiv.8326202.v1
   
   for DFT-D4:
   * E. Caldeweyher, C. Bannwarth and S. Grimme, J. Chem. Phys., 2017,
     147, 034112. DOI: 10.1063/1.4993215
   * E. Caldeweyher, S. Ehlert, A. Hansen, H. Neugebauer, S. Spicher,
     C. Bannwarth and S. Grimme, J. Chem. Phys., 2019, 150, 154122.
     DOI: 10.1063/1.5090222
   
   for sTDA-xTB:
   * S. Grimme and C. Bannwarth, J. Chem. Phys., 2016, 145, 054103.
     DOI: 10.1063/1.4959605
   
   in the mass-spec context:
   * V. Asgeirsson, C. Bauer and S. Grimme, Chem. Sci., 2017, 8, 4879.
     DOI: 10.1039/c7sc00601b
   
   for metadynamics refer to:
   * S. Grimme, J. Chem. Theory Comput., 2019, 155, 2847-2862
     DOI: 10.1021/acs.jctc.9b00143
   
   with help from (in alphabetical order)
   C. Bannwarth, F. Bohle, G. Brandenburg, E. Caldeweyher, M. Checinski,
   S. Dohm, S. Ehlert, S. Ehrlich, F. März, H. Neugebauer, J. Pisarek,
   P. Pracht, P. Shushkov, and S. Spicher.
   
 * started run on 2021/05/19 at 10:59:19.330     

           -------------------------------------------------
          |                Calculation Setup                |
           -------------------------------------------------

          program call               : /ihome/ghutchison/geoffh/xtb/xtb 173.xyz -opt
          hostname                   : smp-n83
          coordinate file            : 173.xyz
          omp threads                :                     1
          number of atoms            :                    22
          number of electrons        :                    52
          charge                     :                     0
          spin                       :                   0.0
          first test random number   :      0.99512672451593


########################################################################
# WARNING! Please study the warnings concerning your input carefully
#  - the use of '-opt' is discouraged, please use '--opt' next time
########################################################################

           ------------------------------------------------- 
          |                 G F N 2 - x T B                 |
          | Geometry, Frequencies, Noncovalent interactions |
          |            JCTC 2019 parametrisation            |
           ------------------------------------------------- 
             KAB for C  - Si     :                1.0500
             KAB for H  - Pd     :                0.9500
             k(s)              :                1.8500
             k(p)              :                2.2300
             k(d)              :                2.2300
             k(f)              :                2.0000
             kEN (H0ij)        :               -2.0000
             D4 a1             :                0.5200
             D4 a2             :                5.0000
             D4 s6             :                1.0000
             D4 s8             :                2.7000
             D4 s9             :                5.0000
             alphaj            :                2.0000

  Z AO/shell   Hii/eV     exponent
  1     Wed Apr 25 08:07:45 CEST 2018   EN: 2.200 GM2: 0.406  GM3: 0.0800  RAES: 1.40
     1s    -10.707211    1.230000
  6     Wed Apr 25 08:07:45 CEST 2018   EN: 2.550 GM2: 0.538  GM3: 0.1500  RAES: 3.00
     2s    -13.970922    2.096432
     2p    -10.063292    1.800000

           ------------------------------------------------- 
          |        Self-Consistent Charge Iterations        |
           ------------------------------------------------- 

          ...................................................
          :                      SETUP                      :
          :.................................................:
          :  # basis functions                  52          :
          :  # atomic orbitals                  52          :
          :  # shells                           32          :
          :  # electrons                        52          :
          :  max. iterations                   250          :
          :  Hamiltonian                  GFN2-xTB          :
          :  restarted?                      false          :
          :  GBSA solvation                  false          :
          :  PC potential                    false          :
          :  electronic temp.          300.0000000     K    :
          :  accuracy                    1.0000000          :
          :  -> integral cutoff          0.2500000E+02      :
          :  -> integral neglect         0.1000000E-07      :
          :  -> SCF convergence          0.1000000E-05 Eh   :
          :  -> wf. convergence          0.1000000E-03 e    :
          :  Broyden damping             0.4000000          :
          ...................................................

 iter      E             dE          RMSdq      gap      omega  full diag
   1    -27.9418393 -0.279418E+02  0.419E+00    3.73       0.0  T
   2    -27.9706346 -0.287953E-01  0.245E+00    3.72       1.0  T
   3    -27.9706836 -0.489799E-04  0.636E-01    3.70       1.0  T
   4    -27.9712148 -0.531168E-03  0.252E-01    3.70       1.0  T
   5    -27.9724425 -0.122775E-02  0.601E-02    3.70       1.0  T
   6    -27.9724657 -0.232081E-04  0.324E-02    3.70       1.0  T
   7    -27.9724663 -0.578441E-06  0.174E-02    3.70       1.2  T
   8    -27.9724702 -0.394666E-05  0.410E-03    3.70       5.2  T
   9    -27.9724705 -0.297852E-06  0.937E-04    3.70      22.8  T
  10    -27.9724705 -0.369454E-08  0.465E-04    3.70      45.8  T

   *** convergence criteria satisfied after 10 iterations ***

         #    Occupation            Energy/Eh            Energy/eV
      -------------------------------------------------------------
         1        2.0000           -0.6376879             -17.3524
       ...           ...                  ...                  ...
        20        2.0000           -0.4414044             -12.0112
        21        2.0000           -0.4344083             -11.8209
        22        2.0000           -0.4250281             -11.5656
        23        2.0000           -0.4146883             -11.2842
        24        2.0000           -0.4088579             -11.1256
        25        2.0000           -0.3908281             -10.6350
        26        2.0000           -0.3791819             -10.3181 (HOMO)
        27                         -0.2430924              -6.6149 (LUMO)
        28                         -0.2202598              -5.9936
        29                         -0.1784192              -4.8550
        30                         -0.0882492              -2.4014
        31                          0.0858172               2.3352
       ...                                ...                  ...
        52                          0.6348928              17.2763
      -------------------------------------------------------------
                  HL-Gap            0.1360895 Eh            3.7032 eV
             Fermi-level           -0.3111371 Eh           -8.4665 eV

 SCC (total)                   0 d,  0 h,  0 min,  0.025 sec
 SCC setup                      ...        0 min,  0.000 sec (  1.104%)
 Dispersion                     ...        0 min,  0.000 sec (  1.192%)
 integral evaluation            ...        0 min,  0.005 sec ( 21.571%)
 zeroth order Hamiltonian       ...        0 min,  0.000 sec (  0.507%)
 iterations                     ...        0 min,  0.009 sec ( 36.597%)
 molecular gradient             ...        0 min,  0.009 sec ( 37.314%)
 printout                       ...        0 min,  0.000 sec (  1.483%)

         :::::::::::::::::::::::::::::::::::::::::::::::::::::
         ::                     SUMMARY                     ::
         :::::::::::::::::::::::::::::::::::::::::::::::::::::
         :: total energy             -27.488776344709 Eh    ::
         :: gradient norm              0.035255527230 Eh/a0 ::
         :: HOMO-LUMO gap              3.703183394294 eV    ::
         ::.................................................::
         :: SCC energy               -27.972470547561 Eh    ::
         :: -> isotropic ES            0.002705218338 Eh    ::
         :: -> anisotropic ES          0.005863394057 Eh    ::
         :: -> anisotropic XC          0.020643329487 Eh    ::
         :: -> dispersion             -0.018265963616 Eh    ::
         :: repulsion energy           0.483581775006 Eh    ::
         :: add. restraining           0.000000000000 Eh    ::
         :::::::::::::::::::::::::::::::::::::::::::::::::::::

      ----------------------------------------------------------- 
     |                   =====================                   |
     |                        A N C O P T                        |
     |                   =====================                   |
     |               Approximate Normal Coordinate               |
     |                Rational Function Optimizer                |
      ----------------------------------------------------------- 

          ...................................................
          :                      SETUP                      :
          :.................................................:
          :   optimization level            normal          :
          :   max. optcycles                   200          :
          :   ANC micro-cycles                  20          :
          :   degrees of freedom                60          :
          :.................................................:
          :   RF solver                   davidson          :
          :   input Hessian                  false          :
          :   write xtbopt.log                true          :
          :   linear?                        false          :
          :   energy convergence         0.5000000E-05 Eh   :
          :   grad. convergence          0.1000000E-02 Eh/α :
          :   maximium RF displ.         2.0000000          :
          :   Hlow (freq-cutoff)         0.5000000E-02      :
          :   Hmax (freq-cutoff)         5.0000000          :
          :   S6 in model hess.         20.0000000          :
          ...................................................

generating ANC from model Hessian ...
Using Lindh-Hessian (1995)
 Shifting diagonal of input Hessian by   3.177165446389431E-003
 Lowest  eigenvalues of input Hessian
   -0.000000   -0.000000   -0.000000   -0.000000    0.000000    0.000000
    0.005000    0.005727    0.006539    0.007509    0.008925    0.011394
    0.014738    0.017568    0.019813    0.023896    0.026315    0.038341
 Highest eigenvalues
    1.516647    1.571200    1.775516    1.863167    1.922407    1.961957
 

........................................................................
.............................. CYCLE    1 ..............................
........................................................................
   1    -27.9724705 -0.279725E+02  0.102E-04    3.70       0.0  T
   2    -27.9724705 -0.399183E-10  0.699E-05    3.70     305.0  T
   3    -27.9724705 -0.391651E-10  0.394E-05    3.70     540.8  T
     SCC iter.                  ...        0 min,  0.003 sec
     gradient                   ...        0 min,  0.009 sec
 * total energy  :   -27.4887764 Eh     change       -0.2683886E-07 Eh
   gradient norm :     0.0352549 Eh/α   predicted     0.0000000E+00 (-100.00%)
   displ. norm   :     0.2159303 α      lambda       -0.3829035E-02
   maximum displ.:     0.1064733 α      in ANC's #9, #20, #11, ...

........................................................................
.............................. CYCLE    2 ..............................
........................................................................
   1    -28.0012795 -0.280013E+02  0.914E-02    3.77       0.0  T
   2    -28.0012847 -0.521581E-05  0.547E-02    3.77       1.0  T
   3    -28.0012791  0.562687E-05  0.217E-02    3.77       1.0  T
   4    -28.0012856 -0.646683E-05  0.481E-03    3.77       4.4  T
   5    -28.0012859 -0.375685E-06  0.157E-03    3.77      13.6  T
   6    -28.0012860 -0.301078E-07  0.756E-04    3.77      28.2  T
     SCC iter.                  ...        0 min,  0.005 sec
     gradient                   ...        0 min,  0.009 sec
 * total energy  :   -27.4910691 Eh     change       -0.2292696E-02 Eh
   gradient norm :     0.0092812 Eh/α   predicted    -0.2003784E-02 ( -12.60%)
   displ. norm   :     0.0937050 α      lambda       -0.3060864E-03
   maximum displ.:     0.0490889 α      in ANC's #8, #9, #7, ...

........................................................................
.............................. CYCLE    3 ..............................
........................................................................
   1    -28.0081803 -0.280082E+02  0.392E-02    3.78       0.0  T
   2    -28.0081815 -0.123247E-05  0.228E-02    3.78       1.0  T
   3    -28.0081806  0.879481E-06  0.848E-03    3.78       2.5  T
   4    -28.0081818 -0.111356E-05  0.147E-03    3.78      14.5  T
   5    -28.0081818 -0.450726E-07  0.483E-04    3.78      44.1  T
     SCC iter.                  ...        0 min,  0.004 sec
     gradient                   ...        0 min,  0.008 sec
 * total energy  :   -27.4912271 Eh     change       -0.1580657E-03 Eh
   gradient norm :     0.0029773 Eh/α   predicted    -0.1543967E-03 (  -2.32%)
   displ. norm   :     0.0461642 α      lambda       -0.4717669E-04
   maximum displ.:     0.0222369 α      in ANC's #9, #6, #2, ...

........................................................................
.............................. CYCLE    4 ..............................
........................................................................
   1    -28.0083637 -0.280084E+02  0.265E-02    3.78       0.0  T
   2    -28.0083639 -0.212407E-06  0.159E-02    3.78       1.3  T
   3    -28.0083632  0.722684E-06  0.570E-03    3.78       3.7  T
   4    -28.0083640 -0.834514E-06  0.901E-04    3.78      23.7  T
   5    -28.0083640 -0.109466E-07  0.433E-04    3.78      49.3  T
     SCC iter.                  ...        0 min,  0.004 sec
     gradient                   ...        0 min,  0.009 sec
 * total energy  :   -27.4912479 Eh     change       -0.2076663E-04 Eh
   gradient norm :     0.0014642 Eh/α   predicted    -0.2364648E-04 (  13.87%)
   displ. norm   :     0.0510756 α      lambda       -0.1914256E-04
   maximum displ.:     0.0304206 α      in ANC's #3, #1, #2, ...

........................................................................
.............................. CYCLE    5 ..............................
........................................................................
   1    -28.0071693 -0.280072E+02  0.275E-02    3.78       0.0  T
   2    -28.0071694 -0.105351E-06  0.164E-02    3.78       1.3  T
   3    -28.0071687  0.633072E-06  0.537E-03    3.78       4.0  T
   4    -28.0071694 -0.704265E-06  0.699E-04    3.78      30.5  T
   5    -28.0071694 -0.506349E-08  0.342E-04    3.78      62.4  T
     SCC iter.                  ...        0 min,  0.004 sec
     gradient                   ...        0 min,  0.009 sec
 * total energy  :   -27.4912584 Eh     change       -0.1054254E-04 Eh
   gradient norm :     0.0012605 Eh/α   predicted    -0.9582608E-05 (  -9.11%)
   displ. norm   :     0.0320355 α      lambda       -0.8729351E-05
   maximum displ.:     0.0166478 α      in ANC's #1, #3, #5, ...

........................................................................
.............................. CYCLE    6 ..............................
........................................................................
   1    -28.0070587 -0.280071E+02  0.191E-02    3.78       0.0  T
   2    -28.0070587 -0.143535E-07  0.112E-02    3.78       1.9  T
   3    -28.0070586  0.102245E-06  0.220E-03    3.78       9.7  T
   4    -28.0070587 -0.114404E-06  0.226E-04    3.78      94.2  T
   5    -28.0070587 -0.422904E-09  0.126E-04    3.78     169.7  T
     SCC iter.                  ...        0 min,  0.004 sec
     gradient                   ...        0 min,  0.009 sec
 * total energy  :   -27.4912650 Eh     change       -0.6533758E-05 Eh
   gradient norm :     0.0009287 Eh/α   predicted    -0.4367408E-05 ( -33.16%)
   displ. norm   :     0.0358698 α      lambda       -0.5326443E-05
   maximum displ.:     0.0247988 α      in ANC's #3, #1, #5, ...

........................................................................
.............................. CYCLE    7 ..............................
........................................................................
   1    -28.0075457 -0.280075E+02  0.217E-02    3.79       0.0  T
   2    -28.0075458 -0.206255E-07  0.128E-02    3.79       1.7  T
   3    -28.0075456  0.163432E-06  0.263E-03    3.79       8.1  T
   4    -28.0075458 -0.183212E-06  0.280E-04    3.79      76.1  T
   5    -28.0075458 -0.861242E-09  0.153E-04    3.79     139.4  T
     SCC iter.                  ...        0 min,  0.004 sec
     gradient                   ...        0 min,  0.009 sec
 * total energy  :   -27.4912702 Eh     change       -0.5242057E-05 Eh
   gradient norm :     0.0004325 Eh/α   predicted    -0.2665219E-05 ( -49.16%)
   displ. norm   :     0.0331333 α      lambda       -0.2354054E-05
   maximum displ.:     0.0245732 α      in ANC's #3, #1, #5, ...

........................................................................
.............................. CYCLE    8 ..............................
........................................................................
   1    -28.0076378 -0.280076E+02  0.184E-02    3.79       0.0  T
   2    -28.0076379 -0.107609E-07  0.108E-02    3.79       2.0  T
   3    -28.0076378  0.400215E-07  0.133E-03    3.79      16.1  T
   4    -28.0076379 -0.476612E-07  0.187E-04    3.79     113.8  T
   5    -28.0076379 -0.341416E-09  0.982E-05    3.79     217.0  T
     SCC iter.                  ...        0 min,  0.004 sec
     gradient                   ...        0 min,  0.009 sec
 * total energy  :   -27.4912728 Eh     change       -0.2565398E-05 Eh
   gradient norm :     0.0002891 Eh/α   predicted    -0.1178010E-05 ( -54.08%)
   displ. norm   :     0.0325307 α      lambda       -0.6046332E-07
   maximum displ.:     0.0245732 α      in ANC's #3, #1, #5, ...

   *** GEOMETRY OPTIMIZATION CONVERGED AFTER 8 ITERATIONS ***

------------------------------------------------------------------------
 total energy gain   :        -0.0024964 Eh       -1.5665 kcal/mol
 total RMSD          :         0.0820147 a0        0.0434 Å
 total power (kW/mol):        -0.8192999 (step)  -41.4600 (real)
------------------------------------------------------------------------

 ANCopt (total)                0 d,  0 h,  0 min,  0.158 sec
 optimizer setup                ...        0 min,  0.000 sec (  0.100%)
 model hessian                  ...        0 min,  0.005 sec (  3.162%)
 ANC generation                 ...        0 min,  0.001 sec (  0.447%)
 coordinate transformation      ...        0 min,  0.000 sec (  0.089%)
 single point calculation       ...        0 min,  0.150 sec ( 94.577%)
 optimization log               ...        0 min,  0.001 sec (  0.496%)
 hessian update                 ...        0 min,  0.000 sec (  0.069%)
 rational function              ...        0 min,  0.001 sec (  0.685%)

================
 final structure:
================
$coord
    2.49548107388517   -0.30857000403760   -0.11692957385482      C 
    1.42864889290885    2.08701977521041   -0.19145148949333      C 
    3.14941416291159    4.34656473430570   -0.34159040752949      C 
    3.74262600315118    5.00176604561406   -3.09539197288129      C 
   -1.20792268150764    2.32278919003292   -0.14781480007378      C 
   -2.68004342882937    0.14041585689099   -0.02031717879259      C 
   -1.59009956517781   -2.22898465703936    0.05206127533810      C 
    1.01531011689227   -2.45846820787338    0.00104207570234      C 
   -2.43867000309781    4.79982200424374   -0.25524784773193      C 
   -4.58327661660656    5.37424077583221    0.90578299019574      C 
    4.53100501668645   -0.48676914219572   -0.14415311641971      H 
    4.91660743452027    3.91575133692979    0.63471569547140      H 
    2.29491120099718    5.97088471723945    0.59728604959179      H 
    4.65320307868839    3.40957451236859   -4.02364394035199      H 
    4.99964759266970    6.62551417604781   -3.19417206260202      H 
    2.02136178232371    5.44149811724492   -4.12939866288151      H 
   -4.71330648481125    0.31666849207462   -0.02290999007816      H 
   -2.76819003328798   -3.89389498921185    0.13844814022458      H 
    1.88943562491406   -4.30233983157373    0.05362025683190      H 
   -1.49813622127531    6.23060766463901   -1.37140571683234      H 
   -5.56917551527699    4.03826679659574    2.08380824030002      H 
   -5.42323034267973    7.22105539555456    0.74733843617199      H 
$end
           -------------------------------------------------
          |                Final Singlepoint                |
           -------------------------------------------------

          ...................................................
          :                      SETUP                      :
          :.................................................:
          :  # basis functions                  52          :
          :  # atomic orbitals                  52          :
          :  # shells                           32          :
          :  # electrons                        52          :
          :  max. iterations                   250          :
          :  Hamiltonian                  GFN2-xTB          :
          :  restarted?                      false          :
          :  GBSA solvation                  false          :
          :  PC potential                    false          :
          :  electronic temp.          300.0000000     K    :
          :  accuracy                    1.0000000          :
          :  -> integral cutoff          0.2500000E+02      :
          :  -> integral neglect         0.1000000E-07      :
          :  -> SCF convergence          0.1000000E-05 Eh   :
          :  -> wf. convergence          0.1000000E-03 e    :
          :  Broyden damping             0.4000000          :
          ...................................................

 iter      E             dE          RMSdq      gap      omega  full diag
   1    -28.0076379 -0.280076E+02  0.270E-05    3.79       0.0  T
   2    -28.0076379 -0.316547E-11  0.129E-05    3.79    1658.2  T
   3    -28.0076379 -0.166267E-11  0.986E-06    3.79    2162.9  T

   *** convergence criteria satisfied after 3 iterations ***

         #    Occupation            Energy/Eh            Energy/eV
      -------------------------------------------------------------
         1        2.0000           -0.6415276             -17.4569
       ...           ...                  ...                  ...
        20        2.0000           -0.4414261             -12.0118
        21        2.0000           -0.4361775             -11.8690
        22        2.0000           -0.4261390             -11.5958
        23        2.0000           -0.4142662             -11.2728
        24        2.0000           -0.4086113             -11.1189
        25        2.0000           -0.3933180             -10.7027
        26        2.0000           -0.3802077             -10.3460 (HOMO)
        27                         -0.2408084              -6.5527 (LUMO)
        28                         -0.2158813              -5.8744
        29                         -0.1748522              -4.7580
        30                         -0.0804850              -2.1901
        31                          0.0979356               2.6650
       ...                                ...                  ...
        52                          0.6710935              18.2614
      -------------------------------------------------------------
                  HL-Gap            0.1393993 Eh            3.7932 eV
             Fermi-level           -0.3105080 Eh           -8.4494 eV

 SCC (total)                   0 d,  0 h,  0 min,  0.018 sec
 SCC setup                      ...        0 min,  0.000 sec (  0.918%)
 Dispersion                     ...        0 min,  0.000 sec (  0.947%)
 integral evaluation            ...        0 min,  0.005 sec ( 28.527%)
 zeroth order Hamiltonian       ...        0 min,  0.000 sec (  0.563%)
 iterations                     ...        0 min,  0.003 sec ( 17.359%)
 molecular gradient             ...        0 min,  0.009 sec ( 49.580%)
 printout                       ...        0 min,  0.000 sec (  1.841%)

         :::::::::::::::::::::::::::::::::::::::::::::::::::::
         ::                     SUMMARY                     ::
         :::::::::::::::::::::::::::::::::::::::::::::::::::::
         :: total energy             -27.491272783860 Eh    ::
         :: gradient norm              0.000288975399 Eh/a0 ::
         :: HOMO-LUMO gap              3.793247435940 eV    ::
         ::.................................................::
         :: SCC energy               -28.007637867183 Eh    ::
         :: -> isotropic ES            0.002869712801 Eh    ::
         :: -> anisotropic ES          0.005465868494 Eh    ::
         :: -> anisotropic XC          0.019719131517 Eh    ::
         :: -> dispersion             -0.018489821187 Eh    ::
         :: repulsion energy           0.516251062243 Eh    ::
         :: add. restraining           0.000000000000 Eh    ::
         :::::::::::::::::::::::::::::::::::::::::::::::::::::

           -------------------------------------------------
          |                Property Printout                |
           -------------------------------------------------

    * Orbital Energies and Occupations

         #    Occupation            Energy/Eh            Energy/eV
      -------------------------------------------------------------
         1        2.0000           -0.6415276             -17.4569
       ...           ...                  ...                  ...
        14        2.0000           -0.4850854             -13.1998
        15        2.0000           -0.4803617             -13.0713
        16        2.0000           -0.4758294             -12.9480
        17        2.0000           -0.4684710             -12.7477
        18        2.0000           -0.4579869             -12.4625
        19        2.0000           -0.4514134             -12.2836
        20        2.0000           -0.4414261             -12.0118
        21        2.0000           -0.4361775             -11.8690
        22        2.0000           -0.4261390             -11.5958
        23        2.0000           -0.4142662             -11.2728
        24        2.0000           -0.4086113             -11.1189
        25        2.0000           -0.3933180             -10.7027
        26        2.0000           -0.3802077             -10.3460 (HOMO)
        27                         -0.2408084              -6.5527 (LUMO)
        28                         -0.2158813              -5.8744
        29                         -0.1748522              -4.7580
        30                         -0.0804850              -2.1901
        31                          0.0979356               2.6650
        32                          0.1091758               2.9708
        33                          0.1308629               3.5610
        34                          0.1359328               3.6989
        35                          0.1409675               3.8359
        36                          0.1559544               4.2437
        37                          0.1676946               4.5632
       ...                                ...                  ...
        52                          0.6710935              18.2614
      -------------------------------------------------------------
                  HL-Gap            0.1393993 Eh            3.7932 eV
             Fermi-level           -0.3105080 Eh           -8.4494 eV

     #   Z        covCN         q      C6AA      α(0)
     1   6 C      2.925    -0.039    28.968     8.826
     2   6 C      2.973     0.008    27.837     8.654
     3   6 C      3.806    -0.057    21.595     6.615
     4   6 C      3.753    -0.095    22.380     6.746
     5   6 C      2.976     0.007    27.865     8.659
     6   6 C      2.926    -0.036    28.886     8.814
     7   6 C      2.918    -0.035    28.861     8.810
     8   6 C      2.918    -0.033    28.825     8.804
     9   6 C      2.895    -0.030    28.742     8.790
    10   6 C      2.839    -0.088    30.204     9.007
    11   1 H      0.925     0.028     2.617     2.530
    12   1 H      0.924     0.035     2.523     2.484
    13   1 H      0.924     0.037     2.495     2.470
    14   1 H      0.925     0.035     2.514     2.480
    15   1 H      0.925     0.034     2.531     2.488
    16   1 H      0.925     0.034     2.527     2.486
    17   1 H      0.926     0.032     2.554     2.499
    18   1 H      0.926     0.027     2.628     2.535
    19   1 H      0.926     0.027     2.627     2.534
    20   1 H      0.925     0.038     2.474     2.459
    21   1 H      0.926     0.038     2.481     2.463
    22   1 H      0.926     0.033     2.538     2.491

 Mol. C6AA /au·bohr⁶  :       5092.138252
 Mol. C8AA /au·bohr⁸  :     120701.174130
 Mol. α(0) /au        :        113.645176


Wiberg/Mayer (AO) data.
largest (>0.10) Wiberg bond orders for each atom
          total WBO             WBO to atom ...
     1  C   3.992        C    8 1.441    C    2 1.423    H   11 0.969    C    6 0.105
     2  C   3.988        C    1 1.423    C    5 1.359    C    3 1.011    C    7 0.104
     3  C   3.997        C    2 1.011    C    4 1.001    H   12 0.973    H   13 0.973
     4  C   3.997        C    3 1.001    H   14 0.988    H   16 0.987    H   15 0.986
     5  C   3.990        C    6 1.384    C    2 1.359    C    9 1.071    C    8 0.102
     6  C   3.992        C    7 1.454    C    5 1.384    H   17 0.968    C    1 0.105
     7  C   3.992        C    6 1.454    C    8 1.428    H   18 0.971    C    2 0.104
     8  C   3.993        C    1 1.441    C    7 1.428    H   19 0.971    C    5 0.102
     9  C   3.992        C   10 1.922    C    5 1.071    H   20 0.959
    10  C   3.992        C    9 1.922    H   22 0.978    H   21 0.975
    11  H   0.999        C    1 0.969
    12  H   0.999        C    3 0.973
    13  H   0.998        C    3 0.973
    14  H   0.999        C    4 0.988
    15  H   0.998        C    4 0.986
    16  H   0.999        C    4 0.987
    17  H   0.999        C    6 0.968
    18  H   0.998        C    7 0.971
    19  H   0.999        C    8 0.971
    20  H   0.998        C    9 0.959
    21  H   0.998        C   10 0.975
    22  H   0.998        C   10 0.978

molecular dipole:
                 x           y           z       tot (Debye)
 q only:        0.123       0.145      -0.053
   full:        0.126       0.145      -0.058       0.510
molecular quadrupole (traceless):
                xx          xy          yy          xz          yz          zz
 q only:        0.435       0.966       1.069      -0.477      -0.655      -1.504
  q+dip:        2.976       0.317       3.307      -1.437      -1.196      -6.283
   full:        1.334       0.702       1.845      -0.809      -0.868      -3.180

           -------------------------------------------------
          |                Geometry Summary                 |
           -------------------------------------------------

      molecular mass/u    :      132.2048000
   center of mass at/Å    :       -0.0106210       1.0562677      -0.1891369
  moments of inertia/u·Å² :        0.3362135E+03   0.3508972E+03   0.6416354E+03
rotational constants/cm⁻¹ :        0.5013967E-01   0.4804151E-01   0.2627291E-01

 * 20 selected distances

     #   Z        #   Z                                     value/Å
     1   6 C      2   6 C                                 1.3882746
     3   6 C      4   6 C                                 1.5304674 (max)
     2   6 C      5   6 C                                 1.4009713
     5   6 C      6   6 C                                 1.3946756
     6   6 C      7   6 C                                 1.3806634
     1   6 C      8   6 C                                 1.3826507
     7   6 C      8   6 C                                 1.3843246
     9   6 C     10   6 C                                 1.3258279
     1   6 C     11   1 H                                 1.0813687
     3   6 C     12   1 H                                 1.0924333
     3   6 C     13   1 H                                 1.0909371
     4   6 C     14   1 H                                 1.0878263
     4   6 C     15   1 H                                 1.0878961
     4   6 C     16   1 H                                 1.0877502
     6   6 C     17   1 H                                 1.0799924
     7   6 C     18   1 H                                 1.0802589
     8   6 C     19   1 H                                 1.0801858
     9   6 C     20   1 H                                 1.0815896
    10   6 C     21   1 H                                 1.0773101
    10   6 C     22   1 H                                 1.0768921 (min)

 * 2 distinct bonds (by element types)

   Z      Z             #   av. dist./Å        max./Å        min./Å
   1 H    6 C          12     1.0837034     1.0924333     1.0768921
   6 C    6 C           8     1.3984819     1.5304674     1.3258279


optimized geometry written to: xtbopt.xyz


           -------------------------------------------------
          | TOTAL ENERGY              -27.491272783860 Eh   |
          | GRADIENT NORM               0.000288975399 Eh/α |
          | HOMO-LUMO GAP               3.793247435940 eV   |
           -------------------------------------------------

------------------------------------------------------------------------
 * finished run on 2021/05/19 at 10:59:19.550     
------------------------------------------------------------------------
 total:
 * wall-time:     0 d,  0 h,  0 min,  0.220 sec
 *  cpu-time:     0 d,  0 h,  0 min,  0.218 sec
 * ratio c/w:     0.994 speedup
 SCF:
 * wall-time:     0 d,  0 h,  0 min,  0.025 sec
 *  cpu-time:     0 d,  0 h,  0 min,  0.025 sec
 * ratio c/w:     1.000 speedup
 ANC optimizer:
 * wall-time:     0 d,  0 h,  0 min,  0.176 sec
 *  cpu-time:     0 d,  0 h,  0 min,  0.176 sec
 * ratio c/w:     0.999 speedup

