      -----------------------------------------------------------      
     |                   =====================                   |     
     |                           x T B                           |     
     |                   =====================                   |     
     |                         S. Grimme                         |     
     |          Mulliken Center for Theoretical Chemistry        |     
     |                    University of Bonn                     |     
     |                Version 6.2 RC2 (SAW190805)                |     
      -----------------------------------------------------------      

   This program is distributed in the hope that it will be useful,
   but WITHOUT ANY WARRANTY; without even the implied warranty of
   MERCHANTABILITY or FITNESS FOR A PARTICULAR PURPOSE.
   
   FOR NON-COMMERCIAL, ACADEMIA USE ONLY.
   
   Cite this work as:
   * S. Grimme, C. Bannwarth, P. Shushkov, J. Chem. Theory Comput., 2017,
     13, 1989-2009. DOI: 10.1021/acs.jctc.7b00118
   * C. Bannwarth, S. Ehlert and S. Grimme., J. Chem. Theory Comput., 2019,
     15, 1652-1671. DOI: 10.1021/acs.jctc.8b01176
   * P. Pracht, E. Caldeweyher, S. Ehlert, S. Grimme, ChemRxiv, 2019, preprint.
     DOI: 10.26434/chemrxiv.8326202.v1
   
   for DFT-D4:
   * E. Caldeweyher, C. Bannwarth and S. Grimme, J. Chem. Phys., 2017,
     147, 034112. DOI: 10.1063/1.4993215
   * E. Caldeweyher, S. Ehlert, A. Hansen, H. Neugebauer, S. Spicher,
     C. Bannwarth and S. Grimme, J. Chem. Phys., 2019, 150, 154122.
     DOI: 10.1063/1.5090222
   
   for sTDA-xTB:
   * S. Grimme and C. Bannwarth, J. Chem. Phys., 2016, 145, 054103.
     DOI: 10.1063/1.4959605
   
   in the mass-spec context:
   * V. Asgeirsson, C. Bauer and S. Grimme, Chem. Sci., 2017, 8, 4879.
     DOI: 10.1039/c7sc00601b
   
   for metadynamics refer to:
   * S. Grimme, J. Chem. Theory Comput., 2019, 155, 2847-2862
     DOI: 10.1021/acs.jctc.9b00143
   
   with help from (in alphabetical order)
   C. Bannwarth, F. Bohle, G. Brandenburg, E. Caldeweyher, M. Checinski,
   S. Dohm, S. Ehlert, S. Ehrlich, F. März, H. Neugebauer, J. Pisarek,
   P. Pracht, P. Shushkov, and S. Spicher.
   
 * started run on 2021/05/19 at 10:58:14.581     

           -------------------------------------------------
          |                Calculation Setup                |
           -------------------------------------------------

          program call               : /ihome/ghutchison/geoffh/xtb/xtb 20.xyz -opt
          hostname                   : smp-n58
          coordinate file            : 20.xyz
          omp threads                :                     1
          number of atoms            :                    14
          number of electrons        :                    46
          charge                     :                     0
          spin                       :                   0.0
          first test random number   :      0.19280602009432


########################################################################
# WARNING! Please study the warnings concerning your input carefully
#  - the use of '-opt' is discouraged, please use '--opt' next time
########################################################################

           ------------------------------------------------- 
          |                 G F N 2 - x T B                 |
          | Geometry, Frequencies, Noncovalent interactions |
          |            JCTC 2019 parametrisation            |
           ------------------------------------------------- 
             KAB for C  - Si     :                1.0500
             KAB for H  - Pd     :                0.9500
             k(s)              :                1.8500
             k(p)              :                2.2300
             k(d)              :                2.2300
             k(f)              :                2.0000
             kEN (H0ij)        :               -2.0000
             D4 a1             :                0.5200
             D4 a2             :                5.0000
             D4 s6             :                1.0000
             D4 s8             :                2.7000
             D4 s9             :                5.0000
             alphaj            :                2.0000

  Z AO/shell   Hii/eV     exponent
  1     Wed Apr 25 08:07:45 CEST 2018   EN: 2.200 GM2: 0.406  GM3: 0.0800  RAES: 1.40
     1s    -10.707211    1.230000
  6     Wed Apr 25 08:07:45 CEST 2018   EN: 2.550 GM2: 0.538  GM3: 0.1500  RAES: 3.00
     2s    -13.970922    2.096432
     2p    -10.063292    1.800000
  7     Wed Apr 25 08:07:45 CEST 2018   EN: 3.040 GM2: 0.461  GM3:-0.0640  RAES: 1.90
     2s    -16.686243    2.339881
     2p    -12.523956    2.014332
  8     Wed Apr 25 08:07:45 CEST 2018   EN: 3.440 GM2: 0.452  GM3:-0.0517  RAES: 1.80
     2s    -20.229985    2.439742
     2p    -15.503117    2.137023

           ------------------------------------------------- 
          |        Self-Consistent Charge Iterations        |
           ------------------------------------------------- 

          ...................................................
          :                      SETUP                      :
          :.................................................:
          :  # basis functions                  41          :
          :  # atomic orbitals                  41          :
          :  # shells                           23          :
          :  # electrons                        46          :
          :  max. iterations                   250          :
          :  Hamiltonian                  GFN2-xTB          :
          :  restarted?                      false          :
          :  GBSA solvation                  false          :
          :  PC potential                    false          :
          :  electronic temp.          300.0000000     K    :
          :  accuracy                    1.0000000          :
          :  -> integral cutoff          0.2500000E+02      :
          :  -> integral neglect         0.1000000E-07      :
          :  -> SCF convergence          0.1000000E-05 Eh   :
          :  -> wf. convergence          0.1000000E-03 e    :
          :  Broyden damping             0.4000000          :
          ...................................................

 iter      E             dE          RMSdq      gap      omega  full diag
   1    -26.5215851 -0.265216E+02  0.633E+00    3.65       0.0  T
   2    -26.6485134 -0.126928E+00  0.314E+00    2.96       1.0  T
   3    -26.6495879 -0.107454E-02  0.163E+00    2.97       1.0  T
   4    -26.6484654  0.112247E-02  0.446E-01    2.98       1.0  T
   5    -26.6503466 -0.188120E-02  0.900E-02    3.00       1.0  T
   6    -26.6503589 -0.122476E-04  0.452E-02    3.00       1.0  T
   7    -26.6503697 -0.108680E-04  0.187E-02    3.00       1.4  T
   8    -26.6503701 -0.373230E-06  0.362E-03    3.00       7.4  T
   9    -26.6503701 -0.201793E-07  0.156E-03    3.00      17.1  T
  10    -26.6503701 -0.224872E-08  0.924E-04    3.00      28.9  T
  11    -26.6503701 -0.636170E-08  0.127E-04    3.00     211.2  T

   *** convergence criteria satisfied after 11 iterations ***

         #    Occupation            Energy/Eh            Energy/eV
      -------------------------------------------------------------
         1        2.0000           -0.7642157             -20.7954
       ...           ...                  ...                  ...
        17        2.0000           -0.4757231             -12.9451
        18        2.0000           -0.4688555             -12.7582
        19        2.0000           -0.4607368             -12.5373
        20        2.0000           -0.4516493             -12.2900
        21        2.0000           -0.4477028             -12.1826
        22        2.0000           -0.4431006             -12.0574
        23        2.0000           -0.4405052             -11.9868 (HOMO)
        24                         -0.3303009              -8.9879 (LUMO)
        25                         -0.2656785              -7.2295
        26                         -0.2491513              -6.7798
        27                         -0.1347987              -3.6681
        28                         -0.0500081              -1.3608
       ...                                ...                  ...
        41                          0.5862169              15.9518
      -------------------------------------------------------------
                  HL-Gap            0.1102043 Eh            2.9988 eV
             Fermi-level           -0.3854031 Eh          -10.4874 eV

 SCC (total)                   0 d,  0 h,  0 min,  0.015 sec
 SCC setup                      ...        0 min,  0.000 sec (  1.059%)
 Dispersion                     ...        0 min,  0.000 sec (  0.771%)
 integral evaluation            ...        0 min,  0.003 sec ( 21.506%)
 zeroth order Hamiltonian       ...        0 min,  0.000 sec (  0.436%)
 iterations                     ...        0 min,  0.006 sec ( 41.712%)
 molecular gradient             ...        0 min,  0.005 sec ( 32.885%)
 printout                       ...        0 min,  0.000 sec (  1.319%)

         :::::::::::::::::::::::::::::::::::::::::::::::::::::
         ::                     SUMMARY                     ::
         :::::::::::::::::::::::::::::::::::::::::::::::::::::
         :: total energy             -26.336003808646 Eh    ::
         :: gradient norm              0.058163768563 Eh/a0 ::
         :: HOMO-LUMO gap              2.998811392490 eV    ::
         ::.................................................::
         :: SCC energy               -26.650370146008 Eh    ::
         :: -> isotropic ES            0.049463242767 Eh    ::
         :: -> anisotropic ES          0.004971855436 Eh    ::
         :: -> anisotropic XC          0.008103082395 Eh    ::
         :: -> dispersion             -0.011038713476 Eh    ::
         :: repulsion energy           0.314348582005 Eh    ::
         :: add. restraining           0.000000000000 Eh    ::
         :::::::::::::::::::::::::::::::::::::::::::::::::::::

      ----------------------------------------------------------- 
     |                   =====================                   |
     |                        A N C O P T                        |
     |                   =====================                   |
     |               Approximate Normal Coordinate               |
     |                Rational Function Optimizer                |
      ----------------------------------------------------------- 

          ...................................................
          :                      SETUP                      :
          :.................................................:
          :   optimization level            normal          :
          :   max. optcycles                   200          :
          :   ANC micro-cycles                  20          :
          :   degrees of freedom                36          :
          :.................................................:
          :   RF solver                   davidson          :
          :   input Hessian                  false          :
          :   write xtbopt.log                true          :
          :   linear?                        false          :
          :   energy convergence         0.5000000E-05 Eh   :
          :   grad. convergence          0.1000000E-02 Eh/α :
          :   maximium RF displ.         2.0000000          :
          :   Hlow (freq-cutoff)         0.5000000E-02      :
          :   Hmax (freq-cutoff)         5.0000000          :
          :   S6 in model hess.         20.0000000          :
          ...................................................

generating ANC from model Hessian ...
Using Lindh-Hessian (1995)
 Shifting diagonal of input Hessian by   0.000000000000000E+000
 Lowest  eigenvalues of input Hessian
   -0.000000   -0.000000    0.000000    0.000000    0.000000    0.000000
    0.005669    0.011169    0.015645    0.019080    0.019436    0.023924
    0.047546    0.066991    0.068513    0.080352    0.091204    0.092222
 Highest eigenvalues
    1.529130    1.827960    1.830781    1.923108    2.036292    2.437952
 

........................................................................
.............................. CYCLE    1 ..............................
........................................................................
   1    -26.6503701 -0.266504E+02  0.359E-05    3.00       0.0  T
   2    -26.6503701 -0.307310E-11  0.174E-05    3.00    1533.8  T
   3    -26.6503701 -0.323297E-12  0.116E-05    3.00    2300.4  T
     SCC iter.                  ...        0 min,  0.002 sec
     gradient                   ...        0 min,  0.005 sec
 * total energy  :   -26.3360038 Eh     change        0.5971089E-08 Eh
   gradient norm :     0.0581648 Eh/α   predicted     0.0000000E+00 (-100.00%)
   displ. norm   :     0.1766720 α      lambda       -0.5945708E-02
   maximum displ.:     0.1318109 α      in ANC's #9, #19, #20, ...

........................................................................
.............................. CYCLE    2 ..............................
........................................................................
   1    -26.6790448 -0.266790E+02  0.208E-01    3.16       0.0  T
   2    -26.6792714 -0.226613E-03  0.854E-02    3.13       1.0  T
   3    -26.6792736 -0.225685E-05  0.507E-02    3.13       1.0  T
   4    -26.6792718  0.187626E-05  0.204E-02    3.13       1.3  T
   5    -26.6792749 -0.314242E-05  0.396E-03    3.13       6.8  T
   6    -26.6792749 -0.102730E-07  0.147E-03    3.13      18.2  T
     SCC iter.                  ...        0 min,  0.003 sec
     gradient                   ...        0 min,  0.005 sec
 * total energy  :   -26.3397045 Eh     change       -0.3700652E-02 Eh
   gradient norm :     0.0161639 Eh/α   predicted    -0.3065643E-02 ( -17.16%)
   displ. norm   :     0.0651662 α      lambda       -0.5139887E-03
   maximum displ.:     0.0486988 α      in ANC's #9, #11, #3, ...

........................................................................
.............................. CYCLE    3 ..............................
........................................................................
   1    -26.6858296 -0.266858E+02  0.847E-02    3.18       0.0  T
   2    -26.6858588 -0.292186E-04  0.383E-02    3.17       1.0  T
   3    -26.6858592 -0.412133E-06  0.218E-02    3.17       1.2  T
   4    -26.6858586  0.631098E-06  0.101E-02    3.17       2.7  T
   5    -26.6858599 -0.126237E-05  0.161E-03    3.17      16.6  T
   6    -26.6858599 -0.209553E-08  0.936E-04    3.17      28.6  T
     SCC iter.                  ...        0 min,  0.003 sec
     gradient                   ...        0 min,  0.005 sec
 * total energy  :   -26.3399694 Eh     change       -0.2649292E-03 Eh
   gradient norm :     0.0035089 Eh/α   predicted    -0.2580864E-03 (  -2.58%)
   displ. norm   :     0.0272628 α      lambda       -0.2738454E-04
   maximum displ.:     0.0197981 α      in ANC's #2, #3, #11, ...

........................................................................
.............................. CYCLE    4 ..............................
........................................................................
   1    -26.6854010 -0.266854E+02  0.436E-02    3.17       0.0  T
   2    -26.6854016 -0.619901E-06  0.254E-02    3.17       1.1  T
   3    -26.6854006  0.102255E-05  0.962E-03    3.17       2.8  T
   4    -26.6854020 -0.141341E-05  0.125E-03    3.17      21.4  T
   5    -26.6854020 -0.409802E-08  0.765E-04    3.17      34.9  T
   6    -26.6854020 -0.166206E-08  0.236E-04    3.17     113.4  T
     SCC iter.                  ...        0 min,  0.003 sec
     gradient                   ...        0 min,  0.005 sec
 * total energy  :   -26.3399910 Eh     change       -0.2164247E-04 Eh
   gradient norm :     0.0017010 Eh/α   predicted    -0.1370448E-04 ( -36.68%)
   displ. norm   :     0.0851582 α      lambda       -0.2749524E-04
   maximum displ.:     0.0648823 α      in ANC's #2, #3, #11, ...

........................................................................
.............................. CYCLE    5 ..............................
........................................................................
   1    -26.6842914 -0.266843E+02  0.141E-01    3.15       0.0  T
   2    -26.6842963 -0.482399E-05  0.816E-02    3.15       1.0  T
   3    -26.6842913  0.496528E-05  0.218E-02    3.16       1.2  T
   4    -26.6842988 -0.749606E-05  0.398E-03    3.16       6.7  T
   5    -26.6842988 -0.372525E-07  0.231E-03    3.16      11.5  T
   6    -26.6842988 -0.113897E-07  0.101E-03    3.16      26.4  T
   7    -26.6842988 -0.424114E-08  0.120E-04    3.16     223.0  T
   8    -26.6842988 -0.852651E-13  0.581E-05    3.16     460.0  T
     SCC iter.                  ...        0 min,  0.004 sec
     gradient                   ...        0 min,  0.005 sec
 * total energy  :   -26.3400055 Eh     change       -0.1450051E-04 Eh
   gradient norm :     0.0028144 Eh/α   predicted    -0.1379115E-04 (  -4.89%)
   displ. norm   :     0.0080450 α      lambda       -0.8300507E-05
   maximum displ.:     0.0044959 α      in ANC's #2, #3, #11, ...

........................................................................
.............................. CYCLE    6 ..............................
........................................................................
   1    -26.6845731 -0.266846E+02  0.146E-02    3.16       0.0  T
   2    -26.6845732 -0.139414E-06  0.847E-03    3.16       3.2  T
   3    -26.6845731  0.854569E-07  0.363E-03    3.16       7.4  T
   4    -26.6845733 -0.134284E-06  0.678E-04    3.16      39.4  T
   5    -26.6845733 -0.378954E-08  0.313E-04    3.16      85.3  T
     SCC iter.                  ...        0 min,  0.003 sec
     gradient                   ...        0 min,  0.005 sec
 * total energy  :   -26.3400117 Eh     change       -0.6133385E-05 Eh
   gradient norm :     0.0019245 Eh/α   predicted    -0.4149954E-05 ( -32.34%)
   displ. norm   :     0.0583834 α      lambda       -0.2574795E-04
   maximum displ.:     0.0396419 α      in ANC's #2, #3, #11, ...

........................................................................
.............................. CYCLE    7 ..............................
........................................................................
   1    -26.6859342 -0.266859E+02  0.942E-02    3.17       0.0  T
   2    -26.6859384 -0.416232E-05  0.551E-02    3.17       1.0  T
   3    -26.6859344  0.397106E-05  0.207E-02    3.17       1.3  T
   4    -26.6859402 -0.577372E-05  0.347E-03    3.17       7.7  T
   5    -26.6859403 -0.780541E-07  0.180E-03    3.17      14.8  T
   6    -26.6859403 -0.839739E-08  0.100E-03    3.17      26.6  T
   7    -26.6859403 -0.220370E-08  0.136E-04    3.17     196.9  T
   8    -26.6859403 -0.869846E-10  0.696E-05    3.17     384.2  T
     SCC iter.                  ...        0 min,  0.004 sec
     gradient                   ...        0 min,  0.005 sec
 * total energy  :   -26.3400062 Eh     change        0.5489386E-05 Eh
   gradient norm :     0.0039702 Eh/α   predicted    -0.1289309E-04 (-334.87%)
   displ. norm   :     0.0373911 α      lambda       -0.3018823E-04
   maximum displ.:     0.0290054 α      in ANC's #2, #3, #7, ...

........................................................................
.............................. CYCLE    8 ..............................
........................................................................
   1    -26.6853896 -0.266854E+02  0.649E-02    3.16       0.0  T
   2    -26.6853909 -0.122496E-05  0.371E-02    3.16       1.0  T
   3    -26.6853905  0.370358E-06  0.859E-03    3.16       3.1  T
   4    -26.6853913 -0.788300E-06  0.220E-03    3.16      12.2  T
   5    -26.6853913 -0.306242E-07  0.116E-03    3.16      23.0  T
   6    -26.6853913 -0.294953E-08  0.594E-04    3.16      45.0  T
   7    -26.6853913 -0.118238E-08  0.763E-05    3.16     350.1  T
     SCC iter.                  ...        0 min,  0.003 sec
     gradient                   ...        0 min,  0.005 sec
 * total energy  :   -26.3400275 Eh     change       -0.2130254E-04 Eh
   gradient norm :     0.0015541 Eh/α   predicted    -0.1511489E-04 ( -29.05%)
   displ. norm   :     0.0627998 α      lambda       -0.1340873E-04
   maximum displ.:     0.0478680 α      in ANC's #2, #3, #8, ...

........................................................................
.............................. CYCLE    9 ..............................
........................................................................
   1    -26.6845640 -0.266846E+02  0.104E-01    3.15       0.0  T
   2    -26.6845666 -0.255699E-05  0.601E-02    3.16       1.0  T
   3    -26.6845647  0.190580E-05  0.144E-02    3.16       1.9  T
   4    -26.6845678 -0.315186E-05  0.302E-03    3.16       8.8  T
   5    -26.6845679 -0.295952E-07  0.171E-03    3.16      15.6  T
   6    -26.6845679 -0.498183E-08  0.764E-04    3.16      35.0  T
   7    -26.6845679 -0.252037E-08  0.909E-05    3.16     293.9  T
     SCC iter.                  ...        0 min,  0.003 sec
     gradient                   ...        0 min,  0.005 sec
 * total energy  :   -26.3400339 Eh     change       -0.6474366E-05 Eh
   gradient norm :     0.0020917 Eh/α   predicted    -0.6718043E-05 (   3.76%)
   displ. norm   :     0.0055096 α      lambda       -0.3776631E-05
   maximum displ.:     0.0043641 α      in ANC's #2, #11, #8, ...

........................................................................
.............................. CYCLE   10 ..............................
........................................................................
   1    -26.6847443 -0.266847E+02  0.848E-03    3.16       0.0  T
   2    -26.6847443 -0.833553E-07  0.485E-03    3.16       5.5  T
   3    -26.6847443  0.144232E-07  0.213E-03    3.16      12.5  T
   4    -26.6847444 -0.290473E-07  0.585E-04    3.16      45.7  T
   5    -26.6847444 -0.341845E-08  0.196E-04    3.16     136.7  T
     SCC iter.                  ...        0 min,  0.003 sec
     gradient                   ...        0 min,  0.005 sec
 * total energy  :   -26.3400369 Eh     change       -0.2910175E-05 Eh
   gradient norm :     0.0011892 Eh/α   predicted    -0.1887250E-05 ( -35.15%)
   displ. norm   :     0.0417670 α      lambda       -0.4457920E-05
   maximum displ.:     0.0343086 α      in ANC's #2, #3, #25, ...

........................................................................
.............................. CYCLE   11 ..............................
........................................................................
   1    -26.6850711 -0.266851E+02  0.682E-02    3.16       0.0  T
   2    -26.6850719 -0.874882E-06  0.395E-02    3.16       1.0  T
   3    -26.6850719  0.568503E-07  0.586E-03    3.16       4.6  T
   4    -26.6850724 -0.476045E-06  0.189E-03    3.16      14.1  T
   5    -26.6850724 -0.105458E-07  0.104E-03    3.16      25.7  T
   6    -26.6850724 -0.214984E-08  0.379E-04    3.16      70.6  T
   7    -26.6850724 -0.870156E-09  0.527E-05    3.16     507.4  T
     SCC iter.                  ...        0 min,  0.003 sec
     gradient                   ...        0 min,  0.005 sec
 * total energy  :   -26.3400400 Eh     change       -0.3174936E-05 Eh
   gradient norm :     0.0005399 Eh/α   predicted    -0.2232000E-05 ( -29.70%)
   displ. norm   :     0.0332150 α      lambda       -0.1426082E-05
   maximum displ.:     0.0261428 α      in ANC's #2, #3, #8, ...

   *** GEOMETRY OPTIMIZATION CONVERGED AFTER 11 ITERATIONS ***

------------------------------------------------------------------------
 total energy gain   :        -0.0040362 Eh       -2.5328 kcal/mol
 total RMSD          :         0.1138466 a0        0.0602 Å
 total power (kW/mol):        -0.9633732 (step)  -77.7308 (real)
------------------------------------------------------------------------

 ANCopt (total)                0 d,  0 h,  0 min,  0.136 sec
 optimizer setup                ...        0 min,  0.000 sec (  0.071%)
 model hessian                  ...        0 min,  0.001 sec (  1.021%)
 ANC generation                 ...        0 min,  0.000 sec (  0.203%)
 coordinate transformation      ...        0 min,  0.000 sec (  0.089%)
 single point calculation       ...        0 min,  0.131 sec ( 96.384%)
 optimization log               ...        0 min,  0.001 sec (  0.507%)
 hessian update                 ...        0 min,  0.000 sec (  0.073%)
 rational function              ...        0 min,  0.002 sec (  1.152%)

================
 final structure:
================
$coord
    2.57168533336552   -0.35626602081397   -0.23726972730533      C 
    1.61955610965501    2.06885130669759   -0.05520202652931      C 
   -0.96843735477121    2.40428561931477    0.23177653949622      C 
   -1.97486332745522    4.93053488074671    0.42275615847618      N 
   -0.49901584040873    6.67740445416403    0.27984757293273      O 
   -4.23578085995580    5.15591321095441    0.71663274416870      O 
   -2.60658830819720    0.35547060076894    0.33846429817161      C 
   -1.63038259583562   -2.05988182082538    0.15415586650439      C 
    0.95097033061754   -2.41377049248517   -0.13279398610932      C 
    4.57791744021807   -0.64439211628512   -0.45991835785034      H 
    2.83656926521361    3.70360294578103   -0.13097712252446      H 
   -4.60651925933203    0.68595125453948    0.56276383162616      H 
   -2.88107791689198   -3.66831815736108    0.23317605518876      H 
    1.70411716203777   -4.30430432024199   -0.27583538009173      H 
$end
           -------------------------------------------------
          |                Final Singlepoint                |
           -------------------------------------------------

          ...................................................
          :                      SETUP                      :
          :.................................................:
          :  # basis functions                  41          :
          :  # atomic orbitals                  41          :
          :  # shells                           23          :
          :  # electrons                        46          :
          :  max. iterations                   250          :
          :  Hamiltonian                  GFN2-xTB          :
          :  restarted?                      false          :
          :  GBSA solvation                  false          :
          :  PC potential                    false          :
          :  electronic temp.          300.0000000     K    :
          :  accuracy                    1.0000000          :
          :  -> integral cutoff          0.2500000E+02      :
          :  -> integral neglect         0.1000000E-07      :
          :  -> SCF convergence          0.1000000E-05 Eh   :
          :  -> wf. convergence          0.1000000E-03 e    :
          :  Broyden damping             0.4000000          :
          ...................................................

 iter      E             dE          RMSdq      gap      omega  full diag
   1    -26.6850724 -0.266851E+02  0.199E-05    3.16       0.0  T
   2    -26.6850724 -0.168043E-11  0.916E-06    3.16    2916.2  T
   3    -26.6850724 -0.962785E-12  0.591E-06    3.16    4525.9  T

   *** convergence criteria satisfied after 3 iterations ***

         #    Occupation            Energy/Eh            Energy/eV
      -------------------------------------------------------------
         1        2.0000           -0.7730265             -21.0351
       ...           ...                  ...                  ...
        17        2.0000           -0.4748466             -12.9212
        18        2.0000           -0.4716494             -12.8342
        19        2.0000           -0.4594454             -12.5021
        20        2.0000           -0.4501541             -12.2493
        21        2.0000           -0.4487663             -12.2116
        22        2.0000           -0.4441535             -12.0860
        23        2.0000           -0.4392184             -11.9517 (HOMO)
        24                         -0.3230047              -8.7894 (LUMO)
        25                         -0.2616309              -7.1193
        26                         -0.2411518              -6.5621
        27                         -0.1253858              -3.4119
        28                         -0.0113812              -0.3097
       ...                                ...                  ...
        41                          0.6249895              17.0068
      -------------------------------------------------------------
                  HL-Gap            0.1162137 Eh            3.1623 eV
             Fermi-level           -0.3811116 Eh          -10.3706 eV

 SCC (total)                   0 d,  0 h,  0 min,  0.010 sec
 SCC setup                      ...        0 min,  0.000 sec (  1.141%)
 Dispersion                     ...        0 min,  0.000 sec (  0.757%)
 integral evaluation            ...        0 min,  0.003 sec ( 30.218%)
 zeroth order Hamiltonian       ...        0 min,  0.000 sec (  0.615%)
 iterations                     ...        0 min,  0.002 sec ( 17.133%)
 molecular gradient             ...        0 min,  0.005 sec ( 48.015%)
 printout                       ...        0 min,  0.000 sec (  1.727%)

         :::::::::::::::::::::::::::::::::::::::::::::::::::::
         ::                     SUMMARY                     ::
         :::::::::::::::::::::::::::::::::::::::::::::::::::::
         :: total energy             -26.340040037905 Eh    ::
         :: gradient norm              0.000540182681 Eh/a0 ::
         :: HOMO-LUMO gap              3.162335926358 eV    ::
         ::.................................................::
         :: SCC energy               -26.685072382104 Eh    ::
         :: -> isotropic ES            0.049722991348 Eh    ::
         :: -> anisotropic ES          0.006444462934 Eh    ::
         :: -> anisotropic XC          0.005640121446 Eh    ::
         :: -> dispersion             -0.011163896603 Eh    ::
         :: repulsion energy           0.345014965567 Eh    ::
         :: add. restraining           0.000000000000 Eh    ::
         :::::::::::::::::::::::::::::::::::::::::::::::::::::

           -------------------------------------------------
          |                Property Printout                |
           -------------------------------------------------

    * Orbital Energies and Occupations

         #    Occupation            Energy/Eh            Energy/eV
      -------------------------------------------------------------
         1        2.0000           -0.7730265             -21.0351
       ...           ...                  ...                  ...
        11        2.0000           -0.5829689             -15.8634
        12        2.0000           -0.5502805             -14.9739
        13        2.0000           -0.5312276             -14.4554
        14        2.0000           -0.5236965             -14.2505
        15        2.0000           -0.5177140             -14.0877
        16        2.0000           -0.5133657             -13.9694
        17        2.0000           -0.4748466             -12.9212
        18        2.0000           -0.4716494             -12.8342
        19        2.0000           -0.4594454             -12.5021
        20        2.0000           -0.4501541             -12.2493
        21        2.0000           -0.4487663             -12.2116
        22        2.0000           -0.4441535             -12.0860
        23        2.0000           -0.4392184             -11.9517 (HOMO)
        24                         -0.3230047              -8.7894 (LUMO)
        25                         -0.2616309              -7.1193
        26                         -0.2411518              -6.5621
        27                         -0.1253858              -3.4119
        28                         -0.0113812              -0.3097
        29                          0.0978651               2.6630
        30                          0.1179931               3.2108
        31                          0.1421236               3.8674
        32                          0.1571537               4.2764
        33                          0.1670929               4.5468
        34                          0.2374456               6.4612
       ...                                ...                  ...
        41                          0.6249895              17.0068
      -------------------------------------------------------------
                  HL-Gap            0.1162137 Eh            3.1623 eV
             Fermi-level           -0.3811116 Eh          -10.3706 eV

     #   Z        covCN         q      C6AA      α(0)
     1   6 C      2.921    -0.022    28.555     8.763
     2   6 C      2.919    -0.020    28.507     8.755
     3   6 C      2.917     0.005    27.922     8.665
     4   7 N      2.760     0.544    13.543     5.466
     5   8 O      0.930    -0.385    21.348     6.196
     6   8 O      0.930    -0.385    21.345     6.196
     7   6 C      2.919    -0.020    28.507     8.755
     8   6 C      2.921    -0.022    28.555     8.763
     9   6 C      2.920    -0.016    28.418     8.742
    10   1 H      0.926     0.055     2.261     2.352
    11   1 H      0.926     0.079     1.987     2.204
    12   1 H      0.926     0.079     1.987     2.205
    13   1 H      0.926     0.055     2.261     2.352
    14   1 H      0.926     0.053     2.277     2.360

 Mol. C6AA /au·bohr⁶  :       2714.853579
 Mol. C8AA /au·bohr⁸  :      65377.422323
 Mol. α(0) /au        :         81.773678


Wiberg/Mayer (AO) data.
largest (>0.10) Wiberg bond orders for each atom
          total WBO             WBO to atom ...
     1  C   3.991        C    2 1.453    C    9 1.432    H   10 0.969    C    7 0.107
     2  C   3.986        C    1 1.453    C    3 1.383    H   11 0.961    C    8 0.107
     3  C   3.963        C    2 1.383    C    7 1.383    N    4 0.962
     4  N   3.911        O    6 1.453    O    5 1.453    C    3 0.962
     5  O   1.936        N    4 1.453    O    6 0.362
     6  O   1.936        N    4 1.453    O    5 0.362
     7  C   3.986        C    8 1.453    C    3 1.383    H   12 0.961    C    1 0.107
     8  C   3.991        C    7 1.453    C    9 1.432    H   13 0.969    C    2 0.107
     9  C   3.990        C    1 1.432    C    8 1.432    H   14 0.970
    10  H   0.996        C    1 0.969
    11  H   0.994        C    2 0.961
    12  H   0.994        C    7 0.961
    13  H   0.996        C    8 0.969
    14  H   0.997        C    9 0.970

molecular dipole:
                 x           y           z       tot (Debye)
 q only:        0.771      -1.935      -0.147
   full:        0.799      -2.006      -0.152       5.501
molecular quadrupole (traceless):
                xx          xy          yy          xz          yz          zz
 q only:        4.611       7.379     -10.896       0.593      -1.469       6.285
  q+dip:        5.528       7.573     -10.355       0.410      -1.404       4.827
   full:        4.035       7.586     -11.959       0.912      -1.561       7.924

           -------------------------------------------------
          |                Geometry Summary                 |
           -------------------------------------------------

      molecular mass/u    :      123.1110000
   center of mass at/Å    :       -0.4407141       1.0922597       0.1091186
  moments of inertia/u·Å² :        0.1253405E+03   0.3859827E+03   0.5112985E+03
rotational constants/cm⁻¹ :        0.1344947E+00   0.4367458E-01   0.3297024E-01

 * 13 selected distances

     #   Z        #   Z                                     value/Å
     1   6 C      2   6 C                                 1.3820437
     2   6 C      3   6 C                                 1.3892877 (max)
     4   7 N      5   8 O                                 1.2125092
     4   7 N      6   8 O                                 1.2123712
     3   6 C      7   6 C                                 1.3892857
     7   6 C      8   6 C                                 1.3820419
     1   6 C      9   6 C                                 1.3871064
     8   6 C      9   6 C                                 1.3871068
     1   6 C     10   1 H                                 1.0789970
     2   6 C     11   1 H                                 1.0792201
     7   6 C     12   1 H                                 1.0792170
     8   6 C     13   1 H                                 1.0789963 (min)
     9   6 C     14   1 H                                 1.0795487

 * 3 distinct bonds (by element types)

   Z      Z             #   av. dist./Å        max./Å        min./Å
   1 H    6 C           5     1.0791958     1.0795487     1.0789963
   6 C    6 C           6     1.3861454     1.3892877     1.3820419
   7 N    8 O           2     1.2124402     1.2125092     1.2123712


optimized geometry written to: xtbopt.xyz


           -------------------------------------------------
          | TOTAL ENERGY              -26.340040037905 Eh   |
          | GRADIENT NORM               0.000540182681 Eh/α |
          | HOMO-LUMO GAP               3.162335926358 eV   |
           -------------------------------------------------

------------------------------------------------------------------------
 * finished run on 2021/05/19 at 10:58:14.757     
------------------------------------------------------------------------
 total:
 * wall-time:     0 d,  0 h,  0 min,  0.176 sec
 *  cpu-time:     0 d,  0 h,  0 min,  0.176 sec
 * ratio c/w:     0.998 speedup
 SCF:
 * wall-time:     0 d,  0 h,  0 min,  0.015 sec
 *  cpu-time:     0 d,  0 h,  0 min,  0.015 sec
 * ratio c/w:     1.000 speedup
 ANC optimizer:
 * wall-time:     0 d,  0 h,  0 min,  0.147 sec
 *  cpu-time:     0 d,  0 h,  0 min,  0.147 sec
 * ratio c/w:     1.000 speedup

