      -----------------------------------------------------------      
     |                   =====================                   |     
     |                           x T B                           |     
     |                   =====================                   |     
     |                         S. Grimme                         |     
     |          Mulliken Center for Theoretical Chemistry        |     
     |                    University of Bonn                     |     
     |                Version 6.2 RC2 (SAW190805)                |     
      -----------------------------------------------------------      

   This program is distributed in the hope that it will be useful,
   but WITHOUT ANY WARRANTY; without even the implied warranty of
   MERCHANTABILITY or FITNESS FOR A PARTICULAR PURPOSE.
   
   FOR NON-COMMERCIAL, ACADEMIA USE ONLY.
   
   Cite this work as:
   * S. Grimme, C. Bannwarth, P. Shushkov, J. Chem. Theory Comput., 2017,
     13, 1989-2009. DOI: 10.1021/acs.jctc.7b00118
   * C. Bannwarth, S. Ehlert and S. Grimme., J. Chem. Theory Comput., 2019,
     15, 1652-1671. DOI: 10.1021/acs.jctc.8b01176
   * P. Pracht, E. Caldeweyher, S. Ehlert, S. Grimme, ChemRxiv, 2019, preprint.
     DOI: 10.26434/chemrxiv.8326202.v1
   
   for DFT-D4:
   * E. Caldeweyher, C. Bannwarth and S. Grimme, J. Chem. Phys., 2017,
     147, 034112. DOI: 10.1063/1.4993215
   * E. Caldeweyher, S. Ehlert, A. Hansen, H. Neugebauer, S. Spicher,
     C. Bannwarth and S. Grimme, J. Chem. Phys., 2019, 150, 154122.
     DOI: 10.1063/1.5090222
   
   for sTDA-xTB:
   * S. Grimme and C. Bannwarth, J. Chem. Phys., 2016, 145, 054103.
     DOI: 10.1063/1.4959605
   
   in the mass-spec context:
   * V. Asgeirsson, C. Bauer and S. Grimme, Chem. Sci., 2017, 8, 4879.
     DOI: 10.1039/c7sc00601b
   
   for metadynamics refer to:
   * S. Grimme, J. Chem. Theory Comput., 2019, 155, 2847-2862
     DOI: 10.1021/acs.jctc.9b00143
   
   with help from (in alphabetical order)
   C. Bannwarth, F. Bohle, G. Brandenburg, E. Caldeweyher, M. Checinski,
   S. Dohm, S. Ehlert, S. Ehrlich, F. März, H. Neugebauer, J. Pisarek,
   P. Pracht, P. Shushkov, and S. Spicher.
   
 * started run on 2021/05/19 at 10:58:49.826     

           -------------------------------------------------
          |                Calculation Setup                |
           -------------------------------------------------

          program call               : /ihome/ghutchison/geoffh/xtb/xtb 209.xyz -opt
          hostname                   : smp-n83
          coordinate file            : 209.xyz
          omp threads                :                     1
          number of atoms            :                    18
          number of electrons        :                    50
          charge                     :                     0
          spin                       :                   0.0
          first test random number   :      0.77127680487862


########################################################################
# WARNING! Please study the warnings concerning your input carefully
#  - the use of '-opt' is discouraged, please use '--opt' next time
########################################################################

           ------------------------------------------------- 
          |                 G F N 2 - x T B                 |
          | Geometry, Frequencies, Noncovalent interactions |
          |            JCTC 2019 parametrisation            |
           ------------------------------------------------- 
             KAB for C  - Si     :                1.0500
             KAB for H  - Pd     :                0.9500
             k(s)              :                1.8500
             k(p)              :                2.2300
             k(d)              :                2.2300
             k(f)              :                2.0000
             kEN (H0ij)        :               -2.0000
             D4 a1             :                0.5200
             D4 a2             :                5.0000
             D4 s6             :                1.0000
             D4 s8             :                2.7000
             D4 s9             :                5.0000
             alphaj            :                2.0000

  Z AO/shell   Hii/eV     exponent
  1     Wed Apr 25 08:07:45 CEST 2018   EN: 2.200 GM2: 0.406  GM3: 0.0800  RAES: 1.40
     1s    -10.707211    1.230000
  6     Wed Apr 25 08:07:45 CEST 2018   EN: 2.550 GM2: 0.538  GM3: 0.1500  RAES: 3.00
     2s    -13.970922    2.096432
     2p    -10.063292    1.800000
  7     Wed Apr 25 08:07:45 CEST 2018   EN: 3.040 GM2: 0.461  GM3:-0.0640  RAES: 1.90
     2s    -16.686243    2.339881
     2p    -12.523956    2.014332

           ------------------------------------------------- 
          |        Self-Consistent Charge Iterations        |
           ------------------------------------------------- 

          ...................................................
          :                      SETUP                      :
          :.................................................:
          :  # basis functions                  48          :
          :  # atomic orbitals                  48          :
          :  # shells                           28          :
          :  # electrons                        50          :
          :  max. iterations                   250          :
          :  Hamiltonian                  GFN2-xTB          :
          :  restarted?                      false          :
          :  GBSA solvation                  false          :
          :  PC potential                    false          :
          :  electronic temp.          300.0000000     K    :
          :  accuracy                    1.0000000          :
          :  -> integral cutoff          0.2500000E+02      :
          :  -> integral neglect         0.1000000E-07      :
          :  -> SCF convergence          0.1000000E-05 Eh   :
          :  -> wf. convergence          0.1000000E-03 e    :
          :  Broyden damping             0.4000000          :
          ...................................................

 iter      E             dE          RMSdq      gap      omega  full diag
   1    -27.3239779 -0.273240E+02  0.411E+00    2.77       0.0  T
   2    -27.4305242 -0.106546E+00  0.308E+00    2.68       1.0  T
   3    -27.4526042 -0.220800E-01  0.179E+00    2.74       1.0  T
   4    -27.4349546  0.176496E-01  0.124E+00    2.69       1.0  T
   5    -27.4555010 -0.205464E-01  0.217E-01    2.74       1.0  T
   6    -27.4560435 -0.542509E-03  0.108E-01    2.72       1.0  T
   7    -27.4561536 -0.110125E-03  0.370E-02    2.72       1.0  T
   8    -27.4561625 -0.883264E-05  0.205E-02    2.73       1.1  T
   9    -27.4561643 -0.186673E-05  0.641E-03    2.72       3.7  T
  10    -27.4561646 -0.308968E-06  0.261E-03    2.72       9.0  T
  11    -27.4561647 -0.636721E-07  0.123E-03    2.72      19.1  T
  12    -27.4561647 -0.783839E-08  0.621E-04    2.72      37.9  T
  13    -27.4561647 -0.274501E-08  0.156E-04    2.72     151.1  T

   *** convergence criteria satisfied after 13 iterations ***

         #    Occupation            Energy/Eh            Energy/eV
      -------------------------------------------------------------
         1        2.0000           -0.6635439             -18.0559
       ...           ...                  ...                  ...
        19        2.0000           -0.4372624             -11.8985
        20        2.0000           -0.4293188             -11.6824
        21        2.0000           -0.4223194             -11.4919
        22        2.0000           -0.4035019             -10.9798
        23        2.0000           -0.3786372             -10.3032
        24        2.0000           -0.3668389              -9.9822
        25        2.0000           -0.3271425              -8.9020 (HOMO)
        26                         -0.2270099              -6.1773 (LUMO)
        27                         -0.1840610              -5.0086
        28                         -0.1253627              -3.4113
        29                         -0.0663039              -1.8042
        30                         -0.0058760              -0.1599
       ...                                ...                  ...
        48                          0.8006942              21.7880
      -------------------------------------------------------------
                  HL-Gap            0.1001326 Eh            2.7247 eV
             Fermi-level           -0.2770762 Eh           -7.5396 eV

 SCC (total)                   0 d,  0 h,  0 min,  0.022 sec
 SCC setup                      ...        0 min,  0.000 sec (  0.925%)
 Dispersion                     ...        0 min,  0.000 sec (  0.884%)
 integral evaluation            ...        0 min,  0.005 sec ( 20.869%)
 zeroth order Hamiltonian       ...        0 min,  0.000 sec (  0.442%)
 iterations                     ...        0 min,  0.009 sec ( 40.995%)
 molecular gradient             ...        0 min,  0.008 sec ( 34.272%)
 printout                       ...        0 min,  0.000 sec (  1.344%)

         :::::::::::::::::::::::::::::::::::::::::::::::::::::
         ::                     SUMMARY                     ::
         :::::::::::::::::::::::::::::::::::::::::::::::::::::
         :: total energy             -26.992238715853 Eh    ::
         :: gradient norm              0.132005555655 Eh/a0 ::
         :: HOMO-LUMO gap              2.724747045970 eV    ::
         ::.................................................::
         :: SCC energy               -27.456164723824 Eh    ::
         :: -> isotropic ES            0.008591544939 Eh    ::
         :: -> anisotropic ES          0.007240529106 Eh    ::
         :: -> anisotropic XC          0.015641751635 Eh    ::
         :: -> dispersion             -0.015482280665 Eh    ::
         :: repulsion energy           0.463887855034 Eh    ::
         :: add. restraining           0.000000000000 Eh    ::
         :::::::::::::::::::::::::::::::::::::::::::::::::::::

      ----------------------------------------------------------- 
     |                   =====================                   |
     |                        A N C O P T                        |
     |                   =====================                   |
     |               Approximate Normal Coordinate               |
     |                Rational Function Optimizer                |
      ----------------------------------------------------------- 

          ...................................................
          :                      SETUP                      :
          :.................................................:
          :   optimization level            normal          :
          :   max. optcycles                   200          :
          :   ANC micro-cycles                  20          :
          :   degrees of freedom                48          :
          :.................................................:
          :   RF solver                   davidson          :
          :   input Hessian                  false          :
          :   write xtbopt.log                true          :
          :   linear?                        false          :
          :   energy convergence         0.5000000E-05 Eh   :
          :   grad. convergence          0.1000000E-02 Eh/α :
          :   maximium RF displ.         2.0000000          :
          :   Hlow (freq-cutoff)         0.5000000E-02      :
          :   Hmax (freq-cutoff)         5.0000000          :
          :   S6 in model hess.         20.0000000          :
          ...................................................

generating ANC from model Hessian ...
Using Lindh-Hessian (1995)
 Shifting diagonal of input Hessian by   2.343182437777473E-003
 Lowest  eigenvalues of input Hessian
   -0.000000   -0.000000    0.000000    0.000000    0.000000    0.000000
    0.005000    0.006745    0.009147    0.013252    0.014665    0.022047
    0.024412    0.040147    0.044550    0.054665    0.059187    0.077771
 Highest eigenvalues
    1.811449    1.872466    2.042517    2.115276    2.162056    2.351311
 

........................................................................
.............................. CYCLE    1 ..............................
........................................................................
   1    -27.4561647 -0.274562E+02  0.777E-05    2.72       0.0  T
   2    -27.4561647 -0.613909E-11  0.474E-05    2.72     497.1  T
   3    -27.4561647  0.662936E-11  0.303E-05    2.72     778.8  T
     SCC iter.                  ...        0 min,  0.003 sec
     gradient                   ...        0 min,  0.007 sec
 * total energy  :   -26.9922387 Eh     change        0.2219718E-08 Eh
   gradient norm :     0.1320064 Eh/α   predicted     0.0000000E+00 (-100.00%)
   displ. norm   :     0.2979690 α      lambda       -0.2343054E-01
   maximum displ.:     0.1845388 α      in ANC's #12, #22, #10, ...

........................................................................
.............................. CYCLE    2 ..............................
........................................................................
   1    -27.4762946 -0.274763E+02  0.375E-01    2.91       0.0  T
   2    -27.4767633 -0.468679E-03  0.223E-01    2.89       1.0  T
   3    -27.4768658 -0.102501E-03  0.121E-01    2.90       1.0  T
   4    -27.4769254 -0.595810E-04  0.310E-02    2.90       1.0  T
   5    -27.4769368 -0.113793E-04  0.117E-02    2.90       2.0  T
   6    -27.4769381 -0.130747E-05  0.556E-03    2.90       4.2  T
   7    -27.4769381 -0.162032E-08  0.298E-03    2.90       7.9  T
     SCC iter.                  ...        0 min,  0.005 sec
     gradient                   ...        0 min,  0.007 sec
 * total energy  :   -27.0088516 Eh     change       -0.1661287E-01 Eh
   gradient norm :     0.0619205 Eh/α   predicted    -0.1275541E-01 ( -23.22%)
   displ. norm   :     0.2363139 α      lambda       -0.7706729E-02
   maximum displ.:     0.1331929 α      in ANC's #12, #10, #22, ...

........................................................................
.............................. CYCLE    3 ..............................
........................................................................
   1    -27.4854895 -0.274855E+02  0.293E-01    3.02       0.0  T
   2    -27.4857605 -0.271035E-03  0.172E-01    3.01       1.0  T
   3    -27.4858250 -0.644333E-04  0.977E-02    3.02       1.0  T
   4    -27.4858659 -0.409681E-04  0.266E-02    3.02       1.0  T
   5    -27.4858740 -0.803326E-05  0.975E-03    3.02       2.4  T
   6    -27.4858750 -0.102904E-05  0.427E-03    3.02       5.5  T
   7    -27.4858750  0.701479E-08  0.225E-03    3.02      10.5  T
     SCC iter.                  ...        0 min,  0.005 sec
     gradient                   ...        0 min,  0.007 sec
 * total energy  :   -27.0130785 Eh     change       -0.4226916E-02 Eh
   gradient norm :     0.0146164 Eh/α   predicted    -0.4068554E-02 (  -3.75%)
   displ. norm   :     0.1311792 α      lambda       -0.4533781E-03
   maximum displ.:     0.0931931 α      in ANC's #3, #2, #1, ...

........................................................................
.............................. CYCLE    4 ..............................
........................................................................
   1    -27.4845365 -0.274845E+02  0.822E-02    3.01       0.0  T
   2    -27.4845452 -0.872938E-05  0.472E-02    3.01       1.0  T
   3    -27.4845423  0.290679E-05  0.234E-02    3.01       1.0  T
   4    -27.4845472 -0.492629E-05  0.662E-03    3.01       3.6  T
   5    -27.4845478 -0.569713E-06  0.172E-03    3.01      13.7  T
   6    -27.4845478 -0.166849E-07  0.959E-04    3.01      24.6  T
     SCC iter.                  ...        0 min,  0.004 sec
     gradient                   ...        0 min,  0.007 sec
 * total energy  :   -27.0134019 Eh     change       -0.3234461E-03 Eh
   gradient norm :     0.0074699 Eh/α   predicted    -0.2305887E-03 ( -28.71%)
   displ. norm   :     0.1507476 α      lambda       -0.2653829E-03
   maximum displ.:     0.0972634 α      in ANC's #3, #2, #1, ...

........................................................................
.............................. CYCLE    5 ..............................
........................................................................
   1    -27.4839732 -0.274840E+02  0.937E-02    2.99       0.0  T
   2    -27.4839792 -0.598212E-05  0.543E-02    3.00       1.0  T
   3    -27.4839738  0.532967E-05  0.234E-02    3.00       1.0  T
   4    -27.4839805 -0.669525E-05  0.624E-03    3.00       3.8  T
   5    -27.4839811 -0.532641E-06  0.168E-03    3.00      14.0  T
   6    -27.4839811 -0.986192E-08  0.107E-03    3.00      22.0  T
     SCC iter.                  ...        0 min,  0.004 sec
     gradient                   ...        0 min,  0.007 sec
 * total energy  :   -27.0135512 Eh     change       -0.1492609E-03 Eh
   gradient norm :     0.0045152 Eh/α   predicted    -0.1357105E-03 (  -9.08%)
   displ. norm   :     0.0927719 α      lambda       -0.8367281E-04
   maximum displ.:     0.0551560 α      in ANC's #1, #2, #3, ...

........................................................................
.............................. CYCLE    6 ..............................
........................................................................
   1    -27.4846078 -0.274846E+02  0.606E-02    2.99       0.0  T
   2    -27.4846088 -0.103909E-05  0.355E-02    2.99       1.0  T
   3    -27.4846062  0.263913E-05  0.145E-02    2.99       1.6  T
   4    -27.4846094 -0.318549E-05  0.223E-03    2.99      10.6  T
   5    -27.4846094 -0.562888E-07  0.851E-04    2.99      27.7  T
   6    -27.4846094 -0.258904E-08  0.508E-04    2.99      46.4  T
     SCC iter.                  ...        0 min,  0.004 sec
     gradient                   ...        0 min,  0.007 sec
 * total energy  :   -27.0135897 Eh     change       -0.3849254E-04 Eh
   gradient norm :     0.0039781 Eh/α   predicted    -0.4219588E-04 (   9.62%)
   displ. norm   :     0.0433416 α      lambda       -0.3531928E-04
   maximum displ.:     0.0323601 α      in ANC's #1, #2, #8, ...

........................................................................
.............................. CYCLE    7 ..............................
........................................................................
   1    -27.4853837 -0.274854E+02  0.331E-02    2.99       0.0  T
   2    -27.4853840 -0.334267E-06  0.192E-02    2.99       1.2  T
   3    -27.4853836  0.444946E-06  0.625E-03    2.99       3.8  T
   4    -27.4853841 -0.539990E-06  0.131E-03    2.99      18.0  T
   5    -27.4853841 -0.199491E-07  0.516E-04    2.99      45.7  T
   6    -27.4853841 -0.106954E-08  0.316E-04    2.99      74.5  T
     SCC iter.                  ...        0 min,  0.004 sec
     gradient                   ...        0 min,  0.008 sec
 * total energy  :   -27.0136166 Eh     change       -0.2690520E-04 Eh
   gradient norm :     0.0023165 Eh/α   predicted    -0.1769281E-04 ( -34.24%)
   displ. norm   :     0.0773596 α      lambda       -0.3509314E-04
   maximum displ.:     0.0587215 α      in ANC's #1, #2, #8, ...

........................................................................
.............................. CYCLE    8 ..............................
........................................................................
   1    -27.4858905 -0.274859E+02  0.568E-02    3.00       0.0  T
   2    -27.4858912 -0.684029E-06  0.330E-02    3.00       1.0  T
   3    -27.4858900  0.118801E-05  0.963E-03    3.00       2.4  T
   4    -27.4858914 -0.135567E-05  0.240E-03    3.00       9.8  T
   5    -27.4858914 -0.777339E-07  0.797E-04    3.00      29.6  T
   6    -27.4858914 -0.267065E-08  0.464E-04    3.00      50.8  T
     SCC iter.                  ...        0 min,  0.004 sec
     gradient                   ...        0 min,  0.007 sec
 * total energy  :   -27.0136421 Eh     change       -0.2549993E-04 Eh
   gradient norm :     0.0018445 Eh/α   predicted    -0.1765225E-04 ( -30.78%)
   displ. norm   :     0.1123085 α      lambda       -0.2143242E-04
   maximum displ.:     0.0869402 α      in ANC's #1, #2, #4, ...

........................................................................
.............................. CYCLE    9 ..............................
........................................................................
   1    -27.4857598 -0.274858E+02  0.782E-02    3.00       0.0  T
   2    -27.4857604 -0.590238E-06  0.455E-02    3.00       1.0  T
   3    -27.4857593  0.110780E-05  0.909E-03    3.00       2.6  T
   4    -27.4857607 -0.135636E-05  0.190E-03    3.00      12.4  T
   5    -27.4857607 -0.328544E-07  0.903E-04    3.00      26.1  T
   6    -27.4857607 -0.169163E-08  0.505E-04    3.00      46.6  T
     SCC iter.                  ...        0 min,  0.004 sec
     gradient                   ...        0 min,  0.007 sec
 * total energy  :   -27.0136656 Eh     change       -0.2346113E-04 Eh
   gradient norm :     0.0026967 Eh/α   predicted    -0.1077596E-04 ( -54.07%)
   displ. norm   :     0.0560216 α      lambda       -0.1491571E-04
   maximum displ.:     0.0435747 α      in ANC's #1, #2, #3, ...

........................................................................
.............................. CYCLE   10 ..............................
........................................................................
   1    -27.4856171 -0.274856E+02  0.407E-02    3.00       0.0  T
   2    -27.4856173 -0.162660E-06  0.236E-02    3.00       1.0  T
   3    -27.4856171  0.159444E-06  0.388E-03    3.00       6.1  T
   4    -27.4856174 -0.228607E-06  0.879E-04    3.00      26.8  T
   5    -27.4856174 -0.409644E-08  0.469E-04    3.00      50.2  T
     SCC iter.                  ...        0 min,  0.004 sec
     gradient                   ...        0 min,  0.008 sec
 * total energy  :   -27.0136778 Eh     change       -0.1223561E-04 Eh
   gradient norm :     0.0018507 Eh/α   predicted    -0.7482600E-05 ( -38.85%)
   displ. norm   :     0.1048327 α      lambda       -0.1474143E-04
   maximum displ.:     0.0831344 α      in ANC's #1, #2, #3, ...

........................................................................
.............................. CYCLE   11 ..............................
........................................................................
   1    -27.4853393 -0.274853E+02  0.719E-02    2.99       0.0  T
   2    -27.4853400 -0.652345E-06  0.417E-02    2.99       1.0  T
   3    -27.4853385  0.145832E-05  0.107E-02    2.99       2.2  T
   4    -27.4853402 -0.171064E-05  0.222E-03    2.99      10.6  T
   5    -27.4853403 -0.551410E-07  0.883E-04    2.99      26.7  T
   6    -27.4853403 -0.322863E-08  0.476E-04    2.99      49.5  T
     SCC iter.                  ...        0 min,  0.004 sec
     gradient                   ...        0 min,  0.007 sec
 * total energy  :   -27.0136905 Eh     change       -0.1268553E-04 Eh
   gradient norm :     0.0010761 Eh/α   predicted    -0.7406457E-05 ( -41.61%)
   displ. norm   :     0.0408570 α      lambda       -0.3521822E-05
   maximum displ.:     0.0344215 α      in ANC's #1, #2, #3, ...

........................................................................
.............................. CYCLE   12 ..............................
........................................................................
   1    -27.4854422 -0.274854E+02  0.323E-02    2.99       0.0  T
   2    -27.4854423 -0.100196E-06  0.187E-02    2.99       1.3  T
   3    -27.4854420  0.232573E-06  0.433E-03    2.99       5.4  T
   4    -27.4854423 -0.292232E-06  0.697E-04    2.99      33.8  T
   5    -27.4854423 -0.731845E-09  0.361E-04    2.99      65.4  T
     SCC iter.                  ...        0 min,  0.004 sec
     gradient                   ...        0 min,  0.007 sec
 * total energy  :   -27.0136937 Eh     change       -0.3221850E-05 Eh
   gradient norm :     0.0007480 Eh/α   predicted    -0.1761048E-05 ( -45.34%)
   displ. norm   :     0.0242800 α      lambda       -0.1722419E-05
   maximum displ.:     0.0219271 α      in ANC's #1, #2, #3, ...

   *** GEOMETRY OPTIMIZATION CONVERGED AFTER 12 ITERATIONS ***

------------------------------------------------------------------------
 total energy gain   :        -0.0214550 Eh      -13.4632 kcal/mol
 total RMSD          :         0.2311384 a0        0.1223 Å
 total power (kW/mol):        -4.6941735 (step) -276.8458 (real)
------------------------------------------------------------------------

 ANCopt (total)                0 d,  0 h,  0 min,  0.203 sec
 optimizer setup                ...        0 min,  0.000 sec (  0.058%)
 model hessian                  ...        0 min,  0.002 sec (  1.109%)
 ANC generation                 ...        0 min,  0.001 sec (  0.247%)
 coordinate transformation      ...        0 min,  0.000 sec (  0.079%)
 single point calculation       ...        0 min,  0.196 sec ( 96.417%)
 optimization log               ...        0 min,  0.001 sec (  0.488%)
 hessian update                 ...        0 min,  0.000 sec (  0.067%)
 rational function              ...        0 min,  0.002 sec (  1.127%)

================
 final structure:
================
$coord
   -2.40166754469168    2.27092618276917    0.05758408125710      C 
   -3.93709815869442    0.20206958009369   -0.17447206060574      N 
   -2.58097271003590   -1.98055333651715   -0.30773621919745      C 
   -0.06488226341280   -1.33650779989392   -0.16225763917176      C 
    0.02125491276321    1.35540678301011    0.06911178070712      C 
    2.49836324866764    2.08196587311137    0.22598725650930      N 
    3.95854346372139   -0.05585572930226    0.09516810621692      C 
    2.51182601218277   -2.19798586351515   -0.14230290333516      C 
    3.47310383899280   -4.73490314856742   -0.33307724330510      C 
    2.06917379576417   -6.80433463546232   -0.58523496614320      C 
   -3.15289259973195    4.14530558365738    0.18692586952022      H 
   -5.83578024158351    0.29144657877015   -0.23783948642942      H 
   -3.51239146233065   -3.76833560904368   -0.48903961298716      H 
    3.15232763693414    3.85627226165139    0.38866032536655      H 
    5.98227640259361    0.08585361618682    0.18300844182589      H 
    5.51366652309103   -4.89099037606850   -0.25796982882062      H 
    0.04066830228835   -6.70886688734295   -0.66623902987189      H 
    2.90335447913262   -8.65484812849359   -0.72071389673957      H 
$end
           -------------------------------------------------
          |                Final Singlepoint                |
           -------------------------------------------------

          ...................................................
          :                      SETUP                      :
          :.................................................:
          :  # basis functions                  48          :
          :  # atomic orbitals                  48          :
          :  # shells                           28          :
          :  # electrons                        50          :
          :  max. iterations                   250          :
          :  Hamiltonian                  GFN2-xTB          :
          :  restarted?                      false          :
          :  GBSA solvation                  false          :
          :  PC potential                    false          :
          :  electronic temp.          300.0000000     K    :
          :  accuracy                    1.0000000          :
          :  -> integral cutoff          0.2500000E+02      :
          :  -> integral neglect         0.1000000E-07      :
          :  -> SCF convergence          0.1000000E-05 Eh   :
          :  -> wf. convergence          0.1000000E-03 e    :
          :  Broyden damping             0.4000000          :
          ...................................................

 iter      E             dE          RMSdq      gap      omega  full diag
   1    -27.4854423 -0.274854E+02  0.161E-04    2.99       0.0  T
   2    -27.4854423 -0.108226E-09  0.849E-05    2.99     277.5  T
   3    -27.4854423 -0.141529E-09  0.400E-05    2.99     589.3  T

   *** convergence criteria satisfied after 3 iterations ***

         #    Occupation            Energy/Eh            Energy/eV
      -------------------------------------------------------------
         1        2.0000           -0.6617344             -18.0067
       ...           ...                  ...                  ...
        19        2.0000           -0.4327306             -11.7752
        20        2.0000           -0.4281109             -11.6495
        21        2.0000           -0.4217076             -11.4752
        22        2.0000           -0.4051181             -11.0238
        23        2.0000           -0.3749736             -10.2036
        24        2.0000           -0.3659632              -9.9584
        25        2.0000           -0.3277571              -8.9187 (HOMO)
        26                         -0.2177557              -5.9254 (LUMO)
        27                         -0.1773065              -4.8248
        28                         -0.1266156              -3.4454
        29                         -0.0693656              -1.8875
        30                          0.0126028               0.3429
       ...                                ...                  ...
        48                          0.7674093              20.8823
      -------------------------------------------------------------
                  HL-Gap            0.1100014 Eh            2.9933 eV
             Fermi-level           -0.2727564 Eh           -7.4221 eV

 SCC (total)                   0 d,  0 h,  0 min,  0.015 sec
 SCC setup                      ...        0 min,  0.000 sec (  0.967%)
 Dispersion                     ...        0 min,  0.000 sec (  0.819%)
 integral evaluation            ...        0 min,  0.004 sec ( 28.797%)
 zeroth order Hamiltonian       ...        0 min,  0.000 sec (  0.605%)
 iterations                     ...        0 min,  0.002 sec ( 16.280%)
 molecular gradient             ...        0 min,  0.007 sec ( 50.278%)
 printout                       ...        0 min,  0.000 sec (  1.873%)

         :::::::::::::::::::::::::::::::::::::::::::::::::::::
         ::                     SUMMARY                     ::
         :::::::::::::::::::::::::::::::::::::::::::::::::::::
         :: total energy             -27.013693715714 Eh    ::
         :: gradient norm              0.000747736632 Eh/a0 ::
         :: HOMO-LUMO gap              2.993290215740 eV    ::
         ::.................................................::
         :: SCC energy               -27.485442338699 Eh    ::
         :: -> isotropic ES            0.008170363995 Eh    ::
         :: -> anisotropic ES          0.007569180879 Eh    ::
         :: -> anisotropic XC          0.014637121796 Eh    ::
         :: -> dispersion             -0.015752309466 Eh    ::
         :: repulsion energy           0.471709360214 Eh    ::
         :: add. restraining           0.000000000000 Eh    ::
         :::::::::::::::::::::::::::::::::::::::::::::::::::::

           -------------------------------------------------
          |                Property Printout                |
           -------------------------------------------------

    * Orbital Energies and Occupations

         #    Occupation            Energy/Eh            Energy/eV
      -------------------------------------------------------------
         1        2.0000           -0.6617344             -18.0067
       ...           ...                  ...                  ...
        13        2.0000           -0.5092644             -13.8578
        14        2.0000           -0.4898324             -13.3290
        15        2.0000           -0.4827695             -13.1368
        16        2.0000           -0.4796459             -13.0518
        17        2.0000           -0.4680316             -12.7358
        18        2.0000           -0.4496761             -12.2363
        19        2.0000           -0.4327306             -11.7752
        20        2.0000           -0.4281109             -11.6495
        21        2.0000           -0.4217076             -11.4752
        22        2.0000           -0.4051181             -11.0238
        23        2.0000           -0.3749736             -10.2036
        24        2.0000           -0.3659632              -9.9584
        25        2.0000           -0.3277571              -8.9187 (HOMO)
        26                         -0.2177557              -5.9254 (LUMO)
        27                         -0.1773065              -4.8248
        28                         -0.1266156              -3.4454
        29                         -0.0693656              -1.8875
        30                          0.0126028               0.3429
        31                          0.0494952               1.3468
        32                          0.1197799               3.2594
        33                          0.1416584               3.8547
        34                          0.1460359               3.9738
        35                          0.1637527               4.4559
        36                          0.1714822               4.6663
       ...                                ...                  ...
        48                          0.7674093              20.8823
      -------------------------------------------------------------
                  HL-Gap            0.1100014 Eh            2.9933 eV
             Fermi-level           -0.2727564 Eh           -7.4221 eV

     #   Z        covCN         q      C6AA      α(0)
     1   6 C      2.968    -0.049    29.206     8.865
     2   7 N      2.840    -0.082    22.836     7.097
     3   6 C      2.992    -0.024    28.591     8.771
     4   6 C      3.218    -0.041    28.269     8.647
     5   6 C      3.232     0.019    26.759     8.397
     6   7 N      2.750    -0.109    23.377     7.181
     7   6 C      3.048    -0.005    28.093     8.693
     8   6 C      3.036    -0.024    28.574     8.768
     9   6 C      2.890    -0.030    28.745     8.790
    10   6 C      2.840    -0.100    30.515     9.053
    11   1 H      0.926     0.020     2.733     2.585
    12   1 H      0.860     0.154     1.373     1.836
    13   1 H      0.926     0.025     2.663     2.552
    14   1 H      0.860     0.147     1.422     1.868
    15   1 H      0.926     0.023     2.682     2.561
    16   1 H      0.925     0.021     2.723     2.581
    17   1 H      0.926     0.032     2.564     2.504
    18   1 H      0.926     0.023     2.688     2.564

 Mol. C6AA /au·bohr⁶  :       4161.908699
 Mol. C8AA /au·bohr⁸  :     100676.060299
 Mol. α(0) /au        :        103.311132


Wiberg/Mayer (AO) data.
largest (>0.10) Wiberg bond orders for each atom
          total WBO             WBO to atom ...
     1  C   3.912        C    5 1.451    N    2 1.208    H   11 0.971    C    3 0.181
     2  N   3.580        C    3 1.238    C    1 1.208    H   12 0.950
     3  C   3.934        C    4 1.444    N    2 1.238    H   13 0.970    C    1 0.181
     4  C   3.973        C    3 1.444    C    5 1.196    C    8 1.147
     5  C   3.951        C    1 1.451    C    4 1.196    N    6 1.136
     6  N   3.519        C    7 1.195    C    5 1.136    H   14 0.951
     7  C   3.949        C    8 1.534    N    6 1.195    H   15 0.970
     8  C   3.977        C    7 1.534    C    4 1.147    C    9 1.124
     9  C   3.993        C   10 1.867    C    8 1.124    H   16 0.965
    10  C   3.984        C    9 1.867    H   18 0.980    H   17 0.976
    11  H   0.999        C    1 0.971
    12  H   0.976        N    2 0.950
    13  H   0.999        C    3 0.970
    14  H   0.978        N    6 0.951
    15  H   0.999        C    7 0.970
    16  H   0.999        C    9 0.965
    17  H   0.999        C   10 0.976
    18  H   0.999        C   10 0.980

molecular dipole:
                 x           y           z       tot (Debye)
 q only:       -0.421       0.742       0.047
   full:       -0.543       1.011       0.063       2.921
molecular quadrupole (traceless):
                xx          xy          yy          xz          yz          zz
 q only:        5.334       3.205      -2.495       0.606       0.077      -2.838
  q+dip:       10.234       4.524      -1.382       1.137       0.720      -8.852
   full:        8.635       4.227      -2.173       0.955       0.426      -6.462

           -------------------------------------------------
          |                Geometry Summary                 |
           -------------------------------------------------

      molecular mass/u    :      132.1646000
   center of mass at/Å    :        0.2758422      -0.5834920      -0.0665602
  moments of inertia/u·Å² :        0.2052998E+03   0.3985945E+03   0.6038900E+03
rotational constants/cm⁻¹ :        0.8211227E-01   0.4229269E-01   0.2791507E-01

 * 18 selected distances

     #   Z        #   Z                                     value/Å
     1   6 C      2   7 N                                 1.3688789
     2   7 N      3   6 C                                 1.3616090
     3   6 C      4   6 C                                 1.3765395
     1   6 C      5   6 C                                 1.3706469
     4   6 C      5   6 C                                 1.4304784
     5   6 C      6   7 N                                 1.3685719
     6   7 N      7   6 C                                 1.3717354
     4   6 C      8   6 C                                 1.4377628 (max)
     7   6 C      8   6 C                                 1.3736310
     9   6 C     10   6 C                                 1.3300310
     1   6 C     11   1 H                                 1.0707659
     2   7 N     12   1 H                                 1.0064108
     3   6 C     13   1 H                                 1.0710549
     6   7 N     14   1 H                                 1.0043633 (min)
     7   6 C     15   1 H                                 1.0745416
     9   6 C     16   1 H                                 1.0837029
    10   6 C     17   1 H                                 1.0754817
    10   6 C     18   1 H                                 1.0765359

 * 4 distinct bonds (by element types)

   Z      Z             #   av. dist./Å        max./Å        min./Å
   1 H    6 C           6     1.0753472     1.0837029     1.0707659
   6 C    6 C           6     1.3865149     1.4377628     1.3300310
   1 H    7 N           2     1.0053870     1.0064108     1.0043633
   6 C    7 N           4     1.3676988     1.3717354     1.3616090


optimized geometry written to: xtbopt.xyz


           -------------------------------------------------
          | TOTAL ENERGY              -27.013693715714 Eh   |
          | GRADIENT NORM               0.000747736632 Eh/α |
          | HOMO-LUMO GAP               2.993290215740 eV   |
           -------------------------------------------------

------------------------------------------------------------------------
 * finished run on 2021/05/19 at 10:58:50.096     
------------------------------------------------------------------------
 total:
 * wall-time:     0 d,  0 h,  0 min,  0.270 sec
 *  cpu-time:     0 d,  0 h,  0 min,  0.257 sec
 * ratio c/w:     0.952 speedup
 SCF:
 * wall-time:     0 d,  0 h,  0 min,  0.022 sec
 *  cpu-time:     0 d,  0 h,  0 min,  0.022 sec
 * ratio c/w:     1.000 speedup
 ANC optimizer:
 * wall-time:     0 d,  0 h,  0 min,  0.219 sec
 *  cpu-time:     0 d,  0 h,  0 min,  0.219 sec
 * ratio c/w:     1.000 speedup

