      -----------------------------------------------------------      
     |                   =====================                   |     
     |                           x T B                           |     
     |                   =====================                   |     
     |                         S. Grimme                         |     
     |          Mulliken Center for Theoretical Chemistry        |     
     |                    University of Bonn                     |     
     |                Version 6.2 RC2 (SAW190805)                |     
      -----------------------------------------------------------      

   This program is distributed in the hope that it will be useful,
   but WITHOUT ANY WARRANTY; without even the implied warranty of
   MERCHANTABILITY or FITNESS FOR A PARTICULAR PURPOSE.
   
   FOR NON-COMMERCIAL, ACADEMIA USE ONLY.
   
   Cite this work as:
   * S. Grimme, C. Bannwarth, P. Shushkov, J. Chem. Theory Comput., 2017,
     13, 1989-2009. DOI: 10.1021/acs.jctc.7b00118
   * C. Bannwarth, S. Ehlert and S. Grimme., J. Chem. Theory Comput., 2019,
     15, 1652-1671. DOI: 10.1021/acs.jctc.8b01176
   * P. Pracht, E. Caldeweyher, S. Ehlert, S. Grimme, ChemRxiv, 2019, preprint.
     DOI: 10.26434/chemrxiv.8326202.v1
   
   for DFT-D4:
   * E. Caldeweyher, C. Bannwarth and S. Grimme, J. Chem. Phys., 2017,
     147, 034112. DOI: 10.1063/1.4993215
   * E. Caldeweyher, S. Ehlert, A. Hansen, H. Neugebauer, S. Spicher,
     C. Bannwarth and S. Grimme, J. Chem. Phys., 2019, 150, 154122.
     DOI: 10.1063/1.5090222
   
   for sTDA-xTB:
   * S. Grimme and C. Bannwarth, J. Chem. Phys., 2016, 145, 054103.
     DOI: 10.1063/1.4959605
   
   in the mass-spec context:
   * V. Asgeirsson, C. Bauer and S. Grimme, Chem. Sci., 2017, 8, 4879.
     DOI: 10.1039/c7sc00601b
   
   for metadynamics refer to:
   * S. Grimme, J. Chem. Theory Comput., 2019, 155, 2847-2862
     DOI: 10.1021/acs.jctc.9b00143
   
   with help from (in alphabetical order)
   C. Bannwarth, F. Bohle, G. Brandenburg, E. Caldeweyher, M. Checinski,
   S. Dohm, S. Ehlert, S. Ehrlich, F. März, H. Neugebauer, J. Pisarek,
   P. Pracht, P. Shushkov, and S. Spicher.
   
 * started run on 2021/05/19 at 10:58:58.337     

           -------------------------------------------------
          |                Calculation Setup                |
           -------------------------------------------------

          program call               : /ihome/ghutchison/geoffh/xtb/xtb 221.xyz -opt
          hostname                   : smp-n83
          coordinate file            : 221.xyz
          omp threads                :                     1
          number of atoms            :                    23
          number of electrons        :                    58
          charge                     :                     0
          spin                       :                   0.0
          first test random number   :      0.76971317940653


########################################################################
# WARNING! Please study the warnings concerning your input carefully
#  - the use of '-opt' is discouraged, please use '--opt' next time
########################################################################

           ------------------------------------------------- 
          |                 G F N 2 - x T B                 |
          | Geometry, Frequencies, Noncovalent interactions |
          |            JCTC 2019 parametrisation            |
           ------------------------------------------------- 
             KAB for C  - Si     :                1.0500
             KAB for H  - Pd     :                0.9500
             k(s)              :                1.8500
             k(p)              :                2.2300
             k(d)              :                2.2300
             k(f)              :                2.0000
             kEN (H0ij)        :               -2.0000
             D4 a1             :                0.5200
             D4 a2             :                5.0000
             D4 s6             :                1.0000
             D4 s8             :                2.7000
             D4 s9             :                5.0000
             alphaj            :                2.0000

  Z AO/shell   Hii/eV     exponent
  1     Wed Apr 25 08:07:45 CEST 2018   EN: 2.200 GM2: 0.406  GM3: 0.0800  RAES: 1.40
     1s    -10.707211    1.230000
  6     Wed Apr 25 08:07:45 CEST 2018   EN: 2.550 GM2: 0.538  GM3: 0.1500  RAES: 3.00
     2s    -13.970922    2.096432
     2p    -10.063292    1.800000
 16     Tue Apr 24 11:44:34 CEST 2018   EN: 2.580 GM2: 0.340  GM3:-0.0502  RAES: 3.10
     3s    -20.029654    1.981333
     3p    -11.377694    2.025643
     3d     -0.420282    1.702555

           ------------------------------------------------- 
          |        Self-Consistent Charge Iterations        |
           ------------------------------------------------- 

          ...................................................
          :                      SETUP                      :
          :.................................................:
          :  # basis functions                  62          :
          :  # atomic orbitals                  61          :
          :  # shells                           35          :
          :  # electrons                        58          :
          :  max. iterations                   250          :
          :  Hamiltonian                  GFN2-xTB          :
          :  restarted?                      false          :
          :  GBSA solvation                  false          :
          :  PC potential                    false          :
          :  electronic temp.          300.0000000     K    :
          :  accuracy                    1.0000000          :
          :  -> integral cutoff          0.2500000E+02      :
          :  -> integral neglect         0.1000000E-07      :
          :  -> SCF convergence          0.1000000E-05 Eh   :
          :  -> wf. convergence          0.1000000E-03 e    :
          :  Broyden damping             0.4000000          :
          ...................................................

 iter      E             dE          RMSdq      gap      omega  full diag
   1    -31.1707821 -0.311708E+02  0.388E+00    3.80       0.0  T
   2    -31.2014324 -0.306503E-01  0.224E+00    3.87       1.0  T
   3    -31.1976285  0.380388E-02  0.884E-01    3.82       1.0  T
   4    -31.2012648 -0.363627E-02  0.471E-01    3.82       1.0  T
   5    -31.2040912 -0.282648E-02  0.108E-01    3.82       1.0  T
   6    -31.2040952 -0.396948E-05  0.702E-02    3.82       1.0  T
   7    -31.2041691 -0.739056E-04  0.210E-02    3.82       1.0  T
   8    -31.2041712 -0.213658E-05  0.868E-03    3.82       2.4  T
   9    -31.2041714 -0.149321E-06  0.411E-03    3.82       5.1  T
  10    -31.2041716 -0.164734E-06  0.175E-03    3.82      11.9  T
  11    -31.2041716 -0.262094E-07  0.879E-04    3.82      23.7  T
  12    -31.2041716 -0.553580E-08  0.257E-04    3.82      81.3  T

   *** convergence criteria satisfied after 12 iterations ***

         #    Occupation            Energy/Eh            Energy/eV
      -------------------------------------------------------------
         1        2.0000           -0.7235812             -19.6896
       ...           ...                  ...                  ...
        23        2.0000           -0.4435627             -12.0700
        24        2.0000           -0.4346069             -11.8263
        25        2.0000           -0.4263483             -11.6015
        26        2.0000           -0.4186067             -11.3909
        27        2.0000           -0.4002676             -10.8918
        28        2.0000           -0.3804393             -10.3523
        29        2.0000           -0.3774271             -10.2703 (HOMO)
        30                         -0.2370017              -6.4491 (LUMO)
        31                         -0.2109924              -5.7414
        32                         -0.1914420              -5.2094
        33                         -0.1659211              -4.5149
        34                         -0.1063337              -2.8935
       ...                                ...                  ...
        61                          0.6719761              18.2854
      -------------------------------------------------------------
                  HL-Gap            0.1404254 Eh            3.8212 eV
             Fermi-level           -0.3072144 Eh           -8.3597 eV

 SCC (total)                   0 d,  0 h,  0 min,  0.032 sec
 SCC setup                      ...        0 min,  0.000 sec (  0.881%)
 Dispersion                     ...        0 min,  0.000 sec (  0.948%)
 integral evaluation            ...        0 min,  0.007 sec ( 22.940%)
 zeroth order Hamiltonian       ...        0 min,  0.000 sec (  0.477%)
 iterations                     ...        0 min,  0.012 sec ( 38.130%)
 molecular gradient             ...        0 min,  0.011 sec ( 35.394%)
 printout                       ...        0 min,  0.000 sec (  1.065%)

         :::::::::::::::::::::::::::::::::::::::::::::::::::::
         ::                     SUMMARY                     ::
         :::::::::::::::::::::::::::::::::::::::::::::::::::::
         :: total energy             -30.747421961541 Eh    ::
         :: gradient norm              0.048749649709 Eh/a0 ::
         :: HOMO-LUMO gap              3.821170906036 eV    ::
         ::.................................................::
         :: SCC energy               -31.204171592439 Eh    ::
         :: -> isotropic ES            0.002550869359 Eh    ::
         :: -> anisotropic ES          0.004544096149 Eh    ::
         :: -> anisotropic XC          0.018107597273 Eh    ::
         :: -> dispersion             -0.022239069053 Eh    ::
         :: repulsion energy           0.456561137020 Eh    ::
         :: add. restraining           0.000000000000 Eh    ::
         :::::::::::::::::::::::::::::::::::::::::::::::::::::

      ----------------------------------------------------------- 
     |                   =====================                   |
     |                        A N C O P T                        |
     |                   =====================                   |
     |               Approximate Normal Coordinate               |
     |                Rational Function Optimizer                |
      ----------------------------------------------------------- 

          ...................................................
          :                      SETUP                      :
          :.................................................:
          :   optimization level            normal          :
          :   max. optcycles                   200          :
          :   ANC micro-cycles                  20          :
          :   degrees of freedom                63          :
          :.................................................:
          :   RF solver                   davidson          :
          :   input Hessian                  false          :
          :   write xtbopt.log                true          :
          :   linear?                        false          :
          :   energy convergence         0.5000000E-05 Eh   :
          :   grad. convergence          0.1000000E-02 Eh/α :
          :   maximium RF displ.         2.0000000          :
          :   Hlow (freq-cutoff)         0.5000000E-02      :
          :   Hmax (freq-cutoff)         5.0000000          :
          :   S6 in model hess.         20.0000000          :
          ...................................................

generating ANC from model Hessian ...
Using Lindh-Hessian (1995)
 Shifting diagonal of input Hessian by   2.651777561794610E-003
 Lowest  eigenvalues of input Hessian
   -0.000000    0.000000    0.000000    0.000000    0.000000    0.000000
    0.005000    0.005129    0.006879    0.008803    0.010001    0.015786
    0.019314    0.021937    0.022465    0.024362    0.029990    0.034693
 Highest eigenvalues
    1.438142    1.496277    1.629203    1.742391    1.804243    1.847315
 

........................................................................
.............................. CYCLE    1 ..............................
........................................................................
   1    -31.2041716 -0.312042E+02  0.100E-04    3.82       0.0  T
   2    -31.2041716 -0.242260E-10  0.621E-05    3.82     335.7  T
   3    -31.2041716  0.431299E-11  0.499E-05    3.82     417.9  T
     SCC iter.                  ...        0 min,  0.004 sec
     gradient                   ...        0 min,  0.011 sec
 * total energy  :   -30.7474220 Eh     change       -0.2658262E-07 Eh
   gradient norm :     0.0487498 Eh/α   predicted     0.0000000E+00 (-100.00%)
   displ. norm   :     0.2430258 α      lambda       -0.4804168E-02
   maximum displ.:     0.0991321 α      in ANC's #14, #5, #13, ...

........................................................................
.............................. CYCLE    2 ..............................
........................................................................
   1    -31.2329865 -0.312330E+02  0.169E-01    3.90       0.0  T
   2    -31.2330144 -0.278443E-04  0.850E-02    3.90       1.0  T
   3    -31.2329959  0.185146E-04  0.446E-02    3.90       1.0  T
   4    -31.2330229 -0.270222E-04  0.192E-02    3.90       1.1  T
   5    -31.2330264 -0.354201E-05  0.697E-03    3.90       3.0  T
   6    -31.2330265 -0.106689E-06  0.284E-03    3.90       7.3  T
   7    -31.2330267 -0.135004E-06  0.498E-04    3.90      41.9  T
     SCC iter.                  ...        0 min,  0.007 sec
     gradient                   ...        0 min,  0.011 sec
 * total energy  :   -30.7503333 Eh     change       -0.2911316E-02 Eh
   gradient norm :     0.0144678 Eh/α   predicted    -0.2543956E-02 ( -12.62%)
   displ. norm   :     0.1680483 α      lambda       -0.6767135E-03
   maximum displ.:     0.1016410 α      in ANC's #5, #6, #4, ...

........................................................................
.............................. CYCLE    3 ..............................
........................................................................
   1    -31.2413097 -0.312413E+02  0.124E-01    3.92       0.0  T
   2    -31.2413192 -0.948394E-05  0.624E-02    3.93       1.0  T
   3    -31.2413127  0.654384E-05  0.252E-02    3.93       1.0  T
   4    -31.2413209 -0.824964E-05  0.119E-02    3.93       1.8  T
   5    -31.2413222 -0.131691E-05  0.422E-03    3.93       4.9  T
   6    -31.2413223 -0.359656E-07  0.170E-03    3.93      12.3  T
   7    -31.2413223 -0.476460E-07  0.363E-04    3.93      57.4  T
     SCC iter.                  ...        0 min,  0.007 sec
     gradient                   ...        0 min,  0.011 sec
 * total energy  :   -30.7506624 Eh     change       -0.3290923E-03 Eh
   gradient norm :     0.0057488 Eh/α   predicted    -0.3479361E-03 (   5.73%)
   displ. norm   :     0.1317505 α      lambda       -0.2953982E-03
   maximum displ.:     0.0860800 α      in ANC's #5, #6, #14, ...

........................................................................
.............................. CYCLE    4 ..............................
........................................................................
   1    -31.2422733 -0.312423E+02  0.881E-02    3.93       0.0  T
   2    -31.2422761 -0.272580E-05  0.479E-02    3.93       1.0  T
   3    -31.2422735  0.254614E-05  0.154E-02    3.93       1.4  T
   4    -31.2422764 -0.286249E-05  0.716E-03    3.93       2.9  T
   5    -31.2422769 -0.525859E-06  0.211E-03    3.93       9.9  T
   6    -31.2422769 -0.162075E-07  0.912E-04    3.93      22.9  T
     SCC iter.                  ...        0 min,  0.006 sec
     gradient                   ...        0 min,  0.011 sec
 * total energy  :   -30.7507922 Eh     change       -0.1297617E-03 Eh
   gradient norm :     0.0047331 Eh/α   predicted    -0.1502682E-03 (  15.80%)
   displ. norm   :     0.0716130 α      lambda       -0.1087351E-03
   maximum displ.:     0.0428907 α      in ANC's #6, #5, #3, ...

........................................................................
.............................. CYCLE    5 ..............................
........................................................................
   1    -31.2397298 -0.312397E+02  0.428E-02    3.92       0.0  T
   2    -31.2397300 -0.206113E-06  0.246E-02    3.92       1.0  T
   3    -31.2397286  0.140546E-05  0.958E-03    3.92       2.2  T
   4    -31.2397302 -0.160311E-05  0.209E-03    3.92      10.0  T
   5    -31.2397302 -0.111099E-07  0.415E-04    3.92      50.2  T
     SCC iter.                  ...        0 min,  0.005 sec
     gradient                   ...        0 min,  0.011 sec
 * total energy  :   -30.7508657 Eh     change       -0.7358523E-04 Eh
   gradient norm :     0.0017666 Eh/α   predicted    -0.5464653E-04 ( -25.74%)
   displ. norm   :     0.1205795 α      lambda       -0.4659122E-04
   maximum displ.:     0.0657732 α      in ANC's #3, #5, #6, ...

........................................................................
.............................. CYCLE    6 ..............................
........................................................................
   1    -31.2379349 -0.312379E+02  0.857E-02    3.92       0.0  T
   2    -31.2379367 -0.173408E-05  0.450E-02    3.92       1.0  T
   3    -31.2379355  0.113566E-05  0.119E-02    3.92       1.7  T
   4    -31.2379371 -0.153681E-05  0.590E-03    3.92       3.5  T
   5    -31.2379373 -0.203728E-06  0.678E-04    3.92      30.7  T
   6    -31.2379373 -0.592796E-08  0.240E-04    3.92      86.8  T
     SCC iter.                  ...        0 min,  0.006 sec
     gradient                   ...        0 min,  0.012 sec
 * total energy  :   -30.7508972 Eh     change       -0.3142722E-04 Eh
   gradient norm :     0.0020434 Eh/α   predicted    -0.2344999E-04 ( -25.38%)
   displ. norm   :     0.0337242 α      lambda       -0.1648204E-04
   maximum displ.:     0.0175150 α      in ANC's #3, #1, #5, ...

........................................................................
.............................. CYCLE    7 ..............................
........................................................................
   1    -31.2385985 -0.312386E+02  0.164E-02    3.93       0.0  T
   2    -31.2385986 -0.371540E-07  0.937E-03    3.93       2.2  T
   3    -31.2385985  0.421493E-07  0.200E-03    3.93      10.4  T
   4    -31.2385986 -0.529682E-07  0.778E-04    3.93      26.8  T
   5    -31.2385986 -0.317686E-08  0.166E-04    3.93     126.0  T
     SCC iter.                  ...        0 min,  0.005 sec
     gradient                   ...        0 min,  0.012 sec
 * total energy  :   -30.7509106 Eh     change       -0.1346626E-04 Eh
   gradient norm :     0.0013051 Eh/α   predicted    -0.8252799E-05 ( -38.71%)
   displ. norm   :     0.1273926 α      lambda       -0.2967336E-04
   maximum displ.:     0.0665980 α      in ANC's #3, #1, #5, ...

........................................................................
.............................. CYCLE    8 ..............................
........................................................................
   1    -31.2404998 -0.312405E+02  0.661E-02    3.94       0.0  T
   2    -31.2405005 -0.765275E-06  0.365E-02    3.94       1.0  T
   3    -31.2405003  0.284340E-06  0.733E-03    3.93       2.8  T
   4    -31.2405007 -0.396781E-06  0.386E-03    3.93       5.4  T
   5    -31.2405008 -0.118565E-06  0.562E-04    3.93      37.1  T
   6    -31.2405008 -0.273243E-08  0.307E-04    3.93      68.0  T
     SCC iter.                  ...        0 min,  0.006 sec
     gradient                   ...        0 min,  0.012 sec
 * total energy  :   -30.7509325 Eh     change       -0.2188505E-04 Eh
   gradient norm :     0.0015601 Eh/α   predicted    -0.1494399E-04 ( -31.72%)
   displ. norm   :     0.0564497 α      lambda       -0.8236628E-05
   maximum displ.:     0.0317985 α      in ANC's #1, #3, #2, ...

........................................................................
.............................. CYCLE    9 ..............................
........................................................................
   1    -31.2399284 -0.312399E+02  0.292E-02    3.93       0.0  T
   2    -31.2399285 -0.959366E-07  0.166E-02    3.93       1.3  T
   3    -31.2399285  0.253247E-07  0.243E-03    3.93       8.6  T
   4    -31.2399285 -0.215914E-07  0.159E-03    3.93      13.1  T
   5    -31.2399285 -0.335648E-07  0.234E-04    3.93      89.3  T
   6    -31.2399285 -0.586308E-09  0.957E-05    3.93     217.8  T
     SCC iter.                  ...        0 min,  0.006 sec
     gradient                   ...        0 min,  0.012 sec
 * total energy  :   -30.7509420 Eh     change       -0.9480027E-05 Eh
   gradient norm :     0.0008750 Eh/α   predicted    -0.4126557E-05 ( -56.47%)
   displ. norm   :     0.0792910 α      lambda       -0.9831775E-05
   maximum displ.:     0.0526072 α      in ANC's #1, #2, #3, ...

........................................................................
.............................. CYCLE   10 ..............................
........................................................................
   1    -31.2392066 -0.312392E+02  0.586E-02    3.93       0.0  T
   2    -31.2392075 -0.898582E-06  0.301E-02    3.93       1.0  T
   3    -31.2392075 -0.399599E-08  0.615E-03    3.93       3.4  T
   4    -31.2392076 -0.928940E-07  0.401E-03    3.93       5.2  T
   5    -31.2392077 -0.143990E-06  0.394E-04    3.93      52.9  T
   6    -31.2392077 -0.257569E-08  0.176E-04    3.93     118.2  T
     SCC iter.                  ...        0 min,  0.006 sec
     gradient                   ...        0 min,  0.012 sec
 * total energy  :   -30.7509505 Eh     change       -0.8539149E-05 Eh
   gradient norm :     0.0006709 Eh/α   predicted    -0.4931346E-05 ( -42.25%)
   displ. norm   :     0.0430126 α      lambda       -0.3536776E-05
   maximum displ.:     0.0333919 α      in ANC's #1, #2, #3, ...

........................................................................
.............................. CYCLE   11 ..............................
........................................................................
   1    -31.2393324 -0.312393E+02  0.258E-02    3.93       0.0  T
   2    -31.2393325 -0.156534E-06  0.135E-02    3.93       1.5  T
   3    -31.2393326 -0.298642E-07  0.223E-03    3.93       9.3  T
   4    -31.2393325  0.191101E-07  0.131E-03    3.93      15.9  T
   5    -31.2393326 -0.287777E-07  0.170E-04    3.93     122.3  T
   6    -31.2393326 -0.470873E-09  0.512E-05    3.93     407.2  T
     SCC iter.                  ...        0 min,  0.006 sec
     gradient                   ...        0 min,  0.024 sec
 * total energy  :   -30.7509541 Eh     change       -0.3546336E-05 Eh
   gradient norm :     0.0005355 Eh/α   predicted    -0.1770148E-05 ( -50.09%)
   displ. norm   :     0.0437423 α      lambda        0.1656004E-05
   maximum displ.:     0.0343256 α      in ANC's #1, #2, #3, ...

   *** GEOMETRY OPTIMIZATION CONVERGED AFTER 11 ITERATIONS ***

------------------------------------------------------------------------
 total energy gain   :        -0.0035321 Eh       -2.2164 kcal/mol
 total RMSD          :         0.1627687 a0        0.0861 Å
 total power (kW/mol):        -0.8430540 (step)  -30.8413 (real)
------------------------------------------------------------------------

 ANCopt (total)                0 d,  0 h,  0 min,  0.301 sec
 optimizer setup                ...        0 min,  0.000 sec (  0.047%)
 model hessian                  ...        0 min,  0.009 sec (  3.088%)
 ANC generation                 ...        0 min,  0.001 sec (  0.232%)
 coordinate transformation      ...        0 min,  0.000 sec (  0.064%)
 single point calculation       ...        0 min,  0.287 sec ( 95.428%)
 optimization log               ...        0 min,  0.001 sec (  0.358%)
 hessian update                 ...        0 min,  0.000 sec (  0.046%)
 rational function              ...        0 min,  0.001 sec (  0.495%)

================
 final structure:
================
$coord
    3.12568883125798    2.14615777158554   -0.04053325763023      C 
    5.32139078390745   -0.24812574624396   -0.10929299036945      S 
    2.95267545643483   -2.47579993067104   -0.20206489108977      C 
    0.61239897653831   -1.42123707300441   -0.18531866892779      C 
    0.71360267504026    1.26591102252447   -0.09211718142747      C 
   -1.59848437187550    2.91080890921173    0.05489461549243      C 
   -1.75867901215804    4.01133309505358    2.67038523732946      C 
   -1.66488162080387    6.45048166170958    3.17514366187638      C 
   -3.97847967088902    1.37746774172918   -0.59372979896294      C 
   -3.98609501213737   -1.20229713470903    0.69508240630143      C 
   -1.83298757015828   -2.83352991376905   -0.31948269554728      C 
    3.74882435703907    4.07178624046459    0.04274622090842      H 
    3.43837661282883   -4.44139602716062   -0.26947893201698      H 
   -1.41399287717822    4.47148330009328   -1.29355183607658      H 
   -1.92667899906279    2.65235507627851    4.18765524612845      H 
   -1.47777899621559    7.84539709086677    1.70197842821857      H 
   -1.76909599702101    7.16422801118743    5.07854224670020      H 
   -4.06151239120173    1.10144402590575   -2.63859983622669      H 
   -5.64319780484937    2.45963315453079   -0.03072823945760      H 
   -5.78885662855358   -2.14558419026878    0.35148033995171      H 
   -3.77805424302201   -0.96997015256834    2.73323498396877      H 
   -2.21681043976718   -3.31895899717651   -2.29485426784838      H 
   -1.69335681229779   -4.60206433585920    0.73558906078746      H 
$end
           -------------------------------------------------
          |                Final Singlepoint                |
           -------------------------------------------------

          ...................................................
          :                      SETUP                      :
          :.................................................:
          :  # basis functions                  62          :
          :  # atomic orbitals                  61          :
          :  # shells                           35          :
          :  # electrons                        58          :
          :  max. iterations                   250          :
          :  Hamiltonian                  GFN2-xTB          :
          :  restarted?                      false          :
          :  GBSA solvation                  false          :
          :  PC potential                    false          :
          :  electronic temp.          300.0000000     K    :
          :  accuracy                    1.0000000          :
          :  -> integral cutoff          0.2500000E+02      :
          :  -> integral neglect         0.1000000E-07      :
          :  -> SCF convergence          0.1000000E-05 Eh   :
          :  -> wf. convergence          0.1000000E-03 e    :
          :  Broyden damping             0.4000000          :
          ...................................................

 iter      E             dE          RMSdq      gap      omega  full diag
   1    -31.2393326 -0.312393E+02  0.261E-05    3.93       0.0  T
   2    -31.2393326 -0.115818E-11  0.117E-05    3.93    1788.3  T
   3    -31.2393326 -0.198952E-11  0.108E-05    3.93    1937.8  T

   *** convergence criteria satisfied after 3 iterations ***

         #    Occupation            Energy/Eh            Energy/eV
      -------------------------------------------------------------
         1        2.0000           -0.7224871             -19.6599
       ...           ...                  ...                  ...
        23        2.0000           -0.4455408             -12.1238
        24        2.0000           -0.4333519             -11.7921
        25        2.0000           -0.4270312             -11.6201
        26        2.0000           -0.4195310             -11.4160
        27        2.0000           -0.4031080             -10.9691
        28        2.0000           -0.3813646             -10.3775
        29        2.0000           -0.3800090             -10.3406 (HOMO)
        30                         -0.2356473              -6.4123 (LUMO)
        31                         -0.2061336              -5.6092
        32                         -0.1937404              -5.2719
        33                         -0.1589542              -4.3254
        34                         -0.1067816              -2.9057
       ...                                ...                  ...
        61                          0.6924815              18.8434
      -------------------------------------------------------------
                  HL-Gap            0.1443617 Eh            3.9283 eV
             Fermi-level           -0.3078282 Eh           -8.3764 eV

 SCC (total)                   0 d,  0 h,  0 min,  0.023 sec
 SCC setup                      ...        0 min,  0.000 sec (  0.743%)
 Dispersion                     ...        0 min,  0.000 sec (  0.765%)
 integral evaluation            ...        0 min,  0.007 sec ( 29.826%)
 zeroth order Hamiltonian       ...        0 min,  0.000 sec (  0.596%)
 iterations                     ...        0 min,  0.004 sec ( 15.657%)
 molecular gradient             ...        0 min,  0.012 sec ( 50.689%)
 printout                       ...        0 min,  0.000 sec (  1.495%)

         :::::::::::::::::::::::::::::::::::::::::::::::::::::
         ::                     SUMMARY                     ::
         :::::::::::::::::::::::::::::::::::::::::::::::::::::
         :: total energy             -30.750954086569 Eh    ::
         :: gradient norm              0.000535535349 Eh/a0 ::
         :: HOMO-LUMO gap              3.928280806511 eV    ::
         ::.................................................::
         :: SCC energy               -31.239332570068 Eh    ::
         :: -> isotropic ES            0.002667537122 Eh    ::
         :: -> anisotropic ES          0.004068652984 Eh    ::
         :: -> anisotropic XC          0.017575442707 Eh    ::
         :: -> dispersion             -0.022544298655 Eh    ::
         :: repulsion energy           0.488193838366 Eh    ::
         :: add. restraining           0.000000000000 Eh    ::
         :::::::::::::::::::::::::::::::::::::::::::::::::::::

           -------------------------------------------------
          |                Property Printout                |
           -------------------------------------------------

    * Orbital Energies and Occupations

         #    Occupation            Energy/Eh            Energy/eV
      -------------------------------------------------------------
         1        2.0000           -0.7224871             -19.6599
       ...           ...                  ...                  ...
        17        2.0000           -0.4867316             -13.2446
        18        2.0000           -0.4698704             -12.7858
        19        2.0000           -0.4659421             -12.6789
        20        2.0000           -0.4621110             -12.5747
        21        2.0000           -0.4564926             -12.4218
        22        2.0000           -0.4468821             -12.1603
        23        2.0000           -0.4455408             -12.1238
        24        2.0000           -0.4333519             -11.7921
        25        2.0000           -0.4270312             -11.6201
        26        2.0000           -0.4195310             -11.4160
        27        2.0000           -0.4031080             -10.9691
        28        2.0000           -0.3813646             -10.3775
        29        2.0000           -0.3800090             -10.3406 (HOMO)
        30                         -0.2356473              -6.4123 (LUMO)
        31                         -0.2061336              -5.6092
        32                         -0.1937404              -5.2719
        33                         -0.1589542              -4.3254
        34                         -0.1067816              -2.9057
        35                          0.0059350               0.1615
        36                          0.0377967               1.0285
        37                          0.0420590               1.1445
        38                          0.0885370               2.4092
        39                          0.0910193               2.4768
        40                          0.1045032               2.8437
       ...                                ...                  ...
        61                          0.6924815              18.8434
      -------------------------------------------------------------
                  HL-Gap            0.1443617 Eh            3.9283 eV
             Fermi-level           -0.3078282 Eh           -8.3764 eV

     #   Z        covCN         q      C6AA      α(0)
     1   6 C      2.941    -0.032    28.791     8.800
     2  16 S      2.292    -0.049   143.073    20.132
     3   6 C      2.942    -0.035    28.860     8.811
     4   6 C      3.163    -0.006    27.828     8.622
     5   6 C      3.175    -0.007    27.798     8.611
     6   6 C      3.861    -0.016    20.824     6.490
     7   6 C      2.896    -0.026    28.649     8.776
     8   6 C      2.837    -0.094    30.354     9.029
     9   6 C      3.808    -0.053    21.519     6.603
    10   6 C      3.806    -0.051    21.489     6.599
    11   6 C      3.807    -0.054    21.535     6.606
    12   1 H      0.926     0.037     2.485     2.465
    13   1 H      0.926     0.037     2.487     2.466
    14   1 H      0.924     0.037     2.484     2.465
    15   1 H      0.925     0.034     2.530     2.487
    16   1 H      0.926     0.035     2.519     2.482
    17   1 H      0.926     0.036     2.507     2.476
    18   1 H      0.924     0.035     2.521     2.483
    19   1 H      0.924     0.031     2.569     2.507
    20   1 H      0.924     0.029     2.604     2.524
    21   1 H      0.924     0.037     2.492     2.468
    22   1 H      0.924     0.040     2.451     2.448
    23   1 H      0.924     0.035     2.521     2.483

 Mol. C6AA /au·bohr⁶  :       6640.119722
 Mol. C8AA /au·bohr⁸  :     177599.459059
 Mol. α(0) /au        :        128.832013


Wiberg/Mayer (AO) data.
largest (>0.10) Wiberg bond orders for each atom
          total WBO             WBO to atom ...
     1  C   3.945        C    5 1.605    S    2 1.185    H   12 0.971    C    3 0.119
     2  S   2.619        C    1 1.185    C    3 1.180
     3  C   3.941        C    4 1.608    S    2 1.180    H   13 0.971    C    1 0.119
     4  C   3.985        C    3 1.608    C    5 1.220    C   11 1.008
     5  C   3.984        C    1 1.605    C    4 1.220    C    6 0.982
     6  C   3.996        C    7 0.998    C    5 0.982    C    9 0.980    H   14 0.958
     7  C   3.990        C    8 1.978    C    6 0.998    H   15 0.964
     8  C   3.989        C    7 1.978    H   17 0.976    H   16 0.975
     9  C   3.998        C   10 1.010    C    6 0.980    H   19 0.977    H   18 0.977
    10  C   3.998        C    9 1.010    C   11 1.004    H   20 0.977    H   21 0.976
    11  C   3.999        C    4 1.008    C   10 1.004    H   23 0.971    H   22 0.960
    12  H   0.998        C    1 0.971
    13  H   0.998        C    3 0.971
    14  H   0.998        C    6 0.958
    15  H   0.999        C    7 0.964
    16  H   0.999        C    8 0.975
    17  H   0.998        C    8 0.976
    18  H   0.998        C    9 0.977
    19  H   0.998        C    9 0.977
    20  H   0.998        C   10 0.977
    21  H   0.999        C   10 0.976
    22  H   0.998        C   11 0.960
    23  H   0.999        C   11 0.971

molecular dipole:
                 x           y           z       tot (Debye)
 q only:       -0.463      -0.089      -0.062
   full:       -0.705      -0.077      -0.063       1.810
molecular quadrupole (traceless):
                xx          xy          yy          xz          yz          zz
 q only:       -1.345       0.508       1.554       0.172      -0.370      -0.209
  q+dip:       -5.789       1.069       5.113       0.317      -0.484       0.676
   full:       -5.152       0.983       4.296       0.325      -0.450       0.856

           -------------------------------------------------
          |                Geometry Summary                 |
           -------------------------------------------------

      molecular mass/u    :      164.2648000
   center of mass at/Å    :        0.1893552       0.4165720       0.2154196
  moments of inertia/u·Å² :        0.3546019E+03   0.5975019E+03   0.8803709E+03
rotational constants/cm⁻¹ :        0.4753960E-01   0.2821352E-01   0.1914833E-01

 * 22 selected distances

     #   Z        #   Z                                     value/Å
     1   6 C      2  16 S                                 1.7194946
     2  16 S      3   6 C                                 1.7214089 (max)
     3   6 C      4   6 C                                 1.3583762
     1   6 C      5   6 C                                 1.3590334
     4   6 C      5   6 C                                 1.4238403
     7   6 C      8   6 C                                 1.3190241
     6   6 C      9   6 C                                 1.5370050
     9   6 C     10   6 C                                 1.5260395
     4   6 C     11   6 C                                 1.4960363
    10   6 C     11   6 C                                 1.5269432
     1   6 C     12   1 H                                 1.0719306 (min)
     3   6 C     13   1 H                                 1.0720272
     6   6 C     14   1 H                                 1.0957994
     7   6 C     15   1 H                                 1.0815370
     8   6 C     16   1 H                                 1.0781475
     8   6 C     17   1 H                                 1.0771352
     9   6 C     18   1 H                                 1.0927961
     9   6 C     19   1 H                                 1.0921248
    10   6 C     20   1 H                                 1.0919278
    10   6 C     21   1 H                                 1.0910966
    11   6 C     22   1 H                                 1.0954166
    11   6 C     23   1 H                                 1.0922592

 * 3 distinct bonds (by element types)

   Z      Z             #   av. dist./Å        max./Å        min./Å
   1 H    6 C          12     1.0860165     1.0957994     1.0719306
   6 C    6 C           8     1.4432872     1.5370050     1.3190241
   6 C   16 S           2     1.7204518     1.7214089     1.7194946


optimized geometry written to: xtbopt.xyz


           -------------------------------------------------
          | TOTAL ENERGY              -30.750954086569 Eh   |
          | GRADIENT NORM               0.000535535349 Eh/α |
          | HOMO-LUMO GAP               3.928280806511 eV   |
           -------------------------------------------------

------------------------------------------------------------------------
 * finished run on 2021/05/19 at 10:58:58.726     
------------------------------------------------------------------------
 total:
 * wall-time:     0 d,  0 h,  0 min,  0.389 sec
 *  cpu-time:     0 d,  0 h,  0 min,  0.364 sec
 * ratio c/w:     0.936 speedup
 SCF:
 * wall-time:     0 d,  0 h,  0 min,  0.033 sec
 *  cpu-time:     0 d,  0 h,  0 min,  0.033 sec
 * ratio c/w:     1.000 speedup
 ANC optimizer:
 * wall-time:     0 d,  0 h,  0 min,  0.324 sec
 *  cpu-time:     0 d,  0 h,  0 min,  0.312 sec
 * ratio c/w:     0.963 speedup

