      -----------------------------------------------------------      
     |                   =====================                   |     
     |                           x T B                           |     
     |                   =====================                   |     
     |                         S. Grimme                         |     
     |          Mulliken Center for Theoretical Chemistry        |     
     |                    University of Bonn                     |     
     |                Version 6.2 RC2 (SAW190805)                |     
      -----------------------------------------------------------      

   This program is distributed in the hope that it will be useful,
   but WITHOUT ANY WARRANTY; without even the implied warranty of
   MERCHANTABILITY or FITNESS FOR A PARTICULAR PURPOSE.
   
   FOR NON-COMMERCIAL, ACADEMIA USE ONLY.
   
   Cite this work as:
   * S. Grimme, C. Bannwarth, P. Shushkov, J. Chem. Theory Comput., 2017,
     13, 1989-2009. DOI: 10.1021/acs.jctc.7b00118
   * C. Bannwarth, S. Ehlert and S. Grimme., J. Chem. Theory Comput., 2019,
     15, 1652-1671. DOI: 10.1021/acs.jctc.8b01176
   * P. Pracht, E. Caldeweyher, S. Ehlert, S. Grimme, ChemRxiv, 2019, preprint.
     DOI: 10.26434/chemrxiv.8326202.v1
   
   for DFT-D4:
   * E. Caldeweyher, C. Bannwarth and S. Grimme, J. Chem. Phys., 2017,
     147, 034112. DOI: 10.1063/1.4993215
   * E. Caldeweyher, S. Ehlert, A. Hansen, H. Neugebauer, S. Spicher,
     C. Bannwarth and S. Grimme, J. Chem. Phys., 2019, 150, 154122.
     DOI: 10.1063/1.5090222
   
   for sTDA-xTB:
   * S. Grimme and C. Bannwarth, J. Chem. Phys., 2016, 145, 054103.
     DOI: 10.1063/1.4959605
   
   in the mass-spec context:
   * V. Asgeirsson, C. Bauer and S. Grimme, Chem. Sci., 2017, 8, 4879.
     DOI: 10.1039/c7sc00601b
   
   for metadynamics refer to:
   * S. Grimme, J. Chem. Theory Comput., 2019, 155, 2847-2862
     DOI: 10.1021/acs.jctc.9b00143
   
   with help from (in alphabetical order)
   C. Bannwarth, F. Bohle, G. Brandenburg, E. Caldeweyher, M. Checinski,
   S. Dohm, S. Ehlert, S. Ehrlich, F. März, H. Neugebauer, J. Pisarek,
   P. Pracht, P. Shushkov, and S. Spicher.
   
 * started run on 2021/05/19 at 10:59:07.007     

           -------------------------------------------------
          |                Calculation Setup                |
           -------------------------------------------------

          program call               : /ihome/ghutchison/geoffh/xtb/xtb 238.xyz -opt
          hostname                   : smp-n83
          coordinate file            : 238.xyz
          omp threads                :                     1
          number of atoms            :                    22
          number of electrons        :                    64
          charge                     :                     0
          spin                       :                   0.0
          first test random number   :      0.57252775070484


########################################################################
# WARNING! Please study the warnings concerning your input carefully
#  - the use of '-opt' is discouraged, please use '--opt' next time
########################################################################

           ------------------------------------------------- 
          |                 G F N 2 - x T B                 |
          | Geometry, Frequencies, Noncovalent interactions |
          |            JCTC 2019 parametrisation            |
           ------------------------------------------------- 
             KAB for C  - Si     :                1.0500
             KAB for H  - Pd     :                0.9500
             k(s)              :                1.8500
             k(p)              :                2.2300
             k(d)              :                2.2300
             k(f)              :                2.0000
             kEN (H0ij)        :               -2.0000
             D4 a1             :                0.5200
             D4 a2             :                5.0000
             D4 s6             :                1.0000
             D4 s8             :                2.7000
             D4 s9             :                5.0000
             alphaj            :                2.0000

  Z AO/shell   Hii/eV     exponent
  1     Wed Apr 25 08:07:45 CEST 2018   EN: 2.200 GM2: 0.406  GM3: 0.0800  RAES: 1.40
     1s    -10.707211    1.230000
  6     Wed Apr 25 08:07:45 CEST 2018   EN: 2.550 GM2: 0.538  GM3: 0.1500  RAES: 3.00
     2s    -13.970922    2.096432
     2p    -10.063292    1.800000
  8     Wed Apr 25 08:07:45 CEST 2018   EN: 3.440 GM2: 0.452  GM3:-0.0517  RAES: 1.80
     2s    -20.229985    2.439742
     2p    -15.503117    2.137023
 16     Tue Apr 24 11:44:34 CEST 2018   EN: 2.580 GM2: 0.340  GM3:-0.0502  RAES: 3.10
     3s    -20.029654    1.981333
     3p    -11.377694    2.025643
     3d     -0.420282    1.702555

           ------------------------------------------------- 
          |        Self-Consistent Charge Iterations        |
           ------------------------------------------------- 

          ...................................................
          :                      SETUP                      :
          :.................................................:
          :  # basis functions                  64          :
          :  # atomic orbitals                  63          :
          :  # shells                           35          :
          :  # electrons                        64          :
          :  max. iterations                   250          :
          :  Hamiltonian                  GFN2-xTB          :
          :  restarted?                      false          :
          :  GBSA solvation                  false          :
          :  PC potential                    false          :
          :  electronic temp.          300.0000000     K    :
          :  accuracy                    1.0000000          :
          :  -> integral cutoff          0.2500000E+02      :
          :  -> integral neglect         0.1000000E-07      :
          :  -> SCF convergence          0.1000000E-05 Eh   :
          :  -> wf. convergence          0.1000000E-03 e    :
          :  Broyden damping             0.4000000          :
          ...................................................

 iter      E             dE          RMSdq      gap      omega  full diag
   1    -36.0962024 -0.360962E+02  0.448E+00    2.88       0.0  T
   2    -36.1314400 -0.352376E-01  0.244E+00    2.87       1.0  T
   3    -36.1286099  0.283009E-02  0.894E-01    2.87       1.0  T
   4    -36.1309425 -0.233263E-02  0.452E-01    2.87       1.0  T
   5    -36.1338422 -0.289964E-02  0.123E-01    2.88       1.0  T
   6    -36.1338155  0.266709E-04  0.612E-02    2.87       1.0  T
   7    -36.1338698 -0.543054E-04  0.240E-02    2.88       1.0  T
   8    -36.1338723 -0.249851E-05  0.128E-02    2.88       1.7  T
   9    -36.1338729 -0.589233E-06  0.367E-03    2.88       5.8  T
  10    -36.1338729 -0.651439E-07  0.202E-03    2.88      10.5  T
  11    -36.1338730 -0.323380E-07  0.110E-03    2.88      19.3  T
  12    -36.1338730 -0.512454E-08  0.622E-04    2.88      34.3  T
  13    -36.1338730 -0.235114E-08  0.130E-04    2.88     164.5  T

   *** convergence criteria satisfied after 13 iterations ***

         #    Occupation            Energy/Eh            Energy/eV
      -------------------------------------------------------------
         1        2.0000           -0.7309235             -19.8894
       ...           ...                  ...                  ...
        26        2.0000           -0.4504284             -12.2568
        27        2.0000           -0.4496874             -12.2366
        28        2.0000           -0.4425031             -12.0411
        29        2.0000           -0.4240046             -11.5378
        30        2.0000           -0.4170417             -11.3483
        31        2.0000           -0.3768447             -10.2545
        32        2.0000           -0.3675661             -10.0020 (HOMO)
        33                         -0.2618344              -7.1249 (LUMO)
        34                         -0.2039932              -5.5509
        35                         -0.1916538              -5.2152
        36                         -0.1481831              -4.0323
        37                         -0.1157938              -3.1509
       ...                                ...                  ...
        63                          0.6771539              18.4263
      -------------------------------------------------------------
                  HL-Gap            0.1057317 Eh            2.8771 eV
             Fermi-level           -0.3147002 Eh           -8.5634 eV

 SCC (total)                   0 d,  0 h,  0 min,  0.035 sec
 SCC setup                      ...        0 min,  0.000 sec (  0.809%)
 Dispersion                     ...        0 min,  0.000 sec (  0.856%)
 integral evaluation            ...        0 min,  0.008 sec ( 22.749%)
 zeroth order Hamiltonian       ...        0 min,  0.000 sec (  0.472%)
 iterations                     ...        0 min,  0.014 sec ( 38.900%)
 molecular gradient             ...        0 min,  0.012 sec ( 35.044%)
 printout                       ...        0 min,  0.000 sec (  1.031%)

         :::::::::::::::::::::::::::::::::::::::::::::::::::::
         ::                     SUMMARY                     ::
         :::::::::::::::::::::::::::::::::::::::::::::::::::::
         :: total energy             -35.705849656206 Eh    ::
         :: gradient norm              0.052951052261 Eh/a0 ::
         :: HOMO-LUMO gap              2.877106563926 eV    ::
         ::.................................................::
         :: SCC energy               -36.133872983688 Eh    ::
         :: -> isotropic ES            0.031308685090 Eh    ::
         :: -> anisotropic ES          0.002536502894 Eh    ::
         :: -> anisotropic XC          0.009987176642 Eh    ::
         :: -> dispersion             -0.021636331037 Eh    ::
         :: repulsion energy           0.427881442763 Eh    ::
         :: add. restraining           0.000000000000 Eh    ::
         :::::::::::::::::::::::::::::::::::::::::::::::::::::

      ----------------------------------------------------------- 
     |                   =====================                   |
     |                        A N C O P T                        |
     |                   =====================                   |
     |               Approximate Normal Coordinate               |
     |                Rational Function Optimizer                |
      ----------------------------------------------------------- 

          ...................................................
          :                      SETUP                      :
          :.................................................:
          :   optimization level            normal          :
          :   max. optcycles                   200          :
          :   ANC micro-cycles                  20          :
          :   degrees of freedom                60          :
          :.................................................:
          :   RF solver                   davidson          :
          :   input Hessian                  false          :
          :   write xtbopt.log                true          :
          :   linear?                        false          :
          :   energy convergence         0.5000000E-05 Eh   :
          :   grad. convergence          0.1000000E-02 Eh/α :
          :   maximium RF displ.         2.0000000          :
          :   Hlow (freq-cutoff)         0.5000000E-02      :
          :   Hmax (freq-cutoff)         5.0000000          :
          :   S6 in model hess.         20.0000000          :
          ...................................................

generating ANC from model Hessian ...
Using Lindh-Hessian (1995)
 Shifting diagonal of input Hessian by   3.189160748258354E-003
 Lowest  eigenvalues of input Hessian
   -0.000000   -0.000000   -0.000000    0.000000    0.000000    0.000000
    0.005000    0.006791    0.008042    0.010428    0.012192    0.016520
    0.021877    0.026462    0.032382    0.041309    0.042432    0.045381
 Highest eigenvalues
    1.485528    1.598440    1.822427    1.933836    2.017944    2.057936
 

........................................................................
.............................. CYCLE    1 ..............................
........................................................................
   1    -36.1338730 -0.361339E+02  0.597E-05    2.88       0.0  T
   2    -36.1338730 -0.343903E-11  0.367E-05    2.88     581.6  T
   3    -36.1338730  0.436984E-11  0.252E-05    2.88     846.0  T
     SCC iter.                  ...        0 min,  0.004 sec
     gradient                   ...        0 min,  0.012 sec
 * total energy  :   -35.7058496 Eh     change        0.1059845E-07 Eh
   gradient norm :     0.0529511 Eh/α   predicted     0.0000000E+00 (-100.00%)
   displ. norm   :     0.2304694 α      lambda       -0.5634439E-02
   maximum displ.:     0.1054199 α      in ANC's #15, #18, #3, ...

........................................................................
.............................. CYCLE    2 ..............................
........................................................................
   1    -36.1430204 -0.361430E+02  0.226E-01    2.91       0.0  T
   2    -36.1430606 -0.402604E-04  0.124E-01    2.91       1.0  T
   3    -36.1430104  0.502097E-04  0.710E-02    2.91       1.0  T
   4    -36.1430888 -0.784312E-04  0.205E-02    2.91       1.0  T
   5    -36.1430893 -0.425931E-06  0.993E-03    2.91       2.1  T
   6    -36.1430901 -0.860951E-06  0.388E-03    2.91       5.5  T
   7    -36.1430903 -0.207104E-06  0.137E-03    2.91      15.5  T
     SCC iter.                  ...        0 min,  0.007 sec
     gradient                   ...        0 min,  0.011 sec
 * total energy  :   -35.7094039 Eh     change       -0.3554272E-02 Eh
   gradient norm :     0.0218154 Eh/α   predicted    -0.2966868E-02 ( -16.53%)
   displ. norm   :     0.1655181 α      lambda       -0.1145298E-02
   maximum displ.:     0.0857744 α      in ANC's #3, #6, #2, ...

........................................................................
.............................. CYCLE    3 ..............................
........................................................................
   1    -36.1470782 -0.361471E+02  0.114E-01    2.94       0.0  T
   2    -36.1470880 -0.980413E-05  0.675E-02    2.94       1.0  T
   3    -36.1470744  0.136071E-04  0.427E-02    2.94       1.0  T
   4    -36.1470983 -0.239386E-04  0.996E-03    2.94       2.1  T
   5    -36.1470985 -0.179372E-06  0.515E-03    2.94       4.1  T
   6    -36.1470988 -0.269114E-06  0.197E-03    2.94      10.8  T
     SCC iter.                  ...        0 min,  0.006 sec
     gradient                   ...        0 min,  0.011 sec
 * total energy  :   -35.7100780 Eh     change       -0.6740665E-03 Eh
   gradient norm :     0.0055460 Eh/α   predicted    -0.5883510E-03 ( -12.72%)
   displ. norm   :     0.1069568 α      lambda       -0.1588091E-03
   maximum displ.:     0.0581978 α      in ANC's #3, #2, #6, ...

........................................................................
.............................. CYCLE    4 ..............................
........................................................................
   1    -36.1472523 -0.361473E+02  0.571E-02    2.95       0.0  T
   2    -36.1472530 -0.713810E-06  0.343E-02    2.95       1.0  T
   3    -36.1472477  0.533566E-05  0.207E-02    2.95       1.0  T
   4    -36.1472542 -0.646201E-05  0.291E-03    2.95       7.3  T
   5    -36.1472542 -0.434330E-07  0.147E-03    2.95      14.5  T
   6    -36.1472542 -0.134346E-07  0.746E-04    2.95      28.6  T
     SCC iter.                  ...        0 min,  0.006 sec
     gradient                   ...        0 min,  0.011 sec
 * total energy  :   -35.7101890 Eh     change       -0.1110190E-03 Eh
   gradient norm :     0.0028396 Eh/α   predicted    -0.8032670E-04 ( -27.65%)
   displ. norm   :     0.1202985 α      lambda       -0.9722434E-04
   maximum displ.:     0.0597068 α      in ANC's #5, #2, #3, ...

........................................................................
.............................. CYCLE    5 ..............................
........................................................................
   1    -36.1469187 -0.361469E+02  0.700E-02    2.95       0.0  T
   2    -36.1469193 -0.575398E-06  0.414E-02    2.95       1.0  T
   3    -36.1469148  0.451300E-05  0.175E-02    2.96       1.2  T
   4    -36.1469199 -0.512247E-05  0.285E-03    2.95       7.5  T
   5    -36.1469199 -0.371834E-07  0.128E-03    2.95      16.6  T
   6    -36.1469199 -0.911959E-08  0.641E-04    2.95      33.3  T
   7    -36.1469199 -0.118444E-08  0.297E-04    2.95      71.7  T
     SCC iter.                  ...        0 min,  0.007 sec
     gradient                   ...        0 min,  0.012 sec
 * total energy  :   -35.7102511 Eh     change       -0.6206439E-04 Eh
   gradient norm :     0.0028230 Eh/α   predicted    -0.4931609E-04 ( -20.54%)
   displ. norm   :     0.1051359 α      lambda       -0.5549887E-04
   maximum displ.:     0.0557880 α      in ANC's #1, #5, #6, ...

........................................................................
.............................. CYCLE    6 ..............................
........................................................................
   1    -36.1466686 -0.361467E+02  0.579E-02    2.95       0.0  T
   2    -36.1466690 -0.419454E-06  0.344E-02    2.96       1.0  T
   3    -36.1466671  0.188710E-05  0.106E-02    2.96       2.0  T
   4    -36.1466693 -0.217859E-05  0.188E-03    2.96      11.3  T
   5    -36.1466693 -0.145459E-07  0.109E-03    2.96      19.6  T
   6    -36.1466693 -0.789939E-08  0.638E-04    2.96      33.4  T
   7    -36.1466693 -0.225649E-08  0.249E-04    2.96      85.5  T
     SCC iter.                  ...        0 min,  0.007 sec
     gradient                   ...        0 min,  0.012 sec
 * total energy  :   -35.7102855 Eh     change       -0.3443778E-04 Eh
   gradient norm :     0.0027909 Eh/α   predicted    -0.2805627E-04 ( -18.53%)
   displ. norm   :     0.0958080 α      lambda       -0.4449211E-04
   maximum displ.:     0.0562538 α      in ANC's #1, #5, #6, ...

........................................................................
.............................. CYCLE    7 ..............................
........................................................................
   1    -36.1467814 -0.361468E+02  0.533E-02    2.95       0.0  T
   2    -36.1467818 -0.356516E-06  0.315E-02    2.95       1.0  T
   3    -36.1467798  0.197248E-05  0.113E-02    2.95       1.9  T
   4    -36.1467821 -0.226074E-05  0.182E-03    2.95      11.7  T
   5    -36.1467821 -0.791861E-08  0.103E-03    2.95      20.7  T
   6    -36.1467821 -0.875189E-08  0.483E-04    2.95      44.2  T
   7    -36.1467821 -0.166011E-08  0.232E-04    2.95      92.0  T
     SCC iter.                  ...        0 min,  0.007 sec
     gradient                   ...        0 min,  0.012 sec
 * total energy  :   -35.7103201 Eh     change       -0.3463907E-04 Eh
   gradient norm :     0.0023716 Eh/α   predicted    -0.2245198E-04 ( -35.18%)
   displ. norm   :     0.1555577 α      lambda       -0.6402389E-04
   maximum displ.:     0.0960751 α      in ANC's #1, #5, #6, ...

........................................................................
.............................. CYCLE    8 ..............................
........................................................................
   1    -36.1469741 -0.361470E+02  0.785E-02    2.95       0.0  T
   2    -36.1469746 -0.554478E-06  0.465E-02    2.95       1.0  T
   3    -36.1469690  0.560023E-05  0.194E-02    2.94       1.1  T
   4    -36.1469753 -0.627758E-05  0.218E-03    2.95       9.8  T
   5    -36.1469753 -0.244904E-07  0.126E-03    2.95      16.9  T
   6    -36.1469753 -0.743006E-08  0.591E-04    2.95      36.1  T
   7    -36.1469753 -0.309983E-08  0.266E-04    2.95      80.1  T
     SCC iter.                  ...        0 min,  0.007 sec
     gradient                   ...        0 min,  0.012 sec
 * total energy  :   -35.7103711 Eh     change       -0.5090763E-04 Eh
   gradient norm :     0.0026463 Eh/α   predicted    -0.3278721E-04 ( -35.59%)
   displ. norm   :     0.2054375 α      lambda       -0.7055631E-04
   maximum displ.:     0.1286886 α      in ANC's #1, #5, #3, ...

........................................................................
.............................. CYCLE    9 ..............................
........................................................................
   1    -36.1467551 -0.361468E+02  0.988E-02    2.94       0.0  T
   2    -36.1467558 -0.697409E-06  0.586E-02    2.94       1.0  T
   3    -36.1467495  0.637798E-05  0.205E-02    2.94       1.0  T
   4    -36.1467566 -0.712554E-05  0.245E-03    2.94       8.7  T
   5    -36.1467566 -0.346700E-07  0.133E-03    2.94      16.1  T
   6    -36.1467566 -0.400282E-08  0.491E-04    2.94      43.4  T
   7    -36.1467566 -0.122732E-08  0.263E-04    2.94      81.1  T
     SCC iter.                  ...        0 min,  0.007 sec
     gradient                   ...        0 min,  0.012 sec
 * total energy  :   -35.7104297 Eh     change       -0.5869100E-04 Eh
   gradient norm :     0.0035404 Eh/α   predicted    -0.3677025E-04 ( -37.35%)
   displ. norm   :     0.2551127 α      lambda       -0.9103629E-04
   maximum displ.:     0.1614860 α      in ANC's #1, #5, #3, ...

........................................................................
.............................. CYCLE   10 ..............................
........................................................................
   1    -36.1464660 -0.361465E+02  0.120E-01    2.93       0.0  T
   2    -36.1464671 -0.111502E-05  0.711E-02    2.93       1.0  T
   3    -36.1464604  0.678690E-05  0.212E-02    2.93       1.0  T
   4    -36.1464681 -0.769342E-05  0.350E-03    2.93       6.1  T
   5    -36.1464681 -0.559159E-07  0.172E-03    2.93      12.4  T
   6    -36.1464681 -0.136585E-07  0.706E-04    2.93      30.2  T
   7    -36.1464681 -0.254878E-08  0.341E-04    2.93      62.5  T
     SCC iter.                  ...        0 min,  0.007 sec
     gradient                   ...        0 min,  0.012 sec
 * total energy  :   -35.7105037 Eh     change       -0.7394375E-04 Eh
   gradient norm :     0.0043628 Eh/α   predicted    -0.4849969E-04 ( -34.41%)
   displ. norm   :     0.2944508 α      lambda       -0.1107830E-03
   maximum displ.:     0.1897326 α      in ANC's #1, #5, #3, ...

........................................................................
.............................. CYCLE   11 ..............................
........................................................................
   1    -36.1462563 -0.361463E+02  0.138E-01    2.93       0.0  T
   2    -36.1462580 -0.164098E-05  0.818E-02    2.93       1.0  T
   3    -36.1462539  0.408114E-05  0.174E-02    2.92       1.2  T
   4    -36.1462589 -0.497474E-05  0.495E-03    2.92       4.3  T
   5    -36.1462589 -0.869590E-07  0.210E-03    2.92      10.1  T
   6    -36.1462590 -0.435414E-07  0.893E-04    2.92      23.9  T
     SCC iter.                  ...        0 min,  0.006 sec
     gradient                   ...        0 min,  0.012 sec
 * total energy  :   -35.7105872 Eh     change       -0.8347059E-04 Eh
   gradient norm :     0.0046983 Eh/α   predicted    -0.6019481E-04 ( -27.89%)
   displ. norm   :     0.2384749 α      lambda       -0.1015752E-03
   maximum displ.:     0.1617595 α      in ANC's #1, #5, #3, ...

........................................................................
.............................. CYCLE   12 ..............................
........................................................................
   1    -36.1468275 -0.361468E+02  0.114E-01    2.93       0.0  T
   2    -36.1468288 -0.130882E-05  0.675E-02    2.92       1.0  T
   3    -36.1468291 -0.242735E-06  0.720E-03    2.92       3.0  T
   4    -36.1468291 -0.753771E-07  0.446E-03    2.92       4.8  T
   5    -36.1468294 -0.269185E-06  0.101E-03    2.92      21.2  T
   6    -36.1468294 -0.236145E-08  0.510E-04    2.92      41.8  T
     SCC iter.                  ...        0 min,  0.006 sec
     gradient                   ...        0 min,  0.012 sec
 * total energy  :   -35.7106640 Eh     change       -0.7681897E-04 Eh
   gradient norm :     0.0036079 Eh/α   predicted    -0.5367777E-04 ( -30.12%)
   displ. norm   :     0.3008593 α      lambda       -0.9845741E-04
   maximum displ.:     0.2097513 α      in ANC's #1, #5, #6, ...

........................................................................
.............................. CYCLE   13 ..............................
........................................................................
   1    -36.1457191 -0.361457E+02  0.141E-01    2.93       0.0  T
   2    -36.1457212 -0.203117E-05  0.836E-02    2.93       1.0  T
   3    -36.1457170  0.415355E-05  0.185E-02    2.93       1.2  T
   4    -36.1457222 -0.523696E-05  0.630E-03    2.93       3.4  T
   5    -36.1457224 -0.166806E-06  0.191E-03    2.93      11.2  T
   6    -36.1457224 -0.319320E-07  0.970E-04    2.93      22.0  T
   7    -36.1457224 -0.351391E-08  0.505E-04    2.93      42.2  T
     SCC iter.                  ...        0 min,  0.007 sec
     gradient                   ...        0 min,  0.012 sec
 * total energy  :   -35.7107289 Eh     change       -0.6494525E-04 Eh
   gradient norm :     0.0036339 Eh/α   predicted    -0.5369117E-04 ( -17.33%)
   displ. norm   :     0.2335291 α      lambda       -0.1484772E-03
   maximum displ.:     0.1615569 α      in ANC's #1, #2, #5, ...

........................................................................
.............................. CYCLE   14 ..............................
........................................................................
   1    -36.1490456 -0.361490E+02  0.119E-01    2.94       0.0  T
   2    -36.1490487 -0.313163E-05  0.701E-02    2.94       1.0  T
   3    -36.1490375  0.112232E-04  0.290E-02    2.94       1.0  T
   4    -36.1490506 -0.131339E-04  0.746E-03    2.94       2.9  T
   5    -36.1490508 -0.211191E-06  0.298E-03    2.94       7.2  T
   6    -36.1490509 -0.808895E-07  0.111E-03    2.94      19.3  T
   7    -36.1490509 -0.850426E-08  0.582E-04    2.94      36.6  T
   8    -36.1490509 -0.127137E-08  0.269E-04    2.94      79.4  T
     SCC iter.                  ...        0 min,  0.008 sec
     gradient                   ...        0 min,  0.012 sec
 * total energy  :   -35.7107765 Eh     change       -0.4760882E-04 Eh
   gradient norm :     0.0051825 Eh/α   predicted    -0.7828918E-04 (  64.44%)
   displ. norm   :     0.1954261 α      lambda       -0.7416378E-04
   maximum displ.:     0.1371311 α      in ANC's #1, #5, #6, ...

........................................................................
.............................. CYCLE   15 ..............................
........................................................................
   1    -36.1468158 -0.361468E+02  0.886E-02    2.93       0.0  T
   2    -36.1468167 -0.958698E-06  0.524E-02    2.93       1.0  T
   3    -36.1468160  0.668803E-06  0.834E-03    2.93       2.6  T
   4    -36.1468170 -0.973135E-06  0.353E-03    2.93       6.0  T
   5    -36.1468171 -0.857151E-07  0.138E-03    2.93      15.4  T
   6    -36.1468171 -0.778043E-08  0.597E-04    2.93      35.7  T
     SCC iter.                  ...        0 min,  0.006 sec
     gradient                   ...        0 min,  0.011 sec
 * total energy  :   -35.7108143 Eh     change       -0.3776374E-04 Eh
   gradient norm :     0.0032858 Eh/α   predicted    -0.3850273E-04 (   1.96%)
   displ. norm   :     0.0487944 α      lambda       -0.3290953E-04
   maximum displ.:     0.0285393 α      in ANC's #3, #1, #5, ...

........................................................................
.............................. CYCLE   16 ..............................
........................................................................
   1    -36.1474719 -0.361475E+02  0.278E-02    2.93       0.0  T
   2    -36.1474720 -0.127760E-06  0.165E-02    2.93       1.3  T
   3    -36.1474712  0.820697E-06  0.768E-03    2.93       2.8  T
   4    -36.1474722 -0.941726E-06  0.140E-03    2.93      15.3  T
   5    -36.1474722 -0.559208E-08  0.659E-04    2.93      32.3  T
   6    -36.1474722 -0.411882E-08  0.203E-04    2.93     105.2  T
     SCC iter.                  ...        0 min,  0.006 sec
     gradient                   ...        0 min,  0.012 sec
 * total energy  :   -35.7108359 Eh     change       -0.2157432E-04 Eh
   gradient norm :     0.0015262 Eh/α   predicted    -0.1649752E-04 ( -23.53%)
   displ. norm   :     0.0734564 α      lambda        0.2721521E-05
   maximum displ.:     0.0428097 α      in ANC's #3, #1, #5, ...

........................................................................
.............................. CYCLE   17 ..............................
........................................................................
   1    -36.1483387 -0.361483E+02  0.417E-02    2.92       0.0  T
   2    -36.1483390 -0.288580E-06  0.248E-02    2.92       1.0  T
   3    -36.1483371  0.187294E-05  0.115E-02    2.92       1.8  T
   4    -36.1483392 -0.214761E-05  0.209E-03    2.92      10.2  T
   5    -36.1483392 -0.131700E-07  0.101E-03    2.92      21.2  T
   6    -36.1483393 -0.973233E-08  0.310E-04    2.92      68.8  T
   7    -36.1483393 -0.625583E-09  0.184E-04    2.92     115.6  T
     SCC iter.                  ...        0 min,  0.007 sec
     gradient                   ...        0 min,  0.012 sec
 * total energy  :   -35.7108261 Eh     change        0.9777268E-05 Eh
   gradient norm :     0.0032781 Eh/α   predicted     0.1363215E-05 ( -86.06%)
   displ. norm   :     0.0953458 α      lambda       -0.3808674E-04
   maximum displ.:     0.0592634 α      in ANC's #1, #2, #5, ...

........................................................................
.............................. CYCLE   18 ..............................
........................................................................
   1    -36.1481744 -0.361482E+02  0.481E-02    2.93       0.0  T
   2    -36.1481747 -0.324521E-06  0.278E-02    2.93       1.0  T
   3    -36.1481747 -0.465085E-07  0.388E-03    2.93       5.5  T
   4    -36.1481748 -0.153821E-07  0.224E-03    2.93       9.5  T
   5    -36.1481748 -0.451673E-07  0.752E-04    2.93      28.4  T
   6    -36.1481748 -0.800529E-08  0.273E-04    2.93      78.2  T
     SCC iter.                  ...        0 min,  0.006 sec
     gradient                   ...        0 min,  0.012 sec
 * total energy  :   -35.7108530 Eh     change       -0.2686868E-04 Eh
   gradient norm :     0.0017577 Eh/α   predicted    -0.1921968E-04 ( -28.47%)
   displ. norm   :     0.1357462 α      lambda       -0.2047075E-04
   maximum displ.:     0.0858729 α      in ANC's #1, #2, #5, ...

........................................................................
.............................. CYCLE   19 ..............................
........................................................................
   1    -36.1474327 -0.361474E+02  0.663E-02    2.93       0.0  T
   2    -36.1474333 -0.629063E-06  0.387E-02    2.93       1.0  T
   3    -36.1474322  0.110526E-05  0.100E-02    2.93       2.1  T
   4    -36.1474336 -0.138278E-05  0.382E-03    2.93       5.6  T
   5    -36.1474336 -0.499135E-07  0.135E-03    2.93      15.8  T
   6    -36.1474337 -0.288319E-07  0.457E-04    2.93      46.7  T
   7    -36.1474337 -0.601275E-09  0.269E-04    2.93      79.3  T
     SCC iter.                  ...        0 min,  0.007 sec
     gradient                   ...        0 min,  0.012 sec
 * total energy  :   -35.7108638 Eh     change       -0.1081300E-04 Eh
   gradient norm :     0.0017231 Eh/α   predicted    -0.1032009E-04 (  -4.56%)
   displ. norm   :     0.0522480 α      lambda       -0.1089083E-04
   maximum displ.:     0.0311087 α      in ANC's #1, #5, #2, ...

........................................................................
.............................. CYCLE   20 ..............................
........................................................................
   1    -36.1477952 -0.361478E+02  0.306E-02    2.93       0.0  T
   2    -36.1477953 -0.963472E-07  0.181E-02    2.93       1.2  T
   3    -36.1477950  0.301690E-06  0.428E-03    2.93       5.0  T
   4    -36.1477953 -0.355796E-06  0.732E-04    2.93      29.1  T
   5    -36.1477953 -0.205412E-08  0.393E-04    2.93      54.2  T
     SCC iter.                  ...        0 min,  0.005 sec
     gradient                   ...        0 min,  0.012 sec
 * total energy  :   -35.7108739 Eh     change       -0.1010402E-04 Eh
   gradient norm :     0.0013681 Eh/α   predicted    -0.5456132E-05 ( -46.00%)
   displ. norm   :     0.0768367 α      lambda       -0.1094593E-04
   maximum displ.:     0.0486049 α      in ANC's #2, #1, #3, ...
 * RMSD in coord.:     0.4588952 α      energy gain  -0.5024221E-02 Eh

generating ANC from model Hessian ...
Using Lindh-Hessian (1995)
 Shifting diagonal of input Hessian by   3.223166221836036E-003
 Lowest  eigenvalues of input Hessian
   -0.000000   -0.000000    0.000000    0.000000    0.000000    0.000000
    0.005000    0.006845    0.007863    0.010583    0.012369    0.017033
    0.022375    0.025919    0.031007    0.041184    0.043057    0.047222
 Highest eigenvalues
    1.488314    1.603292    1.847672    1.933005    2.034153    2.064815
 

........................................................................
.............................. CYCLE   21 ..............................
........................................................................
   1    -36.1480415 -0.361480E+02  0.472E-02    2.93       0.0  T
   2    -36.1480416 -0.102121E-06  0.277E-02    2.93       1.0  T
   3    -36.1480415  0.819018E-07  0.293E-03    2.93       7.3  T
   4    -36.1480417 -0.124389E-06  0.112E-03    2.93      19.0  T
   5    -36.1480417 -0.593740E-08  0.364E-04    2.93      58.6  T
   6    -36.1480417 -0.128631E-08  0.179E-04    2.93     118.8  T
     SCC iter.                  ...        0 min,  0.006 sec
     gradient                   ...        0 min,  0.012 sec
 * total energy  :   -35.7108834 Eh     change       -0.9495311E-05 Eh
   gradient norm :     0.0010613 Eh/α   predicted     0.0000000E+00 (-100.00%)
   displ. norm   :     0.0361815 α      lambda       -0.5982852E-05
   maximum displ.:     0.0265771 α      in ANC's #1, #2, #5, ...

........................................................................
.............................. CYCLE   22 ..............................
........................................................................
   1    -36.1475359 -0.361475E+02  0.271E-02    2.93       0.0  T
   2    -36.1475361 -0.122617E-06  0.149E-02    2.93       1.4  T
   3    -36.1475359  0.145272E-06  0.410E-03    2.93       5.2  T
   4    -36.1475361 -0.183064E-06  0.181E-03    2.93      11.8  T
   5    -36.1475361 -0.161981E-07  0.345E-04    2.93      61.8  T
   6    -36.1475361 -0.176743E-08  0.138E-04    2.93     154.5  T
     SCC iter.                  ...        0 min,  0.006 sec
     gradient                   ...        0 min,  0.012 sec
 * total energy  :   -35.7108893 Eh     change       -0.5940016E-05 Eh
   gradient norm :     0.0004839 Eh/α   predicted    -0.3011534E-05 ( -49.30%)
   displ. norm   :     0.0252234 α      lambda       -0.2763210E-05
   maximum displ.:     0.0165468 α      in ANC's #2, #1, #3, ...

........................................................................
.............................. CYCLE   23 ..............................
........................................................................
   1    -36.1474658 -0.361475E+02  0.206E-02    2.93       0.0  T
   2    -36.1474659 -0.521581E-07  0.119E-02    2.93       1.8  T
   3    -36.1474657  0.178928E-06  0.384E-03    2.93       5.5  T
   4    -36.1474659 -0.212147E-06  0.117E-03    2.93      18.2  T
   5    -36.1474659 -0.455181E-08  0.271E-04    2.93      78.7  T
   6    -36.1474659 -0.777305E-09  0.125E-04    2.93     170.2  T
     SCC iter.                  ...        0 min,  0.006 sec
     gradient                   ...        0 min,  0.012 sec
 * total energy  :   -35.7108926 Eh     change       -0.3279127E-05 Eh
   gradient norm :     0.0004846 Eh/α   predicted    -0.1382994E-05 ( -57.82%)
   displ. norm   :     0.0464160 α      lambda       -0.3644665E-05
   maximum displ.:     0.0318387 α      in ANC's #2, #1, #5, ...

   *** GEOMETRY OPTIMIZATION CONVERGED AFTER 23 ITERATIONS ***

------------------------------------------------------------------------
 total energy gain   :        -0.0050429 Eh       -3.1645 kcal/mol
 total RMSD          :         0.4561270 a0        0.2414 Å
 total power (kW/mol):        -0.5756619 (step)  -20.7945 (real)
------------------------------------------------------------------------

 ANCopt (total)                0 d,  0 h,  0 min,  0.637 sec
 optimizer setup                ...        0 min,  0.000 sec (  0.024%)
 model hessian                  ...        0 min,  0.012 sec (  1.911%)
 ANC generation                 ...        0 min,  0.001 sec (  0.195%)
 coordinate transformation      ...        0 min,  0.000 sec (  0.060%)
 single point calculation       ...        0 min,  0.615 sec ( 96.623%)
 optimization log               ...        0 min,  0.002 sec (  0.327%)
 hessian update                 ...        0 min,  0.000 sec (  0.043%)
 rational function              ...        0 min,  0.004 sec (  0.594%)

================
 final structure:
================
$coord
   -3.16303925737195   -2.64310997713058    0.89198220849249      C 
   -5.45593768958273   -0.35698059526107    0.98755929465580      S 
   -3.33055616291593    1.97391967981390    0.09012358103561      C 
   -0.95994219902188    0.96105584479193   -0.28002727042827      C 
   -0.87234849907853   -1.69983951446755    0.17864617258910      C 
    1.16299651859732   -3.26140468708979   -0.02658344976159      O 
    3.53610851489475   -2.11791248733386   -0.48929664192784      C 
    4.11924595645101   -0.01592479154994    1.40826515864117      C 
    3.16759003369117    2.55318722194916    0.44826046988147      C 
    1.03465966061166    2.37802047421445   -1.15210974916862      O 
   -4.22384955227106    4.53286861072462   -0.16811175285530      C 
   -2.90389342638877    6.46953511706006   -1.07754599132573      C 
   -3.60790862324461   -4.56919335298343    1.31735037148331      H 
    3.61568803869833   -1.38256335219586   -2.42794279066513      H 
    4.88436384088313   -3.67033111679736   -0.30652481601278      H 
    6.14759123689833    0.10252576663340    1.74181799993666      H 
    3.20505331455419   -0.49791451681475    3.19576643158646      H 
    4.60169908829801    3.45586272742132   -0.73394286556742      H 
    2.74755207923210    3.80255334193637    2.05501788873200      H 
   -6.15421738758951    4.80660953873106    0.45202891968785      H 
   -0.99720455204355    6.24905935968287   -1.74304955410054      H 
   -3.71567939990605    8.33086033695991   -1.18656607489952      H 
$end
           -------------------------------------------------
          |                Final Singlepoint                |
           -------------------------------------------------

          ...................................................
          :                      SETUP                      :
          :.................................................:
          :  # basis functions                  64          :
          :  # atomic orbitals                  63          :
          :  # shells                           35          :
          :  # electrons                        64          :
          :  max. iterations                   250          :
          :  Hamiltonian                  GFN2-xTB          :
          :  restarted?                      false          :
          :  GBSA solvation                  false          :
          :  PC potential                    false          :
          :  electronic temp.          300.0000000     K    :
          :  accuracy                    1.0000000          :
          :  -> integral cutoff          0.2500000E+02      :
          :  -> integral neglect         0.1000000E-07      :
          :  -> SCF convergence          0.1000000E-05 Eh   :
          :  -> wf. convergence          0.1000000E-03 e    :
          :  Broyden damping             0.4000000          :
          ...................................................

 iter      E             dE          RMSdq      gap      omega  full diag
   1    -36.1474659 -0.361475E+02  0.629E-05    2.93       0.0  T
   2    -36.1474659 -0.103810E-10  0.324E-05    2.93     658.4  T
   3    -36.1474659 -0.266240E-10  0.201E-05    2.93    1062.1  T

   *** convergence criteria satisfied after 3 iterations ***

         #    Occupation            Energy/Eh            Energy/eV
      -------------------------------------------------------------
         1        2.0000           -0.7311018             -19.8943
       ...           ...                  ...                  ...
        26        2.0000           -0.4544868             -12.3672
        27        2.0000           -0.4531922             -12.3320
        28        2.0000           -0.4424531             -12.0398
        29        2.0000           -0.4243914             -11.5483
        30        2.0000           -0.4140563             -11.2670
        31        2.0000           -0.3774452             -10.2708
        32        2.0000           -0.3694976             -10.0545 (HOMO)
        33                         -0.2617777              -7.1233 (LUMO)
        34                         -0.2071812              -5.6377
        35                         -0.1909370              -5.1957
        36                         -0.1461020              -3.9756
        37                         -0.1189181              -3.2359
       ...                                ...                  ...
        63                          0.6741912              18.3457
      -------------------------------------------------------------
                  HL-Gap            0.1077200 Eh            2.9312 eV
             Fermi-level           -0.3156376 Eh           -8.5889 eV

 SCC (total)                   0 d,  0 h,  0 min,  0.024 sec
 SCC setup                      ...        0 min,  0.000 sec (  0.752%)
 Dispersion                     ...        0 min,  0.000 sec (  0.675%)
 integral evaluation            ...        0 min,  0.008 sec ( 31.482%)
 zeroth order Hamiltonian       ...        0 min,  0.000 sec (  0.608%)
 iterations                     ...        0 min,  0.004 sec ( 15.144%)
 molecular gradient             ...        0 min,  0.012 sec ( 49.748%)
 printout                       ...        0 min,  0.000 sec (  1.348%)

         :::::::::::::::::::::::::::::::::::::::::::::::::::::
         ::                     SUMMARY                     ::
         :::::::::::::::::::::::::::::::::::::::::::::::::::::
         :: total energy             -35.710892592997 Eh    ::
         :: gradient norm              0.000484813506 Eh/a0 ::
         :: HOMO-LUMO gap              2.931209263159 eV    ::
         ::.................................................::
         :: SCC energy               -36.147465916391 Eh    ::
         :: -> isotropic ES            0.032138283719 Eh    ::
         :: -> anisotropic ES          0.001716005892 Eh    ::
         :: -> anisotropic XC          0.009474305789 Eh    ::
         :: -> dispersion             -0.021768858924 Eh    ::
         :: repulsion energy           0.436425656565 Eh    ::
         :: add. restraining           0.000000000000 Eh    ::
         :::::::::::::::::::::::::::::::::::::::::::::::::::::

           -------------------------------------------------
          |                Property Printout                |
           -------------------------------------------------

    * Orbital Energies and Occupations

         #    Occupation            Energy/Eh            Energy/eV
      -------------------------------------------------------------
         1        2.0000           -0.7311018             -19.8943
       ...           ...                  ...                  ...
        20        2.0000           -0.4971072             -13.5270
        21        2.0000           -0.4947298             -13.4623
        22        2.0000           -0.4824623             -13.1285
        23        2.0000           -0.4711881             -12.8217
        24        2.0000           -0.4639922             -12.6259
        25        2.0000           -0.4568146             -12.4306
        26        2.0000           -0.4544868             -12.3672
        27        2.0000           -0.4531922             -12.3320
        28        2.0000           -0.4424531             -12.0398
        29        2.0000           -0.4243914             -11.5483
        30        2.0000           -0.4140563             -11.2670
        31        2.0000           -0.3774452             -10.2708
        32        2.0000           -0.3694976             -10.0545 (HOMO)
        33                         -0.2617777              -7.1233 (LUMO)
        34                         -0.2071812              -5.6377
        35                         -0.1909370              -5.1957
        36                         -0.1461020              -3.9756
        37                         -0.1189181              -3.2359
        38                         -0.0123372              -0.3357
        39                          0.0222927               0.6066
        40                          0.0317714               0.8645
        41                          0.0329273               0.8960
        42                          0.0404195               1.0999
        43                          0.0651293               1.7723
       ...                                ...                  ...
        63                          0.6741912              18.3457
      -------------------------------------------------------------
                  HL-Gap            0.1077200 Eh            2.9312 eV
             Fermi-level           -0.3156376 Eh           -8.5889 eV

     #   Z        covCN         q      C6AA      α(0)
     1   6 C      2.932    -0.060    29.489     8.906
     2  16 S      2.339    -0.035   142.507    20.092
     3   6 C      2.981    -0.000    28.027     8.684
     4   6 C      3.052     0.098    25.788     8.328
     5   6 C      3.049     0.114    25.449     8.274
     6   8 O      1.704    -0.278    18.620     5.826
     7   6 C      3.699     0.086    19.301     6.283
     8   6 C      3.798    -0.075    21.938     6.669
     9   6 C      3.697     0.083    19.357     6.293
    10   8 O      1.703    -0.295    18.906     5.871
    11   6 C      2.931    -0.026    28.643     8.777
    12   6 C      2.839    -0.090    30.239     9.012
    13   1 H      0.927     0.060     2.194     2.316
    14   1 H      0.923     0.046     2.374     2.409
    15   1 H      0.924     0.051     2.304     2.374
    16   1 H      0.925     0.044     2.403     2.424
    17   1 H      0.924     0.052     2.300     2.372
    18   1 H      0.924     0.051     2.313     2.378
    19   1 H      0.923     0.030     2.589     2.516
    20   1 H      0.925     0.045     2.385     2.415
    21   1 H      0.926     0.058     2.220     2.330
    22   1 H      0.926     0.042     2.422     2.434

 Mol. C6AA /au·bohr⁶  :       6544.049439
 Mol. C8AA /au·bohr⁸  :     174427.117184
 Mol. α(0) /au        :        126.983128


Wiberg/Mayer (AO) data.
largest (>0.10) Wiberg bond orders for each atom
          total WBO             WBO to atom ...
     1  C   3.932        C    5 1.531    S    2 1.177    H   13 0.969
     2  S   2.602        C    1 1.177    C    3 1.136
     3  C   3.945        C    4 1.471    S    2 1.136    C   11 1.133
     4  C   3.931        C    3 1.471    C    5 1.198    O   10 1.013
     5  C   3.936        C    1 1.531    C    4 1.198    O    6 1.050
     6  O   2.215        C    5 1.050    C    7 0.968
     7  C   3.947        C    8 1.001    H   15 0.972    O    6 0.968    H   14 0.967
     8  C   3.996        C    7 1.001    C    9 0.994    H   16 0.977    H   17 0.976
     9  C   3.951        C    8 0.994    H   18 0.972    H   19 0.970    O   10 0.966
    10  O   2.153        C    4 1.013    C    9 0.966
    11  C   3.990        C   12 1.863    C    3 1.133    H   20 0.963
    12  C   3.990        C   11 1.863    H   22 0.978    H   21 0.972
    13  H   0.996        C    1 0.969
    14  H   0.998        C    7 0.967
    15  H   0.997        C    7 0.972
    16  H   0.998        C    8 0.977
    17  H   0.997        C    8 0.976
    18  H   0.996        C    9 0.972
    19  H   0.999        C    9 0.970
    20  H   0.998        C   11 0.963
    21  H   0.997        C   12 0.972
    22  H   0.998        C   12 0.978

molecular dipole:
                 x           y           z       tot (Debye)
 q only:        0.643       0.280       0.329
   full:        1.077       0.254       0.317       2.926
molecular quadrupole (traceless):
                xx          xy          yy          xz          yz          zz
 q only:        4.636      -0.051      -1.891       0.524       0.952      -2.745
  q+dip:        1.495      -0.183       0.188       0.352       0.774      -1.683
   full:        1.543       0.117      -0.491       1.332       1.254      -1.052

           -------------------------------------------------
          |                Geometry Summary                 |
           -------------------------------------------------

      molecular mass/u    :      182.2368000
   center of mass at/Å    :       -0.5359340       0.3236445       0.0790527
  moments of inertia/u·Å² :        0.4057736E+03   0.6400692E+03   0.9899259E+03
rotational constants/cm⁻¹ :        0.4154443E-01   0.2633720E-01   0.1702919E-01

 * 22 selected distances

     #   Z        #   Z                                     value/Å
     1   6 C      2  16 S                                 1.7141509
     2  16 S      3   6 C                                 1.7354863 (max)
     3   6 C      4   6 C                                 1.3781706
     1   6 C      5   6 C                                 1.3641972
     4   6 C      5   6 C                                 1.4296033
     5   6 C      6   8 O                                 1.3618718
     6   8 O      7   6 C                                 1.4153230
     7   6 C      8   6 C                                 1.5299669
     8   6 C      9   6 C                                 1.5362185
     4   6 C     10   8 O                                 1.3745122
     9   6 C     10   8 O                                 1.4141276
    11   6 C     12   6 C                                 1.3303344
     1   6 C     13   1 H                                 1.0700174 (min)
     7   6 C     14   1 H                                 1.0980167
     7   6 C     15   1 H                                 1.0923636
     8   6 C     16   1 H                                 1.0895749
     8   6 C     17   1 H                                 1.0926227
     9   6 C     18   1 H                                 1.0933751
     9   6 C     19   1 H                                 1.0997491
    11   6 C     20   1 H                                 1.0826595
    12   6 C     21   1 H                                 1.0750203
    12   6 C     22   1 H                                 1.0761198

 * 4 distinct bonds (by element types)

   Z      Z             #   av. dist./Å        max./Å        min./Å
   1 H    6 C          10     1.0869519     1.0997491     1.0700174
   6 C    6 C           6     1.4280818     1.5362185     1.3303344
   6 C    8 O           4     1.3914586     1.4153230     1.3618718
   6 C   16 S           2     1.7248186     1.7354863     1.7141509


optimized geometry written to: xtbopt.xyz


           -------------------------------------------------
          | TOTAL ENERGY              -35.710892592997 Eh   |
          | GRADIENT NORM               0.000484813506 Eh/α |
          | HOMO-LUMO GAP               2.931209263159 eV   |
           -------------------------------------------------

------------------------------------------------------------------------
 * finished run on 2021/05/19 at 10:59:07.738     
------------------------------------------------------------------------
 total:
 * wall-time:     0 d,  0 h,  0 min,  0.730 sec
 *  cpu-time:     0 d,  0 h,  0 min,  0.716 sec
 * ratio c/w:     0.981 speedup
 SCF:
 * wall-time:     0 d,  0 h,  0 min,  0.035 sec
 *  cpu-time:     0 d,  0 h,  0 min,  0.035 sec
 * ratio c/w:     1.000 speedup
 ANC optimizer:
 * wall-time:     0 d,  0 h,  0 min,  0.662 sec
 *  cpu-time:     0 d,  0 h,  0 min,  0.661 sec
 * ratio c/w:     1.000 speedup

