      -----------------------------------------------------------      
     |                   =====================                   |     
     |                           x T B                           |     
     |                   =====================                   |     
     |                         S. Grimme                         |     
     |          Mulliken Center for Theoretical Chemistry        |     
     |                    University of Bonn                     |     
     |                Version 6.2 RC2 (SAW190805)                |     
      -----------------------------------------------------------      

   This program is distributed in the hope that it will be useful,
   but WITHOUT ANY WARRANTY; without even the implied warranty of
   MERCHANTABILITY or FITNESS FOR A PARTICULAR PURPOSE.
   
   FOR NON-COMMERCIAL, ACADEMIA USE ONLY.
   
   Cite this work as:
   * S. Grimme, C. Bannwarth, P. Shushkov, J. Chem. Theory Comput., 2017,
     13, 1989-2009. DOI: 10.1021/acs.jctc.7b00118
   * C. Bannwarth, S. Ehlert and S. Grimme., J. Chem. Theory Comput., 2019,
     15, 1652-1671. DOI: 10.1021/acs.jctc.8b01176
   * P. Pracht, E. Caldeweyher, S. Ehlert, S. Grimme, ChemRxiv, 2019, preprint.
     DOI: 10.26434/chemrxiv.8326202.v1
   
   for DFT-D4:
   * E. Caldeweyher, C. Bannwarth and S. Grimme, J. Chem. Phys., 2017,
     147, 034112. DOI: 10.1063/1.4993215
   * E. Caldeweyher, S. Ehlert, A. Hansen, H. Neugebauer, S. Spicher,
     C. Bannwarth and S. Grimme, J. Chem. Phys., 2019, 150, 154122.
     DOI: 10.1063/1.5090222
   
   for sTDA-xTB:
   * S. Grimme and C. Bannwarth, J. Chem. Phys., 2016, 145, 054103.
     DOI: 10.1063/1.4959605
   
   in the mass-spec context:
   * V. Asgeirsson, C. Bauer and S. Grimme, Chem. Sci., 2017, 8, 4879.
     DOI: 10.1039/c7sc00601b
   
   for metadynamics refer to:
   * S. Grimme, J. Chem. Theory Comput., 2019, 155, 2847-2862
     DOI: 10.1021/acs.jctc.9b00143
   
   with help from (in alphabetical order)
   C. Bannwarth, F. Bohle, G. Brandenburg, E. Caldeweyher, M. Checinski,
   S. Dohm, S. Ehlert, S. Ehrlich, F. März, H. Neugebauer, J. Pisarek,
   P. Pracht, P. Shushkov, and S. Spicher.
   
 * started run on 2021/05/19 at 10:59:22.493     

           -------------------------------------------------
          |                Calculation Setup                |
           -------------------------------------------------

          program call               : /ihome/ghutchison/geoffh/xtb/xtb 264.xyz -opt
          hostname                   : smp-n83
          coordinate file            : 264.xyz
          omp threads                :                     1
          number of atoms            :                    31
          number of electrons        :                    82
          charge                     :                     0
          spin                       :                   0.0
          first test random number   :      0.14836515142165


########################################################################
# WARNING! Please study the warnings concerning your input carefully
#  - the use of '-opt' is discouraged, please use '--opt' next time
########################################################################

           ------------------------------------------------- 
          |                 G F N 2 - x T B                 |
          | Geometry, Frequencies, Noncovalent interactions |
          |            JCTC 2019 parametrisation            |
           ------------------------------------------------- 
             KAB for C  - Si     :                1.0500
             KAB for H  - Pd     :                0.9500
             k(s)              :                1.8500
             k(p)              :                2.2300
             k(d)              :                2.2300
             k(f)              :                2.0000
             kEN (H0ij)        :               -2.0000
             D4 a1             :                0.5200
             D4 a2             :                5.0000
             D4 s6             :                1.0000
             D4 s8             :                2.7000
             D4 s9             :                5.0000
             alphaj            :                2.0000

  Z AO/shell   Hii/eV     exponent
  1     Wed Apr 25 08:07:45 CEST 2018   EN: 2.200 GM2: 0.406  GM3: 0.0800  RAES: 1.40
     1s    -10.707211    1.230000
  6     Wed Apr 25 08:07:45 CEST 2018   EN: 2.550 GM2: 0.538  GM3: 0.1500  RAES: 3.00
     2s    -13.970922    2.096432
     2p    -10.063292    1.800000
 16     Tue Apr 24 11:44:34 CEST 2018   EN: 2.580 GM2: 0.340  GM3:-0.0502  RAES: 3.10
     3s    -20.029654    1.981333
     3p    -11.377694    2.025643
     3d     -0.420282    1.702555

           ------------------------------------------------- 
          |        Self-Consistent Charge Iterations        |
           ------------------------------------------------- 

          ...................................................
          :                      SETUP                      :
          :.................................................:
          :  # basis functions                  94          :
          :  # atomic orbitals                  91          :
          :  # shells                           49          :
          :  # electrons                        82          :
          :  max. iterations                   250          :
          :  Hamiltonian                  GFN2-xTB          :
          :  restarted?                      false          :
          :  GBSA solvation                  false          :
          :  PC potential                    false          :
          :  electronic temp.          300.0000000     K    :
          :  accuracy                    1.0000000          :
          :  -> integral cutoff          0.2500000E+02      :
          :  -> integral neglect         0.1000000E-07      :
          :  -> SCF convergence          0.1000000E-05 Eh   :
          :  -> wf. convergence          0.1000000E-03 e    :
          :  Broyden damping             0.4000000          :
          ...................................................

 iter      E             dE          RMSdq      gap      omega  full diag
   1    -44.0455242 -0.440455E+02  0.420E+00    2.48       0.0  T
   2    -44.1075700 -0.620458E-01  0.236E+00    2.15       1.0  T
   3    -44.1030982  0.447184E-02  0.101E+00    1.97       1.0  T
   4    -44.1099236 -0.682543E-02  0.512E-01    1.85       1.0  T
   5    -44.1138688 -0.394512E-02  0.209E-01    1.95       1.0  T
   6    -44.1143268 -0.458036E-03  0.727E-02    1.94       1.0  T
   7    -44.1143669 -0.401168E-04  0.338E-02    1.94       1.0  T
   8    -44.1143834 -0.165324E-04  0.186E-02    1.94       1.0  T
   9    -44.1143868 -0.333797E-05  0.801E-03    1.94       2.2  T
  10    -44.1143870 -0.219113E-06  0.418E-03    1.94       4.3  T
  11    -44.1143872 -0.235154E-06  0.183E-03    1.94       9.8  T
  12    -44.1143873 -0.269989E-07  0.113E-03    1.94      16.0  T
  13    -44.1143873 -0.116603E-07  0.430E-04    1.94      41.8  T
  14    -44.1143873 -0.585771E-10  0.214E-04    1.94      84.1  T

   *** convergence criteria satisfied after 14 iterations ***

         #    Occupation            Energy/Eh            Energy/eV
      -------------------------------------------------------------
         1        2.0000           -0.7420033             -20.1909
       ...           ...                  ...                  ...
        35        2.0000           -0.4412185             -12.0062
        36        2.0000           -0.4378984             -11.9158
        37        2.0000           -0.4184196             -11.3858
        38        2.0000           -0.4065645             -11.0632
        39        2.0000           -0.3802020             -10.3458
        40        2.0000           -0.3583267              -9.7506
        41        2.0000           -0.3556845              -9.6787 (HOMO)
        42                         -0.2842303              -7.7343 (LUMO)
        43                         -0.2398005              -6.5253
        44                         -0.2248023              -6.1172
        45                         -0.2071498              -5.6368
        46                         -0.1931116              -5.2548
       ...                                ...                  ...
        91                          0.6632148              18.0470
      -------------------------------------------------------------
                  HL-Gap            0.0714542 Eh            1.9444 eV
             Fermi-level           -0.3199574 Eh           -8.7065 eV

 SCC (total)                   0 d,  0 h,  0 min,  0.065 sec
 SCC setup                      ...        0 min,  0.000 sec (  0.591%)
 Dispersion                     ...        0 min,  0.000 sec (  0.728%)
 integral evaluation            ...        0 min,  0.016 sec ( 25.197%)
 zeroth order Hamiltonian       ...        0 min,  0.000 sec (  0.411%)
 iterations                     ...        0 min,  0.025 sec ( 37.950%)
 molecular gradient             ...        0 min,  0.022 sec ( 34.391%)
 printout                       ...        0 min,  0.000 sec (  0.653%)

         :::::::::::::::::::::::::::::::::::::::::::::::::::::
         ::                     SUMMARY                     ::
         :::::::::::::::::::::::::::::::::::::::::::::::::::::
         :: total energy             -43.519262273430 Eh    ::
         :: gradient norm              0.044906972148 Eh/a0 ::
         :: HOMO-LUMO gap              1.944368212894 eV    ::
         ::.................................................::
         :: SCC energy               -44.114387268664 Eh    ::
         :: -> isotropic ES            0.006928151321 Eh    ::
         :: -> anisotropic ES          0.005065399462 Eh    ::
         :: -> anisotropic XC          0.029385500473 Eh    ::
         :: -> dispersion             -0.032231995751 Eh    ::
         :: repulsion energy           0.594994679700 Eh    ::
         :: add. restraining           0.000000000000 Eh    ::
         :::::::::::::::::::::::::::::::::::::::::::::::::::::

      ----------------------------------------------------------- 
     |                   =====================                   |
     |                        A N C O P T                        |
     |                   =====================                   |
     |               Approximate Normal Coordinate               |
     |                Rational Function Optimizer                |
      ----------------------------------------------------------- 

          ...................................................
          :                      SETUP                      :
          :.................................................:
          :   optimization level            normal          :
          :   max. optcycles                   200          :
          :   ANC micro-cycles                  20          :
          :   degrees of freedom                87          :
          :.................................................:
          :   RF solver                   davidson          :
          :   input Hessian                  false          :
          :   write xtbopt.log                true          :
          :   linear?                        false          :
          :   energy convergence         0.5000000E-05 Eh   :
          :   grad. convergence          0.1000000E-02 Eh/α :
          :   maximium RF displ.         2.0000000          :
          :   Hlow (freq-cutoff)         0.5000000E-02      :
          :   Hmax (freq-cutoff)         5.0000000          :
          :   S6 in model hess.         20.0000000          :
          ...................................................

generating ANC from model Hessian ...
Using Lindh-Hessian (1995)
 Shifting diagonal of input Hessian by   4.646414603216379E-003
 Lowest  eigenvalues of input Hessian
   -0.000000   -0.000000   -0.000000    0.000000    0.000000    0.000000
    0.005000    0.005101    0.005229    0.006025    0.006075    0.006340
    0.007294    0.007821    0.008542    0.009960    0.012366    0.013237
 Highest eigenvalues
    1.566342    1.664868    1.698756    1.785919    1.845037    2.052832
 

........................................................................
.............................. CYCLE    1 ..............................
........................................................................
   1    -44.1143873 -0.441144E+02  0.720E-05    1.94       0.0  T
   2    -44.1143873 -0.136566E-10  0.458E-05    1.94     392.1  T
   3    -44.1143873 -0.130029E-10  0.333E-05    1.94     539.2  T
     SCC iter.                  ...        0 min,  0.006 sec
     gradient                   ...        0 min,  0.022 sec
 * total energy  :   -43.5192623 Eh     change        0.1058652E-07 Eh
   gradient norm :     0.0449072 Eh/α   predicted     0.0000000E+00 (-100.00%)
   displ. norm   :     0.2761920 α      lambda       -0.4644597E-02
   maximum displ.:     0.1284152 α      in ANC's #13, #8, #11, ...

........................................................................
.............................. CYCLE    2 ..............................
........................................................................
   1    -44.1346007 -0.441346E+02  0.286E-01    1.95       0.0  T
   2    -44.1346451 -0.444286E-04  0.147E-01    1.96       1.0  T
   3    -44.1345274  0.117674E-03  0.719E-02    1.94       1.0  T
   4    -44.1346789 -0.151503E-03  0.228E-02    1.96       1.0  T
   5    -44.1346804 -0.147243E-05  0.121E-02    1.95       1.5  T
   6    -44.1346821 -0.168847E-05  0.441E-03    1.95       4.1  T
   7    -44.1346825 -0.379428E-06  0.185E-03    1.95       9.7  T
     SCC iter.                  ...        0 min,  0.012 sec
     gradient                   ...        0 min,  0.021 sec
 * total energy  :   -43.5224656 Eh     change       -0.3203381E-02 Eh
   gradient norm :     0.0190316 Eh/α   predicted    -0.2499460E-02 ( -21.97%)
   displ. norm   :     0.3148816 α      lambda       -0.1842036E-02
   maximum displ.:     0.1482217 α      in ANC's #13, #8, #12, ...

........................................................................
.............................. CYCLE    3 ..............................
........................................................................
   1    -44.1446246 -0.441446E+02  0.270E-01    1.95       0.0  T
   2    -44.1446601 -0.354857E-04  0.138E-01    1.96       1.0  T
   3    -44.1445995  0.605650E-04  0.555E-02    1.95       1.0  T
   4    -44.1446776 -0.781216E-04  0.201E-02    1.96       1.0  T
   5    -44.1446801 -0.247070E-05  0.711E-03    1.96       2.5  T
   6    -44.1446806 -0.466339E-06  0.235E-03    1.96       7.6  T
   7    -44.1446806 -0.609105E-07  0.141E-03    1.96      12.7  T
     SCC iter.                  ...        0 min,  0.012 sec
     gradient                   ...        0 min,  0.021 sec
 * total energy  :   -43.5235751 Eh     change       -0.1109408E-02 Eh
   gradient norm :     0.0082350 Eh/α   predicted    -0.1012356E-02 (  -8.75%)
   displ. norm   :     0.2183865 α      lambda       -0.5123228E-03
   maximum displ.:     0.1048296 α      in ANC's #12, #8, #7, ...

........................................................................
.............................. CYCLE    4 ..............................
........................................................................
   1    -44.1446610 -0.441447E+02  0.192E-01    1.94       0.0  T
   2    -44.1446731 -0.120528E-04  0.101E-01    1.95       1.0  T
   3    -44.1446531  0.200195E-04  0.336E-02    1.95       1.0  T
   4    -44.1446773 -0.242846E-04  0.137E-02    1.95       1.3  T
   5    -44.1446781 -0.804117E-06  0.561E-03    1.95       3.2  T
   6    -44.1446787 -0.556736E-06  0.194E-03    1.95       9.3  T
   7    -44.1446788 -0.773289E-07  0.788E-04    1.95      22.8  T
     SCC iter.                  ...        0 min,  0.012 sec
     gradient                   ...        0 min,  0.021 sec
 * total energy  :   -43.5238684 Eh     change       -0.2933367E-03 Eh
   gradient norm :     0.0069521 Eh/α   predicted    -0.2683786E-03 (  -8.51%)
   displ. norm   :     0.1857375 α      lambda       -0.2912539E-03
   maximum displ.:     0.0872637 α      in ANC's #7, #8, #12, ...

........................................................................
.............................. CYCLE    5 ..............................
........................................................................
   1    -44.1431524 -0.441432E+02  0.170E-01    1.94       0.0  T
   2    -44.1431603 -0.797183E-05  0.875E-02    1.94       1.0  T
   3    -44.1431512  0.914356E-05  0.258E-02    1.94       1.0  T
   4    -44.1431622 -0.110625E-04  0.123E-02    1.94       1.5  T
   5    -44.1431631 -0.814439E-06  0.423E-03    1.94       4.2  T
   6    -44.1431635 -0.402735E-06  0.133E-03    1.94      13.5  T
   7    -44.1431635 -0.241377E-07  0.708E-04    1.94      25.4  T
     SCC iter.                  ...        0 min,  0.012 sec
     gradient                   ...        0 min,  0.021 sec
 * total energy  :   -43.5240516 Eh     change       -0.1831818E-03 Eh
   gradient norm :     0.0053045 Eh/α   predicted    -0.1506578E-03 ( -17.76%)
   displ. norm   :     0.1692632 α      lambda       -0.1745725E-03
   maximum displ.:     0.0952439 α      in ANC's #7, #4, #8, ...

........................................................................
.............................. CYCLE    6 ..............................
........................................................................
   1    -44.1423258 -0.441423E+02  0.139E-01    1.93       0.0  T
   2    -44.1423315 -0.574060E-05  0.700E-02    1.93       1.0  T
   3    -44.1423274  0.415576E-05  0.195E-02    1.94       1.0  T
   4    -44.1423322 -0.478581E-05  0.111E-02    1.93       1.6  T
   5    -44.1423334 -0.120325E-05  0.304E-03    1.93       5.9  T
   6    -44.1423335 -0.159675E-06  0.117E-03    1.93      15.4  T
   7    -44.1423335 -0.116589E-07  0.738E-04    1.93      24.3  T
     SCC iter.                  ...        0 min,  0.012 sec
     gradient                   ...        0 min,  0.021 sec
 * total energy  :   -43.5241852 Eh     change       -0.1336637E-03 Eh
   gradient norm :     0.0047696 Eh/α   predicted    -0.8979047E-04 ( -32.82%)
   displ. norm   :     0.2456682 α      lambda       -0.1975659E-03
   maximum displ.:     0.1309425 α      in ANC's #7, #4, #2, ...

........................................................................
.............................. CYCLE    7 ..............................
........................................................................
   1    -44.1420076 -0.441420E+02  0.197E-01    1.93       0.0  T
   2    -44.1420203 -0.126961E-04  0.963E-02    1.93       1.0  T
   3    -44.1420168  0.355104E-05  0.239E-02    1.93       1.0  T
   4    -44.1420210 -0.423708E-05  0.152E-02    1.93       1.2  T
   5    -44.1420238 -0.281574E-05  0.363E-03    1.93       4.9  T
   6    -44.1420240 -0.198027E-06  0.162E-03    1.93      11.1  T
   7    -44.1420240 -0.227796E-07  0.102E-03    1.93      17.6  T
     SCC iter.                  ...        0 min,  0.025 sec
     gradient                   ...        0 min,  0.021 sec
 * total energy  :   -43.5243396 Eh     change       -0.1543588E-03 Eh
   gradient norm :     0.0050659 Eh/α   predicted    -0.1047456E-03 ( -32.14%)
   displ. norm   :     0.3275696 α      lambda       -0.2156070E-03
   maximum displ.:     0.1672337 α      in ANC's #7, #4, #2, ...

........................................................................
.............................. CYCLE    8 ..............................
........................................................................
   1    -44.1419274 -0.441419E+02  0.260E-01    1.93       0.0  T
   2    -44.1419510 -0.236088E-04  0.126E-01    1.93       1.0  T
   3    -44.1419452  0.584066E-05  0.312E-02    1.93       1.0  T
   4    -44.1419529 -0.775810E-05  0.196E-02    1.92       1.0  T
   5    -44.1419576 -0.466977E-05  0.409E-03    1.93       4.4  T
   6    -44.1419578 -0.229512E-06  0.216E-03    1.92       8.3  T
   7    -44.1419579 -0.464646E-07  0.126E-03    1.92      14.3  T
     SCC iter.                  ...        0 min,  0.012 sec
     gradient                   ...        0 min,  0.021 sec
 * total energy  :   -43.5245133 Eh     change       -0.1736894E-03 Eh
   gradient norm :     0.0054193 Eh/α   predicted    -0.1193743E-03 ( -31.27%)
   displ. norm   :     0.4062622 α      lambda       -0.2505019E-03
   maximum displ.:     0.2100934 α      in ANC's #4, #7, #2, ...

........................................................................
.............................. CYCLE    9 ..............................
........................................................................
   1    -44.1422179 -0.441422E+02  0.319E-01    1.93       0.0  T
   2    -44.1422544 -0.364868E-04  0.152E-01    1.93       1.0  T
   3    -44.1422449  0.950876E-05  0.387E-02    1.92       1.0  T
   4    -44.1422588 -0.139199E-04  0.234E-02    1.92       1.0  T
   5    -44.1422647 -0.589894E-05  0.489E-03    1.92       3.7  T
   6    -44.1422651 -0.378831E-06  0.261E-03    1.92       6.9  T
   7    -44.1422651 -0.656514E-07  0.141E-03    1.92      12.8  T
     SCC iter.                  ...        0 min,  0.012 sec
     gradient                   ...        0 min,  0.021 sec
 * total energy  :   -43.5247185 Eh     change       -0.2052626E-03 Eh
   gradient norm :     0.0059901 Eh/α   predicted    -0.1459241E-03 ( -28.91%)
   displ. norm   :     0.4692920 α      lambda       -0.2922665E-03
   maximum displ.:     0.2477366 α      in ANC's #4, #2, #7, ...

........................................................................
.............................. CYCLE   10 ..............................
........................................................................
   1    -44.1426998 -0.441427E+02  0.360E-01    1.93       0.0  T
   2    -44.1427468 -0.469871E-04  0.171E-01    1.92       1.0  T
   3    -44.1427320  0.147757E-04  0.447E-02    1.92       1.0  T
   4    -44.1427539 -0.218242E-04  0.261E-02    1.92       1.0  T
   5    -44.1427604 -0.659756E-05  0.555E-03    1.92       3.2  T
   6    -44.1427610 -0.560452E-06  0.284E-03    1.92       6.3  T
   7    -44.1427611 -0.668780E-07  0.147E-03    1.92      12.2  T
     SCC iter.                  ...        0 min,  0.012 sec
     gradient                   ...        0 min,  0.021 sec
 * total energy  :   -43.5249566 Eh     change       -0.2381033E-03 Eh
   gradient norm :     0.0064834 Eh/α   predicted    -0.1783208E-03 ( -25.11%)
   displ. norm   :     0.5269354 α      lambda       -0.3375205E-03
   maximum displ.:     0.2788859 α      in ANC's #4, #2, #1, ...

........................................................................
.............................. CYCLE   11 ..............................
........................................................................
   1    -44.1434691 -0.441435E+02  0.389E-01    1.92       0.0  T
   2    -44.1435228 -0.536832E-04  0.184E-01    1.92       1.0  T
   3    -44.1435012  0.216038E-04  0.505E-02    1.92       1.0  T
   4    -44.1435317 -0.304669E-04  0.286E-02    1.92       1.0  T
   5    -44.1435385 -0.687322E-05  0.700E-03    1.92       2.6  T
   6    -44.1435396 -0.105032E-05  0.311E-03    1.92       5.8  T
   7    -44.1435397 -0.746029E-07  0.170E-03    1.92      10.6  T
   8    -44.1435397 -0.220708E-07  0.754E-04    1.92      23.8  T
     SCC iter.                  ...        0 min,  0.013 sec
     gradient                   ...        0 min,  0.021 sec
 * total energy  :   -43.5252269 Eh     change       -0.2702091E-03 Eh
   gradient norm :     0.0067964 Eh/α   predicted    -0.2156199E-03 ( -20.20%)
   displ. norm   :     0.5346561 α      lambda       -0.3635066E-03
   maximum displ.:     0.2797804 α      in ANC's #2, #4, #1, ...

........................................................................
.............................. CYCLE   12 ..............................
........................................................................
   1    -44.1444442 -0.441444E+02  0.383E-01    1.91       0.0  T
   2    -44.1444958 -0.515779E-04  0.180E-01    1.92       1.0  T
   3    -44.1444757  0.201088E-04  0.492E-02    1.91       1.0  T
   4    -44.1445033 -0.276824E-04  0.285E-02    1.91       1.0  T
   5    -44.1445107 -0.732456E-05  0.694E-03    1.91       2.6  T
   6    -44.1445117 -0.989623E-06  0.317E-03    1.91       5.7  T
   7    -44.1445117 -0.844258E-07  0.175E-03    1.91      10.2  T
   8    -44.1445118 -0.241744E-07  0.775E-04    1.91      23.2  T
     SCC iter.                  ...        0 min,  0.013 sec
     gradient                   ...        0 min,  0.021 sec
 * total energy  :   -43.5255213 Eh     change       -0.2944039E-03 Eh
   gradient norm :     0.0058943 Eh/α   predicted    -0.2337187E-03 ( -20.61%)
   displ. norm   :     0.6135835 α      lambda       -0.3943201E-03
   maximum displ.:     0.3214279 α      in ANC's #2, #4, #1, ...

........................................................................
.............................. CYCLE   13 ..............................
........................................................................
   1    -44.1423607 -0.441424E+02  0.435E-01    1.91       0.0  T
   2    -44.1424285 -0.677194E-04  0.205E-01    1.91       1.0  T
   3    -44.1424001  0.283415E-04  0.572E-02    1.91       1.0  T
   4    -44.1424370 -0.368423E-04  0.335E-02    1.91       1.0  T
   5    -44.1424472 -0.102285E-04  0.932E-03    1.91       1.9  T
   6    -44.1424490 -0.177775E-05  0.398E-03    1.91       4.5  T
   7    -44.1424491 -0.158100E-06  0.219E-03    1.91       8.2  T
   8    -44.1424492 -0.298189E-07  0.107E-03    1.91      16.8  T
     SCC iter.                  ...        0 min,  0.013 sec
     gradient                   ...        0 min,  0.021 sec
 * total energy  :   -43.5258426 Eh     change       -0.3213267E-03 Eh
   gradient norm :     0.0065861 Eh/α   predicted    -0.2713902E-03 ( -15.54%)
   displ. norm   :     0.5656408 α      lambda       -0.7090400E-03
   maximum displ.:     0.3164294 α      in ANC's #2, #1, #4, ...

........................................................................
.............................. CYCLE   14 ..............................
........................................................................
   1    -44.1588291 -0.441588E+02  0.361E-01    1.91       0.0  T
   2    -44.1588751 -0.459653E-04  0.173E-01    1.91       1.0  T
   3    -44.1588757 -0.630225E-06  0.392E-02    1.91       1.0  T
   4    -44.1588726  0.305006E-05  0.269E-02    1.91       1.0  T
   5    -44.1588851 -0.124353E-04  0.641E-03    1.91       2.8  T
   6    -44.1588855 -0.460542E-06  0.319E-03    1.91       5.6  T
   7    -44.1588856 -0.688126E-07  0.196E-03    1.91       9.2  T
   8    -44.1588856 -0.324237E-07  0.101E-03    1.91      17.8  T
     SCC iter.                  ...        0 min,  0.014 sec
     gradient                   ...        0 min,  0.021 sec
 * total energy  :   -43.5257343 Eh     change        0.1082777E-03 Eh
   gradient norm :     0.0187312 Eh/α   predicted    -0.4679514E-03 (-532.18%)
   displ. norm   :     0.4165987 α      lambda       -0.1125027E-02
   maximum displ.:     0.2270654 α      in ANC's #4, #2, #7, ...

........................................................................
.............................. CYCLE   15 ..............................
........................................................................
   1    -44.1438703 -0.441439E+02  0.336E-01    1.91       0.0  T
   2    -44.1439152 -0.449841E-04  0.159E-01    1.92       1.0  T
   3    -44.1439036  0.116247E-04  0.407E-02    1.91       1.0  T
   4    -44.1439207 -0.170570E-04  0.244E-02    1.91       1.0  T
   5    -44.1439270 -0.633654E-05  0.597E-03    1.92       3.0  T
   6    -44.1439274 -0.424240E-06  0.309E-03    1.91       5.8  T
   7    -44.1439276 -0.131587E-06  0.164E-03    1.91      11.0  T
   8    -44.1439276 -0.217986E-07  0.806E-04    1.91      22.3  T
     SCC iter.                  ...        0 min,  0.014 sec
     gradient                   ...        0 min,  0.021 sec
 * total energy  :   -43.5263721 Eh     change       -0.6377858E-03 Eh
   gradient norm :     0.0103947 Eh/α   predicted    -0.6601435E-03 (   3.51%)
   displ. norm   :     0.3800683 α      lambda       -0.3892455E-03
   maximum displ.:     0.1890495 α      in ANC's #2, #4, #1, ...

........................................................................
.............................. CYCLE   16 ..............................
........................................................................
   1    -44.1400709 -0.441401E+02  0.285E-01    1.92       0.0  T
   2    -44.1401008 -0.298990E-04  0.134E-01    1.91       1.0  T
   3    -44.1400699  0.308447E-04  0.460E-02    1.92       1.0  T
   4    -44.1401090 -0.390725E-04  0.213E-02    1.91       1.0  T
   5    -44.1401113 -0.228968E-05  0.647E-03    1.92       2.8  T
   6    -44.1401122 -0.975287E-06  0.257E-03    1.91       7.0  T
   7    -44.1401123 -0.942979E-07  0.133E-03    1.91      13.5  T
     SCC iter.                  ...        0 min,  0.012 sec
     gradient                   ...        0 min,  0.021 sec
 * total energy  :   -43.5265062 Eh     change       -0.1340769E-03 Eh
   gradient norm :     0.0108796 Eh/α   predicted    -0.2227371E-03 (  66.13%)
   displ. norm   :     0.4534375 α      lambda       -0.4149118E-03
   maximum displ.:     0.2331717 α      in ANC's #2, #4, #1, ...

........................................................................
.............................. CYCLE   17 ..............................
........................................................................
   1    -44.1388850 -0.441389E+02  0.332E-01    1.91       0.0  T
   2    -44.1389279 -0.429507E-04  0.153E-01    1.92       1.0  T
   3    -44.1389242  0.370335E-05  0.351E-02    1.92       1.0  T
   4    -44.1389298 -0.552693E-05  0.234E-02    1.92       1.0  T
   5    -44.1389379 -0.814647E-05  0.585E-03    1.92       3.1  T
   6    -44.1389384 -0.485207E-06  0.299E-03    1.92       6.0  T
   7    -44.1389385 -0.111481E-06  0.159E-03    1.92      11.3  T
     SCC iter.                  ...        0 min,  0.012 sec
     gradient                   ...        0 min,  0.021 sec
 * total energy  :   -43.5267248 Eh     change       -0.2186106E-03 Eh
   gradient norm :     0.0128925 Eh/α   predicted    -0.2501138E-03 (  14.41%)
   displ. norm   :     0.2978461 α      lambda       -0.9865954E-03
   maximum displ.:     0.1828314 α      in ANC's #6, #7, #9, ...

........................................................................
.............................. CYCLE   18 ..............................
........................................................................
   1    -44.1564916 -0.441565E+02  0.163E-01    1.94       0.0  T
   2    -44.1565037 -0.120820E-04  0.883E-02    1.94       1.0  T
   3    -44.1564603  0.433965E-04  0.461E-02    1.93       1.0  T
   4    -44.1565094 -0.491659E-04  0.147E-02    1.94       1.2  T
   5    -44.1565108 -0.139376E-05  0.553E-03    1.93       3.2  T
   6    -44.1565111 -0.309098E-06  0.296E-03    1.93       6.1  T
   7    -44.1565113 -0.174800E-06  0.128E-03    1.93      14.1  T
     SCC iter.                  ...        0 min,  0.012 sec
     gradient                   ...        0 min,  0.021 sec
 * total energy  :   -43.5266298 Eh     change        0.9499377E-04 Eh
   gradient norm :     0.0202423 Eh/α   predicted    -0.5370614E-03 (-665.36%)
   displ. norm   :     0.3014791 α      lambda       -0.9215457E-03
   maximum displ.:     0.1416201 α      in ANC's #4, #2, #1, ...

........................................................................
.............................. CYCLE   19 ..............................
........................................................................
   1    -44.1479849 -0.441480E+02  0.215E-01    1.93       0.0  T
   2    -44.1480020 -0.171518E-04  0.104E-01    1.93       1.0  T
   3    -44.1479785  0.235384E-04  0.387E-02    1.94       1.0  T
   4    -44.1480075 -0.290448E-04  0.162E-02    1.93       1.1  T
   5    -44.1480086 -0.110482E-05  0.532E-03    1.93       3.4  T
   6    -44.1480093 -0.603486E-06  0.210E-03    1.93       8.5  T
     SCC iter.                  ...        0 min,  0.011 sec
     gradient                   ...        0 min,  0.021 sec
 * total energy  :   -43.5271791 Eh     change       -0.5493565E-03 Eh
   gradient norm :     0.0099221 Eh/α   predicted    -0.5026563E-03 (  -8.50%)
   displ. norm   :     0.4338993 α      lambda       -0.4678871E-03
   maximum displ.:     0.2096016 α      in ANC's #2, #1, #4, ...

........................................................................
.............................. CYCLE   20 ..............................
........................................................................
   1    -44.1400965 -0.441401E+02  0.332E-01    1.93       0.0  T
   2    -44.1401428 -0.462768E-04  0.155E-01    1.94       1.0  T
   3    -44.1401170  0.258249E-04  0.465E-02    1.94       1.0  T
   4    -44.1401523 -0.353340E-04  0.243E-02    1.94       1.0  T
   5    -44.1401562 -0.387342E-05  0.790E-03    1.94       2.3  T
   6    -44.1401574 -0.125261E-05  0.322E-03    1.94       5.6  T
   7    -44.1401576 -0.150252E-06  0.163E-03    1.94      11.0  T
   8    -44.1401576 -0.581383E-08  0.813E-04    1.94      22.1  T
     SCC iter.                  ...        0 min,  0.013 sec
     gradient                   ...        0 min,  0.021 sec
 * total energy  :   -43.5272954 Eh     change       -0.1162456E-03 Eh
   gradient norm :     0.0130124 Eh/α   predicted    -0.2779893E-03 ( 139.14%)
   displ. norm   :     0.2478110 α      lambda       -0.3918404E-03
   maximum displ.:     0.1155620 α      in ANC's #1, #3, #2, ...
 * RMSD in coord.:     1.0940168 α      energy gain  -0.8033118E-02 Eh

generating ANC from model Hessian ...
Using Lindh-Hessian (1995)
 Shifting diagonal of input Hessian by   4.674731021154856E-003
 Lowest  eigenvalues of input Hessian
   -0.000000   -0.000000    0.000000    0.000000    0.000000    0.000000
    0.005000    0.005135    0.005535    0.006143    0.006166    0.006302
    0.007271    0.007793    0.008950    0.010089    0.012241    0.013402
 Highest eigenvalues
    1.602397    1.712486    1.737961    1.869295    1.898518    2.097570
 

........................................................................
.............................. CYCLE   21 ..............................
........................................................................
   1    -44.1433856 -0.441434E+02  0.179E-01    1.94       0.0  T
   2    -44.1433984 -0.127954E-04  0.836E-02    1.94       1.0  T
   3    -44.1433972  0.111995E-05  0.190E-02    1.94       1.0  T
   4    -44.1433988 -0.159271E-05  0.131E-02    1.94       1.4  T
   5    -44.1434014 -0.252474E-05  0.308E-03    1.94       5.8  T
   6    -44.1434015 -0.137263E-06  0.156E-03    1.94      11.5  T
   7    -44.1434015 -0.280745E-07  0.864E-04    1.94      20.8  T
   8    -44.1434015 -0.474527E-08  0.377E-04    1.94      47.6  T
     SCC iter.                  ...        0 min,  0.013 sec
     gradient                   ...        0 min,  0.035 sec
 * total energy  :   -43.5275448 Eh     change       -0.2494404E-03 Eh
   gradient norm :     0.0085163 Eh/α   predicted     0.0000000E+00 (-100.00%)
   displ. norm   :     0.1479200 α      lambda       -0.3087384E-03
   maximum displ.:     0.0961662 α      in ANC's #6, #7, #3, ...

........................................................................
.............................. CYCLE   22 ..............................
........................................................................
   1    -44.1474684 -0.441475E+02  0.142E-01    1.94       0.0  T
   2    -44.1474751 -0.674334E-05  0.670E-02    1.94       1.0  T
   3    -44.1474752 -0.865864E-07  0.133E-02    1.94       1.4  T
   4    -44.1474757 -0.483616E-06  0.933E-03    1.94       1.9  T
   5    -44.1474768 -0.115541E-05  0.206E-03    1.94       8.7  T
   6    -44.1474769 -0.371805E-07  0.126E-03    1.94      14.2  T
     SCC iter.                  ...        0 min,  0.024 sec
     gradient                   ...        0 min,  0.021 sec
 * total energy  :   -43.5277805 Eh     change       -0.2356747E-03 Eh
   gradient norm :     0.0029516 Eh/α   predicted    -0.1577475E-03 ( -33.07%)
   displ. norm   :     0.1549734 α      lambda       -0.1766348E-03
   maximum displ.:     0.0916413 α      in ANC's #6, #7, #3, ...

........................................................................
.............................. CYCLE   23 ..............................
........................................................................
   1    -44.1493349 -0.441493E+02  0.174E-01    1.94       0.0  T
   2    -44.1493454 -0.104815E-04  0.821E-02    1.95       1.0  T
   3    -44.1493458 -0.432779E-06  0.153E-02    1.95       1.2  T
   4    -44.1493465 -0.652852E-06  0.108E-02    1.95       1.7  T
   5    -44.1493480 -0.151185E-05  0.281E-03    1.95       6.4  T
   6    -44.1493481 -0.104204E-06  0.138E-03    1.95      13.0  T
   7    -44.1493481 -0.168044E-07  0.806E-04    1.95      22.3  T
   8    -44.1493481 -0.682533E-08  0.333E-04    1.95      53.9  T
     SCC iter.                  ...        0 min,  0.013 sec
     gradient                   ...        0 min,  0.022 sec
 * total energy  :   -43.5279338 Eh     change       -0.1532636E-03 Eh
   gradient norm :     0.0016597 Eh/α   predicted    -0.9043936E-04 ( -40.99%)
   displ. norm   :     0.5633411 α      lambda       -0.3387703E-03
   maximum displ.:     0.3173779 α      in ANC's #6, #7, #3, ...

........................................................................
.............................. CYCLE   24 ..............................
........................................................................
   1    -44.1478668 -0.441479E+02  0.627E-01    1.95       0.0  T
   2    -44.1479985 -0.131772E-03  0.295E-01    1.96       1.0  T
   3    -44.1480126 -0.140261E-04  0.501E-02    1.96       1.0  T
   4    -44.1480101  0.242611E-05  0.366E-02    1.96       1.0  T
   5    -44.1480307 -0.205587E-04  0.807E-03    1.96       2.2  T
   6    -44.1480315 -0.781587E-06  0.411E-03    1.96       4.4  T
   7    -44.1480316 -0.830889E-07  0.256E-03    1.96       7.0  T
   8    -44.1480317 -0.909363E-07  0.997E-04    1.96      18.0  T
   9    -44.1480317 -0.432624E-08  0.506E-04    1.96      35.5  T
     SCC iter.                  ...        0 min,  0.015 sec
     gradient                   ...        0 min,  0.022 sec
 * total energy  :   -43.5283161 Eh     change       -0.3823311E-03 Eh
   gradient norm :     0.0060421 Eh/α   predicted    -0.1932781E-03 ( -49.45%)
   displ. norm   :     0.3559880 α      lambda       -0.2601781E-03
   maximum displ.:     0.2031806 α      in ANC's #6, #7, #3, ...

........................................................................
.............................. CYCLE   25 ..............................
........................................................................
   1    -44.1452939 -0.441453E+02  0.377E-01    1.95       0.0  T
   2    -44.1453421 -0.481956E-04  0.177E-01    1.96       1.0  T
   3    -44.1453485 -0.635908E-05  0.294E-02    1.96       1.0  T
   4    -44.1453453  0.323776E-05  0.213E-02    1.96       1.0  T
   5    -44.1453536 -0.830528E-05  0.372E-03    1.96       4.8  T
   6    -44.1453537 -0.144754E-06  0.187E-03    1.96       9.6  T
   7    -44.1453537 -0.170222E-08  0.104E-03    1.96      17.3  T
     SCC iter.                  ...        0 min,  0.012 sec
     gradient                   ...        0 min,  0.021 sec
 * total energy  :   -43.5284862 Eh     change       -0.1700522E-03 Eh
   gradient norm :     0.0084058 Eh/α   predicted    -0.1465794E-03 ( -13.80%)
   displ. norm   :     0.2679694 α      lambda       -0.2633624E-03
   maximum displ.:     0.1489124 α      in ANC's #6, #7, #2, ...

........................................................................
.............................. CYCLE   26 ..............................
........................................................................
   1    -44.1456898 -0.441457E+02  0.244E-01    1.96       0.0  T
   2    -44.1457112 -0.214281E-04  0.113E-01    1.96       1.0  T
   3    -44.1457119 -0.709380E-06  0.215E-02    1.96       1.0  T
   4    -44.1457129 -0.100681E-05  0.149E-02    1.96       1.2  T
   5    -44.1457163 -0.341914E-05  0.285E-03    1.96       6.3  T
   6    -44.1457165 -0.129646E-06  0.153E-03    1.96      11.7  T
   7    -44.1457165 -0.226431E-07  0.860E-04    1.96      20.9  T
     SCC iter.                  ...        0 min,  0.012 sec
     gradient                   ...        0 min,  0.021 sec
 * total energy  :   -43.5286687 Eh     change       -0.1825885E-03 Eh
   gradient norm :     0.0059737 Eh/α   predicted    -0.1411375E-03 ( -22.70%)
   displ. norm   :     0.2655497 α      lambda       -0.1932446E-03
   maximum displ.:     0.1375856 α      in ANC's #6, #2, #1, ...

........................................................................
.............................. CYCLE   27 ..............................
........................................................................
   1    -44.1471246 -0.441471E+02  0.201E-01    1.96       0.0  T
   2    -44.1471386 -0.139828E-04  0.940E-02    1.97       1.0  T
   3    -44.1471382  0.395681E-06  0.194E-02    1.96       1.0  T
   4    -44.1471377  0.464685E-06  0.148E-02    1.97       1.2  T
   5    -44.1471419 -0.420193E-05  0.270E-03    1.96       6.7  T
   6    -44.1471420 -0.127182E-06  0.122E-03    1.96      14.7  T
   7    -44.1471420 -0.104392E-07  0.640E-04    1.96      28.1  T
     SCC iter.                  ...        0 min,  0.012 sec
     gradient                   ...        0 min,  0.021 sec
 * total energy  :   -43.5288061 Eh     change       -0.1373479E-03 Eh
   gradient norm :     0.0038703 Eh/α   predicted    -0.1034387E-03 ( -24.69%)
   displ. norm   :     0.3228221 α      lambda       -0.1439725E-03
   maximum displ.:     0.1663212 α      in ANC's #6, #2, #1, ...

........................................................................
.............................. CYCLE   28 ..............................
........................................................................
   1    -44.1469784 -0.441470E+02  0.270E-01    1.97       0.0  T
   2    -44.1470031 -0.246804E-04  0.126E-01    1.97       1.0  T
   3    -44.1470061 -0.302328E-05  0.224E-02    1.97       1.0  T
   4    -44.1470006  0.552677E-05  0.186E-02    1.97       1.0  T
   5    -44.1470088 -0.813811E-05  0.266E-03    1.97       6.8  T
   6    -44.1470088 -0.723355E-07  0.139E-03    1.97      12.9  T
   7    -44.1470088 -0.125249E-07  0.755E-04    1.97      23.8  T
   8    -44.1470088 -0.720172E-08  0.311E-04    1.97      57.8  T
     SCC iter.                  ...        0 min,  0.014 sec
     gradient                   ...        0 min,  0.022 sec
 * total energy  :   -43.5289059 Eh     change       -0.9984286E-04 Eh
   gradient norm :     0.0050486 Eh/α   predicted    -0.7949017E-04 ( -20.38%)
   displ. norm   :     0.2566361 α      lambda       -0.1638655E-03
   maximum displ.:     0.1708732 α      in ANC's #2, #1, #6, ...

........................................................................
.............................. CYCLE   29 ..............................
........................................................................
   1    -44.1517171 -0.441517E+02  0.162E-01    1.97       0.0  T
   2    -44.1517262 -0.912475E-05  0.765E-02    1.97       1.0  T
   3    -44.1517240  0.223774E-05  0.188E-02    1.97       1.0  T
   4    -44.1517263 -0.231511E-05  0.128E-02    1.97       1.4  T
   5    -44.1517284 -0.215629E-05  0.297E-03    1.97       6.0  T
   6    -44.1517286 -0.161325E-06  0.121E-03    1.97      14.9  T
     SCC iter.                  ...        0 min,  0.010 sec
     gradient                   ...        0 min,  0.021 sec
 * total energy  :   -43.5289716 Eh     change       -0.6568986E-04 Eh
   gradient norm :     0.0058033 Eh/α   predicted    -0.8733065E-04 (  32.94%)
   displ. norm   :     0.3045344 α      lambda       -0.1348199E-03
   maximum displ.:     0.1558095 α      in ANC's #2, #6, #1, ...

........................................................................
.............................. CYCLE   30 ..............................
........................................................................
   1    -44.1487590 -0.441488E+02  0.259E-01    1.97       0.0  T
   2    -44.1487821 -0.230838E-04  0.122E-01    1.97       1.0  T
   3    -44.1487862 -0.417683E-05  0.202E-02    1.97       1.0  T
   4    -44.1487819  0.429330E-05  0.146E-02    1.98       1.2  T
   5    -44.1487871 -0.513856E-05  0.278E-03    1.97       6.5  T
   6    -44.1487872 -0.105057E-06  0.114E-03    1.97      15.7  T
   7    -44.1487872 -0.170090E-08  0.665E-04    1.97      27.0  T
     SCC iter.                  ...        0 min,  0.012 sec
     gradient                   ...        0 min,  0.021 sec
 * total energy  :   -43.5290493 Eh     change       -0.7772246E-04 Eh
   gradient norm :     0.0052667 Eh/α   predicted    -0.7366611E-04 (  -5.22%)
   displ. norm   :     0.1161492 α      lambda       -0.6656913E-04
   maximum displ.:     0.0767351 α      in ANC's #2, #1, #3, ...

........................................................................
.............................. CYCLE   31 ..............................
........................................................................
   1    -44.1490071 -0.441490E+02  0.937E-02    1.97       0.0  T
   2    -44.1490103 -0.319123E-05  0.440E-02    1.97       1.0  T
   3    -44.1490108 -0.506014E-06  0.741E-03    1.97       2.4  T
   4    -44.1490105  0.298792E-06  0.493E-03    1.97       3.6  T
   5    -44.1490110 -0.501936E-06  0.127E-03    1.97      14.1  T
   6    -44.1490110 -0.273985E-07  0.593E-04    1.97      30.3  T
     SCC iter.                  ...        0 min,  0.010 sec
     gradient                   ...        0 min,  0.021 sec
 * total energy  :   -43.5291007 Eh     change       -0.5131968E-04 Eh
   gradient norm :     0.0033528 Eh/α   predicted    -0.3373547E-04 ( -34.26%)
   displ. norm   :     0.1945224 α      lambda       -0.9597061E-04
   maximum displ.:     0.1406983 α      in ANC's #2, #1, #10, ...

........................................................................
.............................. CYCLE   32 ..............................
........................................................................
   1    -44.1503300 -0.441503E+02  0.125E-01    1.97       0.0  T
   2    -44.1503355 -0.552006E-05  0.605E-02    1.97       1.0  T
   3    -44.1503358 -0.304640E-06  0.121E-02    1.97       1.5  T
   4    -44.1503355  0.288720E-06  0.829E-03    1.97       2.2  T
   5    -44.1503368 -0.129319E-05  0.207E-03    1.97       8.7  T
   6    -44.1503369 -0.793197E-07  0.965E-04    1.97      18.6  T
   7    -44.1503369 -0.465751E-08  0.573E-04    1.97      31.3  T
     SCC iter.                  ...        0 min,  0.012 sec
     gradient                   ...        0 min,  0.022 sec
 * total energy  :   -43.5291561 Eh     change       -0.5543757E-04 Eh
   gradient norm :     0.0025187 Eh/α   predicted    -0.4980176E-04 ( -10.17%)
   displ. norm   :     0.2237342 α      lambda       -0.4687473E-04
   maximum displ.:     0.1480857 α      in ANC's #2, #1, #6, ...

........................................................................
.............................. CYCLE   33 ..............................
........................................................................
   1    -44.1492168 -0.441492E+02  0.163E-01    1.97       0.0  T
   2    -44.1492267 -0.990287E-05  0.761E-02    1.97       1.0  T
   3    -44.1492285 -0.178499E-05  0.127E-02    1.97       1.4  T
   4    -44.1492271  0.133941E-05  0.857E-03    1.97       2.1  T
   5    -44.1492289 -0.170324E-05  0.185E-03    1.97       9.7  T
   6    -44.1492289 -0.475607E-07  0.926E-04    1.97      19.4  T
   7    -44.1492289 -0.634630E-08  0.497E-04    1.97      36.1  T
     SCC iter.                  ...        0 min,  0.012 sec
     gradient                   ...        0 min,  0.022 sec
 * total energy  :   -43.5291877 Eh     change       -0.3159750E-04 Eh
   gradient norm :     0.0021053 Eh/α   predicted    -0.2461815E-04 ( -22.09%)
   displ. norm   :     0.1555292 α      lambda       -0.3655729E-04
   maximum displ.:     0.1083464 α      in ANC's #2, #1, #3, ...

........................................................................
.............................. CYCLE   34 ..............................
........................................................................
   1    -44.1496889 -0.441497E+02  0.911E-02    1.97       0.0  T
   2    -44.1496921 -0.324827E-05  0.425E-02    1.97       1.0  T
   3    -44.1496926 -0.516018E-06  0.793E-03    1.97       2.3  T
   4    -44.1496920  0.601077E-06  0.540E-03    1.97       3.3  T
   5    -44.1496928 -0.752333E-06  0.123E-03    1.97      14.6  T
   6    -44.1496928 -0.257218E-07  0.569E-04    1.97      31.6  T
   7    -44.1496928 -0.116932E-08  0.365E-04    1.97      49.1  T
     SCC iter.                  ...        0 min,  0.012 sec
     gradient                   ...        0 min,  0.022 sec
 * total energy  :   -43.5292191 Eh     change       -0.3136666E-04 Eh
   gradient norm :     0.0015844 Eh/α   predicted    -0.1872240E-04 ( -40.31%)
   displ. norm   :     0.3192230 α      lambda       -0.5679148E-04
   maximum displ.:     0.2239389 α      in ANC's #2, #1, #4, ...

........................................................................
.............................. CYCLE   35 ..............................
........................................................................
   1    -44.1512341 -0.441512E+02  0.176E-01    1.97       0.0  T
   2    -44.1512462 -0.120831E-04  0.834E-02    1.98       1.0  T
   3    -44.1512472 -0.974570E-06  0.170E-02    1.97       1.1  T
   4    -44.1512444  0.272843E-05  0.137E-02    1.98       1.3  T
   5    -44.1512488 -0.439772E-05  0.229E-03    1.98       7.9  T
   6    -44.1512489 -0.644118E-07  0.119E-03    1.98      15.1  T
   7    -44.1512489 -0.644658E-08  0.783E-04    1.98      22.9  T
   8    -44.1512489 -0.537349E-08  0.287E-04    1.98      62.5  T
     SCC iter.                  ...        0 min,  0.013 sec
     gradient                   ...        0 min,  0.022 sec
 * total energy  :   -43.5292779 Eh     change       -0.5883481E-04 Eh
   gradient norm :     0.0026321 Eh/α   predicted    -0.2968633E-04 ( -49.54%)
   displ. norm   :     0.2959243 α      lambda       -0.5758978E-04
   maximum displ.:     0.2003912 α      in ANC's #2, #1, #3, ...

........................................................................
.............................. CYCLE   36 ..............................
........................................................................
   1    -44.1498144 -0.441498E+02  0.165E-01    1.98       0.0  T
   2    -44.1498253 -0.109346E-04  0.780E-02    1.98       1.0  T
   3    -44.1498268 -0.146378E-05  0.153E-02    1.98       1.2  T
   4    -44.1498241  0.261961E-05  0.116E-02    1.98       1.5  T
   5    -44.1498275 -0.340678E-05  0.211E-03    1.98       8.5  T
   6    -44.1498276 -0.669936E-07  0.104E-03    1.98      17.2  T
   7    -44.1498276 -0.847952E-08  0.608E-04    1.98      29.6  T
   8    -44.1498276 -0.192764E-08  0.247E-04    1.98      72.7  T
     SCC iter.                  ...        0 min,  0.013 sec
     gradient                   ...        0 min,  0.022 sec
 * total energy  :   -43.5293132 Eh     change       -0.3534803E-04 Eh
   gradient norm :     0.0031115 Eh/α   predicted    -0.3131927E-04 ( -11.40%)
   displ. norm   :     0.2711034 α      lambda       -0.6119927E-04
   maximum displ.:     0.1814221 α      in ANC's #2, #1, #6, ...

........................................................................
.............................. CYCLE   37 ..............................
........................................................................
   1    -44.1498610 -0.441499E+02  0.143E-01    1.97       0.0  T
   2    -44.1498679 -0.698120E-05  0.708E-02    1.98       1.0  T
   3    -44.1498689 -0.923854E-06  0.142E-02    1.98       1.3  T
   4    -44.1498670  0.184166E-05  0.100E-02    1.98       1.8  T
   5    -44.1498694 -0.239681E-05  0.178E-03    1.98      10.1  T
   6    -44.1498695 -0.520195E-07  0.881E-04    1.98      20.4  T
   7    -44.1498695 -0.406517E-08  0.525E-04    1.98      34.2  T
     SCC iter.                  ...        0 min,  0.012 sec
     gradient                   ...        0 min,  0.022 sec
 * total energy  :   -43.5293583 Eh     change       -0.4501129E-04 Eh
   gradient norm :     0.0024738 Eh/α   predicted    -0.3285027E-04 ( -27.02%)
   displ. norm   :     0.2934581 α      lambda       -0.5886079E-04
   maximum displ.:     0.1913333 α      in ANC's #2, #1, #6, ...

........................................................................
.............................. CYCLE   38 ..............................
........................................................................
   1    -44.1492176 -0.441492E+02  0.152E-01    1.97       0.0  T
   2    -44.1492248 -0.716257E-05  0.775E-02    1.98       1.0  T
   3    -44.1492246  0.228539E-06  0.168E-02    1.98       1.1  T
   4    -44.1492229  0.160285E-05  0.130E-02    1.98       1.4  T
   5    -44.1492264 -0.347179E-05  0.187E-03    1.98       9.6  T
   6    -44.1492265 -0.625315E-07  0.950E-04    1.98      18.9  T
   7    -44.1492265 -0.933552E-08  0.559E-04    1.98      32.1  T
     SCC iter.                  ...        0 min,  0.013 sec
     gradient                   ...        0 min,  0.022 sec
 * total energy  :   -43.5293994 Eh     change       -0.4116814E-04 Eh
   gradient norm :     0.0027923 Eh/α   predicted    -0.3196999E-04 ( -22.34%)
   displ. norm   :     0.3008139 α      lambda       -0.4988743E-04
   maximum displ.:     0.1852494 α      in ANC's #2, #1, #6, ...

........................................................................
.............................. CYCLE   39 ..............................
........................................................................
   1    -44.1493105 -0.441493E+02  0.150E-01    1.97       0.0  T
   2    -44.1493163 -0.574594E-05  0.787E-02    1.98       1.0  T
   3    -44.1493162  0.723110E-07  0.159E-02    1.98       1.1  T
   4    -44.1493148  0.146161E-05  0.116E-02    1.98       1.5  T
   5    -44.1493176 -0.285071E-05  0.171E-03    1.98      10.5  T
   6    -44.1493177 -0.557724E-07  0.847E-04    1.98      21.2  T
   7    -44.1493177 -0.566377E-08  0.539E-04    1.98      33.3  T
     SCC iter.                  ...        0 min,  0.012 sec
     gradient                   ...        0 min,  0.022 sec
 * total energy  :   -43.5294328 Eh     change       -0.3334088E-04 Eh
   gradient norm :     0.0034346 Eh/α   predicted    -0.2720383E-04 ( -18.41%)
   displ. norm   :     0.3004149 α      lambda        0.5619526E-05
   maximum displ.:     0.1852506 α      in ANC's #2, #1, #6, ...

........................................................................
.............................. CYCLE   40 ..............................
........................................................................
   1    -44.1484194 -0.441484E+02  0.149E-01    1.97       0.0  T
   2    -44.1484251 -0.572827E-05  0.781E-02    1.97       1.0  T
   3    -44.1484251  0.544296E-08  0.157E-02    1.97       1.1  T
   4    -44.1484237  0.145370E-05  0.114E-02    1.97       1.6  T
   5    -44.1484264 -0.276842E-05  0.169E-03    1.97      10.6  T
   6    -44.1484265 -0.537514E-07  0.846E-04    1.97      21.2  T
   7    -44.1484265 -0.522291E-08  0.542E-04    1.97      33.1  T
     SCC iter.                  ...        0 min,  0.012 sec
     gradient                   ...        0 min,  0.022 sec
 * total energy  :   -43.5294248 Eh     change        0.7997928E-05 Eh
   gradient norm :     0.0058873 Eh/α   predicted     0.3061039E-05 ( -61.73%)
   displ. norm   :     0.1170399 α      lambda       -0.5673396E-04
   maximum displ.:     0.0732595 α      in ANC's #1, #2, #6, ...

........................................................................
.............................. CYCLE   41 ..............................
........................................................................
   1    -44.1494497 -0.441494E+02  0.672E-02    1.98       0.0  T
   2    -44.1494512 -0.143311E-05  0.338E-02    1.98       1.0  T
   3    -44.1494510  0.144875E-06  0.727E-03    1.98       2.5  T
   4    -44.1494511 -0.731141E-07  0.505E-03    1.98       3.6  T
   5    -44.1494515 -0.420769E-06  0.106E-03    1.98      17.0  T
   6    -44.1494515 -0.202275E-07  0.520E-04    1.98      34.5  T
     SCC iter.                  ...        0 min,  0.010 sec
     gradient                   ...        0 min,  0.021 sec
 * total energy  :   -43.5294601 Eh     change       -0.3534242E-04 Eh
   gradient norm :     0.0025631 Eh/α   predicted    -0.2875659E-04 ( -18.63%)
   displ. norm   :     0.0485820 α      lambda       -0.2606571E-04
   maximum displ.:     0.0256951 α      in ANC's #6, #7, #9, ...

........................................................................
.............................. CYCLE   42 ..............................
........................................................................
   1    -44.1501895 -0.441502E+02  0.348E-02    1.98       0.0  T
   2    -44.1501898 -0.350593E-06  0.177E-02    1.98       1.0  T
   3    -44.1501897  0.148674E-06  0.408E-03    1.98       4.4  T
   4    -44.1501898 -0.187998E-06  0.244E-03    1.98       7.4  T
   5    -44.1501899 -0.685582E-07  0.508E-04    1.98      35.3  T
   6    -44.1501899 -0.429946E-08  0.261E-04    1.98      68.9  T
     SCC iter.                  ...        0 min,  0.010 sec
     gradient                   ...        0 min,  0.022 sec
 * total energy  :   -43.5294797 Eh     change       -0.1960010E-04 Eh
   gradient norm :     0.0018797 Eh/α   predicted    -0.1306571E-04 ( -33.34%)
   displ. norm   :     0.2608440 α      lambda       -0.3717375E-04
   maximum displ.:     0.1418445 α      in ANC's #6, #2, #1, ...
 * RMSD in coord.:     0.7707399 α      energy gain  -0.2184323E-02 Eh

generating ANC from model Hessian ...
Using Lindh-Hessian (1995)
 Shifting diagonal of input Hessian by   4.672611762129347E-003
 Lowest  eigenvalues of input Hessian
   -0.000000   -0.000000   -0.000000    0.000000    0.000000    0.000000
    0.005000    0.005094    0.005705    0.006099    0.006121    0.006349
    0.007212    0.007677    0.009119    0.010164    0.012211    0.013391
 Highest eigenvalues
    1.605004    1.713595    1.740951    1.869206    1.901817    2.101903
 

........................................................................
.............................. CYCLE   43 ..............................
........................................................................
   1    -44.1497545 -0.441498E+02  0.146E-01    1.99       0.0  T
   2    -44.1497583 -0.376290E-05  0.784E-02    1.99       1.0  T
   3    -44.1497575  0.770472E-06  0.146E-02    1.99       1.2  T
   4    -44.1497569  0.670916E-06  0.108E-02    1.99       1.7  T
   5    -44.1497593 -0.244779E-05  0.184E-03    1.99       9.8  T
   6    -44.1497594 -0.823846E-07  0.724E-04    1.99      24.8  T
   7    -44.1497594 -0.743721E-08  0.362E-04    1.99      49.7  T
     SCC iter.                  ...        0 min,  0.012 sec
     gradient                   ...        0 min,  0.022 sec
 * total energy  :   -43.5295080 Eh     change       -0.2832090E-04 Eh
   gradient norm :     0.0028477 Eh/α   predicted     0.0000000E+00 (-100.00%)
   displ. norm   :     0.0323342 α      lambda       -0.2266278E-04
   maximum displ.:     0.0125990 α      in ANC's #8, #16, #3, ...

........................................................................
.............................. CYCLE   44 ..............................
........................................................................
   1    -44.1499276 -0.441499E+02  0.338E-02    1.99       0.0  T
   2    -44.1499280 -0.370668E-06  0.164E-02    1.99       1.1  T
   3    -44.1499275  0.424232E-06  0.514E-03    1.99       3.5  T
   4    -44.1499281 -0.554038E-06  0.218E-03    1.99       8.2  T
   5    -44.1499281 -0.394222E-08  0.101E-03    1.99      17.8  T
   6    -44.1499281 -0.249837E-07  0.258E-04    1.99      69.5  T
   7    -44.1499281 -0.133956E-08  0.118E-04    1.99     152.4  T
     SCC iter.                  ...        0 min,  0.012 sec
     gradient                   ...        0 min,  0.022 sec
 * total energy  :   -43.5295240 Eh     change       -0.1592253E-04 Eh
   gradient norm :     0.0008904 Eh/α   predicted    -0.1134357E-04 ( -28.76%)
   displ. norm   :     0.0571515 α      lambda       -0.1295361E-04
   maximum displ.:     0.0261676 α      in ANC's #8, #16, #15, ...

........................................................................
.............................. CYCLE   45 ..............................
........................................................................
   1    -44.1501361 -0.441501E+02  0.662E-02    1.98       0.0  T
   2    -44.1501374 -0.130656E-05  0.319E-02    1.98       1.0  T
   3    -44.1501368  0.604932E-06  0.759E-03    1.98       2.4  T
   4    -44.1501377 -0.910266E-06  0.407E-03    1.98       4.4  T
   5    -44.1501378 -0.776318E-07  0.146E-03    1.98      12.3  T
   6    -44.1501378 -0.558571E-07  0.398E-04    1.98      45.1  T
   7    -44.1501378 -0.235590E-08  0.208E-04    1.98      86.4  T
     SCC iter.                  ...        0 min,  0.012 sec
     gradient                   ...        0 min,  0.022 sec
 * total energy  :   -43.5295343 Eh     change       -0.1038459E-04 Eh
   gradient norm :     0.0016439 Eh/α   predicted    -0.6486675E-05 ( -37.54%)
   displ. norm   :     0.0593925 α      lambda       -0.9146686E-05
   maximum displ.:     0.0251128 α      in ANC's #8, #15, #16, ...

........................................................................
.............................. CYCLE   46 ..............................
........................................................................
   1    -44.1500998 -0.441501E+02  0.605E-02    1.98       0.0  T
   2    -44.1501008 -0.102576E-05  0.293E-02    1.98       1.0  T
   3    -44.1501009 -0.149224E-06  0.492E-03    1.98       3.6  T
   4    -44.1501008  0.172007E-06  0.366E-03    1.99       4.9  T
   5    -44.1501010 -0.266508E-06  0.679E-04    1.98      26.4  T
   6    -44.1501010 -0.784804E-08  0.305E-04    1.98      59.0  T
     SCC iter.                  ...        0 min,  0.010 sec
     gradient                   ...        0 min,  0.022 sec
 * total energy  :   -43.5295416 Eh     change       -0.7225648E-05 Eh
   gradient norm :     0.0014706 Eh/α   predicted    -0.4584619E-05 ( -36.55%)
   displ. norm   :     0.0541261 α      lambda       -0.7534335E-05
   maximum displ.:     0.0227531 α      in ANC's #8, #1, #4, ...

........................................................................
.............................. CYCLE   47 ..............................
........................................................................
   1    -44.1499375 -0.441499E+02  0.476E-02    1.99       0.0  T
   2    -44.1499381 -0.659063E-06  0.231E-02    1.99       1.0  T
   3    -44.1499381  0.217840E-07  0.433E-03    1.99       4.1  T
   4    -44.1499381 -0.562514E-07  0.291E-03    1.99       6.2  T
   5    -44.1499383 -0.140033E-06  0.461E-04    1.99      39.0  T
   6    -44.1499383 -0.279540E-08  0.195E-04    1.99      92.1  T
     SCC iter.                  ...        0 min,  0.011 sec
     gradient                   ...        0 min,  0.022 sec
 * total energy  :   -43.5295478 Eh     change       -0.6226742E-05 Eh
   gradient norm :     0.0006931 Eh/α   predicted    -0.3774693E-05 ( -39.38%)
   displ. norm   :     0.0263927 α      lambda       -0.2184318E-05
   maximum displ.:     0.0144211 α      in ANC's #1, #4, #6, ...

........................................................................
.............................. CYCLE   48 ..............................
........................................................................
   1    -44.1499630 -0.441500E+02  0.163E-02    1.99       0.0  T
   2    -44.1499631 -0.727658E-07  0.829E-03    1.99       2.2  T
   3    -44.1499630  0.488611E-07  0.204E-03    1.99       8.8  T
   4    -44.1499631 -0.590931E-07  0.116E-03    1.99      15.4  T
   5    -44.1499631 -0.153712E-07  0.217E-04    1.99      82.6  T
   6    -44.1499631 -0.728406E-09  0.109E-04    1.99     164.3  T
     SCC iter.                  ...        0 min,  0.010 sec
     gradient                   ...        0 min,  0.022 sec
 * total energy  :   -43.5295499 Eh     change       -0.2134362E-05 Eh
   gradient norm :     0.0004231 Eh/α   predicted    -0.1095881E-05 ( -48.66%)
   displ. norm   :     0.0331029 α      lambda       -0.2021050E-05
   maximum displ.:     0.0194109 α      in ANC's #1, #4, #6, ...

   *** GEOMETRY OPTIMIZATION CONVERGED AFTER 48 ITERATIONS ***

------------------------------------------------------------------------
 total energy gain   :        -0.0102877 Eh       -6.4556 kcal/mol
 total RMSD          :         1.7393524 a0        0.9204 Å
 total power (kW/mol):        -0.5627133 (step)  -10.6908 (real)
------------------------------------------------------------------------

 ANCopt (total)                0 d,  0 h,  0 min,  2.527 sec
 optimizer setup                ...        0 min,  0.000 sec (  0.006%)
 model hessian                  ...        0 min,  0.011 sec (  0.451%)
 ANC generation                 ...        0 min,  0.003 sec (  0.116%)
 coordinate transformation      ...        0 min,  0.001 sec (  0.042%)
 single point calculation       ...        0 min,  2.489 sec ( 98.521%)
 optimization log               ...        0 min,  0.006 sec (  0.229%)
 hessian update                 ...        0 min,  0.001 sec (  0.030%)
 rational function              ...        0 min,  0.012 sec (  0.487%)

================
 final structure:
================
$coord
    0.99841258581519    1.55812303111895   -2.55906785165635      C 
   -1.29841229933276   -0.69780388059441   -3.06020925221240      S 
    0.30254183266471   -2.87694265184997   -1.18420482314066      C 
    2.49438479255431   -1.83563145844513   -0.25030005605373      C 
    2.88174640842872    0.71118547601305   -1.02620715843401      C 
    5.54029032946442    2.41198530200027   -0.00569914444315      S 
    4.93351522293254    5.55332787384341   -1.30663716125215      C 
    7.04536082845489    7.32047699068505   -0.51254871446726      C 
    4.54833895206911   -3.48485723861603    1.79265918041725      S 
    7.25796896659759   -3.91691821161405   -0.34358646260427      C 
    9.29824370302343   -5.40898192783012    0.99929716538840      C 
   -0.61724632356326   -5.37547872725958   -0.76389929311100      C 
   -2.76667826590401   -6.31720124585185   -1.73998792542937      C 
   -3.62225427702301   -8.85441042333352   -1.29988606234035      C 
   -5.73968531317555   -9.80113605868349   -2.27898905090503      C 
    0.77228749983021    3.37134902472744   -3.42670826327548      H 
    3.11420843159907    6.18777455012096   -0.57560006679490      H 
    4.84577912061356    5.37763999980853   -3.35791644281211      H 
    7.14024551093873    7.45306791002165    1.53611247273608      H 
    6.71268029619976    9.19714535932005   -1.28276946493114      H 
    8.85520351721652    6.63396680312493   -1.20485243168929      H 
    7.92816952268496   -2.04664132872271   -0.88079133429343      H 
    6.55856932542522   -4.91737687184713   -2.00413770507012      H 
    9.92910502888893   -4.40335647184866    2.67667396059999      H 
   10.90485976020136   -5.68058328837355   -0.25508616825767      H 
    8.58530412300014   -7.24979441382586    1.57220614411352      H 
    0.56603170793760   -6.53232189747601    0.43842711077697      H 
   -3.93852206691737   -5.13275016487657   -2.92843636871108      H 
   -2.43748653756701  -10.01312381447623   -0.10022447552407      H 
   -6.94695040985845   -8.68433185057468   -3.48047511380542      H 
   -6.33461739816189  -11.71162227138268   -1.91667774723963      H 
$end
           -------------------------------------------------
          |                Final Singlepoint                |
           -------------------------------------------------

          ...................................................
          :                      SETUP                      :
          :.................................................:
          :  # basis functions                  94          :
          :  # atomic orbitals                  91          :
          :  # shells                           49          :
          :  # electrons                        82          :
          :  max. iterations                   250          :
          :  Hamiltonian                  GFN2-xTB          :
          :  restarted?                      false          :
          :  GBSA solvation                  false          :
          :  PC potential                    false          :
          :  electronic temp.          300.0000000     K    :
          :  accuracy                    1.0000000          :
          :  -> integral cutoff          0.2500000E+02      :
          :  -> integral neglect         0.1000000E-07      :
          :  -> SCF convergence          0.1000000E-05 Eh   :
          :  -> wf. convergence          0.1000000E-03 e    :
          :  Broyden damping             0.4000000          :
          ...................................................

 iter      E             dE          RMSdq      gap      omega  full diag
   1    -44.1499631 -0.441500E+02  0.651E-05    1.99       0.0  T
   2    -44.1499631  0.144809E-10  0.452E-05    1.99     397.5  T
   3    -44.1499631 -0.549676E-10  0.295E-05    1.99     608.8  T

   *** convergence criteria satisfied after 3 iterations ***

         #    Occupation            Energy/Eh            Energy/eV
      -------------------------------------------------------------
         1        2.0000           -0.7351034             -20.0032
       ...           ...                  ...                  ...
        35        2.0000           -0.4385279             -11.9330
        36        2.0000           -0.4317301             -11.7480
        37        2.0000           -0.4264873             -11.6053
        38        2.0000           -0.4088427             -11.1252
        39        2.0000           -0.3769827             -10.2582
        40        2.0000           -0.3607096              -9.8154
        41        2.0000           -0.3548953              -9.6572 (HOMO)
        42                         -0.2818776              -7.6703 (LUMO)
        43                         -0.2231082              -6.0711
        44                         -0.2222936              -6.0489
        45                         -0.2065714              -5.6211
        46                         -0.1963103              -5.3419
       ...                                ...                  ...
        91                          0.6811229              18.5343
      -------------------------------------------------------------
                  HL-Gap            0.0730178 Eh            1.9869 eV
             Fermi-level           -0.3183865 Eh           -8.6637 eV

 SCC (total)                   0 d,  0 h,  0 min,  0.046 sec
 SCC setup                      ...        0 min,  0.000 sec (  0.608%)
 Dispersion                     ...        0 min,  0.000 sec (  0.582%)
 integral evaluation            ...        0 min,  0.016 sec ( 35.215%)
 zeroth order Hamiltonian       ...        0 min,  0.000 sec (  0.526%)
 iterations                     ...        0 min,  0.006 sec ( 13.239%)
 molecular gradient             ...        0 min,  0.022 sec ( 48.830%)
 printout                       ...        0 min,  0.000 sec (  0.893%)

         :::::::::::::::::::::::::::::::::::::::::::::::::::::
         ::                     SUMMARY                     ::
         :::::::::::::::::::::::::::::::::::::::::::::::::::::
         :: total energy             -43.529549944173 Eh    ::
         :: gradient norm              0.000423154471 Eh/a0 ::
         :: HOMO-LUMO gap              1.986915094934 eV    ::
         ::.................................................::
         :: SCC energy               -44.149963099115 Eh    ::
         :: -> isotropic ES            0.006725279655 Eh    ::
         :: -> anisotropic ES          0.002422005775 Eh    ::
         :: -> anisotropic XC          0.028546940718 Eh    ::
         :: -> dispersion             -0.032392272669 Eh    ::
         :: repulsion energy           0.620468431851 Eh    ::
         :: add. restraining           0.000000000000 Eh    ::
         :::::::::::::::::::::::::::::::::::::::::::::::::::::

           -------------------------------------------------
          |                Property Printout                |
           -------------------------------------------------

    * Orbital Energies and Occupations

         #    Occupation            Energy/Eh            Energy/eV
      -------------------------------------------------------------
         1        2.0000           -0.7351034             -20.0032
       ...           ...                  ...                  ...
        29        2.0000           -0.4590533             -12.4915
        30        2.0000           -0.4574945             -12.4491
        31        2.0000           -0.4534322             -12.3385
        32        2.0000           -0.4519466             -12.2981
        33        2.0000           -0.4468261             -12.1588
        34        2.0000           -0.4434409             -12.0666
        35        2.0000           -0.4385279             -11.9330
        36        2.0000           -0.4317301             -11.7480
        37        2.0000           -0.4264873             -11.6053
        38        2.0000           -0.4088427             -11.1252
        39        2.0000           -0.3769827             -10.2582
        40        2.0000           -0.3607096              -9.8154
        41        2.0000           -0.3548953              -9.6572 (HOMO)
        42                         -0.2818776              -7.6703 (LUMO)
        43                         -0.2231082              -6.0711
        44                         -0.2222936              -6.0489
        45                         -0.2065714              -5.6211
        46                         -0.1963103              -5.3419
        47                         -0.1724848              -4.6935
        48                         -0.1479524              -4.0260
        49                         -0.1349427              -3.6720
        50                         -0.1252235              -3.4075
        51                         -0.1122962              -3.0557
        52                         -0.0173380              -0.4718
       ...                                ...                  ...
        91                          0.6811229              18.5343
      -------------------------------------------------------------
                  HL-Gap            0.0730178 Eh            1.9869 eV
             Fermi-level           -0.3183865 Eh           -8.6637 eV

     #   Z        covCN         q      C6AA      α(0)
     1   6 C      2.959    -0.043    29.059     8.842
     2  16 S      2.314    -0.044   142.885    20.119
     3   6 C      3.016     0.022    27.493     8.601
     4   6 C      3.186     0.022    27.055     8.487
     5   6 C      3.156     0.031    27.006     8.497
     6  16 S      2.057    -0.155   147.607    20.448
     7   6 C      3.793     0.001    20.566     6.458
     8   6 C      3.797    -0.102    22.447     6.746
     9  16 S      2.046    -0.194   149.309    20.566
    10   6 C      3.792     0.003    20.533     6.453
    11   6 C      3.791    -0.102    22.453     6.748
    12   6 C      2.926    -0.038    28.936     8.822
    13   6 C      2.903    -0.030    28.742     8.791
    14   6 C      2.894    -0.024    28.605     8.769
    15   6 C      2.842    -0.085    30.113     8.993
    16   1 H      0.927     0.044     2.401     2.423
    17   1 H      0.925     0.043     2.411     2.428
    18   1 H      0.925     0.041     2.432     2.439
    19   1 H      0.925     0.052     2.297     2.370
    20   1 H      0.925     0.045     2.380     2.413
    21   1 H      0.925     0.050     2.316     2.380
    22   1 H      0.925     0.051     2.308     2.376
    23   1 H      0.925     0.039     2.467     2.456
    24   1 H      0.925     0.052     2.300     2.371
    25   1 H      0.925     0.044     2.402     2.424
    26   1 H      0.925     0.049     2.333     2.389
    27   1 H      0.925     0.059     2.205     2.322
    28   1 H      0.925     0.047     2.364     2.404
    29   1 H      0.925     0.039     2.456     2.451
    30   1 H      0.926     0.043     2.415     2.430
    31   1 H      0.926     0.040     2.451     2.448

 Mol. C6AA /au·bohr⁶  :      14866.052849
 Mol. C8AA /au·bohr⁸  :     445827.759117
 Mol. α(0) /au        :        195.864222


Wiberg/Mayer (AO) data.
largest (>0.10) Wiberg bond orders for each atom
          total WBO             WBO to atom ...
     1  C   3.922        C    5 1.554    S    2 1.159    H   16 0.967
     2  S   2.596        C    1 1.159    C    3 1.118
     3  C   3.951        C    4 1.475    C   12 1.174    S    2 1.118
     4  C   3.931        C    3 1.475    C    5 1.217    S    9 1.020
     5  C   3.961        C    1 1.554    C    4 1.217    S    6 1.050
     6  S   2.265        C    5 1.050    C    7 0.978
     7  C   3.980        C    8 1.026    S    6 0.978    H   18 0.976    H   17 0.976
     8  C   3.993        C    7 1.026    H   21 0.986    H   19 0.986    H   20 0.980
     9  S   2.151        C    4 1.020    C   10 0.957
    10  C   3.972        C   11 1.027    H   23 0.979    H   22 0.973    S    9 0.957
    11  C   3.993        C   10 1.027    H   26 0.986    H   24 0.986    H   25 0.979
    12  C   3.989        C   13 1.701    C    3 1.174    H   27 0.952    C   15 0.122
    13  C   3.986        C   12 1.701    C   14 1.154    H   28 0.957
    14  C   3.991        C   15 1.847    C   13 1.154    H   29 0.963
    15  C   3.929        C   14 1.847    H   31 0.979    H   30 0.976    C   12 0.122
    16  H   0.998        C    1 0.967
    17  H   0.998        C    7 0.976
    18  H   0.998        C    7 0.976
    19  H   0.997        C    8 0.986
    20  H   0.997        C    8 0.980
    21  H   0.997        C    8 0.986
    22  H   0.997        C   10 0.973
    23  H   0.998        C   10 0.979
    24  H   0.997        C   11 0.986
    25  H   0.997        C   11 0.979
    26  H   0.997        C   11 0.986
    27  H   0.996        C   12 0.952
    28  H   0.998        C   13 0.957
    29  H   0.998        C   14 0.963
    30  H   0.998        C   15 0.976
    31  H   0.998        C   15 0.979

molecular dipole:
                 x           y           z       tot (Debye)
 q only:        0.225       0.207      -0.522
   full:        0.282       0.640      -0.873       2.843
molecular quadrupole (traceless):
                xx          xy          yy          xz          yz          zz
 q only:        1.868       3.179       6.526      -2.756       0.006      -8.394
  q+dip:        0.089       4.675       9.602      -5.367      -0.303      -9.691
   full:        0.066       3.895       9.157      -6.836      -0.051      -9.223

           -------------------------------------------------
          |                Geometry Summary                 |
           -------------------------------------------------

      molecular mass/u    :      256.4384000
   center of mass at/Å    :        1.2553830      -0.9005107      -0.4198483
  moments of inertia/u·Å² :        0.7982818E+03   0.2118850E+04   0.2816446E+04
rotational constants/cm⁻¹ :        0.2111739E-01   0.7956030E-02   0.5985426E-02

 * 27 selected distances

     #   Z        #   Z                                     value/Å
     1   6 C      2  16 S                                 1.7241561
     2  16 S      3   6 C                                 1.7415554
     3   6 C      4   6 C                                 1.3759303
     1   6 C      5   6 C                                 1.3609130
     4   6 C      5   6 C                                 1.4237088
     5   6 C      6  16 S                                 1.7552430 (max)
     7   6 C      8   6 C                                 1.5165600
    10   6 C     11   6 C                                 1.5146225
     3   6 C     12   6 C                                 1.4263609
    12   6 C     13   6 C                                 1.3449483
    14   6 C     15   6 C                                 1.3322710
     1   6 C     16   1 H                                 1.0704199 (min)
     7   6 C     17   1 H                                 1.0905180
     7   6 C     18   1 H                                 1.0904532
     8   6 C     19   1 H                                 1.0875328
     8   6 C     20   1 H                                 1.0878166
     8   6 C     21   1 H                                 1.0878566
    10   6 C     22   1 H                                 1.0890892
    10   6 C     23   1 H                                 1.0906070
    11   6 C     24   1 H                                 1.0874382
    11   6 C     25   1 H                                 1.0881588
    11   6 C     26   1 H                                 1.0877262
    12   6 C     27   1 H                                 1.0824258
    13   6 C     28   1 H                                 1.0830116
    14   6 C     29   1 H                                 1.0826143
    15   6 C     30   1 H                                 1.0777964
    15   6 C     31   1 H                                 1.0760883

 * 3 distinct bonds (by element types)

   Z      Z             #   av. dist./Å        max./Å        min./Å
   1 H    6 C          16     1.0849721     1.0906070     1.0704199
   6 C    6 C           8     1.4119144     1.5165600     1.3322710
   6 C   16 S           3     1.7403182     1.7552430     1.7241561


optimized geometry written to: xtbopt.xyz


           -------------------------------------------------
          | TOTAL ENERGY              -43.529549944173 Eh   |
          | GRADIENT NORM               0.000423154471 Eh/α |
          | HOMO-LUMO GAP               1.986915094934 eV   |
           -------------------------------------------------

------------------------------------------------------------------------
 * finished run on 2021/05/19 at 10:59:25.160     
------------------------------------------------------------------------
 total:
 * wall-time:     0 d,  0 h,  0 min,  2.667 sec
 *  cpu-time:     0 d,  0 h,  0 min,  2.602 sec
 * ratio c/w:     0.975 speedup
 SCF:
 * wall-time:     0 d,  0 h,  0 min,  0.065 sec
 *  cpu-time:     0 d,  0 h,  0 min,  0.065 sec
 * ratio c/w:     1.000 speedup
 ANC optimizer:
 * wall-time:     0 d,  0 h,  0 min,  2.573 sec
 *  cpu-time:     0 d,  0 h,  0 min,  2.508 sec
 * ratio c/w:     0.975 speedup

