      -----------------------------------------------------------      
     |                   =====================                   |     
     |                           x T B                           |     
     |                   =====================                   |     
     |                         S. Grimme                         |     
     |          Mulliken Center for Theoretical Chemistry        |     
     |                    University of Bonn                     |     
     |                Version 6.2 RC2 (SAW190805)                |     
      -----------------------------------------------------------      

   This program is distributed in the hope that it will be useful,
   but WITHOUT ANY WARRANTY; without even the implied warranty of
   MERCHANTABILITY or FITNESS FOR A PARTICULAR PURPOSE.
   
   FOR NON-COMMERCIAL, ACADEMIA USE ONLY.
   
   Cite this work as:
   * S. Grimme, C. Bannwarth, P. Shushkov, J. Chem. Theory Comput., 2017,
     13, 1989-2009. DOI: 10.1021/acs.jctc.7b00118
   * C. Bannwarth, S. Ehlert and S. Grimme., J. Chem. Theory Comput., 2019,
     15, 1652-1671. DOI: 10.1021/acs.jctc.8b01176
   * P. Pracht, E. Caldeweyher, S. Ehlert, S. Grimme, ChemRxiv, 2019, preprint.
     DOI: 10.26434/chemrxiv.8326202.v1
   
   for DFT-D4:
   * E. Caldeweyher, C. Bannwarth and S. Grimme, J. Chem. Phys., 2017,
     147, 034112. DOI: 10.1063/1.4993215
   * E. Caldeweyher, S. Ehlert, A. Hansen, H. Neugebauer, S. Spicher,
     C. Bannwarth and S. Grimme, J. Chem. Phys., 2019, 150, 154122.
     DOI: 10.1063/1.5090222
   
   for sTDA-xTB:
   * S. Grimme and C. Bannwarth, J. Chem. Phys., 2016, 145, 054103.
     DOI: 10.1063/1.4959605
   
   in the mass-spec context:
   * V. Asgeirsson, C. Bauer and S. Grimme, Chem. Sci., 2017, 8, 4879.
     DOI: 10.1039/c7sc00601b
   
   for metadynamics refer to:
   * S. Grimme, J. Chem. Theory Comput., 2019, 155, 2847-2862
     DOI: 10.1021/acs.jctc.9b00143
   
   with help from (in alphabetical order)
   C. Bannwarth, F. Bohle, G. Brandenburg, E. Caldeweyher, M. Checinski,
   S. Dohm, S. Ehlert, S. Ehrlich, F. März, H. Neugebauer, J. Pisarek,
   P. Pracht, P. Shushkov, and S. Spicher.
   
 * started run on 2021/05/19 at 10:59:33.814     

           -------------------------------------------------
          |                Calculation Setup                |
           -------------------------------------------------

          program call               : /ihome/ghutchison/geoffh/xtb/xtb 275.xyz -opt
          hostname                   : smp-n83
          coordinate file            : 275.xyz
          omp threads                :                     1
          number of atoms            :                    16
          number of electrons        :                    50
          charge                     :                     0
          spin                       :                   0.0
          first test random number   :      0.48413995520766


########################################################################
# WARNING! Please study the warnings concerning your input carefully
#  - the use of '-opt' is discouraged, please use '--opt' next time
########################################################################

           ------------------------------------------------- 
          |                 G F N 2 - x T B                 |
          | Geometry, Frequencies, Noncovalent interactions |
          |            JCTC 2019 parametrisation            |
           ------------------------------------------------- 
             KAB for C  - Si     :                1.0500
             KAB for H  - Pd     :                0.9500
             k(s)              :                1.8500
             k(p)              :                2.2300
             k(d)              :                2.2300
             k(f)              :                2.0000
             kEN (H0ij)        :               -2.0000
             D4 a1             :                0.5200
             D4 a2             :                5.0000
             D4 s6             :                1.0000
             D4 s8             :                2.7000
             D4 s9             :                5.0000
             alphaj            :                2.0000

  Z AO/shell   Hii/eV     exponent
  1     Wed Apr 25 08:07:45 CEST 2018   EN: 2.200 GM2: 0.406  GM3: 0.0800  RAES: 1.40
     1s    -10.707211    1.230000
  6     Wed Apr 25 08:07:45 CEST 2018   EN: 2.550 GM2: 0.538  GM3: 0.1500  RAES: 3.00
     2s    -13.970922    2.096432
     2p    -10.063292    1.800000
  8     Wed Apr 25 08:07:45 CEST 2018   EN: 3.440 GM2: 0.452  GM3:-0.0517  RAES: 1.80
     2s    -20.229985    2.439742
     2p    -15.503117    2.137023
 16     Tue Apr 24 11:44:34 CEST 2018   EN: 2.580 GM2: 0.340  GM3:-0.0502  RAES: 3.10
     3s    -20.029654    1.981333
     3p    -11.377694    2.025643
     3d     -0.420282    1.702555

           ------------------------------------------------- 
          |        Self-Consistent Charge Iterations        |
           ------------------------------------------------- 

          ...................................................
          :                      SETUP                      :
          :.................................................:
          :  # basis functions                  52          :
          :  # atomic orbitals                  51          :
          :  # shells                           27          :
          :  # electrons                        50          :
          :  max. iterations                   250          :
          :  Hamiltonian                  GFN2-xTB          :
          :  restarted?                      false          :
          :  GBSA solvation                  false          :
          :  PC potential                    false          :
          :  electronic temp.          300.0000000     K    :
          :  accuracy                    1.0000000          :
          :  -> integral cutoff          0.2500000E+02      :
          :  -> integral neglect         0.1000000E-07      :
          :  -> SCF convergence          0.1000000E-05 Eh   :
          :  -> wf. convergence          0.1000000E-03 e    :
          :  Broyden damping             0.4000000          :
          ...................................................

 iter      E             dE          RMSdq      gap      omega  full diag
   1    -27.8324330 -0.278324E+02  0.483E+00    2.73       0.0  T
   2    -27.8462978 -0.138647E-01  0.286E+00    2.79       1.0  T
   3    -27.8294658  0.168320E-01  0.144E+00    2.82       1.0  T
   4    -27.8516237 -0.221579E-01  0.378E-01    2.79       1.0  T
   5    -27.8520439 -0.420175E-03  0.142E-01    2.80       1.0  T
   6    -27.8521241 -0.801840E-04  0.813E-02    2.79       1.0  T
   7    -27.8521846 -0.604852E-04  0.209E-02    2.79       1.2  T
   8    -27.8521858 -0.122395E-05  0.130E-02    2.79       1.9  T
   9    -27.8521864 -0.623329E-06  0.562E-03    2.80       4.4  T
  10    -27.8521867 -0.249709E-06  0.157E-03    2.79      15.9  T
  11    -27.8521867 -0.953239E-08  0.862E-04    2.79      29.0  T
  12    -27.8521867 -0.279773E-08  0.347E-04    2.79      72.0  T

   *** convergence criteria satisfied after 12 iterations ***

         #    Occupation            Energy/Eh            Energy/eV
      -------------------------------------------------------------
         1        2.0000           -0.7411904             -20.1688
       ...           ...                  ...                  ...
        19        2.0000           -0.4643289             -12.6350
        20        2.0000           -0.4544062             -12.3650
        21        2.0000           -0.4463138             -12.1448
        22        2.0000           -0.4403011             -11.9812
        23        2.0000           -0.4249602             -11.5638
        24        2.0000           -0.3909478             -10.6382
        25        2.0000           -0.3736206             -10.1667 (HOMO)
        26                         -0.2709114              -7.3719 (LUMO)
        27                         -0.2094007              -5.6981
        28                         -0.2047712              -5.5721
        29                         -0.1769943              -4.8163
        30                         -0.1475794              -4.0158
       ...                                ...                  ...
        51                          0.6867923              18.6886
      -------------------------------------------------------------
                  HL-Gap            0.1027092 Eh            2.7949 eV
             Fermi-level           -0.3222660 Eh           -8.7693 eV

 SCC (total)                   0 d,  0 h,  0 min,  0.024 sec
 SCC setup                      ...        0 min,  0.000 sec (  1.031%)
 Dispersion                     ...        0 min,  0.000 sec (  0.858%)
 integral evaluation            ...        0 min,  0.006 sec ( 23.242%)
 zeroth order Hamiltonian       ...        0 min,  0.000 sec (  0.477%)
 iterations                     ...        0 min,  0.009 sec ( 39.568%)
 molecular gradient             ...        0 min,  0.008 sec ( 33.406%)
 printout                       ...        0 min,  0.000 sec (  1.199%)

         :::::::::::::::::::::::::::::::::::::::::::::::::::::
         ::                     SUMMARY                     ::
         :::::::::::::::::::::::::::::::::::::::::::::::::::::
         :: total energy             -27.453902347485 Eh    ::
         :: gradient norm              0.070641800247 Eh/a0 ::
         :: HOMO-LUMO gap              2.794860104580 eV    ::
         ::.................................................::
         :: SCC energy               -27.852186663390 Eh    ::
         :: -> isotropic ES            0.010061576727 Eh    ::
         :: -> anisotropic ES          0.001314636100 Eh    ::
         :: -> anisotropic XC          0.011572064189 Eh    ::
         :: -> dispersion             -0.015216029391 Eh    ::
         :: repulsion energy           0.398324017731 Eh    ::
         :: add. restraining           0.000000000000 Eh    ::
         :::::::::::::::::::::::::::::::::::::::::::::::::::::

      ----------------------------------------------------------- 
     |                   =====================                   |
     |                        A N C O P T                        |
     |                   =====================                   |
     |               Approximate Normal Coordinate               |
     |                Rational Function Optimizer                |
      ----------------------------------------------------------- 

          ...................................................
          :                      SETUP                      :
          :.................................................:
          :   optimization level            normal          :
          :   max. optcycles                   200          :
          :   ANC micro-cycles                  20          :
          :   degrees of freedom                42          :
          :.................................................:
          :   RF solver                   davidson          :
          :   input Hessian                  false          :
          :   write xtbopt.log                true          :
          :   linear?                        false          :
          :   energy convergence         0.5000000E-05 Eh   :
          :   grad. convergence          0.1000000E-02 Eh/α :
          :   maximium RF displ.         2.0000000          :
          :   Hlow (freq-cutoff)         0.5000000E-02      :
          :   Hmax (freq-cutoff)         5.0000000          :
          :   S6 in model hess.         20.0000000          :
          ...................................................

generating ANC from model Hessian ...
Using Lindh-Hessian (1995)
 Shifting diagonal of input Hessian by   2.314936278115571E-003
 Lowest  eigenvalues of input Hessian
   -0.000000   -0.000000   -0.000000   -0.000000    0.000000    0.000000
    0.005000    0.006738    0.010097    0.015569    0.016537    0.025244
    0.038377    0.046051    0.052307    0.059917    0.068498    0.075140
 Highest eigenvalues
    1.661007    1.839132    1.883690    1.972401    1.982016    2.108197
 

........................................................................
.............................. CYCLE    1 ..............................
........................................................................
   1    -27.8521867 -0.278522E+02  0.163E-04    2.79       0.0  T
   2    -27.8521867 -0.257394E-10  0.986E-05    2.79     253.5  T
   3    -27.8521867  0.109672E-10  0.724E-05    2.79     345.3  T
     SCC iter.                  ...        0 min,  0.003 sec
     gradient                   ...        0 min,  0.008 sec
 * total energy  :   -27.4539024 Eh     change       -0.6340407E-08 Eh
   gradient norm :     0.0706428 Eh/α   predicted     0.0000000E+00 (-100.00%)
   displ. norm   :     0.1627648 α      lambda       -0.4074225E-02
   maximum displ.:     0.1123441 α      in ANC's #2, #7, #15, ...

........................................................................
.............................. CYCLE    2 ..............................
........................................................................
   1    -27.8610410 -0.278610E+02  0.216E-01    2.82       0.0  T
   2    -27.8610820 -0.410054E-04  0.122E-01    2.82       1.0  T
   3    -27.8610575  0.244545E-04  0.649E-02    2.82       1.0  T
   4    -27.8611062 -0.487121E-04  0.190E-02    2.82       1.3  T
   5    -27.8611071 -0.848558E-06  0.112E-02    2.82       2.2  T
   6    -27.8611079 -0.790975E-06  0.334E-03    2.82       7.5  T
   7    -27.8611080 -0.715789E-07  0.123E-03    2.82      20.4  T
     SCC iter.                  ...        0 min,  0.005 sec
     gradient                   ...        0 min,  0.007 sec
 * total energy  :   -27.4566708 Eh     change       -0.2768424E-02 Eh
   gradient norm :     0.0287789 Eh/α   predicted    -0.2091082E-02 ( -24.47%)
   displ. norm   :     0.1483911 α      lambda       -0.1187563E-02
   maximum displ.:     0.1205889 α      in ANC's #2, #7, #12, ...

........................................................................
.............................. CYCLE    3 ..............................
........................................................................
   1    -27.8639501 -0.278640E+02  0.152E-01    2.83       0.0  T
   2    -27.8639710 -0.209325E-04  0.912E-02    2.83       1.0  T
   3    -27.8639567  0.143507E-04  0.514E-02    2.83       1.0  T
   4    -27.8639835 -0.268378E-04  0.118E-02    2.83       2.1  T
   5    -27.8639838 -0.281772E-06  0.574E-03    2.83       4.4  T
   6    -27.8639841 -0.272402E-06  0.264E-03    2.83       9.5  T
     SCC iter.                  ...        0 min,  0.004 sec
     gradient                   ...        0 min,  0.008 sec
 * total energy  :   -27.4573469 Eh     change       -0.6760727E-03 Eh
   gradient norm :     0.0071192 Eh/α   predicted    -0.6068563E-03 ( -10.24%)
   displ. norm   :     0.1528220 α      lambda       -0.2987562E-03
   maximum displ.:     0.1324645 α      in ANC's #2, #1, #4, ...

........................................................................
.............................. CYCLE    4 ..............................
........................................................................
   1    -27.8630935 -0.278631E+02  0.133E-01    2.82       0.0  T
   2    -27.8630993 -0.572171E-05  0.760E-02    2.82       1.0  T
   3    -27.8630874  0.119082E-04  0.336E-02    2.82       1.0  T
   4    -27.8631017 -0.143429E-04  0.853E-03    2.82       2.9  T
   5    -27.8631019 -0.232101E-06  0.406E-03    2.82       6.2  T
   6    -27.8631021 -0.124467E-06  0.158E-03    2.82      15.9  T
   7    -27.8631021 -0.151195E-07  0.507E-04    2.82      49.3  T
     SCC iter.                  ...        0 min,  0.005 sec
     gradient                   ...        0 min,  0.007 sec
 * total energy  :   -27.4574852 Eh     change       -0.1383514E-03 Eh
   gradient norm :     0.0069360 Eh/α   predicted    -0.1528667E-03 (  10.49%)
   displ. norm   :     0.0886948 α      lambda       -0.1429200E-03
   maximum displ.:     0.0748941 α      in ANC's #2, #1, #7, ...

........................................................................
.............................. CYCLE    5 ..............................
........................................................................
   1    -27.8625194 -0.278625E+02  0.949E-02    2.81       0.0  T
   2    -27.8625210 -0.161519E-05  0.525E-02    2.81       1.0  T
   3    -27.8625195  0.157165E-05  0.150E-02    2.81       1.7  T
   4    -27.8625214 -0.192072E-05  0.630E-03    2.81       4.0  T
   5    -27.8625215 -0.136362E-06  0.247E-03    2.81      10.1  T
   6    -27.8625216 -0.495523E-07  0.599E-04    2.81      41.7  T
     SCC iter.                  ...        0 min,  0.004 sec
     gradient                   ...        0 min,  0.008 sec
 * total energy  :   -27.4575907 Eh     change       -0.1055122E-03 Eh
   gradient norm :     0.0051917 Eh/α   predicted    -0.7202167E-04 ( -31.74%)
   displ. norm   :     0.1328480 α      lambda       -0.1233697E-03
   maximum displ.:     0.1108459 α      in ANC's #2, #1, #4, ...

........................................................................
.............................. CYCLE    6 ..............................
........................................................................
   1    -27.8624527 -0.278625E+02  0.139E-01    2.80       0.0  T
   2    -27.8624551 -0.241905E-05  0.774E-02    2.80       1.0  T
   3    -27.8624522  0.291683E-05  0.213E-02    2.80       1.2  T
   4    -27.8624559 -0.366149E-05  0.868E-03    2.80       2.9  T
   5    -27.8624560 -0.148994E-06  0.363E-03    2.80       6.9  T
   6    -27.8624562 -0.138346E-06  0.733E-04    2.80      34.1  T
   7    -27.8624562 -0.285306E-08  0.458E-04    2.80      54.6  T
     SCC iter.                  ...        0 min,  0.005 sec
     gradient                   ...        0 min,  0.007 sec
 * total energy  :   -27.4576821 Eh     change       -0.9134968E-04 Eh
   gradient norm :     0.0038379 Eh/α   predicted    -0.6277296E-04 ( -31.28%)
   displ. norm   :     0.1286401 α      lambda       -0.8072423E-04
   maximum displ.:     0.1047618 α      in ANC's #2, #1, #4, ...

........................................................................
.............................. CYCLE    7 ..............................
........................................................................
   1    -27.8628767 -0.278629E+02  0.131E-01    2.80       0.0  T
   2    -27.8628787 -0.199647E-05  0.713E-02    2.80       1.0  T
   3    -27.8628780  0.656461E-06  0.148E-02    2.80       1.7  T
   4    -27.8628789 -0.898733E-06  0.845E-03    2.80       3.0  T
   5    -27.8628793 -0.357277E-06  0.220E-03    2.80      11.3  T
   6    -27.8628794 -0.590493E-07  0.494E-04    2.80      50.6  T
   7    -27.8628794 -0.720153E-09  0.295E-04    2.80      84.6  T
     SCC iter.                  ...        0 min,  0.005 sec
     gradient                   ...        0 min,  0.008 sec
 * total energy  :   -27.4577473 Eh     change       -0.6526855E-04 Eh
   gradient norm :     0.0039095 Eh/α   predicted    -0.4102811E-04 ( -37.14%)
   displ. norm   :     0.1326227 α      lambda       -0.7027619E-04
   maximum displ.:     0.1059375 α      in ANC's #2, #1, #4, ...

........................................................................
.............................. CYCLE    8 ..............................
........................................................................
   1    -27.8633666 -0.278634E+02  0.131E-01    2.80       0.0  T
   2    -27.8633684 -0.183582E-05  0.725E-02    2.80       1.0  T
   3    -27.8633687 -0.227435E-06  0.110E-02    2.80       2.3  T
   4    -27.8633686  0.570998E-07  0.636E-03    2.80       3.9  T
   5    -27.8633689 -0.330851E-06  0.157E-03    2.80      15.9  T
   6    -27.8633689 -0.231777E-07  0.584E-04    2.80      42.8  T
   7    -27.8633690 -0.158742E-08  0.327E-04    2.80      76.6  T
     SCC iter.                  ...        0 min,  0.005 sec
     gradient                   ...        0 min,  0.008 sec
 * total energy  :   -27.4578025 Eh     change       -0.5514926E-04 Eh
   gradient norm :     0.0030126 Eh/α   predicted    -0.3575494E-04 ( -35.17%)
   displ. norm   :     0.1348598 α      lambda       -0.4865997E-04
   maximum displ.:     0.1081473 α      in ANC's #2, #1, #3, ...

........................................................................
.............................. CYCLE    9 ..............................
........................................................................
   1    -27.8635964 -0.278636E+02  0.125E-01    2.80       0.0  T
   2    -27.8635979 -0.150950E-05  0.700E-02    2.80       1.0  T
   3    -27.8635980 -0.663338E-07  0.106E-02    2.80       2.4  T
   4    -27.8635980 -0.164431E-07  0.644E-03    2.80       3.9  T
   5    -27.8635983 -0.331708E-06  0.177E-03    2.80      14.1  T
   6    -27.8635984 -0.359066E-07  0.459E-04    2.80      54.5  T
   7    -27.8635984 -0.117566E-09  0.300E-04    2.80      83.4  T
     SCC iter.                  ...        0 min,  0.005 sec
     gradient                   ...        0 min,  0.008 sec
 * total energy  :   -27.4578355 Eh     change       -0.3306008E-04 Eh
   gradient norm :     0.0016160 Eh/α   predicted    -0.2477210E-04 ( -25.07%)
   displ. norm   :     0.1256528 α      lambda       -0.1512321E-04
   maximum displ.:     0.1033640 α      in ANC's #2, #1, #3, ...

........................................................................
.............................. CYCLE   10 ..............................
........................................................................
   1    -27.8636330 -0.278636E+02  0.121E-01    2.80       0.0  T
   2    -27.8636344 -0.135507E-05  0.680E-02    2.80       1.0  T
   3    -27.8636341  0.286976E-06  0.120E-02    2.80       2.1  T
   4    -27.8636345 -0.378375E-06  0.738E-03    2.80       3.4  T
   5    -27.8636348 -0.340614E-06  0.183E-03    2.80      13.6  T
   6    -27.8636348 -0.375905E-07  0.507E-04    2.80      49.3  T
   7    -27.8636348 -0.628084E-10  0.302E-04    2.80      82.9  T
     SCC iter.                  ...        0 min,  0.005 sec
     gradient                   ...        0 min,  0.008 sec
 * total energy  :   -27.4578435 Eh     change       -0.7966541E-05 Eh
   gradient norm :     0.0012761 Eh/α   predicted    -0.7612875E-05 (  -4.44%)
   displ. norm   :     0.0141688 α      lambda       -0.4085794E-05
   maximum displ.:     0.0083762 α      in ANC's #1, #6, #5, ...

........................................................................
.............................. CYCLE   11 ..............................
........................................................................
   1    -27.8641762 -0.278642E+02  0.168E-02    2.81       0.0  T
   2    -27.8641763 -0.793587E-07  0.895E-03    2.81       2.8  T
   3    -27.8641762  0.485253E-07  0.301E-03    2.81       8.3  T
   4    -27.8641763 -0.694773E-07  0.119E-03    2.81      21.0  T
   5    -27.8641763 -0.204172E-08  0.618E-04    2.81      40.5  T
   6    -27.8641763 -0.329275E-08  0.130E-04    2.81     192.0  T
     SCC iter.                  ...        0 min,  0.004 sec
     gradient                   ...        0 min,  0.008 sec
 * total energy  :   -27.4578448 Eh     change       -0.1341008E-05 Eh
   gradient norm :     0.0010140 Eh/α   predicted    -0.2043099E-05 (  52.36%)
   displ. norm   :     0.0113146 α      lambda       -0.1501207E-05
   maximum displ.:     0.0068932 α      in ANC's #1, #2, #5, ...

........................................................................
.............................. CYCLE   12 ..............................
........................................................................
   1    -27.8639112 -0.278639E+02  0.838E-03    2.80       0.0  T
   2    -27.8639112 -0.171066E-07  0.500E-03    2.80       5.0  T
   3    -27.8639112  0.391085E-07  0.186E-03    2.80      13.5  T
   4    -27.8639112 -0.458429E-07  0.367E-04    2.80      68.1  T
   5    -27.8639112 -0.997950E-09  0.193E-04    2.80     129.3  T
     SCC iter.                  ...        0 min,  0.004 sec
     gradient                   ...        0 min,  0.008 sec
 * total energy  :   -27.4578460 Eh     change       -0.1122503E-05 Eh
   gradient norm :     0.0002203 Eh/α   predicted    -0.7493775E-06 ( -33.24%)
   displ. norm   :     0.0049617 α      lambda       -0.1812900E-06
   maximum displ.:     0.0042280 α      in ANC's #2, #4, #1, ...

   *** GEOMETRY OPTIMIZATION CONVERGED AFTER 12 ITERATIONS ***

------------------------------------------------------------------------
 total energy gain   :        -0.0039436 Eh       -2.4747 kcal/mol
 total RMSD          :         0.2777961 a0        0.1470 Å
 total power (kW/mol):        -0.8628320 (step)  -46.6416 (real)
------------------------------------------------------------------------

 ANCopt (total)                0 d,  0 h,  0 min,  0.222 sec
 optimizer setup                ...        0 min,  0.000 sec (  0.053%)
 model hessian                  ...        0 min,  0.001 sec (  0.525%)
 ANC generation                 ...        0 min,  0.000 sec (  0.181%)
 coordinate transformation      ...        0 min,  0.000 sec (  0.069%)
 single point calculation       ...        0 min,  0.216 sec ( 97.414%)
 optimization log               ...        0 min,  0.001 sec (  0.415%)
 hessian update                 ...        0 min,  0.000 sec (  0.058%)
 rational function              ...        0 min,  0.002 sec (  0.934%)

================
 final structure:
================
$coord
   -4.38312178281450    1.02118997199480   -0.21659595392756      C 
   -3.58305821795461   -1.40316827490501   -0.39401353026334      O 
   -1.05482898129773   -1.32994763412236   -0.12371080314562      C 
    0.90118245919728   -3.12208265775353   -0.11592054027254      C 
    3.20561141818546   -1.98725948555944    0.24441303220645      C 
    2.97464091953593    1.31572714426596    0.57905760457882      S 
   -0.25295508360850    1.15352052949560    0.22749205062617      C 
   -2.44497813384578    2.67613196444484    0.16389148410097      C 
    5.61450070919070   -3.23532192252501    0.35401597088237      C 
    7.82193550034860   -2.08657628168008    0.70665576411382      C 
   -6.37718725900052    1.33242897068669   -0.39093143564986      H 
    0.65070220602970   -5.12140989923080   -0.35796358699245      H 
   -2.57286541043274    4.68343779826265    0.36684683384856      H 
    5.52912025766475   -5.26612245214456    0.11984211133727      H 
    7.94101587203941   -0.06754391851920    0.94330081022397      H 
    9.56805054712646   -3.12411707968480    0.76987756946075      H 
$end
           -------------------------------------------------
          |                Final Singlepoint                |
           -------------------------------------------------

          ...................................................
          :                      SETUP                      :
          :.................................................:
          :  # basis functions                  52          :
          :  # atomic orbitals                  51          :
          :  # shells                           27          :
          :  # electrons                        50          :
          :  max. iterations                   250          :
          :  Hamiltonian                  GFN2-xTB          :
          :  restarted?                      false          :
          :  GBSA solvation                  false          :
          :  PC potential                    false          :
          :  electronic temp.          300.0000000     K    :
          :  accuracy                    1.0000000          :
          :  -> integral cutoff          0.2500000E+02      :
          :  -> integral neglect         0.1000000E-07      :
          :  -> SCF convergence          0.1000000E-05 Eh   :
          :  -> wf. convergence          0.1000000E-03 e    :
          :  Broyden damping             0.4000000          :
          ...................................................

 iter      E             dE          RMSdq      gap      omega  full diag
   1    -27.8639112 -0.278639E+02  0.910E-05    2.80       0.0  T
   2    -27.8639112 -0.764544E-11  0.468E-05    2.80     534.1  T
   3    -27.8639112 -0.890310E-11  0.352E-05    2.80     710.4  T

   *** convergence criteria satisfied after 3 iterations ***

         #    Occupation            Energy/Eh            Energy/eV
      -------------------------------------------------------------
         1        2.0000           -0.7439108             -20.2428
       ...           ...                  ...                  ...
        19        2.0000           -0.4628151             -12.5938
        20        2.0000           -0.4537068             -12.3460
        21        2.0000           -0.4464544             -12.1486
        22        2.0000           -0.4389781             -11.9452
        23        2.0000           -0.4261845             -11.5971
        24        2.0000           -0.3894270             -10.5968
        25        2.0000           -0.3729301             -10.1479 (HOMO)
        26                         -0.2699099              -7.3446 (LUMO)
        27                         -0.2064300              -5.6172
        28                         -0.2029191              -5.5217
        29                         -0.1762604              -4.7963
        30                         -0.1453399              -3.9549
       ...                                ...                  ...
        51                          0.6932542              18.8644
      -------------------------------------------------------------
                  HL-Gap            0.1030203 Eh            2.8033 eV
             Fermi-level           -0.3214200 Eh           -8.7463 eV

 SCC (total)                   0 d,  0 h,  0 min,  0.016 sec
 SCC setup                      ...        0 min,  0.000 sec (  0.873%)
 Dispersion                     ...        0 min,  0.000 sec (  0.646%)
 integral evaluation            ...        0 min,  0.005 sec ( 31.797%)
 zeroth order Hamiltonian       ...        0 min,  0.000 sec (  0.556%)
 iterations                     ...        0 min,  0.003 sec ( 15.731%)
 molecular gradient             ...        0 min,  0.008 sec ( 48.528%)
 printout                       ...        0 min,  0.000 sec (  1.599%)

         :::::::::::::::::::::::::::::::::::::::::::::::::::::
         ::                     SUMMARY                     ::
         :::::::::::::::::::::::::::::::::::::::::::::::::::::
         :: total energy             -27.457845973500 Eh    ::
         :: gradient norm              0.000219830689 Eh/a0 ::
         :: HOMO-LUMO gap              2.803324117775 eV    ::
         ::.................................................::
         :: SCC energy               -27.863911229835 Eh    ::
         :: -> isotropic ES            0.009288179820 Eh    ::
         :: -> anisotropic ES          0.001328883655 Eh    ::
         :: -> anisotropic XC          0.010723911398 Eh    ::
         :: -> dispersion             -0.015304861170 Eh    ::
         :: repulsion energy           0.406104689353 Eh    ::
         :: add. restraining           0.000000000000 Eh    ::
         :::::::::::::::::::::::::::::::::::::::::::::::::::::

           -------------------------------------------------
          |                Property Printout                |
           -------------------------------------------------

    * Orbital Energies and Occupations

         #    Occupation            Energy/Eh            Energy/eV
      -------------------------------------------------------------
         1        2.0000           -0.7439108             -20.2428
       ...           ...                  ...                  ...
        13        2.0000           -0.5165385             -14.0557
        14        2.0000           -0.5119246             -13.9302
        15        2.0000           -0.4891644             -13.3108
        16        2.0000           -0.4851033             -13.2003
        17        2.0000           -0.4786648             -13.0251
        18        2.0000           -0.4724461             -12.8559
        19        2.0000           -0.4628151             -12.5938
        20        2.0000           -0.4537068             -12.3460
        21        2.0000           -0.4464544             -12.1486
        22        2.0000           -0.4389781             -11.9452
        23        2.0000           -0.4261845             -11.5971
        24        2.0000           -0.3894270             -10.5968
        25        2.0000           -0.3729301             -10.1479 (HOMO)
        26                         -0.2699099              -7.3446 (LUMO)
        27                         -0.2064300              -5.6172
        28                         -0.2029191              -5.5217
        29                         -0.1762604              -4.7963
        30                         -0.1453399              -3.9549
        31                         -0.1326436              -3.6094
        32                         -0.0136286              -0.3709
        33                          0.0329321               0.8961
        34                          0.0407552               1.1090
        35                          0.0486489               1.3238
        36                          0.1198540               3.2614
       ...                                ...                  ...
        51                          0.6932542              18.8644
      -------------------------------------------------------------
                  HL-Gap            0.1030203 Eh            2.8033 eV
             Fermi-level           -0.3214200 Eh           -8.7463 eV

     #   Z        covCN         q      C6AA      α(0)
     1   6 C      3.102     0.072    26.277     8.400
     2   8 O      1.722    -0.190    17.179     5.596
     3   6 C      3.325     0.108    23.544     7.711
     4   6 C      3.041    -0.071    29.732     8.943
     5   6 C      3.008     0.024    27.458     8.596
     6  16 S      2.258    -0.049   143.090    20.133
     7   6 C      3.122    -0.001    27.876     8.646
     8   6 C      2.988    -0.069    29.698     8.939
     9   6 C      2.916    -0.030    28.739     8.791
    10   6 C      2.841    -0.086    30.138     8.997
    11   1 H      0.926     0.054     2.264     2.353
    12   1 H      0.926     0.050     2.319     2.382
    13   1 H      0.927     0.048     2.344     2.394
    14   1 H      0.925     0.044     2.401     2.423
    15   1 H      0.926     0.051     2.302     2.373
    16   1 H      0.926     0.045     2.389     2.417

 Mol. C6AA /au·bohr⁶  :       4547.272031
 Mol. C8AA /au·bohr⁸  :     130301.984431
 Mol. α(0) /au        :        109.094343


Wiberg/Mayer (AO) data.
largest (>0.10) Wiberg bond orders for each atom
          total WBO             WBO to atom ...
     1  C   3.888        C    8 1.607    O    2 1.117    H   11 0.966
     2  O   2.420        C    1 1.117    C    3 1.094
     3  C   3.916        C    7 1.354    C    4 1.257    O    2 1.094
     4  C   3.982        C    5 1.532    C    3 1.257    H   12 0.962
     5  C   3.952        C    4 1.532    C    9 1.140    S    6 1.104
     6  S   2.540        C    7 1.131    C    5 1.104
     7  C   3.947        C    3 1.354    C    8 1.265    S    6 1.131
     8  C   3.980        C    1 1.607    C    7 1.265    H   13 0.973
     9  C   3.991        C   10 1.862    C    5 1.140    H   14 0.958
    10  C   3.968        C    9 1.862    H   16 0.978    H   15 0.971
    11  H   0.996        C    1 0.966
    12  H   0.997        C    4 0.962
    13  H   0.997        C    8 0.973
    14  H   0.998        C    9 0.958
    15  H   0.997        C   10 0.971
    16  H   0.997        C   10 0.978

molecular dipole:
                 x           y           z       tot (Debye)
 q only:        0.089       0.066       0.016
   full:       -0.173      -0.155      -0.035       0.597
molecular quadrupole (traceless):
                xx          xy          yy          xz          yz          zz
 q only:        2.353      -4.084       0.424       0.106      -0.060      -2.777
  q+dip:        2.679      -4.967       2.422       0.235       0.285      -5.101
   full:        1.613      -5.468       1.447      -0.147      -0.106      -3.060

           -------------------------------------------------
          |                Geometry Summary                 |
           -------------------------------------------------

      molecular mass/u    :      150.1948000
   center of mass at/Å    :        0.5844656      -0.2497679       0.1008346
  moments of inertia/u·Å² :        0.1417502E+03   0.6265624E+03   0.7683122E+03
rotational constants/cm⁻¹ :        0.1189250E+00   0.2690495E-01   0.2194112E-01

 * 15 selected distances

     #   Z        #   Z                                     value/Å
     1   6 C      2   8 O                                 1.3542277
     2   8 O      3   6 C                                 1.3460638
     3   6 C      4   6 C                                 1.4038455
     4   6 C      5   6 C                                 1.3726063
     3   6 C      7   6 C                                 1.3934514
     6  16 S      7   6 C                                 1.7202156 (max)
     1   6 C      8   6 C                                 1.3635949
     7   6 C      8   6 C                                 1.4127502
     9   6 C     10   6 C                                 1.3299878
     1   6 C     11   1 H                                 1.0719673
     4   6 C     12   1 H                                 1.0739345
     8   6 C     13   1 H                                 1.0697790 (min)
     9   6 C     14   1 H                                 1.0827176
    10   6 C     15   1 H                                 1.0775838
    10   6 C     16   1 H                                 1.0753379

 * 4 distinct bonds (by element types)

   Z      Z             #   av. dist./Å        max./Å        min./Å
   1 H    6 C           6     1.0752200     1.0827176     1.0697790
   6 C    6 C           6     1.3793727     1.4127502     1.3299878
   6 C    8 O           2     1.3501458     1.3542277     1.3460638
   6 C   16 S           1     1.7202156     1.7202156     1.7202156


optimized geometry written to: xtbopt.xyz


           -------------------------------------------------
          | TOTAL ENERGY              -27.457845973500 Eh   |
          | GRADIENT NORM               0.000219830689 Eh/α |
          | HOMO-LUMO GAP               2.803324117775 eV   |
           -------------------------------------------------

------------------------------------------------------------------------
 * finished run on 2021/05/19 at 10:59:34.095     
------------------------------------------------------------------------
 total:
 * wall-time:     0 d,  0 h,  0 min,  0.281 sec
 *  cpu-time:     0 d,  0 h,  0 min,  0.279 sec
 * ratio c/w:     0.995 speedup
 SCF:
 * wall-time:     0 d,  0 h,  0 min,  0.024 sec
 *  cpu-time:     0 d,  0 h,  0 min,  0.024 sec
 * ratio c/w:     1.000 speedup
 ANC optimizer:
 * wall-time:     0 d,  0 h,  0 min,  0.239 sec
 *  cpu-time:     0 d,  0 h,  0 min,  0.239 sec
 * ratio c/w:     1.000 speedup

