      -----------------------------------------------------------      
     |                   =====================                   |     
     |                           x T B                           |     
     |                   =====================                   |     
     |                         S. Grimme                         |     
     |          Mulliken Center for Theoretical Chemistry        |     
     |                    University of Bonn                     |     
     |                Version 6.2 RC2 (SAW190805)                |     
      -----------------------------------------------------------      

   This program is distributed in the hope that it will be useful,
   but WITHOUT ANY WARRANTY; without even the implied warranty of
   MERCHANTABILITY or FITNESS FOR A PARTICULAR PURPOSE.
   
   FOR NON-COMMERCIAL, ACADEMIA USE ONLY.
   
   Cite this work as:
   * S. Grimme, C. Bannwarth, P. Shushkov, J. Chem. Theory Comput., 2017,
     13, 1989-2009. DOI: 10.1021/acs.jctc.7b00118
   * C. Bannwarth, S. Ehlert and S. Grimme., J. Chem. Theory Comput., 2019,
     15, 1652-1671. DOI: 10.1021/acs.jctc.8b01176
   * P. Pracht, E. Caldeweyher, S. Ehlert, S. Grimme, ChemRxiv, 2019, preprint.
     DOI: 10.26434/chemrxiv.8326202.v1
   
   for DFT-D4:
   * E. Caldeweyher, C. Bannwarth and S. Grimme, J. Chem. Phys., 2017,
     147, 034112. DOI: 10.1063/1.4993215
   * E. Caldeweyher, S. Ehlert, A. Hansen, H. Neugebauer, S. Spicher,
     C. Bannwarth and S. Grimme, J. Chem. Phys., 2019, 150, 154122.
     DOI: 10.1063/1.5090222
   
   for sTDA-xTB:
   * S. Grimme and C. Bannwarth, J. Chem. Phys., 2016, 145, 054103.
     DOI: 10.1063/1.4959605
   
   in the mass-spec context:
   * V. Asgeirsson, C. Bauer and S. Grimme, Chem. Sci., 2017, 8, 4879.
     DOI: 10.1039/c7sc00601b
   
   for metadynamics refer to:
   * S. Grimme, J. Chem. Theory Comput., 2019, 155, 2847-2862
     DOI: 10.1021/acs.jctc.9b00143
   
   with help from (in alphabetical order)
   C. Bannwarth, F. Bohle, G. Brandenburg, E. Caldeweyher, M. Checinski,
   S. Dohm, S. Ehlert, S. Ehrlich, F. März, H. Neugebauer, J. Pisarek,
   P. Pracht, P. Shushkov, and S. Spicher.
   
 * started run on 2021/05/19 at 10:58:20.159     

           -------------------------------------------------
          |                Calculation Setup                |
           -------------------------------------------------

          program call               : /ihome/ghutchison/geoffh/xtb/xtb 32.xyz -opt
          hostname                   : smp-n58
          coordinate file            : 32.xyz
          omp threads                :                     1
          number of atoms            :                    35
          number of electrons        :                   108
          charge                     :                     0
          spin                       :                   0.0
          first test random number   :      0.20745499601293


########################################################################
# WARNING! Please study the warnings concerning your input carefully
#  - the use of '-opt' is discouraged, please use '--opt' next time
########################################################################

           ------------------------------------------------- 
          |                 G F N 2 - x T B                 |
          | Geometry, Frequencies, Noncovalent interactions |
          |            JCTC 2019 parametrisation            |
           ------------------------------------------------- 
             KAB for C  - Si     :                1.0500
             KAB for H  - Pd     :                0.9500
             k(s)              :                1.8500
             k(p)              :                2.2300
             k(d)              :                2.2300
             k(f)              :                2.0000
             kEN (H0ij)        :               -2.0000
             D4 a1             :                0.5200
             D4 a2             :                5.0000
             D4 s6             :                1.0000
             D4 s8             :                2.7000
             D4 s9             :                5.0000
             alphaj            :                2.0000

  Z AO/shell   Hii/eV     exponent
  1     Wed Apr 25 08:07:45 CEST 2018   EN: 2.200 GM2: 0.406  GM3: 0.0800  RAES: 1.40
     1s    -10.707211    1.230000
  6     Wed Apr 25 08:07:45 CEST 2018   EN: 2.550 GM2: 0.538  GM3: 0.1500  RAES: 3.00
     2s    -13.970922    2.096432
     2p    -10.063292    1.800000
  8     Wed Apr 25 08:07:45 CEST 2018   EN: 3.440 GM2: 0.452  GM3:-0.0517  RAES: 1.80
     2s    -20.229985    2.439742
     2p    -15.503117    2.137023

           ------------------------------------------------- 
          |        Self-Consistent Charge Iterations        |
           ------------------------------------------------- 

          ...................................................
          :                      SETUP                      :
          :.................................................:
          :  # basis functions                  98          :
          :  # atomic orbitals                  98          :
          :  # shells                           56          :
          :  # electrons                       108          :
          :  max. iterations                   250          :
          :  Hamiltonian                  GFN2-xTB          :
          :  restarted?                      false          :
          :  GBSA solvation                  false          :
          :  PC potential                    false          :
          :  electronic temp.          300.0000000     K    :
          :  accuracy                    1.0000000          :
          :  -> integral cutoff          0.2500000E+02      :
          :  -> integral neglect         0.1000000E-07      :
          :  -> SCF convergence          0.1000000E-05 Eh   :
          :  -> wf. convergence          0.1000000E-03 e    :
          :  Broyden damping             0.4000000          :
          ...................................................

 iter      E             dE          RMSdq      gap      omega  full diag
   1    -62.2851901 -0.622852E+02  0.518E+00    3.23       0.0  T
   2    -62.3335100 -0.483199E-01  0.293E+00    3.00       1.0  T
   3    -62.3020334  0.314765E-01  0.126E+00    2.98       1.0  T
   4    -62.3374992 -0.354658E-01  0.460E-01    2.85       1.0  T
   5    -62.3416600 -0.416079E-02  0.947E-02    2.96       1.0  T
   6    -62.3417416 -0.815662E-04  0.539E-02    2.97       1.0  T
   7    -62.3417629 -0.213182E-04  0.222E-02    2.98       1.0  T
   8    -62.3417630 -0.119957E-06  0.133E-02    2.97       1.3  T
   9    -62.3417675 -0.448034E-05  0.308E-03    2.97       5.5  T
  10    -62.3417676 -0.116231E-06  0.160E-03    2.97      10.6  T
  11    -62.3417676 -0.432767E-07  0.523E-04    2.98      32.3  T
  12    -62.3417676 -0.136610E-08  0.352E-04    2.98      48.1  T

   *** convergence criteria satisfied after 12 iterations ***

         #    Occupation            Energy/Eh            Energy/eV
      -------------------------------------------------------------
         1        2.0000           -0.7411418             -20.1675
       ...           ...                  ...                  ...
        48        2.0000           -0.4278940             -11.6436
        49        2.0000           -0.4150620             -11.2944
        50        2.0000           -0.4067720             -11.0688
        51        2.0000           -0.4016166             -10.9285
        52        2.0000           -0.3957929             -10.7701
        53        2.0000           -0.3920689             -10.6687
        54        2.0000           -0.3845331             -10.4637 (HOMO)
        55                         -0.2752008              -7.4886 (LUMO)
        56                         -0.2571348              -6.9970
        57                         -0.2375499              -6.4641
        58                         -0.2257967              -6.1442
        59                         -0.2180676              -5.9339
       ...                                ...                  ...
        98                          0.6187951              16.8383
      -------------------------------------------------------------
                  HL-Gap            0.1093322 Eh            2.9751 eV
             Fermi-level           -0.3298669 Eh           -8.9761 eV

 SCC (total)                   0 d,  0 h,  0 min,  0.063 sec
 SCC setup                      ...        0 min,  0.000 sec (  0.602%)
 Dispersion                     ...        0 min,  0.001 sec (  0.971%)
 integral evaluation            ...        0 min,  0.017 sec ( 27.457%)
 zeroth order Hamiltonian       ...        0 min,  0.000 sec (  0.458%)
 iterations                     ...        0 min,  0.022 sec ( 34.554%)
 molecular gradient             ...        0 min,  0.022 sec ( 35.151%)
 printout                       ...        0 min,  0.000 sec (  0.732%)

         :::::::::::::::::::::::::::::::::::::::::::::::::::::
         ::                     SUMMARY                     ::
         :::::::::::::::::::::::::::::::::::::::::::::::::::::
         :: total energy             -61.554765546907 Eh    ::
         :: gradient norm              0.062841651721 Eh/a0 ::
         :: HOMO-LUMO gap              2.975081510533 eV    ::
         ::.................................................::
         :: SCC energy               -62.341767634475 Eh    ::
         :: -> isotropic ES            0.066780022679 Eh    ::
         :: -> anisotropic ES          0.005427304659 Eh    ::
         :: -> anisotropic XC          0.015861690733 Eh    ::
         :: -> dispersion             -0.035299826025 Eh    ::
         :: repulsion energy           0.786709372397 Eh    ::
         :: add. restraining           0.000000000000 Eh    ::
         :::::::::::::::::::::::::::::::::::::::::::::::::::::

      ----------------------------------------------------------- 
     |                   =====================                   |
     |                        A N C O P T                        |
     |                   =====================                   |
     |               Approximate Normal Coordinate               |
     |                Rational Function Optimizer                |
      ----------------------------------------------------------- 

          ...................................................
          :                      SETUP                      :
          :.................................................:
          :   optimization level            normal          :
          :   max. optcycles                   200          :
          :   ANC micro-cycles                  20          :
          :   degrees of freedom                99          :
          :.................................................:
          :   RF solver                   davidson          :
          :   input Hessian                  false          :
          :   write xtbopt.log                true          :
          :   linear?                        false          :
          :   energy convergence         0.5000000E-05 Eh   :
          :   grad. convergence          0.1000000E-02 Eh/α :
          :   maximium RF displ.         2.0000000          :
          :   Hlow (freq-cutoff)         0.5000000E-02      :
          :   Hmax (freq-cutoff)         5.0000000          :
          :   S6 in model hess.         20.0000000          :
          ...................................................

generating ANC from model Hessian ...
Using Lindh-Hessian (1995)
 Shifting diagonal of input Hessian by   4.483666389803075E-003
 Lowest  eigenvalues of input Hessian
   -0.000000   -0.000000   -0.000000    0.000000    0.000000    0.000000
    0.005000    0.005954    0.006484    0.007042    0.008512    0.009294
    0.010106    0.010285    0.010931    0.011960    0.013075    0.014841
 Highest eigenvalues
    1.986545    2.022159    2.057049    2.103337    2.138289    2.157611
 

........................................................................
.............................. CYCLE    1 ..............................
........................................................................
   1    -62.3417676 -0.623418E+02  0.103E-04    2.98       0.0  T
   2    -62.3417676 -0.318181E-10  0.698E-05    2.98     242.0  T
   3    -62.3417676 -0.340137E-10  0.477E-05    2.98     354.4  T
     SCC iter.                  ...        0 min,  0.007 sec
     gradient                   ...        0 min,  0.023 sec
 * total energy  :   -61.5547655 Eh     change        0.7135426E-07 Eh
   gradient norm :     0.0628405 Eh/α   predicted     0.0000000E+00 (-100.00%)
   displ. norm   :     0.3505838 α      lambda       -0.1157976E-01
   maximum displ.:     0.1534127 α      in ANC's #12, #34, #10, ...

........................................................................
.............................. CYCLE    2 ..............................
........................................................................
   1    -62.3728226 -0.623728E+02  0.254E-01    3.04       0.0  T
   2    -62.3728502 -0.276189E-04  0.155E-01    3.02       1.0  T
   3    -62.3727238  0.126457E-03  0.698E-02    3.03       1.0  T
   4    -62.3728697 -0.145941E-03  0.110E-02    3.02       1.5  T
   5    -62.3728726 -0.287171E-05  0.475E-03    3.02       3.6  T
   6    -62.3728729 -0.315445E-06  0.246E-03    3.02       6.9  T
     SCC iter.                  ...        0 min,  0.010 sec
     gradient                   ...        0 min,  0.020 sec
 * total energy  :   -61.5624545 Eh     change       -0.7689021E-02 Eh
   gradient norm :     0.0232157 Eh/α   predicted    -0.6501512E-02 ( -15.44%)
   displ. norm   :     0.3465037 α      lambda       -0.3150486E-02
   maximum displ.:     0.1966476 α      in ANC's #12, #13, #10, ...

........................................................................
.............................. CYCLE    3 ..............................
........................................................................
   1    -62.3840507 -0.623841E+02  0.168E-01    3.01       0.0  T
   2    -62.3840707 -0.199547E-04  0.102E-01    2.99       1.0  T
   3    -62.3840035  0.671615E-04  0.626E-02    3.00       1.0  T
   4    -62.3840896 -0.860716E-04  0.791E-03    2.99       2.1  T
   5    -62.3840911 -0.153085E-05  0.334E-03    2.99       5.1  T
   6    -62.3840913 -0.199445E-06  0.196E-03    2.99       8.6  T
     SCC iter.                  ...        0 min,  0.011 sec
     gradient                   ...        0 min,  0.021 sec
 * total energy  :   -61.5643581 Eh     change       -0.1903571E-02 Eh
   gradient norm :     0.0132998 Eh/α   predicted    -0.1764390E-02 (  -7.31%)
   displ. norm   :     0.2201425 α      lambda       -0.7086274E-03
   maximum displ.:     0.1167044 α      in ANC's #12, #13, #5, ...

........................................................................
.............................. CYCLE    4 ..............................
........................................................................
   1    -62.3840804 -0.623841E+02  0.116E-01    2.93       0.0  T
   2    -62.3840880 -0.765091E-05  0.697E-02    2.92       1.0  T
   3    -62.3840565  0.315012E-04  0.374E-02    2.93       1.0  T
   4    -62.3840932 -0.366449E-04  0.485E-03    2.92       3.5  T
   5    -62.3840936 -0.440672E-06  0.220E-03    2.92       7.7  T
   6    -62.3840936 -0.506820E-07  0.143E-03    2.92      11.8  T
     SCC iter.                  ...        0 min,  0.010 sec
     gradient                   ...        0 min,  0.020 sec
 * total energy  :   -61.5649154 Eh     change       -0.5572898E-03 Eh
   gradient norm :     0.0101918 Eh/α   predicted    -0.3714849E-03 ( -33.34%)
   displ. norm   :     0.4395078 α      lambda       -0.1095406E-02
   maximum displ.:     0.2124343 α      in ANC's #12, #5, #13, ...

........................................................................
.............................. CYCLE    5 ..............................
........................................................................
   1    -62.3812883 -0.623813E+02  0.247E-01    2.80       0.0  T
   2    -62.3813134 -0.250566E-04  0.149E-01    2.80       1.0  T
   3    -62.3812340  0.793707E-04  0.551E-02    2.80       1.0  T
   4    -62.3813231 -0.890686E-04  0.104E-02    2.80       1.6  T
   5    -62.3813251 -0.204203E-05  0.495E-03    2.80       3.4  T
   6    -62.3813253 -0.228382E-06  0.292E-03    2.80       5.8  T
   7    -62.3813254 -0.687007E-07  0.698E-04    2.80      24.2  T
     SCC iter.                  ...        0 min,  0.014 sec
     gradient                   ...        0 min,  0.022 sec
 * total energy  :   -61.5657273 Eh     change       -0.8119242E-03 Eh
   gradient norm :     0.0132062 Eh/α   predicted    -0.6535063E-03 ( -19.51%)
   displ. norm   :     0.5114498 α      lambda       -0.1185597E-02
   maximum displ.:     0.2564496 α      in ANC's #5, #12, #13, ...

........................................................................
.............................. CYCLE    6 ..............................
........................................................................
   1    -62.3771539 -0.623772E+02  0.312E-01    2.67       0.0  T
   2    -62.3771870 -0.330488E-04  0.189E-01    2.67       1.0  T
   3    -62.3769304  0.256584E-03  0.986E-02    2.67       1.0  T
   4    -62.3772231 -0.292749E-03  0.111E-02    2.68       1.5  T
   5    -62.3772243 -0.111878E-05  0.696E-03    2.68       2.4  T
   6    -62.3772248 -0.576140E-06  0.356E-03    2.68       4.8  T
   7    -62.3772249 -0.619365E-07  0.115E-03    2.68      14.6  T
   8    -62.3772249 -0.414936E-07  0.381E-04    2.68      44.4  T
     SCC iter.                  ...        0 min,  0.015 sec
     gradient                   ...        0 min,  0.019 sec
 * total energy  :   -61.5666595 Eh     change       -0.9322624E-03 Eh
   gradient norm :     0.0208236 Eh/α   predicted    -0.7478647E-03 ( -19.78%)
   displ. norm   :     0.5546753 α      lambda       -0.1744205E-02
   maximum displ.:     0.3111661 α      in ANC's #5, #13, #12, ...

........................................................................
.............................. CYCLE    7 ..............................
........................................................................
   1    -62.3765045 -0.623765E+02  0.369E-01    2.55       0.0  T
   2    -62.3765560 -0.514888E-04  0.227E-01    2.58       1.0  T
   3    -62.3760480  0.508070E-03  0.157E-01    2.57       1.0  T
   4    -62.3766840 -0.636027E-03  0.135E-02    2.59       1.3  T
   5    -62.3766854 -0.142156E-05  0.879E-03    2.59       1.9  T
   6    -62.3766865 -0.104606E-05  0.396E-03    2.58       4.3  T
   7    -62.3766865 -0.332406E-07  0.164E-03    2.58      10.3  T
     SCC iter.                  ...        0 min,  0.013 sec
     gradient                   ...        0 min,  0.022 sec
 * total energy  :   -61.5682148 Eh     change       -0.1555219E-02 Eh
   gradient norm :     0.0234711 Eh/α   predicted    -0.1140438E-02 ( -26.67%)
   displ. norm   :     0.5878983 α      lambda       -0.3249476E-02
   maximum displ.:     0.3285753 α      in ANC's #5, #13, #1, ...

........................................................................
.............................. CYCLE    8 ..............................
........................................................................
   1    -62.3877370 -0.623877E+02  0.469E-01    2.48       0.0  T
   2    -62.3878531 -0.116137E-03  0.294E-01    2.53       1.0  T
   3    -62.3872110  0.642082E-03  0.217E-01    2.53       1.0  T
   4    -62.3882064 -0.995406E-03  0.172E-02    2.55       1.0  T
   5    -62.3882090 -0.260566E-05  0.105E-02    2.55       1.6  T
   6    -62.3882108 -0.182540E-05  0.462E-03    2.54       3.7  T
   7    -62.3882109 -0.260384E-07  0.194E-03    2.54       8.7  T
     SCC iter.                  ...        0 min,  0.012 sec
     gradient                   ...        0 min,  0.021 sec
 * total energy  :   -61.5705519 Eh     change       -0.2337121E-02 Eh
   gradient norm :     0.0184559 Eh/α   predicted    -0.2186292E-02 (  -6.45%)
   displ. norm   :     0.7986037 α      lambda       -0.3023968E-02
   maximum displ.:     0.4037383 α      in ANC's #5, #13, #12, ...

........................................................................
.............................. CYCLE    9 ..............................
........................................................................
   1    -62.3728123 -0.623728E+02  0.584E-01    2.46       0.0  T
   2    -62.3729712 -0.158956E-03  0.364E-01    2.50       1.0  T
   3    -62.3719767  0.994515E-03  0.271E-01    2.51       1.0  T
   4    -62.3735491 -0.157234E-02  0.204E-02    2.53       1.0  T
   5    -62.3735520 -0.293454E-05  0.122E-02    2.53       1.4  T
   6    -62.3735543 -0.225332E-05  0.592E-03    2.53       2.9  T
   7    -62.3735544 -0.138865E-06  0.214E-03    2.53       7.9  T
   8    -62.3735545 -0.846381E-07  0.848E-04    2.53      19.9  T
     SCC iter.                  ...        0 min,  0.015 sec
     gradient                   ...        0 min,  0.021 sec
 * total energy  :   -61.5714817 Eh     change       -0.9298463E-03 Eh
   gradient norm :     0.0348831 Eh/α   predicted    -0.2476291E-02 ( 166.31%)
   displ. norm   :     0.2267601 α      lambda       -0.2990013E-02
   maximum displ.:     0.0950785 α      in ANC's #7, #17, #2, ...

........................................................................
.............................. CYCLE   10 ..............................
........................................................................
   1    -62.3913047 -0.623913E+02  0.135E-01    2.48       0.0  T
   2    -62.3913226 -0.179340E-04  0.867E-02    2.49       1.0  T
   3    -62.3912960  0.266779E-04  0.618E-02    2.50       1.0  T
   4    -62.3913677 -0.717796E-04  0.752E-03    2.50       2.2  T
   5    -62.3913684 -0.676713E-06  0.457E-03    2.50       3.7  T
   6    -62.3913688 -0.402994E-06  0.191E-03    2.50       8.8  T
     SCC iter.                  ...        0 min,  0.010 sec
     gradient                   ...        0 min,  0.021 sec
 * total energy  :   -61.5726374 Eh     change       -0.1155633E-02 Eh
   gradient norm :     0.0219043 Eh/α   predicted    -0.1571882E-02 (  36.02%)
   displ. norm   :     0.3044965 α      lambda       -0.2086886E-02
   maximum displ.:     0.1397708 α      in ANC's #4, #9, #11, ...

........................................................................
.............................. CYCLE   11 ..............................
........................................................................
   1    -62.3983840 -0.623984E+02  0.196E-01    2.47       0.0  T
   2    -62.3984250 -0.410598E-04  0.127E-01    2.46       1.0  T
   3    -62.3984353 -0.103073E-04  0.906E-02    2.46       1.0  T
   4    -62.3985597 -0.124365E-03  0.906E-03    2.46       1.9  T
   5    -62.3985602 -0.456319E-06  0.613E-03    2.46       2.8  T
   6    -62.3985609 -0.732855E-06  0.264E-03    2.46       6.4  T
   7    -62.3985609 -0.215450E-07  0.112E-03    2.46      15.1  T
     SCC iter.                  ...        0 min,  0.012 sec
     gradient                   ...        0 min,  0.021 sec
 * total energy  :   -61.5727617 Eh     change       -0.1243742E-03 Eh
   gradient norm :     0.0265331 Eh/α   predicted    -0.1140197E-02 ( 816.75%)
   displ. norm   :     0.2790881 α      lambda       -0.1769983E-02
   maximum displ.:     0.1492743 α      in ANC's #5, #9, #12, ...

........................................................................
.............................. CYCLE   12 ..............................
........................................................................
   1    -62.3919628 -0.623920E+02  0.176E-01    2.44       0.0  T
   2    -62.3919763 -0.134822E-04  0.107E-01    2.45       1.0  T
   3    -62.3918814  0.948985E-04  0.758E-02    2.46       1.0  T
   4    -62.3920105 -0.129114E-03  0.659E-03    2.46       2.6  T
   5    -62.3920110 -0.499824E-06  0.402E-03    2.46       4.2  T
   6    -62.3920113 -0.282724E-06  0.175E-03    2.46       9.7  T
     SCC iter.                  ...        0 min,  0.012 sec
     gradient                   ...        0 min,  0.022 sec
 * total energy  :   -61.5737381 Eh     change       -0.9763161E-03 Eh
   gradient norm :     0.0127459 Eh/α   predicted    -0.9539275E-03 (  -2.29%)
   displ. norm   :     0.1863167 α      lambda       -0.5769437E-03
   maximum displ.:     0.0798359 α      in ANC's #9, #4, #5, ...

........................................................................
.............................. CYCLE   13 ..............................
........................................................................
   1    -62.3923331 -0.623923E+02  0.117E-01    2.44       0.0  T
   2    -62.3923431 -0.100035E-04  0.733E-02    2.45       1.0  T
   3    -62.3923081  0.349994E-04  0.516E-02    2.45       1.0  T
   4    -62.3923645 -0.564210E-04  0.505E-03    2.46       3.3  T
   5    -62.3923647 -0.212821E-06  0.279E-03    2.46       6.1  T
   6    -62.3923649 -0.157198E-06  0.124E-03    2.46      13.7  T
     SCC iter.                  ...        0 min,  0.012 sec
     gradient                   ...        0 min,  0.022 sec
 * total energy  :   -61.5739079 Eh     change       -0.1698425E-03 Eh
   gradient norm :     0.0151900 Eh/α   predicted    -0.2984898E-03 (  75.75%)
   displ. norm   :     0.2222375 α      lambda       -0.5706445E-03
   maximum displ.:     0.1256148 α      in ANC's #4, #1, #5, ...

........................................................................
.............................. CYCLE   14 ..............................
........................................................................
   1    -62.3922936 -0.623923E+02  0.129E-01    2.44       0.0  T
   2    -62.3923040 -0.104406E-04  0.790E-02    2.45       1.0  T
   3    -62.3922548  0.492183E-04  0.557E-02    2.45       1.0  T
   4    -62.3923242 -0.693475E-04  0.508E-03    2.45       3.3  T
   5    -62.3923244 -0.238667E-06  0.301E-03    2.45       5.6  T
   6    -62.3923245 -0.115387E-06  0.159E-03    2.45      10.7  T
   7    -62.3923245 -0.171683E-07  0.517E-04    2.45      32.7  T
     SCC iter.                  ...        0 min,  0.013 sec
     gradient                   ...        0 min,  0.020 sec
 * total energy  :   -61.5742250 Eh     change       -0.3171437E-03 Eh
   gradient norm :     0.0111791 Eh/α   predicted    -0.2994164E-03 (  -5.59%)
   displ. norm   :     0.2679946 α      lambda       -0.6301480E-03
   maximum displ.:     0.1773273 α      in ANC's #4, #1, #2, ...

........................................................................
.............................. CYCLE   15 ..............................
........................................................................
   1    -62.3973656 -0.623974E+02  0.141E-01    2.43       0.0  T
   2    -62.3973829 -0.173629E-04  0.882E-02    2.44       1.0  T
   3    -62.3973447  0.381932E-04  0.626E-02    2.44       1.0  T
   4    -62.3974218 -0.771196E-04  0.572E-03    2.44       3.0  T
   5    -62.3974221 -0.223873E-06  0.350E-03    2.44       4.8  T
   6    -62.3974223 -0.189430E-06  0.179E-03    2.44       9.5  T
   7    -62.3974223 -0.149551E-07  0.677E-04    2.44      25.0  T
     SCC iter.                  ...        0 min,  0.013 sec
     gradient                   ...        0 min,  0.022 sec
 * total energy  :   -61.5744008 Eh     change       -0.1758022E-03 Eh
   gradient norm :     0.0148312 Eh/α   predicted    -0.3377073E-03 (  92.10%)
   displ. norm   :     0.2263543 α      lambda       -0.5030957E-03
   maximum displ.:     0.1299599 α      in ANC's #4, #1, #3, ...

........................................................................
.............................. CYCLE   16 ..............................
........................................................................
   1    -62.3954997 -0.623955E+02  0.130E-01    2.44       0.0  T
   2    -62.3955050 -0.539363E-05  0.791E-02    2.44       1.0  T
   3    -62.3954579  0.471670E-04  0.439E-02    2.44       1.0  T
   4    -62.3955132 -0.553159E-04  0.476E-03    2.44       3.6  T
   5    -62.3955133 -0.100464E-06  0.311E-03    2.44       5.4  T
   6    -62.3955134 -0.137867E-06  0.129E-03    2.44      13.1  T
   7    -62.3955134 -0.115092E-07  0.479E-04    2.44      35.3  T
     SCC iter.                  ...        0 min,  0.013 sec
     gradient                   ...        0 min,  0.022 sec
 * total energy  :   -61.5746947 Eh     change       -0.2938254E-03 Eh
   gradient norm :     0.0121106 Eh/α   predicted    -0.2644384E-03 ( -10.00%)
   displ. norm   :     0.2945083 α      lambda       -0.5207343E-03
   maximum displ.:     0.2001878 α      in ANC's #4, #3, #1, ...

........................................................................
.............................. CYCLE   17 ..............................
........................................................................
   1    -62.3919224 -0.623919E+02  0.155E-01    2.45       0.0  T
   2    -62.3919328 -0.103733E-04  0.940E-02    2.46       1.0  T
   3    -62.3918733  0.594636E-04  0.554E-02    2.46       1.0  T
   4    -62.3919477 -0.743963E-04  0.595E-03    2.46       2.8  T
   5    -62.3919480 -0.261964E-06  0.400E-03    2.46       4.2  T
   6    -62.3919482 -0.272685E-06  0.139E-03    2.46      12.2  T
   7    -62.3919482 -0.572422E-08  0.562E-04    2.46      30.1  T
     SCC iter.                  ...        0 min,  0.013 sec
     gradient                   ...        0 min,  0.022 sec
 * total energy  :   -61.5749872 Eh     change       -0.2925218E-03 Eh
   gradient norm :     0.0109467 Eh/α   predicted    -0.2829514E-03 (  -3.27%)
   displ. norm   :     0.3549054 α      lambda       -0.5181687E-03
   maximum displ.:     0.2322060 α      in ANC's #4, #3, #1, ...

........................................................................
.............................. CYCLE   18 ..............................
........................................................................
   1    -62.3940414 -0.623940E+02  0.171E-01    2.47       0.0  T
   2    -62.3940537 -0.122200E-04  0.105E-01    2.47       1.0  T
   3    -62.3939727  0.809310E-04  0.570E-02    2.48       1.0  T
   4    -62.3940687 -0.959498E-04  0.599E-03    2.48       2.8  T
   5    -62.3940688 -0.174914E-06  0.333E-03    2.48       5.1  T
   6    -62.3940689 -0.418634E-07  0.180E-03    2.48       9.4  T
   7    -62.3940689 -0.403709E-07  0.419E-04    2.48      40.4  T
     SCC iter.                  ...        0 min,  0.014 sec
     gradient                   ...        0 min,  0.020 sec
 * total energy  :   -61.5753609 Eh     change       -0.3736812E-03 Eh
   gradient norm :     0.0131563 Eh/α   predicted    -0.2917205E-03 ( -21.93%)
   displ. norm   :     0.5759717 α      lambda       -0.8377756E-03
   maximum displ.:     0.3771542 α      in ANC's #4, #3, #1, ...

........................................................................
.............................. CYCLE   19 ..............................
........................................................................
   1    -62.3910793 -0.623911E+02  0.283E-01    2.48       0.0  T
   2    -62.3911051 -0.257654E-04  0.172E-01    2.49       1.0  T
   3    -62.3909192  0.185862E-03  0.842E-02    2.50       1.0  T
   4    -62.3911350 -0.215796E-03  0.100E-02    2.50       1.7  T
   5    -62.3911355 -0.480876E-06  0.607E-03    2.50       2.8  T
   6    -62.3911357 -0.250336E-06  0.333E-03    2.50       5.1  T
   7    -62.3911359 -0.126763E-06  0.970E-04    2.50      17.4  T
   8    -62.3911359 -0.174393E-07  0.445E-04    2.50      38.0  T
     SCC iter.                  ...        0 min,  0.014 sec
     gradient                   ...        0 min,  0.021 sec
 * total energy  :   -61.5759868 Eh     change       -0.6259786E-03 Eh
   gradient norm :     0.0135232 Eh/α   predicted    -0.5578531E-03 ( -10.88%)
   displ. norm   :     0.4943294 α      lambda       -0.8388158E-03
   maximum displ.:     0.3095380 α      in ANC's #4, #3, #2, ...

........................................................................
.............................. CYCLE   20 ..............................
........................................................................
   1    -62.3957527 -0.623958E+02  0.258E-01    2.51       0.0  T
   2    -62.3957846 -0.319391E-04  0.158E-01    2.51       1.0  T
   3    -62.3955747  0.209874E-03  0.957E-02    2.51       1.0  T
   4    -62.3958297 -0.254927E-03  0.935E-03    2.51       1.8  T
   5    -62.3958303 -0.630653E-06  0.545E-03    2.51       3.1  T
   6    -62.3958305 -0.220139E-06  0.311E-03    2.51       5.4  T
   7    -62.3958306 -0.104725E-06  0.108E-03    2.51      15.7  T
   8    -62.3958306 -0.170895E-07  0.443E-04    2.51      38.2  T
     SCC iter.                  ...        0 min,  0.015 sec
     gradient                   ...        0 min,  0.022 sec
 * total energy  :   -61.5765024 Eh     change       -0.5155255E-03 Eh
   gradient norm :     0.0155175 Eh/α   predicted    -0.5219018E-03 (   1.24%)
   displ. norm   :     0.5162653 α      lambda       -0.8156475E-03
   maximum displ.:     0.3335597 α      in ANC's #4, #3, #2, ...
 * RMSD in coord.:     0.9033756 α      energy gain  -0.2173683E-01 Eh

generating ANC from model Hessian ...
Using Lindh-Hessian (1995)
 Shifting diagonal of input Hessian by   4.516210639602796E-003
 Lowest  eigenvalues of input Hessian
   -0.000000   -0.000000   -0.000000    0.000000    0.000000    0.000000
    0.005000    0.005904    0.006421    0.007118    0.008040    0.009135
    0.009889    0.010323    0.011033    0.011743    0.013273    0.014710
 Highest eigenvalues
    2.016267    2.078212    2.101840    2.144954    2.163263    2.204180
 

........................................................................
.............................. CYCLE   21 ..............................
........................................................................
   1    -62.3930715 -0.623931E+02  0.257E-01    2.53       0.0  T
   2    -62.3930890 -0.175338E-04  0.156E-01    2.54       1.0  T
   3    -62.3929577  0.131363E-03  0.688E-02    2.55       1.0  T
   4    -62.3931080 -0.150287E-03  0.922E-03    2.55       1.8  T
   5    -62.3931084 -0.456052E-06  0.563E-03    2.55       3.0  T
   6    -62.3931087 -0.301911E-06  0.278E-03    2.55       6.1  T
   7    -62.3931088 -0.761912E-07  0.972E-04    2.55      17.4  T
   8    -62.3931088 -0.199639E-07  0.353E-04    2.55      47.9  T
     SCC iter.                  ...        0 min,  0.014 sec
     gradient                   ...        0 min,  0.024 sec
 * total energy  :   -61.5770101 Eh     change       -0.5077263E-03 Eh
   gradient norm :     0.0168811 Eh/α   predicted     0.0000000E+00 (-100.00%)
   displ. norm   :     0.2089554 α      lambda       -0.8016128E-03
   maximum displ.:     0.1218776 α      in ANC's #5, #2, #9, ...

........................................................................
.............................. CYCLE   22 ..............................
........................................................................
   1    -62.3965152 -0.623965E+02  0.132E-01    2.54       0.0  T
   2    -62.3965226 -0.731876E-05  0.810E-02    2.54       1.0  T
   3    -62.3964984  0.241357E-04  0.319E-02    2.54       1.0  T
   4    -62.3965268 -0.283707E-04  0.507E-03    2.55       3.3  T
   5    -62.3965271 -0.268694E-06  0.268E-03    2.55       6.3  T
   6    -62.3965271 -0.250421E-07  0.155E-03    2.54      10.9  T
     SCC iter.                  ...        0 min,  0.011 sec
     gradient                   ...        0 min,  0.021 sec
 * total energy  :   -61.5775949 Eh     change       -0.5847826E-03 Eh
   gradient norm :     0.0085086 Eh/α   predicted    -0.4183087E-03 ( -28.47%)
   displ. norm   :     0.2538421 α      lambda       -0.5636140E-03
   maximum displ.:     0.1361276 α      in ANC's #5, #9, #2, ...

........................................................................
.............................. CYCLE   23 ..............................
........................................................................
   1    -62.3983155 -0.623983E+02  0.153E-01    2.52       0.0  T
   2    -62.3983283 -0.127576E-04  0.929E-02    2.53       1.0  T
   3    -62.3982703  0.579795E-04  0.518E-02    2.53       1.0  T
   4    -62.3983397 -0.694030E-04  0.609E-03    2.53       2.8  T
   5    -62.3983400 -0.356183E-06  0.343E-03    2.53       4.9  T
   6    -62.3983402 -0.126230E-06  0.186E-03    2.53       9.1  T
   7    -62.3983402 -0.261902E-07  0.657E-04    2.53      25.7  T
     SCC iter.                  ...        0 min,  0.013 sec
     gradient                   ...        0 min,  0.022 sec
 * total energy  :   -61.5780148 Eh     change       -0.4199482E-03 Eh
   gradient norm :     0.0056336 Eh/α   predicted    -0.2999692E-03 ( -28.57%)
   displ. norm   :     0.3776335 α      lambda       -0.5526795E-03
   maximum displ.:     0.1932539 α      in ANC's #5, #2, #9, ...

........................................................................
.............................. CYCLE   24 ..............................
........................................................................
   1    -62.3969681 -0.623970E+02  0.228E-01    2.51       0.0  T
   2    -62.3969894 -0.212939E-04  0.139E-01    2.52       1.0  T
   3    -62.3968604  0.128958E-03  0.762E-02    2.52       1.0  T
   4    -62.3970131 -0.152633E-03  0.837E-03    2.52       2.0  T
   5    -62.3970136 -0.533409E-06  0.516E-03    2.52       3.3  T
   6    -62.3970139 -0.334769E-06  0.257E-03    2.52       6.6  T
   7    -62.3970140 -0.330644E-07  0.954E-04    2.52      17.7  T
     SCC iter.                  ...        0 min,  0.013 sec
     gradient                   ...        0 min,  0.021 sec
 * total energy  :   -61.5784303 Eh     change       -0.4154508E-03 Eh
   gradient norm :     0.0111729 Eh/α   predicted    -0.3157490E-03 ( -24.00%)
   displ. norm   :     0.4518611 α      lambda       -0.5921680E-03
   maximum displ.:     0.2362253 α      in ANC's #5, #2, #6, ...

........................................................................
.............................. CYCLE   25 ..............................
........................................................................
   1    -62.3939121 -0.623939E+02  0.276E-01    2.50       0.0  T
   2    -62.3939360 -0.239462E-04  0.168E-01    2.51       1.0  T
   3    -62.3937643  0.171711E-03  0.862E-02    2.51       1.0  T
   4    -62.3939649 -0.200560E-03  0.948E-03    2.52       1.8  T
   5    -62.3939654 -0.547705E-06  0.609E-03    2.51       2.8  T
   6    -62.3939659 -0.449643E-06  0.282E-03    2.51       6.0  T
   7    -62.3939659 -0.349999E-07  0.111E-03    2.51      15.2  T
     SCC iter.                  ...        0 min,  0.013 sec
     gradient                   ...        0 min,  0.022 sec
 * total energy  :   -61.5788760 Eh     change       -0.4457139E-03 Eh
   gradient norm :     0.0142080 Eh/α   predicted    -0.3565449E-03 ( -20.01%)
   displ. norm   :     0.4291632 α      lambda       -0.6692737E-03
   maximum displ.:     0.2226331 α      in ANC's #5, #2, #4, ...

........................................................................
.............................. CYCLE   26 ..............................
........................................................................
   1    -62.3934524 -0.623935E+02  0.264E-01    2.51       0.0  T
   2    -62.3934721 -0.197315E-04  0.161E-01    2.52       1.0  T
   3    -62.3933132  0.158884E-03  0.825E-02    2.52       1.0  T
   4    -62.3934986 -0.185340E-03  0.853E-03    2.52       2.0  T
   5    -62.3934989 -0.290234E-06  0.554E-03    2.52       3.1  T
   6    -62.3934992 -0.368789E-06  0.248E-03    2.52       6.8  T
   7    -62.3934993 -0.332668E-07  0.111E-03    2.52      15.2  T
     SCC iter.                  ...        0 min,  0.012 sec
     gradient                   ...        0 min,  0.020 sec
 * total energy  :   -61.5793634 Eh     change       -0.4873563E-03 Eh
   gradient norm :     0.0117646 Eh/α   predicted    -0.3962724E-03 ( -18.69%)
   displ. norm   :     0.3635080 α      lambda       -0.5462557E-03
   maximum displ.:     0.1743999 α      in ANC's #5, #2, #6, ...

........................................................................
.............................. CYCLE   27 ..............................
........................................................................
   1    -62.3949927 -0.623950E+02  0.214E-01    2.52       0.0  T
   2    -62.3950029 -0.102220E-04  0.129E-01    2.53       1.0  T
   3    -62.3949321  0.707943E-04  0.526E-02    2.53       1.0  T
   4    -62.3950132 -0.811081E-04  0.629E-03    2.53       2.7  T
   5    -62.3950134 -0.153734E-06  0.393E-03    2.53       4.3  T
   6    -62.3950135 -0.113973E-06  0.203E-03    2.53       8.3  T
   7    -62.3950135 -0.541525E-07  0.682E-04    2.53      24.8  T
     SCC iter.                  ...        0 min,  0.014 sec
     gradient                   ...        0 min,  0.022 sec
 * total energy  :   -61.5797677 Eh     change       -0.4043668E-03 Eh
   gradient norm :     0.0093621 Eh/α   predicted    -0.3092189E-03 ( -23.53%)
   displ. norm   :     0.3893324 α      lambda       -0.4732674E-03
   maximum displ.:     0.1929567 α      in ANC's #5, #6, #4, ...

........................................................................
.............................. CYCLE   28 ..............................
........................................................................
   1    -62.3966997 -0.623967E+02  0.217E-01    2.54       0.0  T
   2    -62.3967126 -0.129757E-04  0.131E-01    2.54       1.0  T
   3    -62.3965796  0.133028E-03  0.729E-02    2.54       1.0  T
   4    -62.3967331 -0.153482E-03  0.607E-03    2.54       2.8  T
   5    -62.3967333 -0.175419E-06  0.377E-03    2.54       4.5  T
   6    -62.3967333 -0.904216E-07  0.224E-03    2.54       7.5  T
   7    -62.3967334 -0.662510E-07  0.688E-04    2.54      24.6  T
     SCC iter.                  ...        0 min,  0.013 sec
     gradient                   ...        0 min,  0.021 sec
 * total energy  :   -61.5800774 Eh     change       -0.3097260E-03 Eh
   gradient norm :     0.0085424 Eh/α   predicted    -0.2725050E-03 ( -12.02%)
   displ. norm   :     0.3358428 α      lambda       -0.3706372E-03
   maximum displ.:     0.1679676 α      in ANC's #6, #5, #4, ...

........................................................................
.............................. CYCLE   29 ..............................
........................................................................
   1    -62.3990150 -0.623990E+02  0.189E-01    2.55       0.0  T
   2    -62.3990238 -0.880124E-05  0.114E-01    2.55       1.0  T
   3    -62.3989040  0.119885E-03  0.696E-02    2.55       1.0  T
   4    -62.3990444 -0.140409E-03  0.538E-03    2.55       3.1  T
   5    -62.3990445 -0.131676E-06  0.356E-03    2.55       4.8  T
   6    -62.3990446 -0.138486E-06  0.196E-03    2.55       8.6  T
   7    -62.3990447 -0.329297E-07  0.599E-04    2.55      28.2  T
     SCC iter.                  ...        0 min,  0.013 sec
     gradient                   ...        0 min,  0.022 sec
 * total energy  :   -61.5802704 Eh     change       -0.1929170E-03 Eh
   gradient norm :     0.0078565 Eh/α   predicted    -0.2062213E-03 (   6.90%)
   displ. norm   :     0.3146506 α      lambda       -0.2425654E-03
   maximum displ.:     0.1623205 α      in ANC's #5, #6, #4, ...

........................................................................
.............................. CYCLE   30 ..............................
........................................................................
   1    -62.3963204 -0.623963E+02  0.178E-01    2.55       0.0  T
   2    -62.3963276 -0.723120E-05  0.107E-01    2.56       1.0  T
   3    -62.3962726  0.550262E-04  0.452E-02    2.56       1.0  T
   4    -62.3963354 -0.628124E-04  0.551E-03    2.56       3.1  T
   5    -62.3963355 -0.926485E-07  0.352E-03    2.56       4.8  T
   6    -62.3963356 -0.102275E-06  0.177E-03    2.56       9.6  T
   7    -62.3963356 -0.320027E-07  0.587E-04    2.56      28.8  T
     SCC iter.                  ...        0 min,  0.014 sec
     gradient                   ...        0 min,  0.022 sec
 * total energy  :   -61.5804136 Eh     change       -0.1432160E-03 Eh
   gradient norm :     0.0080421 Eh/α   predicted    -0.1332909E-03 (  -6.93%)
   displ. norm   :     0.2777379 α      lambda       -0.5403040E-03
   maximum displ.:     0.1064725 α      in ANC's #5, #4, #6, ...

........................................................................
.............................. CYCLE   31 ..............................
........................................................................
   1    -62.4117769 -0.624118E+02  0.162E-01    2.58       0.0  T
   2    -62.4117925 -0.156500E-04  0.989E-02    2.58       1.0  T
   3    -62.4117136  0.789089E-04  0.716E-02    2.58       1.0  T
   4    -62.4118298 -0.116124E-03  0.559E-03    2.57       3.0  T
   5    -62.4118300 -0.200365E-06  0.359E-03    2.57       4.7  T
   6    -62.4118301 -0.152540E-06  0.210E-03    2.57       8.0  T
   7    -62.4118302 -0.382730E-07  0.670E-04    2.57      25.2  T
     SCC iter.                  ...        0 min,  0.013 sec
     gradient                   ...        0 min,  0.020 sec
 * total energy  :   -61.5797759 Eh     change        0.6376424E-03 Eh
   gradient norm :     0.0268346 Eh/α   predicted    -0.2909919E-03 (-145.64%)
   displ. norm   :     0.1380241 α      lambda       -0.1550819E-02
   maximum displ.:     0.0698807 α      in ANC's #7, #10, #2, ...

........................................................................
.............................. CYCLE   32 ..............................
........................................................................
   1    -62.4001617 -0.624002E+02  0.838E-02    2.55       0.0  T
   2    -62.4001693 -0.762070E-05  0.533E-02    2.56       1.0  T
   3    -62.4001590  0.103107E-04  0.381E-02    2.56       1.0  T
   4    -62.4001856 -0.265832E-04  0.410E-03    2.57       4.1  T
   5    -62.4001857 -0.156248E-06  0.234E-03    2.57       7.2  T
   6    -62.4001858 -0.914417E-07  0.123E-03    2.57      13.8  T
     SCC iter.                  ...        0 min,  0.011 sec
     gradient                   ...        0 min,  0.021 sec
 * total energy  :   -61.5805734 Eh     change       -0.7974487E-03 Eh
   gradient norm :     0.0050380 Eh/α   predicted    -0.7901859E-03 (  -0.91%)
   displ. norm   :     0.1025357 α      lambda       -0.9270298E-04
   maximum displ.:     0.0524155 α      in ANC's #5, #6, #1, ...

........................................................................
.............................. CYCLE   33 ..............................
........................................................................
   1    -62.3993558 -0.623994E+02  0.591E-02    2.56       0.0  T
   2    -62.3993567 -0.918957E-06  0.355E-02    2.57       1.0  T
   3    -62.3993513  0.543220E-05  0.152E-02    2.57       1.1  T
   4    -62.3993576 -0.634363E-05  0.202E-03    2.57       8.4  T
   5    -62.3993576 -0.598124E-08  0.121E-03    2.57      13.9  T
   6    -62.3993577 -0.255774E-07  0.437E-04    2.57      38.7  T
     SCC iter.                  ...        0 min,  0.011 sec
     gradient                   ...        0 min,  0.020 sec
 * total energy  :   -61.5805929 Eh     change       -0.1952213E-04 Eh
   gradient norm :     0.0069119 Eh/α   predicted    -0.4684280E-04 ( 139.95%)
   displ. norm   :     0.1114318 α      lambda       -0.9872021E-04
   maximum displ.:     0.0589928 α      in ANC's #6, #5, #1, ...

........................................................................
.............................. CYCLE   34 ..............................
........................................................................
   1    -62.3992887 -0.623993E+02  0.636E-02    2.57       0.0  T
   2    -62.3992899 -0.120211E-05  0.381E-02    2.57       1.0  T
   3    -62.3992789  0.109869E-04  0.221E-02    2.57       1.0  T
   4    -62.3992918 -0.129433E-04  0.203E-03    2.57       8.3  T
   5    -62.3992918  0.642480E-09  0.138E-03    2.57      12.2  T
   6    -62.3992919 -0.288938E-07  0.658E-04    2.57      25.7  T
     SCC iter.                  ...        0 min,  0.012 sec
     gradient                   ...        0 min,  0.022 sec
 * total energy  :   -61.5806619 Eh     change       -0.6896451E-04 Eh
   gradient norm :     0.0038408 Eh/α   predicted    -0.4997367E-04 ( -27.54%)
   displ. norm   :     0.1444284 α      lambda       -0.8862400E-04
   maximum displ.:     0.0825638 α      in ANC's #1, #6, #5, ...

........................................................................
.............................. CYCLE   35 ..............................
........................................................................
   1    -62.4007291 -0.624007E+02  0.734E-02    2.57       0.0  T
   2    -62.4007307 -0.158791E-05  0.440E-02    2.57       1.0  T
   3    -62.4007165  0.142105E-04  0.253E-02    2.57       1.0  T
   4    -62.4007334 -0.169228E-04  0.209E-03    2.57       8.1  T
   5    -62.4007334 -0.747526E-08  0.118E-03    2.57      14.3  T
   6    -62.4007334 -0.576356E-08  0.693E-04    2.57      24.4  T
   7    -62.4007334 -0.685584E-08  0.185E-04    2.57      91.4  T
     SCC iter.                  ...        0 min,  0.013 sec
     gradient                   ...        0 min,  0.023 sec
 * total energy  :   -61.5807222 Eh     change       -0.6031492E-04 Eh
   gradient norm :     0.0034647 Eh/α   predicted    -0.4524093E-04 ( -24.99%)
   displ. norm   :     0.2772764 α      lambda       -0.9399463E-04
   maximum displ.:     0.1521387 α      in ANC's #1, #6, #5, ...

........................................................................
.............................. CYCLE   36 ..............................
........................................................................
   1    -62.3994972 -0.623995E+02  0.148E-01    2.57       0.0  T
   2    -62.3995010 -0.382764E-05  0.884E-02    2.57       1.0  T
   3    -62.3994562  0.448210E-04  0.422E-02    2.57       1.0  T
   4    -62.3995075 -0.512712E-04  0.401E-03    2.58       4.2  T
   5    -62.3995074  0.292058E-07  0.275E-03    2.58       6.2  T
   6    -62.3995075 -0.976812E-07  0.122E-03    2.58      13.9  T
   7    -62.3995076 -0.147791E-07  0.304E-04    2.58      55.5  T
   8    -62.3995076 -0.215743E-08  0.115E-04    2.58     146.5  T
     SCC iter.                  ...        0 min,  0.015 sec
     gradient                   ...        0 min,  0.024 sec
 * total energy  :   -61.5807865 Eh     change       -0.6434245E-04 Eh
   gradient norm :     0.0057771 Eh/α   predicted    -0.5061231E-04 ( -21.34%)
   displ. norm   :     0.2768494 α      lambda        0.9758067E-05
   maximum displ.:     0.1513737 α      in ANC's #1, #6, #5, ...

........................................................................
.............................. CYCLE   37 ..............................
........................................................................
   1    -62.3967096 -0.623967E+02  0.146E-01    2.57       0.0  T
   2    -62.3967131 -0.355558E-05  0.877E-02    2.57       1.0  T
   3    -62.3966752  0.379121E-04  0.385E-02    2.57       1.0  T
   4    -62.3967185 -0.432614E-04  0.395E-03    2.58       4.3  T
   5    -62.3967184  0.252195E-07  0.263E-03    2.58       6.4  T
   6    -62.3967185 -0.790772E-07  0.118E-03    2.58      14.3  T
     SCC iter.                  ...        0 min,  0.012 sec
     gradient                   ...        0 min,  0.021 sec
 * total energy  :   -61.5807695 Eh     change        0.1707362E-04 Eh
   gradient norm :     0.0103691 Eh/α   predicted     0.5250049E-05 ( -69.25%)
   displ. norm   :     0.1146096 α      lambda       -0.1664027E-03
   maximum displ.:     0.0613747 α      in ANC's #4, #1, #2, ...

........................................................................
.............................. CYCLE   38 ..............................
........................................................................
   1    -62.4010014 -0.624010E+02  0.527E-02    2.58       0.0  T
   2    -62.4010023 -0.894234E-06  0.318E-02    2.58       1.0  T
   3    -62.4009995  0.280794E-05  0.105E-02    2.58       1.6  T
   4    -62.4010028 -0.329288E-05  0.193E-03    2.58       8.8  T
   5    -62.4010028 -0.252615E-07  0.118E-03    2.58      14.4  T
   6    -62.4010028 -0.150099E-07  0.641E-04    2.58      26.4  T
     SCC iter.                  ...        0 min,  0.012 sec
     gradient                   ...        0 min,  0.022 sec
 * total energy  :   -61.5808610 Eh     change       -0.9157276E-04 Eh
   gradient norm :     0.0065086 Eh/α   predicted    -0.8429783E-04 (  -7.94%)
   displ. norm   :     0.1060058 α      lambda       -0.1153321E-03
   maximum displ.:     0.0757373 α      in ANC's #1, #5, #8, ...

........................................................................
.............................. CYCLE   39 ..............................
........................................................................
   1    -62.4020939 -0.624021E+02  0.435E-02    2.59       0.0  T
   2    -62.4020952 -0.128969E-05  0.260E-02    2.59       1.0  T
   3    -62.4020924  0.280660E-05  0.109E-02    2.59       1.5  T
   4    -62.4020956 -0.322390E-05  0.196E-03    2.59       8.6  T
   5    -62.4020957 -0.812721E-07  0.886E-04    2.59      19.1  T
   6    -62.4020957 -0.199360E-08  0.513E-04    2.59      33.0  T
     SCC iter.                  ...        0 min,  0.011 sec
     gradient                   ...        0 min,  0.021 sec
 * total energy  :   -61.5809040 Eh     change       -0.4296164E-04 Eh
   gradient norm :     0.0070681 Eh/α   predicted    -0.5831507E-04 (  35.74%)
   displ. norm   :     0.2046302 α      lambda       -0.1091007E-03
   maximum displ.:     0.1353568 α      in ANC's #1, #6, #5, ...

........................................................................
.............................. CYCLE   40 ..............................
........................................................................
   1    -62.4011067 -0.624011E+02  0.929E-02    2.59       0.0  T
   2    -62.4011082 -0.153890E-05  0.554E-02    2.59       1.0  T
   3    -62.4010902  0.180136E-04  0.269E-02    2.59       1.0  T
   4    -62.4011108 -0.205542E-04  0.246E-03    2.59       6.9  T
   5    -62.4011108  0.419701E-08  0.155E-03    2.59      10.9  T
   6    -62.4011108 -0.251726E-07  0.789E-04    2.59      21.4  T
     SCC iter.                  ...        0 min,  0.011 sec
     gradient                   ...        0 min,  0.020 sec
 * total energy  :   -61.5809592 Eh     change       -0.5517665E-04 Eh
   gradient norm :     0.0070859 Eh/α   predicted    -0.5683718E-04 (   3.01%)
   displ. norm   :     0.2836015 α      lambda       -0.1683650E-03
   maximum displ.:     0.2090121 α      in ANC's #1, #4, #6, ...

........................................................................
.............................. CYCLE   41 ..............................
........................................................................
   1    -62.4008929 -0.624009E+02  0.125E-01    2.59       0.0  T
   2    -62.4008958 -0.282299E-05  0.741E-02    2.58       1.0  T
   3    -62.4008506  0.452029E-04  0.431E-02    2.58       1.0  T
   4    -62.4009028 -0.522555E-04  0.311E-03    2.58       5.4  T
   5    -62.4009029 -0.879890E-07  0.203E-03    2.58       8.3  T
   6    -62.4009030 -0.577637E-07  0.998E-04    2.58      16.9  T
     SCC iter.                  ...        0 min,  0.011 sec
     gradient                   ...        0 min,  0.021 sec
 * total energy  :   -61.5810208 Eh     change       -0.6161871E-04 Eh
   gradient norm :     0.0081909 Eh/α   predicted    -0.9095658E-04 (  47.61%)
   displ. norm   :     0.1177658 α      lambda       -0.8302250E-04
   maximum displ.:     0.0805794 α      in ANC's #1, #4, #3, ...

........................................................................
.............................. CYCLE   42 ..............................
........................................................................
   1    -62.4003969 -0.624004E+02  0.432E-02    2.58       0.0  T
   2    -62.4003974 -0.574444E-06  0.259E-02    2.58       1.0  T
   3    -62.4003915  0.598720E-05  0.150E-02    2.58       1.1  T
   4    -62.4003983 -0.685766E-05  0.139E-03    2.58      12.1  T
   5    -62.4003983 -0.239737E-07  0.795E-04    2.58      21.2  T
   6    -62.4003983 -0.509898E-08  0.498E-04    2.58      33.9  T
     SCC iter.                  ...        0 min,  0.012 sec
     gradient                   ...        0 min,  0.022 sec
 * total energy  :   -61.5810751 Eh     change       -0.5431925E-04 Eh
   gradient norm :     0.0032780 Eh/α   predicted    -0.4209007E-04 ( -22.51%)
   displ. norm   :     0.2086965 α      lambda       -0.7753570E-04
   maximum displ.:     0.1416166 α      in ANC's #1, #4, #2, ...
 * RMSD in coord.:     0.7275324 α      energy gain  -0.4572730E-02 Eh

generating ANC from model Hessian ...
Using Lindh-Hessian (1995)
 Shifting diagonal of input Hessian by   4.495515986638877E-003
 Lowest  eigenvalues of input Hessian
   -0.000000   -0.000000   -0.000000   -0.000000    0.000000    0.000000
    0.005000    0.006122    0.006647    0.007034    0.008261    0.009742
    0.010032    0.010201    0.011845    0.012239    0.013875    0.014992
 Highest eigenvalues
    2.022823    2.087033    2.104908    2.148559    2.161625    2.220641
 

........................................................................
.............................. CYCLE   43 ..............................
........................................................................
   1    -62.4010168 -0.624010E+02  0.786E-02    2.58       0.0  T
   2    -62.4010181 -0.128802E-05  0.466E-02    2.58       1.0  T
   3    -62.4010119  0.618576E-05  0.155E-02    2.58       1.1  T
   4    -62.4010190 -0.709694E-05  0.190E-03    2.58       8.9  T
   5    -62.4010191 -0.310834E-07  0.112E-03    2.58      15.0  T
   6    -62.4010191 -0.472975E-08  0.706E-04    2.58      24.0  T
   7    -62.4010191 -0.609732E-08  0.238E-04    2.58      71.0  T
     SCC iter.                  ...        0 min,  0.013 sec
     gradient                   ...        0 min,  0.024 sec
 * total energy  :   -61.5811115 Eh     change       -0.3638363E-04 Eh
   gradient norm :     0.0056612 Eh/α   predicted     0.0000000E+00 (-100.00%)
   displ. norm   :     0.0445325 α      lambda       -0.4810128E-04
   maximum displ.:     0.0187062 α      in ANC's #5, #10, #3, ...

........................................................................
.............................. CYCLE   44 ..............................
........................................................................
   1    -62.4008951 -0.624009E+02  0.291E-02    2.58       0.0  T
   2    -62.4008954 -0.287314E-06  0.174E-02    2.58       1.0  T
   3    -62.4008945  0.914540E-06  0.590E-03    2.58       2.9  T
   4    -62.4008955 -0.103751E-05  0.920E-04    2.58      18.4  T
   5    -62.4008955 -0.140254E-07  0.388E-04    2.58      43.6  T
     SCC iter.                  ...        0 min,  0.010 sec
     gradient                   ...        0 min,  0.022 sec
 * total energy  :   -61.5811463 Eh     change       -0.3484327E-04 Eh
   gradient norm :     0.0018863 Eh/α   predicted    -0.2409861E-04 ( -30.84%)
   displ. norm   :     0.0806191 α      lambda       -0.2529907E-04
   maximum displ.:     0.0372130 α      in ANC's #10, #6, #3, ...

........................................................................
.............................. CYCLE   45 ..............................
........................................................................
   1    -62.4008923 -0.624009E+02  0.521E-02    2.57       0.0  T
   2    -62.4008930 -0.726979E-06  0.312E-02    2.57       1.0  T
   3    -62.4008887  0.433622E-05  0.131E-02    2.57       1.3  T
   4    -62.4008937 -0.496078E-05  0.137E-03    2.57      12.4  T
   5    -62.4008937 -0.146447E-07  0.735E-04    2.57      23.0  T
   6    -62.4008937 -0.360934E-09  0.475E-04    2.57      35.6  T
     SCC iter.                  ...        0 min,  0.012 sec
     gradient                   ...        0 min,  0.024 sec
 * total energy  :   -61.5811664 Eh     change       -0.2007580E-04 Eh
   gradient norm :     0.0024505 Eh/α   predicted    -0.1269020E-04 ( -36.79%)
   displ. norm   :     0.0353399 α      lambda       -0.1055132E-04
   maximum displ.:     0.0167123 α      in ANC's #6, #3, #4, ...

........................................................................
.............................. CYCLE   46 ..............................
........................................................................
   1    -62.4009226 -0.624009E+02  0.216E-02    2.57       0.0  T
   2    -62.4009226 -0.792895E-07  0.129E-02    2.57       1.3  T
   3    -62.4009219  0.745003E-06  0.531E-03    2.57       3.2  T
   4    -62.4009227 -0.842435E-06  0.603E-04    2.57      28.0  T
   5    -62.4009227 -0.226007E-08  0.400E-04    2.57      42.3  T
     SCC iter.                  ...        0 min,  0.010 sec
     gradient                   ...        0 min,  0.021 sec
 * total energy  :   -61.5811749 Eh     change       -0.8489307E-05 Eh
   gradient norm :     0.0020086 Eh/α   predicted    -0.5283662E-05 ( -37.76%)
   displ. norm   :     0.0901260 α      lambda       -0.2146387E-04
   maximum displ.:     0.0398778 α      in ANC's #6, #4, #2, ...

........................................................................
.............................. CYCLE   47 ..............................
........................................................................
   1    -62.4009693 -0.624010E+02  0.532E-02    2.57       0.0  T
   2    -62.4009697 -0.485547E-06  0.318E-02    2.57       1.0  T
   3    -62.4009648  0.493601E-05  0.137E-02    2.57       1.2  T
   4    -62.4009704 -0.559127E-05  0.156E-03    2.56      10.8  T
   5    -62.4009704 -0.172766E-07  0.104E-03    2.57      16.3  T
   6    -62.4009704 -0.120440E-07  0.443E-04    2.57      38.1  T
   7    -62.4009704 -0.925503E-09  0.121E-04    2.57     140.0  T
     SCC iter.                  ...        0 min,  0.013 sec
     gradient                   ...        0 min,  0.023 sec
 * total energy  :   -61.5811882 Eh     change       -0.1334170E-04 Eh
   gradient norm :     0.0008914 Eh/α   predicted    -0.1081936E-04 ( -18.91%)
   displ. norm   :     0.0870406 α      lambda       -0.7310300E-05
   maximum displ.:     0.0378217 α      in ANC's #2, #4, #1, ...

........................................................................
.............................. CYCLE   48 ..............................
........................................................................
   1    -62.4010197 -0.624010E+02  0.485E-02    2.56       0.0  T
   2    -62.4010201 -0.370083E-06  0.291E-02    2.56       1.0  T
   3    -62.4010163  0.381555E-05  0.121E-02    2.56       1.4  T
   4    -62.4010206 -0.434053E-05  0.143E-03    2.56      11.8  T
   5    -62.4010206 -0.133061E-07  0.972E-04    2.56      17.4  T
   6    -62.4010206 -0.990729E-08  0.338E-04    2.56      50.0  T
     SCC iter.                  ...        0 min,  0.011 sec
     gradient                   ...        0 min,  0.022 sec
 * total energy  :   -61.5811943 Eh     change       -0.6090160E-05 Eh
   gradient norm :     0.0010342 Eh/α   predicted    -0.3679170E-05 ( -39.59%)
   displ. norm   :     0.0524172 α      lambda       -0.5303303E-05
   maximum displ.:     0.0282515 α      in ANC's #1, #2, #4, ...

........................................................................
.............................. CYCLE   49 ..............................
........................................................................
   1    -62.4011531 -0.624012E+02  0.261E-02    2.56       0.0  T
   2    -62.4011533 -0.119944E-06  0.156E-02    2.56       1.1  T
   3    -62.4011520  0.128535E-05  0.715E-03    2.56       2.4  T
   4    -62.4011535 -0.147794E-05  0.709E-04    2.56      23.9  T
   5    -62.4011535 -0.100662E-08  0.517E-04    2.56      32.7  T
   6    -62.4011535 -0.309858E-08  0.202E-04    2.56      83.5  T
     SCC iter.                  ...        0 min,  0.012 sec
     gradient                   ...        0 min,  0.024 sec
 * total energy  :   -61.5812002 Eh     change       -0.5889278E-05 Eh
   gradient norm :     0.0007675 Eh/α   predicted    -0.2655868E-05 ( -54.90%)
   displ. norm   :     0.0642823 α      lambda       -0.5959708E-05
   maximum displ.:     0.0397388 α      in ANC's #1, #2, #4, ...

........................................................................
.............................. CYCLE   50 ..............................
........................................................................
   1    -62.4013219 -0.624013E+02  0.267E-02    2.56       0.0  T
   2    -62.4013221 -0.135387E-06  0.160E-02    2.56       1.1  T
   3    -62.4013207  0.137620E-05  0.730E-03    2.56       2.3  T
   4    -62.4013223 -0.157827E-05  0.673E-04    2.56      25.1  T
   5    -62.4013223 -0.765510E-09  0.432E-04    2.56      39.1  T
   6    -62.4013223 -0.835364E-09  0.256E-04    2.56      66.0  T
     SCC iter.                  ...        0 min,  0.012 sec
     gradient                   ...        0 min,  0.021 sec
 * total energy  :   -61.5812066 Eh     change       -0.6339733E-05 Eh
   gradient norm :     0.0006799 Eh/α   predicted    -0.2989134E-05 ( -52.85%)
   displ. norm   :     0.0596440 α      lambda       -0.3450613E-05
   maximum displ.:     0.0390244 α      in ANC's #1, #2, #4, ...

........................................................................
.............................. CYCLE   51 ..............................
........................................................................
   1    -62.4011315 -0.624011E+02  0.233E-02    2.56       0.0  T
   2    -62.4011316 -0.727249E-07  0.138E-02    2.56       1.2  T
   3    -62.4011312  0.377302E-06  0.377E-03    2.56       4.5  T
   4    -62.4011316 -0.434365E-06  0.502E-04    2.56      33.7  T
   5    -62.4011316 -0.132117E-08  0.312E-04    2.56      54.1  T
     SCC iter.                  ...        0 min,  0.009 sec
     gradient                   ...        0 min,  0.021 sec
 * total energy  :   -61.5812108 Eh     change       -0.4232968E-05 Eh
   gradient norm :     0.0006067 Eh/α   predicted    -0.1730950E-05 ( -59.11%)
   displ. norm   :     0.0582056 α      lambda       -0.3237328E-05
   maximum displ.:     0.0392198 α      in ANC's #1, #2, #4, ...

   *** GEOMETRY OPTIMIZATION CONVERGED AFTER 51 ITERATIONS ***

------------------------------------------------------------------------
 total energy gain   :        -0.0264452 Eh      -16.5946 kcal/mol
 total RMSD          :         1.1445726 a0        0.6057 Å
 total power (kW/mol):        -1.3614113 (step)  -25.7735 (real)
------------------------------------------------------------------------

 ANCopt (total)                0 d,  0 h,  0 min,  2.694 sec
 optimizer setup                ...        0 min,  0.000 sec (  0.005%)
 model hessian                  ...        0 min,  0.023 sec (  0.868%)
 ANC generation                 ...        0 min,  0.004 sec (  0.131%)
 coordinate transformation      ...        0 min,  0.001 sec (  0.046%)
 single point calculation       ...        0 min,  2.642 sec ( 98.056%)
 optimization log               ...        0 min,  0.006 sec (  0.238%)
 hessian update                 ...        0 min,  0.001 sec (  0.031%)
 rational function              ...        0 min,  0.014 sec (  0.515%)

================
 final structure:
================
$coord
   -1.42325159361047    2.43653676170568   -0.74771510392959      C 
   -0.94489721760047    3.87632653425970    1.36840467645883      C 
    0.19356121898783    6.24023799844102    1.17514261437032      C 
    0.51461395775860    7.62468645536319    3.33926844272638      O 
   -0.07624781424766   10.14392390024507    3.15998266322816      C 
    0.78707957309434   11.83490316872937    4.81115337100209      C 
    0.27881313010472   14.36241671458650    4.81342923298115      O 
   -0.35363894540174   15.44100253172133    2.55289578008855      C 
   -1.01709225992364   17.85086787854992    2.28204326815350      C 
   -1.61117630048706   18.98873884856769    0.02394607718992      O 
   -1.03605529797502   17.73141380335803   -2.17435323293598      C 
    1.24396040712484   16.79591734849878   -2.64730163140915      C 
    1.82275963338902   15.25197109397128   -4.65897334280986      O 
    2.89830036779087   13.08209610148280   -3.62518709610220      C 
    1.44884238011506   11.17519214978423   -2.86758800920965      C 
    2.37551518867656    9.26819183802613   -1.42726501158385      O 
    0.96072102765721    7.07628603771290   -1.22206063089275      C 
    0.41870761153999    5.64296246172324   -3.34124781159442      C 
   -0.80334364229303    3.31589286636667   -3.15714043238649      C 
   -1.34483453713097    1.91880269179155   -5.46668560326786      C 
   -2.65670469175320   -0.21214115149275   -5.65353013922694      C 
   -2.31213949583142    0.61757623860566   -0.52508183212882      H 
   -1.47144457319476    3.22018004514720    3.22525545656462      H 
   -1.37631782415321   10.62814567341069    1.65526353702839      H 
    1.97851740372483   11.29629125907763    6.37640785792612      H 
   -0.15065598612636   14.23692690450909    0.91797314079624      H 
   -1.26361266163856   19.13551779211997    3.84306366976938      H 
   -2.58202661385702   17.64107934410859   -3.50607654198361      H 
    2.74978341018039   17.01764135518415   -1.26665448040006      H 
    4.90399897831291   13.15916519425511   -3.23026945167370      H 
   -0.55484429256465   11.13152602787223   -3.31110738547708      H 
    1.00309458493032    6.35668701173860   -5.16432583228242      H 
   -0.59307436119373    2.77088252599159   -7.16868795354263      H 
   -3.47580679172753   -1.14848739020650   -4.04472631752645      H 
   -2.96948441253001   -1.10166049623119   -7.45537795594056      H 
$end
           -------------------------------------------------
          |                Final Singlepoint                |
           -------------------------------------------------

          ...................................................
          :                      SETUP                      :
          :.................................................:
          :  # basis functions                  98          :
          :  # atomic orbitals                  98          :
          :  # shells                           56          :
          :  # electrons                       108          :
          :  max. iterations                   250          :
          :  Hamiltonian                  GFN2-xTB          :
          :  restarted?                      false          :
          :  GBSA solvation                  false          :
          :  PC potential                    false          :
          :  electronic temp.          300.0000000     K    :
          :  accuracy                    1.0000000          :
          :  -> integral cutoff          0.2500000E+02      :
          :  -> integral neglect         0.1000000E-07      :
          :  -> SCF convergence          0.1000000E-05 Eh   :
          :  -> wf. convergence          0.1000000E-03 e    :
          :  Broyden damping             0.4000000          :
          ...................................................

 iter      E             dE          RMSdq      gap      omega  full diag
   1    -62.4011316 -0.624011E+02  0.156E-04    2.56       0.0  T
   2    -62.4011316 -0.983889E-10  0.120E-04    2.56     141.4  T
   3    -62.4011316 -0.436188E-09  0.467E-05    2.56     361.8  T

   *** convergence criteria satisfied after 3 iterations ***

         #    Occupation            Energy/Eh            Energy/eV
      -------------------------------------------------------------
         1        2.0000           -0.7433102             -20.2265
       ...           ...                  ...                  ...
        48        2.0000           -0.4390636             -11.9475
        49        2.0000           -0.4278901             -11.6435
        50        2.0000           -0.4150729             -11.2947
        51        2.0000           -0.4044327             -11.0052
        52        2.0000           -0.3990797             -10.8595
        53        2.0000           -0.3895044             -10.5990
        54        2.0000           -0.3625246              -9.8648 (HOMO)
        55                         -0.2684819              -7.3058 (LUMO)
        56                         -0.2459205              -6.6918
        57                         -0.2402287              -6.5370
        58                         -0.2202056              -5.9921
        59                         -0.2080427              -5.6611
       ...                                ...                  ...
        98                          0.6622027              18.0195
      -------------------------------------------------------------
                  HL-Gap            0.0940426 Eh            2.5590 eV
             Fermi-level           -0.3155032 Eh           -8.5853 eV

 SCC (total)                   0 d,  0 h,  0 min,  0.047 sec
 SCC setup                      ...        0 min,  0.000 sec (  0.710%)
 Dispersion                     ...        0 min,  0.000 sec (  1.002%)
 integral evaluation            ...        0 min,  0.017 sec ( 36.754%)
 zeroth order Hamiltonian       ...        0 min,  0.000 sec (  0.540%)
 iterations                     ...        0 min,  0.006 sec ( 12.816%)
 molecular gradient             ...        0 min,  0.022 sec ( 47.111%)
 printout                       ...        0 min,  0.000 sec (  0.967%)

         :::::::::::::::::::::::::::::::::::::::::::::::::::::
         ::                     SUMMARY                     ::
         :::::::::::::::::::::::::::::::::::::::::::::::::::::
         :: total energy             -61.581210791139 Eh    ::
         :: gradient norm              0.000607907067 Eh/a0 ::
         :: HOMO-LUMO gap              2.559030449564 eV    ::
         ::.................................................::
         :: SCC energy               -62.401131635538 Eh    ::
         :: -> isotropic ES            0.059162448755 Eh    ::
         :: -> anisotropic ES          0.004503927966 Eh    ::
         :: -> anisotropic XC          0.014428766547 Eh    ::
         :: -> dispersion             -0.037067873381 Eh    ::
         :: repulsion energy           0.819700747926 Eh    ::
         :: add. restraining           0.000000000000 Eh    ::
         :::::::::::::::::::::::::::::::::::::::::::::::::::::

           -------------------------------------------------
          |                Property Printout                |
           -------------------------------------------------

    * Orbital Energies and Occupations

         #    Occupation            Energy/Eh            Energy/eV
      -------------------------------------------------------------
         1        2.0000           -0.7433102             -20.2265
       ...           ...                  ...                  ...
        42        2.0000           -0.4749996             -12.9254
        43        2.0000           -0.4661800             -12.6854
        44        2.0000           -0.4611393             -12.5482
        45        2.0000           -0.4531720             -12.3314
        46        2.0000           -0.4481968             -12.1961
        47        2.0000           -0.4424098             -12.0386
        48        2.0000           -0.4390636             -11.9475
        49        2.0000           -0.4278901             -11.6435
        50        2.0000           -0.4150729             -11.2947
        51        2.0000           -0.4044327             -11.0052
        52        2.0000           -0.3990797             -10.8595
        53        2.0000           -0.3895044             -10.5990
        54        2.0000           -0.3625246              -9.8648 (HOMO)
        55                         -0.2684819              -7.3058 (LUMO)
        56                         -0.2459205              -6.6918
        57                         -0.2402287              -6.5370
        58                         -0.2202056              -5.9921
        59                         -0.2080427              -5.6611
        60                         -0.1896895              -5.1617
        61                         -0.1785939              -4.8598
        62                         -0.0999116              -2.7187
        63                         -0.0203541              -0.5539
        64                         -0.0064134              -0.1745
        65                          0.0179370               0.4881
       ...                                ...                  ...
        98                          0.6622027              18.0195
      -------------------------------------------------------------
                  HL-Gap            0.0940426 Eh            2.5590 eV
             Fermi-level           -0.3155032 Eh           -8.5853 eV

     #   Z        covCN         q      C6AA      α(0)
     1   6 C      2.923    -0.038    28.938     8.822
     2   6 C      2.918    -0.053    29.309     8.878
     3   6 C      2.885     0.125    25.250     8.238
     4   8 O      1.708    -0.242    18.002     5.729
     5   6 C      2.802     0.068    26.475     8.429
     6   6 C      2.799     0.065    26.540     8.439
     7   8 O      1.707    -0.226    17.756     5.689
     8   6 C      2.799     0.050    26.857     8.490
     9   6 C      2.788     0.059    26.658     8.457
    10   8 O      1.706    -0.239    17.960     5.722
    11   6 C      2.787     0.061    26.627     8.452
    12   6 C      2.886     0.073    26.358     8.417
    13   8 O      1.705    -0.277    18.589     5.821
    14   6 C      2.886     0.061    26.642     8.462
    15   6 C      2.791     0.086    26.073     8.364
    16   8 O      1.708    -0.247    18.095     5.743
    17   6 C      2.871     0.113    25.516     8.280
    18   6 C      2.927    -0.058    29.453     8.900
    19   6 C      2.970     0.012    27.744     8.640
    20   6 C      2.896    -0.029    28.721     8.787
    21   6 C      2.837    -0.084    30.102     8.991
    22   1 H      0.926     0.055     2.256     2.349
    23   1 H      0.926     0.063     2.168     2.302
    24   1 H      0.925     0.033     2.538     2.491
    25   1 H      0.926     0.073     2.052     2.240
    26   1 H      0.926     0.033     2.540     2.492
    27   1 H      0.926     0.076     2.020     2.223
    28   1 H      0.926     0.067     2.123     2.279
    29   1 H      0.925     0.041     2.429     2.437
    30   1 H      0.925     0.055     2.257     2.350
    31   1 H      0.925     0.042     2.426     2.436
    32   1 H      0.926     0.052     2.291     2.367
    33   1 H      0.925     0.041     2.434     2.440
    34   1 H      0.926     0.044     2.390     2.418
    35   1 H      0.926     0.045     2.386     2.415

 Mol. C6AA /au·bohr⁶  :      15836.638382
 Mol. C8AA /au·bohr⁸  :     381678.561048
 Mol. α(0) /au        :        198.990202


Wiberg/Mayer (AO) data.
largest (>0.10) Wiberg bond orders for each atom
          total WBO             WBO to atom ...
     1  C   3.987        C    2 1.473    C   19 1.361    H   22 0.964
     2  C   3.984        C    1 1.473    C    3 1.366    H   23 0.966
     3  C   3.932        C    2 1.366    C   17 1.316    O    4 1.033
     4  O   2.285        C    3 1.033    C    5 1.025
     5  C   3.918        C    6 1.766    O    4 1.025    H   24 0.954
     6  C   3.912        C    5 1.766    O    7 1.052    H   25 0.953
     7  O   2.324        C    6 1.052    C    8 1.039
     8  C   3.920        C    9 1.770    O    7 1.039    H   26 0.946
     9  C   3.916        C    8 1.770    O   10 1.034    H   27 0.955
    10  O   2.287        C    9 1.034    C   11 1.026
    11  C   3.927        C   12 1.814    O   10 1.026    H   28 0.954
    12  C   3.933        C   11 1.814    O   13 1.013    H   29 0.953
    13  O   2.162        C   12 1.013    C   14 0.977
    14  C   3.918        C   15 1.803    O   13 0.977    H   30 0.955    O   16 0.109
    15  C   3.931        C   14 1.803    O   16 1.062    H   31 0.956
    16  O   2.296        C   15 1.062    C   17 0.989    C   14 0.109
    17  C   3.923        C   18 1.415    C    3 1.316    O   16 0.989
    18  C   3.987        C   17 1.415    C   19 1.373    H   32 0.964
    19  C   3.982        C   18 1.373    C    1 1.361    C   20 1.095
    20  C   3.990        C   21 1.897    C   19 1.095    H   33 0.964
    21  C   3.982        C   20 1.897    H   35 0.978    H   34 0.973
    22  H   0.997        C    1 0.964
    23  H   0.995        C    2 0.966
    24  H   0.999        C    5 0.954
    25  H   0.994        C    6 0.953
    26  H   0.999        C    8 0.946
    27  H   0.994        C    9 0.955
    28  H   0.995        C   11 0.954
    29  H   0.998        C   12 0.953
    30  H   0.997        C   14 0.955
    31  H   0.998        C   15 0.956
    32  H   0.997        C   18 0.964
    33  H   0.998        C   20 0.964
    34  H   0.998        C   21 0.973
    35  H   0.997        C   21 0.978

molecular dipole:
                 x           y           z       tot (Debye)
 q only:       -0.426      -1.088      -0.170
   full:       -0.411      -1.121      -0.299       3.129
molecular quadrupole (traceless):
                xx          xy          yy          xz          yz          zz
 q only:       10.568      -2.428     -19.669       2.111       3.901       9.101
  q+dip:       14.126       1.997     -24.355       2.336       2.585      10.230
   full:       14.623      -0.310     -23.982       2.062       1.953       9.359

           -------------------------------------------------
          |                Geometry Summary                 |
           -------------------------------------------------

      molecular mass/u    :      286.2836000
   center of mass at/Å    :        0.0507333       5.3745825      -0.3201007
  moments of inertia/u·Å² :        0.9191095E+03   0.2941728E+04   0.3554734E+04
rotational constants/cm⁻¹ :        0.1834127E-01   0.5730521E-02   0.4742305E-02

 * 35 selected distances

     #   Z        #   Z                                     value/Å
     1   6 C      2   6 C                                 1.3778724
     2   6 C      3   6 C                                 1.3922004
     3   6 C      4   8 O                                 1.3700698
     4   8 O      5   6 C                                 1.3725820
     5   6 C      6   6 C                                 1.3314998
     6   6 C      7   8 O                                 1.3642786
     7   8 O      8   6 C                                 1.3670150
     8   6 C      9   6 C                                 1.3304344
     9   6 C     10   8 O                                 1.3745056
    10   8 O     11   6 C                                 1.3742470
    11   6 C     12   6 C                                 1.3279403
    12   6 C     13   8 O                                 1.3764308
    13   8 O     14   6 C                                 1.3934413
    14   6 C     15   6 C                                 1.3294011
    15   6 C     16   8 O                                 1.3563777
     3   6 C     17   6 C                                 1.4034769 (max)
    16   8 O     17   6 C                                 1.3848077
    17   6 C     18   6 C                                 1.3838921
     1   6 C     19   6 C                                 1.3963547
    18   6 C     19   6 C                                 1.3943151
    20   6 C     21   6 C                                 1.3278908
     1   6 C     22   1 H                                 1.0777958
     2   6 C     23   1 H                                 1.0787529
     5   6 C     24   1 H                                 1.0830479
     6   6 C     25   1 H                                 1.0792685
     8   6 C     26   1 H                                 1.0798292
     9   6 C     27   1 H                                 1.0777410
    11   6 C     28   1 H                                 1.0808275
    12   6 C     29   1 H                                 1.0874369
    14   6 C     30   1 H                                 1.0825170
    15   6 C     31   1 H                                 1.0862163
    18   6 C     32   1 H                                 1.0811966
    20   6 C     33   1 H                                 1.0829397
    21   6 C     34   1 H                                 1.0761860
    21   6 C     35   1 H                                 1.0761612 (min)

 * 3 distinct bonds (by element types)

   Z      Z             #   av. dist./Å        max./Å        min./Å
   1 H    6 C          14     1.0807083     1.0874369     1.0761612
   6 C    6 C          11     1.3632071     1.4034769     1.3278908
   6 C    8 O          10     1.3733755     1.3934413     1.3563777


optimized geometry written to: xtbopt.xyz


           -------------------------------------------------
          | TOTAL ENERGY              -61.581210791139 Eh   |
          | GRADIENT NORM               0.000607907067 Eh/α |
          | HOMO-LUMO GAP               2.559030449564 eV   |
           -------------------------------------------------

------------------------------------------------------------------------
 * finished run on 2021/05/19 at 10:58:22.992     
------------------------------------------------------------------------
 total:
 * wall-time:     0 d,  0 h,  0 min,  2.833 sec
 *  cpu-time:     0 d,  0 h,  0 min,  2.833 sec
 * ratio c/w:     1.000 speedup
 SCF:
 * wall-time:     0 d,  0 h,  0 min,  0.063 sec
 *  cpu-time:     0 d,  0 h,  0 min,  0.063 sec
 * ratio c/w:     1.000 speedup
 ANC optimizer:
 * wall-time:     0 d,  0 h,  0 min,  2.741 sec
 *  cpu-time:     0 d,  0 h,  0 min,  2.741 sec
 * ratio c/w:     1.000 speedup

