      -----------------------------------------------------------      
     |                   =====================                   |     
     |                           x T B                           |     
     |                   =====================                   |     
     |                         S. Grimme                         |     
     |          Mulliken Center for Theoretical Chemistry        |     
     |                    University of Bonn                     |     
     |                Version 6.2 RC2 (SAW190805)                |     
      -----------------------------------------------------------      

   This program is distributed in the hope that it will be useful,
   but WITHOUT ANY WARRANTY; without even the implied warranty of
   MERCHANTABILITY or FITNESS FOR A PARTICULAR PURPOSE.
   
   FOR NON-COMMERCIAL, ACADEMIA USE ONLY.
   
   Cite this work as:
   * S. Grimme, C. Bannwarth, P. Shushkov, J. Chem. Theory Comput., 2017,
     13, 1989-2009. DOI: 10.1021/acs.jctc.7b00118
   * C. Bannwarth, S. Ehlert and S. Grimme., J. Chem. Theory Comput., 2019,
     15, 1652-1671. DOI: 10.1021/acs.jctc.8b01176
   * P. Pracht, E. Caldeweyher, S. Ehlert, S. Grimme, ChemRxiv, 2019, preprint.
     DOI: 10.26434/chemrxiv.8326202.v1
   
   for DFT-D4:
   * E. Caldeweyher, C. Bannwarth and S. Grimme, J. Chem. Phys., 2017,
     147, 034112. DOI: 10.1063/1.4993215
   * E. Caldeweyher, S. Ehlert, A. Hansen, H. Neugebauer, S. Spicher,
     C. Bannwarth and S. Grimme, J. Chem. Phys., 2019, 150, 154122.
     DOI: 10.1063/1.5090222
   
   for sTDA-xTB:
   * S. Grimme and C. Bannwarth, J. Chem. Phys., 2016, 145, 054103.
     DOI: 10.1063/1.4959605
   
   in the mass-spec context:
   * V. Asgeirsson, C. Bauer and S. Grimme, Chem. Sci., 2017, 8, 4879.
     DOI: 10.1039/c7sc00601b
   
   for metadynamics refer to:
   * S. Grimme, J. Chem. Theory Comput., 2019, 155, 2847-2862
     DOI: 10.1021/acs.jctc.9b00143
   
   with help from (in alphabetical order)
   C. Bannwarth, F. Bohle, G. Brandenburg, E. Caldeweyher, M. Checinski,
   S. Dohm, S. Ehlert, S. Ehrlich, F. März, H. Neugebauer, J. Pisarek,
   P. Pracht, P. Shushkov, and S. Spicher.
   
 * started run on 2021/05/19 at 10:59:19.976     

           -------------------------------------------------
          |                Calculation Setup                |
           -------------------------------------------------

          program call               : /ihome/ghutchison/geoffh/xtb/xtb 343.xyz -opt
          hostname                   : smp-n122
          coordinate file            : 343.xyz
          omp threads                :                     1
          number of atoms            :                    25
          number of electrons        :                    80
          charge                     :                     0
          spin                       :                   0.0
          first test random number   :      0.45903916518126


########################################################################
# WARNING! Please study the warnings concerning your input carefully
#  - the use of '-opt' is discouraged, please use '--opt' next time
########################################################################

           ------------------------------------------------- 
          |                 G F N 2 - x T B                 |
          | Geometry, Frequencies, Noncovalent interactions |
          |            JCTC 2019 parametrisation            |
           ------------------------------------------------- 
             KAB for C  - Si     :                1.0500
             KAB for H  - Pd     :                0.9500
             k(s)              :                1.8500
             k(p)              :                2.2300
             k(d)              :                2.2300
             k(f)              :                2.0000
             kEN (H0ij)        :               -2.0000
             D4 a1             :                0.5200
             D4 a2             :                5.0000
             D4 s6             :                1.0000
             D4 s8             :                2.7000
             D4 s9             :                5.0000
             alphaj            :                2.0000

  Z AO/shell   Hii/eV     exponent
  1     Wed Apr 25 08:07:45 CEST 2018   EN: 2.200 GM2: 0.406  GM3: 0.0800  RAES: 1.40
     1s    -10.707211    1.230000
  6     Wed Apr 25 08:07:45 CEST 2018   EN: 2.550 GM2: 0.538  GM3: 0.1500  RAES: 3.00
     2s    -13.970922    2.096432
     2p    -10.063292    1.800000
  7     Wed Apr 25 08:07:45 CEST 2018   EN: 3.040 GM2: 0.461  GM3:-0.0640  RAES: 1.90
     2s    -16.686243    2.339881
     2p    -12.523956    2.014332
  8     Wed Apr 25 08:07:45 CEST 2018   EN: 3.440 GM2: 0.452  GM3:-0.0517  RAES: 1.80
     2s    -20.229985    2.439742
     2p    -15.503117    2.137023
 16     Tue Apr 24 11:44:34 CEST 2018   EN: 2.580 GM2: 0.340  GM3:-0.0502  RAES: 3.10
     3s    -20.029654    1.981333
     3p    -11.377694    2.025643
     3d     -0.420282    1.702555

           ------------------------------------------------- 
          |        Self-Consistent Charge Iterations        |
           ------------------------------------------------- 

          ...................................................
          :                      SETUP                      :
          :.................................................:
          :  # basis functions                  79          :
          :  # atomic orbitals                  78          :
          :  # shells                           42          :
          :  # electrons                        80          :
          :  max. iterations                   250          :
          :  Hamiltonian                  GFN2-xTB          :
          :  restarted?                      false          :
          :  GBSA solvation                  false          :
          :  PC potential                    false          :
          :  electronic temp.          300.0000000     K    :
          :  accuracy                    1.0000000          :
          :  -> integral cutoff          0.2500000E+02      :
          :  -> integral neglect         0.1000000E-07      :
          :  -> SCF convergence          0.1000000E-05 Eh   :
          :  -> wf. convergence          0.1000000E-03 e    :
          :  Broyden damping             0.4000000          :
          ...................................................

 iter      E             dE          RMSdq      gap      omega  full diag
   1    -45.0474961 -0.450475E+02  0.484E+00    2.75       0.0  T
   2    -45.1481028 -0.100607E+00  0.293E+00    2.29       1.0  T
   3    -45.1550492 -0.694635E-02  0.170E+00    2.52       1.0  T
   4    -45.1645184 -0.946920E-02  0.762E-01    2.42       1.0  T
   5    -45.1768687 -0.123503E-01  0.144E-01    2.42       1.0  T
   6    -45.1770952 -0.226504E-03  0.674E-02    2.43       1.0  T
   7    -45.1771221 -0.268544E-04  0.214E-02    2.43       1.0  T
   8    -45.1771237 -0.163124E-05  0.117E-02    2.43       1.7  T
   9    -45.1771247 -0.102517E-05  0.534E-03    2.43       3.7  T
  10    -45.1771249 -0.142189E-06  0.138E-03    2.43      14.5  T
  11    -45.1771249 -0.130602E-07  0.695E-04    2.43      28.8  T
  12    -45.1771249 -0.171419E-08  0.130E-04    2.43     153.8  T

   *** convergence criteria satisfied after 12 iterations ***

         #    Occupation            Energy/Eh            Energy/eV
      -------------------------------------------------------------
         1        2.0000           -0.7489325             -20.3795
       ...           ...                  ...                  ...
        34        2.0000           -0.4568317             -12.4310
        35        2.0000           -0.4191488             -11.4056
        36        2.0000           -0.4116746             -11.2022
        37        2.0000           -0.4110655             -11.1857
        38        2.0000           -0.4036277             -10.9833
        39        2.0000           -0.3945034             -10.7350
        40        2.0000           -0.3913038             -10.6479 (HOMO)
        41                         -0.3020724              -8.2198 (LUMO)
        42                         -0.2823236              -7.6824
        43                         -0.2342454              -6.3741
        44                         -0.2132785              -5.8036
        45                         -0.1842261              -5.0130
       ...                                ...                  ...
        78                          0.7310187              19.8920
      -------------------------------------------------------------
                  HL-Gap            0.0892315 Eh            2.4281 eV
             Fermi-level           -0.3466881 Eh           -9.4339 eV

 SCC (total)                   0 d,  0 h,  0 min,  0.046 sec
 SCC setup                      ...        0 min,  0.000 sec (  0.694%)
 Dispersion                     ...        0 min,  0.000 sec (  0.869%)
 integral evaluation            ...        0 min,  0.012 sec ( 25.311%)
 zeroth order Hamiltonian       ...        0 min,  0.000 sec (  0.439%)
 iterations                     ...        0 min,  0.017 sec ( 36.325%)
 molecular gradient             ...        0 min,  0.016 sec ( 35.427%)
 printout                       ...        0 min,  0.000 sec (  0.833%)

         :::::::::::::::::::::::::::::::::::::::::::::::::::::
         ::                     SUMMARY                     ::
         :::::::::::::::::::::::::::::::::::::::::::::::::::::
         :: total energy             -44.589799633334 Eh    ::
         :: gradient norm              0.046602358507 Eh/a0 ::
         :: HOMO-LUMO gap              2.428111678307 eV    ::
         ::.................................................::
         :: SCC energy               -45.177124895121 Eh    ::
         :: -> isotropic ES            0.060244375500 Eh    ::
         :: -> anisotropic ES          0.002149633474 Eh    ::
         :: -> anisotropic XC          0.014496148928 Eh    ::
         :: -> dispersion             -0.027782950285 Eh    ::
         :: repulsion energy           0.587374079990 Eh    ::
         :: add. restraining           0.000000000000 Eh    ::
         :::::::::::::::::::::::::::::::::::::::::::::::::::::

      ----------------------------------------------------------- 
     |                   =====================                   |
     |                        A N C O P T                        |
     |                   =====================                   |
     |               Approximate Normal Coordinate               |
     |                Rational Function Optimizer                |
      ----------------------------------------------------------- 

          ...................................................
          :                      SETUP                      :
          :.................................................:
          :   optimization level            normal          :
          :   max. optcycles                   200          :
          :   ANC micro-cycles                  20          :
          :   degrees of freedom                69          :
          :.................................................:
          :   RF solver                   davidson          :
          :   input Hessian                  false          :
          :   write xtbopt.log                true          :
          :   linear?                        false          :
          :   energy convergence         0.5000000E-05 Eh   :
          :   grad. convergence          0.1000000E-02 Eh/α :
          :   maximium RF displ.         2.0000000          :
          :   Hlow (freq-cutoff)         0.5000000E-02      :
          :   Hmax (freq-cutoff)         5.0000000          :
          :   S6 in model hess.         20.0000000          :
          ...................................................

generating ANC from model Hessian ...
Using Lindh-Hessian (1995)
 Shifting diagonal of input Hessian by   3.850468884033718E-003
 Lowest  eigenvalues of input Hessian
   -0.000000   -0.000000   -0.000000    0.000000    0.000000    0.000000
    0.005000    0.006076    0.008884    0.009453    0.010649    0.015565
    0.017346    0.019027    0.022082    0.025540    0.035022    0.035060
 Highest eigenvalues
    1.790373    1.902855    2.002738    2.004130    2.195226    2.270541
 

........................................................................
.............................. CYCLE    1 ..............................
........................................................................
   1    -45.1771249 -0.451771E+02  0.516E-05    2.43       0.0  T
   2    -45.1771249 -0.111555E-10  0.271E-05    2.43     737.9  T
   3    -45.1771249 -0.255795E-11  0.194E-05    2.43    1030.5  T
     SCC iter.                  ...        0 min,  0.005 sec
     gradient                   ...        0 min,  0.016 sec
 * total energy  :   -44.5897996 Eh     change       -0.5696627E-08 Eh
   gradient norm :     0.0466022 Eh/α   predicted     0.0000000E+00 (-100.00%)
   displ. norm   :     0.1351612 α      lambda       -0.3469391E-02
   maximum displ.:     0.0621595 α      in ANC's #33, #3, #35, ...

........................................................................
.............................. CYCLE    2 ..............................
........................................................................
   1    -45.2038422 -0.452038E+02  0.135E-01    2.47       0.0  T
   2    -45.2039121 -0.698579E-04  0.610E-02    2.47       1.0  T
   3    -45.2039145 -0.245200E-05  0.283E-02    2.47       1.0  T
   4    -45.2039193 -0.478005E-05  0.139E-02    2.47       1.4  T
   5    -45.2039210 -0.171375E-05  0.472E-03    2.47       4.2  T
   6    -45.2039211 -0.655806E-07  0.142E-03    2.47      14.1  T
     SCC iter.                  ...        0 min,  0.008 sec
     gradient                   ...        0 min,  0.015 sec
 * total energy  :   -44.5919944 Eh     change       -0.2194763E-02 Eh
   gradient norm :     0.0167292 Eh/α   predicted    -0.1766398E-02 ( -19.52%)
   displ. norm   :     0.0891296 α      lambda       -0.4645498E-03
   maximum displ.:     0.0698090 α      in ANC's #3, #1, #12, ...

........................................................................
.............................. CYCLE    3 ..............................
........................................................................
   1    -45.2117939 -0.452118E+02  0.694E-02    2.48       0.0  T
   2    -45.2118167 -0.227484E-04  0.352E-02    2.49       1.0  T
   3    -45.2118175 -0.823995E-06  0.182E-02    2.49       1.1  T
   4    -45.2118198 -0.232638E-05  0.952E-03    2.49       2.1  T
   5    -45.2118209 -0.109834E-05  0.265E-03    2.49       7.6  T
   6    -45.2118210 -0.315737E-07  0.132E-03    2.49      15.1  T
     SCC iter.                  ...        0 min,  0.008 sec
     gradient                   ...        0 min,  0.015 sec
 * total energy  :   -44.5922622 Eh     change       -0.2678187E-03 Eh
   gradient norm :     0.0045095 Eh/α   predicted    -0.2341218E-03 ( -12.58%)
   displ. norm   :     0.0599284 α      lambda       -0.6523055E-04
   maximum displ.:     0.0481395 α      in ANC's #3, #1, #17, ...

........................................................................
.............................. CYCLE    4 ..............................
........................................................................
   1    -45.2116835 -0.452117E+02  0.326E-02    2.49       0.0  T
   2    -45.2116857 -0.218137E-05  0.182E-02    2.49       1.1  T
   3    -45.2116849  0.740501E-06  0.918E-03    2.49       2.2  T
   4    -45.2116861 -0.114438E-05  0.321E-03    2.49       6.2  T
   5    -45.2116862 -0.152714E-06  0.101E-03    2.49      19.8  T
   6    -45.2116862 -0.805867E-08  0.499E-04    2.49      40.1  T
     SCC iter.                  ...        0 min,  0.008 sec
     gradient                   ...        0 min,  0.015 sec
 * total energy  :   -44.5923099 Eh     change       -0.4764299E-04 Eh
   gradient norm :     0.0018853 Eh/α   predicted    -0.3273582E-04 ( -31.29%)
   displ. norm   :     0.1071409 α      lambda       -0.4037022E-04
   maximum displ.:     0.0818550 α      in ANC's #3, #1, #17, ...

........................................................................
.............................. CYCLE    5 ..............................
........................................................................
   1    -45.2098543 -0.452099E+02  0.508E-02    2.48       0.0  T
   2    -45.2098559 -0.155745E-05  0.293E-02    2.48       1.0  T
   3    -45.2098542  0.168127E-05  0.981E-03    2.48       2.0  T
   4    -45.2098563 -0.206118E-05  0.256E-03    2.48       7.8  T
   5    -45.2098564 -0.968507E-07  0.105E-03    2.48      19.0  T
   6    -45.2098564 -0.628513E-08  0.567E-04    2.48      35.3  T
   7    -45.2098564 -0.338954E-08  0.205E-04    2.48      97.4  T
     SCC iter.                  ...        0 min,  0.009 sec
     gradient                   ...        0 min,  0.016 sec
 * total energy  :   -44.5923396 Eh     change       -0.2969254E-04 Eh
   gradient norm :     0.0026109 Eh/α   predicted    -0.2028907E-04 ( -31.67%)
   displ. norm   :     0.0272291 α      lambda       -0.1179664E-04
   maximum displ.:     0.0211924 α      in ANC's #1, #3, #21, ...

........................................................................
.............................. CYCLE    6 ..............................
........................................................................
   1    -45.2099505 -0.452100E+02  0.175E-02    2.48       0.0  T
   2    -45.2099507 -0.156782E-06  0.957E-03    2.48       2.1  T
   3    -45.2099506  0.575978E-07  0.271E-03    2.48       7.4  T
   4    -45.2099507 -0.903479E-07  0.138E-03    2.48      14.5  T
   5    -45.2099507 -0.163353E-07  0.514E-04    2.48      38.9  T
   6    -45.2099507 -0.177589E-08  0.215E-04    2.48      93.1  T
     SCC iter.                  ...        0 min,  0.008 sec
     gradient                   ...        0 min,  0.016 sec
 * total energy  :   -44.5923484 Eh     change       -0.8852675E-05 Eh
   gradient norm :     0.0018562 Eh/α   predicted    -0.5904806E-05 ( -33.30%)
   displ. norm   :     0.0663157 α      lambda       -0.1532268E-04
   maximum displ.:     0.0512260 α      in ANC's #1, #3, #10, ...

........................................................................
.............................. CYCLE    7 ..............................
........................................................................
   1    -45.2107058 -0.452107E+02  0.318E-02    2.48       0.0  T
   2    -45.2107068 -0.960217E-06  0.187E-02    2.48       1.1  T
   3    -45.2107060  0.756818E-06  0.747E-03    2.48       2.7  T
   4    -45.2107070 -0.992658E-06  0.229E-03    2.48       8.7  T
   5    -45.2107070 -0.633712E-07  0.980E-04    2.48      20.4  T
   6    -45.2107071 -0.430975E-08  0.535E-04    2.48      37.4  T
     SCC iter.                  ...        0 min,  0.008 sec
     gradient                   ...        0 min,  0.016 sec
 * total energy  :   -44.5923608 Eh     change       -0.1237937E-04 Eh
   gradient norm :     0.0011124 Eh/α   predicted    -0.7679445E-05 ( -37.97%)
   displ. norm   :     0.0310493 α      lambda       -0.3127733E-05
   maximum displ.:     0.0261133 α      in ANC's #1, #3, #9, ...

........................................................................
.............................. CYCLE    8 ..............................
........................................................................
   1    -45.2107295 -0.452107E+02  0.124E-02    2.48       0.0  T
   2    -45.2107296 -0.790696E-07  0.707E-03    2.48       2.8  T
   3    -45.2107295  0.600712E-07  0.205E-03    2.48       9.7  T
   4    -45.2107296 -0.794310E-07  0.709E-04    2.48      28.2  T
   5    -45.2107296 -0.595740E-08  0.297E-04    2.48      67.3  T
     SCC iter.                  ...        0 min,  0.007 sec
     gradient                   ...        0 min,  0.016 sec
 * total energy  :   -44.5923645 Eh     change       -0.3721283E-05 Eh
   gradient norm :     0.0005721 Eh/α   predicted    -0.1566645E-05 ( -57.90%)
   displ. norm   :     0.0318924 α      lambda       -0.8022849E-06
   maximum displ.:     0.0271109 α      in ANC's #1, #3, #9, ...

   *** GEOMETRY OPTIMIZATION CONVERGED AFTER 8 ITERATIONS ***

------------------------------------------------------------------------
 total energy gain   :        -0.0025649 Eh       -1.6095 kcal/mol
 total RMSD          :         0.0884182 a0        0.0468 Å
 total power (kW/mol):        -0.8417603 (step)  -23.2590 (real)
------------------------------------------------------------------------

 ANCopt (total)                0 d,  0 h,  0 min,  0.290 sec
 optimizer setup                ...        0 min,  0.000 sec (  0.048%)
 model hessian                  ...        0 min,  0.005 sec (  1.762%)
 ANC generation                 ...        0 min,  0.001 sec (  0.247%)
 coordinate transformation      ...        0 min,  0.000 sec (  0.046%)
 single point calculation       ...        0 min,  0.281 sec ( 97.037%)
 optimization log               ...        0 min,  0.001 sec (  0.284%)
 hessian update                 ...        0 min,  0.000 sec (  0.036%)
 rational function              ...        0 min,  0.001 sec (  0.332%)

================
 final structure:
================
$coord
   -4.65295932851496    2.44212863533387    0.02479715118767      C 
   -6.98619678092181    0.19450396271988    0.01173672743539      S 
   -2.29059721909543    1.40944183495947    0.03493104430872      C 
    0.07418841540790    2.88617313541669    0.03873339489449      C 
    0.13421579360952    5.18577594535603    0.06470961321410      O 
    2.30172941711504    1.26816553399555    0.00273210867680      C 
    4.81760326730861    1.93403959799152   -0.05255976992855      C 
    6.23204982365536   -0.19819629966276   -0.10235908074196      N 
    8.95440359509848   -0.28026911125722   -0.06210975706735      C 
    9.95531292026507   -0.34005904321798    2.64359455454927      C 
    4.69337339510554   -2.24275597304646   -0.05421921403097      C 
    2.22156603867781   -1.42862628479063    0.00184117301368      C 
   -0.09810450742303   -2.91156321073207    0.03792656754995      C 
   -0.17462844440560   -5.21067443254189    0.06353735878301      O 
   -2.37102517813085   -1.29706156341517    0.03478603881287      C 
   -4.79053032404466   -2.18767950542702    0.02462892508775      C 
   -5.12256096625170    4.41297080386795    0.02110614794966      H 
    5.65088464442410    3.78012222133707   -0.07690582339451      H 
    9.67391978805748    1.38790880101153   -1.04516095792979      H 
    9.57421225493963   -1.96643821608415   -1.08204992333133      H 
    9.35061307763640    1.33547134352226    3.66783153535215      H 
   12.00732556732499   -0.40136232019197    2.63150480908046      H 
    9.25090120162592   -1.99857011885052    3.63111047720048      H 
    5.41556916552454   -4.13502821866516   -0.08039922463947      H 
   -5.37629880189874   -4.12716769559374    0.02089200919040      H 
$end
           -------------------------------------------------
          |                Final Singlepoint                |
           -------------------------------------------------

          ...................................................
          :                      SETUP                      :
          :.................................................:
          :  # basis functions                  79          :
          :  # atomic orbitals                  78          :
          :  # shells                           42          :
          :  # electrons                        80          :
          :  max. iterations                   250          :
          :  Hamiltonian                  GFN2-xTB          :
          :  restarted?                      false          :
          :  GBSA solvation                  false          :
          :  PC potential                    false          :
          :  electronic temp.          300.0000000     K    :
          :  accuracy                    1.0000000          :
          :  -> integral cutoff          0.2500000E+02      :
          :  -> integral neglect         0.1000000E-07      :
          :  -> SCF convergence          0.1000000E-05 Eh   :
          :  -> wf. convergence          0.1000000E-03 e    :
          :  Broyden damping             0.4000000          :
          ...................................................

 iter      E             dE          RMSdq      gap      omega  full diag
   1    -45.2107296 -0.452107E+02  0.169E-04    2.48       0.0  T
   2    -45.2107296 -0.723759E-10  0.993E-05    2.48     201.4  T
   3    -45.2107296 -0.283528E-09  0.508E-05    2.48     393.6  T

   *** convergence criteria satisfied after 3 iterations ***

         #    Occupation            Energy/Eh            Energy/eV
      -------------------------------------------------------------
         1        2.0000           -0.7471615             -20.3313
       ...           ...                  ...                  ...
        34        2.0000           -0.4556109             -12.3978
        35        2.0000           -0.4198020             -11.4234
        36        2.0000           -0.4115860             -11.1998
        37        2.0000           -0.4111421             -11.1877
        38        2.0000           -0.4040162             -10.9938
        39        2.0000           -0.3946062             -10.7378
        40        2.0000           -0.3909484             -10.6382 (HOMO)
        41                         -0.2996665              -8.1543 (LUMO)
        42                         -0.2800034              -7.6193
        43                         -0.2311846              -6.2909
        44                         -0.2135020              -5.8097
        45                         -0.1794235              -4.8824
       ...                                ...                  ...
        78                          0.7502657              20.4158
      -------------------------------------------------------------
                  HL-Gap            0.0912819 Eh            2.4839 eV
             Fermi-level           -0.3453074 Eh           -9.3963 eV

 SCC (total)                   0 d,  0 h,  0 min,  0.033 sec
 SCC setup                      ...        0 min,  0.000 sec (  0.670%)
 Dispersion                     ...        0 min,  0.000 sec (  0.710%)
 integral evaluation            ...        0 min,  0.011 sec ( 33.909%)
 zeroth order Hamiltonian       ...        0 min,  0.000 sec (  0.546%)
 iterations                     ...        0 min,  0.005 sec ( 13.657%)
 molecular gradient             ...        0 min,  0.016 sec ( 49.310%)
 printout                       ...        0 min,  0.000 sec (  1.034%)

         :::::::::::::::::::::::::::::::::::::::::::::::::::::
         ::                     SUMMARY                     ::
         :::::::::::::::::::::::::::::::::::::::::::::::::::::
         :: total energy             -44.592364525505 Eh    ::
         :: gradient norm              0.000572531111 Eh/a0 ::
         :: HOMO-LUMO gap              2.483908073207 eV    ::
         ::.................................................::
         :: SCC energy               -45.210729578806 Eh    ::
         :: -> isotropic ES            0.059388290573 Eh    ::
         :: -> anisotropic ES          0.002033930599 Eh    ::
         :: -> anisotropic XC          0.013564926880 Eh    ::
         :: -> dispersion             -0.027926364803 Eh    ::
         :: repulsion energy           0.618410434878 Eh    ::
         :: add. restraining           0.000000000000 Eh    ::
         :::::::::::::::::::::::::::::::::::::::::::::::::::::

           -------------------------------------------------
          |                Property Printout                |
           -------------------------------------------------

    * Orbital Energies and Occupations

         #    Occupation            Energy/Eh            Energy/eV
      -------------------------------------------------------------
         1        2.0000           -0.7471615             -20.3313
       ...           ...                  ...                  ...
        28        2.0000           -0.4926053             -13.4045
        29        2.0000           -0.4878277             -13.2745
        30        2.0000           -0.4860565             -13.2263
        31        2.0000           -0.4832739             -13.1506
        32        2.0000           -0.4740685             -12.9001
        33        2.0000           -0.4724139             -12.8550
        34        2.0000           -0.4556109             -12.3978
        35        2.0000           -0.4198020             -11.4234
        36        2.0000           -0.4115860             -11.1998
        37        2.0000           -0.4111421             -11.1877
        38        2.0000           -0.4040162             -10.9938
        39        2.0000           -0.3946062             -10.7378
        40        2.0000           -0.3909484             -10.6382 (HOMO)
        41                         -0.2996665              -8.1543 (LUMO)
        42                         -0.2800034              -7.6193
        43                         -0.2311846              -6.2909
        44                         -0.2135020              -5.8097
        45                         -0.1794235              -4.8824
        46                         -0.1702091              -4.6316
        47                         -0.1282419              -3.4896
        48                         -0.0840577              -2.2873
        49                         -0.0166861              -0.4541
        50                         -0.0040568              -0.1104
        51                          0.0178244               0.4850
       ...                                ...                  ...
        78                          0.7502657              20.4158
      -------------------------------------------------------------
                  HL-Gap            0.0912819 Eh            2.4839 eV
             Fermi-level           -0.3453074 Eh           -9.3963 eV

     #   Z        covCN         q      C6AA      α(0)
     1   6 C      2.938    -0.010    28.256     8.718
     2  16 S      2.294     0.035   139.629    19.888
     3   6 C      3.169    -0.029    28.342     8.698
     4   6 C      2.820     0.230    23.173     7.887
     5   8 O      0.857    -0.387    21.426     6.206
     6   6 C      3.107    -0.046    28.988     8.822
     7   6 C      3.044    -0.000    27.998     8.678
     8   7 N      2.854     0.020    20.892     6.789
     9   6 C      3.741    -0.007    20.778     6.503
    10   6 C      3.752    -0.114    22.737     6.800
    11   6 C      3.044    -0.000    27.998     8.678
    12   6 C      3.106    -0.046    28.988     8.822
    13   6 C      2.820     0.230    23.172     7.887
    14   8 O      0.857    -0.387    21.426     6.206
    15   6 C      3.169    -0.029    28.342     8.698
    16   6 C      2.938    -0.010    28.256     8.718
    17   1 H      0.926     0.072     2.064     2.246
    18   1 H      0.926     0.060     2.204     2.321
    19   1 H      0.924     0.061     2.188     2.313
    20   1 H      0.924     0.061     2.189     2.313
    21   1 H      0.925     0.054     2.275     2.359
    22   1 H      0.925     0.055     2.254     2.348
    23   1 H      0.925     0.054     2.274     2.358
    24   1 H      0.926     0.060     2.203     2.321
    25   1 H      0.926     0.072     2.064     2.246

 Mol. C6AA /au·bohr⁶  :      10064.405986
 Mol. C8AA /au·bohr⁸  :     272614.788367
 Mol. α(0) /au        :        158.825048


Wiberg/Mayer (AO) data.
largest (>0.10) Wiberg bond orders for each atom
          total WBO             WBO to atom ...
     1  C   3.952        C    3 1.569    S    2 1.216    H   17 0.967
     2  S   2.692        C   16 1.216    C    1 1.216
     3  C   3.983        C    1 1.569    C   15 1.187    C    4 1.026
     4  C   3.945        O    5 1.746    C    6 1.066    C    3 1.026
     5  O   2.034        C    4 1.746
     6  C   3.979        C    7 1.477    C   12 1.218    C    4 1.066
     7  C   3.951        C    6 1.477    N    8 1.251    H   18 0.967
     8  N   3.667        C    7 1.251    C   11 1.251    C    9 0.987
     9  C   3.967        C   10 1.005    N    8 0.987    H   19 0.970    H   20 0.970
    10  C   3.988        C    9 1.005    H   21 0.986    H   23 0.986    H   22 0.983
    11  C   3.951        C   12 1.477    N    8 1.251    H   24 0.967
    12  C   3.979        C   11 1.477    C    6 1.218    C   13 1.066
    13  C   3.945        O   14 1.746    C   12 1.066    C   15 1.026
    14  O   2.034        C   13 1.746
    15  C   3.983        C   16 1.569    C    3 1.187    C   13 1.026
    16  C   3.952        C   15 1.569    S    2 1.216    H   25 0.967
    17  H   0.994        C    1 0.967
    18  H   0.996        C    7 0.967
    19  H   0.995        C    9 0.970
    20  H   0.995        C    9 0.970
    21  H   0.997        C   10 0.986
    22  H   0.996        C   10 0.983
    23  H   0.997        C   10 0.986
    24  H   0.996        C   11 0.967
    25  H   0.994        C   16 0.967

molecular dipole:
                 x           y           z       tot (Debye)
 q only:        1.449      -0.045       0.065
   full:        1.768      -0.054       0.031       4.495
molecular quadrupole (traceless):
                xx          xy          yy          xz          yz          zz
 q only:       31.162      -1.743     -25.650       1.620      -0.061      -5.512
  q+dip:       31.391      -1.727     -24.985       0.713      -0.018      -6.406
   full:       29.290      -1.724     -26.936       0.961      -0.032      -2.355

           -------------------------------------------------
          |                Geometry Summary                 |
           -------------------------------------------------

      molecular mass/u    :      231.2686000
   center of mass at/Å    :        0.3191416      -0.0175027       0.0935247
  moments of inertia/u·Å² :        0.4375895E+03   0.1751007E+04   0.2135916E+04
rotational constants/cm⁻¹ :        0.3852385E-01   0.9627391E-02   0.7892462E-02

 * 23 selected distances

     #   Z        #   Z                                     value/Å
     1   6 C      2  16 S                                 1.7144024 (max)
     1   6 C      3   6 C                                 1.3643437
     4   6 C      5   8 O                                 1.2173896
     6   6 C      7   6 C                                 1.3774949
     7   6 C      8   7 N                                 1.3542771
     8   7 N      9   6 C                                 1.4414196
     9   6 C     10   6 C                                 1.5269520
     8   7 N     11   6 C                                 1.3543286
     6   6 C     12   6 C                                 1.4277113
    11   6 C     12   6 C                                 1.3774659
    13   6 C     14   8 O                                 1.2173865
     3   6 C     15   6 C                                 1.4328523
     2  16 S     16   6 C                                 1.7143968
    15   6 C     16   6 C                                 1.3643447
     1   6 C     17   1 H                                 1.0721239
     7   6 C     18   1 H                                 1.0718905
     9   6 C     19   1 H                                 1.0930951
     9   6 C     20   1 H                                 1.0931843
    10   6 C     21   1 H                                 1.0873434
    10   6 C     22   1 H                                 1.0863817
    10   6 C     23   1 H                                 1.0873328
    11   6 C     24   1 H                                 1.0718872 (min)
    16   6 C     25   1 H                                 1.0721232

 * 5 distinct bonds (by element types)

   Z      Z             #   av. dist./Å        max./Å        min./Å
   1 H    6 C           9     1.0817069     1.0931843     1.0718872
   6 C    6 C           7     1.4101664     1.5269520     1.3643437
   6 C    7 N           3     1.3833418     1.4414196     1.3542771
   6 C    8 O           2     1.2173881     1.2173896     1.2173865
   6 C   16 S           2     1.7143996     1.7144024     1.7143968


optimized geometry written to: xtbopt.xyz


           -------------------------------------------------
          | TOTAL ENERGY              -44.592364525505 Eh   |
          | GRADIENT NORM               0.000572531111 Eh/α |
          | HOMO-LUMO GAP               2.483908073207 eV   |
           -------------------------------------------------

------------------------------------------------------------------------
 * finished run on 2021/05/19 at 10:59:20.380     
------------------------------------------------------------------------
 total:
 * wall-time:     0 d,  0 h,  0 min,  0.404 sec
 *  cpu-time:     0 d,  0 h,  0 min,  0.392 sec
 * ratio c/w:     0.969 speedup
 SCF:
 * wall-time:     0 d,  0 h,  0 min,  0.046 sec
 *  cpu-time:     0 d,  0 h,  0 min,  0.046 sec
 * ratio c/w:     1.000 speedup
 ANC optimizer:
 * wall-time:     0 d,  0 h,  0 min,  0.323 sec
 *  cpu-time:     0 d,  0 h,  0 min,  0.323 sec
 * ratio c/w:     1.000 speedup

