      -----------------------------------------------------------      
     |                   =====================                   |     
     |                           x T B                           |     
     |                   =====================                   |     
     |                         S. Grimme                         |     
     |          Mulliken Center for Theoretical Chemistry        |     
     |                    University of Bonn                     |     
     |                Version 6.2 RC2 (SAW190805)                |     
      -----------------------------------------------------------      

   This program is distributed in the hope that it will be useful,
   but WITHOUT ANY WARRANTY; without even the implied warranty of
   MERCHANTABILITY or FITNESS FOR A PARTICULAR PURPOSE.
   
   FOR NON-COMMERCIAL, ACADEMIA USE ONLY.
   
   Cite this work as:
   * S. Grimme, C. Bannwarth, P. Shushkov, J. Chem. Theory Comput., 2017,
     13, 1989-2009. DOI: 10.1021/acs.jctc.7b00118
   * C. Bannwarth, S. Ehlert and S. Grimme., J. Chem. Theory Comput., 2019,
     15, 1652-1671. DOI: 10.1021/acs.jctc.8b01176
   * P. Pracht, E. Caldeweyher, S. Ehlert, S. Grimme, ChemRxiv, 2019, preprint.
     DOI: 10.26434/chemrxiv.8326202.v1
   
   for DFT-D4:
   * E. Caldeweyher, C. Bannwarth and S. Grimme, J. Chem. Phys., 2017,
     147, 034112. DOI: 10.1063/1.4993215
   * E. Caldeweyher, S. Ehlert, A. Hansen, H. Neugebauer, S. Spicher,
     C. Bannwarth and S. Grimme, J. Chem. Phys., 2019, 150, 154122.
     DOI: 10.1063/1.5090222
   
   for sTDA-xTB:
   * S. Grimme and C. Bannwarth, J. Chem. Phys., 2016, 145, 054103.
     DOI: 10.1063/1.4959605
   
   in the mass-spec context:
   * V. Asgeirsson, C. Bauer and S. Grimme, Chem. Sci., 2017, 8, 4879.
     DOI: 10.1039/c7sc00601b
   
   for metadynamics refer to:
   * S. Grimme, J. Chem. Theory Comput., 2019, 155, 2847-2862
     DOI: 10.1021/acs.jctc.9b00143
   
   with help from (in alphabetical order)
   C. Bannwarth, F. Bohle, G. Brandenburg, E. Caldeweyher, M. Checinski,
   S. Dohm, S. Ehlert, S. Ehrlich, F. März, H. Neugebauer, J. Pisarek,
   P. Pracht, P. Shushkov, and S. Spicher.
   
 * started run on 2021/05/19 at 10:59:47.521     

           -------------------------------------------------
          |                Calculation Setup                |
           -------------------------------------------------

          program call               : /ihome/ghutchison/geoffh/xtb/xtb 372.xyz -opt
          hostname                   : smp-n122
          coordinate file            : 372.xyz
          omp threads                :                     1
          number of atoms            :                    19
          number of electrons        :                    60
          charge                     :                     0
          spin                       :                   0.0
          first test random number   :      0.10705168503308


########################################################################
# WARNING! Please study the warnings concerning your input carefully
#  - the use of '-opt' is discouraged, please use '--opt' next time
########################################################################

           ------------------------------------------------- 
          |                 G F N 2 - x T B                 |
          | Geometry, Frequencies, Noncovalent interactions |
          |            JCTC 2019 parametrisation            |
           ------------------------------------------------- 
             KAB for C  - Si     :                1.0500
             KAB for H  - Pd     :                0.9500
             k(s)              :                1.8500
             k(p)              :                2.2300
             k(d)              :                2.2300
             k(f)              :                2.0000
             kEN (H0ij)        :               -2.0000
             D4 a1             :                0.5200
             D4 a2             :                5.0000
             D4 s6             :                1.0000
             D4 s8             :                2.7000
             D4 s9             :                5.0000
             alphaj            :                2.0000

  Z AO/shell   Hii/eV     exponent
  1     Wed Apr 25 08:07:45 CEST 2018   EN: 2.200 GM2: 0.406  GM3: 0.0800  RAES: 1.40
     1s    -10.707211    1.230000
  6     Wed Apr 25 08:07:45 CEST 2018   EN: 2.550 GM2: 0.538  GM3: 0.1500  RAES: 3.00
     2s    -13.970922    2.096432
     2p    -10.063292    1.800000
  8     Wed Apr 25 08:07:45 CEST 2018   EN: 3.440 GM2: 0.452  GM3:-0.0517  RAES: 1.80
     2s    -20.229985    2.439742
     2p    -15.503117    2.137023
 16     Tue Apr 24 11:44:34 CEST 2018   EN: 2.580 GM2: 0.340  GM3:-0.0502  RAES: 3.10
     3s    -20.029654    1.981333
     3p    -11.377694    2.025643
     3d     -0.420282    1.702555

           ------------------------------------------------- 
          |        Self-Consistent Charge Iterations        |
           ------------------------------------------------- 

          ...................................................
          :                      SETUP                      :
          :.................................................:
          :  # basis functions                  64          :
          :  # atomic orbitals                  62          :
          :  # shells                           32          :
          :  # electrons                        60          :
          :  max. iterations                   250          :
          :  Hamiltonian                  GFN2-xTB          :
          :  restarted?                      false          :
          :  GBSA solvation                  false          :
          :  PC potential                    false          :
          :  electronic temp.          300.0000000     K    :
          :  accuracy                    1.0000000          :
          :  -> integral cutoff          0.2500000E+02      :
          :  -> integral neglect         0.1000000E-07      :
          :  -> SCF convergence          0.1000000E-05 Eh   :
          :  -> wf. convergence          0.1000000E-03 e    :
          :  Broyden damping             0.4000000          :
          ...................................................

 iter      E             dE          RMSdq      gap      omega  full diag
   1    -33.9878735 -0.339879E+02  0.558E+00    3.79       0.0  T
   2    -34.0157150 -0.278415E-01  0.335E+00    3.84       1.0  T
   3    -34.0160378 -0.322720E-03  0.105E+00    3.77       1.0  T
   4    -34.0192485 -0.321077E-02  0.421E-01    3.77       1.0  T
   5    -34.0191743  0.742278E-04  0.268E-01    3.77       1.0  T
   6    -34.0198542 -0.679902E-03  0.982E-02    3.78       1.0  T
   7    -34.0198754 -0.211709E-04  0.506E-02    3.77       1.0  T
   8    -34.0198881 -0.127050E-04  0.249E-02    3.77       1.0  T
   9    -34.0198913 -0.322504E-05  0.915E-03    3.78       2.5  T
  10    -34.0198916 -0.329327E-06  0.392E-03    3.77       5.8  T
  11    -34.0198917 -0.515184E-07  0.191E-03    3.78      12.0  T
  12    -34.0198917 -0.113315E-07  0.722E-04    3.78      31.8  T
  13    -34.0198917 -0.154122E-08  0.186E-04    3.78     123.6  T

   *** convergence criteria satisfied after 13 iterations ***

         #    Occupation            Energy/Eh            Energy/eV
      -------------------------------------------------------------
         1        2.0000           -0.7774092             -21.1544
       ...           ...                  ...                  ...
        24        2.0000           -0.4716230             -12.8335
        25        2.0000           -0.4454434             -12.1211
        26        2.0000           -0.4368957             -11.8885
        27        2.0000           -0.4333698             -11.7926
        28        2.0000           -0.4172849             -11.3549
        29        2.0000           -0.4084527             -11.1146
        30        2.0000           -0.4039926             -10.9932 (HOMO)
        31                         -0.2652576              -7.2180 (LUMO)
        32                         -0.2173233              -5.9137
        33                         -0.1961503              -5.3375
        34                         -0.1311940              -3.5700
        35                         -0.1304238              -3.5490
       ...                                ...                  ...
        62                          1.1185577              30.4375
      -------------------------------------------------------------
                  HL-Gap            0.1387349 Eh            3.7752 eV
             Fermi-level           -0.3346251 Eh           -9.1056 eV

 SCC (total)                   0 d,  0 h,  0 min,  0.059 sec
 SCC setup                      ...        0 min,  0.000 sec (  0.440%)
 Dispersion                     ...        0 min,  0.000 sec (  0.379%)
 integral evaluation            ...        0 min,  0.008 sec ( 12.857%)
 zeroth order Hamiltonian       ...        0 min,  0.000 sec (  0.256%)
 iterations                     ...        0 min,  0.026 sec ( 43.804%)
 molecular gradient             ...        0 min,  0.025 sec ( 41.576%)
 printout                       ...        0 min,  0.000 sec (  0.587%)

         :::::::::::::::::::::::::::::::::::::::::::::::::::::
         ::                     SUMMARY                     ::
         :::::::::::::::::::::::::::::::::::::::::::::::::::::
         :: total energy             -33.650859756985 Eh    ::
         :: gradient norm              0.068611729093 Eh/a0 ::
         :: HOMO-LUMO gap              3.775170025427 eV    ::
         ::.................................................::
         :: SCC energy               -34.019891693929 Eh    ::
         :: -> isotropic ES            0.069950036780 Eh    ::
         :: -> anisotropic ES         -0.003739839246 Eh    ::
         :: -> anisotropic XC          0.009150773526 Eh    ::
         :: -> dispersion             -0.020557862942 Eh    ::
         :: repulsion energy           0.368909103042 Eh    ::
         :: add. restraining           0.000000000000 Eh    ::
         :::::::::::::::::::::::::::::::::::::::::::::::::::::

      ----------------------------------------------------------- 
     |                   =====================                   |
     |                        A N C O P T                        |
     |                   =====================                   |
     |               Approximate Normal Coordinate               |
     |                Rational Function Optimizer                |
      ----------------------------------------------------------- 

          ...................................................
          :                      SETUP                      :
          :.................................................:
          :   optimization level            normal          :
          :   max. optcycles                   200          :
          :   ANC micro-cycles                  20          :
          :   degrees of freedom                51          :
          :.................................................:
          :   RF solver                   davidson          :
          :   input Hessian                  false          :
          :   write xtbopt.log                true          :
          :   linear?                        false          :
          :   energy convergence         0.5000000E-05 Eh   :
          :   grad. convergence          0.1000000E-02 Eh/α :
          :   maximium RF displ.         2.0000000          :
          :   Hlow (freq-cutoff)         0.5000000E-02      :
          :   Hmax (freq-cutoff)         5.0000000          :
          :   S6 in model hess.         20.0000000          :
          ...................................................

generating ANC from model Hessian ...
Using Lindh-Hessian (1995)
 Shifting diagonal of input Hessian by   0.000000000000000E+000
 Lowest  eigenvalues of input Hessian
   -0.000000   -0.000000   -0.000000   -0.000000    0.000000    0.000000
    0.005669    0.006442    0.016247    0.020122    0.022521    0.026759
    0.037898    0.042623    0.044954    0.052426    0.057426    0.058279
 Highest eigenvalues
    1.499589    1.686203    1.759428    1.823665    2.377009    3.260037
 

........................................................................
.............................. CYCLE    1 ..............................
........................................................................
   1    -34.0198917 -0.340199E+02  0.784E-05    3.78       0.0  T
   2    -34.0198917 -0.827782E-11  0.447E-05    3.78     513.5  T
   3    -34.0198917  0.788702E-12  0.288E-05    3.78     795.3  T
     SCC iter.                  ...        0 min,  0.003 sec
     gradient                   ...        0 min,  0.024 sec
 * total energy  :   -33.6508597 Eh     change        0.8340841E-08 Eh
   gradient norm :     0.0686115 Eh/α   predicted     0.0000000E+00 (-100.00%)
   displ. norm   :     0.1837629 α      lambda       -0.6123804E-02
   maximum displ.:     0.1125093 α      in ANC's #13, #7, #11, ...

........................................................................
.............................. CYCLE    2 ..............................
........................................................................
   1    -34.0329891 -0.340330E+02  0.241E-01    3.87       0.0  T
   2    -34.0330271 -0.380285E-04  0.119E-01    3.87       1.0  T
   3    -34.0330230  0.412321E-05  0.488E-02    3.87       1.0  T
   4    -34.0330274 -0.438563E-05  0.259E-02    3.87       1.0  T
   5    -34.0330341 -0.672770E-05  0.901E-03    3.87       2.5  T
   6    -34.0330344 -0.293579E-06  0.230E-03    3.87      10.0  T
   7    -34.0330345 -0.558507E-07  0.106E-03    3.87      21.7  T
     SCC iter.                  ...        0 min,  0.007 sec
     gradient                   ...        0 min,  0.024 sec
 * total energy  :   -33.6550305 Eh     change       -0.4170745E-02 Eh
   gradient norm :     0.0331005 Eh/α   predicted    -0.3165299E-02 ( -24.11%)
   displ. norm   :     0.1196079 α      lambda       -0.2072724E-02
   maximum displ.:     0.0517848 α      in ANC's #7, #28, #3, ...

........................................................................
.............................. CYCLE    3 ..............................
........................................................................
   1    -34.0400773 -0.340401E+02  0.201E-01    3.91       0.0  T
   2    -34.0401052 -0.279058E-04  0.983E-02    3.91       1.0  T
   3    -34.0401044  0.784688E-06  0.402E-02    3.91       1.0  T
   4    -34.0401062 -0.176862E-05  0.190E-02    3.91       1.2  T
   5    -34.0401095 -0.330813E-05  0.658E-03    3.91       3.5  T
   6    -34.0401097 -0.233320E-06  0.155E-03    3.91      14.8  T
   7    -34.0401098 -0.129287E-07  0.821E-04    3.91      27.9  T
     SCC iter.                  ...        0 min,  0.006 sec
     gradient                   ...        0 min,  0.024 sec
 * total energy  :   -33.6562380 Eh     change       -0.1207549E-02 Eh
   gradient norm :     0.0099283 Eh/α   predicted    -0.1051225E-02 ( -12.95%)
   displ. norm   :     0.0810377 α      lambda       -0.2573578E-03
   maximum displ.:     0.0453730 α      in ANC's #2, #3, #4, ...

........................................................................
.............................. CYCLE    4 ..............................
........................................................................
   1    -34.0396989 -0.340397E+02  0.815E-02    3.89       0.0  T
   2    -34.0397020 -0.309377E-05  0.416E-02    3.89       1.0  T
   3    -34.0397021 -0.270603E-07  0.135E-02    3.89       1.7  T
   4    -34.0397021 -0.583362E-07  0.643E-03    3.89       3.6  T
   5    -34.0397024 -0.294778E-06  0.269E-03    3.89       8.5  T
   6    -34.0397025 -0.553070E-07  0.532E-04    3.89      43.1  T
     SCC iter.                  ...        0 min,  0.006 sec
     gradient                   ...        0 min,  0.024 sec
 * total energy  :   -33.6564252 Eh     change       -0.1871493E-03 Eh
   gradient norm :     0.0049885 Eh/α   predicted    -0.1295273E-03 ( -30.79%)
   displ. norm   :     0.1624488 α      lambda       -0.2362037E-03
   maximum displ.:     0.1019730 α      in ANC's #3, #2, #4, ...

........................................................................
.............................. CYCLE    5 ..............................
........................................................................
   1    -34.0384105 -0.340384E+02  0.117E-01    3.88       0.0  T
   2    -34.0384138 -0.336060E-05  0.630E-02    3.87       1.0  T
   3    -34.0384139 -0.671606E-07  0.147E-02    3.88       1.6  T
   4    -34.0384140 -0.780209E-07  0.709E-03    3.88       3.2  T
   5    -34.0384143 -0.391814E-06  0.302E-03    3.88       7.6  T
   6    -34.0384144 -0.798786E-07  0.652E-04    3.88      35.2  T
   7    -34.0384144 -0.177582E-08  0.351E-04    3.88      65.4  T
     SCC iter.                  ...        0 min,  0.007 sec
     gradient                   ...        0 min,  0.024 sec
 * total energy  :   -33.6566188 Eh     change       -0.1935654E-03 Eh
   gradient norm :     0.0061338 Eh/α   predicted    -0.1212230E-03 ( -37.37%)
   displ. norm   :     0.4962763 α      lambda       -0.5793713E-03
   maximum displ.:     0.3210015 α      in ANC's #3, #2, #4, ...

........................................................................
.............................. CYCLE    6 ..............................
........................................................................
   1    -34.0330859 -0.340331E+02  0.337E-01    3.84       0.0  T
   2    -34.0331079 -0.220553E-04  0.184E-01    3.84       1.0  T
   3    -34.0331096 -0.165571E-05  0.364E-02    3.84       1.0  T
   4    -34.0331105 -0.957004E-06  0.168E-02    3.84       1.4  T
   5    -34.0331123 -0.176332E-05  0.685E-03    3.84       3.3  T
   6    -34.0331128 -0.482143E-06  0.181E-03    3.84      12.7  T
   7    -34.0331128 -0.218198E-07  0.921E-04    3.84      24.9  T
     SCC iter.                  ...        0 min,  0.007 sec
     gradient                   ...        0 min,  0.024 sec
 * total energy  :   -33.6571240 Eh     change       -0.5052047E-03 Eh
   gradient norm :     0.0182317 Eh/α   predicted    -0.3610336E-03 ( -28.54%)
   displ. norm   :     0.6606746 α      lambda       -0.8598361E-03
   maximum displ.:     0.4323443 α      in ANC's #3, #2, #4, ...

........................................................................
.............................. CYCLE    7 ..............................
........................................................................
   1    -34.0227134 -0.340227E+02  0.434E-01    3.82       0.0  T
   2    -34.0227525 -0.390568E-04  0.239E-01    3.82       1.0  T
   3    -34.0227519  0.631552E-06  0.515E-02    3.82       1.0  T
   4    -34.0227585 -0.667778E-05  0.221E-02    3.82       1.0  T
   5    -34.0227606 -0.204364E-05  0.929E-03    3.82       2.5  T
   6    -34.0227615 -0.894026E-06  0.301E-03    3.82       7.6  T
   7    -34.0227616 -0.829009E-07  0.130E-03    3.82      17.6  T
   8    -34.0227616  0.792852E-09  0.713E-04    3.82      32.2  T
     SCC iter.                  ...        0 min,  0.007 sec
     gradient                   ...        0 min,  0.011 sec
 * total energy  :   -33.6574608 Eh     change       -0.3368781E-03 Eh
   gradient norm :     0.0353508 Eh/α   predicted    -0.6175744E-03 (  83.32%)
   displ. norm   :     0.0746241 α      lambda       -0.1328764E-02
   maximum displ.:     0.0391767 α      in ANC's #28, #13, #4, ...

........................................................................
.............................. CYCLE    8 ..............................
........................................................................
   1    -34.0289436 -0.340289E+02  0.733E-02    3.84       0.0  T
   2    -34.0289469 -0.326045E-05  0.396E-02    3.84       1.0  T
   3    -34.0289452  0.164582E-05  0.170E-02    3.84       1.4  T
   4    -34.0289473 -0.209060E-05  0.738E-03    3.84       3.1  T
   5    -34.0289477 -0.326243E-06  0.261E-03    3.84       8.8  T
   6    -34.0289477 -0.578323E-07  0.901E-04    3.84      25.5  T
     SCC iter.                  ...        0 min,  0.006 sec
     gradient                   ...        0 min,  0.011 sec
 * total energy  :   -33.6585653 Eh     change       -0.1104497E-02 Eh
   gradient norm :     0.0277028 Eh/α   predicted    -0.6680858E-03 ( -39.51%)
   displ. norm   :     0.5274585 α      lambda       -0.3430702E-02
   maximum displ.:     0.3084531 α      in ANC's #3, #2, #4, ...

........................................................................
.............................. CYCLE    9 ..............................
........................................................................
   1    -34.0394132 -0.340394E+02  0.354E-01    3.90       0.0  T
   2    -34.0394385 -0.253387E-04  0.203E-01    3.90       1.0  T
   3    -34.0394058  0.327010E-04  0.590E-02    3.90       1.0  T
   4    -34.0394430 -0.371527E-04  0.251E-02    3.90       1.0  T
   5    -34.0394485 -0.552373E-05  0.758E-03    3.90       3.0  T
   6    -34.0394488 -0.317815E-06  0.320E-03    3.90       7.2  T
   7    -34.0394489 -0.785548E-07  0.136E-03    3.90      16.9  T
     SCC iter.                  ...        0 min,  0.006 sec
     gradient                   ...        0 min,  0.011 sec
 * total energy  :   -33.6613129 Eh     change       -0.2747610E-02 Eh
   gradient norm :     0.0203574 Eh/α   predicted    -0.2192625E-02 ( -20.20%)
   displ. norm   :     0.7509950 α      lambda       -0.3220447E-02
   maximum displ.:     0.4394149 α      in ANC's #3, #2, #4, ...

........................................................................
.............................. CYCLE   10 ..............................
........................................................................
   1    -34.0390727 -0.340391E+02  0.468E-01    3.95       0.0  T
   2    -34.0391104 -0.377408E-04  0.267E-01    3.95       1.0  T
   3    -34.0390775  0.329705E-04  0.666E-02    3.95       1.0  T
   4    -34.0391166 -0.391467E-04  0.287E-02    3.95       1.0  T
   5    -34.0391234 -0.683782E-05  0.108E-02    3.95       2.1  T
   6    -34.0391242 -0.795492E-06  0.355E-03    3.95       6.5  T
   7    -34.0391243 -0.864784E-07  0.163E-03    3.95      14.0  T
     SCC iter.                  ...        0 min,  0.006 sec
     gradient                   ...        0 min,  0.011 sec
 * total energy  :   -33.6637871 Eh     change       -0.2474140E-02 Eh
   gradient norm :     0.0313417 Eh/α   predicted    -0.2518406E-02 (   1.79%)
   displ. norm   :     0.4401060 α      lambda       -0.2878960E-02
   maximum displ.:     0.2239191 α      in ANC's #2, #3, #4, ...

........................................................................
.............................. CYCLE   11 ..............................
........................................................................
   1    -34.0531596 -0.340532E+02  0.347E-01    4.01       0.0  T
   2    -34.0531990 -0.394072E-04  0.186E-01    4.00       1.0  T
   3    -34.0531636  0.354182E-04  0.645E-02    4.01       1.0  T
   4    -34.0532133 -0.496346E-04  0.248E-02    4.01       1.0  T
   5    -34.0532139 -0.659102E-06  0.722E-03    4.01       3.2  T
   6    -34.0532144 -0.517278E-06  0.158E-03    4.01      14.5  T
   7    -34.0532144 -0.548678E-08  0.947E-04    4.01      24.2  T
     SCC iter.                  ...        0 min,  0.006 sec
     gradient                   ...        0 min,  0.011 sec
 * total energy  :   -33.6650150 Eh     change       -0.1227895E-02 Eh
   gradient norm :     0.0317771 Eh/α   predicted    -0.1718321E-02 (  39.94%)
   displ. norm   :     0.4912319 α      lambda       -0.2277123E-02
   maximum displ.:     0.2819360 α      in ANC's #3, #2, #4, ...

........................................................................
.............................. CYCLE   12 ..............................
........................................................................
   1    -34.0426693 -0.340427E+02  0.377E-01    3.99       0.0  T
   2    -34.0427014 -0.321060E-04  0.202E-01    3.99       1.0  T
   3    -34.0427058 -0.442078E-05  0.431E-02    3.99       1.0  T
   4    -34.0427065 -0.681938E-06  0.175E-02    4.00       1.3  T
   5    -34.0427077 -0.118959E-05  0.771E-03    3.99       3.0  T
   6    -34.0427084 -0.741758E-06  0.175E-03    4.00      13.1  T
   7    -34.0427084 -0.480078E-08  0.983E-04    4.00      23.3  T
     SCC iter.                  ...        0 min,  0.006 sec
     gradient                   ...        0 min,  0.011 sec
 * total energy  :   -33.6663371 Eh     change       -0.1322093E-02 Eh
   gradient norm :     0.0360967 Eh/α   predicted    -0.1413357E-02 (   6.90%)
   displ. norm   :     0.2249276 α      lambda       -0.2761996E-02
   maximum displ.:     0.1707395 α      in ANC's #1, #34, #4, ...

........................................................................
.............................. CYCLE   13 ..............................
........................................................................
   1    -34.0457160 -0.340457E+02  0.294E-01    3.96       0.0  T
   2    -34.0457589 -0.428860E-04  0.146E-01    3.96       1.0  T
   3    -34.0457619 -0.303350E-05  0.419E-02    3.96       1.0  T
   4    -34.0457649 -0.293273E-05  0.181E-02    3.97       1.3  T
   5    -34.0457651 -0.261776E-06  0.851E-03    3.96       2.7  T
   6    -34.0457658 -0.658910E-06  0.280E-03    3.96       8.2  T
   7    -34.0457659 -0.793648E-07  0.890E-04    3.97      25.8  T
     SCC iter.                  ...        0 min,  0.006 sec
     gradient                   ...        0 min,  0.011 sec
 * total energy  :   -33.6675519 Eh     change       -0.1214832E-02 Eh
   gradient norm :     0.0268036 Eh/α   predicted    -0.1450871E-02 (  19.43%)
   displ. norm   :     0.3737853 α      lambda       -0.2005497E-02
   maximum displ.:     0.2202143 α      in ANC's #3, #2, #13, ...

........................................................................
.............................. CYCLE   14 ..............................
........................................................................
   1    -34.0458682 -0.340459E+02  0.269E-01    3.97       0.0  T
   2    -34.0458868 -0.185796E-04  0.144E-01    3.97       1.0  T
   3    -34.0458808  0.600181E-05  0.403E-02    3.97       1.0  T
   4    -34.0458890 -0.823592E-05  0.208E-02    3.97       1.1  T
   5    -34.0458926 -0.355532E-05  0.737E-03    3.97       3.1  T
   6    -34.0458929 -0.332680E-06  0.207E-03    3.97      11.1  T
   7    -34.0458929 -0.379201E-07  0.928E-04    3.97      24.7  T
     SCC iter.                  ...        0 min,  0.006 sec
     gradient                   ...        0 min,  0.011 sec
 * total energy  :   -33.6688594 Eh     change       -0.1307501E-02 Eh
   gradient norm :     0.0186288 Eh/α   predicted    -0.1142850E-02 ( -12.59%)
   displ. norm   :     0.5139428 α      lambda       -0.2167242E-02
   maximum displ.:     0.2817109 α      in ANC's #2, #4, #5, ...

........................................................................
.............................. CYCLE   15 ..............................
........................................................................
   1    -34.0462228 -0.340462E+02  0.397E-01    3.94       0.0  T
   2    -34.0462838 -0.609695E-04  0.208E-01    3.94       1.0  T
   3    -34.0462815  0.234228E-05  0.551E-02    3.95       1.0  T
   4    -34.0462941 -0.126510E-04  0.267E-02    3.95       1.0  T
   5    -34.0462961 -0.196714E-05  0.127E-02    3.95       1.8  T
   6    -34.0462978 -0.171172E-05  0.348E-03    3.95       6.6  T
   7    -34.0462979 -0.100402E-06  0.138E-03    3.95      16.6  T
   8    -34.0462979 -0.173638E-08  0.803E-04    3.95      28.6  T
     SCC iter.                  ...        0 min,  0.007 sec
     gradient                   ...        0 min,  0.011 sec
 * total energy  :   -33.6688490 Eh     change        0.1037214E-04 Eh
   gradient norm :     0.0344106 Eh/α   predicted    -0.1369859E-02 (*******%)
   displ. norm   :     0.1437429 α      lambda       -0.2591455E-02
   maximum displ.:     0.0884844 α      in ANC's #3, #28, #9, ...

........................................................................
.............................. CYCLE   16 ..............................
........................................................................
   1    -34.0518260 -0.340518E+02  0.174E-01    3.96       0.0  T
   2    -34.0518420 -0.160050E-04  0.958E-02    3.96       1.0  T
   3    -34.0518421 -0.499995E-07  0.277E-02    3.96       1.0  T
   4    -34.0518451 -0.297080E-05  0.117E-02    3.96       2.0  T
   5    -34.0518450  0.931761E-07  0.521E-03    3.96       4.4  T
   6    -34.0518452 -0.196899E-06  0.180E-03    3.96      12.7  T
     SCC iter.                  ...        0 min,  0.006 sec
     gradient                   ...        0 min,  0.011 sec
 * total energy  :   -33.6702666 Eh     change       -0.1417567E-02 Eh
   gradient norm :     0.0121490 Eh/α   predicted    -0.1322497E-02 (  -6.71%)
   displ. norm   :     0.2661426 α      lambda       -0.6681234E-03
   maximum displ.:     0.1571511 α      in ANC's #1, #3, #4, ...

........................................................................
.............................. CYCLE   17 ..............................
........................................................................
   1    -34.0502838 -0.340503E+02  0.296E-01    3.98       0.0  T
   2    -34.0503055 -0.217099E-04  0.151E-01    3.98       1.0  T
   3    -34.0503069 -0.144149E-05  0.327E-02    3.98       1.0  T
   4    -34.0503075 -0.596857E-06  0.197E-02    3.98       1.2  T
   5    -34.0503109 -0.342157E-05  0.567E-03    3.98       4.0  T
   6    -34.0503112 -0.268191E-06  0.159E-03    3.98      14.4  T
   7    -34.0503112 -0.867212E-08  0.912E-04    3.98      25.2  T
     SCC iter.                  ...        0 min,  0.006 sec
     gradient                   ...        0 min,  0.011 sec
 * total energy  :   -33.6705688 Eh     change       -0.3022438E-03 Eh
   gradient norm :     0.0139163 Eh/α   predicted    -0.3577280E-03 (  18.36%)
   displ. norm   :     0.1179921 α      lambda       -0.5491290E-03
   maximum displ.:     0.0504929 α      in ANC's #28, #13, #2, ...

........................................................................
.............................. CYCLE   18 ..............................
........................................................................
   1    -34.0586009 -0.340586E+02  0.137E-01    3.99       0.0  T
   2    -34.0586126 -0.117195E-04  0.626E-02    3.99       1.0  T
   3    -34.0586123  0.297700E-06  0.234E-02    3.99       1.0  T
   4    -34.0586139 -0.158630E-05  0.977E-03    3.99       2.3  T
   5    -34.0586146 -0.672821E-06  0.433E-03    3.99       5.3  T
   6    -34.0586147 -0.103263E-06  0.931E-04    3.99      24.6  T
   7    -34.0586147 -0.679926E-08  0.434E-04    3.99      52.8  T
     SCC iter.                  ...        0 min,  0.006 sec
     gradient                   ...        0 min,  0.011 sec
 * total energy  :   -33.6707758 Eh     change       -0.2069379E-03 Eh
   gradient norm :     0.0090311 Eh/α   predicted    -0.2783919E-03 (  34.53%)
   displ. norm   :     0.3125426 α      lambda       -0.4549457E-03
   maximum displ.:     0.1820947 α      in ANC's #2, #3, #28, ...

........................................................................
.............................. CYCLE   19 ..............................
........................................................................
   1    -34.0538138 -0.340538E+02  0.294E-01    3.97       0.0  T
   2    -34.0538332 -0.194601E-04  0.150E-01    3.97       1.0  T
   3    -34.0538358 -0.258078E-05  0.307E-02    3.97       1.0  T
   4    -34.0538365 -0.701571E-06  0.156E-02    3.97       1.5  T
   5    -34.0538373 -0.786515E-06  0.625E-03    3.97       3.7  T
   6    -34.0538378 -0.495477E-06  0.137E-03    3.97      16.8  T
   7    -34.0538378 -0.100608E-07  0.730E-04    3.97      31.4  T
     SCC iter.                  ...        0 min,  0.006 sec
     gradient                   ...        0 min,  0.011 sec
 * total energy  :   -33.6708419 Eh     change       -0.6607357E-04 Eh
   gradient norm :     0.0100175 Eh/α   predicted    -0.2496988E-03 ( 277.91%)
   displ. norm   :     0.1191943 α      lambda       -0.2295473E-03
   maximum displ.:     0.0670264 α      in ANC's #2, #3, #28, ...

........................................................................
.............................. CYCLE   20 ..............................
........................................................................
   1    -34.0560003 -0.340560E+02  0.104E-01    3.98       0.0  T
   2    -34.0560034 -0.313515E-05  0.542E-02    3.98       1.0  T
   3    -34.0560026  0.777447E-06  0.142E-02    3.98       1.6  T
   4    -34.0560039 -0.125071E-05  0.750E-03    3.98       3.1  T
   5    -34.0560043 -0.378688E-06  0.241E-03    3.98       9.5  T
   6    -34.0560043 -0.347086E-07  0.753E-04    3.98      30.5  T
     SCC iter.                  ...        0 min,  0.006 sec
     gradient                   ...        0 min,  0.011 sec
 * total energy  :   -33.6709488 Eh     change       -0.1069732E-03 Eh
   gradient norm :     0.0049701 Eh/α   predicted    -0.1164045E-03 (   8.82%)
   displ. norm   :     0.0205505 α      lambda       -0.3669631E-04
   maximum displ.:     0.0123113 α      in ANC's #1, #4, #5, ...
 * RMSD in coord.:     1.1459538 α      energy gain  -0.2008908E-01 Eh

generating ANC from model Hessian ...
Using Lindh-Hessian (1995)
 Shifting diagonal of input Hessian by   0.000000000000000E+000
 Lowest  eigenvalues of input Hessian
   -0.000000   -0.000000   -0.000000    0.000000    0.000000    0.000000
    0.005667    0.006292    0.014028    0.016623    0.020866    0.024861
    0.031346    0.034774    0.049555    0.050697    0.052825    0.055136
 Highest eigenvalues
    1.518500    1.697465    1.823212    1.887571    2.505674    3.362359
 

........................................................................
.............................. CYCLE   21 ..............................
........................................................................
   1    -34.0562876 -0.340563E+02  0.291E-02    3.99       0.0  T
   2    -34.0562878 -0.262515E-06  0.146E-02    3.99       1.6  T
   3    -34.0562878  0.481089E-07  0.372E-03    3.99       6.2  T
   4    -34.0562879 -0.951655E-07  0.197E-03    3.99      11.6  T
   5    -34.0562879 -0.154040E-07  0.895E-04    3.99      25.6  T
   6    -34.0562879 -0.565594E-08  0.189E-04    3.99     121.4  T
     SCC iter.                  ...        0 min,  0.006 sec
     gradient                   ...        0 min,  0.011 sec
 * total energy  :   -33.6709660 Eh     change       -0.1715542E-04 Eh
   gradient norm :     0.0036410 Eh/α   predicted     0.0000000E+00 (-100.00%)
   displ. norm   :     0.0462804 α      lambda       -0.3372254E-04
   maximum displ.:     0.0317779 α      in ANC's #1, #2, #3, ...

........................................................................
.............................. CYCLE   22 ..............................
........................................................................
   1    -34.0561125 -0.340561E+02  0.636E-02    3.98       0.0  T
   2    -34.0561135 -0.105555E-05  0.308E-02    3.99       1.0  T
   3    -34.0561137 -0.212412E-06  0.521E-03    3.98       4.4  T
   4    -34.0561137  0.103973E-07  0.268E-03    3.99       8.6  T
   5    -34.0561137 -0.223050E-07  0.107E-03    3.98      21.5  T
   6    -34.0561138 -0.157631E-07  0.197E-04    3.99     116.5  T
   7    -34.0561138 -0.107995E-09  0.108E-04    3.99     213.1  T
     SCC iter.                  ...        0 min,  0.006 sec
     gradient                   ...        0 min,  0.012 sec
 * total energy  :   -33.6709886 Eh     change       -0.2262661E-04 Eh
   gradient norm :     0.0022824 Eh/α   predicted    -0.1692124E-04 ( -25.22%)
   displ. norm   :     0.0272398 α      lambda       -0.1490584E-04
   maximum displ.:     0.0177979 α      in ANC's #1, #3, #8, ...

........................................................................
.............................. CYCLE   23 ..............................
........................................................................
   1    -34.0560423 -0.340560E+02  0.335E-02    3.98       0.0  T
   2    -34.0560426 -0.321281E-06  0.166E-02    3.98       1.4  T
   3    -34.0560427 -0.190247E-07  0.337E-03    3.98       6.8  T
   4    -34.0560427 -0.310615E-07  0.202E-03    3.98      11.3  T
   5    -34.0560427 -0.208318E-07  0.787E-04    3.98      29.1  T
   6    -34.0560427 -0.497566E-08  0.173E-04    3.98     132.7  T
     SCC iter.                  ...        0 min,  0.006 sec
     gradient                   ...        0 min,  0.012 sec
 * total energy  :   -33.6709975 Eh     change       -0.8922683E-05 Eh
   gradient norm :     0.0012426 Eh/α   predicted    -0.7460441E-05 ( -16.39%)
   displ. norm   :     0.0308208 α      lambda       -0.5561371E-05
   maximum displ.:     0.0257516 α      in ANC's #1, #2, #5, ...

........................................................................
.............................. CYCLE   24 ..............................
........................................................................
   1    -34.0561021 -0.340561E+02  0.415E-02    3.98       0.0  T
   2    -34.0561026 -0.431445E-06  0.200E-02    3.98       1.1  T
   3    -34.0561026 -0.582757E-07  0.342E-03    3.98       6.7  T
   4    -34.0561027 -0.156714E-07  0.212E-03    3.98      10.8  T
   5    -34.0561027 -0.287309E-07  0.634E-04    3.98      36.2  T
   6    -34.0561027 -0.345919E-08  0.158E-04    3.98     145.5  T
     SCC iter.                  ...        0 min,  0.006 sec
     gradient                   ...        0 min,  0.011 sec
 * total energy  :   -33.6710015 Eh     change       -0.3939326E-05 Eh
   gradient norm :     0.0007109 Eh/α   predicted    -0.2787055E-05 ( -29.25%)
   displ. norm   :     0.0129155 α      lambda       -0.1733950E-05
   maximum displ.:     0.0079180 α      in ANC's #1, #3, #5, ...

   *** GEOMETRY OPTIMIZATION CONVERGED AFTER 24 ITERATIONS ***

------------------------------------------------------------------------
 total energy gain   :        -0.0201417 Eh      -12.6391 kcal/mol
 total RMSD          :         1.1531217 a0        0.6102 Å
 total power (kW/mol):        -2.2034199 (step)  -67.7608 (real)
------------------------------------------------------------------------

 ANCopt (total)                0 d,  0 h,  0 min,  0.780 sec
 optimizer setup                ...        0 min,  0.000 sec (  0.017%)
 model hessian                  ...        0 min,  0.010 sec (  1.342%)
 ANC generation                 ...        0 min,  0.001 sec (  0.119%)
 coordinate transformation      ...        0 min,  0.000 sec (  0.041%)
 single point calculation       ...        0 min,  0.760 sec ( 97.358%)
 optimization log               ...        0 min,  0.002 sec (  0.248%)
 hessian update                 ...        0 min,  0.000 sec (  0.039%)
 rational function              ...        0 min,  0.005 sec (  0.633%)

================
 final structure:
================
$coord
    2.89321496281440    2.37766309910734   -0.11459266030823      C 
    5.19504837440958    0.18252281874155   -0.74528108986151      S 
    3.02188639882300   -2.21366844041844   -0.55573791729779      C 
    0.64946816771109   -1.36417099450774   -0.01989794172655      C 
    0.57792819430674    1.31593493149603    0.23558459966418      C 
   -1.79094990067428    2.76886859416731    0.75589110511904      C 
   -3.94119970354270    1.70865056351431   -0.81044339698071      C 
   -4.57630261633753   -1.40813561720795    0.48540881969887      S 
   -5.20590154109562   -1.11012243217090    3.11075395394143      O 
   -6.35821364675315   -2.71160723725946   -1.09626918214599      O 
   -1.56068416305654   -3.08472073813194    0.27202239037524      C 
    3.38009226713213    4.34170131833439   -0.03311918844103      H 
    3.61502551761919   -4.12918534393346   -0.84001949055267      H 
   -1.48643263323321    4.77166482262112    0.36236804596228      H 
   -2.31416466283994    2.56855253440525    2.74707639853524      H 
   -3.46542648424308    1.46914229500672   -2.79280714464041      H 
   -5.67463014857451    2.78960122375392   -0.61475697005408      H 
   -1.73785431117202   -4.37130534719966   -1.32250951235042      H 
   -1.44165203011547   -4.17626558690311    2.01373203544879      H 
$end
           -------------------------------------------------
          |                Final Singlepoint                |
           -------------------------------------------------

          ...................................................
          :                      SETUP                      :
          :.................................................:
          :  # basis functions                  64          :
          :  # atomic orbitals                  62          :
          :  # shells                           32          :
          :  # electrons                        60          :
          :  max. iterations                   250          :
          :  Hamiltonian                  GFN2-xTB          :
          :  restarted?                      false          :
          :  GBSA solvation                  false          :
          :  PC potential                    false          :
          :  electronic temp.          300.0000000     K    :
          :  accuracy                    1.0000000          :
          :  -> integral cutoff          0.2500000E+02      :
          :  -> integral neglect         0.1000000E-07      :
          :  -> SCF convergence          0.1000000E-05 Eh   :
          :  -> wf. convergence          0.1000000E-03 e    :
          :  Broyden damping             0.4000000          :
          ...................................................

 iter      E             dE          RMSdq      gap      omega  full diag
   1    -34.0561027 -0.340561E+02  0.103E-04    3.98       0.0  T
   2    -34.0561027 -0.972733E-11  0.450E-05    3.98     509.6  T
   3    -34.0561027 -0.247624E-10  0.439E-05    3.98     522.4  T

   *** convergence criteria satisfied after 3 iterations ***

         #    Occupation            Energy/Eh            Energy/eV
      -------------------------------------------------------------
         1        2.0000           -0.7794448             -21.2098
       ...           ...                  ...                  ...
        24        2.0000           -0.4657475             -12.6736
        25        2.0000           -0.4563310             -12.4174
        26        2.0000           -0.4421789             -12.0323
        27        2.0000           -0.4382488             -11.9254
        28        2.0000           -0.4164585             -11.3324
        29        2.0000           -0.4088554             -11.1255
        30        2.0000           -0.4082485             -11.1090 (HOMO)
        31                         -0.2618594              -7.1256 (LUMO)
        32                         -0.2184494              -5.9443
        33                         -0.1919596              -5.2235
        34                         -0.1381145              -3.7583
        35                         -0.1279646              -3.4821
       ...                                ...                  ...
        62                          1.2162712              33.0964
      -------------------------------------------------------------
                  HL-Gap            0.1463891 Eh            3.9835 eV
             Fermi-level           -0.3350539 Eh           -9.1173 eV

 SCC (total)                   0 d,  0 h,  0 min,  0.023 sec
 SCC setup                      ...        0 min,  0.000 sec (  0.665%)
 Dispersion                     ...        0 min,  0.000 sec (  0.525%)
 integral evaluation            ...        0 min,  0.007 sec ( 32.077%)
 zeroth order Hamiltonian       ...        0 min,  0.000 sec (  0.596%)
 iterations                     ...        0 min,  0.003 sec ( 14.452%)
 molecular gradient             ...        0 min,  0.011 sec ( 50.198%)
 printout                       ...        0 min,  0.000 sec (  1.279%)

         :::::::::::::::::::::::::::::::::::::::::::::::::::::
         ::                     SUMMARY                     ::
         :::::::::::::::::::::::::::::::::::::::::::::::::::::
         :: total energy             -33.671001481563 Eh    ::
         :: gradient norm              0.000710987827 Eh/a0 ::
         :: HOMO-LUMO gap              3.983450842553 eV    ::
         ::.................................................::
         :: SCC energy               -34.056102684250 Eh    ::
         :: -> isotropic ES            0.064098450834 Eh    ::
         :: -> anisotropic ES         -0.004511636557 Eh    ::
         :: -> anisotropic XC          0.008697278567 Eh    ::
         :: -> dispersion             -0.021071404719 Eh    ::
         :: repulsion energy           0.384984692800 Eh    ::
         :: add. restraining           0.000000000000 Eh    ::
         :::::::::::::::::::::::::::::::::::::::::::::::::::::

           -------------------------------------------------
          |                Property Printout                |
           -------------------------------------------------

    * Orbital Energies and Occupations

         #    Occupation            Energy/Eh            Energy/eV
      -------------------------------------------------------------
         1        2.0000           -0.7794448             -21.2098
       ...           ...                  ...                  ...
        18        2.0000           -0.5115860             -13.9210
        19        2.0000           -0.5002844             -13.6134
        20        2.0000           -0.4907114             -13.3529
        21        2.0000           -0.4878484             -13.2750
        22        2.0000           -0.4851424             -13.2014
        23        2.0000           -0.4745354             -12.9128
        24        2.0000           -0.4657475             -12.6736
        25        2.0000           -0.4563310             -12.4174
        26        2.0000           -0.4421789             -12.0323
        27        2.0000           -0.4382488             -11.9254
        28        2.0000           -0.4164585             -11.3324
        29        2.0000           -0.4088554             -11.1255
        30        2.0000           -0.4082485             -11.1090 (HOMO)
        31                         -0.2618594              -7.1256 (LUMO)
        32                         -0.2184494              -5.9443
        33                         -0.1919596              -5.2235
        34                         -0.1381145              -3.7583
        35                         -0.1279646              -3.4821
        36                         -0.1149453              -3.1278
        37                         -0.0891346              -2.4255
        38                         -0.0604467              -1.6448
        39                         -0.0142724              -0.3884
        40                          0.0169098               0.4601
        41                          0.0205468               0.5591
       ...                                ...                  ...
        62                          1.2162712              33.0964
      -------------------------------------------------------------
                  HL-Gap            0.1463891 Eh            3.9835 eV
             Fermi-level           -0.3350539 Eh           -9.1173 eV

     #   Z        covCN         q      C6AA      α(0)
     1   6 C      2.943    -0.035    28.867     8.812
     2  16 S      2.288     0.006   140.793    19.971
     3   6 C      2.943    -0.035    28.875     8.813
     4   6 C      3.187    -0.016    27.921     8.622
     5   6 C      3.165    -0.016    28.066     8.658
     6   6 C      3.891    -0.070    21.789     6.636
     7   6 C      3.802    -0.130    22.997     6.827
     8  16 S      3.774     0.972   107.456    17.447
     9   8 O      0.860    -0.547    24.842     6.682
    10   8 O      0.860    -0.543    24.764     6.672
    11   6 C      3.799    -0.138    23.150     6.851
    12   1 H      0.926     0.052     2.293     2.368
    13   1 H      0.926     0.051     2.308     2.375
    14   1 H      0.924     0.061     2.193     2.316
    15   1 H      0.924     0.075     2.032     2.229
    16   1 H      0.925     0.069     2.102     2.267
    17   1 H      0.925     0.081     1.971     2.196
    18   1 H      0.925     0.078     2.000     2.212
    19   1 H      0.925     0.086     1.923     2.168

 Mol. C6AA /au·bohr⁶  :       6261.255666
 Mol. C8AA /au·bohr⁸  :     185543.303980
 Mol. α(0) /au        :        124.121502


Wiberg/Mayer (AO) data.
largest (>0.10) Wiberg bond orders for each atom
          total WBO             WBO to atom ...
     1  C   3.947        C    5 1.600    S    2 1.197    H   12 0.970    C    3 0.116
     2  S   2.649        C    3 1.202    C    1 1.197
     3  C   3.948        C    4 1.592    S    2 1.202    H   13 0.970    C    1 0.116
     4  C   3.982        C    3 1.592    C    5 1.225    C   11 1.016
     5  C   3.985        C    1 1.600    C    4 1.225    C    6 1.010
     6  C   3.992        C    5 1.010    C    7 1.009    H   14 0.968    H   15 0.953
     7  C   3.986        C    6 1.009    H   16 0.973    H   17 0.965    S    8 0.766
     8  S   4.908        O   10 1.663    O    9 1.658    C    7 0.766    C   11 0.760
     9  O   1.951        S    8 1.658    O   10 0.113
    10  O   1.954        S    8 1.663    O    9 0.113
    11  C   3.984        C    4 1.016    H   18 0.964    H   19 0.954    S    8 0.760
    12  H   0.997        C    1 0.970
    13  H   0.997        C    3 0.970
    14  H   0.996        C    6 0.968
    15  H   0.994        C    6 0.953
    16  H   0.995        C    7 0.973
    17  H   0.992        C    7 0.965
    18  H   0.994        C   11 0.964
    19  H   0.993        C   11 0.954

molecular dipole:
                 x           y           z       tot (Debye)
 q only:        1.655       0.840      -0.591
   full:        1.447       0.812      -0.601       4.485
molecular quadrupole (traceless):
                xx          xy          yy          xz          yz          zz
 q only:      -12.764     -10.630      11.097       4.339      -0.252       1.667
  q+dip:      -17.151     -12.402      15.035       4.863      -0.447       2.115
   full:      -17.228     -12.451      14.994       5.239      -0.645       2.233

           -------------------------------------------------
          |                Geometry Summary                 |
           -------------------------------------------------

      molecular mass/u    :      188.2590000
   center of mass at/Å    :       -0.4952377      -0.2221442       0.0578104
  moments of inertia/u·Å² :        0.2295161E+03   0.9293237E+03   0.1048096E+04
rotational constants/cm⁻¹ :        0.7344857E-01   0.1813968E-01   0.1608405E-01

 * 20 selected distances

     #   Z        #   Z                                     value/Å
     1   6 C      2  16 S                                 1.7159421
     2  16 S      3   6 C                                 1.7147542
     3   6 C      4   6 C                                 1.3633006
     1   6 C      5   6 C                                 1.3605562
     4   6 C      5   6 C                                 1.4251832
     5   6 C      6   6 C                                 1.4961142
     6   6 C      7   6 C                                 1.5154292
     7   6 C      8  16 S                                 1.8175482
     8  16 S      9   8 O                                 1.4373417
     8  16 S     10   8 O                                 1.4371767
     4   6 C     11   6 C                                 1.4902032
     8  16 S     11   6 C                                 1.8293334 (max)
     1   6 C     12   1 H                                 1.0716504 (min)
     3   6 C     13   1 H                                 1.0717420
     6   6 C     14   1 H                                 1.0920537
     6   6 C     15   1 H                                 1.0946040
     7   6 C     16   1 H                                 1.0862310
     7   6 C     17   1 H                                 1.0859781
    11   6 C     18   1 H                                 1.0882568
    11   6 C     19   1 H                                 1.0895387

 * 4 distinct bonds (by element types)

   Z      Z             #   av. dist./Å        max./Å        min./Å
   1 H    6 C           8     1.0850068     1.0946040     1.0716504
   6 C    6 C           6     1.4417978     1.5154292     1.3605562
   6 C   16 S           4     1.7693945     1.8293334     1.7147542
   8 O   16 S           2     1.4372592     1.4373417     1.4371767


optimized geometry written to: xtbopt.xyz


           -------------------------------------------------
          | TOTAL ENERGY              -33.671001481563 Eh   |
          | GRADIENT NORM               0.000710987827 Eh/α |
          | HOMO-LUMO GAP               3.983450842553 eV   |
           -------------------------------------------------

------------------------------------------------------------------------
 * finished run on 2021/05/19 at 10:59:48.426     
------------------------------------------------------------------------
 total:
 * wall-time:     0 d,  0 h,  0 min,  0.905 sec
 *  cpu-time:     0 d,  0 h,  0 min,  0.700 sec
 * ratio c/w:     0.773 speedup
 SCF:
 * wall-time:     0 d,  0 h,  0 min,  0.059 sec
 *  cpu-time:     0 d,  0 h,  0 min,  0.033 sec
 * ratio c/w:     0.562 speedup
 ANC optimizer:
 * wall-time:     0 d,  0 h,  0 min,  0.804 sec
 *  cpu-time:     0 d,  0 h,  0 min,  0.648 sec
 * ratio c/w:     0.806 speedup

