      -----------------------------------------------------------      
     |                   =====================                   |     
     |                           x T B                           |     
     |                   =====================                   |     
     |                         S. Grimme                         |     
     |          Mulliken Center for Theoretical Chemistry        |     
     |                    University of Bonn                     |     
     |                Version 6.2 RC2 (SAW190805)                |     
      -----------------------------------------------------------      

   This program is distributed in the hope that it will be useful,
   but WITHOUT ANY WARRANTY; without even the implied warranty of
   MERCHANTABILITY or FITNESS FOR A PARTICULAR PURPOSE.
   
   FOR NON-COMMERCIAL, ACADEMIA USE ONLY.
   
   Cite this work as:
   * S. Grimme, C. Bannwarth, P. Shushkov, J. Chem. Theory Comput., 2017,
     13, 1989-2009. DOI: 10.1021/acs.jctc.7b00118
   * C. Bannwarth, S. Ehlert and S. Grimme., J. Chem. Theory Comput., 2019,
     15, 1652-1671. DOI: 10.1021/acs.jctc.8b01176
   * P. Pracht, E. Caldeweyher, S. Ehlert, S. Grimme, ChemRxiv, 2019, preprint.
     DOI: 10.26434/chemrxiv.8326202.v1
   
   for DFT-D4:
   * E. Caldeweyher, C. Bannwarth and S. Grimme, J. Chem. Phys., 2017,
     147, 034112. DOI: 10.1063/1.4993215
   * E. Caldeweyher, S. Ehlert, A. Hansen, H. Neugebauer, S. Spicher,
     C. Bannwarth and S. Grimme, J. Chem. Phys., 2019, 150, 154122.
     DOI: 10.1063/1.5090222
   
   for sTDA-xTB:
   * S. Grimme and C. Bannwarth, J. Chem. Phys., 2016, 145, 054103.
     DOI: 10.1063/1.4959605
   
   in the mass-spec context:
   * V. Asgeirsson, C. Bauer and S. Grimme, Chem. Sci., 2017, 8, 4879.
     DOI: 10.1039/c7sc00601b
   
   for metadynamics refer to:
   * S. Grimme, J. Chem. Theory Comput., 2019, 155, 2847-2862
     DOI: 10.1021/acs.jctc.9b00143
   
   with help from (in alphabetical order)
   C. Bannwarth, F. Bohle, G. Brandenburg, E. Caldeweyher, M. Checinski,
   S. Dohm, S. Ehlert, S. Ehrlich, F. März, H. Neugebauer, J. Pisarek,
   P. Pracht, P. Shushkov, and S. Spicher.
   
 * started run on 2021/05/19 at 10:59:25.915     

           -------------------------------------------------
          |                Calculation Setup                |
           -------------------------------------------------

          program call               : /ihome/ghutchison/geoffh/xtb/xtb 417.xyz -opt
          hostname                   : smp-n126
          coordinate file            : 417.xyz
          omp threads                :                     1
          number of atoms            :                    17
          number of electrons        :                    48
          charge                     :                     0
          spin                       :                   0.0
          first test random number   :      0.39731586108536


########################################################################
# WARNING! Please study the warnings concerning your input carefully
#  - the use of '-opt' is discouraged, please use '--opt' next time
########################################################################

           ------------------------------------------------- 
          |                 G F N 2 - x T B                 |
          | Geometry, Frequencies, Noncovalent interactions |
          |            JCTC 2019 parametrisation            |
           ------------------------------------------------- 
             KAB for C  - Si     :                1.0500
             KAB for H  - Pd     :                0.9500
             k(s)              :                1.8500
             k(p)              :                2.2300
             k(d)              :                2.2300
             k(f)              :                2.0000
             kEN (H0ij)        :               -2.0000
             D4 a1             :                0.5200
             D4 a2             :                5.0000
             D4 s6             :                1.0000
             D4 s8             :                2.7000
             D4 s9             :                5.0000
             alphaj            :                2.0000

  Z AO/shell   Hii/eV     exponent
  1     Wed Apr 25 08:07:45 CEST 2018   EN: 2.200 GM2: 0.406  GM3: 0.0800  RAES: 1.40
     1s    -10.707211    1.230000
  6     Wed Apr 25 08:07:45 CEST 2018   EN: 2.550 GM2: 0.538  GM3: 0.1500  RAES: 3.00
     2s    -13.970922    2.096432
     2p    -10.063292    1.800000
  8     Wed Apr 25 08:07:45 CEST 2018   EN: 3.440 GM2: 0.452  GM3:-0.0517  RAES: 1.80
     2s    -20.229985    2.439742
     2p    -15.503117    2.137023

           ------------------------------------------------- 
          |        Self-Consistent Charge Iterations        |
           ------------------------------------------------- 

          ...................................................
          :                      SETUP                      :
          :.................................................:
          :  # basis functions                  44          :
          :  # atomic orbitals                  44          :
          :  # shells                           26          :
          :  # electrons                        48          :
          :  max. iterations                   250          :
          :  Hamiltonian                  GFN2-xTB          :
          :  restarted?                      false          :
          :  GBSA solvation                  false          :
          :  PC potential                    false          :
          :  electronic temp.          300.0000000     K    :
          :  accuracy                    1.0000000          :
          :  -> integral cutoff          0.2500000E+02      :
          :  -> integral neglect         0.1000000E-07      :
          :  -> SCF convergence          0.1000000E-05 Eh   :
          :  -> wf. convergence          0.1000000E-03 e    :
          :  Broyden damping             0.4000000          :
          ...................................................

 iter      E             dE          RMSdq      gap      omega  full diag
   1    -27.4754312 -0.274754E+02  0.469E+00    3.04       0.0  T
   2    -27.4989730 -0.235417E-01  0.278E+00    3.04       1.0  T
   3    -27.4888543  0.101186E-01  0.129E+00    3.11       1.0  T
   4    -27.5018639 -0.130095E-01  0.395E-01    3.03       1.0  T
   5    -27.5032108 -0.134694E-02  0.149E-01    3.08       1.0  T
   6    -27.5033731 -0.162290E-03  0.639E-02    3.06       1.0  T
   7    -27.5033879 -0.147400E-04  0.310E-02    3.06       1.0  T
   8    -27.5033920 -0.413910E-05  0.124E-02    3.06       1.9  T
   9    -27.5033930 -0.101573E-05  0.446E-03    3.06       5.4  T
  10    -27.5033931 -0.130649E-06  0.186E-03    3.06      13.0  T
  11    -27.5033932 -0.171807E-07  0.776E-04    3.06      31.3  T
  12    -27.5033932 -0.122141E-08  0.212E-04    3.06     114.2  T

   *** convergence criteria satisfied after 12 iterations ***

         #    Occupation            Energy/Eh            Energy/eV
      -------------------------------------------------------------
         1        2.0000           -0.7294265             -19.8487
       ...           ...                  ...                  ...
        18        2.0000           -0.4693268             -12.7710
        19        2.0000           -0.4619827             -12.5712
        20        2.0000           -0.4469825             -12.1630
        21        2.0000           -0.4447853             -12.1032
        22        2.0000           -0.4421826             -12.0324
        23        2.0000           -0.3971826             -10.8079
        24        2.0000           -0.3665759              -9.9750 (HOMO)
        25                         -0.2539858              -6.9113 (LUMO)
        26                         -0.1707736              -4.6470
        27                         -0.1304401              -3.5495
        28                          0.0217100               0.5908
        29                          0.0466740               1.2701
       ...                                ...                  ...
        44                          0.6765856              18.4108
      -------------------------------------------------------------
                  HL-Gap            0.1125901 Eh            3.0637 eV
             Fermi-level           -0.3102808 Eh           -8.4432 eV

 SCC (total)                   0 d,  0 h,  0 min,  0.036 sec
 SCC setup                      ...        0 min,  0.000 sec (  0.539%)
 Dispersion                     ...        0 min,  0.000 sec (  0.442%)
 integral evaluation            ...        0 min,  0.004 sec ( 10.346%)
 zeroth order Hamiltonian       ...        0 min,  0.000 sec (  0.229%)
 iterations                     ...        0 min,  0.026 sec ( 70.855%)
 molecular gradient             ...        0 min,  0.006 sec ( 16.666%)
 printout                       ...        0 min,  0.000 sec (  0.771%)

         :::::::::::::::::::::::::::::::::::::::::::::::::::::
         ::                     SUMMARY                     ::
         :::::::::::::::::::::::::::::::::::::::::::::::::::::
         :: total energy             -27.152463350834 Eh    ::
         :: gradient norm              0.056523524888 Eh/a0 ::
         :: HOMO-LUMO gap              3.063733879097 eV    ::
         ::.................................................::
         :: SCC energy               -27.503393155840 Eh    ::
         :: -> isotropic ES            0.023672191963 Eh    ::
         :: -> anisotropic ES          0.002688150981 Eh    ::
         :: -> anisotropic XC          0.008306944192 Eh    ::
         :: -> dispersion             -0.011921318128 Eh    ::
         :: repulsion energy           0.350949614273 Eh    ::
         :: add. restraining           0.000000000000 Eh    ::
         :::::::::::::::::::::::::::::::::::::::::::::::::::::

      ----------------------------------------------------------- 
     |                   =====================                   |
     |                        A N C O P T                        |
     |                   =====================                   |
     |               Approximate Normal Coordinate               |
     |                Rational Function Optimizer                |
      ----------------------------------------------------------- 

          ...................................................
          :                      SETUP                      :
          :.................................................:
          :   optimization level            normal          :
          :   max. optcycles                   200          :
          :   ANC micro-cycles                  20          :
          :   degrees of freedom                45          :
          :.................................................:
          :   RF solver                   davidson          :
          :   input Hessian                  false          :
          :   write xtbopt.log                true          :
          :   linear?                        false          :
          :   energy convergence         0.5000000E-05 Eh   :
          :   grad. convergence          0.1000000E-02 Eh/α :
          :   maximium RF displ.         2.0000000          :
          :   Hlow (freq-cutoff)         0.5000000E-02      :
          :   Hmax (freq-cutoff)         5.0000000          :
          :   S6 in model hess.         20.0000000          :
          ...................................................

generating ANC from model Hessian ...
Using Lindh-Hessian (1995)
 Shifting diagonal of input Hessian by   3.027614469812037E-003
 Lowest  eigenvalues of input Hessian
   -0.000000    0.000000    0.000000    0.000000    0.000000    0.000000
    0.005000    0.007254    0.009147    0.009294    0.014867    0.016345
    0.021294    0.027752    0.047558    0.050372    0.053484    0.073969
 Highest eigenvalues
    1.614257    1.690759    1.861485    1.926209    2.045543    2.118208
 

........................................................................
.............................. CYCLE    1 ..............................
........................................................................
   1    -27.5033932 -0.275034E+02  0.988E-05    3.06       0.0  T
   2    -27.5033932 -0.968114E-11  0.606E-05    3.06     400.1  T
   3    -27.5033932 -0.477840E-11  0.505E-05    3.06     480.2  T
     SCC iter.                  ...        0 min,  0.002 sec
     gradient                   ...        0 min,  0.006 sec
 * total energy  :   -27.1524633 Eh     change        0.2611952E-08 Eh
   gradient norm :     0.0565244 Eh/α   predicted     0.0000000E+00 (-100.00%)
   displ. norm   :     0.1658512 α      lambda       -0.4225851E-02
   maximum displ.:     0.0773938 α      in ANC's #1, #15, #12, ...

........................................................................
.............................. CYCLE    2 ..............................
........................................................................
   1    -27.5153017 -0.275153E+02  0.169E-01    3.14       0.0  T
   2    -27.5153515 -0.498027E-04  0.103E-01    3.13       1.0  T
   3    -27.5153382  0.133348E-04  0.642E-02    3.14       1.0  T
   4    -27.5153669 -0.287444E-04  0.176E-02    3.13       1.4  T
   5    -27.5153693 -0.238427E-05  0.684E-03    3.13       3.5  T
   6    -27.5153699 -0.541754E-06  0.256E-03    3.13       9.5  T
   7    -27.5153699 -0.139524E-07  0.113E-03    3.13      21.6  T
     SCC iter.                  ...        0 min,  0.004 sec
     gradient                   ...        0 min,  0.026 sec
 * total energy  :   -27.1553828 Eh     change       -0.2919436E-02 Eh
   gradient norm :     0.0262138 Eh/α   predicted    -0.2171044E-02 ( -25.63%)
   displ. norm   :     0.1345636 α      lambda       -0.1300378E-02
   maximum displ.:     0.0625114 α      in ANC's #2, #1, #4, ...

........................................................................
.............................. CYCLE    3 ..............................
........................................................................
   1    -27.5205701 -0.275206E+02  0.136E-01    3.21       0.0  T
   2    -27.5205995 -0.293937E-04  0.838E-02    3.20       1.0  T
   3    -27.5205976  0.184236E-05  0.559E-02    3.21       1.0  T
   4    -27.5206166 -0.189674E-04  0.131E-02    3.20       1.9  T
   5    -27.5206180 -0.138371E-05  0.496E-03    3.20       4.9  T
   6    -27.5206183 -0.305596E-06  0.175E-03    3.20      13.9  T
     SCC iter.                  ...        0 min,  0.004 sec
     gradient                   ...        0 min,  0.019 sec
 * total energy  :   -27.1560966 Eh     change       -0.7138201E-03 Eh
   gradient norm :     0.0051796 Eh/α   predicted    -0.6619596E-03 (  -7.27%)
   displ. norm   :     0.0962271 α      lambda       -0.1314845E-03
   maximum displ.:     0.0593245 α      in ANC's #2, #1, #4, ...

........................................................................
.............................. CYCLE    4 ..............................
........................................................................
   1    -27.5198958 -0.275199E+02  0.861E-02    3.21       0.0  T
   2    -27.5198970 -0.121835E-05  0.525E-02    3.21       1.0  T
   3    -27.5198892  0.782710E-05  0.277E-02    3.21       1.0  T
   4    -27.5198983 -0.912809E-05  0.322E-03    3.21       7.5  T
   5    -27.5198984 -0.712977E-07  0.170E-03    3.21      14.3  T
   6    -27.5198984 -0.894579E-08  0.828E-04    3.21      29.3  T
     SCC iter.                  ...        0 min,  0.004 sec
     gradient                   ...        0 min,  0.019 sec
 * total energy  :   -27.1561920 Eh     change       -0.9542964E-04 Eh
   gradient norm :     0.0028110 Eh/α   predicted    -0.6634992E-04 ( -30.47%)
   displ. norm   :     0.1480561 α      lambda       -0.1327764E-03
   maximum displ.:     0.0930154 α      in ANC's #1, #2, #4, ...

........................................................................
.............................. CYCLE    5 ..............................
........................................................................
   1    -27.5186247 -0.275186E+02  0.123E-01    3.22       0.0  T
   2    -27.5186263 -0.162074E-05  0.751E-02    3.22       1.0  T
   3    -27.5186186  0.769100E-05  0.266E-02    3.22       1.0  T
   4    -27.5186276 -0.898490E-05  0.377E-03    3.22       6.4  T
   5    -27.5186276 -0.534320E-07  0.221E-03    3.22      11.0  T
   6    -27.5186277 -0.940499E-08  0.933E-04    3.22      26.0  T
   7    -27.5186277 -0.602991E-08  0.145E-04    3.22     166.8  T
     SCC iter.                  ...        0 min,  0.004 sec
     gradient                   ...        0 min,  0.019 sec
 * total energy  :   -27.1562827 Eh     change       -0.9065858E-04 Eh
   gradient norm :     0.0042750 Eh/α   predicted    -0.6784274E-04 ( -25.17%)
   displ. norm   :     0.1389200 α      lambda       -0.9045981E-04
   maximum displ.:     0.0866917 α      in ANC's #1, #2, #4, ...

........................................................................
.............................. CYCLE    6 ..............................
........................................................................
   1    -27.5181429 -0.275181E+02  0.119E-01    3.21       0.0  T
   2    -27.5181440 -0.108910E-05  0.724E-02    3.21       1.0  T
   3    -27.5181441 -0.148457E-06  0.686E-03    3.21       3.5  T
   4    -27.5181446 -0.411346E-06  0.316E-03    3.21       7.7  T
   5    -27.5181446 -0.244907E-07  0.165E-03    3.21      14.7  T
   6    -27.5181446 -0.951155E-08  0.561E-04    3.21      43.3  T
     SCC iter.                  ...        0 min,  0.017 sec
     gradient                   ...        0 min,  0.006 sec
 * total energy  :   -27.1563506 Eh     change       -0.6790470E-04 Eh
   gradient norm :     0.0044188 Eh/α   predicted    -0.4610423E-04 ( -32.10%)
   displ. norm   :     0.1622744 α      lambda       -0.9361174E-04
   maximum displ.:     0.1090101 α      in ANC's #1, #2, #4, ...

........................................................................
.............................. CYCLE    7 ..............................
........................................................................
   1    -27.5185617 -0.275186E+02  0.139E-01    3.20       0.0  T
   2    -27.5185632 -0.149962E-05  0.850E-02    3.20       1.0  T
   3    -27.5185629  0.346035E-06  0.103E-02    3.20       2.4  T
   4    -27.5185641 -0.127117E-05  0.377E-03    3.20       6.4  T
   5    -27.5185641 -0.951245E-08  0.198E-03    3.20      12.2  T
   6    -27.5185642 -0.249622E-07  0.587E-04    3.20      41.3  T
     SCC iter.                  ...        0 min,  0.017 sec
     gradient                   ...        0 min,  0.006 sec
 * total energy  :   -27.1564203 Eh     change       -0.6970313E-04 Eh
   gradient norm :     0.0032552 Eh/α   predicted    -0.4803825E-04 ( -31.08%)
   displ. norm   :     0.1465820 α      lambda       -0.7018568E-04
   maximum displ.:     0.1073266 α      in ANC's #1, #2, #4, ...

........................................................................
.............................. CYCLE    8 ..............................
........................................................................
   1    -27.5195808 -0.275196E+02  0.121E-01    3.20       0.0  T
   2    -27.5195819 -0.109424E-05  0.736E-02    3.20       1.0  T
   3    -27.5195811  0.831692E-06  0.112E-02    3.20       2.2  T
   4    -27.5195827 -0.157300E-05  0.327E-03    3.20       7.4  T
   5    -27.5195827 -0.549149E-08  0.165E-03    3.20      14.7  T
   6    -27.5195827 -0.136143E-07  0.418E-04    3.20      58.0  T
   7    -27.5195827 -0.208980E-08  0.746E-05    3.20     324.9  T
     SCC iter.                  ...        0 min,  0.017 sec
     gradient                   ...        0 min,  0.006 sec
 * total energy  :   -27.1564692 Eh     change       -0.4892970E-04 Eh
   gradient norm :     0.0019282 Eh/α   predicted    -0.3584490E-04 ( -26.74%)
   displ. norm   :     0.1542595 α      lambda       -0.3167639E-04
   maximum displ.:     0.1211359 α      in ANC's #1, #2, #7, ...

........................................................................
.............................. CYCLE    9 ..............................
........................................................................
   1    -27.5201947 -0.275202E+02  0.125E-01    3.20       0.0  T
   2    -27.5201959 -0.119122E-05  0.761E-02    3.20       1.0  T
   3    -27.5201954  0.509064E-06  0.996E-03    3.20       2.4  T
   4    -27.5201967 -0.128206E-05  0.335E-03    3.20       7.2  T
   5    -27.5201967 -0.226081E-08  0.191E-03    3.20      12.7  T
   6    -27.5201967 -0.202334E-07  0.455E-04    3.20      53.3  T
   7    -27.5201967 -0.253142E-08  0.657E-05    3.20     369.4  T
     SCC iter.                  ...        0 min,  0.017 sec
     gradient                   ...        0 min,  0.006 sec
 * total energy  :   -27.1564960 Eh     change       -0.2676840E-04 Eh
   gradient norm :     0.0017837 Eh/α   predicted    -0.1600701E-04 ( -40.20%)
   displ. norm   :     0.0446593 α      lambda       -0.9418891E-05
   maximum displ.:     0.0373827 α      in ANC's #1, #4, #2, ...

........................................................................
.............................. CYCLE   10 ..............................
........................................................................
   1    -27.5205357 -0.275205E+02  0.279E-02    3.20       0.0  T
   2    -27.5205358 -0.607670E-07  0.166E-02    3.20       1.5  T
   3    -27.5205353  0.452825E-06  0.662E-03    3.20       3.7  T
   4    -27.5205358 -0.520549E-06  0.823E-04    3.20      29.5  T
   5    -27.5205358 -0.289986E-08  0.487E-04    3.20      49.8  T
     SCC iter.                  ...        0 min,  0.003 sec
     gradient                   ...        0 min,  0.006 sec
 * total energy  :   -27.1565036 Eh     change       -0.7588102E-05 Eh
   gradient norm :     0.0012407 Eh/α   predicted    -0.4713174E-05 ( -37.89%)
   displ. norm   :     0.0510520 α      lambda       -0.7414325E-05
   maximum displ.:     0.0416567 α      in ANC's #1, #2, #4, ...

........................................................................
.............................. CYCLE   11 ..............................
........................................................................
   1    -27.5198197 -0.275198E+02  0.362E-02    3.20       0.0  T
   2    -27.5198197 -0.792897E-07  0.217E-02    3.20       1.1  T
   3    -27.5198195  0.240413E-06  0.483E-03    3.20       5.0  T
   4    -27.5198198 -0.294187E-06  0.888E-04    3.20      27.3  T
   5    -27.5198198 -0.131445E-08  0.503E-04    3.20      48.3  T
     SCC iter.                  ...        0 min,  0.003 sec
     gradient                   ...        0 min,  0.006 sec
 * total energy  :   -27.1565095 Eh     change       -0.5868568E-05 Eh
   gradient norm :     0.0008325 Eh/α   predicted    -0.3711474E-05 ( -36.76%)
   displ. norm   :     0.0333431 α      lambda       -0.4379103E-05
   maximum displ.:     0.0214380 α      in ANC's #4, #1, #2, ...

........................................................................
.............................. CYCLE   12 ..............................
........................................................................
   1    -27.5200289 -0.275200E+02  0.251E-02    3.20       0.0  T
   2    -27.5200289 -0.568519E-07  0.149E-02    3.20       1.6  T
   3    -27.5200288  0.148394E-06  0.332E-03    3.20       7.3  T
   4    -27.5200290 -0.176372E-06  0.578E-04    3.20      42.0  T
   5    -27.5200290 -0.122470E-08  0.354E-04    3.20      68.5  T
     SCC iter.                  ...        0 min,  0.003 sec
     gradient                   ...        0 min,  0.006 sec
 * total energy  :   -27.1565135 Eh     change       -0.4070575E-05 Eh
   gradient norm :     0.0008504 Eh/α   predicted    -0.2190431E-05 ( -46.19%)
   displ. norm   :     0.0410088 α      lambda       -0.4506208E-05
   maximum displ.:     0.0261102 α      in ANC's #1, #4, #2, ...

   *** GEOMETRY OPTIMIZATION CONVERGED AFTER 12 ITERATIONS ***

------------------------------------------------------------------------
 total energy gain   :        -0.0040502 Eh       -2.5415 kcal/mol
 total RMSD          :         0.2678028 a0        0.1417 Å
 total power (kW/mol):        -0.8861444 (step)  -33.3952 (real)
------------------------------------------------------------------------

 ANCopt (total)                0 d,  0 h,  0 min,  0.318 sec
 optimizer setup                ...        0 min,  0.000 sec (  0.044%)
 model hessian                  ...        0 min,  0.002 sec (  0.567%)
 ANC generation                 ...        0 min,  0.000 sec (  0.144%)
 coordinate transformation      ...        0 min,  0.000 sec (  0.046%)
 single point calculation       ...        0 min,  0.312 sec ( 98.003%)
 optimization log               ...        0 min,  0.001 sec (  0.277%)
 hessian update                 ...        0 min,  0.000 sec (  0.041%)
 rational function              ...        0 min,  0.002 sec (  0.636%)

================
 final structure:
================
$coord
   -0.43472203779247    1.98070463383071    0.02361796884930      C 
   -1.97245490800349   -0.04314596904521    0.10711048503564      O 
   -0.52729479189958   -2.12398498787444   -0.17495876471811      C 
    1.96804980678713   -1.43916252758490   -0.43726153087306      C 
    2.02249712622996    1.23374787828364   -0.31185659593903      C 
    4.01003605916291    2.84677196860004   -0.47728330824913      O 
    6.39432784071237    1.71973627041487   -0.83504681898364      C 
   -1.65193669467064   -4.60347353210242   -0.18220871409892      C 
   -4.11641059908682   -5.04419534894634    0.03734649684691      C 
   -1.26353503740563    3.81473702516883    0.21915751254078      H 
    3.52713994849836   -2.70453545083302   -0.68556769005331      H 
    7.74145142553461    3.27007770603155   -0.94883897361557      H 
    6.45740765175135    0.62677142511742   -2.58995958680465      H 
    6.89370146494611    0.49052524824103    0.75199835342633      H 
   -0.31794986282563   -6.13767754496485   -0.38845568256378      H 
   -5.44409149749915   -3.51604887480679    0.23797276037760      H 
   -4.87011842267718   -6.93166914605059    0.01967602032220      H 
$end
           -------------------------------------------------
          |                Final Singlepoint                |
           -------------------------------------------------

          ...................................................
          :                      SETUP                      :
          :.................................................:
          :  # basis functions                  44          :
          :  # atomic orbitals                  44          :
          :  # shells                           26          :
          :  # electrons                        48          :
          :  max. iterations                   250          :
          :  Hamiltonian                  GFN2-xTB          :
          :  restarted?                      false          :
          :  GBSA solvation                  false          :
          :  PC potential                    false          :
          :  electronic temp.          300.0000000     K    :
          :  accuracy                    1.0000000          :
          :  -> integral cutoff          0.2500000E+02      :
          :  -> integral neglect         0.1000000E-07      :
          :  -> SCF convergence          0.1000000E-05 Eh   :
          :  -> wf. convergence          0.1000000E-03 e    :
          :  Broyden damping             0.4000000          :
          ...................................................

 iter      E             dE          RMSdq      gap      omega  full diag
   1    -27.5200290 -0.275200E+02  0.165E-04    3.20       0.0  T
   2    -27.5200290 -0.102105E-10  0.753E-05    3.20     322.0  T
   3    -27.5200290 -0.646061E-10  0.760E-05    3.20     319.3  T

   *** convergence criteria satisfied after 3 iterations ***

         #    Occupation            Energy/Eh            Energy/eV
      -------------------------------------------------------------
         1        2.0000           -0.7353298             -20.0093
       ...           ...                  ...                  ...
        18        2.0000           -0.4682993             -12.7431
        19        2.0000           -0.4649718             -12.6525
        20        2.0000           -0.4473250             -12.1723
        21        2.0000           -0.4432712             -12.0620
        22        2.0000           -0.4403753             -11.9832
        23        2.0000           -0.3976426             -10.8204
        24        2.0000           -0.3672268              -9.9927 (HOMO)
        25                         -0.2496286              -6.7927 (LUMO)
        26                         -0.1693870              -4.6093
        27                         -0.1279113              -3.4806
        28                          0.0275442               0.7495
        29                          0.0798030               2.1715
       ...                                ...                  ...
        44                          0.6904300              18.7876
      -------------------------------------------------------------
                  HL-Gap            0.1175982 Eh            3.2000 eV
             Fermi-level           -0.3084277 Eh           -8.3927 eV

 SCC (total)                   0 d,  0 h,  0 min,  0.025 sec
 SCC setup                      ...        0 min,  0.000 sec (  0.522%)
 Dispersion                     ...        0 min,  0.000 sec (  0.401%)
 integral evaluation            ...        0 min,  0.017 sec ( 65.118%)
 zeroth order Hamiltonian       ...        0 min,  0.000 sec (  0.302%)
 iterations                     ...        0 min,  0.002 sec (  8.807%)
 molecular gradient             ...        0 min,  0.006 sec ( 23.805%)
 printout                       ...        0 min,  0.000 sec (  0.868%)

         :::::::::::::::::::::::::::::::::::::::::::::::::::::
         ::                     SUMMARY                     ::
         :::::::::::::::::::::::::::::::::::::::::::::::::::::
         :: total energy             -27.156513529923 Eh    ::
         :: gradient norm              0.000849962127 Eh/a0 ::
         :: HOMO-LUMO gap              3.200008752956 eV    ::
         ::.................................................::
         :: SCC energy               -27.520028965659 Eh    ::
         :: -> isotropic ES            0.022817925426 Eh    ::
         :: -> anisotropic ES          0.002644535548 Eh    ::
         :: -> anisotropic XC          0.007690748653 Eh    ::
         :: -> dispersion             -0.011939353500 Eh    ::
         :: repulsion energy           0.363537327876 Eh    ::
         :: add. restraining           0.000000000000 Eh    ::
         :::::::::::::::::::::::::::::::::::::::::::::::::::::

           -------------------------------------------------
          |                Property Printout                |
           -------------------------------------------------

    * Orbital Energies and Occupations

         #    Occupation            Energy/Eh            Energy/eV
      -------------------------------------------------------------
         1        2.0000           -0.7353298             -20.0093
       ...           ...                  ...                  ...
        12        2.0000           -0.5435200             -14.7899
        13        2.0000           -0.5316148             -14.4660
        14        2.0000           -0.5284757             -14.3806
        15        2.0000           -0.5024665             -13.6728
        16        2.0000           -0.4927807             -13.4092
        17        2.0000           -0.4735685             -12.8865
        18        2.0000           -0.4682993             -12.7431
        19        2.0000           -0.4649718             -12.6525
        20        2.0000           -0.4473250             -12.1723
        21        2.0000           -0.4432712             -12.0620
        22        2.0000           -0.4403753             -11.9832
        23        2.0000           -0.3976426             -10.8204
        24        2.0000           -0.3672268              -9.9927 (HOMO)
        25                         -0.2496286              -6.7927 (LUMO)
        26                         -0.1693870              -4.6093
        27                         -0.1279113              -3.4806
        28                          0.0275442               0.7495
        29                          0.0798030               2.1715
        30                          0.0940938               2.5604
        31                          0.1328000               3.6137
        32                          0.1382086               3.7608
        33                          0.1506974               4.1007
        34                          0.1613338               4.3901
        35                          0.1934177               5.2632
       ...                                ...                  ...
        44                          0.6904300              18.7876
      -------------------------------------------------------------
                  HL-Gap            0.1175982 Eh            3.2000 eV
             Fermi-level           -0.3084277 Eh           -8.3927 eV

     #   Z        covCN         q      C6AA      α(0)
     1   6 C      3.048     0.035    27.174     8.550
     2   8 O      1.729    -0.182    17.054     5.576
     3   6 C      3.102     0.110    25.460     8.268
     4   6 C      3.013    -0.102    30.551     9.067
     5   6 C      2.964     0.118    25.405     8.268
     6   8 O      1.704    -0.277    18.591     5.821
     7   6 C      3.656     0.040    20.183     6.449
     8   6 C      2.888    -0.038    28.949     8.821
     9   6 C      2.841    -0.084    30.106     8.992
    10   1 H      0.927     0.058     2.228     2.334
    11   1 H      0.926     0.039     2.461     2.453
    12   1 H      0.925     0.061     2.192     2.315
    13   1 H      0.924     0.041     2.439     2.442
    14   1 H      0.924     0.041     2.439     2.442
    15   1 H      0.925     0.045     2.390     2.417
    16   1 H      0.926     0.054     2.268     2.355
    17   1 H      0.926     0.044     2.402     2.423

 Mol. C6AA /au·bohr⁶  :       3222.268442
 Mol. C8AA /au·bohr⁸  :      75401.115110
 Mol. α(0) /au        :         88.994319


Wiberg/Mayer (AO) data.
largest (>0.10) Wiberg bond orders for each atom
          total WBO             WBO to atom ...
     1  C   3.896        C    5 1.498    O    2 1.125    H   10 0.966    C    3 0.137
     2  O   2.437        C    1 1.125    C    3 1.113
     3  C   3.913        C    4 1.488    C    8 1.116    O    2 1.113    C    1 0.137
     4  C   3.974        C    3 1.488    C    5 1.269    H   11 0.973
     5  C   3.932        C    1 1.498    C    4 1.269    O    6 1.052
     6  O   2.206        C    5 1.052    C    7 0.984
     7  C   3.945        O    6 0.984    H   12 0.981    H   14 0.978    H   13 0.978
     8  C   3.991        C    9 1.871    C    3 1.116    H   15 0.965
     9  C   3.990        C    8 1.871    H   17 0.979    H   16 0.976
    10  H   0.996        C    1 0.966
    11  H   0.998        C    4 0.973
    12  H   0.996        C    7 0.981
    13  H   0.998        C    7 0.978
    14  H   0.998        C    7 0.978
    15  H   0.998        C    8 0.965
    16  H   0.997        C    9 0.976
    17  H   0.998        C    9 0.979

molecular dipole:
                 x           y           z       tot (Debye)
 q only:        0.441      -0.388      -0.078
   full:        0.553      -0.449      -0.094       1.826
molecular quadrupole (traceless):
                xx          xy          yy          xz          yz          zz
 q only:        4.525      -0.475      -1.201      -1.078       0.257      -3.324
  q+dip:        5.599      -2.151      -1.102      -1.396       0.528      -4.497
   full:        4.848      -1.950      -1.772      -1.164       0.400      -3.076

           -------------------------------------------------
          |                Geometry Summary                 |
           -------------------------------------------------

      molecular mass/u    :      124.1390000
   center of mass at/Å    :        0.3807470      -0.2801911      -0.1360611
  moments of inertia/u·Å² :        0.9814020E+02   0.5438579E+03   0.6387576E+03
rotational constants/cm⁻¹ :        0.1717709E+00   0.3099639E-01   0.2639128E-01

 * 17 selected distances

     #   Z        #   Z                                     value/Å
     1   6 C      2   8 O                                 1.3457722
     2   8 O      3   6 C                                 1.3489290
     3   6 C      4   6 C                                 1.3763217
     1   6 C      5   6 C                                 1.3706011
     4   6 C      5   6 C                                 1.4162924
     5   6 C      6   8 O                                 1.3573705
     6   8 O      7   6 C                                 1.4083525
     3   6 C      8   6 C                                 1.4407560 (max)
     8   6 C      9   6 C                                 1.3299175
     1   6 C     10   1 H                                 1.0700432 (min)
     4   6 C     11   1 H                                 1.0706639
     7   6 C     12   1 H                                 1.0885176
     7   6 C     13   1 H                                 1.0945492
     7   6 C     14   1 H                                 1.0946484
     8   6 C     15   1 H                                 1.0813670
     9   6 C     16   1 H                                 1.0764848
     9   6 C     17   1 H                                 1.0755383

 * 3 distinct bonds (by element types)

   Z      Z             #   av. dist./Å        max./Å        min./Å
   1 H    6 C           8     1.0814766     1.0946484     1.0700432
   6 C    6 C           5     1.3867777     1.4407560     1.3299175
   6 C    8 O           4     1.3651061     1.4083525     1.3457722


optimized geometry written to: xtbopt.xyz


           -------------------------------------------------
          | TOTAL ENERGY              -27.156513529923 Eh   |
          | GRADIENT NORM               0.000849962127 Eh/α |
          | HOMO-LUMO GAP               3.200008752956 eV   |
           -------------------------------------------------

------------------------------------------------------------------------
 * finished run on 2021/05/19 at 10:59:26.336     
------------------------------------------------------------------------
 total:
 * wall-time:     0 d,  0 h,  0 min,  0.421 sec
 *  cpu-time:     0 d,  0 h,  0 min,  0.214 sec
 * ratio c/w:     0.508 speedup
 SCF:
 * wall-time:     0 d,  0 h,  0 min,  0.036 sec
 *  cpu-time:     0 d,  0 h,  0 min,  0.018 sec
 * ratio c/w:     0.505 speedup
 ANC optimizer:
 * wall-time:     0 d,  0 h,  0 min,  0.344 sec
 *  cpu-time:     0 d,  0 h,  0 min,  0.181 sec
 * ratio c/w:     0.525 speedup

