      -----------------------------------------------------------      
     |                   =====================                   |     
     |                           x T B                           |     
     |                   =====================                   |     
     |                         S. Grimme                         |     
     |          Mulliken Center for Theoretical Chemistry        |     
     |                    University of Bonn                     |     
     |                Version 6.2 RC2 (SAW190805)                |     
      -----------------------------------------------------------      

   This program is distributed in the hope that it will be useful,
   but WITHOUT ANY WARRANTY; without even the implied warranty of
   MERCHANTABILITY or FITNESS FOR A PARTICULAR PURPOSE.
   
   FOR NON-COMMERCIAL, ACADEMIA USE ONLY.
   
   Cite this work as:
   * S. Grimme, C. Bannwarth, P. Shushkov, J. Chem. Theory Comput., 2017,
     13, 1989-2009. DOI: 10.1021/acs.jctc.7b00118
   * C. Bannwarth, S. Ehlert and S. Grimme., J. Chem. Theory Comput., 2019,
     15, 1652-1671. DOI: 10.1021/acs.jctc.8b01176
   * P. Pracht, E. Caldeweyher, S. Ehlert, S. Grimme, ChemRxiv, 2019, preprint.
     DOI: 10.26434/chemrxiv.8326202.v1
   
   for DFT-D4:
   * E. Caldeweyher, C. Bannwarth and S. Grimme, J. Chem. Phys., 2017,
     147, 034112. DOI: 10.1063/1.4993215
   * E. Caldeweyher, S. Ehlert, A. Hansen, H. Neugebauer, S. Spicher,
     C. Bannwarth and S. Grimme, J. Chem. Phys., 2019, 150, 154122.
     DOI: 10.1063/1.5090222
   
   for sTDA-xTB:
   * S. Grimme and C. Bannwarth, J. Chem. Phys., 2016, 145, 054103.
     DOI: 10.1063/1.4959605
   
   in the mass-spec context:
   * V. Asgeirsson, C. Bauer and S. Grimme, Chem. Sci., 2017, 8, 4879.
     DOI: 10.1039/c7sc00601b
   
   for metadynamics refer to:
   * S. Grimme, J. Chem. Theory Comput., 2019, 155, 2847-2862
     DOI: 10.1021/acs.jctc.9b00143
   
   with help from (in alphabetical order)
   C. Bannwarth, F. Bohle, G. Brandenburg, E. Caldeweyher, M. Checinski,
   S. Dohm, S. Ehlert, S. Ehrlich, F. März, H. Neugebauer, J. Pisarek,
   P. Pracht, P. Shushkov, and S. Spicher.
   
 * started run on 2021/05/19 at 10:59:30.699     

           -------------------------------------------------
          |                Calculation Setup                |
           -------------------------------------------------

          program call               : /ihome/ghutchison/geoffh/xtb/xtb 422.xyz -opt
          hostname                   : smp-n126
          coordinate file            : 422.xyz
          omp threads                :                     1
          number of atoms            :                    19
          number of electrons        :                    58
          charge                     :                     0
          spin                       :                   0.0
          first test random number   :      0.98936593816434


########################################################################
# WARNING! Please study the warnings concerning your input carefully
#  - the use of '-opt' is discouraged, please use '--opt' next time
########################################################################

           ------------------------------------------------- 
          |                 G F N 2 - x T B                 |
          | Geometry, Frequencies, Noncovalent interactions |
          |            JCTC 2019 parametrisation            |
           ------------------------------------------------- 
             KAB for C  - Si     :                1.0500
             KAB for H  - Pd     :                0.9500
             k(s)              :                1.8500
             k(p)              :                2.2300
             k(d)              :                2.2300
             k(f)              :                2.0000
             kEN (H0ij)        :               -2.0000
             D4 a1             :                0.5200
             D4 a2             :                5.0000
             D4 s6             :                1.0000
             D4 s8             :                2.7000
             D4 s9             :                5.0000
             alphaj            :                2.0000

  Z AO/shell   Hii/eV     exponent
  1     Wed Apr 25 08:07:45 CEST 2018   EN: 2.200 GM2: 0.406  GM3: 0.0800  RAES: 1.40
     1s    -10.707211    1.230000
  6     Wed Apr 25 08:07:45 CEST 2018   EN: 2.550 GM2: 0.538  GM3: 0.1500  RAES: 3.00
     2s    -13.970922    2.096432
     2p    -10.063292    1.800000
  8     Wed Apr 25 08:07:45 CEST 2018   EN: 3.440 GM2: 0.452  GM3:-0.0517  RAES: 1.80
     2s    -20.229985    2.439742
     2p    -15.503117    2.137023

           ------------------------------------------------- 
          |        Self-Consistent Charge Iterations        |
           ------------------------------------------------- 

          ...................................................
          :                      SETUP                      :
          :.................................................:
          :  # basis functions                  52          :
          :  # atomic orbitals                  52          :
          :  # shells                           30          :
          :  # electrons                        58          :
          :  max. iterations                   250          :
          :  Hamiltonian                  GFN2-xTB          :
          :  restarted?                      false          :
          :  GBSA solvation                  false          :
          :  PC potential                    false          :
          :  electronic temp.          300.0000000     K    :
          :  accuracy                    1.0000000          :
          :  -> integral cutoff          0.2500000E+02      :
          :  -> integral neglect         0.1000000E-07      :
          :  -> SCF convergence          0.1000000E-05 Eh   :
          :  -> wf. convergence          0.1000000E-03 e    :
          :  Broyden damping             0.4000000          :
          ...................................................

 iter      E             dE          RMSdq      gap      omega  full diag
   1    -33.7572588 -0.337573E+02  0.440E+00    2.56       0.0  T
   2    -33.7661623 -0.890351E-02  0.263E+00    2.54       1.0  T
   3    -33.7536660  0.124963E-01  0.959E-01    2.57       1.0  T
   4    -33.7684376 -0.147716E-01  0.308E-01    2.56       1.0  T
   5    -33.7692451 -0.807549E-03  0.865E-02    2.54       1.0  T
   6    -33.7692825 -0.374026E-04  0.477E-02    2.55       1.0  T
   7    -33.7692997 -0.171606E-04  0.196E-02    2.55       1.2  T
   8    -33.7693030 -0.334012E-05  0.789E-03    2.55       2.9  T
   9    -33.7693031 -0.110303E-06  0.242E-03    2.55       9.5  T
  10    -33.7693032 -0.439005E-07  0.125E-03    2.55      18.4  T
  11    -33.7693032 -0.927798E-08  0.675E-04    2.55      34.0  T
  12    -33.7693032 -0.393278E-08  0.239E-04    2.55      96.0  T

   *** convergence criteria satisfied after 12 iterations ***

         #    Occupation            Energy/Eh            Energy/eV
      -------------------------------------------------------------
         1        2.0000           -0.7272753             -19.7902
       ...           ...                  ...                  ...
        23        2.0000           -0.4513100             -12.2808
        24        2.0000           -0.4494981             -12.2315
        25        2.0000           -0.4411299             -12.0038
        26        2.0000           -0.4369320             -11.8895
        27        2.0000           -0.4260746             -11.5941
        28        2.0000           -0.3838719             -10.4457
        29        2.0000           -0.3582541              -9.7486 (HOMO)
        30                         -0.2646562              -7.2017 (LUMO)
        31                         -0.2125266              -5.7831
        32                         -0.1404809              -3.8227
        33                         -0.1151148              -3.1324
        34                         -0.0012789              -0.0348
       ...                                ...                  ...
        52                          0.6882617              18.7286
      -------------------------------------------------------------
                  HL-Gap            0.0935980 Eh            2.5469 eV
             Fermi-level           -0.3114551 Eh           -8.4751 eV

 SCC (total)                   0 d,  0 h,  0 min,  0.045 sec
 SCC setup                      ...        0 min,  0.000 sec (  0.483%)
 Dispersion                     ...        0 min,  0.000 sec (  0.436%)
 integral evaluation            ...        0 min,  0.005 sec ( 11.511%)
 zeroth order Hamiltonian       ...        0 min,  0.000 sec (  0.247%)
 iterations                     ...        0 min,  0.031 sec ( 68.003%)
 molecular gradient             ...        0 min,  0.008 sec ( 18.560%)
 printout                       ...        0 min,  0.000 sec (  0.656%)

         :::::::::::::::::::::::::::::::::::::::::::::::::::::
         ::                     SUMMARY                     ::
         :::::::::::::::::::::::::::::::::::::::::::::::::::::
         :: total energy             -33.344741469266 Eh    ::
         :: gradient norm              0.065245828141 Eh/a0 ::
         :: HOMO-LUMO gap              2.546930035522 eV    ::
         ::.................................................::
         :: SCC energy               -33.769303189952 Eh    ::
         :: -> isotropic ES            0.048910068467 Eh    ::
         :: -> anisotropic ES          0.002045263461 Eh    ::
         :: -> anisotropic XC          0.006269069486 Eh    ::
         :: -> dispersion             -0.015077616398 Eh    ::
         :: repulsion energy           0.424537011246 Eh    ::
         :: add. restraining           0.000000000000 Eh    ::
         :::::::::::::::::::::::::::::::::::::::::::::::::::::

      ----------------------------------------------------------- 
     |                   =====================                   |
     |                        A N C O P T                        |
     |                   =====================                   |
     |               Approximate Normal Coordinate               |
     |                Rational Function Optimizer                |
      ----------------------------------------------------------- 

          ...................................................
          :                      SETUP                      :
          :.................................................:
          :   optimization level            normal          :
          :   max. optcycles                   200          :
          :   ANC micro-cycles                  20          :
          :   degrees of freedom                51          :
          :.................................................:
          :   RF solver                   davidson          :
          :   input Hessian                  false          :
          :   write xtbopt.log                true          :
          :   linear?                        false          :
          :   energy convergence         0.5000000E-05 Eh   :
          :   grad. convergence          0.1000000E-02 Eh/α :
          :   maximium RF displ.         2.0000000          :
          :   Hlow (freq-cutoff)         0.5000000E-02      :
          :   Hmax (freq-cutoff)         5.0000000          :
          :   S6 in model hess.         20.0000000          :
          ...................................................

generating ANC from model Hessian ...
Using Lindh-Hessian (1995)
 Shifting diagonal of input Hessian by   2.491206153650552E-003
 Lowest  eigenvalues of input Hessian
   -0.000000   -0.000000    0.000000    0.000000    0.000000    0.000000
    0.005000    0.006896    0.007233    0.007900    0.008017    0.015260
    0.016629    0.021411    0.031559    0.034104    0.034398    0.041003
 Highest eigenvalues
    1.768631    1.823375    2.021088    2.067995    2.121470    2.182159
 

........................................................................
.............................. CYCLE    1 ..............................
........................................................................
   1    -33.7693032 -0.337693E+02  0.104E-04    2.55       0.0  T
   2    -33.7693032 -0.303828E-10  0.630E-05    2.55     364.2  T
   3    -33.7693032 -0.122213E-10  0.449E-05    2.55     510.8  T
     SCC iter.                  ...        0 min,  0.003 sec
     gradient                   ...        0 min,  0.022 sec
 * total energy  :   -33.3447415 Eh     change        0.9088410E-08 Eh
   gradient norm :     0.0652472 Eh/α   predicted     0.0000000E+00 (-100.00%)
   displ. norm   :     0.1917218 α      lambda       -0.6370277E-02
   maximum displ.:     0.1396271 α      in ANC's #16, #26, #14, ...

........................................................................
.............................. CYCLE    2 ..............................
........................................................................
   1    -33.7804333 -0.337804E+02  0.156E-01    2.61       0.0  T
   2    -33.7805644 -0.131046E-03  0.107E-01    2.60       1.0  T
   3    -33.7806308 -0.664576E-04  0.604E-02    2.60       1.0  T
   4    -33.7806409 -0.100848E-04  0.268E-02    2.60       1.0  T
   5    -33.7806449 -0.400940E-05  0.103E-02    2.60       2.2  T
   6    -33.7806468 -0.188731E-05  0.272E-03    2.60       8.4  T
   7    -33.7806468  0.577991E-09  0.128E-03    2.60      17.9  T
     SCC iter.                  ...        0 min,  0.005 sec
     gradient                   ...        0 min,  0.008 sec
 * total energy  :   -33.3490792 Eh     change       -0.4337788E-02 Eh
   gradient norm :     0.0299633 Eh/α   predicted    -0.3302229E-02 ( -23.87%)
   displ. norm   :     0.1162440 α      lambda       -0.1612141E-02
   maximum displ.:     0.0836356 α      in ANC's #16, #26, #21, ...

........................................................................
.............................. CYCLE    3 ..............................
........................................................................
   1    -33.7852349 -0.337852E+02  0.113E-01    2.68       0.0  T
   2    -33.7852998 -0.648199E-04  0.770E-02    2.67       1.0  T
   3    -33.7853451 -0.452892E-04  0.425E-02    2.67       1.0  T
   4    -33.7853497 -0.462048E-05  0.173E-02    2.67       1.3  T
   5    -33.7853515 -0.178766E-05  0.691E-03    2.67       3.3  T
   6    -33.7853523 -0.821251E-06  0.170E-03    2.67      13.5  T
   7    -33.7853523 -0.126430E-08  0.762E-04    2.67      30.1  T
     SCC iter.                  ...        0 min,  0.005 sec
     gradient                   ...        0 min,  0.008 sec
 * total energy  :   -33.3499384 Eh     change       -0.8591250E-03 Eh
   gradient norm :     0.0066246 Eh/α   predicted    -0.8169658E-03 (  -4.91%)
   displ. norm   :     0.0233787 α      lambda       -0.5328858E-04
   maximum displ.:     0.0112521 α      in ANC's #4, #11, #1, ...

........................................................................
.............................. CYCLE    4 ..............................
........................................................................
   1    -33.7851593 -0.337852E+02  0.225E-02    2.69       0.0  T
   2    -33.7851601 -0.739776E-06  0.139E-02    2.69       1.6  T
   3    -33.7851604 -0.283923E-06  0.986E-03    2.69       2.3  T
   4    -33.7851611 -0.736658E-06  0.208E-03    2.69      11.0  T
   5    -33.7851612 -0.642656E-07  0.604E-04    2.69      38.0  T
     SCC iter.                  ...        0 min,  0.004 sec
     gradient                   ...        0 min,  0.008 sec
 * total energy  :   -33.3499739 Eh     change       -0.3549353E-04 Eh
   gradient norm :     0.0025102 Eh/α   predicted    -0.2667154E-04 ( -24.86%)
   displ. norm   :     0.0271345 α      lambda       -0.2100001E-04
   maximum displ.:     0.0123788 α      in ANC's #3, #10, #1, ...

........................................................................
.............................. CYCLE    5 ..............................
........................................................................
   1    -33.7849037 -0.337849E+02  0.219E-02    2.70       0.0  T
   2    -33.7849039 -0.262913E-06  0.132E-02    2.70       1.7  T
   3    -33.7849031  0.799827E-06  0.888E-03    2.70       2.6  T
   4    -33.7849042 -0.106066E-05  0.125E-03    2.70      18.3  T
   5    -33.7849042 -0.171756E-07  0.545E-04    2.70      42.1  T
   6    -33.7849042 -0.884107E-09  0.346E-04    2.70      66.3  T
     SCC iter.                  ...        0 min,  0.004 sec
     gradient                   ...        0 min,  0.008 sec
 * total energy  :   -33.3499841 Eh     change       -0.1024004E-04 Eh
   gradient norm :     0.0010939 Eh/α   predicted    -0.1050798E-04 (   2.62%)
   displ. norm   :     0.0288432 α      lambda       -0.6186763E-05
   maximum displ.:     0.0142532 α      in ANC's #1, #4, #3, ...

........................................................................
.............................. CYCLE    6 ..............................
........................................................................
   1    -33.7848236 -0.337848E+02  0.213E-02    2.70       0.0  T
   2    -33.7848237 -0.136473E-06  0.128E-02    2.70       1.8  T
   3    -33.7848235  0.248078E-06  0.420E-03    2.70       5.5  T
   4    -33.7848238 -0.299942E-06  0.853E-04    2.70      26.9  T
   5    -33.7848238 -0.453507E-08  0.520E-04    2.70      44.1  T
     SCC iter.                  ...        0 min,  0.004 sec
     gradient                   ...        0 min,  0.008 sec
 * total energy  :   -33.3499869 Eh     change       -0.2744888E-05 Eh
   gradient norm :     0.0010895 Eh/α   predicted    -0.3095015E-05 (  12.76%)
   displ. norm   :     0.0107827 α      lambda       -0.2984858E-05
   maximum displ.:     0.0070559 α      in ANC's #1, #15, #5, ...

........................................................................
.............................. CYCLE    7 ..............................
........................................................................
   1    -33.7849678 -0.337850E+02  0.903E-03    2.69       0.0  T
   2    -33.7849678 -0.227394E-07  0.539E-03    2.69       4.3  T
   3    -33.7849677  0.120803E-06  0.288E-03    2.69       8.0  T
   4    -33.7849678 -0.141027E-06  0.378E-04    2.69      60.7  T
   5    -33.7849678 -0.191401E-08  0.149E-04    2.69     154.3  T
     SCC iter.                  ...        0 min,  0.004 sec
     gradient                   ...        0 min,  0.008 sec
 * total energy  :   -33.3499895 Eh     change       -0.2611499E-05 Eh
   gradient norm :     0.0002843 Eh/α   predicted    -0.1493338E-05 ( -42.82%)
   displ. norm   :     0.0117741 α      lambda       -0.5538692E-06
   maximum displ.:     0.0096453 α      in ANC's #1, #4, #3, ...

   *** GEOMETRY OPTIMIZATION CONVERGED AFTER 7 ITERATIONS ***

------------------------------------------------------------------------
 total energy gain   :        -0.0052480 Eh       -3.2932 kcal/mol
 total RMSD          :         0.0737342 a0        0.0390 Å
 total power (kW/mol):        -1.9683722 (step)  -97.2845 (real)
------------------------------------------------------------------------

 ANCopt (total)                0 d,  0 h,  0 min,  0.142 sec
 optimizer setup                ...        0 min,  0.000 sec (  0.097%)
 model hessian                  ...        0 min,  0.002 sec (  1.417%)
 ANC generation                 ...        0 min,  0.000 sec (  0.339%)
 coordinate transformation      ...        0 min,  0.000 sec (  0.063%)
 single point calculation       ...        0 min,  0.137 sec ( 96.784%)
 optimization log               ...        0 min,  0.001 sec (  0.413%)
 hessian update                 ...        0 min,  0.000 sec (  0.051%)
 rational function              ...        0 min,  0.001 sec (  0.518%)

================
 final structure:
================
$coord
    6.17480839491939    2.39860597252988    1.31336994260857      C 
    5.07920632367016    0.13946010134955    1.16743724778908      C 
    5.86185022653920   -2.04245912534322    2.57605678206347      C 
    7.84947469730732   -1.95069613318932    4.19153422227722      O 
    8.14299056421168   -4.26813525083957    5.24794357163359      C 
    6.31801301286050   -5.87688818023206    4.30042323645177      C 
    4.84988206401862   -4.45017077229995    2.58117478883382      C 
    2.85197283383646   -5.28369293879786    1.21581994827075      O 
    5.87638536943235   -8.36613364947208    4.80961486290037      O 
   10.12108056542240   -4.73814762684733    7.04625279305903      C 
   11.79535510069972   -3.01860252784136    7.80176485712990      C 
    5.51462489761946    3.97597665891765    0.21592155035427      H 
    7.76471207772858    2.72041287304606    2.54023207151893      H 
    3.48163945326680   -0.20301048585820   -0.05703402153510      H 
    2.59900400208953   -7.04415849308970    1.62446921617866      H 
    7.09207874257552   -8.95781001759753    6.02660843087919      H 
   10.18725815524030   -6.64460312253593    7.78964199371237      H 
   11.74444085179015   -1.12213896043964    7.07285814355046      H 
   13.24468437266604   -3.46210790266210    9.15450882590844      H 
$end
           -------------------------------------------------
          |                Final Singlepoint                |
           -------------------------------------------------

          ...................................................
          :                      SETUP                      :
          :.................................................:
          :  # basis functions                  52          :
          :  # atomic orbitals                  52          :
          :  # shells                           30          :
          :  # electrons                        58          :
          :  max. iterations                   250          :
          :  Hamiltonian                  GFN2-xTB          :
          :  restarted?                      false          :
          :  GBSA solvation                  false          :
          :  PC potential                    false          :
          :  electronic temp.          300.0000000     K    :
          :  accuracy                    1.0000000          :
          :  -> integral cutoff          0.2500000E+02      :
          :  -> integral neglect         0.1000000E-07      :
          :  -> SCF convergence          0.1000000E-05 Eh   :
          :  -> wf. convergence          0.1000000E-03 e    :
          :  Broyden damping             0.4000000          :
          ...................................................

 iter      E             dE          RMSdq      gap      omega  full diag
   1    -33.7849678 -0.337850E+02  0.657E-05    2.69       0.0  T
   2    -33.7849678 -0.148077E-10  0.331E-05    2.69     694.0  T
   3    -33.7849678 -0.120153E-10  0.262E-05    2.69     877.3  T

   *** convergence criteria satisfied after 3 iterations ***

         #    Occupation            Energy/Eh            Energy/eV
      -------------------------------------------------------------
         1        2.0000           -0.7362964             -20.0356
       ...           ...                  ...                  ...
        23        2.0000           -0.4514166             -12.2837
        24        2.0000           -0.4504990             -12.2587
        25        2.0000           -0.4428289             -12.0500
        26        2.0000           -0.4351770             -11.8418
        27        2.0000           -0.4266944             -11.6109
        28        2.0000           -0.3861063             -10.5065
        29        2.0000           -0.3608940              -9.8204 (HOMO)
        30                         -0.2618746              -7.1260 (LUMO)
        31                         -0.2131044              -5.7989
        32                         -0.1392186              -3.7883
        33                         -0.1187204              -3.2305
        34                          0.0254046               0.6913
       ...                                ...                  ...
        52                          0.6835532              18.6004
      -------------------------------------------------------------
                  HL-Gap            0.0990194 Eh            2.6945 eV
             Fermi-level           -0.3113843 Eh           -8.4732 eV

 SCC (total)                   0 d,  0 h,  0 min,  0.017 sec
 SCC setup                      ...        0 min,  0.000 sec (  0.766%)
 Dispersion                     ...        0 min,  0.000 sec (  0.618%)
 integral evaluation            ...        0 min,  0.005 sec ( 30.458%)
 zeroth order Hamiltonian       ...        0 min,  0.000 sec (  0.582%)
 iterations                     ...        0 min,  0.003 sec ( 16.126%)
 molecular gradient             ...        0 min,  0.008 sec ( 49.623%)
 printout                       ...        0 min,  0.000 sec (  1.576%)

         :::::::::::::::::::::::::::::::::::::::::::::::::::::
         ::                     SUMMARY                     ::
         :::::::::::::::::::::::::::::::::::::::::::::::::::::
         :: total energy             -33.349989463845 Eh    ::
         :: gradient norm              0.000283568704 Eh/a0 ::
         :: HOMO-LUMO gap              2.694455737524 eV    ::
         ::.................................................::
         :: SCC energy               -33.784967845776 Eh    ::
         :: -> isotropic ES            0.047581606939 Eh    ::
         :: -> anisotropic ES          0.002356114363 Eh    ::
         :: -> anisotropic XC          0.006345069653 Eh    ::
         :: -> dispersion             -0.015071816388 Eh    ::
         :: repulsion energy           0.434953546952 Eh    ::
         :: add. restraining           0.000000000000 Eh    ::
         :::::::::::::::::::::::::::::::::::::::::::::::::::::

           -------------------------------------------------
          |                Property Printout                |
           -------------------------------------------------

    * Orbital Energies and Occupations

         #    Occupation            Energy/Eh            Energy/eV
      -------------------------------------------------------------
         1        2.0000           -0.7362964             -20.0356
       ...           ...                  ...                  ...
        17        2.0000           -0.5213706             -14.1872
        18        2.0000           -0.5099219             -13.8757
        19        2.0000           -0.5096579             -13.8685
        20        2.0000           -0.5023139             -13.6687
        21        2.0000           -0.4938541             -13.4385
        22        2.0000           -0.4717011             -12.8356
        23        2.0000           -0.4514166             -12.2837
        24        2.0000           -0.4504990             -12.2587
        25        2.0000           -0.4428289             -12.0500
        26        2.0000           -0.4351770             -11.8418
        27        2.0000           -0.4266944             -11.6109
        28        2.0000           -0.3861063             -10.5065
        29        2.0000           -0.3608940              -9.8204 (HOMO)
        30                         -0.2618746              -7.1260 (LUMO)
        31                         -0.2131044              -5.7989
        32                         -0.1392186              -3.7883
        33                         -0.1187204              -3.2305
        34                          0.0254046               0.6913
        35                          0.0527624               1.4357
        36                          0.0660051               1.7961
        37                          0.1187045               3.2301
        38                          0.1288593               3.5064
        39                          0.1410233               3.8374
        40                          0.1590727               4.3286
       ...                                ...                  ...
        52                          0.6835532              18.6004
      -------------------------------------------------------------
                  HL-Gap            0.0990194 Eh            2.6945 eV
             Fermi-level           -0.3113843 Eh           -8.4732 eV

     #   Z        covCN         q      C6AA      α(0)
     1   6 C      2.841    -0.087    30.182     9.004
     2   6 C      2.888    -0.034    28.840     8.804
     3   6 C      3.064     0.088    25.986     8.359
     4   8 O      1.727    -0.202    17.367     5.627
     5   6 C      3.058     0.071    26.351     8.418
     6   6 C      2.927     0.076    26.305     8.411
     7   6 C      2.921     0.094    25.912     8.348
     8   8 O      1.658    -0.385    20.563     6.122
     9   8 O      1.658    -0.399    20.837     6.162
    10   6 C      2.887    -0.037    28.920     8.817
    11   6 C      2.841    -0.088    30.195     9.005
    12   1 H      0.926     0.044     2.401     2.423
    13   1 H      0.926     0.052     2.299     2.371
    14   1 H      0.926     0.058     2.226     2.333
    15   1 H      0.805     0.320     0.663     1.279
    16   1 H      0.805     0.303     0.712     1.326
    17   1 H      0.925     0.030     2.582     2.513
    18   1 H      0.926     0.055     2.255     2.348
    19   1 H      0.926     0.043     2.415     2.430

 Mol. C6AA /au·bohr⁶  :       4377.505936
 Mol. C8AA /au·bohr⁸  :     104677.232257
 Mol. α(0) /au        :        104.100106


Wiberg/Mayer (AO) data.
largest (>0.10) Wiberg bond orders for each atom
          total WBO             WBO to atom ...
     1  C   3.968        C    2 1.854    H   12 0.979    H   13 0.976
     2  C   3.988        C    1 1.854    C    3 1.131    H   14 0.962
     3  C   3.908        C    7 1.411    C    2 1.131    O    4 1.089    C    5 0.106
     4  O   2.400        C    3 1.089    C    5 1.085
     5  C   3.905        C    6 1.412    C   10 1.133    O    4 1.085    C    3 0.106
     6  C   3.926        C    5 1.412    C    7 1.243    O    9 1.052
     7  C   3.937        C    3 1.411    C    6 1.243    O    8 1.075
     8  O   2.117        C    7 1.075    H   15 0.880
     9  O   2.096        C    6 1.052    H   16 0.887
    10  C   3.990        C   11 1.848    C    5 1.133    H   17 0.961
    11  C   3.967        C   10 1.848    H   19 0.979    H   18 0.976
    12  H   0.997        C    1 0.979
    13  H   0.997        C    1 0.976
    14  H   0.996        C    2 0.962
    15  H   0.897        O    8 0.880
    16  H   0.908        O    9 0.887
    17  H   0.999        C   10 0.961
    18  H   0.997        C   11 0.976
    19  H   0.998        C   11 0.979

molecular dipole:
                 x           y           z       tot (Debye)
 q only:        0.216      -0.427       0.329
   full:        0.371      -0.726       0.562       2.518
molecular quadrupole (traceless):
                xx          xy          yy          xz          yz          zz
 q only:       -1.823      -6.111       3.570       6.291      -7.205      -1.747
  q+dip:       -2.654      -9.439       5.836      10.522     -11.301      -3.182
   full:       -2.554     -10.312       4.874       9.108     -10.924      -2.320

           -------------------------------------------------
          |                Geometry Summary                 |
           -------------------------------------------------

      molecular mass/u    :      152.1494000
   center of mass at/Å    :        3.5757801      -1.8538380       2.0272266
  moments of inertia/u·Å² :        0.3648170E+03   0.4882734E+03   0.8530828E+03
rotational constants/cm⁻¹ :        0.4620847E-01   0.3452499E-01   0.1976084E-01

 * 19 selected distances

     #   Z        #   Z                                     value/Å
     1   6 C      2   6 C                                 1.3308971
     2   6 C      3   6 C                                 1.4353792
     3   6 C      4   8 O                                 1.3562679
     4   8 O      5   6 C                                 1.3566640
     5   6 C      6   6 C                                 1.3815909
     3   6 C      7   6 C                                 1.3820729
     6   6 C      7   6 C                                 1.4146707
     7   6 C      8   8 O                                 1.3543831
     6   6 C      9   8 O                                 1.3646879
     5   6 C     10   6 C                                 1.4363695 (max)
    10   6 C     11   6 C                                 1.3314702
     1   6 C     12   1 H                                 1.0751983
     1   6 C     13   1 H                                 1.0762669
     2   6 C     14   1 H                                 1.0804597
     8   8 O     15   1 H                                 0.9656907
     9   8 O     16   1 H                                 0.9626176 (min)
    10   6 C     17   1 H                                 1.0834030
    11   6 C     18   1 H                                 1.0754766
    11   6 C     19   1 H                                 1.0750466

 * 4 distinct bonds (by element types)

   Z      Z             #   av. dist./Å        max./Å        min./Å
   1 H    6 C           6     1.0776419     1.0834030     1.0750466
   6 C    6 C           7     1.3874930     1.4363695     1.3308971
   1 H    8 O           2     0.9641542     0.9656907     0.9626176
   6 C    8 O           4     1.3580007     1.3646879     1.3543831


optimized geometry written to: xtbopt.xyz


           -------------------------------------------------
          | TOTAL ENERGY              -33.349989463845 Eh   |
          | GRADIENT NORM               0.000283568704 Eh/α |
          | HOMO-LUMO GAP               2.694455737524 eV   |
           -------------------------------------------------

------------------------------------------------------------------------
 * finished run on 2021/05/19 at 10:59:30.931     
------------------------------------------------------------------------
 total:
 * wall-time:     0 d,  0 h,  0 min,  0.232 sec
 *  cpu-time:     0 d,  0 h,  0 min,  0.184 sec
 * ratio c/w:     0.791 speedup
 SCF:
 * wall-time:     0 d,  0 h,  0 min,  0.045 sec
 *  cpu-time:     0 d,  0 h,  0 min,  0.024 sec
 * ratio c/w:     0.534 speedup
 ANC optimizer:
 * wall-time:     0 d,  0 h,  0 min,  0.159 sec
 *  cpu-time:     0 d,  0 h,  0 min,  0.144 sec
 * ratio c/w:     0.909 speedup

