      -----------------------------------------------------------      
     |                   =====================                   |     
     |                           x T B                           |     
     |                   =====================                   |     
     |                         S. Grimme                         |     
     |          Mulliken Center for Theoretical Chemistry        |     
     |                    University of Bonn                     |     
     |                Version 6.2 RC2 (SAW190805)                |     
      -----------------------------------------------------------      

   This program is distributed in the hope that it will be useful,
   but WITHOUT ANY WARRANTY; without even the implied warranty of
   MERCHANTABILITY or FITNESS FOR A PARTICULAR PURPOSE.
   
   FOR NON-COMMERCIAL, ACADEMIA USE ONLY.
   
   Cite this work as:
   * S. Grimme, C. Bannwarth, P. Shushkov, J. Chem. Theory Comput., 2017,
     13, 1989-2009. DOI: 10.1021/acs.jctc.7b00118
   * C. Bannwarth, S. Ehlert and S. Grimme., J. Chem. Theory Comput., 2019,
     15, 1652-1671. DOI: 10.1021/acs.jctc.8b01176
   * P. Pracht, E. Caldeweyher, S. Ehlert, S. Grimme, ChemRxiv, 2019, preprint.
     DOI: 10.26434/chemrxiv.8326202.v1
   
   for DFT-D4:
   * E. Caldeweyher, C. Bannwarth and S. Grimme, J. Chem. Phys., 2017,
     147, 034112. DOI: 10.1063/1.4993215
   * E. Caldeweyher, S. Ehlert, A. Hansen, H. Neugebauer, S. Spicher,
     C. Bannwarth and S. Grimme, J. Chem. Phys., 2019, 150, 154122.
     DOI: 10.1063/1.5090222
   
   for sTDA-xTB:
   * S. Grimme and C. Bannwarth, J. Chem. Phys., 2016, 145, 054103.
     DOI: 10.1063/1.4959605
   
   in the mass-spec context:
   * V. Asgeirsson, C. Bauer and S. Grimme, Chem. Sci., 2017, 8, 4879.
     DOI: 10.1039/c7sc00601b
   
   for metadynamics refer to:
   * S. Grimme, J. Chem. Theory Comput., 2019, 155, 2847-2862
     DOI: 10.1021/acs.jctc.9b00143
   
   with help from (in alphabetical order)
   C. Bannwarth, F. Bohle, G. Brandenburg, E. Caldeweyher, M. Checinski,
   S. Dohm, S. Ehlert, S. Ehrlich, F. März, H. Neugebauer, J. Pisarek,
   P. Pracht, P. Shushkov, and S. Spicher.
   
 * started run on 2021/05/19 at 10:59:45.512     

           -------------------------------------------------
          |                Calculation Setup                |
           -------------------------------------------------

          program call               : /ihome/ghutchison/geoffh/xtb/xtb 443.xyz -opt
          hostname                   : smp-n126
          coordinate file            : 443.xyz
          omp threads                :                     1
          number of atoms            :                    31
          number of electrons        :                    78
          charge                     :                     0
          spin                       :                   0.0
          first test random number   :      0.38842767198400


########################################################################
# WARNING! Please study the warnings concerning your input carefully
#  - the use of '-opt' is discouraged, please use '--opt' next time
########################################################################

           ------------------------------------------------- 
          |                 G F N 2 - x T B                 |
          | Geometry, Frequencies, Noncovalent interactions |
          |            JCTC 2019 parametrisation            |
           ------------------------------------------------- 
             KAB for C  - Si     :                1.0500
             KAB for H  - Pd     :                0.9500
             k(s)              :                1.8500
             k(p)              :                2.2300
             k(d)              :                2.2300
             k(f)              :                2.0000
             kEN (H0ij)        :               -2.0000
             D4 a1             :                0.5200
             D4 a2             :                5.0000
             D4 s6             :                1.0000
             D4 s8             :                2.7000
             D4 s9             :                5.0000
             alphaj            :                2.0000

  Z AO/shell   Hii/eV     exponent
  1     Wed Apr 25 08:07:45 CEST 2018   EN: 2.200 GM2: 0.406  GM3: 0.0800  RAES: 1.40
     1s    -10.707211    1.230000
  6     Wed Apr 25 08:07:45 CEST 2018   EN: 2.550 GM2: 0.538  GM3: 0.1500  RAES: 3.00
     2s    -13.970922    2.096432
     2p    -10.063292    1.800000
 16     Tue Apr 24 11:44:34 CEST 2018   EN: 2.580 GM2: 0.340  GM3:-0.0502  RAES: 3.10
     3s    -20.029654    1.981333
     3p    -11.377694    2.025643
     3d     -0.420282    1.702555

           ------------------------------------------------- 
          |        Self-Consistent Charge Iterations        |
           ------------------------------------------------- 

          ...................................................
          :                      SETUP                      :
          :.................................................:
          :  # basis functions                  82          :
          :  # atomic orbitals                  81          :
          :  # shells                           47          :
          :  # electrons                        78          :
          :  max. iterations                   250          :
          :  Hamiltonian                  GFN2-xTB          :
          :  restarted?                      false          :
          :  GBSA solvation                  false          :
          :  PC potential                    false          :
          :  electronic temp.          300.0000000     K    :
          :  accuracy                    1.0000000          :
          :  -> integral cutoff          0.2500000E+02      :
          :  -> integral neglect         0.1000000E-07      :
          :  -> SCF convergence          0.1000000E-05 Eh   :
          :  -> wf. convergence          0.1000000E-03 e    :
          :  Broyden damping             0.4000000          :
          ...................................................

 iter      E             dE          RMSdq      gap      omega  full diag
   1    -41.9532963 -0.419533E+02  0.383E+00    1.88       0.0  T
   2    -41.9874573 -0.341610E-01  0.223E+00    1.94       1.0  T
   3    -41.9844271  0.303017E-02  0.747E-01    1.92       1.0  T
   4    -41.9883345 -0.390736E-02  0.362E-01    1.93       1.0  T
   5    -41.9907277 -0.239322E-02  0.114E-01    1.92       1.0  T
   6    -41.9909056 -0.177954E-03  0.580E-02    1.93       1.0  T
   7    -41.9909626 -0.569832E-04  0.190E-02    1.93       1.0  T
   8    -41.9909642 -0.157742E-05  0.106E-02    1.93       1.7  T
   9    -41.9909652 -0.102216E-05  0.401E-03    1.93       4.5  T
  10    -41.9909654 -0.152265E-06  0.223E-03    1.93       8.1  T
  11    -41.9909654  0.296257E-08  0.163E-03    1.93      11.0  T
  12    -41.9909654 -0.686237E-07  0.425E-04    1.93      42.3  T
  13    -41.9909654 -0.579092E-10  0.197E-04    1.93      91.2  T

   *** convergence criteria satisfied after 13 iterations ***

         #    Occupation            Energy/Eh            Energy/eV
      -------------------------------------------------------------
         1        2.0000           -0.7271784             -19.7875
       ...           ...                  ...                  ...
        33        2.0000           -0.4302105             -11.7066
        34        2.0000           -0.4265485             -11.6070
        35        2.0000           -0.4189688             -11.4007
        36        2.0000           -0.4136310             -11.2555
        37        2.0000           -0.4044112             -11.0046
        38        2.0000           -0.3864972             -10.5171
        39        2.0000           -0.3500420              -9.5251 (HOMO)
        40                         -0.2792368              -7.5984 (LUMO)
        41                         -0.2230710              -6.0701
        42                         -0.1999257              -5.4403
        43                         -0.1916730              -5.2157
        44                         -0.1672055              -4.5499
       ...                                ...                  ...
        81                          0.7448937              20.2696
      -------------------------------------------------------------
                  HL-Gap            0.0708052 Eh            1.9267 eV
             Fermi-level           -0.3146394 Eh           -8.5618 eV

 SCC (total)                   0 d,  0 h,  0 min,  0.104 sec
 SCC setup                      ...        0 min,  0.000 sec (  0.354%)
 Dispersion                     ...        0 min,  0.000 sec (  0.478%)
 integral evaluation            ...        0 min,  0.025 sec ( 24.167%)
 zeroth order Hamiltonian       ...        0 min,  0.000 sec (  0.227%)
 iterations                     ...        0 min,  0.033 sec ( 31.503%)
 molecular gradient             ...        0 min,  0.044 sec ( 42.809%)
 printout                       ...        0 min,  0.000 sec (  0.408%)

         :::::::::::::::::::::::::::::::::::::::::::::::::::::
         ::                     SUMMARY                     ::
         :::::::::::::::::::::::::::::::::::::::::::::::::::::
         :: total energy             -41.336242994950 Eh    ::
         :: gradient norm              0.103760323482 Eh/a0 ::
         :: HOMO-LUMO gap              1.926708289981 eV    ::
         ::.................................................::
         :: SCC energy               -41.990965444936 Eh    ::
         :: -> isotropic ES            0.004357178639 Eh    ::
         :: -> anisotropic ES          0.008069691942 Eh    ::
         :: -> anisotropic XC          0.025388855962 Eh    ::
         :: -> dispersion             -0.032229171663 Eh    ::
         :: repulsion energy           0.654659057912 Eh    ::
         :: add. restraining           0.000000000000 Eh    ::
         :::::::::::::::::::::::::::::::::::::::::::::::::::::

      ----------------------------------------------------------- 
     |                   =====================                   |
     |                        A N C O P T                        |
     |                   =====================                   |
     |               Approximate Normal Coordinate               |
     |                Rational Function Optimizer                |
      ----------------------------------------------------------- 

          ...................................................
          :                      SETUP                      :
          :.................................................:
          :   optimization level            normal          :
          :   max. optcycles                   200          :
          :   ANC micro-cycles                  20          :
          :   degrees of freedom                87          :
          :.................................................:
          :   RF solver                   davidson          :
          :   input Hessian                  false          :
          :   write xtbopt.log                true          :
          :   linear?                        false          :
          :   energy convergence         0.5000000E-05 Eh   :
          :   grad. convergence          0.1000000E-02 Eh/α :
          :   maximium RF displ.         2.0000000          :
          :   Hlow (freq-cutoff)         0.5000000E-02      :
          :   Hmax (freq-cutoff)         5.0000000          :
          :   S6 in model hess.         20.0000000          :
          ...................................................

generating ANC from model Hessian ...
Using Lindh-Hessian (1995)
 Shifting diagonal of input Hessian by   4.493916730771578E-003
 Lowest  eigenvalues of input Hessian
   -0.000000   -0.000000   -0.000000    0.000000    0.000000    0.000000
    0.005000    0.005398    0.006845    0.007738    0.008393    0.010674
    0.012112    0.012462    0.012751    0.012956    0.013249    0.013688
 Highest eigenvalues
    1.659110    1.674906    1.781972    1.925487    1.974562    2.052691
 

........................................................................
.............................. CYCLE    1 ..............................
........................................................................
   1    -41.9909654 -0.419910E+02  0.899E-05    1.93       0.0  T
   2    -41.9909654 -0.157740E-10  0.723E-05    1.93     248.4  T
   3    -41.9909654 -0.138996E-09  0.302E-05    1.93     594.2  T
     SCC iter.                  ...        0 min,  0.005 sec
     gradient                   ...        0 min,  0.031 sec
 * total energy  :   -41.3362430 Eh     change       -0.5181491E-09 Eh
   gradient norm :     0.1037602 Eh/α   predicted     0.0000000E+00 (-100.00%)
   displ. norm   :     0.3469744 α      lambda       -0.2015447E-01
   maximum displ.:     0.1937085 α      in ANC's #44, #34, #30, ...

........................................................................
.............................. CYCLE    2 ..............................
........................................................................
   1    -42.0348949 -0.420349E+02  0.250E-01    1.99       0.0  T
   2    -42.0349800 -0.850582E-04  0.149E-01    1.99       1.0  T
   3    -42.0348403  0.139635E-03  0.902E-02    1.99       1.0  T
   4    -42.0350434 -0.203093E-03  0.328E-02    1.99       1.0  T
   5    -42.0350588 -0.153154E-04  0.175E-02    1.99       1.0  T
   6    -42.0350640 -0.519879E-05  0.653E-03    1.99       2.8  T
   7    -42.0350648 -0.872538E-06  0.207E-03    1.99       8.7  T
   8    -42.0350649 -0.777511E-07  0.847E-04    1.99      21.2  T
     SCC iter.                  ...        0 min,  0.024 sec
     gradient                   ...        0 min,  0.043 sec
 * total energy  :   -41.3500192 Eh     change       -0.1377623E-01 Eh
   gradient norm :     0.0473947 Eh/α   predicted    -0.1129045E-01 ( -18.04%)
   displ. norm   :     0.2489354 α      lambda       -0.5009667E-02
   maximum displ.:     0.0964166 α      in ANC's #44, #6, #5, ...

........................................................................
.............................. CYCLE    3 ..............................
........................................................................
   1    -42.0551843 -0.420552E+02  0.171E-01    2.06       0.0  T
   2    -42.0552209 -0.365548E-04  0.105E-01    2.05       1.0  T
   3    -42.0551607  0.601399E-04  0.612E-02    2.06       1.0  T
   4    -42.0552468 -0.860710E-04  0.183E-02    2.05       1.0  T
   5    -42.0552538 -0.696392E-05  0.726E-03    2.05       2.5  T
   6    -42.0552546 -0.767805E-06  0.310E-03    2.05       5.8  T
   7    -42.0552548 -0.217599E-06  0.110E-03    2.05      16.4  T
     SCC iter.                  ...        0 min,  0.010 sec
     gradient                   ...        0 min,  0.043 sec
 * total energy  :   -41.3527233 Eh     change       -0.2704118E-02 Eh
   gradient norm :     0.0113844 Eh/α   predicted    -0.2660063E-02 (  -1.63%)
   displ. norm   :     0.1870383 α      lambda       -0.5373721E-03
   maximum displ.:     0.1083097 α      in ANC's #5, #4, #6, ...

........................................................................
.............................. CYCLE    4 ..............................
........................................................................
   1    -42.0537387 -0.420537E+02  0.104E-01    2.06       0.0  T
   2    -42.0537409 -0.218028E-05  0.596E-02    2.06       1.0  T
   3    -42.0537338  0.707770E-05  0.177E-02    2.06       1.0  T
   4    -42.0537420 -0.814821E-05  0.498E-03    2.06       3.6  T
   5    -42.0537418  0.169681E-06  0.413E-03    2.06       4.4  T
   6    -42.0537423 -0.489032E-06  0.750E-04    2.06      24.0  T
   7    -42.0537423 -0.119170E-07  0.257E-04    2.06      69.9  T
     SCC iter.                  ...        0 min,  0.010 sec
     gradient                   ...        0 min,  0.043 sec
 * total energy  :   -41.3531282 Eh     change       -0.4048481E-03 Eh
   gradient norm :     0.0055785 Eh/α   predicted    -0.2780854E-03 ( -31.31%)
   displ. norm   :     0.2766691 α      lambda       -0.5177297E-03
   maximum displ.:     0.1577329 α      in ANC's #5, #4, #6, ...

........................................................................
.............................. CYCLE    5 ..............................
........................................................................
   1    -42.0514390 -0.420514E+02  0.159E-01    2.05       0.0  T
   2    -42.0514416 -0.258213E-05  0.923E-02    2.05       1.0  T
   3    -42.0514235  0.181293E-04  0.265E-02    2.05       1.0  T
   4    -42.0514424 -0.189583E-04  0.834E-03    2.05       2.2  T
   5    -42.0514433 -0.920797E-06  0.447E-03    2.05       4.0  T
   6    -42.0514438 -0.410770E-06  0.848E-04    2.05      21.2  T
   7    -42.0514438 -0.144003E-07  0.366E-04    2.05      49.1  T
     SCC iter.                  ...        0 min,  0.023 sec
     gradient                   ...        0 min,  0.030 sec
 * total energy  :   -41.3534608 Eh     change       -0.3326454E-03 Eh
   gradient norm :     0.0086064 Eh/α   predicted    -0.2786808E-03 ( -16.22%)
   displ. norm   :     0.2184161 α      lambda       -0.3125541E-03
   maximum displ.:     0.1402999 α      in ANC's #4, #5, #6, ...

........................................................................
.............................. CYCLE    6 ..............................
........................................................................
   1    -42.0512762 -0.420513E+02  0.124E-01    2.04       0.0  T
   2    -42.0512776 -0.136157E-05  0.709E-02    2.05       1.0  T
   3    -42.0512540  0.235761E-04  0.298E-02    2.05       1.0  T
   4    -42.0512791 -0.251238E-04  0.597E-03    2.05       3.0  T
   5    -42.0512794 -0.233996E-06  0.242E-03    2.05       7.4  T
   6    -42.0512795 -0.887879E-07  0.871E-04    2.05      20.6  T
     SCC iter.                  ...        0 min,  0.022 sec
     gradient                   ...        0 min,  0.030 sec
 * total energy  :   -41.3536756 Eh     change       -0.2147312E-03 Eh
   gradient norm :     0.0103175 Eh/α   predicted    -0.1637328E-03 ( -23.75%)
   displ. norm   :     0.2661312 α      lambda       -0.3939048E-03
   maximum displ.:     0.1804212 α      in ANC's #4, #5, #6, ...

........................................................................
.............................. CYCLE    7 ..............................
........................................................................
   1    -42.0524845 -0.420525E+02  0.149E-01    2.03       0.0  T
   2    -42.0524855 -0.100644E-05  0.860E-02    2.03       1.0  T
   3    -42.0524265  0.589225E-04  0.477E-02    2.03       1.0  T
   4    -42.0524895 -0.629796E-04  0.666E-03    2.03       2.7  T
   5    -42.0524895 -0.985688E-08  0.405E-03    2.03       4.4  T
   6    -42.0524899 -0.352561E-06  0.104E-03    2.03      17.3  T
   7    -42.0524899 -0.298778E-07  0.338E-04    2.03      53.1  T
     SCC iter.                  ...        0 min,  0.023 sec
     gradient                   ...        0 min,  0.030 sec
 * total energy  :   -41.3539575 Eh     change       -0.2819117E-03 Eh
   gradient norm :     0.0078816 Eh/α   predicted    -0.2109210E-03 ( -25.18%)
   displ. norm   :     0.3044294 α      lambda       -0.3238133E-03
   maximum displ.:     0.2055268 α      in ANC's #4, #5, #6, ...

........................................................................
.............................. CYCLE    8 ..............................
........................................................................
   1    -42.0532002 -0.420532E+02  0.147E-01    2.02       0.0  T
   2    -42.0532011 -0.965140E-06  0.857E-02    2.02       1.0  T
   3    -42.0531813  0.198538E-04  0.271E-02    2.02       1.0  T
   4    -42.0532024 -0.210826E-04  0.443E-03    2.02       4.1  T
   5    -42.0532027 -0.292581E-06  0.216E-03    2.02       8.3  T
   6    -42.0532027 -0.703424E-07  0.546E-04    2.02      32.9  T
     SCC iter.                  ...        0 min,  0.022 sec
     gradient                   ...        0 min,  0.030 sec
 * total energy  :   -41.3541663 Eh     change       -0.2087785E-03 Eh
   gradient norm :     0.0059106 Eh/α   predicted    -0.1769145E-03 ( -15.26%)
   displ. norm   :     0.3042458 α      lambda        0.6299243E-04
   maximum displ.:     0.2055059 α      in ANC's #4, #5, #6, ...

........................................................................
.............................. CYCLE    9 ..............................
........................................................................
   1    -42.0515470 -0.420515E+02  0.143E-01    2.00       0.0  T
   2    -42.0515484 -0.136520E-05  0.834E-02    2.00       1.0  T
   3    -42.0515441  0.427981E-05  0.132E-02    2.00       1.4  T
   4    -42.0515488 -0.465630E-05  0.465E-03    2.00       3.9  T
   5    -42.0515491 -0.296036E-06  0.242E-03    2.00       7.4  T
   6    -42.0515492 -0.118118E-06  0.454E-04    2.00      39.6  T
     SCC iter.                  ...        0 min,  0.022 sec
     gradient                   ...        0 min,  0.030 sec
 * total energy  :   -41.3540788 Eh     change        0.8748530E-04 Eh
   gradient norm :     0.0132798 Eh/α   predicted     0.3440711E-04 ( -60.67%)
   displ. norm   :     0.0962228 α      lambda       -0.4999365E-03
   maximum displ.:     0.0477383 α      in ANC's #6, #5, #12, ...

........................................................................
.............................. CYCLE   10 ..............................
........................................................................
   1    -42.0574667 -0.420575E+02  0.476E-02    2.01       0.0  T
   2    -42.0574672 -0.479951E-06  0.279E-02    2.01       1.0  T
   3    -42.0574572  0.996082E-05  0.269E-02    2.01       1.0  T
   4    -42.0574714 -0.141624E-04  0.571E-03    2.01       3.1  T
   5    -42.0574718 -0.442125E-06  0.299E-03    2.01       6.0  T
   6    -42.0574720 -0.180327E-06  0.993E-04    2.01      18.1  T
     SCC iter.                  ...        0 min,  0.009 sec
     gradient                   ...        0 min,  0.017 sec
 * total energy  :   -41.3542420 Eh     change       -0.1632022E-03 Eh
   gradient norm :     0.0079818 Eh/α   predicted    -0.2522823E-03 (  54.58%)
   displ. norm   :     0.0706036 α      lambda       -0.1831515E-03
   maximum displ.:     0.0269040 α      in ANC's #2, #6, #1, ...

........................................................................
.............................. CYCLE   11 ..............................
........................................................................
   1    -42.0545071 -0.420545E+02  0.374E-02    2.01       0.0  T
   2    -42.0545079 -0.789402E-06  0.223E-02    2.01       1.0  T
   3    -42.0545038  0.410203E-05  0.136E-02    2.01       1.3  T
   4    -42.0545083 -0.450343E-05  0.408E-03    2.01       4.4  T
   5    -42.0545086 -0.378351E-06  0.150E-03    2.01      12.0  T
   6    -42.0545087 -0.210821E-07  0.479E-04    2.01      37.5  T
     SCC iter.                  ...        0 min,  0.009 sec
     gradient                   ...        0 min,  0.017 sec
 * total energy  :   -41.3542957 Eh     change       -0.5368584E-04 Eh
   gradient norm :     0.0060855 Eh/α   predicted    -0.9203425E-04 (  71.43%)
   displ. norm   :     0.0540501 α      lambda       -0.9084569E-04
   maximum displ.:     0.0253675 α      in ANC's #5, #1, #3, ...

........................................................................
.............................. CYCLE   12 ..............................
........................................................................
   1    -42.0549274 -0.420549E+02  0.215E-02    2.01       0.0  T
   2    -42.0549275 -0.100578E-06  0.132E-02    2.01       1.4  T
   3    -42.0549248  0.262972E-05  0.126E-02    2.01       1.4  T
   4    -42.0549282 -0.334396E-05  0.214E-03    2.01       8.4  T
   5    -42.0549282 -0.682871E-07  0.102E-03    2.01      17.7  T
   6    -42.0549283 -0.252701E-07  0.402E-04    2.01      44.7  T
     SCC iter.                  ...        0 min,  0.009 sec
     gradient                   ...        0 min,  0.017 sec
 * total energy  :   -41.3543430 Eh     change       -0.4732498E-04 Eh
   gradient norm :     0.0022715 Eh/α   predicted    -0.4555675E-04 (  -3.74%)
   displ. norm   :     0.1118301 α      lambda       -0.4356701E-04
   maximum displ.:     0.0606794 α      in ANC's #4, #1, #5, ...

........................................................................
.............................. CYCLE   13 ..............................
........................................................................
   1    -42.0549947 -0.420550E+02  0.558E-02    2.01       0.0  T
   2    -42.0549949 -0.239921E-06  0.325E-02    2.01       1.0  T
   3    -42.0549903  0.459487E-05  0.134E-02    2.01       1.3  T
   4    -42.0549952 -0.486670E-05  0.226E-03    2.01       7.9  T
   5    -42.0549952 -0.396735E-07  0.133E-03    2.01      13.5  T
   6    -42.0549953 -0.377766E-07  0.362E-04    2.01      49.6  T
   7    -42.0549953 -0.251054E-08  0.145E-04    2.01     123.6  T
     SCC iter.                  ...        0 min,  0.010 sec
     gradient                   ...        0 min,  0.018 sec
 * total energy  :   -41.3543717 Eh     change       -0.2872552E-04 Eh
   gradient norm :     0.0028273 Eh/α   predicted    -0.2205624E-04 ( -23.22%)
   displ. norm   :     0.1122405 α      lambda        0.6915390E-05
   maximum displ.:     0.0606861 α      in ANC's #4, #1, #5, ...

........................................................................
.............................. CYCLE   14 ..............................
........................................................................
   1    -42.0547664 -0.420548E+02  0.555E-02    2.00       0.0  T
   2    -42.0547666 -0.253106E-06  0.323E-02    2.00       1.0  T
   3    -42.0547621  0.450750E-05  0.133E-02    2.00       1.4  T
   4    -42.0547669 -0.477268E-05  0.230E-03    2.00       7.8  T
   5    -42.0547669 -0.422142E-07  0.135E-03    2.00      13.3  T
   6    -42.0547670 -0.373927E-07  0.388E-04    2.00      46.2  T
   7    -42.0547670 -0.288746E-08  0.160E-04    2.00     112.1  T
     SCC iter.                  ...        0 min,  0.010 sec
     gradient                   ...        0 min,  0.018 sec
 * total energy  :   -41.3543682 Eh     change        0.3507351E-05 Eh
   gradient norm :     0.0061056 Eh/α   predicted     0.3497705E-05 (  -0.28%)
   displ. norm   :     0.0624723 α      lambda       -0.6465872E-04
   maximum displ.:     0.0389994 α      in ANC's #1, #5, #3, ...

........................................................................
.............................. CYCLE   15 ..............................
........................................................................
   1    -42.0554454 -0.420554E+02  0.271E-02    2.01       0.0  T
   2    -42.0554458 -0.337226E-06  0.152E-02    2.01       1.2  T
   3    -42.0554453  0.493320E-06  0.471E-03    2.01       3.8  T
   4    -42.0554457 -0.448385E-06  0.263E-03    2.01       6.8  T
   5    -42.0554458 -0.134433E-06  0.101E-03    2.01      17.8  T
     SCC iter.                  ...        0 min,  0.008 sec
     gradient                   ...        0 min,  0.017 sec
 * total energy  :   -41.3544069 Eh     change       -0.3871642E-04 Eh
   gradient norm :     0.0019893 Eh/α   predicted    -0.3246095E-04 ( -16.16%)
   displ. norm   :     0.1300081 α      lambda       -0.3826479E-04
   maximum displ.:     0.0968889 α      in ANC's #1, #2, #3, ...

........................................................................
.............................. CYCLE   16 ..............................
........................................................................
   1    -42.0551728 -0.420552E+02  0.508E-02    2.01       0.0  T
   2    -42.0551731 -0.298076E-06  0.297E-02    2.01       1.0  T
   3    -42.0551717  0.143382E-05  0.818E-03    2.01       2.2  T
   4    -42.0551733 -0.161309E-05  0.209E-03    2.01       8.6  T
   5    -42.0551733  0.135996E-07  0.151E-03    2.01      11.9  T
   6    -42.0551733 -0.523960E-07  0.386E-04    2.01      46.5  T
   7    -42.0551733 -0.338954E-08  0.215E-04    2.01      83.7  T
     SCC iter.                  ...        0 min,  0.010 sec
     gradient                   ...        0 min,  0.018 sec
 * total energy  :   -41.3544325 Eh     change       -0.2560983E-04 Eh
   gradient norm :     0.0029588 Eh/α   predicted    -0.1928125E-04 ( -24.71%)
   displ. norm   :     0.0943494 α      lambda       -0.2647710E-04
   maximum displ.:     0.0681426 α      in ANC's #1, #2, #5, ...

........................................................................
.............................. CYCLE   17 ..............................
........................................................................
   1    -42.0549356 -0.420549E+02  0.384E-02    2.01       0.0  T
   2    -42.0549357 -0.155744E-06  0.221E-02    2.01       1.0  T
   3    -42.0549357 -0.578421E-08  0.236E-03    2.01       7.6  T
   4    -42.0549357  0.178208E-07  0.176E-03    2.01      10.2  T
   5    -42.0549358 -0.567009E-07  0.442E-04    2.01      40.6  T
   6    -42.0549358 -0.407150E-08  0.188E-04    2.01      95.8  T
     SCC iter.                  ...        0 min,  0.009 sec
     gradient                   ...        0 min,  0.018 sec
 * total energy  :   -41.3544537 Eh     change       -0.2116041E-04 Eh
   gradient norm :     0.0021622 Eh/α   predicted    -0.1335906E-04 ( -36.87%)
   displ. norm   :     0.0871775 α      lambda       -0.2961556E-04
   maximum displ.:     0.0649627 α      in ANC's #1, #2, #12, ...

........................................................................
.............................. CYCLE   18 ..............................
........................................................................
   1    -42.0553856 -0.420554E+02  0.337E-02    2.01       0.0  T
   2    -42.0553858 -0.186671E-06  0.190E-02    2.01       1.0  T
   3    -42.0553850  0.779109E-06  0.587E-03    2.01       3.1  T
   4    -42.0553858 -0.805583E-06  0.232E-03    2.01       7.7  T
   5    -42.0553859 -0.552468E-07  0.101E-03    2.01      17.8  T
   6    -42.0553859 -0.239596E-07  0.186E-04    2.01      96.4  T
   7    -42.0553859 -0.597772E-09  0.101E-04    2.01     177.6  T
     SCC iter.                  ...        0 min,  0.010 sec
     gradient                   ...        0 min,  0.018 sec
 * total energy  :   -41.3544754 Eh     change       -0.2169101E-04 Eh
   gradient norm :     0.0009886 Eh/α   predicted    -0.1492114E-04 ( -31.21%)
   displ. norm   :     0.1549160 α      lambda       -0.2157680E-04
   maximum displ.:     0.1097156 α      in ANC's #1, #2, #3, ...

........................................................................
.............................. CYCLE   19 ..............................
........................................................................
   1    -42.0550222 -0.420550E+02  0.577E-02    2.01       0.0  T
   2    -42.0550226 -0.392234E-06  0.332E-02    2.01       1.0  T
   3    -42.0550225  0.142270E-06  0.422E-03    2.01       4.3  T
   4    -42.0550227 -0.210206E-06  0.218E-03    2.01       8.2  T
   5    -42.0550227 -0.483610E-07  0.931E-04    2.01      19.3  T
   6    -42.0550228 -0.205373E-07  0.265E-04    2.01      67.7  T
     SCC iter.                  ...        0 min,  0.009 sec
     gradient                   ...        0 min,  0.018 sec
 * total energy  :   -41.3544954 Eh     change       -0.2000126E-04 Eh
   gradient norm :     0.0020974 Eh/α   predicted    -0.1090496E-04 ( -45.48%)
   displ. norm   :     0.1125718 α      lambda       -0.1924522E-04
   maximum displ.:     0.0751942 α      in ANC's #2, #1, #3, ...

........................................................................
.............................. CYCLE   20 ..............................
........................................................................
   1    -42.0553874 -0.420554E+02  0.422E-02    2.01       0.0  T
   2    -42.0553877 -0.285162E-06  0.237E-02    2.01       1.0  T
   3    -42.0553877  0.291034E-07  0.351E-03    2.01       5.1  T
   4    -42.0553875  0.209382E-06  0.342E-03    2.01       5.3  T
   5    -42.0553878 -0.317893E-06  0.426E-04    2.01      42.2  T
   6    -42.0553878 -0.445438E-08  0.142E-04    2.01     126.9  T
     SCC iter.                  ...        0 min,  0.009 sec
     gradient                   ...        0 min,  0.018 sec
 * total energy  :   -41.3545091 Eh     change       -0.1368750E-04 Eh
   gradient norm :     0.0017152 Eh/α   predicted    -0.9747745E-05 ( -28.78%)
   displ. norm   :     0.2291638 α      lambda       -0.1942287E-04
   maximum displ.:     0.1610912 α      in ANC's #1, #2, #3, ...
 * RMSD in coord.:     0.4202517 α      energy gain  -0.1826608E-01 Eh

generating ANC from model Hessian ...
Using Lindh-Hessian (1995)
 Shifting diagonal of input Hessian by   4.426583364635852E-003
 Lowest  eigenvalues of input Hessian
   -0.000000   -0.000000   -0.000000    0.000000    0.000000    0.000000
    0.005000    0.005574    0.007127    0.007932    0.008630    0.010866
    0.013123    0.013149    0.013673    0.013819    0.013934    0.014592
 Highest eigenvalues
    1.722648    1.747410    1.880898    1.951928    2.022190    2.113113
 

........................................................................
.............................. CYCLE   21 ..............................
........................................................................
   1    -42.0550862 -0.420551E+02  0.938E-02    2.01       0.0  T
   2    -42.0550878 -0.160291E-05  0.521E-02    2.01       1.0  T
   3    -42.0550878  0.365817E-07  0.798E-03    2.01       2.3  T
   4    -42.0550864  0.137397E-05  0.815E-03    2.01       2.2  T
   5    -42.0550883 -0.184407E-05  0.669E-04    2.01      26.8  T
   6    -42.0550883 -0.909137E-08  0.286E-04    2.01      62.7  T
   7    -42.0550883 -0.867516E-09  0.148E-04    2.01     121.5  T
     SCC iter.                  ...        0 min,  0.010 sec
     gradient                   ...        0 min,  0.018 sec
 * total energy  :   -41.3545235 Eh     change       -0.1446319E-04 Eh
   gradient norm :     0.0011312 Eh/α   predicted     0.0000000E+00 (-100.00%)
   displ. norm   :     0.0021311 α      lambda       -0.6063916E-06
   maximum displ.:     0.0012888 α      in ANC's #1, #81, #86, ...

........................................................................
.............................. CYCLE   22 ..............................
........................................................................
   1    -42.0552334 -0.420552E+02  0.257E-03    2.01       0.0  T
   2    -42.0552334 -0.414082E-07  0.156E-03    2.01      11.5  T
   3    -42.0552334 -0.246324E-09  0.110E-03    2.01      16.4  T
   4    -42.0552335 -0.756337E-08  0.461E-04    2.01      38.9  T
   5    -42.0552335 -0.447687E-08  0.236E-04    2.01      76.1  T
     SCC iter.                  ...        0 min,  0.007 sec
     gradient                   ...        0 min,  0.018 sec
 * total energy  :   -41.3545241 Eh     change       -0.5343892E-06 Eh
   gradient norm :     0.0009358 Eh/α   predicted    -0.3050262E-06 ( -42.92%)
   displ. norm   :     0.0027170 α      lambda        0.3216239E-05
   maximum displ.:     0.0021211 α      in ANC's #1, #81, #86, ...

   *** GEOMETRY OPTIMIZATION CONVERGED AFTER 22 ITERATIONS ***

------------------------------------------------------------------------
 total energy gain   :        -0.0182811 Eh      -11.4715 kcal/mol
 total RMSD          :         0.4203493 a0        0.2224 Å
 total power (kW/mol):        -2.1816798 (step)  -37.8630 (real)
------------------------------------------------------------------------

 ANCopt (total)                0 d,  0 h,  0 min,  1.268 sec
 optimizer setup                ...        0 min,  0.000 sec (  0.012%)
 model hessian                  ...        0 min,  0.038 sec (  2.999%)
 ANC generation                 ...        0 min,  0.002 sec (  0.150%)
 coordinate transformation      ...        0 min,  0.000 sec (  0.036%)
 single point calculation       ...        0 min,  1.218 sec ( 96.100%)
 optimization log               ...        0 min,  0.003 sec (  0.206%)
 hessian update                 ...        0 min,  0.000 sec (  0.024%)
 rational function              ...        0 min,  0.005 sec (  0.367%)

================
 final structure:
================
$coord
   -2.92372774764512    2.32570194740008    0.16781062727038      C 
   -5.11803282863455   -0.03544897005437    0.22529689517266      S 
   -2.82906293675628   -2.37778760175729    0.19854573593961      C 
   -0.42766200731017   -1.30319069142810    0.14494950017759      C 
   -0.48937757147651    1.40583312396368    0.12757345583169      C 
    1.78916216361867    2.80940462738900    0.07511653103867      C 
    4.06767138989565    1.60269274539755    0.04261183089888      C 
    6.58148845417189    2.99156590910372   -0.01726856727299      C 
    6.25935530210140    5.86679422873714   -0.04497578437409      C 
    8.11643461515665    2.27853745157058    2.33963076871737      C 
    8.03118745405504    2.22389895981681   -2.41074391974107      C 
    4.09896940045231   -1.08884884848981    0.06471650360421      C 
    1.95509137511499   -2.50560285808775    0.11218057242432      C 
   -3.46979527072961   -5.00590996213721    0.23648586756274      C 
   -5.80932572427166   -5.93252744071760    0.30259618148404      C 
   -3.53224112489657    4.25791761183955    0.16617083658645      H 
    1.63496818190685    4.83995437313323    0.06298578643689      H 
    5.28986578277098    6.51772754175560    1.64617432768462      H 
    5.20736867924914    6.47631841040750   -1.70185733349346      H 
    8.10908741619950    6.76341667260864   -0.10185342013718      H 
    7.07223009896211    2.76987269993065    4.04174886593761      H 
    9.90312666642548    3.29616528113007    2.35359455418831      H 
    8.52483704495484    0.26711956813109    2.39423952895958      H 
    6.92768172600436    2.67982960334379   -4.08507717283015      H 
    8.43499251192678    0.21096102829203   -2.43572755539441      H 
    9.81757074960082    3.23720520088011   -2.51047691728218      H 
    5.89741126178025   -2.05088799372151    0.04412847355685      H 
    2.06455753216921   -4.54327428410181    0.12604111101710      H 
   -1.87053528885226   -6.28105798921110    0.21422181828825      H 
   -7.43690935191069   -4.70882959778250    0.32905691110853      H 
   -6.16640570725330   -7.93287708279216    0.33328976245950      H 
$end
           -------------------------------------------------
          |                Final Singlepoint                |
           -------------------------------------------------

          ...................................................
          :                      SETUP                      :
          :.................................................:
          :  # basis functions                  82          :
          :  # atomic orbitals                  81          :
          :  # shells                           47          :
          :  # electrons                        78          :
          :  max. iterations                   250          :
          :  Hamiltonian                  GFN2-xTB          :
          :  restarted?                      false          :
          :  GBSA solvation                  false          :
          :  PC potential                    false          :
          :  electronic temp.          300.0000000     K    :
          :  accuracy                    1.0000000          :
          :  -> integral cutoff          0.2500000E+02      :
          :  -> integral neglect         0.1000000E-07      :
          :  -> SCF convergence          0.1000000E-05 Eh   :
          :  -> wf. convergence          0.1000000E-03 e    :
          :  Broyden damping             0.4000000          :
          ...................................................

 iter      E             dE          RMSdq      gap      omega  full diag
   1    -42.0552335 -0.420552E+02  0.171E-04    2.01       0.0  T
   2    -42.0552335  0.474927E-10  0.713E-05    2.01     251.7  T
   3    -42.0552335  0.462563E-10  0.115E-04    2.01     156.3  T

   *** convergence criteria satisfied after 3 iterations ***

         #    Occupation            Energy/Eh            Energy/eV
      -------------------------------------------------------------
         1        2.0000           -0.7283520             -19.8195
       ...           ...                  ...                  ...
        33        2.0000           -0.4325258             -11.7696
        34        2.0000           -0.4316702             -11.7463
        35        2.0000           -0.4181860             -11.3794
        36        2.0000           -0.4107572             -11.1773
        37        2.0000           -0.4046239             -11.0104
        38        2.0000           -0.3898249             -10.6077
        39        2.0000           -0.3525992              -9.5947 (HOMO)
        40                         -0.2787228              -7.5844 (LUMO)
        41                         -0.2165120              -5.8916
        42                         -0.1941453              -5.2830
        43                         -0.1940084              -5.2792
        44                         -0.1573717              -4.2823
       ...                                ...                  ...
        81                          0.7383706              20.0921
      -------------------------------------------------------------
                  HL-Gap            0.0738764 Eh            2.0103 eV
             Fermi-level           -0.3156610 Eh           -8.5896 eV

 SCC (total)                   0 d,  0 h,  0 min,  0.036 sec
 SCC setup                      ...        0 min,  0.000 sec (  0.668%)
 Dispersion                     ...        0 min,  0.000 sec (  0.768%)
 integral evaluation            ...        0 min,  0.012 sec ( 32.135%)
 zeroth order Hamiltonian       ...        0 min,  0.000 sec (  0.543%)
 iterations                     ...        0 min,  0.005 sec ( 14.053%)
 molecular gradient             ...        0 min,  0.018 sec ( 50.660%)
 printout                       ...        0 min,  0.000 sec (  1.045%)

         :::::::::::::::::::::::::::::::::::::::::::::::::::::
         ::                     SUMMARY                     ::
         :::::::::::::::::::::::::::::::::::::::::::::::::::::
         :: total energy             -41.354524011761 Eh    ::
         :: gradient norm              0.000934521786 Eh/a0 ::
         :: HOMO-LUMO gap              2.010279337937 eV    ::
         ::.................................................::
         :: SCC energy               -42.055233458621 Eh    ::
         :: -> isotropic ES            0.004621816556 Eh    ::
         :: -> anisotropic ES          0.007678981013 Eh    ::
         :: -> anisotropic XC          0.023548021053 Eh    ::
         :: -> dispersion             -0.032510487055 Eh    ::
         :: repulsion energy           0.700673125704 Eh    ::
         :: add. restraining           0.000000000000 Eh    ::
         :::::::::::::::::::::::::::::::::::::::::::::::::::::

           -------------------------------------------------
          |                Property Printout                |
           -------------------------------------------------

    * Orbital Energies and Occupations

         #    Occupation            Energy/Eh            Energy/eV
      -------------------------------------------------------------
         1        2.0000           -0.7283520             -19.8195
       ...           ...                  ...                  ...
        27        2.0000           -0.4532005             -12.3322
        28        2.0000           -0.4525527             -12.3146
        29        2.0000           -0.4492868             -12.2257
        30        2.0000           -0.4434384             -12.0666
        31        2.0000           -0.4390407             -11.9469
        32        2.0000           -0.4362295             -11.8704
        33        2.0000           -0.4325258             -11.7696
        34        2.0000           -0.4316702             -11.7463
        35        2.0000           -0.4181860             -11.3794
        36        2.0000           -0.4107572             -11.1773
        37        2.0000           -0.4046239             -11.0104
        38        2.0000           -0.3898249             -10.6077
        39        2.0000           -0.3525992              -9.5947 (HOMO)
        40                         -0.2787228              -7.5844 (LUMO)
        41                         -0.2165120              -5.8916
        42                         -0.1941453              -5.2830
        43                         -0.1940084              -5.2792
        44                         -0.1573717              -4.2823
        45                         -0.1157253              -3.1490
        46                         -0.0810459              -2.2054
        47                          0.0005930               0.0161
        48                          0.0339031               0.9226
        49                          0.0441108               1.2003
        50                          0.0700045               1.9049
       ...                                ...                  ...
        81                          0.7383706              20.0921
      -------------------------------------------------------------
                  HL-Gap            0.0738764 Eh            2.0103 eV
             Fermi-level           -0.3156610 Eh           -8.5896 eV

     #   Z        covCN         q      C6AA      α(0)
     1   6 C      2.929    -0.036    28.900     8.816
     2  16 S      2.321    -0.010   141.470    20.019
     3   6 C      2.978     0.010    27.785     8.646
     4   6 C      3.171    -0.009    27.853     8.622
     5   6 C      3.166    -0.001    27.699     8.601
     6   6 C      2.915    -0.047    29.169     8.856
     7   6 C      2.970     0.008    27.843     8.655
     8   6 C      3.903     0.026    20.089     6.371
     9   6 C      3.761    -0.108    22.601     6.777
    10   6 C      3.761    -0.104    22.542     6.768
    11   6 C      3.762    -0.104    22.542     6.768
    12   6 C      2.923    -0.036    28.884     8.813
    13   6 C      2.907    -0.035    28.882     8.812
    14   6 C      2.919    -0.030    28.761     8.794
    15   6 C      2.841    -0.092    30.291     9.020
    16   1 H      0.926     0.040     2.447     2.446
    17   1 H      0.926     0.033     2.541     2.493
    18   1 H      0.925     0.036     2.509     2.477
    19   1 H      0.925     0.036     2.509     2.477
    20   1 H      0.925     0.036     2.499     2.472
    21   1 H      0.925     0.034     2.537     2.491
    22   1 H      0.925     0.037     2.491     2.468
    23   1 H      0.925     0.036     2.497     2.471
    24   1 H      0.925     0.034     2.537     2.491
    25   1 H      0.925     0.036     2.497     2.471
    26   1 H      0.925     0.037     2.492     2.469
    27   1 H      0.926     0.030     2.592     2.518
    28   1 H      0.926     0.026     2.649     2.545
    29   1 H      0.925     0.039     2.461     2.453
    30   1 H      0.926     0.043     2.413     2.429
    31   1 H      0.926     0.038     2.480     2.463

 Mol. C6AA /au·bohr⁶  :      11949.571156
 Mol. C8AA /au·bohr⁸  :     312449.275793
 Mol. α(0) /au        :        173.971907


Wiberg/Mayer (AO) data.
largest (>0.10) Wiberg bond orders for each atom
          total WBO             WBO to atom ...
     1  C   3.938        C    5 1.449    S    2 1.238    H   16 0.970    C    3 0.130
     2  S   2.701        C    1 1.238    C    3 1.165
     3  C   3.943        C    4 1.371    S    2 1.165    C   14 1.160    C    1 0.130
     4  C   3.988        C    3 1.371    C   13 1.237    C    5 1.170
     5  C   3.987        C    1 1.449    C    6 1.218    C    4 1.170
     6  C   3.984        C    7 1.585    C    5 1.218    H   17 0.964    C   13 0.112
     7  C   3.985        C    6 1.585    C   12 1.238    C    8 0.984
     8  C   3.990        C    9 1.000    C   11 0.987    C   10 0.987    C    7 0.984
     9  C   3.996        C    8 1.000    H   18 0.985    H   19 0.985    H   20 0.984
    10  C   3.993        H   21 0.987    C    8 0.987    H   22 0.984    H   23 0.983
    11  C   3.993        H   24 0.987    C    8 0.987    H   26 0.984    H   25 0.983
    12  C   3.973        C   13 1.609    C    7 1.238    H   27 0.964
    13  C   3.992        C   12 1.609    C    4 1.237    H   28 0.966    C    6 0.112
    14  C   3.991        C   15 1.838    C    3 1.160    H   29 0.956
    15  C   3.965        C   14 1.838    H   31 0.979    H   30 0.973
    16  H   0.998        C    1 0.970
    17  H   0.998        C    6 0.964
    18  H   0.999        C    9 0.985
    19  H   0.999        C    9 0.985
    20  H   0.998        C    9 0.984
    21  H   0.999        C   10 0.987
    22  H   0.998        C   10 0.984
    23  H   0.999        C   10 0.983
    24  H   0.999        C   11 0.987
    25  H   0.999        C   11 0.983
    26  H   0.998        C   11 0.984
    27  H   0.998        C   12 0.964
    28  H   0.998        C   13 0.966
    29  H   0.998        C   14 0.956
    30  H   0.998        C   15 0.973
    31  H   0.998        C   15 0.979

molecular dipole:
                 x           y           z       tot (Debye)
 q only:        0.309       0.138      -0.006
   full:        0.543       0.152      -0.010       1.435
molecular quadrupole (traceless):
                xx          xy          yy          xz          yz          zz
 q only:        1.925       0.895       1.053      -0.043      -0.025      -2.978
  q+dip:        2.236       0.162       5.172      -0.089      -0.084      -7.408
   full:        0.025       0.223       3.807       0.024      -0.043      -3.832

           -------------------------------------------------
          |                Geometry Summary                 |
           -------------------------------------------------

      molecular mass/u    :      216.3404000
   center of mass at/Å    :        0.4792914       0.1328464       0.0591748
  moments of inertia/u·Å² :        0.3650832E+03   0.1784407E+04   0.2038471E+04
rotational constants/cm⁻¹ :        0.4617477E-01   0.9447190E-02   0.8269742E-02

 * 31 selected distances

     #   Z        #   Z                                     value/Å
     1   6 C      2  16 S                                 1.7059967
     2  16 S      3   6 C                                 1.7331383 (max)
     3   6 C      4   6 C                                 1.3924862
     1   6 C      5   6 C                                 1.3772684
     4   6 C      5   6 C                                 1.4339552
     5   6 C      6   6 C                                 1.4164275
     6   6 C      7   6 C                                 1.3644992
     8   6 C      9   6 C                                 1.5310951
     8   6 C     10   6 C                                 1.5354754
     8   6 C     11   6 C                                 1.5354955
     7   6 C     12   6 C                                 1.4244469
     4   6 C     13   6 C                                 1.4124555
    12   6 C     13   6 C                                 1.3600636
     3   6 C     14   6 C                                 1.4316181
    14   6 C     15   6 C                                 1.3320552
     1   6 C     16   1 H                                 1.0719920 (min)
     6   6 C     17   1 H                                 1.0776335
     9   6 C     18   1 H                                 1.0875349
     9   6 C     19   1 H                                 1.0875143
     9   6 C     20   1 H                                 1.0881866
    10   6 C     21   1 H                                 1.0882257
    10   6 C     22   1 H                                 1.0881035
    10   6 C     23   1 H                                 1.0864998
    11   6 C     24   1 H                                 1.0882269
    11   6 C     25   1 H                                 1.0865031
    11   6 C     26   1 H                                 1.0880870
    12   6 C     27   1 H                                 1.0793577
    13   6 C     28   1 H                                 1.0798691
    14   6 C     29   1 H                                 1.0824399
    15   6 C     30   1 H                                 1.0776478
    15   6 C     31   1 H                                 1.0753953

 * 3 distinct bonds (by element types)

   Z      Z             #   av. dist./Å        max./Å        min./Å
   1 H    6 C          16     1.0833261     1.0882269     1.0719920
   6 C    6 C          13     1.4267186     1.5354955     1.3320552
   6 C   16 S           2     1.7195675     1.7331383     1.7059967


optimized geometry written to: xtbopt.xyz


           -------------------------------------------------
          | TOTAL ENERGY              -41.354524011761 Eh   |
          | GRADIENT NORM               0.000934521786 Eh/α |
          | HOMO-LUMO GAP               2.010279337937 eV   |
           -------------------------------------------------

------------------------------------------------------------------------
 * finished run on 2021/05/19 at 10:59:46.956     
------------------------------------------------------------------------
 total:
 * wall-time:     0 d,  0 h,  0 min,  1.444 sec
 *  cpu-time:     0 d,  0 h,  0 min,  1.013 sec
 * ratio c/w:     0.701 speedup
 SCF:
 * wall-time:     0 d,  0 h,  0 min,  0.104 sec
 *  cpu-time:     0 d,  0 h,  0 min,  0.052 sec
 * ratio c/w:     0.498 speedup
 ANC optimizer:
 * wall-time:     0 d,  0 h,  0 min,  1.304 sec
 *  cpu-time:     0 d,  0 h,  0 min,  0.938 sec
 * ratio c/w:     0.719 speedup

