      -----------------------------------------------------------      
     |                   =====================                   |     
     |                           x T B                           |     
     |                   =====================                   |     
     |                         S. Grimme                         |     
     |          Mulliken Center for Theoretical Chemistry        |     
     |                    University of Bonn                     |     
     |                Version 6.2 RC2 (SAW190805)                |     
      -----------------------------------------------------------      

   This program is distributed in the hope that it will be useful,
   but WITHOUT ANY WARRANTY; without even the implied warranty of
   MERCHANTABILITY or FITNESS FOR A PARTICULAR PURPOSE.
   
   FOR NON-COMMERCIAL, ACADEMIA USE ONLY.
   
   Cite this work as:
   * S. Grimme, C. Bannwarth, P. Shushkov, J. Chem. Theory Comput., 2017,
     13, 1989-2009. DOI: 10.1021/acs.jctc.7b00118
   * C. Bannwarth, S. Ehlert and S. Grimme., J. Chem. Theory Comput., 2019,
     15, 1652-1671. DOI: 10.1021/acs.jctc.8b01176
   * P. Pracht, E. Caldeweyher, S. Ehlert, S. Grimme, ChemRxiv, 2019, preprint.
     DOI: 10.26434/chemrxiv.8326202.v1
   
   for DFT-D4:
   * E. Caldeweyher, C. Bannwarth and S. Grimme, J. Chem. Phys., 2017,
     147, 034112. DOI: 10.1063/1.4993215
   * E. Caldeweyher, S. Ehlert, A. Hansen, H. Neugebauer, S. Spicher,
     C. Bannwarth and S. Grimme, J. Chem. Phys., 2019, 150, 154122.
     DOI: 10.1063/1.5090222
   
   for sTDA-xTB:
   * S. Grimme and C. Bannwarth, J. Chem. Phys., 2016, 145, 054103.
     DOI: 10.1063/1.4959605
   
   in the mass-spec context:
   * V. Asgeirsson, C. Bauer and S. Grimme, Chem. Sci., 2017, 8, 4879.
     DOI: 10.1039/c7sc00601b
   
   for metadynamics refer to:
   * S. Grimme, J. Chem. Theory Comput., 2019, 155, 2847-2862
     DOI: 10.1021/acs.jctc.9b00143
   
   with help from (in alphabetical order)
   C. Bannwarth, F. Bohle, G. Brandenburg, E. Caldeweyher, M. Checinski,
   S. Dohm, S. Ehlert, S. Ehrlich, F. März, H. Neugebauer, J. Pisarek,
   P. Pracht, P. Shushkov, and S. Spicher.
   
 * started run on 2021/05/19 at 10:59:57.159     

           -------------------------------------------------
          |                Calculation Setup                |
           -------------------------------------------------

          program call               : /ihome/ghutchison/geoffh/xtb/xtb 452.xyz -opt
          hostname                   : smp-n126
          coordinate file            : 452.xyz
          omp threads                :                     1
          number of atoms            :                    14
          number of electrons        :                    44
          charge                     :                     0
          spin                       :                   0.0
          first test random number   :      0.30003987648682


########################################################################
# WARNING! Please study the warnings concerning your input carefully
#  - the use of '-opt' is discouraged, please use '--opt' next time
########################################################################

           ------------------------------------------------- 
          |                 G F N 2 - x T B                 |
          | Geometry, Frequencies, Noncovalent interactions |
          |            JCTC 2019 parametrisation            |
           ------------------------------------------------- 
             KAB for C  - Si     :                1.0500
             KAB for H  - Pd     :                0.9500
             k(s)              :                1.8500
             k(p)              :                2.2300
             k(d)              :                2.2300
             k(f)              :                2.0000
             kEN (H0ij)        :               -2.0000
             D4 a1             :                0.5200
             D4 a2             :                5.0000
             D4 s6             :                1.0000
             D4 s8             :                2.7000
             D4 s9             :                5.0000
             alphaj            :                2.0000

  Z AO/shell   Hii/eV     exponent
  1     Wed Apr 25 08:07:45 CEST 2018   EN: 2.200 GM2: 0.406  GM3: 0.0800  RAES: 1.40
     1s    -10.707211    1.230000
  6     Wed Apr 25 08:07:45 CEST 2018   EN: 2.550 GM2: 0.538  GM3: 0.1500  RAES: 3.00
     2s    -13.970922    2.096432
     2p    -10.063292    1.800000
  8     Wed Apr 25 08:07:45 CEST 2018   EN: 3.440 GM2: 0.452  GM3:-0.0517  RAES: 1.80
     2s    -20.229985    2.439742
     2p    -15.503117    2.137023
 16     Tue Apr 24 11:44:34 CEST 2018   EN: 2.580 GM2: 0.340  GM3:-0.0502  RAES: 3.10
     3s    -20.029654    1.981333
     3p    -11.377694    2.025643
     3d     -0.420282    1.702555

           ------------------------------------------------- 
          |        Self-Consistent Charge Iterations        |
           ------------------------------------------------- 

          ...................................................
          :                      SETUP                      :
          :.................................................:
          :  # basis functions                  44          :
          :  # atomic orbitals                  43          :
          :  # shells                           23          :
          :  # electrons                        44          :
          :  max. iterations                   250          :
          :  Hamiltonian                  GFN2-xTB          :
          :  restarted?                      false          :
          :  GBSA solvation                  false          :
          :  PC potential                    false          :
          :  electronic temp.          300.0000000     K    :
          :  accuracy                    1.0000000          :
          :  -> integral cutoff          0.2500000E+02      :
          :  -> integral neglect         0.1000000E-07      :
          :  -> SCF convergence          0.1000000E-05 Eh   :
          :  -> wf. convergence          0.1000000E-03 e    :
          :  Broyden damping             0.4000000          :
          ...................................................

 iter      E             dE          RMSdq      gap      omega  full diag
   1    -25.3551134 -0.253551E+02  0.463E+00    3.60       0.0  T
   2    -25.3693563 -0.142429E-01  0.252E+00    3.58       1.0  T
   3    -25.3623086  0.704773E-02  0.115E+00    3.59       1.0  T
   4    -25.3708430 -0.853442E-02  0.448E-01    3.59       1.0  T
   5    -25.3721224 -0.127936E-02  0.152E-01    3.60       1.0  T
   6    -25.3721150  0.733961E-05  0.892E-02    3.59       1.0  T
   7    -25.3721936 -0.785299E-04  0.214E-02    3.60       1.2  T
   8    -25.3721938 -0.210487E-06  0.881E-03    3.60       3.0  T
   9    -25.3721939 -0.103722E-06  0.244E-03    3.60      11.0  T
  10    -25.3721939 -0.213232E-07  0.104E-03    3.60      25.6  T
  11    -25.3721939 -0.169776E-08  0.523E-04    3.60      51.1  T
  12    -25.3721939 -0.541291E-09  0.176E-04    3.60     152.2  T

   *** convergence criteria satisfied after 12 iterations ***

         #    Occupation            Energy/Eh            Energy/eV
      -------------------------------------------------------------
         1        2.0000           -0.7341721             -19.9778
       ...           ...                  ...                  ...
        16        2.0000           -0.4787048             -13.0262
        17        2.0000           -0.4747874             -12.9196
        18        2.0000           -0.4673819             -12.7181
        19        2.0000           -0.4617453             -12.5647
        20        2.0000           -0.4193436             -11.4109
        21        2.0000           -0.3941478             -10.7253
        22        2.0000           -0.3804146             -10.3516 (HOMO)
        23                         -0.2482712              -6.7558 (LUMO)
        24                         -0.2049596              -5.5772
        25                         -0.1677781              -4.5655
        26                         -0.1202408              -3.2719
        27                         -0.0064888              -0.1766
       ...                                ...                  ...
        43                          0.6838389              18.6082
      -------------------------------------------------------------
                  HL-Gap            0.1321434 Eh            3.5958 eV
             Fermi-level           -0.3143429 Eh           -8.5537 eV

 SCC (total)                   0 d,  0 h,  0 min,  0.027 sec
 SCC setup                      ...        0 min,  0.000 sec (  0.686%)
 Dispersion                     ...        0 min,  0.000 sec (  0.441%)
 integral evaluation            ...        0 min,  0.004 sec ( 14.277%)
 zeroth order Hamiltonian       ...        0 min,  0.000 sec (  0.301%)
 iterations                     ...        0 min,  0.016 sec ( 61.089%)
 molecular gradient             ...        0 min,  0.006 sec ( 21.911%)
 printout                       ...        0 min,  0.000 sec (  1.079%)

         :::::::::::::::::::::::::::::::::::::::::::::::::::::
         ::                     SUMMARY                     ::
         :::::::::::::::::::::::::::::::::::::::::::::::::::::
         :: total energy             -25.110341083535 Eh    ::
         :: gradient norm              0.047918782917 Eh/a0 ::
         :: HOMO-LUMO gap              3.595803707288 eV    ::
         ::.................................................::
         :: SCC energy               -25.372193912619 Eh    ::
         :: -> isotropic ES            0.035758297443 Eh    ::
         :: -> anisotropic ES          0.001807508860 Eh    ::
         :: -> anisotropic XC          0.003146171583 Eh    ::
         :: -> dispersion             -0.011331011382 Eh    ::
         :: repulsion energy           0.261826361700 Eh    ::
         :: add. restraining           0.000000000000 Eh    ::
         :::::::::::::::::::::::::::::::::::::::::::::::::::::

      ----------------------------------------------------------- 
     |                   =====================                   |
     |                        A N C O P T                        |
     |                   =====================                   |
     |               Approximate Normal Coordinate               |
     |                Rational Function Optimizer                |
      ----------------------------------------------------------- 

          ...................................................
          :                      SETUP                      :
          :.................................................:
          :   optimization level            normal          :
          :   max. optcycles                   200          :
          :   ANC micro-cycles                  20          :
          :   degrees of freedom                36          :
          :.................................................:
          :   RF solver                   davidson          :
          :   input Hessian                  false          :
          :   write xtbopt.log                true          :
          :   linear?                        false          :
          :   energy convergence         0.5000000E-05 Eh   :
          :   grad. convergence          0.1000000E-02 Eh/α :
          :   maximium RF displ.         2.0000000          :
          :   Hlow (freq-cutoff)         0.5000000E-02      :
          :   Hmax (freq-cutoff)         5.0000000          :
          :   S6 in model hess.         20.0000000          :
          ...................................................

generating ANC from model Hessian ...
Using Lindh-Hessian (1995)
 Shifting diagonal of input Hessian by   1.136349688910256E-003
 Lowest  eigenvalues of input Hessian
   -0.000000    0.000000    0.000000    0.000000    0.000000    0.000000
    0.005000    0.006266    0.008674    0.013531    0.022567    0.035391
    0.039488    0.059924    0.065466    0.072395    0.092579    0.093406
 Highest eigenvalues
    1.381592    1.432973    1.546958    1.809916    2.025682    2.088216
 

........................................................................
.............................. CYCLE    1 ..............................
........................................................................
   1    -25.3721939 -0.253722E+02  0.727E-05    3.60       0.0  T
   2    -25.3721939 -0.851585E-11  0.469E-05    3.60     570.1  T
   3    -25.3721939 -0.338929E-11  0.344E-05    3.60     776.7  T
     SCC iter.                  ...        0 min,  0.002 sec
     gradient                   ...        0 min,  0.006 sec
 * total energy  :   -25.1103411 Eh     change        0.8883706E-08 Eh
   gradient norm :     0.0479197 Eh/α   predicted     0.0000000E+00 (-100.00%)
   displ. norm   :     0.1929249 α      lambda       -0.3059912E-02
   maximum displ.:     0.1170794 α      in ANC's #2, #3, #1, ...

........................................................................
.............................. CYCLE    2 ..............................
........................................................................
   1    -25.3785037 -0.253785E+02  0.289E-01    3.67       0.0  T
   2    -25.3785616 -0.578602E-04  0.166E-01    3.65       1.0  T
   3    -25.3785254  0.361253E-04  0.945E-02    3.66       1.0  T
   4    -25.3786121 -0.867028E-04  0.231E-02    3.65       1.2  T
   5    -25.3786119  0.292904E-06  0.111E-02    3.65       2.4  T
   6    -25.3786128 -0.928071E-06  0.409E-03    3.65       6.5  T
   7    -25.3786129 -0.113512E-06  0.105E-03    3.65      25.4  T
     SCC iter.                  ...        0 min,  0.004 sec
     gradient                   ...        0 min,  0.006 sec
 * total energy  :   -25.1124288 Eh     change       -0.2087735E-02 Eh
   gradient norm :     0.0204316 Eh/α   predicted    -0.1586904E-02 ( -23.99%)
   displ. norm   :     0.1763023 α      lambda       -0.1046667E-02
   maximum displ.:     0.0953703 α      in ANC's #3, #1, #7, ...

........................................................................
.............................. CYCLE    3 ..............................
........................................................................
   1    -25.3816285 -0.253816E+02  0.203E-01    3.71       0.0  T
   2    -25.3816548 -0.263544E-04  0.123E-01    3.69       1.0  T
   3    -25.3816378  0.170665E-04  0.743E-02    3.70       1.0  T
   4    -25.3816818 -0.440507E-04  0.159E-02    3.70       1.7  T
   5    -25.3816816  0.208721E-06  0.914E-03    3.70       2.9  T
   6    -25.3816823 -0.703725E-06  0.261E-03    3.70      10.2  T
   7    -25.3816823 -0.278916E-07  0.978E-04    3.70      27.3  T
     SCC iter.                  ...        0 min,  0.017 sec
     gradient                   ...        0 min,  0.006 sec
 * total energy  :   -25.1130649 Eh     change       -0.6360626E-03 Eh
   gradient norm :     0.0062315 Eh/α   predicted    -0.5396004E-03 ( -15.17%)
   displ. norm   :     0.1602308 α      lambda       -0.3001507E-03
   maximum displ.:     0.0937479 α      in ANC's #1, #3, #2, ...

........................................................................
.............................. CYCLE    4 ..............................
........................................................................
   1    -25.3811703 -0.253812E+02  0.179E-01    3.70       0.0  T
   2    -25.3811756 -0.537689E-05  0.100E-01    3.70       1.0  T
   3    -25.3811669  0.871458E-05  0.366E-02    3.71       1.0  T
   4    -25.3811786 -0.116601E-04  0.142E-02    3.70       1.9  T
   5    -25.3811787 -0.157413E-06  0.461E-03    3.70       5.8  T
   6    -25.3811790 -0.228465E-06  0.141E-03    3.70      18.9  T
   7    -25.3811790 -0.611195E-08  0.802E-04    3.70      33.3  T
     SCC iter.                  ...        0 min,  0.004 sec
     gradient                   ...        0 min,  0.006 sec
 * total energy  :   -25.1132874 Eh     change       -0.2224872E-03 Eh
   gradient norm :     0.0073923 Eh/α   predicted    -0.1539258E-03 ( -30.82%)
   displ. norm   :     0.2142414 α      lambda       -0.3048053E-03
   maximum displ.:     0.1427068 α      in ANC's #1, #3, #2, ...

........................................................................
.............................. CYCLE    5 ..............................
........................................................................
   1    -25.3801322 -0.253801E+02  0.220E-01    3.70       0.0  T
   2    -25.3801390 -0.683109E-05  0.127E-01    3.70       1.0  T
   3    -25.3801317  0.734987E-05  0.386E-02    3.70       1.0  T
   4    -25.3801420 -0.102929E-04  0.161E-02    3.70       1.7  T
   5    -25.3801426 -0.621595E-06  0.406E-03    3.70       6.6  T
   6    -25.3801427 -0.138607E-06  0.175E-03    3.70      15.3  T
   7    -25.3801427 -0.665216E-08  0.818E-04    3.70      32.7  T
     SCC iter.                  ...        0 min,  0.004 sec
     gradient                   ...        0 min,  0.006 sec
 * total energy  :   -25.1135089 Eh     change       -0.2215721E-03 Eh
   gradient norm :     0.0079102 Eh/α   predicted    -0.1593967E-03 ( -28.06%)
   displ. norm   :     0.1954629 α      lambda       -0.2450515E-03
   maximum displ.:     0.1502714 α      in ANC's #1, #2, #7, ...

........................................................................
.............................. CYCLE    6 ..............................
........................................................................
   1    -25.3800817 -0.253801E+02  0.204E-01    3.69       0.0  T
   2    -25.3800900 -0.825041E-05  0.118E-01    3.69       1.0  T
   3    -25.3800740  0.160182E-04  0.470E-02    3.69       1.0  T
   4    -25.3800948 -0.208426E-04  0.141E-02    3.69       1.9  T
   5    -25.3800949 -0.125317E-06  0.490E-03    3.69       5.5  T
   6    -25.3800951 -0.182507E-06  0.213E-03    3.69      12.5  T
   7    -25.3800951 -0.266219E-07  0.934E-04    3.69      28.6  T
     SCC iter.                  ...        0 min,  0.004 sec
     gradient                   ...        0 min,  0.006 sec
 * total energy  :   -25.1136938 Eh     change       -0.1848833E-03 Eh
   gradient norm :     0.0060837 Eh/α   predicted    -0.1272041E-03 ( -31.20%)
   displ. norm   :     0.2234921 α      lambda       -0.2353792E-03
   maximum displ.:     0.1916061 α      in ANC's #1, #2, #7, ...

........................................................................
.............................. CYCLE    7 ..............................
........................................................................
   1    -25.3804712 -0.253805E+02  0.239E-01    3.68       0.0  T
   2    -25.3804822 -0.110101E-04  0.136E-01    3.68       1.0  T
   3    -25.3804607  0.215234E-04  0.544E-02    3.68       1.0  T
   4    -25.3804890 -0.282457E-04  0.172E-02    3.68       1.6  T
   5    -25.3804892 -0.274790E-06  0.344E-03    3.68       7.8  T
   6    -25.3804893 -0.585170E-07  0.170E-03    3.68      15.7  T
   7    -25.3804893 -0.908053E-08  0.941E-04    3.68      28.4  T
     SCC iter.                  ...        0 min,  0.004 sec
     gradient                   ...        0 min,  0.006 sec
 * total energy  :   -25.1138841 Eh     change       -0.1902765E-03 Eh
   gradient norm :     0.0061160 Eh/α   predicted    -0.1235676E-03 ( -35.06%)
   displ. norm   :     0.2891347 α      lambda       -0.2954762E-03
   maximum displ.:     0.2593768 α      in ANC's #1, #2, #4, ...

........................................................................
.............................. CYCLE    8 ..............................
........................................................................
   1    -25.3812064 -0.253812E+02  0.298E-01    3.67       0.0  T
   2    -25.3812205 -0.140927E-04  0.170E-01    3.68       1.0  T
   3    -25.3811923  0.282716E-04  0.630E-02    3.67       1.0  T
   4    -25.3812292 -0.369507E-04  0.213E-02    3.67       1.3  T
   5    -25.3812295 -0.327543E-06  0.603E-03    3.67       4.4  T
   6    -25.3812298 -0.304510E-06  0.259E-03    3.67      10.3  T
   7    -25.3812299 -0.224445E-07  0.117E-03    3.67      22.9  T
     SCC iter.                  ...        0 min,  0.004 sec
     gradient                   ...        0 min,  0.006 sec
 * total energy  :   -25.1141345 Eh     change       -0.2504040E-03 Eh
   gradient norm :     0.0078292 Eh/α   predicted    -0.1600882E-03 ( -36.07%)
   displ. norm   :     0.4314961 α      lambda       -0.4189289E-03
   maximum displ.:     0.3915011 α      in ANC's #1, #2, #4, ...

........................................................................
.............................. CYCLE    9 ..............................
........................................................................
   1    -25.3804902 -0.253805E+02  0.435E-01    3.66       0.0  T
   2    -25.3805151 -0.249413E-04  0.248E-01    3.67       1.0  T
   3    -25.3804777  0.374152E-04  0.791E-02    3.66       1.0  T
   4    -25.3805279 -0.501464E-04  0.324E-02    3.67       1.0  T
   5    -25.3805294 -0.154800E-05  0.953E-03    3.67       2.8  T
   6    -25.3805304 -0.945244E-06  0.348E-03    3.67       7.7  T
   7    -25.3805304 -0.176663E-07  0.130E-03    3.67      20.5  T
   8    -25.3805304 -0.256069E-08  0.513E-04    3.67      52.1  T
     SCC iter.                  ...        0 min,  0.004 sec
     gradient                   ...        0 min,  0.006 sec
 * total energy  :   -25.1144751 Eh     change       -0.3406520E-03 Eh
   gradient norm :     0.0108433 Eh/α   predicted    -0.2484700E-03 ( -27.06%)
   displ. norm   :     0.5599913 α      lambda       -0.7468410E-03
   maximum displ.:     0.4900362 α      in ANC's #1, #2, #3, ...

........................................................................
.............................. CYCLE   10 ..............................
........................................................................
   1    -25.3834501 -0.253835E+02  0.544E-01    3.66       0.0  T
   2    -25.3834891 -0.389646E-04  0.312E-01    3.66       1.0  T
   3    -25.3833616  0.127512E-03  0.132E-01    3.65       1.0  T
   4    -25.3835200 -0.158424E-03  0.413E-02    3.66       1.0  T
   5    -25.3835217 -0.172200E-05  0.122E-02    3.66       2.2  T
   6    -25.3835232 -0.152275E-05  0.515E-03    3.66       5.2  T
   7    -25.3835233 -0.435582E-07  0.262E-03    3.66      10.2  T
   8    -25.3835233 -0.140842E-07  0.767E-04    3.66      34.9  T
     SCC iter.                  ...        0 min,  0.004 sec
     gradient                   ...        0 min,  0.006 sec
 * total energy  :   -25.1148893 Eh     change       -0.4141195E-03 Eh
   gradient norm :     0.0151072 Eh/α   predicted    -0.4905155E-03 (  18.45%)
   displ. norm   :     0.5635223 α      lambda       -0.6445544E-03
   maximum displ.:     0.5001569 α      in ANC's #1, #2, #24, ...

........................................................................
.............................. CYCLE   11 ..............................
........................................................................
   1    -25.3756322 -0.253756E+02  0.541E-01    3.66       0.0  T
   2    -25.3756728 -0.406227E-04  0.306E-01    3.67       1.0  T
   3    -25.3756087  0.641610E-04  0.103E-01    3.65       1.0  T
   4    -25.3756918 -0.830971E-04  0.415E-02    3.66       1.0  T
   5    -25.3756955 -0.371257E-05  0.956E-03    3.66       2.8  T
   6    -25.3756962 -0.757720E-06  0.458E-03    3.66       5.8  T
   7    -25.3756963 -0.896323E-07  0.227E-03    3.66      11.8  T
   8    -25.3756963 -0.505911E-08  0.602E-04    3.66      44.4  T
     SCC iter.                  ...        0 min,  0.004 sec
     gradient                   ...        0 min,  0.006 sec
 * total energy  :   -25.1147894 Eh     change        0.9990019E-04 Eh
   gradient norm :     0.0236881 Eh/α   predicted    -0.4246020E-03 (-525.03%)
   displ. norm   :     0.1957338 α      lambda       -0.1524119E-02
   maximum displ.:     0.1631507 α      in ANC's #1, #6, #4, ...

........................................................................
.............................. CYCLE   12 ..............................
........................................................................
   1    -25.3858231 -0.253858E+02  0.259E-01    3.69       0.0  T
   2    -25.3858399 -0.167647E-04  0.150E-01    3.68       1.0  T
   3    -25.3858213  0.185701E-04  0.560E-02    3.68       1.0  T
   4    -25.3858468 -0.254996E-04  0.204E-02    3.68       1.3  T
   5    -25.3858479 -0.107122E-05  0.732E-03    3.68       3.7  T
   6    -25.3858481 -0.212694E-06  0.391E-03    3.68       6.8  T
   7    -25.3858482 -0.893512E-07  0.185E-03    3.68      14.5  T
     SCC iter.                  ...        0 min,  0.004 sec
     gradient                   ...        0 min,  0.006 sec
 * total energy  :   -25.1151995 Eh     change       -0.4100975E-03 Eh
   gradient norm :     0.0155177 Eh/α   predicted    -0.7912568E-03 (  92.94%)
   displ. norm   :     0.1938069 α      lambda       -0.9608259E-03
   maximum displ.:     0.1451272 α      in ANC's #3, #2, #1, ...

........................................................................
.............................. CYCLE   13 ..............................
........................................................................
   1    -25.3859000 -0.253859E+02  0.215E-01    3.65       0.0  T
   2    -25.3859197 -0.196950E-04  0.119E-01    3.66       1.0  T
   3    -25.3859117  0.800155E-05  0.418E-02    3.66       1.0  T
   4    -25.3859230 -0.113045E-04  0.171E-02    3.66       1.6  T
   5    -25.3859240 -0.101887E-05  0.716E-03    3.66       3.7  T
   6    -25.3859242 -0.203111E-06  0.254E-03    3.66      10.5  T
   7    -25.3859243 -0.463055E-07  0.122E-03    3.66      21.9  T
     SCC iter.                  ...        0 min,  0.004 sec
     gradient                   ...        0 min,  0.006 sec
 * total energy  :   -25.1155029 Eh     change       -0.3034660E-03 Eh
   gradient norm :     0.0111809 Eh/α   predicted    -0.4984606E-03 (  64.26%)
   displ. norm   :     0.2764767 α      lambda       -0.4876727E-03
   maximum displ.:     0.2235887 α      in ANC's #1, #2, #24, ...

........................................................................
.............................. CYCLE   14 ..............................
........................................................................
   1    -25.3826227 -0.253826E+02  0.287E-01    3.66       0.0  T
   2    -25.3826364 -0.136689E-04  0.160E-01    3.67       1.0  T
   3    -25.3826141  0.223025E-04  0.594E-02    3.66       1.0  T
   4    -25.3826427 -0.286300E-04  0.222E-02    3.66       1.2  T
   5    -25.3826434 -0.715992E-06  0.617E-03    3.66       4.3  T
   6    -25.3826437 -0.336398E-06  0.248E-03    3.66      10.8  T
   7    -25.3826438 -0.390866E-07  0.109E-03    3.66      24.6  T
     SCC iter.                  ...        0 min,  0.004 sec
     gradient                   ...        0 min,  0.006 sec
 * total energy  :   -25.1158664 Eh     change       -0.3635079E-03 Eh
   gradient norm :     0.0081204 Eh/α   predicted    -0.2624758E-03 ( -27.79%)
   displ. norm   :     0.4170628 α      lambda       -0.4745033E-03
   maximum displ.:     0.3209339 α      in ANC's #1, #2, #24, ...

........................................................................
.............................. CYCLE   15 ..............................
........................................................................
   1    -25.3793697 -0.253794E+02  0.439E-01    3.66       0.0  T
   2    -25.3794030 -0.332982E-04  0.246E-01    3.67       1.0  T
   3    -25.3793503  0.527586E-04  0.910E-02    3.65       1.0  T
   4    -25.3794189 -0.686095E-04  0.343E-02    3.67       1.0  T
   5    -25.3794202 -0.136212E-05  0.104E-02    3.66       2.6  T
   6    -25.3794212 -0.998033E-06  0.377E-03    3.66       7.1  T
   7    -25.3794213 -0.767342E-07  0.176E-03    3.66      15.2  T
   8    -25.3794213 -0.249044E-08  0.683E-04    3.66      39.1  T
     SCC iter.                  ...        0 min,  0.004 sec
     gradient                   ...        0 min,  0.006 sec
 * total energy  :   -25.1161195 Eh     change       -0.2530374E-03 Eh
   gradient norm :     0.0145194 Eh/α   predicted    -0.2785246E-03 (  10.07%)
   displ. norm   :     0.1207985 α      lambda       -0.4479017E-03
   maximum displ.:     0.0793427 α      in ANC's #2, #1, #24, ...

........................................................................
.............................. CYCLE   16 ..............................
........................................................................
   1    -25.3820088 -0.253820E+02  0.169E-01    3.66       0.0  T
   2    -25.3820152 -0.636938E-05  0.931E-02    3.67       1.0  T
   3    -25.3820063  0.890145E-05  0.373E-02    3.66       1.0  T
   4    -25.3820182 -0.118970E-04  0.131E-02    3.67       2.0  T
   5    -25.3820184 -0.169644E-06  0.450E-03    3.67       5.9  T
   6    -25.3820185 -0.129468E-06  0.193E-03    3.67      13.8  T
   7    -25.3820185 -0.271078E-07  0.853E-04    3.67      31.3  T
     SCC iter.                  ...        0 min,  0.004 sec
     gradient                   ...        0 min,  0.006 sec
 * total energy  :   -25.1164524 Eh     change       -0.3328782E-03 Eh
   gradient norm :     0.0110079 Eh/α   predicted    -0.2272176E-03 ( -31.74%)
   displ. norm   :     0.4583365 α      lambda       -0.8406560E-03
   maximum displ.:     0.2614259 α      in ANC's #1, #2, #24, ...

........................................................................
.............................. CYCLE   17 ..............................
........................................................................
   1    -25.3835453 -0.253835E+02  0.553E-01    3.65       0.0  T
   2    -25.3835982 -0.528651E-04  0.312E-01    3.67       1.0  T
   3    -25.3834841  0.114023E-03  0.127E-01    3.64       1.0  T
   4    -25.3836305 -0.146365E-03  0.426E-02    3.66       1.0  T
   5    -25.3836313 -0.833947E-06  0.138E-02    3.66       1.9  T
   6    -25.3836332 -0.190562E-05  0.434E-03    3.66       6.2  T
   7    -25.3836333 -0.845315E-07  0.206E-03    3.66      13.0  T
   8    -25.3836333 -0.388964E-08  0.829E-04    3.66      32.3  T
     SCC iter.                  ...        0 min,  0.004 sec
     gradient                   ...        0 min,  0.006 sec
 * total energy  :   -25.1171208 Eh     change       -0.6684378E-03 Eh
   gradient norm :     0.0094662 Eh/α   predicted    -0.5086286E-03 ( -23.91%)
   displ. norm   :     0.5571871 α      lambda       -0.8238816E-03
   maximum displ.:     0.3208145 α      in ANC's #1, #2, #24, ...

........................................................................
.............................. CYCLE   18 ..............................
........................................................................
   1    -25.3817622 -0.253818E+02  0.660E-01    3.65       0.0  T
   2    -25.3818389 -0.767224E-04  0.376E-01    3.67       1.0  T
   3    -25.3816351  0.203861E-03  0.164E-01    3.64       1.0  T
   4    -25.3818921 -0.257032E-03  0.510E-02    3.66       1.0  T
   5    -25.3818926 -0.486871E-06  0.176E-02    3.66       1.5  T
   6    -25.3818959 -0.327294E-05  0.508E-03    3.66       5.3  T
   7    -25.3818960 -0.107146E-06  0.222E-03    3.66      12.0  T
   8    -25.3818960 -0.204314E-08  0.898E-04    3.66      29.8  T
     SCC iter.                  ...        0 min,  0.004 sec
     gradient                   ...        0 min,  0.006 sec
 * total energy  :   -25.1176356 Eh     change       -0.5148403E-03 Eh
   gradient norm :     0.0163821 Eh/α   predicted    -0.5398324E-03 (   4.85%)
   displ. norm   :     0.2809740 α      lambda       -0.1218687E-02
   maximum displ.:     0.1330878 α      in ANC's #24, #2, #23, ...

........................................................................
.............................. CYCLE   19 ..............................
........................................................................
   1    -25.3926394 -0.253926E+02  0.365E-01    3.66       0.0  T
   2    -25.3926650 -0.255421E-04  0.220E-01    3.68       1.0  T
   3    -25.3925540  0.110971E-03  0.117E-01    3.66       1.0  T
   4    -25.3926920 -0.138040E-03  0.239E-02    3.67       1.1  T
   5    -25.3926915  0.519785E-06  0.118E-02    3.67       2.3  T
   6    -25.3926930 -0.150390E-05  0.293E-03    3.67       9.1  T
   7    -25.3926930 -0.214398E-07  0.125E-03    3.67      21.4  T
     SCC iter.                  ...        0 min,  0.004 sec
     gradient                   ...        0 min,  0.006 sec
 * total energy  :   -25.1179278 Eh     change       -0.2921608E-03 Eh
   gradient norm :     0.0181936 Eh/α   predicted    -0.6574509E-03 ( 125.03%)
   displ. norm   :     0.4651860 α      lambda       -0.1332244E-02
   maximum displ.:     0.2703168 α      in ANC's #2, #1, #24, ...

........................................................................
.............................. CYCLE   20 ..............................
........................................................................
   1    -25.3861404 -0.253861E+02  0.599E-01    3.67       0.0  T
   2    -25.3861964 -0.560015E-04  0.337E-01    3.67       1.0  T
   3    -25.3860179  0.178546E-03  0.159E-01    3.66       1.0  T
   4    -25.3862402 -0.222286E-03  0.465E-02    3.67       1.0  T
   5    -25.3862421 -0.195738E-05  0.121E-02    3.67       2.2  T
   6    -25.3862436 -0.146969E-05  0.415E-03    3.67       6.4  T
   7    -25.3862437 -0.781941E-07  0.223E-03    3.67      12.0  T
   8    -25.3862437 -0.152019E-07  0.945E-04    3.67      28.3  T
     SCC iter.                  ...        0 min,  0.004 sec
     gradient                   ...        0 min,  0.006 sec
 * total energy  :   -25.1185245 Eh     change       -0.5966909E-03 Eh
   gradient norm :     0.0192124 Eh/α   predicted    -0.8102745E-03 (  35.79%)
   displ. norm   :     0.1263135 α      lambda       -0.8821490E-03
   maximum displ.:     0.0740497 α      in ANC's #4, #3, #7, ...
 * RMSD in coord.:     1.3222670 α      energy gain  -0.8183400E-02 Eh

generating ANC from model Hessian ...
Using Lindh-Hessian (1995)
 Shifting diagonal of input Hessian by   1.711377358827760E-003
 Lowest  eigenvalues of input Hessian
   -0.000000   -0.000000    0.000000    0.000000    0.000000    0.000000
    0.005000    0.006820    0.011126    0.015895    0.022970    0.029373
    0.037191    0.055292    0.063257    0.069544    0.090238    0.096855
 Highest eigenvalues
    1.405604    1.427506    1.586561    1.896319    1.946106    2.122774
 

........................................................................
.............................. CYCLE   21 ..............................
........................................................................
   1    -25.3844575 -0.253845E+02  0.127E-01    3.67       0.0  T
   2    -25.3844669 -0.938085E-05  0.742E-02    3.67       1.0  T
   3    -25.3844638  0.305439E-05  0.247E-02    3.66       1.1  T
   4    -25.3844676 -0.380294E-05  0.101E-02    3.67       2.7  T
   5    -25.3844685 -0.875379E-06  0.298E-03    3.67       9.0  T
   6    -25.3844685 -0.129944E-07  0.123E-03    3.67      21.7  T
   7    -25.3844685 -0.733762E-08  0.636E-04    3.67      42.0  T
   8    -25.3844685 -0.140544E-08  0.337E-04    3.67      79.2  T
     SCC iter.                  ...        0 min,  0.004 sec
     gradient                   ...        0 min,  0.006 sec
 * total energy  :   -25.1187047 Eh     change       -0.1802433E-03 Eh
   gradient norm :     0.0161140 Eh/α   predicted     0.0000000E+00 (-100.00%)
   displ. norm   :     0.2754801 α      lambda       -0.1030849E-02
   maximum displ.:     0.2459227 α      in ANC's #1, #2, #3, ...

........................................................................
.............................. CYCLE   22 ..............................
........................................................................
   1    -25.3877289 -0.253877E+02  0.252E-01    3.67       0.0  T
   2    -25.3877355 -0.651423E-05  0.143E-01    3.67       1.0  T
   3    -25.3877310  0.448852E-05  0.340E-02    3.67       1.0  T
   4    -25.3877372 -0.619388E-05  0.172E-02    3.67       1.5  T
   5    -25.3877384 -0.120369E-05  0.308E-03    3.67       8.7  T
   6    -25.3877384 -0.754011E-07  0.153E-03    3.67      17.5  T
   7    -25.3877384 -0.911652E-08  0.765E-04    3.67      34.9  T
     SCC iter.                  ...        0 min,  0.004 sec
     gradient                   ...        0 min,  0.006 sec
 * total energy  :   -25.1194558 Eh     change       -0.7510236E-03 Eh
   gradient norm :     0.0059031 Eh/α   predicted    -0.5545450E-03 ( -26.16%)
   displ. norm   :     0.1799526 α      lambda       -0.3605491E-03
   maximum displ.:     0.1477066 α      in ANC's #1, #2, #3, ...

........................................................................
.............................. CYCLE   23 ..............................
........................................................................
   1    -25.3890068 -0.253890E+02  0.163E-01    3.67       0.0  T
   2    -25.3890096 -0.282068E-05  0.929E-02    3.68       1.0  T
   3    -25.3890058  0.383798E-05  0.255E-02    3.67       1.0  T
   4    -25.3890108 -0.501754E-05  0.108E-02    3.67       2.5  T
   5    -25.3890111 -0.263943E-06  0.243E-03    3.67      11.0  T
   6    -25.3890111 -0.572638E-07  0.991E-04    3.67      27.0  T
     SCC iter.                  ...        0 min,  0.003 sec
     gradient                   ...        0 min,  0.006 sec
 * total energy  :   -25.1197716 Eh     change       -0.3158185E-03 Eh
   gradient norm :     0.0036466 Eh/α   predicted    -0.1861128E-03 ( -41.07%)
   displ. norm   :     0.3022378 α      lambda       -0.4805613E-03
   maximum displ.:     0.2453531 α      in ANC's #1, #2, #4, ...

........................................................................
.............................. CYCLE   24 ..............................
........................................................................
   1    -25.3887499 -0.253887E+02  0.273E-01    3.68       0.0  T
   2    -25.3887578 -0.795002E-05  0.155E-01    3.68       1.0  T
   3    -25.3887527  0.513966E-05  0.360E-02    3.67       1.0  T
   4    -25.3887598 -0.716144E-05  0.177E-02    3.68       1.5  T
   5    -25.3887611 -0.129763E-05  0.313E-03    3.68       8.5  T
   6    -25.3887612 -0.549950E-07  0.171E-03    3.68      15.6  T
   7    -25.3887612 -0.163297E-07  0.829E-04    3.68      32.2  T
   8    -25.3887612 -0.145082E-08  0.285E-04    3.68      93.9  T
     SCC iter.                  ...        0 min,  0.004 sec
     gradient                   ...        0 min,  0.006 sec
 * total energy  :   -25.1201762 Eh     change       -0.4045870E-03 Eh
   gradient norm :     0.0069356 Eh/α   predicted    -0.2622326E-03 ( -35.19%)
   displ. norm   :     0.3696243 α      lambda       -0.5199790E-03
   maximum displ.:     0.3147997 α      in ANC's #1, #2, #4, ...

........................................................................
.............................. CYCLE   25 ..............................
........................................................................
   1    -25.3875596 -0.253876E+02  0.350E-01    3.68       0.0  T
   2    -25.3875736 -0.140389E-04  0.196E-01    3.68       1.0  T
   3    -25.3875699  0.369346E-05  0.428E-02    3.68       1.0  T
   4    -25.3875756 -0.569964E-05  0.238E-02    3.68       1.1  T
   5    -25.3875789 -0.328565E-05  0.301E-03    3.68       8.9  T
   6    -25.3875789 -0.198699E-07  0.171E-03    3.68      15.7  T
   7    -25.3875789 -0.572911E-08  0.945E-04    3.68      28.3  T
     SCC iter.                  ...        0 min,  0.004 sec
     gradient                   ...        0 min,  0.006 sec
 * total energy  :   -25.1205386 Eh     change       -0.3624803E-03 Eh
   gradient norm :     0.0106657 Eh/α   predicted    -0.2955202E-03 ( -18.47%)
   displ. norm   :     0.2673791 α      lambda       -0.4667060E-03
   maximum displ.:     0.2427163 α      in ANC's #1, #2, #24, ...

........................................................................
.............................. CYCLE   26 ..............................
........................................................................
   1    -25.3891041 -0.253891E+02  0.293E-01    3.68       0.0  T
   2    -25.3891153 -0.111343E-04  0.158E-01    3.68       1.0  T
   3    -25.3891120  0.328019E-05  0.382E-02    3.68       1.0  T
   4    -25.3891171 -0.516641E-05  0.222E-02    3.68       1.2  T
   5    -25.3891194 -0.224929E-05  0.323E-03    3.68       8.3  T
   6    -25.3891195 -0.663022E-07  0.186E-03    3.68      14.4  T
   7    -25.3891195 -0.182964E-07  0.837E-04    3.68      31.9  T
     SCC iter.                  ...        0 min,  0.004 sec
     gradient                   ...        0 min,  0.006 sec
 * total energy  :   -25.1208656 Eh     change       -0.3269505E-03 Eh
   gradient norm :     0.0071513 Eh/α   predicted    -0.2500348E-03 ( -23.53%)
   displ. norm   :     0.2424430 α      lambda       -0.2696688E-03
   maximum displ.:     0.2171441 α      in ANC's #1, #2, #24, ...

........................................................................
.............................. CYCLE   27 ..............................
........................................................................
   1    -25.3897342 -0.253897E+02  0.241E-01    3.68       0.0  T
   2    -25.3897403 -0.608777E-05  0.132E-01    3.68       1.0  T
   3    -25.3897360  0.436457E-05  0.340E-02    3.68       1.0  T
   4    -25.3897417 -0.576236E-05  0.186E-02    3.68       1.4  T
   5    -25.3897431 -0.136605E-05  0.238E-03    3.68      11.2  T
   6    -25.3897431 -0.351079E-07  0.136E-03    3.68      19.6  T
     SCC iter.                  ...        0 min,  0.003 sec
     gradient                   ...        0 min,  0.006 sec
 * total energy  :   -25.1210586 Eh     change       -0.1929694E-03 Eh
   gradient norm :     0.0055856 Eh/α   predicted    -0.1427614E-03 ( -26.02%)
   displ. norm   :     0.1436776 α      lambda       -0.2371187E-03
   maximum displ.:     0.1186378 α      in ANC's #1, #24, #10, ...

........................................................................
.............................. CYCLE   28 ..............................
........................................................................
   1    -25.3938549 -0.253939E+02  0.157E-01    3.69       0.0  T
   2    -25.3938585 -0.361386E-05  0.864E-02    3.69       1.0  T
   3    -25.3938506  0.796435E-05  0.335E-02    3.69       1.0  T
   4    -25.3938604 -0.977564E-05  0.119E-02    3.69       2.3  T
   5    -25.3938606 -0.289265E-06  0.221E-03    3.69      12.1  T
   6    -25.3938607 -0.173249E-07  0.872E-04    3.69      30.6  T
     SCC iter.                  ...        0 min,  0.003 sec
     gradient                   ...        0 min,  0.006 sec
 * total energy  :   -25.1211039 Eh     change       -0.4537536E-04 Eh
   gradient norm :     0.0069876 Eh/α   predicted    -0.1210070E-03 ( 166.68%)
   displ. norm   :     0.2628234 α      lambda       -0.2368920E-03
   maximum displ.:     0.2287678 α      in ANC's #1, #2, #24, ...

........................................................................
.............................. CYCLE   29 ..............................
........................................................................
   1    -25.3901296 -0.253901E+02  0.253E-01    3.69       0.0  T
   2    -25.3901363 -0.673057E-05  0.142E-01    3.69       1.0  T
   3    -25.3901346  0.177926E-05  0.307E-02    3.69       1.0  T
   4    -25.3901366 -0.201911E-05  0.195E-02    3.69       1.4  T
   5    -25.3901389 -0.233860E-05  0.233E-03    3.69      11.5  T
   6    -25.3901389 -0.177599E-07  0.123E-03    3.69      21.8  T
     SCC iter.                  ...        0 min,  0.003 sec
     gradient                   ...        0 min,  0.006 sec
 * total energy  :   -25.1211632 Eh     change       -0.5930759E-04 Eh
   gradient norm :     0.0056669 Eh/α   predicted    -0.1266272E-03 ( 113.51%)
   displ. norm   :     0.1412681 α      lambda       -0.1028750E-03
   maximum displ.:     0.1252680 α      in ANC's #1, #2, #24, ...

........................................................................
.............................. CYCLE   30 ..............................
........................................................................
   1    -25.3916611 -0.253917E+02  0.139E-01    3.68       0.0  T
   2    -25.3916633 -0.215875E-05  0.771E-02    3.68       1.0  T
   3    -25.3916598  0.351548E-05  0.241E-02    3.68       1.1  T
   4    -25.3916642 -0.442818E-05  0.106E-02    3.68       2.5  T
   5    -25.3916645 -0.319475E-06  0.145E-03    3.68      18.4  T
   6    -25.3916645 -0.957823E-08  0.835E-04    3.68      32.0  T
     SCC iter.                  ...        0 min,  0.003 sec
     gradient                   ...        0 min,  0.006 sec
 * total energy  :   -25.1212027 Eh     change       -0.3942232E-04 Eh
   gradient norm :     0.0014536 Eh/α   predicted    -0.5246330E-04 (  33.08%)
   displ. norm   :     0.0575201 α      lambda       -0.1191229E-04
   maximum displ.:     0.0464595 α      in ANC's #1, #2, #4, ...

........................................................................
.............................. CYCLE   31 ..............................
........................................................................
   1    -25.3914531 -0.253915E+02  0.633E-02    3.68       0.0  T
   2    -25.3914535 -0.391731E-06  0.361E-02    3.68       1.0  T
   3    -25.3914536 -0.813469E-07  0.627E-03    3.68       4.3  T
   4    -25.3914535  0.768077E-07  0.379E-03    3.68       7.1  T
   5    -25.3914537 -0.151034E-06  0.498E-04    3.68      53.7  T
   6    -25.3914537 -0.668507E-09  0.297E-04    3.68      89.9  T
     SCC iter.                  ...        0 min,  0.003 sec
     gradient                   ...        0 min,  0.006 sec
 * total energy  :   -25.1212155 Eh     change       -0.1280408E-04 Eh
   gradient norm :     0.0013438 Eh/α   predicted    -0.5963262E-05 ( -53.43%)
   displ. norm   :     0.0742902 α      lambda       -0.1172734E-04
   maximum displ.:     0.0533444 α      in ANC's #1, #2, #3, ...

........................................................................
.............................. CYCLE   32 ..............................
........................................................................
   1    -25.3910982 -0.253911E+02  0.767E-02    3.68       0.0  T
   2    -25.3910988 -0.592355E-06  0.446E-02    3.68       1.0  T
   3    -25.3910980  0.838786E-06  0.122E-02    3.68       2.2  T
   4    -25.3910991 -0.110432E-05  0.534E-03    3.68       5.0  T
   5    -25.3910992 -0.953285E-07  0.735E-04    3.68      36.4  T
   6    -25.3910992 -0.785775E-09  0.458E-04    3.68      58.4  T
     SCC iter.                  ...        0 min,  0.003 sec
     gradient                   ...        0 min,  0.006 sec
 * total energy  :   -25.1212214 Eh     change       -0.5948406E-05 Eh
   gradient norm :     0.0014203 Eh/α   predicted    -0.5878722E-05 (  -1.17%)
   displ. norm   :     0.0186416 α      lambda       -0.4699888E-05
   maximum displ.:     0.0133562 α      in ANC's #4, #2, #1, ...

........................................................................
.............................. CYCLE   33 ..............................
........................................................................
   1    -25.3915237 -0.253915E+02  0.246E-02    3.68       0.0  T
   2    -25.3915238 -0.100532E-06  0.129E-02    3.68       2.1  T
   3    -25.3915238 -0.171620E-07  0.247E-03    3.68      10.8  T
   4    -25.3915238  0.394844E-08  0.116E-03    3.68      23.0  T
   5    -25.3915238 -0.747756E-08  0.396E-04    3.68      67.6  T
   6    -25.3915238 -0.155336E-08  0.122E-04    3.68     219.3  T
     SCC iter.                  ...        0 min,  0.003 sec
     gradient                   ...        0 min,  0.006 sec
 * total energy  :   -25.1212232 Eh     change       -0.1816327E-05 Eh
   gradient norm :     0.0007544 Eh/α   predicted    -0.2348565E-05 (  29.30%)
   displ. norm   :     0.0089714 α      lambda       -0.1142669E-05
   maximum displ.:     0.0066936 α      in ANC's #4, #6, #1, ...

   *** GEOMETRY OPTIMIZATION CONVERGED AFTER 33 ITERATIONS ***

------------------------------------------------------------------------
 total energy gain   :        -0.0108821 Eh       -6.8287 kcal/mol
 total RMSD          :         1.7203987 a0        0.9104 Å
 total power (kW/mol):        -0.8657901 (step)  -58.3175 (real)
------------------------------------------------------------------------

 ANCopt (total)                0 d,  0 h,  0 min,  0.490 sec
 optimizer setup                ...        0 min,  0.000 sec (  0.028%)
 model hessian                  ...        0 min,  0.004 sec (  0.722%)
 ANC generation                 ...        0 min,  0.001 sec (  0.134%)
 coordinate transformation      ...        0 min,  0.000 sec (  0.075%)
 single point calculation       ...        0 min,  0.477 sec ( 97.259%)
 optimization log               ...        0 min,  0.002 sec (  0.425%)
 hessian update                 ...        0 min,  0.000 sec (  0.065%)
 rational function              ...        0 min,  0.004 sec (  0.911%)

================
 final structure:
================
$coord
   -2.81198660700733    0.33530728562227    0.31180742433647      C 
   -0.66009886901120    2.31873271747794   -1.10939002480830      S 
    1.55519038116760   -0.06204033667046   -1.31343508233580      C 
    0.66185078545839   -2.25845545303045   -0.33394154135179      C 
   -1.86794333334290   -2.03048782740159    0.61027651670169      C 
   -3.12529864676912   -3.99399718486801    1.67146683783579      O 
    1.81692928312725   -4.56032017987622   -0.13904757687583      O 
    4.29579416868834   -4.72148228820743   -1.08419883003406      C 
   -4.63875295929439    1.01732205740981    0.84370508559247      H 
    3.35607825220234    0.33626192623427   -2.14283544266740      H 
   -2.00814739739965   -5.43902150068720    1.64493757084210      H 
    4.89811793449863   -6.66227784530006   -0.77443162740478      H 
    5.56176118325408   -3.43366771205285   -0.07700079115356      H 
    4.35303063465905   -4.28935533811584   -3.10531168885253      H 
$end
           -------------------------------------------------
          |                Final Singlepoint                |
           -------------------------------------------------

          ...................................................
          :                      SETUP                      :
          :.................................................:
          :  # basis functions                  44          :
          :  # atomic orbitals                  43          :
          :  # shells                           23          :
          :  # electrons                        44          :
          :  max. iterations                   250          :
          :  Hamiltonian                  GFN2-xTB          :
          :  restarted?                      false          :
          :  GBSA solvation                  false          :
          :  PC potential                    false          :
          :  electronic temp.          300.0000000     K    :
          :  accuracy                    1.0000000          :
          :  -> integral cutoff          0.2500000E+02      :
          :  -> integral neglect         0.1000000E-07      :
          :  -> SCF convergence          0.1000000E-05 Eh   :
          :  -> wf. convergence          0.1000000E-03 e    :
          :  Broyden damping             0.4000000          :
          ...................................................

 iter      E             dE          RMSdq      gap      omega  full diag
   1    -25.3915238 -0.253915E+02  0.651E-05    3.68       0.0  T
   2    -25.3915238 -0.827427E-11  0.410E-05    3.68     651.5  T
   3    -25.3915238 -0.204530E-10  0.209E-05    3.68    1278.7  T

   *** convergence criteria satisfied after 3 iterations ***

         #    Occupation            Energy/Eh            Energy/eV
      -------------------------------------------------------------
         1        2.0000           -0.7315954             -19.9077
       ...           ...                  ...                  ...
        16        2.0000           -0.4795803             -13.0500
        17        2.0000           -0.4742383             -12.9047
        18        2.0000           -0.4660839             -12.6828
        19        2.0000           -0.4575653             -12.4510
        20        2.0000           -0.4484131             -12.2019
        21        2.0000           -0.3850757             -10.4784
        22        2.0000           -0.3729793             -10.1493 (HOMO)
        23                         -0.2376114              -6.4657 (LUMO)
        24                         -0.2053674              -5.5883
        25                         -0.1566080              -4.2615
        26                         -0.1175509              -3.1987
        27                         -0.0052677              -0.1433
       ...                                ...                  ...
        43                          0.7019584              19.1013
      -------------------------------------------------------------
                  HL-Gap            0.1353679 Eh            3.6835 eV
             Fermi-level           -0.3052954 Eh           -8.3075 eV

 SCC (total)                   0 d,  0 h,  0 min,  0.012 sec
 SCC setup                      ...        0 min,  0.000 sec (  1.028%)
 Dispersion                     ...        0 min,  0.000 sec (  0.608%)
 integral evaluation            ...        0 min,  0.004 sec ( 29.907%)
 zeroth order Hamiltonian       ...        0 min,  0.000 sec (  0.574%)
 iterations                     ...        0 min,  0.002 sec ( 16.915%)
 molecular gradient             ...        0 min,  0.006 sec ( 48.752%)
 printout                       ...        0 min,  0.000 sec (  1.858%)

         :::::::::::::::::::::::::::::::::::::::::::::::::::::
         ::                     SUMMARY                     ::
         :::::::::::::::::::::::::::::::::::::::::::::::::::::
         :: total energy             -25.121223230711 Eh    ::
         :: gradient norm              0.000756267396 Eh/a0 ::
         :: HOMO-LUMO gap              3.683548478016 eV    ::
         ::.................................................::
         :: SCC energy               -25.391523842428 Eh    ::
         :: -> isotropic ES            0.033567244477 Eh    ::
         :: -> anisotropic ES         -0.000808573961 Eh    ::
         :: -> anisotropic XC          0.002990159795 Eh    ::
         :: -> dispersion             -0.011090965787 Eh    ::
         :: repulsion energy           0.270278689802 Eh    ::
         :: add. restraining           0.000000000000 Eh    ::
         :::::::::::::::::::::::::::::::::::::::::::::::::::::

           -------------------------------------------------
          |                Property Printout                |
           -------------------------------------------------

    * Orbital Energies and Occupations

         #    Occupation            Energy/Eh            Energy/eV
      -------------------------------------------------------------
         1        2.0000           -0.7315954             -19.9077
       ...           ...                  ...                  ...
        10        2.0000           -0.5695043             -15.4970
        11        2.0000           -0.5499998             -14.9663
        12        2.0000           -0.5344208             -14.5423
        13        2.0000           -0.5257703             -14.3069
        14        2.0000           -0.5176408             -14.0857
        15        2.0000           -0.4820044             -13.1160
        16        2.0000           -0.4795803             -13.0500
        17        2.0000           -0.4742383             -12.9047
        18        2.0000           -0.4660839             -12.6828
        19        2.0000           -0.4575653             -12.4510
        20        2.0000           -0.4484131             -12.2019
        21        2.0000           -0.3850757             -10.4784
        22        2.0000           -0.3729793             -10.1493 (HOMO)
        23                         -0.2376114              -6.4657 (LUMO)
        24                         -0.2053674              -5.5883
        25                         -0.1566080              -4.2615
        26                         -0.1175509              -3.1987
        27                         -0.0052677              -0.1433
        28                          0.0184069               0.5009
        29                          0.0311052               0.8464
        30                          0.0389995               1.0612
        31                          0.0956546               2.6029
        32                          0.1183021               3.2192
        33                          0.1318119               3.5868
       ...                                ...                  ...
        43                          0.7019584              19.1013
      -------------------------------------------------------------
                  HL-Gap            0.1353679 Eh            3.6835 eV
             Fermi-level           -0.3052954 Eh           -8.3075 eV

     #   Z        covCN         q      C6AA      α(0)
     1   6 C      2.932    -0.057    29.413     8.894
     2  16 S      2.320    -0.040   142.693    20.105
     3   6 C      2.929    -0.067    29.677     8.934
     4   6 C      3.073     0.100    25.718     8.315
     5   6 C      3.041     0.117    25.385     8.264
     6   8 O      1.659    -0.388    20.620     6.130
     7   8 O      1.704    -0.282    18.677     5.835
     8   6 C      3.652     0.038    20.235     6.460
     9   1 H      0.927     0.063     2.160     2.298
    10   1 H      0.927     0.050     2.318     2.381
    11   1 H      0.805     0.320     0.665     1.281
    12   1 H      0.925     0.062     2.171     2.304
    13   1 H      0.924     0.042     2.429     2.437
    14   1 H      0.924     0.042     2.428     2.437

 Mol. C6AA /au·bohr⁶  :       2971.895326
 Mol. C8AA /au·bohr⁸  :      83395.303884
 Mol. α(0) /au        :         86.075951


Wiberg/Mayer (AO) data.
largest (>0.10) Wiberg bond orders for each atom
          total WBO             WBO to atom ...
     1  C   3.933        C    5 1.573    S    2 1.164    H    9 0.969    C    3 0.109
     2  S   2.587        C    1 1.164    C    3 1.162
     3  C   3.932        C    4 1.570    S    2 1.162    H   10 0.970    C    1 0.109
     4  C   3.929        C    3 1.570    C    5 1.157    O    7 1.037
     5  C   3.941        C    1 1.573    C    4 1.157    O    6 1.073
     6  O   2.117        C    5 1.073    H   11 0.877
     7  O   2.208        C    4 1.037    C    8 0.983
     8  C   3.944        O    7 0.983    H   12 0.980    H   13 0.978    H   14 0.978
     9  H   0.995        C    1 0.969
    10  H   0.997        C    3 0.970
    11  H   0.898        O    6 0.877
    12  H   0.996        C    8 0.980
    13  H   0.998        C    8 0.978
    14  H   0.998        C    8 0.978

molecular dipole:
                 x           y           z       tot (Debye)
 q only:        0.744      -0.309      -0.207
   full:        1.023      -0.688      -0.210       3.179
molecular quadrupole (traceless):
                xx          xy          yy          xz          yz          zz
 q only:        0.822      -4.842       1.617      -0.836       1.013      -2.439
  q+dip:        1.190      -5.867       0.827      -0.644       2.288      -2.017
   full:        1.523      -6.004       0.580      -0.784       2.380      -2.102

           -------------------------------------------------
          |                Geometry Summary                 |
           -------------------------------------------------

      molecular mass/u    :      130.1612000
   center of mass at/Å    :       -0.0344261      -0.7565345      -0.1480777
  moments of inertia/u·Å² :        0.1889039E+03   0.3284497E+03   0.5141461E+03
rotational constants/cm⁻¹ :        0.8923921E-01   0.5132485E-01   0.3278763E-01

 * 14 selected distances

     #   Z        #   Z                                     value/Å
     1   6 C      2  16 S                                 1.7216080
     2  16 S      3   6 C                                 1.7242753 (max)
     3   6 C      4   6 C                                 1.3575952
     1   6 C      5   6 C                                 1.3571399
     4   6 C      5   6 C                                 1.4339996
     5   6 C      6   8 O                                 1.3556068
     4   6 C      7   8 O                                 1.3667504
     7   8 O      8   6 C                                 1.4064627
     1   6 C      9   1 H                                 1.0695580
     3   6 C     10   1 H                                 1.0701616
     6   8 O     11   1 H                                 0.9666471 (min)
     8   6 C     12   1 H                                 1.0877698
     8   6 C     13   1 H                                 1.0942059
     8   6 C     14   1 H                                 1.0941189

 * 5 distinct bonds (by element types)

   Z      Z             #   av. dist./Å        max./Å        min./Å
   1 H    6 C           5     1.0831628     1.0942059     1.0695580
   6 C    6 C           3     1.3829116     1.4339996     1.3571399
   1 H    8 O           1     0.9666471     0.9666471     0.9666471
   6 C    8 O           3     1.3762733     1.4064627     1.3556068
   6 C   16 S           2     1.7229417     1.7242753     1.7216080


optimized geometry written to: xtbopt.xyz


           -------------------------------------------------
          | TOTAL ENERGY              -25.121223230711 Eh   |
          | GRADIENT NORM               0.000756267396 Eh/α |
          | HOMO-LUMO GAP               3.683548478016 eV   |
           -------------------------------------------------

------------------------------------------------------------------------
 * finished run on 2021/05/19 at 10:59:57.712     
------------------------------------------------------------------------
 total:
 * wall-time:     0 d,  0 h,  0 min,  0.553 sec
 *  cpu-time:     0 d,  0 h,  0 min,  0.492 sec
 * ratio c/w:     0.891 speedup
 SCF:
 * wall-time:     0 d,  0 h,  0 min,  0.027 sec
 *  cpu-time:     0 d,  0 h,  0 min,  0.018 sec
 * ratio c/w:     0.666 speedup
 ANC optimizer:
 * wall-time:     0 d,  0 h,  0 min,  0.502 sec
 *  cpu-time:     0 d,  0 h,  0 min,  0.460 sec
 * ratio c/w:     0.916 speedup

