      -----------------------------------------------------------      
     |                   =====================                   |     
     |                           x T B                           |     
     |                   =====================                   |     
     |                         S. Grimme                         |     
     |          Mulliken Center for Theoretical Chemistry        |     
     |                    University of Bonn                     |     
     |                Version 6.2 RC2 (SAW190805)                |     
      -----------------------------------------------------------      

   This program is distributed in the hope that it will be useful,
   but WITHOUT ANY WARRANTY; without even the implied warranty of
   MERCHANTABILITY or FITNESS FOR A PARTICULAR PURPOSE.
   
   FOR NON-COMMERCIAL, ACADEMIA USE ONLY.
   
   Cite this work as:
   * S. Grimme, C. Bannwarth, P. Shushkov, J. Chem. Theory Comput., 2017,
     13, 1989-2009. DOI: 10.1021/acs.jctc.7b00118
   * C. Bannwarth, S. Ehlert and S. Grimme., J. Chem. Theory Comput., 2019,
     15, 1652-1671. DOI: 10.1021/acs.jctc.8b01176
   * P. Pracht, E. Caldeweyher, S. Ehlert, S. Grimme, ChemRxiv, 2019, preprint.
     DOI: 10.26434/chemrxiv.8326202.v1
   
   for DFT-D4:
   * E. Caldeweyher, C. Bannwarth and S. Grimme, J. Chem. Phys., 2017,
     147, 034112. DOI: 10.1063/1.4993215
   * E. Caldeweyher, S. Ehlert, A. Hansen, H. Neugebauer, S. Spicher,
     C. Bannwarth and S. Grimme, J. Chem. Phys., 2019, 150, 154122.
     DOI: 10.1063/1.5090222
   
   for sTDA-xTB:
   * S. Grimme and C. Bannwarth, J. Chem. Phys., 2016, 145, 054103.
     DOI: 10.1063/1.4959605
   
   in the mass-spec context:
   * V. Asgeirsson, C. Bauer and S. Grimme, Chem. Sci., 2017, 8, 4879.
     DOI: 10.1039/c7sc00601b
   
   for metadynamics refer to:
   * S. Grimme, J. Chem. Theory Comput., 2019, 155, 2847-2862
     DOI: 10.1021/acs.jctc.9b00143
   
   with help from (in alphabetical order)
   C. Bannwarth, F. Bohle, G. Brandenburg, E. Caldeweyher, M. Checinski,
   S. Dohm, S. Ehlert, S. Ehrlich, F. März, H. Neugebauer, J. Pisarek,
   P. Pracht, P. Shushkov, and S. Spicher.
   
 * started run on 2021/05/19 at 11:00:58.784     

           -------------------------------------------------
          |                Calculation Setup                |
           -------------------------------------------------

          program call               : /ihome/ghutchison/geoffh/xtb/xtb 500.xyz -opt
          hostname                   : smp-n126
          coordinate file            : 500.xyz
          omp threads                :                     1
          number of atoms            :                     9
          number of electrons        :                    26
          charge                     :                     0
          spin                       :                   0.0
          first test random number   :      0.24407743464530


########################################################################
# WARNING! Please study the warnings concerning your input carefully
#  - the use of '-opt' is discouraged, please use '--opt' next time
########################################################################

           ------------------------------------------------- 
          |                 G F N 2 - x T B                 |
          | Geometry, Frequencies, Noncovalent interactions |
          |            JCTC 2019 parametrisation            |
           ------------------------------------------------- 
             KAB for C  - Si     :                1.0500
             KAB for H  - Pd     :                0.9500
             k(s)              :                1.8500
             k(p)              :                2.2300
             k(d)              :                2.2300
             k(f)              :                2.0000
             kEN (H0ij)        :               -2.0000
             D4 a1             :                0.5200
             D4 a2             :                5.0000
             D4 s6             :                1.0000
             D4 s8             :                2.7000
             D4 s9             :                5.0000
             alphaj            :                2.0000

  Z AO/shell   Hii/eV     exponent
  1     Wed Apr 25 08:07:45 CEST 2018   EN: 2.200 GM2: 0.406  GM3: 0.0800  RAES: 1.40
     1s    -10.707211    1.230000
  6     Wed Apr 25 08:07:45 CEST 2018   EN: 2.550 GM2: 0.538  GM3: 0.1500  RAES: 3.00
     2s    -13.970922    2.096432
     2p    -10.063292    1.800000
  8     Wed Apr 25 08:07:45 CEST 2018   EN: 3.440 GM2: 0.452  GM3:-0.0517  RAES: 1.80
     2s    -20.229985    2.439742
     2p    -15.503117    2.137023

           ------------------------------------------------- 
          |        Self-Consistent Charge Iterations        |
           ------------------------------------------------- 

          ...................................................
          :                      SETUP                      :
          :.................................................:
          :  # basis functions                  24          :
          :  # atomic orbitals                  24          :
          :  # shells                           14          :
          :  # electrons                        26          :
          :  max. iterations                   250          :
          :  Hamiltonian                  GFN2-xTB          :
          :  restarted?                      false          :
          :  GBSA solvation                  false          :
          :  PC potential                    false          :
          :  electronic temp.          300.0000000     K    :
          :  accuracy                    1.0000000          :
          :  -> integral cutoff          0.2500000E+02      :
          :  -> integral neglect         0.1000000E-07      :
          :  -> SCF convergence          0.1000000E-05 Eh   :
          :  -> wf. convergence          0.1000000E-03 e    :
          :  Broyden damping             0.4000000          :
          ...................................................

 iter      E             dE          RMSdq      gap      omega  full diag
   1    -14.8286342 -0.148286E+02  0.453E+00    4.82       0.0  T
   2    -14.8366581 -0.802390E-02  0.293E+00    4.76       1.0  T
   3    -14.8276738  0.898431E-02  0.131E+00    4.77       1.0  T
   4    -14.8398517 -0.121779E-01  0.221E-01    4.70       1.0  T
   5    -14.8400062 -0.154495E-03  0.597E-02    4.71       1.0  T
   6    -14.8400105 -0.423868E-05  0.229E-02    4.71       1.5  T
   7    -14.8400106 -0.190330E-06  0.336E-03    4.71       9.9  T
   8    -14.8400107 -0.158752E-07  0.139E-03    4.71      24.1  T
   9    -14.8400107 -0.822112E-08  0.506E-04    4.71      65.9  T
  10    -14.8400107 -0.129653E-08  0.159E-04    4.71     209.7  T

   *** convergence criteria satisfied after 10 iterations ***

         #    Occupation            Energy/Eh            Energy/eV
      -------------------------------------------------------------
         1        2.0000           -0.7331694             -19.9506
       ...           ...                  ...                  ...
         7        2.0000           -0.5546150             -15.0918
         8        2.0000           -0.4978344             -13.5468
         9        2.0000           -0.4776542             -12.9976
        10        2.0000           -0.4666247             -12.6975
        11        2.0000           -0.4629450             -12.5974
        12        2.0000           -0.4243914             -11.5483
        13        2.0000           -0.3902188             -10.6184 (HOMO)
        14                         -0.2171629              -5.9093 (LUMO)
        15                         -0.1627912              -4.4298
        16                          0.0847739               2.3068
        17                          0.0995804               2.7097
        18                          0.1322518               3.5988
       ...                                ...                  ...
        24                          0.6750527              18.3691
      -------------------------------------------------------------
                  HL-Gap            0.1730559 Eh            4.7091 eV
             Fermi-level           -0.3036909 Eh           -8.2638 eV

 SCC (total)                   0 d,  0 h,  0 min,  0.008 sec
 SCC setup                      ...        0 min,  0.000 sec (  1.973%)
 Dispersion                     ...        0 min,  0.000 sec (  0.977%)
 integral evaluation            ...        0 min,  0.001 sec ( 17.423%)
 zeroth order Hamiltonian       ...        0 min,  0.000 sec (  0.515%)
 iterations                     ...        0 min,  0.004 sec ( 47.046%)
 molecular gradient             ...        0 min,  0.002 sec ( 28.728%)
 printout                       ...        0 min,  0.000 sec (  2.765%)

         :::::::::::::::::::::::::::::::::::::::::::::::::::::
         ::                     SUMMARY                     ::
         :::::::::::::::::::::::::::::::::::::::::::::::::::::
         :: total energy             -14.643681873332 Eh    ::
         :: gradient norm              0.033103499327 Eh/a0 ::
         :: HOMO-LUMO gap              4.709090505214 eV    ::
         ::.................................................::
         :: SCC energy               -14.840010673204 Eh    ::
         :: -> isotropic ES            0.007837481137 Eh    ::
         :: -> anisotropic ES          0.001421200108 Eh    ::
         :: -> anisotropic XC          0.006616080146 Eh    ::
         :: -> dispersion             -0.004726907153 Eh    ::
         :: repulsion energy           0.196327672566 Eh    ::
         :: add. restraining           0.000000000000 Eh    ::
         :::::::::::::::::::::::::::::::::::::::::::::::::::::

      ----------------------------------------------------------- 
     |                   =====================                   |
     |                        A N C O P T                        |
     |                   =====================                   |
     |               Approximate Normal Coordinate               |
     |                Rational Function Optimizer                |
      ----------------------------------------------------------- 

          ...................................................
          :                      SETUP                      :
          :.................................................:
          :   optimization level            normal          :
          :   max. optcycles                   200          :
          :   ANC micro-cycles                  20          :
          :   degrees of freedom                21          :
          :.................................................:
          :   RF solver                   davidson          :
          :   input Hessian                  false          :
          :   write xtbopt.log                true          :
          :   linear?                        false          :
          :   energy convergence         0.5000000E-05 Eh   :
          :   grad. convergence          0.1000000E-02 Eh/α :
          :   maximium RF displ.         2.0000000          :
          :   Hlow (freq-cutoff)         0.5000000E-02      :
          :   Hmax (freq-cutoff)         5.0000000          :
          :   S6 in model hess.         20.0000000          :
          ...................................................

generating ANC from model Hessian ...
Using Lindh-Hessian (1995)
 Shifting diagonal of input Hessian by   0.000000000000000E+000
 Lowest  eigenvalues of input Hessian
   -0.000000   -0.000000    0.000000    0.000000    0.000000    0.000000
    0.017336    0.026845    0.066116    0.086221    0.095646    0.107383
    0.112076    0.161907    0.180373    0.184696    0.236474    0.371521
 Highest eigenvalues
    1.067540    1.420806    1.742010    1.759653    1.881101    1.936803
 

........................................................................
.............................. CYCLE    1 ..............................
........................................................................
   1    -14.8400107 -0.148400E+02  0.282E-05    4.71       0.0  T
   2    -14.8400107 -0.432365E-11  0.108E-05    4.71    3090.3  T
   3    -14.8400107 -0.460076E-12  0.598E-06    4.71    5570.4  T
     SCC iter.                  ...        0 min,  0.001 sec
     gradient                   ...        0 min,  0.002 sec
 * total energy  :   -14.6436819 Eh     change        0.8121965E-09 Eh
   gradient norm :     0.0331040 Eh/α   predicted     0.0000000E+00 (-100.00%)
   displ. norm   :     0.0772105 α      lambda       -0.1913411E-02
   maximum displ.:     0.0510350 α      in ANC's #11, #12, #7, ...

........................................................................
.............................. CYCLE    2 ..............................
........................................................................
   1    -14.8546997 -0.148547E+02  0.109E-01    4.89       0.0  T
   2    -14.8547263 -0.266647E-04  0.679E-02    4.88       1.0  T
   3    -14.8547497 -0.233876E-04  0.351E-02    4.89       1.0  T
   4    -14.8547510 -0.127571E-05  0.436E-03    4.88       7.6  T
   5    -14.8547510 -0.679642E-08  0.177E-03    4.88      18.8  T
     SCC iter.                  ...        0 min,  0.001 sec
     gradient                   ...        0 min,  0.002 sec
 * total energy  :   -14.6448678 Eh     change       -0.1185939E-02 Eh
   gradient norm :     0.0128314 Eh/α   predicted    -0.9624076E-03 ( -18.85%)
   displ. norm   :     0.0284460 α      lambda       -0.2233677E-03
   maximum displ.:     0.0181066 α      in ANC's #11, #7, #19, ...

........................................................................
.............................. CYCLE    3 ..............................
........................................................................
   1    -14.8584665 -0.148585E+02  0.593E-02    4.95       0.0  T
   2    -14.8584801 -0.135911E-04  0.406E-02    4.95       1.0  T
   3    -14.8584898 -0.972126E-05  0.153E-02    4.95       2.2  T
   4    -14.8584899 -0.871553E-07  0.515E-03    4.95       6.5  T
   5    -14.8584899 -0.123419E-07  0.854E-04    4.95      39.0  T
   6    -14.8584899 -0.729777E-09  0.338E-04    4.95      98.7  T
     SCC iter.                  ...        0 min,  0.002 sec
     gradient                   ...        0 min,  0.002 sec
 * total energy  :   -14.6450010 Eh     change       -0.1332141E-03 Eh
   gradient norm :     0.0052666 Eh/α   predicted    -0.1117753E-03 ( -16.09%)
   displ. norm   :     0.0131609 α      lambda       -0.3860063E-04
   maximum displ.:     0.0102150 α      in ANC's #7, #19, #12, ...

........................................................................
.............................. CYCLE    4 ..............................
........................................................................
   1    -14.8583318 -0.148583E+02  0.263E-02    4.96       0.0  T
   2    -14.8583348 -0.300984E-05  0.188E-02    4.96       1.8  T
   3    -14.8583366 -0.180376E-05  0.722E-03    4.96       4.6  T
   4    -14.8583366 -0.778035E-08  0.307E-03    4.96      10.9  T
   5    -14.8583367 -0.914145E-08  0.401E-04    4.96      83.2  T
   6    -14.8583367 -0.201565E-09  0.127E-04    4.96     262.7  T
     SCC iter.                  ...        0 min,  0.023 sec
     gradient                   ...        0 min,  0.002 sec
 * total energy  :   -14.6450261 Eh     change       -0.2504182E-04 Eh
   gradient norm :     0.0018704 Eh/α   predicted    -0.1930359E-04 ( -22.91%)
   displ. norm   :     0.0138680 α      lambda       -0.9681551E-05
   maximum displ.:     0.0098076 α      in ANC's #7, #1, #12, ...

........................................................................
.............................. CYCLE    5 ..............................
........................................................................
   1    -14.8573743 -0.148574E+02  0.193E-02    4.95       0.0  T
   2    -14.8573753 -0.967885E-06  0.132E-02    4.95       2.5  T
   3    -14.8573757 -0.447308E-06  0.684E-03    4.95       4.9  T
   4    -14.8573758 -0.400897E-07  0.208E-03    4.95      16.0  T
   5    -14.8573758 -0.629772E-08  0.314E-04    4.95     106.1  T
   6    -14.8573758 -0.920881E-10  0.109E-04    4.95     306.1  T
     SCC iter.                  ...        0 min,  0.002 sec
     gradient                   ...        0 min,  0.002 sec
 * total energy  :   -14.6450294 Eh     change       -0.3321654E-05 Eh
   gradient norm :     0.0012259 Eh/α   predicted    -0.4842641E-05 (  45.79%)
   displ. norm   :     0.0092909 α      lambda       -0.2889714E-05
   maximum displ.:     0.0081018 α      in ANC's #1, #3, #2, ...

........................................................................
.............................. CYCLE    6 ..............................
........................................................................
   1    -14.8574765 -0.148575E+02  0.153E-02    4.95       0.0  T
   2    -14.8574766 -0.158886E-06  0.960E-03    4.95       3.5  T
   3    -14.8574766  0.182091E-07  0.576E-03    4.95       5.8  T
   4    -14.8574767 -0.115437E-06  0.595E-04    4.95      56.0  T
   5    -14.8574767 -0.565471E-09  0.227E-04    4.95     146.7  T
     SCC iter.                  ...        0 min,  0.001 sec
     gradient                   ...        0 min,  0.002 sec
 * total energy  :   -14.6450307 Eh     change       -0.1284922E-05 Eh
   gradient norm :     0.0004289 Eh/α   predicted    -0.1446170E-05 (  12.55%)
   displ. norm   :     0.0057800 α      lambda       -0.9717385E-06
   maximum displ.:     0.0051757 α      in ANC's #1, #7, #3, ...

   *** GEOMETRY OPTIMIZATION CONVERGED AFTER 6 ITERATIONS ***

------------------------------------------------------------------------
 total energy gain   :        -0.0013488 Eh       -0.8464 kcal/mol
 total RMSD          :         0.0375122 a0        0.0199 Å
 total power (kW/mol):        -0.5902128 (step)  -67.1231 (real)
------------------------------------------------------------------------

 ANCopt (total)                0 d,  0 h,  0 min,  0.053 sec
 optimizer setup                ...        0 min,  0.000 sec (  0.201%)
 model hessian                  ...        0 min,  0.001 sec (  1.838%)
 ANC generation                 ...        0 min,  0.000 sec (  0.525%)
 coordinate transformation      ...        0 min,  0.000 sec (  0.098%)
 single point calculation       ...        0 min,  0.050 sec ( 95.245%)
 optimization log               ...        0 min,  0.000 sec (  0.589%)
 hessian update                 ...        0 min,  0.000 sec (  0.087%)
 rational function              ...        0 min,  0.000 sec (  0.725%)

================
 final structure:
================
$coord
   -0.38948611997797    2.05006363856021   -0.00872242576577      C 
   -2.01963216931642    0.10595758160349   -0.02146020780324      O 
   -0.63766120266956   -2.02173275820484   -0.00824400899364      C 
    1.87251934350115   -1.47272684733098    0.01170908473165      C 
    2.03546131486630    1.20026476536925    0.00839607147318      C 
   -1.17076940735722    3.91914943206104   -0.01550956228652      H 
   -1.64015287012543   -3.78209870568977   -0.01498920377737      H 
    3.41020975797452   -2.78746358374141    0.02517660209319      H 
    3.72146115948897    2.31851714748532    0.01916499982869      H 
$end
           -------------------------------------------------
          |                Final Singlepoint                |
           -------------------------------------------------

          ...................................................
          :                      SETUP                      :
          :.................................................:
          :  # basis functions                  24          :
          :  # atomic orbitals                  24          :
          :  # shells                           14          :
          :  # electrons                        26          :
          :  max. iterations                   250          :
          :  Hamiltonian                  GFN2-xTB          :
          :  restarted?                      false          :
          :  GBSA solvation                  false          :
          :  PC potential                    false          :
          :  electronic temp.          300.0000000     K    :
          :  accuracy                    1.0000000          :
          :  -> integral cutoff          0.2500000E+02      :
          :  -> integral neglect         0.1000000E-07      :
          :  -> SCF convergence          0.1000000E-05 Eh   :
          :  -> wf. convergence          0.1000000E-03 e    :
          :  Broyden damping             0.4000000          :
          ...................................................

 iter      E             dE          RMSdq      gap      omega  full diag
   1    -14.8574767 -0.148575E+02  0.407E-05    4.95       0.0  T
   2    -14.8574767 -0.209432E-11  0.208E-05    4.95    1603.4  T
   3    -14.8574767  0.159872E-13  0.944E-06    4.95    3529.2  T

   *** convergence criteria satisfied after 3 iterations ***

         #    Occupation            Energy/Eh            Energy/eV
      -------------------------------------------------------------
         1        2.0000           -0.7373108             -20.0632
       ...           ...                  ...                  ...
         7        2.0000           -0.5574139             -15.1680
         8        2.0000           -0.4992471             -13.5852
         9        2.0000           -0.4770226             -12.9804
        10        2.0000           -0.4668644             -12.7040
        11        2.0000           -0.4606083             -12.5338
        12        2.0000           -0.4241274             -11.5411
        13        2.0000           -0.3921577             -10.6712 (HOMO)
        14                         -0.2103142              -5.7229 (LUMO)
        15                         -0.1585935              -4.3155
        16                          0.0996880               2.7126
        17                          0.1196715               3.2564
        18                          0.1560724               4.2469
       ...                                ...                  ...
        24                          0.7095630              19.3082
      -------------------------------------------------------------
                  HL-Gap            0.1818434 Eh            4.9482 eV
             Fermi-level           -0.3012359 Eh           -8.1970 eV

 SCC (total)                   0 d,  0 h,  0 min,  0.027 sec
 SCC setup                      ...        0 min,  0.022 sec ( 82.647%)
 Dispersion                     ...        0 min,  0.000 sec (  0.165%)
 integral evaluation            ...        0 min,  0.001 sec (  4.452%)
 zeroth order Hamiltonian       ...        0 min,  0.000 sec (  0.116%)
 iterations                     ...        0 min,  0.001 sec (  4.094%)
 molecular gradient             ...        0 min,  0.002 sec (  7.700%)
 printout                       ...        0 min,  0.000 sec (  0.639%)

         :::::::::::::::::::::::::::::::::::::::::::::::::::::
         ::                     SUMMARY                     ::
         :::::::::::::::::::::::::::::::::::::::::::::::::::::
         :: total energy             -14.645030678627 Eh    ::
         :: gradient norm              0.000428383430 Eh/a0 ::
         :: HOMO-LUMO gap              4.948212068024 eV    ::
         ::.................................................::
         :: SCC energy               -14.857476741827 Eh    ::
         :: -> isotropic ES            0.007415825160 Eh    ::
         :: -> anisotropic ES          0.001681964534 Eh    ::
         :: -> anisotropic XC          0.005664048583 Eh    ::
         :: -> dispersion             -0.004741640882 Eh    ::
         :: repulsion energy           0.212445000786 Eh    ::
         :: add. restraining           0.000000000000 Eh    ::
         :::::::::::::::::::::::::::::::::::::::::::::::::::::

           -------------------------------------------------
          |                Property Printout                |
           -------------------------------------------------

    * Orbital Energies and Occupations

         #    Occupation            Energy/Eh            Energy/eV
      -------------------------------------------------------------
         1        2.0000           -0.7373108             -20.0632
         2        2.0000           -0.6604403             -17.9715
         3        2.0000           -0.6546081             -17.8128
         4        2.0000           -0.5869833             -15.9726
         5        2.0000           -0.5732497             -15.5989
         6        2.0000           -0.5638058             -15.3419
         7        2.0000           -0.5574139             -15.1680
         8        2.0000           -0.4992471             -13.5852
         9        2.0000           -0.4770226             -12.9804
        10        2.0000           -0.4668644             -12.7040
        11        2.0000           -0.4606083             -12.5338
        12        2.0000           -0.4241274             -11.5411
        13        2.0000           -0.3921577             -10.6712 (HOMO)
        14                         -0.2103142              -5.7229 (LUMO)
        15                         -0.1585935              -4.3155
        16                          0.0996880               2.7126
        17                          0.1196715               3.2564
        18                          0.1560724               4.2469
        19                          0.1694601               4.6112
        20                          0.2620266               7.1301
        21                          0.2757454               7.5034
        22                          0.4362873              11.8720
        23                          0.5109444              13.9035
        24                          0.7095630              19.3082
      -------------------------------------------------------------
                  HL-Gap            0.1818434 Eh            4.9482 eV
             Fermi-level           -0.3012359 Eh           -8.1970 eV

     #   Z        covCN         q      C6AA      α(0)
     1   6 C      3.081     0.066    26.427     8.428
     2   8 O      1.731    -0.174    16.924     5.555
     3   6 C      3.081     0.066    26.427     8.428
     4   6 C      3.023    -0.062    29.522     8.912
     5   6 C      3.023    -0.062    29.522     8.912
     6   1 H      0.926     0.046     2.377     2.411
     7   1 H      0.926     0.046     2.377     2.411
     8   1 H      0.926     0.037     2.484     2.465
     9   1 H      0.926     0.037     2.484     2.465

 Mol. C6AA /au·bohr⁶  :        988.338526
 Mol. C8AA /au·bohr⁸  :      23602.092807
 Mol. α(0) /au        :         49.985943


Wiberg/Mayer (AO) data.
largest (>0.10) Wiberg bond orders for each atom
          total WBO             WBO to atom ...
     1  C   3.908        C    5 1.612    O    2 1.140    H    6 0.967    C    3 0.151
     2  O   2.456        C    3 1.140    C    1 1.140
     3  C   3.908        C    4 1.612    O    2 1.140    H    7 0.967    C    1 0.151
     4  C   3.984        C    3 1.612    C    5 1.291    H    8 0.975
     5  C   3.984        C    1 1.612    C    4 1.291    H    9 0.975
     6  H   0.998        C    1 0.967
     7  H   0.998        C    3 0.967
     8  H   0.999        C    4 0.975
     9  H   0.999        C    5 0.975

molecular dipole:
                 x           y           z       tot (Debye)
 q only:        0.178      -0.011       0.002
   full:        0.153      -0.009       0.001       0.389
molecular quadrupole (traceless):
                xx          xy          yy          xz          yz          zz
 q only:       -1.095       0.195       2.171      -0.002      -0.001      -1.076
  q+dip:        0.065       0.156       2.683       0.018      -0.003      -2.748
   full:       -0.976       0.209       2.507       0.001      -0.001      -1.531

           -------------------------------------------------
          |                Geometry Summary                 |
           -------------------------------------------------

      molecular mass/u    :       68.0750000
   center of mass at/Å    :        0.0516442      -0.0122161      -0.0022675
  moments of inertia/u·Å² :        0.5213953E+02   0.5404687E+02   0.1061864E+03
rotational constants/cm⁻¹ :        0.3233177E+00   0.3119076E+00   0.1587551E+00

 * 9 selected distances

     #   Z        #   Z                                     value/Å
     1   6 C      2   8 O                                 1.3425976
     2   8 O      3   6 C                                 1.3425973
     3   6 C      4   6 C                                 1.3597706
     1   6 C      5   6 C                                 1.3597715
     4   6 C      5   6 C                                 1.4171131 (max)
     1   6 C      6   1 H                                 1.0720159
     3   6 C      7   1 H                                 1.0720148
     4   6 C      8   1 H                                 1.0706141
     5   6 C      9   1 H                                 1.0706133 (min)

 * 3 distinct bonds (by element types)

   Z      Z             #   av. dist./Å        max./Å        min./Å
   1 H    6 C           4     1.0713145     1.0720159     1.0706133
   6 C    6 C           3     1.3788851     1.4171131     1.3597706
   6 C    8 O           2     1.3425975     1.3425976     1.3425973


optimized geometry written to: xtbopt.xyz


           -------------------------------------------------
          | TOTAL ENERGY              -14.645030678627 Eh   |
          | GRADIENT NORM               0.000428383430 Eh/α |
          | HOMO-LUMO GAP               4.948212068024 eV   |
           -------------------------------------------------

------------------------------------------------------------------------
 * finished run on 2021/05/19 at 11:00:58.896     
------------------------------------------------------------------------
 total:
 * wall-time:     0 d,  0 h,  0 min,  0.112 sec
 *  cpu-time:     0 d,  0 h,  0 min,  0.056 sec
 * ratio c/w:     0.498 speedup
 SCF:
 * wall-time:     0 d,  0 h,  0 min,  0.008 sec
 *  cpu-time:     0 d,  0 h,  0 min,  0.008 sec
 * ratio c/w:     0.996 speedup
 ANC optimizer:
 * wall-time:     0 d,  0 h,  0 min,  0.080 sec
 *  cpu-time:     0 d,  0 h,  0 min,  0.037 sec
 * ratio c/w:     0.461 speedup

