      -----------------------------------------------------------      
     |                   =====================                   |     
     |                           x T B                           |     
     |                   =====================                   |     
     |                         S. Grimme                         |     
     |          Mulliken Center for Theoretical Chemistry        |     
     |                    University of Bonn                     |     
     |                Version 6.2 RC2 (SAW190805)                |     
      -----------------------------------------------------------      

   This program is distributed in the hope that it will be useful,
   but WITHOUT ANY WARRANTY; without even the implied warranty of
   MERCHANTABILITY or FITNESS FOR A PARTICULAR PURPOSE.
   
   FOR NON-COMMERCIAL, ACADEMIA USE ONLY.
   
   Cite this work as:
   * S. Grimme, C. Bannwarth, P. Shushkov, J. Chem. Theory Comput., 2017,
     13, 1989-2009. DOI: 10.1021/acs.jctc.7b00118
   * C. Bannwarth, S. Ehlert and S. Grimme., J. Chem. Theory Comput., 2019,
     15, 1652-1671. DOI: 10.1021/acs.jctc.8b01176
   * P. Pracht, E. Caldeweyher, S. Ehlert, S. Grimme, ChemRxiv, 2019, preprint.
     DOI: 10.26434/chemrxiv.8326202.v1
   
   for DFT-D4:
   * E. Caldeweyher, C. Bannwarth and S. Grimme, J. Chem. Phys., 2017,
     147, 034112. DOI: 10.1063/1.4993215
   * E. Caldeweyher, S. Ehlert, A. Hansen, H. Neugebauer, S. Spicher,
     C. Bannwarth and S. Grimme, J. Chem. Phys., 2019, 150, 154122.
     DOI: 10.1063/1.5090222
   
   for sTDA-xTB:
   * S. Grimme and C. Bannwarth, J. Chem. Phys., 2016, 145, 054103.
     DOI: 10.1063/1.4959605
   
   in the mass-spec context:
   * V. Asgeirsson, C. Bauer and S. Grimme, Chem. Sci., 2017, 8, 4879.
     DOI: 10.1039/c7sc00601b
   
   for metadynamics refer to:
   * S. Grimme, J. Chem. Theory Comput., 2019, 155, 2847-2862
     DOI: 10.1021/acs.jctc.9b00143
   
   with help from (in alphabetical order)
   C. Bannwarth, F. Bohle, G. Brandenburg, E. Caldeweyher, M. Checinski,
   S. Dohm, S. Ehlert, S. Ehrlich, F. März, H. Neugebauer, J. Pisarek,
   P. Pracht, P. Shushkov, and S. Spicher.
   
 * started run on 2021/05/19 at 10:59:11.939     

           -------------------------------------------------
          |                Calculation Setup                |
           -------------------------------------------------

          program call               : /ihome/ghutchison/geoffh/xtb/xtb 506.xyz -opt
          hostname                   : smp-n144
          coordinate file            : 506.xyz
          omp threads                :                     1
          number of atoms            :                    18
          number of electrons        :                    46
          charge                     :                     0
          spin                       :                   0.0
          first test random number   :      0.84345199945076


########################################################################
# WARNING! Please study the warnings concerning your input carefully
#  - the use of '-opt' is discouraged, please use '--opt' next time
########################################################################

           ------------------------------------------------- 
          |                 G F N 2 - x T B                 |
          | Geometry, Frequencies, Noncovalent interactions |
          |            JCTC 2019 parametrisation            |
           ------------------------------------------------- 
             KAB for C  - Si     :                1.0500
             KAB for H  - Pd     :                0.9500
             k(s)              :                1.8500
             k(p)              :                2.2300
             k(d)              :                2.2300
             k(f)              :                2.0000
             kEN (H0ij)        :               -2.0000
             D4 a1             :                0.5200
             D4 a2             :                5.0000
             D4 s6             :                1.0000
             D4 s8             :                2.7000
             D4 s9             :                5.0000
             alphaj            :                2.0000

  Z AO/shell   Hii/eV     exponent
  1     Wed Apr 25 08:07:45 CEST 2018   EN: 2.200 GM2: 0.406  GM3: 0.0800  RAES: 1.40
     1s    -10.707211    1.230000
  6     Wed Apr 25 08:07:45 CEST 2018   EN: 2.550 GM2: 0.538  GM3: 0.1500  RAES: 3.00
     2s    -13.970922    2.096432
     2p    -10.063292    1.800000
  7     Wed Apr 25 08:07:45 CEST 2018   EN: 3.040 GM2: 0.461  GM3:-0.0640  RAES: 1.90
     2s    -16.686243    2.339881
     2p    -12.523956    2.014332

           ------------------------------------------------- 
          |        Self-Consistent Charge Iterations        |
           ------------------------------------------------- 

          ...................................................
          :                      SETUP                      :
          :.................................................:
          :  # basis functions                  45          :
          :  # atomic orbitals                  45          :
          :  # shells                           27          :
          :  # electrons                        46          :
          :  max. iterations                   250          :
          :  Hamiltonian                  GFN2-xTB          :
          :  restarted?                      false          :
          :  GBSA solvation                  false          :
          :  PC potential                    false          :
          :  electronic temp.          300.0000000     K    :
          :  accuracy                    1.0000000          :
          :  -> integral cutoff          0.2500000E+02      :
          :  -> integral neglect         0.1000000E-07      :
          :  -> SCF convergence          0.1000000E-05 Eh   :
          :  -> wf. convergence          0.1000000E-03 e    :
          :  Broyden damping             0.4000000          :
          ...................................................

 iter      E             dE          RMSdq      gap      omega  full diag
   1    -24.9919776 -0.249920E+02  0.438E+00    2.94       0.0  T
   2    -25.0207646 -0.287871E-01  0.270E+00    3.34       1.0  T
   3    -25.0189991  0.176550E-02  0.100E+00    3.37       1.0  T
   4    -25.0224538 -0.345466E-02  0.387E-01    3.36       1.0  T
   5    -25.0237702 -0.131645E-02  0.951E-02    3.37       1.0  T
   6    -25.0238071 -0.368709E-04  0.566E-02    3.37       1.0  T
   7    -25.0238382 -0.310733E-04  0.240E-02    3.36       1.0  T
   8    -25.0238392 -0.104284E-05  0.565E-03    3.36       4.2  T
   9    -25.0238396 -0.343986E-06  0.199E-03    3.36      11.9  T
  10    -25.0238396 -0.223795E-07  0.104E-03    3.36      22.6  T
  11    -25.0238396 -0.495339E-08  0.397E-04    3.36      59.3  T
  12    -25.0238396 -0.915907E-09  0.180E-04    3.36     130.6  T

   *** convergence criteria satisfied after 12 iterations ***

         #    Occupation            Energy/Eh            Energy/eV
      -------------------------------------------------------------
         1        2.0000           -0.6439296             -17.5222
       ...           ...                  ...                  ...
        17        2.0000           -0.4424073             -12.0385
        18        2.0000           -0.4372862             -11.8992
        19        2.0000           -0.4183050             -11.3827
        20        2.0000           -0.4137826             -11.2596
        21        2.0000           -0.3992969             -10.8654
        22        2.0000           -0.3921061             -10.6697
        23        2.0000           -0.3552949              -9.6681 (HOMO)
        24                         -0.2317196              -6.3054 (LUMO)
        25                         -0.2174036              -5.9159
        26                         -0.1668925              -4.5414
        27                         -0.0777120              -2.1147
        28                          0.0362606               0.9867
       ...                                ...                  ...
        45                          0.6531234              17.7724
      -------------------------------------------------------------
                  HL-Gap            0.1235753 Eh            3.3627 eV
             Fermi-level           -0.2935073 Eh           -7.9867 eV

 SCC (total)                   0 d,  0 h,  0 min,  0.020 sec
 SCC setup                      ...        0 min,  0.000 sec (  1.178%)
 Dispersion                     ...        0 min,  0.000 sec (  1.127%)
 integral evaluation            ...        0 min,  0.004 sec ( 19.777%)
 zeroth order Hamiltonian       ...        0 min,  0.000 sec (  0.471%)
 iterations                     ...        0 min,  0.008 sec ( 42.186%)
 molecular gradient             ...        0 min,  0.007 sec ( 33.387%)
 printout                       ...        0 min,  0.000 sec (  1.597%)

         :::::::::::::::::::::::::::::::::::::::::::::::::::::
         ::                     SUMMARY                     ::
         :::::::::::::::::::::::::::::::::::::::::::::::::::::
         :: total energy             -24.592800189637 Eh    ::
         :: gradient norm              0.044134749081 Eh/a0 ::
         :: HOMO-LUMO gap              3.362655726844 eV    ::
         ::.................................................::
         :: SCC energy               -25.023839586375 Eh    ::
         :: -> isotropic ES            0.010207138993 Eh    ::
         :: -> anisotropic ES          0.006542320468 Eh    ::
         :: -> anisotropic XC          0.018318227604 Eh    ::
         :: -> dispersion             -0.014253734701 Eh    ::
         :: repulsion energy           0.431048174505 Eh    ::
         :: add. restraining           0.000000000000 Eh    ::
         :::::::::::::::::::::::::::::::::::::::::::::::::::::

      ----------------------------------------------------------- 
     |                   =====================                   |
     |                        A N C O P T                        |
     |                   =====================                   |
     |               Approximate Normal Coordinate               |
     |                Rational Function Optimizer                |
      ----------------------------------------------------------- 

          ...................................................
          :                      SETUP                      :
          :.................................................:
          :   optimization level            normal          :
          :   max. optcycles                   200          :
          :   ANC micro-cycles                  20          :
          :   degrees of freedom                48          :
          :.................................................:
          :   RF solver                   davidson          :
          :   input Hessian                  false          :
          :   write xtbopt.log                true          :
          :   linear?                        false          :
          :   energy convergence         0.5000000E-05 Eh   :
          :   grad. convergence          0.1000000E-02 Eh/α :
          :   maximium RF displ.         2.0000000          :
          :   Hlow (freq-cutoff)         0.5000000E-02      :
          :   Hmax (freq-cutoff)         5.0000000          :
          :   S6 in model hess.         20.0000000          :
          ...................................................

generating ANC from model Hessian ...
Using Lindh-Hessian (1995)
 Shifting diagonal of input Hessian by   2.977853640016647E-003
 Lowest  eigenvalues of input Hessian
   -0.000000   -0.000000   -0.000000   -0.000000    0.000000    0.000000
    0.005000    0.007250    0.009945    0.013960    0.015942    0.019972
    0.020311    0.025853    0.031016    0.035988    0.044002    0.052251
 Highest eigenvalues
    1.565523    1.697612    1.837515    1.898967    1.963445    2.037734
 

........................................................................
.............................. CYCLE    1 ..............................
........................................................................
   1    -25.0238396 -0.250238E+02  0.760E-05    3.36       0.0  T
   2    -25.0238396 -0.484590E-10  0.259E-05    3.36     910.4  T
   3    -25.0238396 -0.403588E-11  0.176E-05    3.36    1336.4  T
     SCC iter.                  ...        0 min,  0.002 sec
     gradient                   ...        0 min,  0.006 sec
 * total energy  :   -24.5928002 Eh     change        0.3533575E-08 Eh
   gradient norm :     0.0441363 Eh/α   predicted     0.0000000E+00 (-100.00%)
   displ. norm   :     0.1963167 α      lambda       -0.3832864E-02
   maximum displ.:     0.1069546 α      in ANC's #8, #2, #11, ...

........................................................................
.............................. CYCLE    2 ..............................
........................................................................
   1    -25.0470698 -0.250471E+02  0.206E-01    3.37       0.0  T
   2    -25.0470836 -0.138132E-04  0.119E-01    3.37       1.0  T
   3    -25.0470604  0.232885E-04  0.511E-02    3.37       1.0  T
   4    -25.0470915 -0.311580E-04  0.715E-03    3.37       3.3  T
   5    -25.0470916 -0.100793E-06  0.465E-03    3.37       5.1  T
   6    -25.0470918 -0.165378E-06  0.167E-03    3.37      14.1  T
     SCC iter.                  ...        0 min,  0.004 sec
     gradient                   ...        0 min,  0.006 sec
 * total energy  :   -24.5951811 Eh     change       -0.2380932E-02 Eh
   gradient norm :     0.0158056 Eh/α   predicted    -0.1990293E-02 ( -16.41%)
   displ. norm   :     0.1346629 α      lambda       -0.6159630E-03
   maximum displ.:     0.0968573 α      in ANC's #2, #4, #1, ...

........................................................................
.............................. CYCLE    3 ..............................
........................................................................
   1    -25.0545096 -0.250545E+02  0.126E-01    3.35       0.0  T
   2    -25.0545192 -0.967466E-05  0.734E-02    3.36       1.0  T
   3    -25.0545091  0.101511E-04  0.400E-02    3.35       1.0  T
   4    -25.0545262 -0.171357E-04  0.394E-03    3.36       6.0  T
   5    -25.0545262 -0.175000E-07  0.243E-03    3.36       9.7  T
   6    -25.0545263 -0.298107E-07  0.107E-03    3.36      22.1  T
     SCC iter.                  ...        0 min,  0.004 sec
     gradient                   ...        0 min,  0.006 sec
 * total energy  :   -24.5955812 Eh     change       -0.4001269E-03 Eh
   gradient norm :     0.0064190 Eh/α   predicted    -0.3135678E-03 ( -21.63%)
   displ. norm   :     0.1381771 α      lambda       -0.2493621E-03
   maximum displ.:     0.1154991 α      in ANC's #2, #1, #7, ...

........................................................................
.............................. CYCLE    4 ..............................
........................................................................
   1    -25.0555490 -0.250555E+02  0.127E-01    3.32       0.0  T
   2    -25.0555585 -0.943541E-05  0.738E-02    3.33       1.0  T
   3    -25.0555475  0.110049E-04  0.381E-02    3.32       1.0  T
   4    -25.0555648 -0.173135E-04  0.361E-03    3.33       6.5  T
   5    -25.0555648 -0.325695E-07  0.204E-03    3.33      11.6  T
   6    -25.0555648 -0.754254E-08  0.106E-03    3.33      22.2  T
     SCC iter.                  ...        0 min,  0.004 sec
     gradient                   ...        0 min,  0.006 sec
 * total energy  :   -24.5957600 Eh     change       -0.1787744E-03 Eh
   gradient norm :     0.0044756 Eh/α   predicted    -0.1270600E-03 ( -28.93%)
   displ. norm   :     0.1598242 α      lambda       -0.1870740E-03
   maximum displ.:     0.1267349 α      in ANC's #2, #1, #3, ...

........................................................................
.............................. CYCLE    5 ..............................
........................................................................
   1    -25.0545208 -0.250545E+02  0.152E-01    3.28       0.0  T
   2    -25.0545306 -0.978861E-05  0.885E-02    3.29       1.0  T
   3    -25.0545147  0.158492E-04  0.403E-02    3.29       1.0  T
   4    -25.0545367 -0.219680E-04  0.399E-03    3.29       5.9  T
   5    -25.0545367 -0.487558E-07  0.217E-03    3.29      10.8  T
   6    -25.0545368 -0.765411E-08  0.101E-03    3.29      23.2  T
     SCC iter.                  ...        0 min,  0.004 sec
     gradient                   ...        0 min,  0.006 sec
 * total energy  :   -24.5958794 Eh     change       -0.1193331E-03 Eh
   gradient norm :     0.0052745 Eh/α   predicted    -0.9592691E-04 ( -19.61%)
   displ. norm   :     0.1500985 α      lambda       -0.1311499E-03
   maximum displ.:     0.1147961 α      in ANC's #2, #1, #3, ...

........................................................................
.............................. CYCLE    6 ..............................
........................................................................
   1    -25.0535148 -0.250535E+02  0.125E-01    3.27       0.0  T
   2    -25.0535193 -0.444646E-05  0.729E-02    3.27       1.0  T
   3    -25.0535101  0.910365E-05  0.282E-02    3.27       1.0  T
   4    -25.0535220 -0.118078E-04  0.284E-03    3.27       8.3  T
   5    -25.0535220 -0.248077E-07  0.159E-03    3.27      14.8  T
   6    -25.0535220 -0.741546E-08  0.677E-04    3.27      34.8  T
     SCC iter.                  ...        0 min,  0.004 sec
     gradient                   ...        0 min,  0.006 sec
 * total energy  :   -24.5959618 Eh     change       -0.8243559E-04 Eh
   gradient norm :     0.0057834 Eh/α   predicted    -0.6705097E-04 ( -18.66%)
   displ. norm   :     0.1346121 α      lambda       -0.9458997E-04
   maximum displ.:     0.0941156 α      in ANC's #2, #1, #3, ...

........................................................................
.............................. CYCLE    7 ..............................
........................................................................
   1    -25.0534917 -0.250535E+02  0.102E-01    3.26       0.0  T
   2    -25.0534930 -0.132040E-05  0.594E-02    3.26       1.0  T
   3    -25.0534912  0.187605E-05  0.126E-02    3.26       1.9  T
   4    -25.0534936 -0.248633E-05  0.182E-03    3.26      12.9  T
   5    -25.0534937 -0.957923E-08  0.103E-03    3.26      22.8  T
     SCC iter.                  ...        0 min,  0.003 sec
     gradient                   ...        0 min,  0.006 sec
 * total energy  :   -24.5960338 Eh     change       -0.7198960E-04 Eh
   gradient norm :     0.0041554 Eh/α   predicted    -0.4815222E-04 ( -33.11%)
   displ. norm   :     0.1923173 α      lambda       -0.1075476E-03
   maximum displ.:     0.1328945 α      in ANC's #2, #1, #3, ...

........................................................................
.............................. CYCLE    8 ..............................
........................................................................
   1    -25.0539468 -0.250539E+02  0.138E-01    3.25       0.0  T
   2    -25.0539481 -0.138827E-05  0.805E-02    3.25       1.0  T
   3    -25.0539475  0.677713E-06  0.886E-03    3.25       2.7  T
   4    -25.0539486 -0.117032E-05  0.213E-03    3.25      11.1  T
   5    -25.0539487 -0.308172E-07  0.124E-03    3.25      19.0  T
     SCC iter.                  ...        0 min,  0.003 sec
     gradient                   ...        0 min,  0.006 sec
 * total energy  :   -24.5961099 Eh     change       -0.7614225E-04 Eh
   gradient norm :     0.0033726 Eh/α   predicted    -0.5576287E-04 ( -26.76%)
   displ. norm   :     0.1921260 α      lambda       -0.8411730E-04
   maximum displ.:     0.1287166 α      in ANC's #1, #2, #3, ...

........................................................................
.............................. CYCLE    9 ..............................
........................................................................
   1    -25.0547345 -0.250547E+02  0.131E-01    3.24       0.0  T
   2    -25.0547354 -0.938959E-06  0.765E-02    3.24       1.0  T
   3    -25.0547353  0.790377E-07  0.644E-03    3.24       3.7  T
   4    -25.0547358 -0.499367E-06  0.178E-03    3.24      13.2  T
   5    -25.0547358 -0.421799E-08  0.105E-03    3.24      22.4  T
   6    -25.0547358 -0.619724E-08  0.304E-04    3.24      77.6  T
   7    -25.0547358 -0.111577E-08  0.624E-05    3.24     377.6  T
     SCC iter.                  ...        0 min,  0.004 sec
     gradient                   ...        0 min,  0.006 sec
 * total energy  :   -24.5961725 Eh     change       -0.6260300E-04 Eh
   gradient norm :     0.0036750 Eh/α   predicted    -0.4361340E-04 ( -30.33%)
   displ. norm   :     0.2182442 α      lambda       -0.8822876E-04
   maximum displ.:     0.1517982 α      in ANC's #1, #2, #3, ...

........................................................................
.............................. CYCLE   10 ..............................
........................................................................
   1    -25.0552462 -0.250552E+02  0.148E-01    3.23       0.0  T
   2    -25.0552474 -0.120396E-05  0.861E-02    3.23       1.0  T
   3    -25.0552475 -0.147062E-06  0.576E-03    3.23       4.1  T
   4    -25.0552479 -0.412109E-06  0.223E-03    3.23      10.6  T
   5    -25.0552479 -0.328629E-08  0.103E-03    3.23      22.9  T
   6    -25.0552480 -0.111006E-07  0.234E-04    3.23     100.6  T
   7    -25.0552480 -0.580769E-09  0.856E-05    3.23     275.2  T
     SCC iter.                  ...        0 min,  0.004 sec
     gradient                   ...        0 min,  0.006 sec
 * total energy  :   -24.5962407 Eh     change       -0.6818048E-04 Eh
   gradient norm :     0.0036590 Eh/α   predicted    -0.4621573E-04 ( -32.22%)
   displ. norm   :     0.2614080 α      lambda       -0.9850482E-04
   maximum displ.:     0.1896117 α      in ANC's #1, #2, #3, ...

........................................................................
.............................. CYCLE   11 ..............................
........................................................................
   1    -25.0553858 -0.250554E+02  0.183E-01    3.22       0.0  T
   2    -25.0553887 -0.294771E-05  0.106E-01    3.22       1.0  T
   3    -25.0553886  0.136297E-06  0.932E-03    3.22       2.5  T
   4    -25.0553899 -0.130459E-05  0.319E-03    3.22       7.4  T
   5    -25.0553899 -0.270449E-07  0.142E-03    3.22      16.7  T
   6    -25.0553900 -0.118560E-07  0.428E-04    3.22      55.0  T
   7    -25.0553900 -0.188038E-08  0.108E-04    3.22     217.3  T
     SCC iter.                  ...        0 min,  0.004 sec
     gradient                   ...        0 min,  0.006 sec
 * total energy  :   -24.5963084 Eh     change       -0.6768649E-04 Eh
   gradient norm :     0.0032914 Eh/α   predicted    -0.5261890E-04 ( -22.26%)
   displ. norm   :     0.2418448 α      lambda       -0.5925190E-04
   maximum displ.:     0.1601665 α      in ANC's #2, #1, #3, ...

........................................................................
.............................. CYCLE   12 ..............................
........................................................................
   1    -25.0536596 -0.250537E+02  0.158E-01    3.21       0.0  T
   2    -25.0536620 -0.235597E-05  0.918E-02    3.21       1.0  T
   3    -25.0536608  0.120057E-05  0.121E-02    3.21       2.0  T
   4    -25.0536628 -0.207082E-05  0.338E-03    3.21       7.0  T
   5    -25.0536629 -0.585608E-07  0.165E-03    3.21      14.3  T
   6    -25.0536629 -0.151520E-07  0.641E-04    3.21      36.8  T
   7    -25.0536629 -0.267375E-08  0.198E-04    3.21     118.9  T
     SCC iter.                  ...        0 min,  0.004 sec
     gradient                   ...        0 min,  0.006 sec
 * total energy  :   -24.5963259 Eh     change       -0.1746453E-04 Eh
   gradient norm :     0.0042816 Eh/α   predicted    -0.3135747E-04 (  79.55%)
   displ. norm   :     0.0568583 α      lambda       -0.8076856E-04
   maximum displ.:     0.0319966 α      in ANC's #1, #26, #29, ...

........................................................................
.............................. CYCLE   13 ..............................
........................................................................
   1    -25.0566285 -0.250566E+02  0.647E-02    3.23       0.0  T
   2    -25.0566302 -0.175382E-05  0.364E-02    3.23       1.0  T
   3    -25.0566287  0.154406E-05  0.132E-02    3.23       1.8  T
   4    -25.0566310 -0.236288E-05  0.243E-03    3.23       9.7  T
   5    -25.0566310 -0.227172E-07  0.131E-03    3.23      18.0  T
     SCC iter.                  ...        0 min,  0.003 sec
     gradient                   ...        0 min,  0.006 sec
 * total energy  :   -24.5963122 Eh     change        0.1368375E-04 Eh
   gradient norm :     0.0059433 Eh/α   predicted    -0.4051627E-04 (-396.09%)
   displ. norm   :     0.0678714 α      lambda       -0.9941356E-04
   maximum displ.:     0.0523998 α      in ANC's #2, #1, #4, ...

........................................................................
.............................. CYCLE   14 ..............................
........................................................................
   1    -25.0543166 -0.250543E+02  0.670E-02    3.20       0.0  T
   2    -25.0543182 -0.162316E-05  0.394E-02    3.20       1.0  T
   3    -25.0543149  0.323362E-05  0.178E-02    3.20       1.3  T
   4    -25.0543190 -0.410049E-05  0.257E-03    3.20       9.2  T
   5    -25.0543191 -0.467910E-07  0.128E-03    3.20      18.4  T
   6    -25.0543191 -0.102041E-07  0.578E-04    3.20      40.7  T
     SCC iter.                  ...        0 min,  0.004 sec
     gradient                   ...        0 min,  0.006 sec
 * total energy  :   -24.5963478 Eh     change       -0.3563683E-04 Eh
   gradient norm :     0.0047125 Eh/α   predicted    -0.4993394E-04 (  40.12%)
   displ. norm   :     0.0434324 α      lambda       -0.3463684E-04
   maximum displ.:     0.0375837 α      in ANC's #1, #2, #3, ...

........................................................................
.............................. CYCLE   15 ..............................
........................................................................
   1    -25.0545277 -0.250545E+02  0.428E-02    3.22       0.0  T
   2    -25.0545283 -0.592019E-06  0.247E-02    3.21       1.0  T
   3    -25.0545282  0.125512E-06  0.463E-03    3.21       5.1  T
   4    -25.0545284 -0.217618E-06  0.168E-03    3.21      14.0  T
   5    -25.0545284 -0.237442E-07  0.797E-04    3.21      29.6  T
     SCC iter.                  ...        0 min,  0.003 sec
     gradient                   ...        0 min,  0.006 sec
 * total energy  :   -24.5963583 Eh     change       -0.1053568E-04 Eh
   gradient norm :     0.0020734 Eh/α   predicted    -0.1735153E-04 (  64.69%)
   displ. norm   :     0.0489064 α      lambda       -0.1081495E-04
   maximum displ.:     0.0320835 α      in ANC's #2, #1, #29, ...

........................................................................
.............................. CYCLE   16 ..............................
........................................................................
   1    -25.0547094 -0.250547E+02  0.361E-02    3.21       0.0  T
   2    -25.0547095 -0.107166E-06  0.211E-02    3.21       1.1  T
   3    -25.0547094  0.619966E-07  0.258E-03    3.21       9.1  T
   4    -25.0547095 -0.102767E-06  0.672E-04    3.21      35.1  T
   5    -25.0547095 -0.126533E-08  0.362E-04    3.21      65.0  T
     SCC iter.                  ...        0 min,  0.003 sec
     gradient                   ...        0 min,  0.007 sec
 * total energy  :   -24.5963658 Eh     change       -0.7493430E-05 Eh
   gradient norm :     0.0010039 Eh/α   predicted    -0.5419553E-05 ( -27.68%)
   displ. norm   :     0.1220301 α      lambda       -0.9304809E-05
   maximum displ.:     0.0906002 α      in ANC's #2, #1, #29, ...

........................................................................
.............................. CYCLE   17 ..............................
........................................................................
   1    -25.0546408 -0.250546E+02  0.827E-02    3.21       0.0  T
   2    -25.0546410 -0.215565E-06  0.486E-02    3.21       1.0  T
   3    -25.0546410 -0.645146E-07  0.142E-03    3.21      16.6  T
   4    -25.0546411 -0.182058E-07  0.717E-04    3.21      32.9  T
   5    -25.0546411 -0.206642E-08  0.329E-04    3.21      71.5  T
     SCC iter.                  ...        0 min,  0.003 sec
     gradient                   ...        0 min,  0.006 sec
 * total energy  :   -24.5963750 Eh     change       -0.9199069E-05 Eh
   gradient norm :     0.0011624 Eh/α   predicted    -0.4682724E-05 ( -49.10%)
   displ. norm   :     0.0989927 α      lambda       -0.8564404E-05
   maximum displ.:     0.0820944 α      in ANC's #2, #1, #29, ...

........................................................................
.............................. CYCLE   18 ..............................
........................................................................
   1    -25.0548870 -0.250549E+02  0.631E-02    3.21       0.0  T
   2    -25.0548871 -0.137081E-06  0.371E-02    3.21       1.0  T
   3    -25.0548870  0.120217E-06  0.333E-03    3.21       7.1  T
   4    -25.0548872 -0.186014E-06  0.618E-04    3.21      38.1  T
   5    -25.0548872 -0.239944E-08  0.376E-04    3.21      62.6  T
     SCC iter.                  ...        0 min,  0.003 sec
     gradient                   ...        0 min,  0.006 sec
 * total energy  :   -24.5963833 Eh     change       -0.8214209E-05 Eh
   gradient norm :     0.0010886 Eh/α   predicted    -0.4299236E-05 ( -47.66%)
   displ. norm   :     0.0895591 α      lambda       -0.5329813E-05
   maximum displ.:     0.0721127 α      in ANC's #2, #1, #29, ...

........................................................................
.............................. CYCLE   19 ..............................
........................................................................
   1    -25.0549716 -0.250550E+02  0.555E-02    3.21       0.0  T
   2    -25.0549716 -0.892828E-07  0.326E-02    3.21       1.0  T
   3    -25.0549716  0.335763E-07  0.253E-03    3.21       9.3  T
   4    -25.0549717 -0.787891E-07  0.523E-04    3.21      45.0  T
   5    -25.0549717 -0.328821E-09  0.290E-04    3.21      81.4  T
     SCC iter.                  ...        0 min,  0.003 sec
     gradient                   ...        0 min,  0.006 sec
 * total energy  :   -24.5963867 Eh     change       -0.3436667E-05 Eh
   gradient norm :     0.0013902 Eh/α   predicted    -0.2675008E-05 ( -22.16%)
   displ. norm   :     0.0445874 α      lambda       -0.2717381E-05
   maximum displ.:     0.0344053 α      in ANC's #2, #1, #29, ...

........................................................................
.............................. CYCLE   20 ..............................
........................................................................
   1    -25.0549055 -0.250549E+02  0.277E-02    3.21       0.0  T
   2    -25.0549056 -0.372702E-07  0.162E-02    3.21       1.5  T
   3    -25.0549056 -0.111853E-07  0.801E-04    3.21      29.4  T
   4    -25.0549056 -0.555628E-08  0.350E-04    3.21      67.4  T
     SCC iter.                  ...        0 min,  0.003 sec
     gradient                   ...        0 min,  0.006 sec
 * total energy  :   -24.5963893 Eh     change       -0.2613853E-05 Eh
   gradient norm :     0.0008964 Eh/α   predicted    -0.1361546E-05 ( -47.91%)
   displ. norm   :     0.0176901 α      lambda       -0.2011425E-05
   maximum displ.:     0.0110853 α      in ANC's #2, #29, #3, ...

   *** GEOMETRY OPTIMIZATION CONVERGED AFTER 20 ITERATIONS ***

------------------------------------------------------------------------
 total energy gain   :        -0.0035891 Eh       -2.2522 kcal/mol
 total RMSD          :         0.5282019 a0        0.2795 Å
 total power (kW/mol):        -0.4711605 (step)  -32.3377 (real)
------------------------------------------------------------------------

 ANCopt (total)                0 d,  0 h,  0 min,  0.291 sec
 optimizer setup                ...        0 min,  0.000 sec (  0.048%)
 model hessian                  ...        0 min,  0.002 sec (  0.692%)
 ANC generation                 ...        0 min,  0.000 sec (  0.166%)
 coordinate transformation      ...        0 min,  0.000 sec (  0.089%)
 single point calculation       ...        0 min,  0.282 sec ( 96.740%)
 optimization log               ...        0 min,  0.002 sec (  0.530%)
 hessian update                 ...        0 min,  0.000 sec (  0.077%)
 rational function              ...        0 min,  0.004 sec (  1.243%)

================
 final structure:
================
$coord
    0.55782927678244    2.25979301180429    0.19124413494698      C 
    1.85296627226478   -0.01929373246891   -0.11096862685366      C 
    4.44033578509513   -0.05160328464906   -0.41752433495008      N 
    0.45142119691316   -2.25001607033476   -0.23007958325434      C 
   -2.14469888914572   -2.18890502635328   -0.05579996958172      C 
   -3.45651518752155    0.08152629315654    0.24902334895043      C 
   -2.03785659744451    2.30413193454533    0.36541876685364      C 
   -6.19870768609881    0.02964128820350    0.43010846380659      C 
   -7.73292878243182    1.99187497159438    0.74473074636900      C 
    1.62013068926141    4.00291030467217    0.28533847819152      H 
    5.38679202744915    1.48342219956484    0.18937051515109      H 
    5.31503860084381   -1.71053301120379   -0.09247275494386      H 
    1.42504626269161   -4.03099739674812   -0.46332495114286      H 
   -3.19134025789384   -3.94131346336393   -0.14967643673257      H 
   -2.97785253976037    4.09839083636545    0.60128670875068      H 
   -7.01816483914472   -1.84318669962695    0.28274489468196      H 
   -7.05882079148236    3.90525414880216    0.91053604387382      H 
   -9.75010455995197    1.75001765887382    0.85370194887114      H 
$end
           -------------------------------------------------
          |                Final Singlepoint                |
           -------------------------------------------------

          ...................................................
          :                      SETUP                      :
          :.................................................:
          :  # basis functions                  45          :
          :  # atomic orbitals                  45          :
          :  # shells                           27          :
          :  # electrons                        46          :
          :  max. iterations                   250          :
          :  Hamiltonian                  GFN2-xTB          :
          :  restarted?                      false          :
          :  GBSA solvation                  false          :
          :  PC potential                    false          :
          :  electronic temp.          300.0000000     K    :
          :  accuracy                    1.0000000          :
          :  -> integral cutoff          0.2500000E+02      :
          :  -> integral neglect         0.1000000E-07      :
          :  -> SCF convergence          0.1000000E-05 Eh   :
          :  -> wf. convergence          0.1000000E-03 e    :
          :  Broyden damping             0.4000000          :
          ...................................................

 iter      E             dE          RMSdq      gap      omega  full diag
   1    -25.0549056 -0.250549E+02  0.180E-04    3.21       0.0  T
   2    -25.0549056 -0.636753E-10  0.129E-04    3.21     182.9  T
   3    -25.0549056 -0.261711E-09  0.438E-05    3.21     538.0  T

   *** convergence criteria satisfied after 3 iterations ***

         #    Occupation            Energy/Eh            Energy/eV
      -------------------------------------------------------------
         1        2.0000           -0.6466705             -17.5968
       ...           ...                  ...                  ...
        17        2.0000           -0.4466653             -12.1544
        18        2.0000           -0.4369954             -11.8912
        19        2.0000           -0.4182533             -11.3813
        20        2.0000           -0.4086702             -11.1205
        21        2.0000           -0.4008013             -10.9064
        22        2.0000           -0.3945606             -10.7365
        23        2.0000           -0.3507953              -9.5456 (HOMO)
        24                         -0.2328334              -6.3357 (LUMO)
        25                         -0.2107736              -5.7354
        26                         -0.1540790              -4.1927
        27                         -0.0632479              -1.7211
        28                          0.0359406               0.9780
       ...                                ...                  ...
        45                          0.6986540              19.0113
      -------------------------------------------------------------
                  HL-Gap            0.1179620 Eh            3.2099 eV
             Fermi-level           -0.2918143 Eh           -7.9407 eV

 SCC (total)                   0 d,  0 h,  0 min,  0.013 sec
 SCC setup                      ...        0 min,  0.000 sec (  1.074%)
 Dispersion                     ...        0 min,  0.000 sec (  1.021%)
 integral evaluation            ...        0 min,  0.004 sec ( 27.667%)
 zeroth order Hamiltonian       ...        0 min,  0.000 sec (  0.567%)
 iterations                     ...        0 min,  0.002 sec ( 18.079%)
 molecular gradient             ...        0 min,  0.006 sec ( 48.986%)
 printout                       ...        0 min,  0.000 sec (  2.246%)

         :::::::::::::::::::::::::::::::::::::::::::::::::::::
         ::                     SUMMARY                     ::
         :::::::::::::::::::::::::::::::::::::::::::::::::::::
         :: total energy             -24.596389293442 Eh    ::
         :: gradient norm              0.000897803675 Eh/a0 ::
         :: HOMO-LUMO gap              3.209909257878 eV    ::
         ::.................................................::
         :: SCC energy               -25.054905581369 Eh    ::
         :: -> isotropic ES            0.010253635171 Eh    ::
         :: -> anisotropic ES          0.006649504774 Eh    ::
         :: -> anisotropic XC          0.016906997513 Eh    ::
         :: -> dispersion             -0.014333241742 Eh    ::
         :: repulsion energy           0.458531142288 Eh    ::
         :: add. restraining           0.000000000000 Eh    ::
         :::::::::::::::::::::::::::::::::::::::::::::::::::::

           -------------------------------------------------
          |                Property Printout                |
           -------------------------------------------------

    * Orbital Energies and Occupations

         #    Occupation            Energy/Eh            Energy/eV
      -------------------------------------------------------------
         1        2.0000           -0.6466705             -17.5968
       ...           ...                  ...                  ...
        11        2.0000           -0.5018894             -13.6571
        12        2.0000           -0.4851390             -13.2013
        13        2.0000           -0.4826338             -13.1331
        14        2.0000           -0.4770097             -12.9801
        15        2.0000           -0.4691536             -12.7663
        16        2.0000           -0.4587161             -12.4823
        17        2.0000           -0.4466653             -12.1544
        18        2.0000           -0.4369954             -11.8912
        19        2.0000           -0.4182533             -11.3813
        20        2.0000           -0.4086702             -11.1205
        21        2.0000           -0.4008013             -10.9064
        22        2.0000           -0.3945606             -10.7365
        23        2.0000           -0.3507953              -9.5456 (HOMO)
        24                         -0.2328334              -6.3357 (LUMO)
        25                         -0.2107736              -5.7354
        26                         -0.1540790              -4.1927
        27                         -0.0632479              -1.7211
        28                          0.0359406               0.9780
        29                          0.1178418               3.2066
        30                          0.1284896               3.4964
        31                          0.1465856               3.9888
        32                          0.1629897               4.4352
        33                          0.1768406               4.8121
        34                          0.1942317               5.2853
       ...                                ...                  ...
        45                          0.6986540              19.0113
      -------------------------------------------------------------
                  HL-Gap            0.1179620 Eh            3.2099 eV
             Fermi-level           -0.2918143 Eh           -7.9407 eV

     #   Z        covCN         q      C6AA      α(0)
     1   6 C      2.922    -0.061    29.521     8.910
     2   6 C      2.899     0.079    26.232     8.398
     3   7 N      2.640    -0.276    27.131     7.736
     4   6 C      2.921    -0.061    29.529     8.911
     5   6 C      2.928    -0.035    28.868     8.811
     6   6 C      2.969    -0.001    28.057     8.688
     7   6 C      2.923    -0.033    28.823     8.804
     8   6 C      2.896    -0.030    28.759     8.793
     9   6 C      2.837    -0.092    30.306     9.022
    10   1 H      0.925     0.022     2.698     2.569
    11   1 H      0.860     0.159     1.344     1.816
    12   1 H      0.860     0.159     1.344     1.816
    13   1 H      0.926     0.022     2.702     2.571
    14   1 H      0.925     0.027     2.625     2.533
    15   1 H      0.926     0.033     2.551     2.497
    16   1 H      0.925     0.028     2.620     2.531
    17   1 H      0.926     0.032     2.552     2.498
    18   1 H      0.926     0.030     2.593     2.518

 Mol. C6AA /au·bohr⁶  :       3808.835093
 Mol. C8AA /au·bohr⁸  :      91474.010540
 Mol. α(0) /au        :         99.422063


Wiberg/Mayer (AO) data.
largest (>0.10) Wiberg bond orders for each atom
          total WBO             WBO to atom ...
     1  C   3.988        C    7 1.486    C    2 1.336    H   10 0.968
     2  C   3.971        C    4 1.340    C    1 1.336    N    3 1.157
     3  N   3.239        C    2 1.157    H   11 0.956    H   12 0.956
     4  C   3.987        C    5 1.480    C    2 1.340    H   13 0.968
     5  C   3.992        C    4 1.480    C    6 1.362    H   14 0.969
     6  C   3.989        C    5 1.362    C    7 1.358    C    8 1.100
     7  C   3.992        C    1 1.486    C    6 1.358    H   15 0.966
     8  C   3.990        C    9 1.889    C    6 1.100    H   16 0.965
     9  C   3.977        C    8 1.889    H   18 0.979    H   17 0.974
    10  H   0.999        C    1 0.968
    11  H   0.974        N    3 0.956
    12  H   0.974        N    3 0.956
    13  H   0.999        C    4 0.968
    14  H   0.999        C    5 0.969
    15  H   0.999        C    7 0.966
    16  H   0.999        C    8 0.965
    17  H   0.999        C    9 0.974
    18  H   0.999        C    9 0.979

molecular dipole:
                 x           y           z       tot (Debye)
 q only:        0.778      -0.054       0.106
   full:        0.900      -0.082       0.296       2.417
molecular quadrupole (traceless):
                xx          xy          yy          xz          yz          zz
 q only:        2.441       0.320       0.193       0.981       0.217      -2.633
  q+dip:        4.828       0.256       3.642       2.062       1.098      -8.471
   full:        3.639       0.320       1.784       2.385       0.599      -5.424

           -------------------------------------------------
          |                Geometry Summary                 |
           -------------------------------------------------

      molecular mass/u    :      119.1658000
   center of mass at/Å    :       -0.7943972       0.1312214       0.0693191
  moments of inertia/u·Å² :        0.9982785E+02   0.5029593E+03   0.6024889E+03
rotational constants/cm⁻¹ :        0.1688670E+00   0.3351689E-01   0.2797999E-01

 * 17 selected distances

     #   Z        #   Z                                     value/Å
     1   6 C      2   6 C                                 1.3963612
     2   6 C      3   7 N                                 1.3788598
     2   6 C      4   6 C                                 1.3955276
     4   6 C      5   6 C                                 1.3772795
     5   6 C      6   6 C                                 1.3969315 (max)
     1   6 C      7   6 C                                 1.3768667
     6   6 C      7   6 C                                 1.3966787
     8   6 C      9   6 C                                 1.3285598
     1   6 C     10   1 H                                 1.0813613
     3   7 N     11   1 H                                 1.0068846 (min)
     3   7 N     12   1 H                                 1.0072193
     4   6 C     13   1 H                                 1.0811603
     5   6 C     14   1 H                                 1.0812849
     7   6 C     15   1 H                                 1.0791313
     8   6 C     16   1 H                                 1.0845824
     9   6 C     17   1 H                                 1.0770978
     9   6 C     18   1 H                                 1.0766342

 * 4 distinct bonds (by element types)

   Z      Z             #   av. dist./Å        max./Å        min./Å
   1 H    6 C           7     1.0801789     1.0845824     1.0766342
   6 C    6 C           7     1.3811722     1.3969315     1.3285598
   1 H    7 N           2     1.0070519     1.0072193     1.0068846
   6 C    7 N           1     1.3788598     1.3788598     1.3788598


optimized geometry written to: xtbopt.xyz


           -------------------------------------------------
          | TOTAL ENERGY              -24.596389293442 Eh   |
          | GRADIENT NORM               0.000897803675 Eh/α |
          | HOMO-LUMO GAP               3.209909257878 eV   |
           -------------------------------------------------

------------------------------------------------------------------------
 * finished run on 2021/05/19 at 10:59:12.279     
------------------------------------------------------------------------
 total:
 * wall-time:     0 d,  0 h,  0 min,  0.341 sec
 *  cpu-time:     0 d,  0 h,  0 min,  0.339 sec
 * ratio c/w:     0.996 speedup
 SCF:
 * wall-time:     0 d,  0 h,  0 min,  0.020 sec
 *  cpu-time:     0 d,  0 h,  0 min,  0.020 sec
 * ratio c/w:     0.997 speedup
 ANC optimizer:
 * wall-time:     0 d,  0 h,  0 min,  0.305 sec
 *  cpu-time:     0 d,  0 h,  0 min,  0.304 sec
 * ratio c/w:     0.998 speedup

