      -----------------------------------------------------------      
     |                   =====================                   |     
     |                           x T B                           |     
     |                   =====================                   |     
     |                         S. Grimme                         |     
     |          Mulliken Center for Theoretical Chemistry        |     
     |                    University of Bonn                     |     
     |                Version 6.2 RC2 (SAW190805)                |     
      -----------------------------------------------------------      

   This program is distributed in the hope that it will be useful,
   but WITHOUT ANY WARRANTY; without even the implied warranty of
   MERCHANTABILITY or FITNESS FOR A PARTICULAR PURPOSE.
   
   FOR NON-COMMERCIAL, ACADEMIA USE ONLY.
   
   Cite this work as:
   * S. Grimme, C. Bannwarth, P. Shushkov, J. Chem. Theory Comput., 2017,
     13, 1989-2009. DOI: 10.1021/acs.jctc.7b00118
   * C. Bannwarth, S. Ehlert and S. Grimme., J. Chem. Theory Comput., 2019,
     15, 1652-1671. DOI: 10.1021/acs.jctc.8b01176
   * P. Pracht, E. Caldeweyher, S. Ehlert, S. Grimme, ChemRxiv, 2019, preprint.
     DOI: 10.26434/chemrxiv.8326202.v1
   
   for DFT-D4:
   * E. Caldeweyher, C. Bannwarth and S. Grimme, J. Chem. Phys., 2017,
     147, 034112. DOI: 10.1063/1.4993215
   * E. Caldeweyher, S. Ehlert, A. Hansen, H. Neugebauer, S. Spicher,
     C. Bannwarth and S. Grimme, J. Chem. Phys., 2019, 150, 154122.
     DOI: 10.1063/1.5090222
   
   for sTDA-xTB:
   * S. Grimme and C. Bannwarth, J. Chem. Phys., 2016, 145, 054103.
     DOI: 10.1063/1.4959605
   
   in the mass-spec context:
   * V. Asgeirsson, C. Bauer and S. Grimme, Chem. Sci., 2017, 8, 4879.
     DOI: 10.1039/c7sc00601b
   
   for metadynamics refer to:
   * S. Grimme, J. Chem. Theory Comput., 2019, 155, 2847-2862
     DOI: 10.1021/acs.jctc.9b00143
   
   with help from (in alphabetical order)
   C. Bannwarth, F. Bohle, G. Brandenburg, E. Caldeweyher, M. Checinski,
   S. Dohm, S. Ehlert, S. Ehrlich, F. März, H. Neugebauer, J. Pisarek,
   P. Pracht, P. Shushkov, and S. Spicher.
   
 * started run on 2021/05/19 at 10:59:37.899     

           -------------------------------------------------
          |                Calculation Setup                |
           -------------------------------------------------

          program call               : /ihome/ghutchison/geoffh/xtb/xtb 548.xyz -opt
          hostname                   : smp-n144
          coordinate file            : 548.xyz
          omp threads                :                     1
          number of atoms            :                    12
          number of electrons        :                    42
          charge                     :                     0
          spin                       :                   0.0
          first test random number   :      0.51656530839766


########################################################################
# WARNING! Please study the warnings concerning your input carefully
#  - the use of '-opt' is discouraged, please use '--opt' next time
########################################################################

           ------------------------------------------------- 
          |                 G F N 2 - x T B                 |
          | Geometry, Frequencies, Noncovalent interactions |
          |            JCTC 2019 parametrisation            |
           ------------------------------------------------- 
             KAB for C  - Si     :                1.0500
             KAB for H  - Pd     :                0.9500
             k(s)              :                1.8500
             k(p)              :                2.2300
             k(d)              :                2.2300
             k(f)              :                2.0000
             kEN (H0ij)        :               -2.0000
             D4 a1             :                0.5200
             D4 a2             :                5.0000
             D4 s6             :                1.0000
             D4 s8             :                2.7000
             D4 s9             :                5.0000
             alphaj            :                2.0000

  Z AO/shell   Hii/eV     exponent
  1     Wed Apr 25 08:07:45 CEST 2018   EN: 2.200 GM2: 0.406  GM3: 0.0800  RAES: 1.40
     1s    -10.707211    1.230000
  6     Wed Apr 25 08:07:45 CEST 2018   EN: 2.550 GM2: 0.538  GM3: 0.1500  RAES: 3.00
     2s    -13.970922    2.096432
     2p    -10.063292    1.800000
  8     Wed Apr 25 08:07:45 CEST 2018   EN: 3.440 GM2: 0.452  GM3:-0.0517  RAES: 1.80
     2s    -20.229985    2.439742
     2p    -15.503117    2.137023
 16     Tue Apr 24 11:44:34 CEST 2018   EN: 2.580 GM2: 0.340  GM3:-0.0502  RAES: 3.10
     3s    -20.029654    1.981333
     3p    -11.377694    2.025643
     3d     -0.420282    1.702555

           ------------------------------------------------- 
          |        Self-Consistent Charge Iterations        |
           ------------------------------------------------- 

          ...................................................
          :                      SETUP                      :
          :.................................................:
          :  # basis functions                  42          :
          :  # atomic orbitals                  41          :
          :  # shells                           21          :
          :  # electrons                        42          :
          :  max. iterations                   250          :
          :  Hamiltonian                  GFN2-xTB          :
          :  restarted?                      false          :
          :  GBSA solvation                  false          :
          :  PC potential                    false          :
          :  electronic temp.          300.0000000     K    :
          :  accuracy                    1.0000000          :
          :  -> integral cutoff          0.2500000E+02      :
          :  -> integral neglect         0.1000000E-07      :
          :  -> SCF convergence          0.1000000E-05 Eh   :
          :  -> wf. convergence          0.1000000E-03 e    :
          :  Broyden damping             0.4000000          :
          ...................................................

 iter      E             dE          RMSdq      gap      omega  full diag
   1    -24.3176069 -0.243176E+02  0.510E+00    3.50       0.0  T
   2    -24.3349465 -0.173396E-01  0.277E+00    3.58       1.0  T
   3    -24.3303431  0.460338E-02  0.112E+00    3.41       1.0  T
   4    -24.3362455 -0.590240E-02  0.484E-01    3.59       1.0  T
   5    -24.3375428 -0.129727E-02  0.157E-01    3.54       1.0  T
   6    -24.3375581 -0.153442E-04  0.318E-02    3.53       1.0  T
   7    -24.3375590 -0.884032E-06  0.140E-02    3.53       2.1  T
   8    -24.3375591 -0.140407E-06  0.261E-03    3.53      11.1  T
   9    -24.3375591 -0.805289E-08  0.176E-03    3.53      16.4  T
  10    -24.3375591 -0.194957E-07  0.602E-04    3.53      48.0  T
  11    -24.3375592 -0.105231E-08  0.243E-04    3.53     118.9  T

   *** convergence criteria satisfied after 11 iterations ***

         #    Occupation            Energy/Eh            Energy/eV
      -------------------------------------------------------------
         1        2.0000           -0.7566931             -20.5907
       ...           ...                  ...                  ...
        15        2.0000           -0.5178614             -14.0917
        16        2.0000           -0.4845226             -13.1845
        17        2.0000           -0.4746029             -12.9146
        18        2.0000           -0.4688687             -12.7586
        19        2.0000           -0.4501360             -12.2488
        20        2.0000           -0.3937300             -10.7139
        21        2.0000           -0.3796734             -10.3314 (HOMO)
        22                         -0.2498228              -6.7980 (LUMO)
        23                         -0.2168859              -5.9018
        24                         -0.1543391              -4.1998
        25                         -0.1312702              -3.5720
        26                         -0.0423121              -1.1514
       ...                                ...                  ...
        41                          0.7223555              19.6563
      -------------------------------------------------------------
                  HL-Gap            0.1298506 Eh            3.5334 eV
             Fermi-level           -0.3147481 Eh           -8.5647 eV

 SCC (total)                   0 d,  0 h,  0 min,  0.016 sec
 SCC setup                      ...        0 min,  0.000 sec (  1.192%)
 Dispersion                     ...        0 min,  0.000 sec (  0.662%)
 integral evaluation            ...        0 min,  0.003 sec ( 21.397%)
 zeroth order Hamiltonian       ...        0 min,  0.000 sec (  0.532%)
 iterations                     ...        0 min,  0.006 sec ( 39.977%)
 molecular gradient             ...        0 min,  0.006 sec ( 34.009%)
 printout                       ...        0 min,  0.000 sec (  1.916%)

         :::::::::::::::::::::::::::::::::::::::::::::::::::::
         ::                     SUMMARY                     ::
         :::::::::::::::::::::::::::::::::::::::::::::::::::::
         :: total energy             -24.091231655225 Eh    ::
         :: gradient norm              0.096252685681 Eh/a0 ::
         :: HOMO-LUMO gap              3.533415422059 eV    ::
         ::.................................................::
         :: SCC energy               -24.337559150735 Eh    ::
         :: -> isotropic ES            0.030554710813 Eh    ::
         :: -> anisotropic ES          0.001002696147 Eh    ::
         :: -> anisotropic XC          0.001785092363 Eh    ::
         :: -> dispersion             -0.010112058069 Eh    ::
         :: repulsion energy           0.246316539004 Eh    ::
         :: add. restraining           0.000000000000 Eh    ::
         :::::::::::::::::::::::::::::::::::::::::::::::::::::

      ----------------------------------------------------------- 
     |                   =====================                   |
     |                        A N C O P T                        |
     |                   =====================                   |
     |               Approximate Normal Coordinate               |
     |                Rational Function Optimizer                |
      ----------------------------------------------------------- 

          ...................................................
          :                      SETUP                      :
          :.................................................:
          :   optimization level            normal          :
          :   max. optcycles                   200          :
          :   ANC micro-cycles                  20          :
          :   degrees of freedom                30          :
          :.................................................:
          :   RF solver                   davidson          :
          :   input Hessian                  false          :
          :   write xtbopt.log                true          :
          :   linear?                        false          :
          :   energy convergence         0.5000000E-05 Eh   :
          :   grad. convergence          0.1000000E-02 Eh/α :
          :   maximium RF displ.         2.0000000          :
          :   Hlow (freq-cutoff)         0.5000000E-02      :
          :   Hmax (freq-cutoff)         5.0000000          :
          :   S6 in model hess.         20.0000000          :
          ...................................................

generating ANC from model Hessian ...
Using Lindh-Hessian (1995)
 Shifting diagonal of input Hessian by   0.000000000000000E+000
 Lowest  eigenvalues of input Hessian
   -0.000000   -0.000000   -0.000000    0.000000    0.000000    0.000000
    0.013495    0.018247    0.019532    0.052795    0.053813    0.067076
    0.078351    0.112244    0.112272    0.128013    0.152819    0.161372
 Highest eigenvalues
    1.333863    1.351176    1.564565    1.949577    2.064802    2.280077
 

........................................................................
.............................. CYCLE    1 ..............................
........................................................................
   1    -24.3375592 -0.243376E+02  0.980E-05    3.53       0.0  T
   2    -24.3375592 -0.141007E-10  0.579E-05    3.53     498.6  T
   3    -24.3375592  0.213163E-13  0.357E-05    3.53     807.8  T
     SCC iter.                  ...        0 min,  0.002 sec
     gradient                   ...        0 min,  0.005 sec
 * total energy  :   -24.0912316 Eh     change        0.8791481E-08 Eh
   gradient norm :     0.0962534 Eh/α   predicted     0.0000000E+00 (-100.00%)
   displ. norm   :     0.1383904 α      lambda       -0.9117914E-02
   maximum displ.:     0.0804224 α      in ANC's #6, #14, #19, ...

........................................................................
.............................. CYCLE    2 ..............................
........................................................................
   1    -24.3441616 -0.243442E+02  0.265E-01    3.57       0.0  T
   2    -24.3442700 -0.108405E-03  0.176E-01    3.53       1.0  T
   3    -24.3443379 -0.678330E-04  0.965E-02    3.55       1.0  T
   4    -24.3443688 -0.309491E-04  0.250E-02    3.54       1.2  T
   5    -24.3443699 -0.111885E-05  0.103E-02    3.54       2.8  T
   6    -24.3443701 -0.148813E-06  0.372E-03    3.54       7.8  T
   7    -24.3443701 -0.115964E-07  0.180E-03    3.54      16.1  T
     SCC iter.                  ...        0 min,  0.004 sec
     gradient                   ...        0 min,  0.005 sec
 * total energy  :   -24.0976427 Eh     change       -0.6411088E-02 Eh
   gradient norm :     0.0483263 Eh/α   predicted    -0.4646271E-02 ( -27.53%)
   displ. norm   :     0.0867059 α      lambda       -0.3280740E-02
   maximum displ.:     0.0458082 α      in ANC's #19, #24, #6, ...

........................................................................
.............................. CYCLE    3 ..............................
........................................................................
   1    -24.3468482 -0.243468E+02  0.193E-01    3.57       0.0  T
   2    -24.3469022 -0.540632E-04  0.118E-01    3.54       1.0  T
   3    -24.3469169 -0.146925E-04  0.684E-02    3.56       1.0  T
   4    -24.3469386 -0.216839E-04  0.182E-02    3.55       1.6  T
   5    -24.3469394 -0.809863E-06  0.848E-03    3.55       3.4  T
   6    -24.3469395 -0.107140E-06  0.271E-03    3.55      10.7  T
   7    -24.3469395 -0.366155E-08  0.981E-04    3.55      29.4  T
     SCC iter.                  ...        0 min,  0.003 sec
     gradient                   ...        0 min,  0.005 sec
 * total energy  :   -24.0993612 Eh     change       -0.1718497E-02 Eh
   gradient norm :     0.0103848 Eh/α   predicted    -0.1652703E-02 (  -3.83%)
   displ. norm   :     0.0173344 α      lambda       -0.1095567E-03
   maximum displ.:     0.0120921 α      in ANC's #6, #24, #14, ...

........................................................................
.............................. CYCLE    4 ..............................
........................................................................
   1    -24.3459249 -0.243459E+02  0.347E-02    3.55       0.0  T
   2    -24.3459272 -0.222070E-05  0.187E-02    3.55       1.5  T
   3    -24.3459274 -0.250836E-06  0.106E-02    3.55       2.7  T
   4    -24.3459280 -0.566374E-06  0.473E-03    3.55       6.1  T
   5    -24.3459280 -0.621671E-07  0.958E-04    3.55      30.1  T
   6    -24.3459280 -0.696701E-09  0.229E-04    3.55     126.1  T
     SCC iter.                  ...        0 min,  0.003 sec
     gradient                   ...        0 min,  0.005 sec
 * total energy  :   -24.0994362 Eh     change       -0.7497410E-04 Eh
   gradient norm :     0.0044388 Eh/α   predicted    -0.5479545E-04 ( -26.91%)
   displ. norm   :     0.0111640 α      lambda       -0.3047729E-04
   maximum displ.:     0.0070904 α      in ANC's #6, #21, #14, ...

........................................................................
.............................. CYCLE    5 ..............................
........................................................................
   1    -24.3454220 -0.243454E+02  0.290E-02    3.55       0.0  T
   2    -24.3454240 -0.200324E-05  0.169E-02    3.56       1.7  T
   3    -24.3454252 -0.122207E-05  0.843E-03    3.56       3.4  T
   4    -24.3454255 -0.272359E-06  0.356E-03    3.56       8.1  T
   5    -24.3454255 -0.241298E-07  0.781E-04    3.56      37.0  T
   6    -24.3454255 -0.543821E-09  0.195E-04    3.56     148.0  T
     SCC iter.                  ...        0 min,  0.003 sec
     gradient                   ...        0 min,  0.005 sec
 * total energy  :   -24.0994524 Eh     change       -0.1615863E-04 Eh
   gradient norm :     0.0010693 Eh/α   predicted    -0.1524172E-04 (  -5.67%)
   displ. norm   :     0.0066343 α      lambda       -0.1455486E-05
   maximum displ.:     0.0047334 α      in ANC's #3, #1, #9, ...

........................................................................
.............................. CYCLE    6 ..............................
........................................................................
   1    -24.3455156 -0.243455E+02  0.221E-02    3.56       0.0  T
   2    -24.3455159 -0.303551E-06  0.110E-02    3.56       2.6  T
   3    -24.3455158  0.117933E-06  0.671E-03    3.56       4.3  T
   4    -24.3455162 -0.374753E-06  0.138E-03    3.56      20.9  T
   5    -24.3455162 -0.229315E-08  0.491E-04    3.56      58.8  T
   6    -24.3455162 -0.527507E-10  0.883E-05    3.56     326.9  T
     SCC iter.                  ...        0 min,  0.003 sec
     gradient                   ...        0 min,  0.005 sec
 * total energy  :   -24.0994533 Eh     change       -0.9347832E-06 Eh
   gradient norm :     0.0004171 Eh/α   predicted    -0.7280276E-06 ( -22.12%)
   displ. norm   :     0.0048126 α      lambda       -0.5865386E-06
   maximum displ.:     0.0037517 α      in ANC's #3, #5, #1, ...

   *** GEOMETRY OPTIMIZATION CONVERGED AFTER 6 ITERATIONS ***

------------------------------------------------------------------------
 total energy gain   :        -0.0082216 Eh       -5.1592 kcal/mol
 total RMSD          :         0.0659739 a0        0.0349 Å
 total power (kW/mol):        -3.5976537 (step) -283.7459 (real)
------------------------------------------------------------------------

 ANCopt (total)                0 d,  0 h,  0 min,  0.076 sec
 optimizer setup                ...        0 min,  0.000 sec (  0.193%)
 model hessian                  ...        0 min,  0.001 sec (  1.292%)
 ANC generation                 ...        0 min,  0.000 sec (  0.447%)
 coordinate transformation      ...        0 min,  0.000 sec (  0.090%)
 single point calculation       ...        0 min,  0.073 sec ( 95.989%)
 optimization log               ...        0 min,  0.000 sec (  0.628%)
 hessian update                 ...        0 min,  0.000 sec (  0.083%)
 rational function              ...        0 min,  0.001 sec (  0.724%)

================
 final structure:
================
$coord
   -2.29574677367993   -2.33686070322360    0.00651060635577      C 
   -4.53226524382514    0.06611542774127    0.01469686886978      S 
   -2.26005303839172    2.43531389479044    0.00128253529789      C 
    0.05689956678826    1.37676104774273   -0.00510866633011      C 
    0.03679350855396   -1.31312375466231   -0.00215937290596      C 
    2.46260380591738   -2.18240052474674   -0.00824895278623      O 
    4.00640672044812    0.00219801165861   -0.02346677794126      C 
    2.49545183697308    2.20966045365619   -0.01306474269567      O 
   -2.87374429138954   -4.27229531787768    0.01044425808183      H 
   -2.80892588377562    4.37921451574414    0.00096564596679      H 
    5.19716706102311   -0.00858173116366   -1.73055328041763      H 
    5.22655621473448   -0.00507921087490    1.66217132728648      H 
$end
           -------------------------------------------------
          |                Final Singlepoint                |
           -------------------------------------------------

          ...................................................
          :                      SETUP                      :
          :.................................................:
          :  # basis functions                  42          :
          :  # atomic orbitals                  41          :
          :  # shells                           21          :
          :  # electrons                        42          :
          :  max. iterations                   250          :
          :  Hamiltonian                  GFN2-xTB          :
          :  restarted?                      false          :
          :  GBSA solvation                  false          :
          :  PC potential                    false          :
          :  electronic temp.          300.0000000     K    :
          :  accuracy                    1.0000000          :
          :  -> integral cutoff          0.2500000E+02      :
          :  -> integral neglect         0.1000000E-07      :
          :  -> SCF convergence          0.1000000E-05 Eh   :
          :  -> wf. convergence          0.1000000E-03 e    :
          :  Broyden damping             0.4000000          :
          ...................................................

 iter      E             dE          RMSdq      gap      omega  full diag
   1    -24.3455162 -0.243455E+02  0.487E-05    3.56       0.0  T
   2    -24.3455162 -0.204636E-11  0.295E-05    3.56     978.0  T
   3    -24.3455162 -0.807887E-11  0.160E-05    3.56    1803.7  T

   *** convergence criteria satisfied after 3 iterations ***

         #    Occupation            Energy/Eh            Energy/eV
      -------------------------------------------------------------
         1        2.0000           -0.7564661             -20.5845
       ...           ...                  ...                  ...
        15        2.0000           -0.5145394             -14.0013
        16        2.0000           -0.4877745             -13.2730
        17        2.0000           -0.4754770             -12.9384
        18        2.0000           -0.4710004             -12.8166
        19        2.0000           -0.4477056             -12.1827
        20        2.0000           -0.4008591             -10.9079
        21        2.0000           -0.3788802             -10.3099 (HOMO)
        22                         -0.2481516              -6.7525 (LUMO)
        23                         -0.2214844              -6.0269
        24                         -0.1665657              -4.5325
        25                         -0.1326154              -3.6086
        26                         -0.0143078              -0.3893
       ...                                ...                  ...
        41                          0.7312042              19.8971
      -------------------------------------------------------------
                  HL-Gap            0.1307286 Eh            3.5573 eV
             Fermi-level           -0.3135159 Eh           -8.5312 eV

 SCC (total)                   0 d,  0 h,  0 min,  0.011 sec
 SCC setup                      ...        0 min,  0.000 sec (  1.045%)
 Dispersion                     ...        0 min,  0.000 sec (  0.484%)
 integral evaluation            ...        0 min,  0.003 sec ( 30.490%)
 zeroth order Hamiltonian       ...        0 min,  0.000 sec (  0.607%)
 iterations                     ...        0 min,  0.002 sec ( 17.125%)
 molecular gradient             ...        0 min,  0.005 sec ( 47.810%)
 printout                       ...        0 min,  0.000 sec (  2.054%)

         :::::::::::::::::::::::::::::::::::::::::::::::::::::
         ::                     SUMMARY                     ::
         :::::::::::::::::::::::::::::::::::::::::::::::::::::
         :: total energy             -24.099453296064 Eh    ::
         :: gradient norm              0.000416979556 Eh/a0 ::
         :: HOMO-LUMO gap              3.557305774069 eV    ::
         ::.................................................::
         :: SCC energy               -24.345516172261 Eh    ::
         :: -> isotropic ES            0.030673342031 Eh    ::
         :: -> anisotropic ES          0.000251450968 Eh    ::
         :: -> anisotropic XC          0.000563005483 Eh    ::
         :: -> dispersion             -0.010146876529 Eh    ::
         :: repulsion energy           0.246052035213 Eh    ::
         :: add. restraining           0.000000000000 Eh    ::
         :::::::::::::::::::::::::::::::::::::::::::::::::::::

           -------------------------------------------------
          |                Property Printout                |
           -------------------------------------------------

    * Orbital Energies and Occupations

         #    Occupation            Energy/Eh            Energy/eV
      -------------------------------------------------------------
         1        2.0000           -0.7564661             -20.5845
       ...           ...                  ...                  ...
         9        2.0000           -0.6080302             -16.5453
        10        2.0000           -0.5593385             -15.2204
        11        2.0000           -0.5555651             -15.1177
        12        2.0000           -0.5389612             -14.6659
        13        2.0000           -0.5289734             -14.3941
        14        2.0000           -0.5250217             -14.2866
        15        2.0000           -0.5145394             -14.0013
        16        2.0000           -0.4877745             -13.2730
        17        2.0000           -0.4754770             -12.9384
        18        2.0000           -0.4710004             -12.8166
        19        2.0000           -0.4477056             -12.1827
        20        2.0000           -0.4008591             -10.9079
        21        2.0000           -0.3788802             -10.3099 (HOMO)
        22                         -0.2481516              -6.7525 (LUMO)
        23                         -0.2214844              -6.0269
        24                         -0.1665657              -4.5325
        25                         -0.1326154              -3.6086
        26                         -0.0143078              -0.3893
        27                         -0.0019841              -0.0540
        28                          0.0187654               0.5106
        29                          0.0297827               0.8104
        30                          0.0436604               1.1881
        31                          0.0807451               2.1972
        32                          0.1203566               3.2751
       ...                                ...                  ...
        41                          0.7312042              19.8971
      -------------------------------------------------------------
                  HL-Gap            0.1307286 Eh            3.5573 eV
             Fermi-level           -0.3135159 Eh           -8.5312 eV

     #   Z        covCN         q      C6AA      α(0)
     1   6 C      2.925    -0.061    29.504     8.908
     2  16 S      2.394    -0.017   141.750    20.038
     3   6 C      2.925    -0.060    29.504     8.908
     4   6 C      3.210     0.118    24.832     8.112
     5   6 C      3.210     0.118    24.832     8.112
     6   8 O      1.708    -0.279    18.624     5.827
     7   6 C      3.799     0.222    17.139     5.895
     8   8 O      1.708    -0.279    18.624     5.827
     9   1 H      0.927     0.067     2.117     2.275
    10   1 H      0.927     0.067     2.117     2.275
    11   1 H      0.923     0.051     2.304     2.374
    12   1 H      0.923     0.052     2.298     2.371

 Mol. C6AA /au·bohr⁶  :       2630.323520
 Mol. C8AA /au·bohr⁸  :      76295.362996
 Mol. α(0) /au        :         80.921344


Wiberg/Mayer (AO) data.
largest (>0.10) Wiberg bond orders for each atom
          total WBO             WBO to atom ...
     1  C   3.935        C    5 1.591    S    2 1.151    H    9 0.968    C    3 0.105
     2  S   2.565        C    3 1.151    C    1 1.151
     3  C   3.935        C    4 1.591    S    2 1.151    H   10 0.968    C    1 0.105
     4  C   3.925        C    3 1.591    C    5 1.156    O    8 1.029
     5  C   3.925        C    1 1.591    C    4 1.156    O    6 1.029
     6  O   2.206        C    5 1.029    C    7 0.977
     7  C   3.918        O    8 0.977    O    6 0.977    H   12 0.961    H   11 0.961
     8  O   2.206        C    4 1.029    C    7 0.977
     9  H   0.995        C    1 0.968
    10  H   0.995        C    3 0.968
    11  H   0.997        C    7 0.961
    12  H   0.997        C    7 0.961

molecular dipole:
                 x           y           z       tot (Debye)
 q only:        0.028      -0.000      -0.003
   full:        0.513      -0.004      -0.005       1.303
molecular quadrupole (traceless):
                xx          xy          yy          xz          yz          zz
 q only:        3.126      -0.038      -2.114      -0.027       0.001      -1.011
  q+dip:       -0.750       0.025      -0.738      -0.004       0.002       1.488
   full:       -0.636       0.026      -0.490      -0.010       0.002       1.127

           -------------------------------------------------
          |                Geometry Summary                 |
           -------------------------------------------------

      molecular mass/u    :      128.1454000
   center of mass at/Å    :       -0.2753283       0.0190910      -0.0008375
  moments of inertia/u·Å² :        0.1058728E+03   0.3402149E+03   0.4428384E+03
rotational constants/cm⁻¹ :        0.1592253E+00   0.4954995E-01   0.3806723E-01

 * 13 selected distances

     #   Z        #   Z                                     value/Å
     1   6 C      2  16 S                                 1.7371509 (max)
     2  16 S      3   6 C                                 1.7371391
     3   6 C      4   6 C                                 1.3479844
     1   6 C      5   6 C                                 1.3479856
     4   6 C      5   6 C                                 1.4234665
     5   6 C      6   8 O                                 1.3636185
     6   8 O      7   6 C                                 1.4155892
     4   6 C      8   8 O                                 1.3636275
     7   6 C      8   8 O                                 1.4155846
     1   6 C      9   1 H                                 1.0688862 (min)
     3   6 C     10   1 H                                 1.0688871
     7   6 C     11   1 H                                 1.1014225
     7   6 C     12   1 H                                 1.1011712

 * 4 distinct bonds (by element types)

   Z      Z             #   av. dist./Å        max./Å        min./Å
   1 H    6 C           4     1.0850917     1.1014225     1.0688862
   6 C    6 C           3     1.3731455     1.4234665     1.3479844
   6 C    8 O           4     1.3896050     1.4155892     1.3636185
   6 C   16 S           2     1.7371450     1.7371509     1.7371391


optimized geometry written to: xtbopt.xyz


           -------------------------------------------------
          | TOTAL ENERGY              -24.099453296064 Eh   |
          | GRADIENT NORM               0.000416979556 Eh/α |
          | HOMO-LUMO GAP               3.557305774069 eV   |
           -------------------------------------------------

------------------------------------------------------------------------
 * finished run on 2021/05/19 at 10:59:38.019     
------------------------------------------------------------------------
 total:
 * wall-time:     0 d,  0 h,  0 min,  0.120 sec
 *  cpu-time:     0 d,  0 h,  0 min,  0.119 sec
 * ratio c/w:     0.989 speedup
 SCF:
 * wall-time:     0 d,  0 h,  0 min,  0.016 sec
 *  cpu-time:     0 d,  0 h,  0 min,  0.016 sec
 * ratio c/w:     0.997 speedup
 ANC optimizer:
 * wall-time:     0 d,  0 h,  0 min,  0.088 sec
 *  cpu-time:     0 d,  0 h,  0 min,  0.088 sec
 * ratio c/w:     0.998 speedup

