      -----------------------------------------------------------      
     |                   =====================                   |     
     |                           x T B                           |     
     |                   =====================                   |     
     |                         S. Grimme                         |     
     |          Mulliken Center for Theoretical Chemistry        |     
     |                    University of Bonn                     |     
     |                Version 6.2 RC2 (SAW190805)                |     
      -----------------------------------------------------------      

   This program is distributed in the hope that it will be useful,
   but WITHOUT ANY WARRANTY; without even the implied warranty of
   MERCHANTABILITY or FITNESS FOR A PARTICULAR PURPOSE.
   
   FOR NON-COMMERCIAL, ACADEMIA USE ONLY.
   
   Cite this work as:
   * S. Grimme, C. Bannwarth, P. Shushkov, J. Chem. Theory Comput., 2017,
     13, 1989-2009. DOI: 10.1021/acs.jctc.7b00118
   * C. Bannwarth, S. Ehlert and S. Grimme., J. Chem. Theory Comput., 2019,
     15, 1652-1671. DOI: 10.1021/acs.jctc.8b01176
   * P. Pracht, E. Caldeweyher, S. Ehlert, S. Grimme, ChemRxiv, 2019, preprint.
     DOI: 10.26434/chemrxiv.8326202.v1
   
   for DFT-D4:
   * E. Caldeweyher, C. Bannwarth and S. Grimme, J. Chem. Phys., 2017,
     147, 034112. DOI: 10.1063/1.4993215
   * E. Caldeweyher, S. Ehlert, A. Hansen, H. Neugebauer, S. Spicher,
     C. Bannwarth and S. Grimme, J. Chem. Phys., 2019, 150, 154122.
     DOI: 10.1063/1.5090222
   
   for sTDA-xTB:
   * S. Grimme and C. Bannwarth, J. Chem. Phys., 2016, 145, 054103.
     DOI: 10.1063/1.4959605
   
   in the mass-spec context:
   * V. Asgeirsson, C. Bauer and S. Grimme, Chem. Sci., 2017, 8, 4879.
     DOI: 10.1039/c7sc00601b
   
   for metadynamics refer to:
   * S. Grimme, J. Chem. Theory Comput., 2019, 155, 2847-2862
     DOI: 10.1021/acs.jctc.9b00143
   
   with help from (in alphabetical order)
   C. Bannwarth, F. Bohle, G. Brandenburg, E. Caldeweyher, M. Checinski,
   S. Dohm, S. Ehlert, S. Ehrlich, F. März, H. Neugebauer, J. Pisarek,
   P. Pracht, P. Shushkov, and S. Spicher.
   
 * started run on 2021/05/19 at 10:59:38.038     

           -------------------------------------------------
          |                Calculation Setup                |
           -------------------------------------------------

          program call               : /ihome/ghutchison/geoffh/xtb/xtb 549.xyz -opt
          hostname                   : smp-n144
          coordinate file            : 549.xyz
          omp threads                :                     1
          number of atoms            :                    13
          number of electrons        :                    40
          charge                     :                     0
          spin                       :                   0.0
          first test random number   :      0.51656530839766


########################################################################
# WARNING! Please study the warnings concerning your input carefully
#  - the use of '-opt' is discouraged, please use '--opt' next time
########################################################################

           ------------------------------------------------- 
          |                 G F N 2 - x T B                 |
          | Geometry, Frequencies, Noncovalent interactions |
          |            JCTC 2019 parametrisation            |
           ------------------------------------------------- 
             KAB for C  - Si     :                1.0500
             KAB for H  - Pd     :                0.9500
             k(s)              :                1.8500
             k(p)              :                2.2300
             k(d)              :                2.2300
             k(f)              :                2.0000
             kEN (H0ij)        :               -2.0000
             D4 a1             :                0.5200
             D4 a2             :                5.0000
             D4 s6             :                1.0000
             D4 s8             :                2.7000
             D4 s9             :                5.0000
             alphaj            :                2.0000

  Z AO/shell   Hii/eV     exponent
  1     Wed Apr 25 08:07:45 CEST 2018   EN: 2.200 GM2: 0.406  GM3: 0.0800  RAES: 1.40
     1s    -10.707211    1.230000
  6     Wed Apr 25 08:07:45 CEST 2018   EN: 2.550 GM2: 0.538  GM3: 0.1500  RAES: 3.00
     2s    -13.970922    2.096432
     2p    -10.063292    1.800000
  7     Wed Apr 25 08:07:45 CEST 2018   EN: 3.040 GM2: 0.461  GM3:-0.0640  RAES: 1.90
     2s    -16.686243    2.339881
     2p    -12.523956    2.014332
 16     Tue Apr 24 11:44:34 CEST 2018   EN: 2.580 GM2: 0.340  GM3:-0.0502  RAES: 3.10
     3s    -20.029654    1.981333
     3p    -11.377694    2.025643
     3d     -0.420282    1.702555

           ------------------------------------------------- 
          |        Self-Consistent Charge Iterations        |
           ------------------------------------------------- 

          ...................................................
          :                      SETUP                      :
          :.................................................:
          :  # basis functions                  43          :
          :  # atomic orbitals                  42          :
          :  # shells                           22          :
          :  # electrons                        40          :
          :  max. iterations                   250          :
          :  Hamiltonian                  GFN2-xTB          :
          :  restarted?                      false          :
          :  GBSA solvation                  false          :
          :  PC potential                    false          :
          :  electronic temp.          300.0000000     K    :
          :  accuracy                    1.0000000          :
          :  -> integral cutoff          0.2500000E+02      :
          :  -> integral neglect         0.1000000E-07      :
          :  -> SCF convergence          0.1000000E-05 Eh   :
          :  -> wf. convergence          0.1000000E-03 e    :
          :  Broyden damping             0.4000000          :
          ...................................................

 iter      E             dE          RMSdq      gap      omega  full diag
   1    -21.8095567 -0.218096E+02  0.441E+00    3.56       0.0  T
   2    -21.8578649 -0.483083E-01  0.278E+00    3.44       1.0  T
   3    -21.8641012 -0.623624E-02  0.156E+00    3.57       1.0  T
   4    -21.8670700 -0.296887E-02  0.692E-01    3.46       1.0  T
   5    -21.8700702 -0.300019E-02  0.182E-01    3.49       1.0  T
   6    -21.8700999 -0.296725E-04  0.105E-01    3.49       1.0  T
   7    -21.8701760 -0.761080E-04  0.289E-02    3.49       1.0  T
   8    -21.8701794 -0.336865E-05  0.138E-02    3.49       2.0  T
   9    -21.8701796 -0.174291E-06  0.720E-03    3.49       3.9  T
  10    -21.8701797 -0.164545E-06  0.200E-03    3.49      13.9  T
  11    -21.8701797 -0.180567E-07  0.100E-03    3.49      27.7  T
  12    -21.8701797 -0.179460E-08  0.265E-04    3.49     104.6  T
  13    -21.8701797 -0.101629E-09  0.105E-04    3.49     264.2  T

   *** convergence criteria satisfied after 13 iterations ***

         #    Occupation            Energy/Eh            Energy/eV
      -------------------------------------------------------------
         1        2.0000           -0.7170779             -19.5127
       ...           ...                  ...                  ...
        14        2.0000           -0.4541044             -12.3568
        15        2.0000           -0.4514472             -12.2845
        16        2.0000           -0.4503914             -12.2558
        17        2.0000           -0.4417020             -12.0193
        18        2.0000           -0.4101047             -11.1595
        19        2.0000           -0.3744759             -10.1900
        20        2.0000           -0.3615723              -9.8389 (HOMO)
        21                         -0.2332472              -6.3470 (LUMO)
        22                         -0.1929697              -5.2510
        23                         -0.1723911              -4.6910
        24                         -0.1377385              -3.7481
        25                         -0.1120143              -3.0481
       ...                                ...                  ...
        42                          0.6853208              18.6485
      -------------------------------------------------------------
                  HL-Gap            0.1283251 Eh            3.4919 eV
             Fermi-level           -0.2974097 Eh           -8.0929 eV

 SCC (total)                   0 d,  0 h,  0 min,  0.018 sec
 SCC setup                      ...        0 min,  0.000 sec (  0.930%)
 Dispersion                     ...        0 min,  0.000 sec (  0.647%)
 integral evaluation            ...        0 min,  0.004 sec ( 20.919%)
 zeroth order Hamiltonian       ...        0 min,  0.000 sec (  0.436%)
 iterations                     ...        0 min,  0.008 sec ( 42.610%)
 molecular gradient             ...        0 min,  0.006 sec ( 32.621%)
 printout                       ...        0 min,  0.000 sec (  1.523%)

         :::::::::::::::::::::::::::::::::::::::::::::::::::::
         ::                     SUMMARY                     ::
         :::::::::::::::::::::::::::::::::::::::::::::::::::::
         :: total energy             -21.545883466371 Eh    ::
         :: gradient norm              0.055518794558 Eh/a0 ::
         :: HOMO-LUMO gap              3.491903637482 eV    ::
         ::.................................................::
         :: SCC energy               -21.870179745478 Eh    ::
         :: -> isotropic ES            0.004360112895 Eh    ::
         :: -> anisotropic ES          0.003214066441 Eh    ::
         :: -> anisotropic XC          0.010541464384 Eh    ::
         :: -> dispersion             -0.011987950859 Eh    ::
         :: repulsion energy           0.324284814189 Eh    ::
         :: add. restraining           0.000000000000 Eh    ::
         :::::::::::::::::::::::::::::::::::::::::::::::::::::

      ----------------------------------------------------------- 
     |                   =====================                   |
     |                        A N C O P T                        |
     |                   =====================                   |
     |               Approximate Normal Coordinate               |
     |                Rational Function Optimizer                |
      ----------------------------------------------------------- 

          ...................................................
          :                      SETUP                      :
          :.................................................:
          :   optimization level            normal          :
          :   max. optcycles                   200          :
          :   ANC micro-cycles                  20          :
          :   degrees of freedom                33          :
          :.................................................:
          :   RF solver                   davidson          :
          :   input Hessian                  false          :
          :   write xtbopt.log                true          :
          :   linear?                        false          :
          :   energy convergence         0.5000000E-05 Eh   :
          :   grad. convergence          0.1000000E-02 Eh/α :
          :   maximium RF displ.         2.0000000          :
          :   Hlow (freq-cutoff)         0.5000000E-02      :
          :   Hmax (freq-cutoff)         5.0000000          :
          :   S6 in model hess.         20.0000000          :
          ...................................................

generating ANC from model Hessian ...
Using Lindh-Hessian (1995)
 Shifting diagonal of input Hessian by   0.000000000000000E+000
 Lowest  eigenvalues of input Hessian
   -0.000000   -0.000000   -0.000000   -0.000000    0.000000    0.000000
    0.009842    0.010843    0.020927    0.033872    0.045059    0.050640
    0.077964    0.101546    0.101738    0.113835    0.117712    0.130972
 Highest eigenvalues
    1.668092    1.722389    1.862926    1.885864    2.048219    2.129378
 

........................................................................
.............................. CYCLE    1 ..............................
........................................................................
   1    -21.8701797 -0.218702E+02  0.340E-05    3.49       0.0  T
   2    -21.8701797 -0.389377E-11  0.150E-05    3.49    1853.8  T
   3    -21.8701797 -0.628830E-12  0.109E-05    3.49    2540.3  T
     SCC iter.                  ...        0 min,  0.002 sec
     gradient                   ...        0 min,  0.006 sec
 * total energy  :   -21.5458835 Eh     change        0.1412797E-08 Eh
   gradient norm :     0.0555181 Eh/α   predicted     0.0000000E+00 (-100.00%)
   displ. norm   :     0.0883170 α      lambda       -0.2994681E-02
   maximum displ.:     0.0498566 α      in ANC's #13, #10, #21, ...

........................................................................
.............................. CYCLE    2 ..............................
........................................................................
   1    -21.8826444 -0.218826E+02  0.140E-01    3.56       0.0  T
   2    -21.8826744 -0.299756E-04  0.761E-02    3.56       1.0  T
   3    -21.8826775 -0.306357E-05  0.419E-02    3.56       1.0  T
   4    -21.8826841 -0.665646E-05  0.130E-02    3.56       2.1  T
   5    -21.8826847 -0.566347E-06  0.606E-03    3.56       4.6  T
   6    -21.8826849 -0.185390E-06  0.278E-03    3.56      10.0  T
   7    -21.8826849 -0.276186E-07  0.120E-03    3.56      23.2  T
     SCC iter.                  ...        0 min,  0.004 sec
     gradient                   ...        0 min,  0.005 sec
 * total energy  :   -21.5478083 Eh     change       -0.1924806E-02 Eh
   gradient norm :     0.0205456 Eh/α   predicted    -0.1509019E-02 ( -21.60%)
   displ. norm   :     0.0365394 α      lambda       -0.4930074E-03
   maximum displ.:     0.0215584 α      in ANC's #13, #21, #17, ...

........................................................................
.............................. CYCLE    3 ..............................
........................................................................
   1    -21.8859391 -0.218859E+02  0.761E-02    3.57       0.0  T
   2    -21.8859501 -0.110183E-04  0.393E-02    3.57       1.0  T
   3    -21.8859518 -0.166861E-05  0.237E-02    3.57       1.2  T
   4    -21.8859540 -0.220907E-05  0.815E-03    3.57       3.4  T
   5    -21.8859543 -0.308168E-06  0.308E-03    3.57       9.0  T
   6    -21.8859544 -0.420846E-07  0.161E-03    3.57      17.2  T
     SCC iter.                  ...        0 min,  0.003 sec
     gradient                   ...        0 min,  0.006 sec
 * total energy  :   -21.5480935 Eh     change       -0.2851827E-03 Eh
   gradient norm :     0.0061260 Eh/α   predicted    -0.2468335E-03 ( -13.45%)
   displ. norm   :     0.0206175 α      lambda       -0.6168554E-04
   maximum displ.:     0.0110066 α      in ANC's #10, #1, #3, ...

........................................................................
.............................. CYCLE    4 ..............................
........................................................................
   1    -21.8852674 -0.218853E+02  0.410E-02    3.56       0.0  T
   2    -21.8852694 -0.199128E-05  0.208E-02    3.56       1.3  T
   3    -21.8852692  0.143053E-06  0.128E-02    3.56       2.2  T
   4    -21.8852703 -0.110468E-05  0.350E-03    3.56       7.9  T
   5    -21.8852704 -0.498087E-07  0.161E-03    3.56      17.2  T
   6    -21.8852704 -0.831056E-08  0.765E-04    3.56      36.3  T
     SCC iter.                  ...        0 min,  0.003 sec
     gradient                   ...        0 min,  0.005 sec
 * total energy  :   -21.5481331 Eh     change       -0.3965722E-04 Eh
   gradient norm :     0.0029083 Eh/α   predicted    -0.3085728E-04 ( -22.19%)
   displ. norm   :     0.0166416 α      lambda       -0.2079643E-04
   maximum displ.:     0.0090215 α      in ANC's #10, #3, #1, ...

........................................................................
.............................. CYCLE    5 ..............................
........................................................................
   1    -21.8845628 -0.218846E+02  0.319E-02    3.55       0.0  T
   2    -21.8845637 -0.918254E-06  0.163E-02    3.55       1.7  T
   3    -21.8845635  0.240431E-06  0.924E-03    3.55       3.0  T
   4    -21.8845642 -0.711162E-06  0.239E-03    3.55      11.6  T
   5    -21.8845642 -0.207983E-07  0.128E-03    3.55      21.6  T
   6    -21.8845642 -0.468214E-08  0.503E-04    3.55      55.1  T
   7    -21.8845642 -0.140522E-08  0.111E-04    3.55     249.7  T
     SCC iter.                  ...        0 min,  0.004 sec
     gradient                   ...        0 min,  0.006 sec
 * total energy  :   -21.5481437 Eh     change       -0.1058461E-04 Eh
   gradient norm :     0.0017488 Eh/α   predicted    -0.1040202E-04 (  -1.73%)
   displ. norm   :     0.0108108 α      lambda       -0.3676240E-05
   maximum displ.:     0.0064168 α      in ANC's #3, #1, #4, ...

........................................................................
.............................. CYCLE    6 ..............................
........................................................................
   1    -21.8844850 -0.218845E+02  0.244E-02    3.55       0.0  T
   2    -21.8844852 -0.256365E-06  0.119E-02    3.55       2.3  T
   3    -21.8844851  0.932624E-07  0.419E-03    3.55       6.6  T
   4    -21.8844853 -0.179483E-06  0.140E-03    3.55      19.8  T
   5    -21.8844853 -0.100670E-08  0.677E-04    3.55      41.0  T
   6    -21.8844853 -0.205730E-08  0.103E-04    3.55     268.2  T
     SCC iter.                  ...        0 min,  0.003 sec
     gradient                   ...        0 min,  0.006 sec
 * total energy  :   -21.5481457 Eh     change       -0.1956236E-05 Eh
   gradient norm :     0.0007677 Eh/α   predicted    -0.1837889E-05 (  -6.05%)
   displ. norm   :     0.0053657 α      lambda       -0.1050419E-05
   maximum displ.:     0.0039868 α      in ANC's #3, #1, #4, ...

   *** GEOMETRY OPTIMIZATION CONVERGED AFTER 6 ITERATIONS ***

------------------------------------------------------------------------
 total energy gain   :        -0.0022622 Eh       -1.4195 kcal/mol
 total RMSD          :         0.0346016 a0        0.0183 Å
 total power (kW/mol):        -0.9898946 (step)  -73.9851 (real)
------------------------------------------------------------------------

 ANCopt (total)                0 d,  0 h,  0 min,  0.080 sec
 optimizer setup                ...        0 min,  0.000 sec (  0.147%)
 model hessian                  ...        0 min,  0.001 sec (  1.361%)
 ANC generation                 ...        0 min,  0.000 sec (  0.451%)
 coordinate transformation      ...        0 min,  0.000 sec (  0.099%)
 single point calculation       ...        0 min,  0.077 sec ( 95.628%)
 optimization log               ...        0 min,  0.000 sec (  0.518%)
 hessian update                 ...        0 min,  0.000 sec (  0.075%)
 rational function              ...        0 min,  0.001 sec (  1.165%)

================
 final structure:
================
$coord
   -3.37328953401610   -1.77815159228350    0.01029474507821      C 
   -2.95397987325183    1.47928333478413    0.01690441684139      S 
    0.28602393153085    1.07638622888188    0.01234048859147      C 
    0.92038097400482   -1.48558203662120    0.00894505173726      C 
   -1.18736450067070   -3.12127806519257    0.00942489000389      C 
    3.48710453892817   -1.64758187097638    0.00671706270653      N 
    4.45837560581577    0.74642624005113    0.00885499418204      C 
    2.53917811170762    2.48685627696758    0.01103870680999      C 
   -5.26723431941807   -2.49697907833199    0.00865729884858      H 
   -1.09870979613458   -5.15122114031403    0.00750674389492      H 
    4.50744118693839   -3.25078325242440    0.00412944570029      H 
    6.46162647872467    1.05326328925083    0.00886334407233      H 
    2.73014434344706    4.50162065103338    0.01302893643349      H 
$end
           -------------------------------------------------
          |                Final Singlepoint                |
           -------------------------------------------------

          ...................................................
          :                      SETUP                      :
          :.................................................:
          :  # basis functions                  43          :
          :  # atomic orbitals                  42          :
          :  # shells                           22          :
          :  # electrons                        40          :
          :  max. iterations                   250          :
          :  Hamiltonian                  GFN2-xTB          :
          :  restarted?                      false          :
          :  GBSA solvation                  false          :
          :  PC potential                    false          :
          :  electronic temp.          300.0000000     K    :
          :  accuracy                    1.0000000          :
          :  -> integral cutoff          0.2500000E+02      :
          :  -> integral neglect         0.1000000E-07      :
          :  -> SCF convergence          0.1000000E-05 Eh   :
          :  -> wf. convergence          0.1000000E-03 e    :
          :  Broyden damping             0.4000000          :
          ...................................................

 iter      E             dE          RMSdq      gap      omega  full diag
   1    -21.8844853 -0.218845E+02  0.527E-05    3.55       0.0  T
   2    -21.8844853 -0.213163E-11  0.229E-05    3.55    1211.9  T
   3    -21.8844853 -0.521183E-11  0.193E-05    3.55    1437.8  T

   *** convergence criteria satisfied after 3 iterations ***

         #    Occupation            Energy/Eh            Energy/eV
      -------------------------------------------------------------
         1        2.0000           -0.7154115             -19.4673
       ...           ...                  ...                  ...
        14        2.0000           -0.4543084             -12.3624
        15        2.0000           -0.4511255             -12.2757
        16        2.0000           -0.4496100             -12.2345
        17        2.0000           -0.4399354             -11.9713
        18        2.0000           -0.4139663             -11.2646
        19        2.0000           -0.3709441             -10.0939
        20        2.0000           -0.3624655              -9.8632 (HOMO)
        21                         -0.2318573              -6.3092 (LUMO)
        22                         -0.1918266              -5.2199
        23                         -0.1678312              -4.5669
        24                         -0.1379760              -3.7545
        25                         -0.1125773              -3.0634
       ...                                ...                  ...
        42                          0.7041985              19.1622
      -------------------------------------------------------------
                  HL-Gap            0.1306082 Eh            3.5540 eV
             Fermi-level           -0.2971614 Eh           -8.0862 eV

 SCC (total)                   0 d,  0 h,  0 min,  0.012 sec
 SCC setup                      ...        0 min,  0.000 sec (  1.133%)
 Dispersion                     ...        0 min,  0.000 sec (  0.637%)
 integral evaluation            ...        0 min,  0.003 sec ( 28.599%)
 zeroth order Hamiltonian       ...        0 min,  0.000 sec (  0.603%)
 iterations                     ...        0 min,  0.002 sec ( 17.127%)
 molecular gradient             ...        0 min,  0.006 sec ( 49.514%)
 printout                       ...        0 min,  0.000 sec (  1.986%)

         :::::::::::::::::::::::::::::::::::::::::::::::::::::
         ::                     SUMMARY                     ::
         :::::::::::::::::::::::::::::::::::::::::::::::::::::
         :: total energy             -21.548145652082 Eh    ::
         :: gradient norm              0.000768127798 Eh/a0 ::
         :: HOMO-LUMO gap              3.554030452661 eV    ::
         ::.................................................::
         :: SCC energy               -21.884485295771 Eh    ::
         :: -> isotropic ES            0.004336200669 Eh    ::
         :: -> anisotropic ES          0.002992616217 Eh    ::
         :: -> anisotropic XC          0.010112374229 Eh    ::
         :: -> dispersion             -0.012001575360 Eh    ::
         :: repulsion energy           0.336328120554 Eh    ::
         :: add. restraining           0.000000000000 Eh    ::
         :::::::::::::::::::::::::::::::::::::::::::::::::::::

           -------------------------------------------------
          |                Property Printout                |
           -------------------------------------------------

    * Orbital Energies and Occupations

         #    Occupation            Energy/Eh            Energy/eV
      -------------------------------------------------------------
         1        2.0000           -0.7154115             -19.4673
       ...           ...                  ...                  ...
         8        2.0000           -0.5630391             -15.3211
         9        2.0000           -0.5368988             -14.6098
        10        2.0000           -0.5217346             -14.1971
        11        2.0000           -0.4990259             -13.5792
        12        2.0000           -0.4831031             -13.1459
        13        2.0000           -0.4774668             -12.9925
        14        2.0000           -0.4543084             -12.3624
        15        2.0000           -0.4511255             -12.2757
        16        2.0000           -0.4496100             -12.2345
        17        2.0000           -0.4399354             -11.9713
        18        2.0000           -0.4139663             -11.2646
        19        2.0000           -0.3709441             -10.0939
        20        2.0000           -0.3624655              -9.8632 (HOMO)
        21                         -0.2318573              -6.3092 (LUMO)
        22                         -0.1918266              -5.2199
        23                         -0.1678312              -4.5669
        24                         -0.1379760              -3.7545
        25                         -0.1125773              -3.0634
        26                          0.0017813               0.0485
        27                          0.0218764               0.5953
        28                          0.0442267               1.2035
        29                          0.0539733               1.4687
        30                          0.1262274               3.4348
        31                          0.1541313               4.1941
       ...                                ...                  ...
        42                          0.7041985              19.1622
      -------------------------------------------------------------
                  HL-Gap            0.1306082 Eh            3.5540 eV
             Fermi-level           -0.2971614 Eh           -8.0862 eV

     #   Z        covCN         q      C6AA      α(0)
     1   6 C      2.958    -0.022    28.544     8.763
     2  16 S      2.237    -0.070   143.962    20.194
     3   6 C      3.156     0.005    27.605     8.591
     4   6 C      3.296     0.024    25.795     8.141
     5   6 C      3.046    -0.061    29.482     8.905
     6   7 N      2.787    -0.094    23.077     7.135
     7   6 C      3.068    -0.008    28.149     8.700
     8   6 C      3.013    -0.072    29.766     8.949
     9   1 H      0.926     0.040     2.452     2.449
    10   1 H      0.926     0.030     2.580     2.512
    11   1 H      0.860     0.160     1.337     1.812
    12   1 H      0.926     0.033     2.541     2.493
    13   1 H      0.926     0.035     2.516     2.480

 Mol. C6AA /au·bohr⁶  :       3149.873980
 Mol. C8AA /au·bohr⁸  :      92253.986078
 Mol. α(0) /au        :         91.123641


Wiberg/Mayer (AO) data.
largest (>0.10) Wiberg bond orders for each atom
          total WBO             WBO to atom ...
     1  C   3.949        C    5 1.644    S    2 1.158    H    9 0.972
     2  S   2.543        C    1 1.158    C    3 1.112    C    5 0.106
     3  C   3.939        C    4 1.344    C    8 1.295    S    2 1.112
     4  C   3.950        C    3 1.344    C    5 1.223    N    6 1.180
     5  C   3.984        C    1 1.644    C    4 1.223    H   10 0.964    S    2 0.106
     6  N   3.555        C    7 1.215    C    4 1.180    H   11 0.947
     7  C   3.946        C    8 1.556    N    6 1.215    H   12 0.970
     8  C   3.976        C    7 1.556    C    3 1.295    H   13 0.974
     9  H   0.998        C    1 0.972
    10  H   0.999        C    5 0.964
    11  H   0.975        N    6 0.947
    12  H   0.998        C    7 0.970
    13  H   0.998        C    8 0.974

molecular dipole:
                 x           y           z       tot (Debye)
 q only:        0.617      -0.514      -0.001
   full:        0.907      -0.931      -0.002       3.305
molecular quadrupole (traceless):
                xx          xy          yy          xz          yz          zz
 q only:        2.329      -1.513       0.353       0.007      -0.004      -2.682
  q+dip:        3.891      -1.453       1.729       0.012      -0.007      -5.620
   full:        3.143      -1.151       1.199       0.013      -0.008      -4.341

           -------------------------------------------------
          |                Geometry Summary                 |
           -------------------------------------------------

      molecular mass/u    :      123.1722000
   center of mass at/Å    :        0.0227235      -0.0256254       0.0060578
  moments of inertia/u·Å² :        0.1256236E+03   0.2886933E+03   0.4143169E+03
rotational constants/cm⁻¹ :        0.1341916E+00   0.5839287E-01   0.4068778E-01

 * 14 selected distances

     #   Z        #   Z                                     value/Å
     1   6 C      2  16 S                                 1.7379865 (max)
     2  16 S      3   6 C                                 1.7277432
     3   6 C      4   6 C                                 1.3966773
     1   6 C      5   6 C                                 1.3576525
     4   6 C      5   6 C                                 1.4118319
     4   6 C      6   7 N                                 1.3609549
     6   7 N      7   6 C                                 1.3671473
     3   6 C      8   6 C                                 1.4066693
     7   6 C      8   6 C                                 1.3710104
     1   6 C      9   1 H                                 1.0719912
     5   6 C     10   1 H                                 1.0752242
     6   7 N     11   1 H                                 1.0056245 (min)
     7   6 C     12   1 H                                 1.0724379
     8   6 C     13   1 H                                 1.0709465

 * 5 distinct bonds (by element types)

   Z      Z             #   av. dist./Å        max./Å        min./Å
   1 H    6 C           4     1.0726499     1.0752242     1.0709465
   6 C    6 C           5     1.3887683     1.4118319     1.3576525
   1 H    7 N           1     1.0056245     1.0056245     1.0056245
   6 C    7 N           2     1.3640511     1.3671473     1.3609549
   6 C   16 S           2     1.7328649     1.7379865     1.7277432


optimized geometry written to: xtbopt.xyz


           -------------------------------------------------
          | TOTAL ENERGY              -21.548145652082 Eh   |
          | GRADIENT NORM               0.000768127798 Eh/α |
          | HOMO-LUMO GAP               3.554030452661 eV   |
           -------------------------------------------------

------------------------------------------------------------------------
 * finished run on 2021/05/19 at 10:59:38.164     
------------------------------------------------------------------------
 total:
 * wall-time:     0 d,  0 h,  0 min,  0.127 sec
 *  cpu-time:     0 d,  0 h,  0 min,  0.126 sec
 * ratio c/w:     0.992 speedup
 SCF:
 * wall-time:     0 d,  0 h,  0 min,  0.019 sec
 *  cpu-time:     0 d,  0 h,  0 min,  0.018 sec
 * ratio c/w:     0.997 speedup
 ANC optimizer:
 * wall-time:     0 d,  0 h,  0 min,  0.093 sec
 *  cpu-time:     0 d,  0 h,  0 min,  0.093 sec
 * ratio c/w:     0.998 speedup

