      -----------------------------------------------------------      
     |                   =====================                   |     
     |                           x T B                           |     
     |                   =====================                   |     
     |                         S. Grimme                         |     
     |          Mulliken Center for Theoretical Chemistry        |     
     |                    University of Bonn                     |     
     |                Version 6.2 RC2 (SAW190805)                |     
      -----------------------------------------------------------      

   This program is distributed in the hope that it will be useful,
   but WITHOUT ANY WARRANTY; without even the implied warranty of
   MERCHANTABILITY or FITNESS FOR A PARTICULAR PURPOSE.
   
   FOR NON-COMMERCIAL, ACADEMIA USE ONLY.
   
   Cite this work as:
   * S. Grimme, C. Bannwarth, P. Shushkov, J. Chem. Theory Comput., 2017,
     13, 1989-2009. DOI: 10.1021/acs.jctc.7b00118
   * C. Bannwarth, S. Ehlert and S. Grimme., J. Chem. Theory Comput., 2019,
     15, 1652-1671. DOI: 10.1021/acs.jctc.8b01176
   * P. Pracht, E. Caldeweyher, S. Ehlert, S. Grimme, ChemRxiv, 2019, preprint.
     DOI: 10.26434/chemrxiv.8326202.v1
   
   for DFT-D4:
   * E. Caldeweyher, C. Bannwarth and S. Grimme, J. Chem. Phys., 2017,
     147, 034112. DOI: 10.1063/1.4993215
   * E. Caldeweyher, S. Ehlert, A. Hansen, H. Neugebauer, S. Spicher,
     C. Bannwarth and S. Grimme, J. Chem. Phys., 2019, 150, 154122.
     DOI: 10.1063/1.5090222
   
   for sTDA-xTB:
   * S. Grimme and C. Bannwarth, J. Chem. Phys., 2016, 145, 054103.
     DOI: 10.1063/1.4959605
   
   in the mass-spec context:
   * V. Asgeirsson, C. Bauer and S. Grimme, Chem. Sci., 2017, 8, 4879.
     DOI: 10.1039/c7sc00601b
   
   for metadynamics refer to:
   * S. Grimme, J. Chem. Theory Comput., 2019, 155, 2847-2862
     DOI: 10.1021/acs.jctc.9b00143
   
   with help from (in alphabetical order)
   C. Bannwarth, F. Bohle, G. Brandenburg, E. Caldeweyher, M. Checinski,
   S. Dohm, S. Ehlert, S. Ehrlich, F. März, H. Neugebauer, J. Pisarek,
   P. Pracht, P. Shushkov, and S. Spicher.
   
 * started run on 2021/05/19 at 10:59:55.713     

           -------------------------------------------------
          |                Calculation Setup                |
           -------------------------------------------------

          program call               : /ihome/ghutchison/geoffh/xtb/xtb 573.xyz -opt
          hostname                   : smp-n144
          coordinate file            : 573.xyz
          omp threads                :                     1
          number of atoms            :                    10
          number of electrons        :                    34
          charge                     :                     0
          spin                       :                   0.0
          first test random number   :      0.08351452047878


########################################################################
# WARNING! Please study the warnings concerning your input carefully
#  - the use of '-opt' is discouraged, please use '--opt' next time
########################################################################

           ------------------------------------------------- 
          |                 G F N 2 - x T B                 |
          | Geometry, Frequencies, Noncovalent interactions |
          |            JCTC 2019 parametrisation            |
           ------------------------------------------------- 
             KAB for C  - Si     :                1.0500
             KAB for H  - Pd     :                0.9500
             k(s)              :                1.8500
             k(p)              :                2.2300
             k(d)              :                2.2300
             k(f)              :                2.0000
             kEN (H0ij)        :               -2.0000
             D4 a1             :                0.5200
             D4 a2             :                5.0000
             D4 s6             :                1.0000
             D4 s8             :                2.7000
             D4 s9             :                5.0000
             alphaj            :                2.0000

  Z AO/shell   Hii/eV     exponent
  1     Wed Apr 25 08:07:45 CEST 2018   EN: 2.200 GM2: 0.406  GM3: 0.0800  RAES: 1.40
     1s    -10.707211    1.230000
  6     Wed Apr 25 08:07:45 CEST 2018   EN: 2.550 GM2: 0.538  GM3: 0.1500  RAES: 3.00
     2s    -13.970922    2.096432
     2p    -10.063292    1.800000
  7     Wed Apr 25 08:07:45 CEST 2018   EN: 3.040 GM2: 0.461  GM3:-0.0640  RAES: 1.90
     2s    -16.686243    2.339881
     2p    -12.523956    2.014332
  8     Wed Apr 25 08:07:45 CEST 2018   EN: 3.440 GM2: 0.452  GM3:-0.0517  RAES: 1.80
     2s    -20.229985    2.439742
     2p    -15.503117    2.137023

           ------------------------------------------------- 
          |        Self-Consistent Charge Iterations        |
           ------------------------------------------------- 

          ...................................................
          :                      SETUP                      :
          :.................................................:
          :  # basis functions                  31          :
          :  # atomic orbitals                  31          :
          :  # shells                           17          :
          :  # electrons                        34          :
          :  max. iterations                   250          :
          :  Hamiltonian                  GFN2-xTB          :
          :  restarted?                      false          :
          :  GBSA solvation                  false          :
          :  PC potential                    false          :
          :  electronic temp.          300.0000000     K    :
          :  accuracy                    1.0000000          :
          :  -> integral cutoff          0.2500000E+02      :
          :  -> integral neglect         0.1000000E-07      :
          :  -> SCF convergence          0.1000000E-05 Eh   :
          :  -> wf. convergence          0.1000000E-03 e    :
          :  Broyden damping             0.4000000          :
          ...................................................

 iter      E             dE          RMSdq      gap      omega  full diag
   1    -19.4170803 -0.194171E+02  0.665E+00    4.39       0.0  T
   2    -19.4182448 -0.116447E-02  0.466E+00    4.31       1.0  T
   3    -19.4043678  0.138770E-01  0.298E+00    4.17       1.0  T
   4    -19.4563880 -0.520202E-01  0.474E-01    4.09       1.0  T
   5    -19.4573825 -0.994494E-03  0.211E-01    4.12       1.0  T
   6    -19.4575020 -0.119484E-03  0.523E-02    4.13       1.0  T
   7    -19.4575094 -0.747414E-05  0.229E-02    4.13       1.4  T
   8    -19.4575101 -0.688805E-06  0.102E-02    4.13       3.1  T
   9    -19.4575106 -0.442537E-06  0.456E-03    4.13       6.9  T
  10    -19.4575107 -0.816479E-07  0.169E-03    4.13      18.7  T
  11    -19.4575107 -0.784948E-08  0.682E-04    4.13      46.4  T
  12    -19.4575107 -0.579494E-09  0.192E-04    4.13     164.6  T

   *** convergence criteria satisfied after 12 iterations ***

         #    Occupation            Energy/Eh            Energy/eV
      -------------------------------------------------------------
         1        2.0000           -0.7637764             -20.7834
       ...           ...                  ...                  ...
        11        2.0000           -0.5088624             -13.8469
        12        2.0000           -0.5019541             -13.6589
        13        2.0000           -0.4983906             -13.5619
        14        2.0000           -0.4700224             -12.7900
        15        2.0000           -0.4465452             -12.1511
        16        2.0000           -0.4329014             -11.7798
        17        2.0000           -0.4201607             -11.4332 (HOMO)
        18                         -0.2684582              -7.3051 (LUMO)
        19                         -0.2318636              -6.3093
        20                         -0.2225094              -6.0548
        21                         -0.1286148              -3.4998
        22                          0.0501604               1.3649
       ...                                ...                  ...
        31                          1.0951756              29.8012
      -------------------------------------------------------------
                  HL-Gap            0.1517025 Eh            4.1280 eV
             Fermi-level           -0.3443095 Eh           -9.3691 eV

 SCC (total)                   0 d,  0 h,  0 min,  0.012 sec
 SCC setup                      ...        0 min,  0.000 sec (  1.354%)
 Dispersion                     ...        0 min,  0.000 sec (  0.831%)
 integral evaluation            ...        0 min,  0.002 sec ( 18.955%)
 zeroth order Hamiltonian       ...        0 min,  0.000 sec (  0.521%)
 iterations                     ...        0 min,  0.005 sec ( 46.434%)
 molecular gradient             ...        0 min,  0.003 sec ( 29.009%)
 printout                       ...        0 min,  0.000 sec (  2.465%)

         :::::::::::::::::::::::::::::::::::::::::::::::::::::
         ::                     SUMMARY                     ::
         :::::::::::::::::::::::::::::::::::::::::::::::::::::
         :: total energy             -19.161478622539 Eh    ::
         :: gradient norm              0.061483509947 Eh/a0 ::
         :: HOMO-LUMO gap              4.128035268839 eV    ::
         ::.................................................::
         :: SCC energy               -19.457510666970 Eh    ::
         :: -> isotropic ES            0.014725384280 Eh    ::
         :: -> anisotropic ES          0.002437932201 Eh    ::
         :: -> anisotropic XC          0.021482309416 Eh    ::
         :: -> dispersion             -0.006665220347 Eh    ::
         :: repulsion energy           0.296029386633 Eh    ::
         :: add. restraining           0.000000000000 Eh    ::
         :::::::::::::::::::::::::::::::::::::::::::::::::::::

      ----------------------------------------------------------- 
     |                   =====================                   |
     |                        A N C O P T                        |
     |                   =====================                   |
     |               Approximate Normal Coordinate               |
     |                Rational Function Optimizer                |
      ----------------------------------------------------------- 

          ...................................................
          :                      SETUP                      :
          :.................................................:
          :   optimization level            normal          :
          :   max. optcycles                   200          :
          :   ANC micro-cycles                  20          :
          :   degrees of freedom                24          :
          :.................................................:
          :   RF solver                   davidson          :
          :   input Hessian                  false          :
          :   write xtbopt.log                true          :
          :   linear?                        false          :
          :   energy convergence         0.5000000E-05 Eh   :
          :   grad. convergence          0.1000000E-02 Eh/α :
          :   maximium RF displ.         2.0000000          :
          :   Hlow (freq-cutoff)         0.5000000E-02      :
          :   Hmax (freq-cutoff)         5.0000000          :
          :   S6 in model hess.         20.0000000          :
          ...................................................

generating ANC from model Hessian ...
Using Lindh-Hessian (1995)
 Shifting diagonal of input Hessian by   2.082392019086133E-003
 Lowest  eigenvalues of input Hessian
   -0.000000   -0.000000   -0.000000   -0.000000   -0.000000    0.000000
    0.005000    0.013665    0.026259    0.047431    0.073301    0.088600
    0.101559    0.107640    0.154060    0.158005    0.177667    0.233752
 Highest eigenvalues
    1.399343    1.703856    1.747226    1.883039    1.912984    2.559009
 

........................................................................
.............................. CYCLE    1 ..............................
........................................................................
   1    -19.4575107 -0.194575E+02  0.580E-05    4.13       0.0  T
   2    -19.4575107 -0.322942E-11  0.336E-05    4.13     940.7  T
   3    -19.4575107  0.206057E-12  0.299E-05    4.13    1057.1  T
     SCC iter.                  ...        0 min,  0.002 sec
     gradient                   ...        0 min,  0.003 sec
 * total energy  :   -19.1614786 Eh     change        0.1813515E-08 Eh
   gradient norm :     0.0614844 Eh/α   predicted     0.0000000E+00 (-100.00%)
   displ. norm   :     0.1085092 α      lambda       -0.3707939E-02
   maximum displ.:     0.0498430 α      in ANC's #12, #8, #9, ...

........................................................................
.............................. CYCLE    2 ..............................
........................................................................
   1    -19.4843517 -0.194844E+02  0.185E-01    4.27       0.0  T
   2    -19.4844070 -0.553143E-04  0.112E-01    4.27       1.0  T
   3    -19.4844439 -0.368437E-04  0.654E-02    4.27       1.0  T
   4    -19.4844522 -0.830108E-05  0.105E-02    4.27       3.0  T
   5    -19.4844526 -0.389495E-06  0.491E-03    4.27       6.4  T
   6    -19.4844527 -0.128509E-06  0.300E-03    4.27      10.6  T
     SCC iter.                  ...        0 min,  0.002 sec
     gradient                   ...        0 min,  0.003 sec
 * total energy  :   -19.1635703 Eh     change       -0.2091648E-02 Eh
   gradient norm :     0.0251129 Eh/α   predicted    -0.1875799E-02 ( -10.32%)
   displ. norm   :     0.0392908 α      lambda       -0.5110258E-03
   maximum displ.:     0.0192664 α      in ANC's #12, #8, #7, ...

........................................................................
.............................. CYCLE    3 ..............................
........................................................................
   1    -19.4871276 -0.194871E+02  0.851E-02    4.28       0.0  T
   2    -19.4871575 -0.299151E-04  0.576E-02    4.29       1.0  T
   3    -19.4871785 -0.210117E-04  0.234E-02    4.29       1.4  T
   4    -19.4871787 -0.211115E-06  0.105E-02    4.29       3.0  T
   5    -19.4871788 -0.174762E-07  0.606E-03    4.29       5.2  T
   6    -19.4871790 -0.266426E-06  0.118E-03    4.29      26.9  T
   7    -19.4871790 -0.280201E-08  0.680E-04    4.29      46.5  T
     SCC iter.                  ...        0 min,  0.003 sec
     gradient                   ...        0 min,  0.003 sec
 * total energy  :   -19.1638927 Eh     change       -0.3223890E-03 Eh
   gradient norm :     0.0091583 Eh/α   predicted    -0.2559084E-03 ( -20.62%)
   displ. norm   :     0.0568725 α      lambda       -0.1479979E-03
   maximum displ.:     0.0489505 α      in ANC's #1, #7, #2, ...

........................................................................
.............................. CYCLE    4 ..............................
........................................................................
   1    -19.4857770 -0.194858E+02  0.120E-01    4.29       0.0  T
   2    -19.4857897 -0.127654E-04  0.706E-02    4.29       1.0  T
   3    -19.4857895  0.228701E-06  0.421E-02    4.29       1.0  T
   4    -19.4857986 -0.914115E-05  0.818E-03    4.29       3.9  T
   5    -19.4857990 -0.349283E-06  0.451E-03    4.29       7.0  T
   6    -19.4857991 -0.143961E-06  0.131E-03    4.29      24.2  T
   7    -19.4857991 -0.115242E-08  0.567E-04    4.29      55.7  T
     SCC iter.                  ...        0 min,  0.003 sec
     gradient                   ...        0 min,  0.003 sec
 * total energy  :   -19.1639579 Eh     change       -0.6525342E-04 Eh
   gradient norm :     0.0048506 Eh/α   predicted    -0.7423683E-04 (  13.77%)
   displ. norm   :     0.0540678 α      lambda       -0.1166752E-03
   maximum displ.:     0.0369941 α      in ANC's #1, #2, #5, ...

........................................................................
.............................. CYCLE    5 ..............................
........................................................................
   1    -19.4852886 -0.194853E+02  0.139E-01    4.29       0.0  T
   2    -19.4852970 -0.833171E-05  0.778E-02    4.29       1.0  T
   3    -19.4852889  0.804660E-05  0.395E-02    4.28       1.0  T
   4    -19.4853012 -0.123078E-04  0.599E-03    4.29       5.3  T
   5    -19.4853014 -0.204394E-06  0.312E-03    4.29      10.1  T
   6    -19.4853015 -0.684743E-07  0.101E-03    4.29      31.2  T
   7    -19.4853015 -0.118646E-08  0.327E-04    4.29      96.6  T
     SCC iter.                  ...        0 min,  0.002 sec
     gradient                   ...        0 min,  0.003 sec
 * total energy  :   -19.1639329 Eh     change        0.2500988E-04 Eh
   gradient norm :     0.0060154 Eh/α   predicted    -0.5850660E-04 (-333.93%)
   displ. norm   :     0.0348807 α      lambda       -0.1072627E-03
   maximum displ.:     0.0226397 α      in ANC's #1, #2, #5, ...

........................................................................
.............................. CYCLE    6 ..............................
........................................................................
   1    -19.4854649 -0.194855E+02  0.878E-02    4.29       0.0  T
   2    -19.4854695 -0.453643E-05  0.495E-02    4.29       1.0  T
   3    -19.4854669  0.252157E-05  0.276E-02    4.29       1.1  T
   4    -19.4854720 -0.501824E-05  0.385E-03    4.29       8.2  T
   5    -19.4854720 -0.694405E-07  0.231E-03    4.29      13.7  T
   6    -19.4854721 -0.383598E-07  0.678E-04    4.29      46.6  T
     SCC iter.                  ...        0 min,  0.002 sec
     gradient                   ...        0 min,  0.003 sec
 * total energy  :   -19.1639873 Eh     change       -0.5436622E-04 Eh
   gradient norm :     0.0007497 Eh/α   predicted    -0.5369564E-04 (  -1.23%)
   displ. norm   :     0.0125944 α      lambda       -0.2254792E-05
   maximum displ.:     0.0094487 α      in ANC's #1, #3, #4, ...

........................................................................
.............................. CYCLE    7 ..............................
........................................................................
   1    -19.4852849 -0.194853E+02  0.198E-02    4.29       0.0  T
   2    -19.4852849 -0.832279E-07  0.113E-02    4.29       2.8  T
   3    -19.4852849  0.705680E-07  0.369E-03    4.29       8.6  T
   4    -19.4852850 -0.101579E-06  0.741E-04    4.29      42.7  T
   5    -19.4852850 -0.123106E-08  0.375E-04    4.29      84.3  T
     SCC iter.                  ...        0 min,  0.002 sec
     gradient                   ...        0 min,  0.003 sec
 * total energy  :   -19.1639880 Eh     change       -0.7287409E-06 Eh
   gradient norm :     0.0007628 Eh/α   predicted    -0.1128722E-05 (  54.89%)
   displ. norm   :     0.0065749 α      lambda       -0.1222104E-05
   maximum displ.:     0.0051180 α      in ANC's #2, #5, #3, ...

   *** GEOMETRY OPTIMIZATION CONVERGED AFTER 7 ITERATIONS ***

------------------------------------------------------------------------
 total energy gain   :        -0.0025094 Eh       -1.5747 kcal/mol
 total RMSD          :         0.0553392 a0        0.0293 Å
 total power (kW/mol):        -0.9411943 (step) -116.5320 (real)
------------------------------------------------------------------------

 ANCopt (total)                0 d,  0 h,  0 min,  0.057 sec
 optimizer setup                ...        0 min,  0.000 sec (  0.239%)
 model hessian                  ...        0 min,  0.001 sec (  1.091%)
 ANC generation                 ...        0 min,  0.000 sec (  0.437%)
 coordinate transformation      ...        0 min,  0.000 sec (  0.125%)
 single point calculation       ...        0 min,  0.054 sec ( 95.450%)
 optimization log               ...        0 min,  0.000 sec (  0.720%)
 hessian update                 ...        0 min,  0.000 sec (  0.113%)
 rational function              ...        0 min,  0.001 sec (  1.008%)

================
 final structure:
================
$coord
    1.04455519570969   -1.95919434345810    0.01988059762854      C 
    3.42950113962747   -1.14427704026324   -0.00698499962392      O 
    3.37034153859228    1.39597369233911   -0.02000978532685      C 
    0.95380509225407    2.25714659591365   -0.00463077594352      C 
   -0.59561504852052    0.04947238420015    0.02602060928089      C 
   -3.24698780866427   -0.03948080876120    0.05105989088036      C 
   -5.41232824821023   -0.08301060134807    0.07635390869098      N 
    0.71060324933664   -3.95751358664408    0.03355523319272      H 
    5.14669749239943    2.36860553859846   -0.04236357929053      H 
    0.31560272972613    4.17609085101889   -0.01125833739190      H 
$end
           -------------------------------------------------
          |                Final Singlepoint                |
           -------------------------------------------------

          ...................................................
          :                      SETUP                      :
          :.................................................:
          :  # basis functions                  31          :
          :  # atomic orbitals                  31          :
          :  # shells                           17          :
          :  # electrons                        34          :
          :  max. iterations                   250          :
          :  Hamiltonian                  GFN2-xTB          :
          :  restarted?                      false          :
          :  GBSA solvation                  false          :
          :  PC potential                    false          :
          :  electronic temp.          300.0000000     K    :
          :  accuracy                    1.0000000          :
          :  -> integral cutoff          0.2500000E+02      :
          :  -> integral neglect         0.1000000E-07      :
          :  -> SCF convergence          0.1000000E-05 Eh   :
          :  -> wf. convergence          0.1000000E-03 e    :
          :  Broyden damping             0.4000000          :
          ...................................................

 iter      E             dE          RMSdq      gap      omega  full diag
   1    -19.4852850 -0.194853E+02  0.217E-04    4.29       0.0  T
   2    -19.4852850  0.221192E-10  0.190E-04    4.29     166.6  T
   3    -19.4852850 -0.367784E-09  0.429E-05    4.29     737.2  T

   *** convergence criteria satisfied after 3 iterations ***

         #    Occupation            Energy/Eh            Energy/eV
      -------------------------------------------------------------
         1        2.0000           -0.7693425             -20.9349
       ...           ...                  ...                  ...
        11        2.0000           -0.5080516             -13.8248
        12        2.0000           -0.5031136             -13.6904
        13        2.0000           -0.4993858             -13.5890
        14        2.0000           -0.4683573             -12.7447
        15        2.0000           -0.4454679             -12.1218
        16        2.0000           -0.4298678             -11.6973
        17        2.0000           -0.4214059             -11.4670 (HOMO)
        18                         -0.2639255              -7.1818 (LUMO)
        19                         -0.2248969              -6.1198
        20                         -0.2143954              -5.8340
        21                         -0.1196988              -3.2572
        22                          0.0712677               1.9393
       ...                                ...                  ...
        31                          1.1855212              32.2597
      -------------------------------------------------------------
                  HL-Gap            0.1574804 Eh            4.2853 eV
             Fermi-level           -0.3426657 Eh           -9.3244 eV

 SCC (total)                   0 d,  0 h,  0 min,  0.007 sec
 SCC setup                      ...        0 min,  0.000 sec (  1.366%)
 Dispersion                     ...        0 min,  0.000 sec (  0.616%)
 integral evaluation            ...        0 min,  0.002 sec ( 28.188%)
 zeroth order Hamiltonian       ...        0 min,  0.000 sec (  0.603%)
 iterations                     ...        0 min,  0.001 sec ( 20.801%)
 molecular gradient             ...        0 min,  0.003 sec ( 44.760%)
 printout                       ...        0 min,  0.000 sec (  3.077%)

         :::::::::::::::::::::::::::::::::::::::::::::::::::::
         ::                     SUMMARY                     ::
         :::::::::::::::::::::::::::::::::::::::::::::::::::::
         :: total energy             -19.163988001884 Eh    ::
         :: gradient norm              0.000761492625 Eh/a0 ::
         :: HOMO-LUMO gap              4.285259904509 eV    ::
         ::.................................................::
         :: SCC energy               -19.485284977301 Eh    ::
         :: -> isotropic ES            0.014278594993 Eh    ::
         :: -> anisotropic ES          0.002913170739 Eh    ::
         :: -> anisotropic XC          0.020149434925 Eh    ::
         :: -> dispersion             -0.006706861825 Eh    ::
         :: repulsion energy           0.321294234860 Eh    ::
         :: add. restraining           0.000000000000 Eh    ::
         :::::::::::::::::::::::::::::::::::::::::::::::::::::

           -------------------------------------------------
          |                Property Printout                |
           -------------------------------------------------

    * Orbital Energies and Occupations

         #    Occupation            Energy/Eh            Energy/eV
      -------------------------------------------------------------
         1        2.0000           -0.7693425             -20.9349
       ...           ...                  ...                  ...
         5        2.0000           -0.6262029             -17.0398
         6        2.0000           -0.6095806             -16.5875
         7        2.0000           -0.5960713             -16.2199
         8        2.0000           -0.5872783             -15.9807
         9        2.0000           -0.5435262             -14.7901
        10        2.0000           -0.5175769             -14.0840
        11        2.0000           -0.5080516             -13.8248
        12        2.0000           -0.5031136             -13.6904
        13        2.0000           -0.4993858             -13.5890
        14        2.0000           -0.4683573             -12.7447
        15        2.0000           -0.4454679             -12.1218
        16        2.0000           -0.4298678             -11.6973
        17        2.0000           -0.4214059             -11.4670 (HOMO)
        18                         -0.2639255              -7.1818 (LUMO)
        19                         -0.2248969              -6.1198
        20                         -0.2143954              -5.8340
        21                         -0.1196988              -3.2572
        22                          0.0712677               1.9393
        23                          0.0868608               2.3636
        24                          0.1328233               3.6143
        25                          0.1504480               4.0939
        26                          0.2315358               6.3004
        27                          0.2506853               6.8215
        28                          0.4119882              11.2108
       ...                                ...                  ...
        31                          1.1855212              32.2597
      -------------------------------------------------------------
                  HL-Gap            0.1574804 Eh            4.2853 eV
             Fermi-level           -0.3426657 Eh           -9.3244 eV

     #   Z        covCN         q      C6AA      α(0)
     1   6 C      3.067     0.082    26.112     8.379
     2   8 O      1.731    -0.155    16.639     5.508
     3   6 C      3.077     0.072    26.313     8.410
     4   6 C      3.008    -0.053    29.309     8.881
     5   6 C      3.076    -0.007    28.118     8.694
     6   6 C      1.898     0.114    28.300     8.592
     7   7 N      0.911    -0.227    25.966     7.370
     8   1 H      0.926     0.062     2.172     2.305
     9   1 H      0.926     0.060     2.202     2.320
    10   1 H      0.927     0.053     2.278     2.360

 Mol. C6AA /au·bohr⁶  :       1587.448607
 Mol. C8AA /au·bohr⁸  :      39503.936212
 Mol. α(0) /au        :         62.818431


Wiberg/Mayer (AO) data.
largest (>0.10) Wiberg bond orders for each atom
          total WBO             WBO to atom ...
     1  C   3.914        C    5 1.504    O    2 1.170    H    8 0.966    C    3 0.138
     2  O   2.480        C    1 1.170    C    3 1.132
     3  C   3.907        C    4 1.629    O    2 1.132    H    9 0.965    C    1 0.138
     4  C   3.984        C    3 1.629    C    5 1.225    H   10 0.974
     5  C   3.982        C    1 1.504    C    4 1.225    C    6 1.108
     6  C   3.951        N    7 2.803    C    5 1.108
     7  N   3.007        C    6 2.803
     8  H   0.996        C    1 0.966
     9  H   0.995        C    3 0.965
    10  H   0.997        C    4 0.974

molecular dipole:
                 x           y           z       tot (Debye)
 q only:        0.976       0.129      -0.011
   full:        1.491       0.114      -0.017       3.801
molecular quadrupole (traceless):
                xx          xy          yy          xz          yz          zz
 q only:       -5.913       1.802       4.621       0.096      -0.032       1.292
  q+dip:       -8.208       1.341       6.940       0.141      -0.043       1.268
   full:      -10.570       1.687       7.246       0.184      -0.035       3.324

           -------------------------------------------------
          |                Geometry Summary                 |
           -------------------------------------------------

      molecular mass/u    :       93.0848000
   center of mass at/Å    :        0.0205381       0.0204822       0.0102676
  moments of inertia/u·Å² :        0.5332974E+02   0.2568803E+03   0.3102099E+03
rotational constants/cm⁻¹ :        0.3161019E+00   0.6562447E-01   0.5434266E-01

 * 9 selected distances

     #   Z        #   Z                                     value/Å
     1   6 C      2   8 O                                 1.3337765
     2   8 O      3   6 C                                 1.3446251
     3   6 C      4   6 C                                 1.3575747
     1   6 C      5   6 C                                 1.3722882
     4   6 C      5   6 C                                 1.4273538 (max)
     6   6 C      7   7 N                                 1.1461586
     1   6 C      8   1 H                                 1.0721542
     3   6 C      9   1 H                                 1.0717574
     4   6 C     10   1 H                                 1.0701546 (min)

 * 4 distinct bonds (by element types)

   Z      Z             #   av. dist./Å        max./Å        min./Å
   1 H    6 C           3     1.0713554     1.0721542     1.0701546
   6 C    6 C           3     1.3857389     1.4273538     1.3575747
   6 C    7 N           1     1.1461586     1.1461586     1.1461586
   6 C    8 O           2     1.3392008     1.3446251     1.3337765


optimized geometry written to: xtbopt.xyz


           -------------------------------------------------
          | TOTAL ENERGY              -19.163988001884 Eh   |
          | GRADIENT NORM               0.000761492625 Eh/α |
          | HOMO-LUMO GAP               4.285259904509 eV   |
           -------------------------------------------------

------------------------------------------------------------------------
 * finished run on 2021/05/19 at 10:59:55.822     
------------------------------------------------------------------------
 total:
 * wall-time:     0 d,  0 h,  0 min,  0.109 sec
 *  cpu-time:     0 d,  0 h,  0 min,  0.089 sec
 * ratio c/w:     0.811 speedup
 SCF:
 * wall-time:     0 d,  0 h,  0 min,  0.012 sec
 *  cpu-time:     0 d,  0 h,  0 min,  0.012 sec
 * ratio c/w:     0.998 speedup
 ANC optimizer:
 * wall-time:     0 d,  0 h,  0 min,  0.064 sec
 *  cpu-time:     0 d,  0 h,  0 min,  0.064 sec
 * ratio c/w:     0.998 speedup

