      -----------------------------------------------------------      
     |                   =====================                   |     
     |                           x T B                           |     
     |                   =====================                   |     
     |                         S. Grimme                         |     
     |          Mulliken Center for Theoretical Chemistry        |     
     |                    University of Bonn                     |     
     |                Version 6.2 RC2 (SAW190805)                |     
      -----------------------------------------------------------      

   This program is distributed in the hope that it will be useful,
   but WITHOUT ANY WARRANTY; without even the implied warranty of
   MERCHANTABILITY or FITNESS FOR A PARTICULAR PURPOSE.
   
   FOR NON-COMMERCIAL, ACADEMIA USE ONLY.
   
   Cite this work as:
   * S. Grimme, C. Bannwarth, P. Shushkov, J. Chem. Theory Comput., 2017,
     13, 1989-2009. DOI: 10.1021/acs.jctc.7b00118
   * C. Bannwarth, S. Ehlert and S. Grimme., J. Chem. Theory Comput., 2019,
     15, 1652-1671. DOI: 10.1021/acs.jctc.8b01176
   * P. Pracht, E. Caldeweyher, S. Ehlert, S. Grimme, ChemRxiv, 2019, preprint.
     DOI: 10.26434/chemrxiv.8326202.v1
   
   for DFT-D4:
   * E. Caldeweyher, C. Bannwarth and S. Grimme, J. Chem. Phys., 2017,
     147, 034112. DOI: 10.1063/1.4993215
   * E. Caldeweyher, S. Ehlert, A. Hansen, H. Neugebauer, S. Spicher,
     C. Bannwarth and S. Grimme, J. Chem. Phys., 2019, 150, 154122.
     DOI: 10.1063/1.5090222
   
   for sTDA-xTB:
   * S. Grimme and C. Bannwarth, J. Chem. Phys., 2016, 145, 054103.
     DOI: 10.1063/1.4959605
   
   in the mass-spec context:
   * V. Asgeirsson, C. Bauer and S. Grimme, Chem. Sci., 2017, 8, 4879.
     DOI: 10.1039/c7sc00601b
   
   for metadynamics refer to:
   * S. Grimme, J. Chem. Theory Comput., 2019, 155, 2847-2862
     DOI: 10.1021/acs.jctc.9b00143
   
   with help from (in alphabetical order)
   C. Bannwarth, F. Bohle, G. Brandenburg, E. Caldeweyher, M. Checinski,
   S. Dohm, S. Ehlert, S. Ehrlich, F. März, H. Neugebauer, J. Pisarek,
   P. Pracht, P. Shushkov, and S. Spicher.
   
 * started run on 2021/05/19 at 10:58:36.095     

           -------------------------------------------------
          |                Calculation Setup                |
           -------------------------------------------------

          program call               : /ihome/ghutchison/geoffh/xtb/xtb 60.xyz -opt
          hostname                   : smp-n58
          coordinate file            : 60.xyz
          omp threads                :                     1
          number of atoms            :                    18
          number of electrons        :                    58
          charge                     :                     0
          spin                       :                   0.0
          first test random number   :      0.31205539196949


########################################################################
# WARNING! Please study the warnings concerning your input carefully
#  - the use of '-opt' is discouraged, please use '--opt' next time
########################################################################

           ------------------------------------------------- 
          |                 G F N 2 - x T B                 |
          | Geometry, Frequencies, Noncovalent interactions |
          |            JCTC 2019 parametrisation            |
           ------------------------------------------------- 
             KAB for C  - Si     :                1.0500
             KAB for H  - Pd     :                0.9500
             k(s)              :                1.8500
             k(p)              :                2.2300
             k(d)              :                2.2300
             k(f)              :                2.0000
             kEN (H0ij)        :               -2.0000
             D4 a1             :                0.5200
             D4 a2             :                5.0000
             D4 s6             :                1.0000
             D4 s8             :                2.7000
             D4 s9             :                5.0000
             alphaj            :                2.0000

  Z AO/shell   Hii/eV     exponent
  1     Wed Apr 25 08:07:45 CEST 2018   EN: 2.200 GM2: 0.406  GM3: 0.0800  RAES: 1.40
     1s    -10.707211    1.230000
  6     Wed Apr 25 08:07:45 CEST 2018   EN: 2.550 GM2: 0.538  GM3: 0.1500  RAES: 3.00
     2s    -13.970922    2.096432
     2p    -10.063292    1.800000
  8     Wed Apr 25 08:07:45 CEST 2018   EN: 3.440 GM2: 0.452  GM3:-0.0517  RAES: 1.80
     2s    -20.229985    2.439742
     2p    -15.503117    2.137023
 16     Tue Apr 24 11:44:34 CEST 2018   EN: 2.580 GM2: 0.340  GM3:-0.0502  RAES: 3.10
     3s    -20.029654    1.981333
     3p    -11.377694    2.025643
     3d     -0.420282    1.702555

           ------------------------------------------------- 
          |        Self-Consistent Charge Iterations        |
           ------------------------------------------------- 

          ...................................................
          :                      SETUP                      :
          :.................................................:
          :  # basis functions                  60          :
          :  # atomic orbitals                  59          :
          :  # shells                           31          :
          :  # electrons                        58          :
          :  max. iterations                   250          :
          :  Hamiltonian                  GFN2-xTB          :
          :  restarted?                      false          :
          :  GBSA solvation                  false          :
          :  PC potential                    false          :
          :  electronic temp.          300.0000000     K    :
          :  accuracy                    1.0000000          :
          :  -> integral cutoff          0.2500000E+02      :
          :  -> integral neglect         0.1000000E-07      :
          :  -> SCF convergence          0.1000000E-05 Eh   :
          :  -> wf. convergence          0.1000000E-03 e    :
          :  Broyden damping             0.4000000          :
          ...................................................

 iter      E             dE          RMSdq      gap      omega  full diag
   1    -32.2312802 -0.322313E+02  0.478E+00    2.88       0.0  T
   2    -32.2443760 -0.130957E-01  0.298E+00    2.70       1.0  T
   3    -32.2179771  0.263989E-01  0.169E+00    2.82       1.0  T
   4    -32.2552528 -0.372757E-01  0.361E-01    2.71       1.0  T
   5    -32.2556352 -0.382424E-03  0.142E-01    2.74       1.0  T
   6    -32.2557531 -0.117900E-03  0.616E-02    2.73       1.0  T
   7    -32.2557848 -0.317081E-04  0.235E-02    2.73       1.0  T
   8    -32.2557882 -0.336934E-05  0.136E-02    2.73       1.7  T
   9    -32.2557885 -0.332510E-06  0.581E-03    2.73       4.1  T
  10    -32.2557889 -0.423269E-06  0.177E-03    2.73      13.3  T
  11    -32.2557889 -0.145855E-07  0.817E-04    2.73      28.8  T
  12    -32.2557889 -0.209322E-08  0.394E-04    2.73      59.8  T

   *** convergence criteria satisfied after 12 iterations ***

         #    Occupation            Energy/Eh            Energy/eV
      -------------------------------------------------------------
         1        2.0000           -0.7386912             -20.1008
       ...           ...                  ...                  ...
        23        2.0000           -0.4553437             -12.3905
        24        2.0000           -0.4520525             -12.3010
        25        2.0000           -0.4366858             -11.8828
        26        2.0000           -0.4289409             -11.6721
        27        2.0000           -0.4104310             -11.1684
        28        2.0000           -0.3955128             -10.7625
        29        2.0000           -0.3679517             -10.0125 (HOMO)
        30                         -0.2676425              -7.2829 (LUMO)
        31                         -0.2283189              -6.2129
        32                         -0.2069983              -5.6327
        33                         -0.1994767              -5.4280
        34                         -0.1654232              -4.5014
       ...                                ...                  ...
        59                          0.7166687              19.5015
      -------------------------------------------------------------
                  HL-Gap            0.1003092 Eh            2.7296 eV
             Fermi-level           -0.3177971 Eh           -8.6477 eV

 SCC (total)                   0 d,  0 h,  0 min,  0.029 sec
 SCC setup                      ...        0 min,  0.000 sec (  0.804%)
 Dispersion                     ...        0 min,  0.000 sec (  0.866%)
 integral evaluation            ...        0 min,  0.007 sec ( 23.286%)
 zeroth order Hamiltonian       ...        0 min,  0.000 sec (  0.464%)
 iterations                     ...        0 min,  0.011 sec ( 38.254%)
 molecular gradient             ...        0 min,  0.010 sec ( 35.050%)
 printout                       ...        0 min,  0.000 sec (  1.107%)

         :::::::::::::::::::::::::::::::::::::::::::::::::::::
         ::                     SUMMARY                     ::
         :::::::::::::::::::::::::::::::::::::::::::::::::::::
         :: total energy             -31.777402159359 Eh    ::
         :: gradient norm              0.078520131300 Eh/a0 ::
         :: HOMO-LUMO gap              2.729551858336 eV    ::
         ::.................................................::
         :: SCC energy               -32.255788935529 Eh    ::
         :: -> isotropic ES            0.010192820216 Eh    ::
         :: -> anisotropic ES          0.002144482737 Eh    ::
         :: -> anisotropic XC          0.012063167977 Eh    ::
         :: -> dispersion             -0.019719969208 Eh    ::
         :: repulsion energy           0.478403145584 Eh    ::
         :: add. restraining           0.000000000000 Eh    ::
         :::::::::::::::::::::::::::::::::::::::::::::::::::::

      ----------------------------------------------------------- 
     |                   =====================                   |
     |                        A N C O P T                        |
     |                   =====================                   |
     |               Approximate Normal Coordinate               |
     |                Rational Function Optimizer                |
      ----------------------------------------------------------- 

          ...................................................
          :                      SETUP                      :
          :.................................................:
          :   optimization level            normal          :
          :   max. optcycles                   200          :
          :   ANC micro-cycles                  20          :
          :   degrees of freedom                48          :
          :.................................................:
          :   RF solver                   davidson          :
          :   input Hessian                  false          :
          :   write xtbopt.log                true          :
          :   linear?                        false          :
          :   energy convergence         0.5000000E-05 Eh   :
          :   grad. convergence          0.1000000E-02 Eh/α :
          :   maximium RF displ.         2.0000000          :
          :   Hlow (freq-cutoff)         0.5000000E-02      :
          :   Hmax (freq-cutoff)         5.0000000          :
          :   S6 in model hess.         20.0000000          :
          ...................................................

generating ANC from model Hessian ...
Using Lindh-Hessian (1995)
 Shifting diagonal of input Hessian by   1.641914859658549E-003
 Lowest  eigenvalues of input Hessian
   -0.000000   -0.000000   -0.000000   -0.000000   -0.000000    0.000000
    0.005000    0.008990    0.014947    0.017769    0.021160    0.025623
    0.036633    0.050663    0.052325    0.064232    0.064430    0.082511
 Highest eigenvalues
    1.785183    1.824197    1.902679    1.940075    2.031577    2.173461
 

........................................................................
.............................. CYCLE    1 ..............................
........................................................................
   1    -32.2557889 -0.322558E+02  0.147E-04    2.73       0.0  T
   2    -32.2557889 -0.675513E-10  0.979E-05    2.73     240.7  T
   3    -32.2557889 -0.349090E-10  0.670E-05    2.73     351.8  T
     SCC iter.                  ...        0 min,  0.003 sec
     gradient                   ...        0 min,  0.010 sec
 * total energy  :   -31.7774022 Eh     change       -0.5430174E-08 Eh
   gradient norm :     0.0785207 Eh/α   predicted     0.0000000E+00 (-100.00%)
   displ. norm   :     0.2414752 α      lambda       -0.8857382E-02
   maximum displ.:     0.1406706 α      in ANC's #8, #11, #17, ...

........................................................................
.............................. CYCLE    2 ..............................
........................................................................
   1    -32.2753325 -0.322753E+02  0.249E-01    2.86       0.0  T
   2    -32.2753837 -0.512107E-04  0.134E-01    2.86       1.0  T
   3    -32.2753540  0.297283E-04  0.750E-02    2.85       1.0  T
   4    -32.2754095 -0.554701E-04  0.286E-02    2.85       1.0  T
   5    -32.2754147 -0.520825E-05  0.124E-02    2.85       1.9  T
   6    -32.2754157 -0.951453E-06  0.265E-03    2.85       8.9  T
   7    -32.2754157 -0.369311E-07  0.132E-03    2.85      17.8  T
     SCC iter.                  ...        0 min,  0.006 sec
     gradient                   ...        0 min,  0.009 sec
 * total energy  :   -31.7831153 Eh     change       -0.5713114E-02 Eh
   gradient norm :     0.0277017 Eh/α   predicted    -0.4686936E-02 ( -17.96%)
   displ. norm   :     0.1016337 α      lambda       -0.1283665E-02
   maximum displ.:     0.0758467 α      in ANC's #8, #17, #11, ...

........................................................................
.............................. CYCLE    3 ..............................
........................................................................
   1    -32.2810175 -0.322810E+02  0.127E-01    2.91       0.0  T
   2    -32.2810366 -0.191354E-04  0.684E-02    2.90       1.0  T
   3    -32.2810320  0.456472E-05  0.415E-02    2.90       1.0  T
   4    -32.2810471 -0.150493E-04  0.150E-02    2.90       1.6  T
   5    -32.2810485 -0.142127E-05  0.621E-03    2.90       3.8  T
   6    -32.2810488 -0.271825E-06  0.165E-03    2.90      14.3  T
   7    -32.2810488 -0.124062E-07  0.662E-04    2.90      35.6  T
     SCC iter.                  ...        0 min,  0.005 sec
     gradient                   ...        0 min,  0.009 sec
 * total energy  :   -31.7838256 Eh     change       -0.7102829E-03 Eh
   gradient norm :     0.0079611 Eh/α   predicted    -0.6484596E-03 (  -8.70%)
   displ. norm   :     0.0268202 α      lambda       -0.9253190E-04
   maximum displ.:     0.0208339 α      in ANC's #8, #20, #11, ...

........................................................................
.............................. CYCLE    4 ..............................
........................................................................
   1    -32.2801256 -0.322801E+02  0.351E-02    2.90       0.0  T
   2    -32.2801277 -0.205191E-05  0.196E-02    2.90       1.2  T
   3    -32.2801281 -0.375334E-06  0.127E-02    2.90       1.9  T
   4    -32.2801294 -0.129552E-05  0.413E-03    2.90       5.7  T
   5    -32.2801294 -0.765035E-07  0.173E-03    2.90      13.6  T
   6    -32.2801295 -0.252167E-07  0.529E-04    2.90      44.6  T
     SCC iter.                  ...        0 min,  0.005 sec
     gradient                   ...        0 min,  0.010 sec
 * total energy  :   -31.7838913 Eh     change       -0.6569214E-04 Eh
   gradient norm :     0.0041427 Eh/α   predicted    -0.4629743E-04 ( -29.52%)
   displ. norm   :     0.0240060 α      lambda       -0.4193973E-04
   maximum displ.:     0.0163101 α      in ANC's #8, #11, #16, ...

........................................................................
.............................. CYCLE    5 ..............................
........................................................................
   1    -32.2793102 -0.322793E+02  0.283E-02    2.90       0.0  T
   2    -32.2793116 -0.138693E-05  0.157E-02    2.90       1.5  T
   3    -32.2793119 -0.285563E-06  0.103E-02    2.90       2.3  T
   4    -32.2793127 -0.859142E-06  0.332E-03    2.90       7.1  T
   5    -32.2793128 -0.470509E-07  0.137E-03    2.90      17.2  T
   6    -32.2793128 -0.147923E-07  0.463E-04    2.90      50.9  T
     SCC iter.                  ...        0 min,  0.005 sec
     gradient                   ...        0 min,  0.010 sec
 * total energy  :   -31.7839143 Eh     change       -0.2307821E-04 Eh
   gradient norm :     0.0009790 Eh/α   predicted    -0.2098338E-04 (  -9.08%)
   displ. norm   :     0.0058157 α      lambda       -0.1770274E-05
   maximum displ.:     0.0028524 α      in ANC's #8, #16, #11, ...

........................................................................
.............................. CYCLE    6 ..............................
........................................................................
   1    -32.2794654 -0.322795E+02  0.607E-03    2.90       0.0  T
   2    -32.2794654 -0.535484E-07  0.329E-03    2.90       7.2  T
   3    -32.2794654  0.604628E-08  0.209E-03    2.90      11.3  T
   4    -32.2794655 -0.322989E-07  0.782E-04    2.90      30.1  T
   5    -32.2794655 -0.489548E-08  0.294E-04    2.90      80.3  T
     SCC iter.                  ...        0 min,  0.005 sec
     gradient                   ...        0 min,  0.010 sec
 * total energy  :   -31.7839156 Eh     change       -0.1242002E-05 Eh
   gradient norm :     0.0003557 Eh/α   predicted    -0.8853678E-06 ( -28.71%)
   displ. norm   :     0.0014199 α      lambda       -0.1512708E-06
   maximum displ.:     0.0007827 α      in ANC's #11, #8, #15, ...

   *** GEOMETRY OPTIMIZATION CONVERGED AFTER 6 ITERATIONS ***

------------------------------------------------------------------------
 total energy gain   :        -0.0065134 Eh       -4.0872 kcal/mol
 total RMSD          :         0.0832436 a0        0.0441 Å
 total power (kW/mol):        -2.8501615 (step) -128.6676 (real)
------------------------------------------------------------------------

 ANCopt (total)                0 d,  0 h,  0 min,  0.133 sec
 optimizer setup                ...        0 min,  0.000 sec (  0.105%)
 model hessian                  ...        0 min,  0.002 sec (  1.420%)
 ANC generation                 ...        0 min,  0.000 sec (  0.372%)
 coordinate transformation      ...        0 min,  0.000 sec (  0.059%)
 single point calculation       ...        0 min,  0.128 sec ( 96.495%)
 optimization log               ...        0 min,  0.000 sec (  0.349%)
 hessian update                 ...        0 min,  0.000 sec (  0.047%)
 rational function              ...        0 min,  0.001 sec (  0.847%)

================
 final structure:
================
$coord
    6.38330149185444    0.42225174055602   -0.00210152944525      C 
    5.11308456155440   -2.59595174629621   -0.00249317648897      S 
    2.05431997577301   -1.36111447004414   -0.00118421976102      C 
   -0.15595537045922   -2.74557709115221   -0.00087007716715      C 
   -2.39664682545324   -1.37996754806081    0.00014948406298      C 
   -5.01732638023190   -2.03797721310204    0.00069277051592      C 
   -6.29797164958602    0.17245471599801    0.00175346814298      C 
   -4.75021795918362    2.20979378217143    0.00179927122087      O 
   -2.35517345962800    1.30067134292021    0.00083221443065      C 
   -0.14806976300498    2.68573415370627    0.00050563966598      C 
    2.10103324217269    1.32009217489520   -0.00053521175739      C 
    4.62840897822571    2.26687126661946   -0.00103569803401      C 
    8.40100273910480    0.61728742939910   -0.00276012614108      H 
   -0.14126765428603   -4.78268677585276   -0.00145482223197      H 
   -5.80126894527813   -3.90273025744607    0.00036808428334      H 
   -8.28846985930501    0.56035101665452    0.00246863072830      H 
   -0.15644665831569    4.72237080279874    0.00106748581509      H 
    5.06815860191564    4.25091423517158   -0.00069818084545      H 
$end
           -------------------------------------------------
          |                Final Singlepoint                |
           -------------------------------------------------

          ...................................................
          :                      SETUP                      :
          :.................................................:
          :  # basis functions                  60          :
          :  # atomic orbitals                  59          :
          :  # shells                           31          :
          :  # electrons                        58          :
          :  max. iterations                   250          :
          :  Hamiltonian                  GFN2-xTB          :
          :  restarted?                      false          :
          :  GBSA solvation                  false          :
          :  PC potential                    false          :
          :  electronic temp.          300.0000000     K    :
          :  accuracy                    1.0000000          :
          :  -> integral cutoff          0.2500000E+02      :
          :  -> integral neglect         0.1000000E-07      :
          :  -> SCF convergence          0.1000000E-05 Eh   :
          :  -> wf. convergence          0.1000000E-03 e    :
          :  Broyden damping             0.4000000          :
          ...................................................

 iter      E             dE          RMSdq      gap      omega  full diag
   1    -32.2794655 -0.322795E+02  0.111E-04    2.90       0.0  T
   2    -32.2794655 -0.209255E-10  0.570E-05    2.90     413.2  T
   3    -32.2794655 -0.251461E-10  0.447E-05    2.90     527.6  T

   *** convergence criteria satisfied after 3 iterations ***

         #    Occupation            Energy/Eh            Energy/eV
      -------------------------------------------------------------
         1        2.0000           -0.7400684             -20.1383
       ...           ...                  ...                  ...
        23        2.0000           -0.4555290             -12.3956
        24        2.0000           -0.4508802             -12.2691
        25        2.0000           -0.4389188             -11.9436
        26        2.0000           -0.4320088             -11.7556
        27        2.0000           -0.4130506             -11.2397
        28        2.0000           -0.3923365             -10.6760
        29        2.0000           -0.3702358             -10.0746 (HOMO)
        30                         -0.2637377              -7.1767 (LUMO)
        31                         -0.2276192              -6.1938
        32                         -0.2051539              -5.5825
        33                         -0.2028066              -5.5186
        34                         -0.1629001              -4.4327
       ...                                ...                  ...
        59                          0.7258406              19.7511
      -------------------------------------------------------------
                  HL-Gap            0.1064981 Eh            2.8980 eV
             Fermi-level           -0.3169867 Eh           -8.6256 eV

 SCC (total)                   0 d,  0 h,  0 min,  0.020 sec
 SCC setup                      ...        0 min,  0.000 sec (  0.768%)
 Dispersion                     ...        0 min,  0.000 sec (  0.687%)
 integral evaluation            ...        0 min,  0.006 sec ( 33.048%)
 zeroth order Hamiltonian       ...        0 min,  0.000 sec (  0.575%)
 iterations                     ...        0 min,  0.003 sec ( 15.493%)
 molecular gradient             ...        0 min,  0.009 sec ( 47.895%)
 printout                       ...        0 min,  0.000 sec (  1.315%)

         :::::::::::::::::::::::::::::::::::::::::::::::::::::
         ::                     SUMMARY                     ::
         :::::::::::::::::::::::::::::::::::::::::::::::::::::
         :: total energy             -31.783915569983 Eh    ::
         :: gradient norm              0.000354707096 Eh/a0 ::
         :: HOMO-LUMO gap              2.897960947180 eV    ::
         ::.................................................::
         :: SCC energy               -32.279465459534 Eh    ::
         :: -> isotropic ES            0.009967061219 Eh    ::
         :: -> anisotropic ES          0.001998354501 Eh    ::
         :: -> anisotropic XC          0.011848530821 Eh    ::
         :: -> dispersion             -0.019804106722 Eh    ::
         :: repulsion energy           0.495559292311 Eh    ::
         :: add. restraining           0.000000000000 Eh    ::
         :::::::::::::::::::::::::::::::::::::::::::::::::::::

           -------------------------------------------------
          |                Property Printout                |
           -------------------------------------------------

    * Orbital Energies and Occupations

         #    Occupation            Energy/Eh            Energy/eV
      -------------------------------------------------------------
         1        2.0000           -0.7400684             -20.1383
       ...           ...                  ...                  ...
        17        2.0000           -0.4986108             -13.5679
        18        2.0000           -0.4922863             -13.3958
        19        2.0000           -0.4842164             -13.1762
        20        2.0000           -0.4796132             -13.0509
        21        2.0000           -0.4710376             -12.8176
        22        2.0000           -0.4572647             -12.4428
        23        2.0000           -0.4555290             -12.3956
        24        2.0000           -0.4508802             -12.2691
        25        2.0000           -0.4389188             -11.9436
        26        2.0000           -0.4320088             -11.7556
        27        2.0000           -0.4130506             -11.2397
        28        2.0000           -0.3923365             -10.6760
        29        2.0000           -0.3702358             -10.0746 (HOMO)
        30                         -0.2637377              -7.1767 (LUMO)
        31                         -0.2276192              -6.1938
        32                         -0.2051539              -5.5825
        33                         -0.2028066              -5.5186
        34                         -0.1629001              -4.4327
        35                         -0.1177186              -3.2033
        36                         -0.0907598              -2.4697
        37                         -0.0047159              -0.1283
        38                          0.0350177               0.9529
        39                          0.0401821               1.0934
        40                          0.0616711               1.6782
       ...                                ...                  ...
        59                          0.7258406              19.7511
      -------------------------------------------------------------
                  HL-Gap            0.1064981 Eh            2.8980 eV
             Fermi-level           -0.3169867 Eh           -8.6256 eV

     #   Z        covCN         q      C6AA      α(0)
     1   6 C      2.933    -0.009    28.244     8.716
     2  16 S      2.249    -0.061   143.587    20.168
     3   6 C      3.008     0.028    27.364     8.581
     4   6 C      2.931    -0.047    29.172     8.858
     5   6 C      3.099    -0.012    28.188     8.701
     6   6 C      2.978    -0.070    29.728     8.944
     7   6 C      3.057     0.082    26.111     8.380
     8   8 O      1.720    -0.202    17.356     5.625
     9   6 C      3.114     0.119    25.230     8.228
    10   6 C      2.906    -0.059    29.461     8.900
    11   6 C      3.145     0.000    27.769     8.622
    12   6 C      3.069    -0.049    29.152     8.853
    13   1 H      0.926     0.046     2.366     2.405
    14   1 H      0.926     0.046     2.366     2.405
    15   1 H      0.926     0.044     2.401     2.423
    16   1 H      0.926     0.051     2.306     2.375
    17   1 H      0.926     0.050     2.314     2.379
    18   1 H      0.926     0.041     2.432     2.439

 Mol. C6AA /au·bohr⁶  :       6117.820765
 Mol. C8AA /au·bohr⁸  :     175459.237146
 Mol. α(0) /au        :        127.000110


Wiberg/Mayer (AO) data.
largest (>0.10) Wiberg bond orders for each atom
          total WBO             WBO to atom ...
     1  C   3.944        C   12 1.693    S    2 1.145    H   13 0.970
     2  S   2.515        C    1 1.145    C    3 1.096    C   12 0.103
     3  C   3.957        C    4 1.433    C   11 1.252    S    2 1.096
     4  C   3.990        C    3 1.433    C    5 1.359    H   14 0.967    C   10 0.116
     5  C   3.986        C    4 1.359    C    9 1.240    C    6 1.194
     6  C   3.976        C    7 1.670    C    5 1.194    H   15 0.973
     7  C   3.903        C    6 1.670    O    8 1.105    H   16 0.966
     8  O   2.396        C    7 1.105    C    9 1.079
     9  C   3.923        C   10 1.403    C    5 1.240    O    8 1.079
    10  C   3.988        C    9 1.403    C   11 1.364    H   17 0.965    C    4 0.116
    11  C   3.987        C   10 1.364    C    3 1.252    C   12 1.185
    12  C   3.987        C    1 1.693    C   11 1.185    H   18 0.963    S    2 0.103
    13  H   0.997        C    1 0.970
    14  H   0.997        C    4 0.967
    15  H   0.998        C    6 0.973
    16  H   0.996        C    7 0.966
    17  H   0.997        C   10 0.965
    18  H   0.998        C   12 0.963

molecular dipole:
                 x           y           z       tot (Debye)
 q only:       -0.081      -0.062       0.000
   full:       -0.232       0.201       0.000       0.780
molecular quadrupole (traceless):
                xx          xy          yy          xz          yz          zz
 q only:        3.387       4.465      -0.837      -0.001      -0.001      -2.550
  q+dip:        5.163       6.591       0.642      -0.002      -0.000      -5.805
   full:        4.085       7.009      -1.162      -0.000      -0.002      -2.923

           -------------------------------------------------
          |                Geometry Summary                 |
           -------------------------------------------------

      molecular mass/u    :      174.2168000
   center of mass at/Å    :        0.2203288      -0.1174448      -0.0002239
  moments of inertia/u·Å² :        0.2001817E+03   0.8856638E+03   0.1085846E+04
rotational constants/cm⁻¹ :        0.8421164E-01   0.1903389E-01   0.1552489E-01

 * 20 selected distances

     #   Z        #   Z                                     value/Å
     1   6 C      2  16 S                                 1.7328437
     2  16 S      3   6 C                                 1.7455524 (max)
     3   6 C      4   6 C                                 1.3801339
     4   6 C      5   6 C                                 1.3885826
     5   6 C      6   6 C                                 1.4298501
     6   6 C      7   6 C                                 1.3518447
     7   6 C      8   8 O                                 1.3539383
     5   6 C      9   6 C                                 1.4187030
     8   8 O      9   6 C                                 1.3556384
     9   6 C     10   6 C                                 1.3788806
     3   6 C     11   6 C                                 1.4190489
    10   6 C     11   6 C                                 1.3923943
     1   6 C     12   6 C                                 1.3473013
    11   6 C     12   6 C                                 1.4281924
     1   6 C     13   1 H                                 1.0726983
     4   6 C     14   1 H                                 1.0780202
     6   6 C     15   1 H                                 1.0704394 (min)
     7   6 C     16   1 H                                 1.0731406
    10   6 C     17   1 H                                 1.0777510
    12   6 C     18   1 H                                 1.0753901

 * 4 distinct bonds (by element types)

   Z      Z             #   av. dist./Å        max./Å        min./Å
   1 H    6 C           6     1.0745732     1.0780202     1.0704394
   6 C    6 C          10     1.3934932     1.4298501     1.3473013
   6 C    8 O           2     1.3547883     1.3556384     1.3539383
   6 C   16 S           2     1.7391981     1.7455524     1.7328437


optimized geometry written to: xtbopt.xyz


           -------------------------------------------------
          | TOTAL ENERGY              -31.783915569983 Eh   |
          | GRADIENT NORM               0.000354707096 Eh/α |
          | HOMO-LUMO GAP               2.897960947180 eV   |
           -------------------------------------------------

------------------------------------------------------------------------
 * finished run on 2021/05/19 at 10:58:36.294     
------------------------------------------------------------------------
 total:
 * wall-time:     0 d,  0 h,  0 min,  0.200 sec
 *  cpu-time:     0 d,  0 h,  0 min,  0.199 sec
 * ratio c/w:     0.999 speedup
 SCF:
 * wall-time:     0 d,  0 h,  0 min,  0.029 sec
 *  cpu-time:     0 d,  0 h,  0 min,  0.029 sec
 * ratio c/w:     1.000 speedup
 ANC optimizer:
 * wall-time:     0 d,  0 h,  0 min,  0.153 sec
 *  cpu-time:     0 d,  0 h,  0 min,  0.153 sec
 * ratio c/w:     1.000 speedup

