      -----------------------------------------------------------      
     |                   =====================                   |     
     |                           x T B                           |     
     |                   =====================                   |     
     |                         S. Grimme                         |     
     |          Mulliken Center for Theoretical Chemistry        |     
     |                    University of Bonn                     |     
     |                Version 6.2 RC2 (SAW190805)                |     
      -----------------------------------------------------------      

   This program is distributed in the hope that it will be useful,
   but WITHOUT ANY WARRANTY; without even the implied warranty of
   MERCHANTABILITY or FITNESS FOR A PARTICULAR PURPOSE.
   
   FOR NON-COMMERCIAL, ACADEMIA USE ONLY.
   
   Cite this work as:
   * S. Grimme, C. Bannwarth, P. Shushkov, J. Chem. Theory Comput., 2017,
     13, 1989-2009. DOI: 10.1021/acs.jctc.7b00118
   * C. Bannwarth, S. Ehlert and S. Grimme., J. Chem. Theory Comput., 2019,
     15, 1652-1671. DOI: 10.1021/acs.jctc.8b01176
   * P. Pracht, E. Caldeweyher, S. Ehlert, S. Grimme, ChemRxiv, 2019, preprint.
     DOI: 10.26434/chemrxiv.8326202.v1
   
   for DFT-D4:
   * E. Caldeweyher, C. Bannwarth and S. Grimme, J. Chem. Phys., 2017,
     147, 034112. DOI: 10.1063/1.4993215
   * E. Caldeweyher, S. Ehlert, A. Hansen, H. Neugebauer, S. Spicher,
     C. Bannwarth and S. Grimme, J. Chem. Phys., 2019, 150, 154122.
     DOI: 10.1063/1.5090222
   
   for sTDA-xTB:
   * S. Grimme and C. Bannwarth, J. Chem. Phys., 2016, 145, 054103.
     DOI: 10.1063/1.4959605
   
   in the mass-spec context:
   * V. Asgeirsson, C. Bauer and S. Grimme, Chem. Sci., 2017, 8, 4879.
     DOI: 10.1039/c7sc00601b
   
   for metadynamics refer to:
   * S. Grimme, J. Chem. Theory Comput., 2019, 155, 2847-2862
     DOI: 10.1021/acs.jctc.9b00143
   
   with help from (in alphabetical order)
   C. Bannwarth, F. Bohle, G. Brandenburg, E. Caldeweyher, M. Checinski,
   S. Dohm, S. Ehlert, S. Ehrlich, F. März, H. Neugebauer, J. Pisarek,
   P. Pracht, P. Shushkov, and S. Spicher.
   
 * started run on 2021/05/19 at 10:59:50.513     

           -------------------------------------------------
          |                Calculation Setup                |
           -------------------------------------------------

          program call               : /ihome/ghutchison/geoffh/xtb/xtb 654.xyz -opt
          hostname                   : smp-n144
          coordinate file            : 654.xyz
          omp threads                :                     1
          number of atoms            :                    25
          number of electrons        :                    74
          charge                     :                     0
          spin                       :                   0.0
          first test random number   :      0.11593979776599


########################################################################
# WARNING! Please study the warnings concerning your input carefully
#  - the use of '-opt' is discouraged, please use '--opt' next time
########################################################################

           ------------------------------------------------- 
          |                 G F N 2 - x T B                 |
          | Geometry, Frequencies, Noncovalent interactions |
          |            JCTC 2019 parametrisation            |
           ------------------------------------------------- 
             KAB for C  - Si     :                1.0500
             KAB for H  - Pd     :                0.9500
             k(s)              :                1.8500
             k(p)              :                2.2300
             k(d)              :                2.2300
             k(f)              :                2.0000
             kEN (H0ij)        :               -2.0000
             D4 a1             :                0.5200
             D4 a2             :                5.0000
             D4 s6             :                1.0000
             D4 s8             :                2.7000
             D4 s9             :                5.0000
             alphaj            :                2.0000

  Z AO/shell   Hii/eV     exponent
  1     Wed Apr 25 08:07:45 CEST 2018   EN: 2.200 GM2: 0.406  GM3: 0.0800  RAES: 1.40
     1s    -10.707211    1.230000
  6     Wed Apr 25 08:07:45 CEST 2018   EN: 2.550 GM2: 0.538  GM3: 0.1500  RAES: 3.00
     2s    -13.970922    2.096432
     2p    -10.063292    1.800000
  7     Wed Apr 25 08:07:45 CEST 2018   EN: 3.040 GM2: 0.461  GM3:-0.0640  RAES: 1.90
     2s    -16.686243    2.339881
     2p    -12.523956    2.014332
  8     Wed Apr 25 08:07:45 CEST 2018   EN: 3.440 GM2: 0.452  GM3:-0.0517  RAES: 1.80
     2s    -20.229985    2.439742
     2p    -15.503117    2.137023
 16     Tue Apr 24 11:44:34 CEST 2018   EN: 2.580 GM2: 0.340  GM3:-0.0502  RAES: 3.10
     3s    -20.029654    1.981333
     3p    -11.377694    2.025643
     3d     -0.420282    1.702555

           ------------------------------------------------- 
          |        Self-Consistent Charge Iterations        |
           ------------------------------------------------- 

          ...................................................
          :                      SETUP                      :
          :.................................................:
          :  # basis functions                  73          :
          :  # atomic orbitals                  72          :
          :  # shells                           40          :
          :  # electrons                        74          :
          :  max. iterations                   250          :
          :  Hamiltonian                  GFN2-xTB          :
          :  restarted?                      false          :
          :  GBSA solvation                  false          :
          :  PC potential                    false          :
          :  electronic temp.          300.0000000     K    :
          :  accuracy                    1.0000000          :
          :  -> integral cutoff          0.2500000E+02      :
          :  -> integral neglect         0.1000000E-07      :
          :  -> SCF convergence          0.1000000E-05 Eh   :
          :  -> wf. convergence          0.1000000E-03 e    :
          :  Broyden damping             0.4000000          :
          ...................................................

 iter      E             dE          RMSdq      gap      omega  full diag
   1    -41.5413022 -0.415413E+02  0.474E+00    3.06       0.0  T
   2    -41.6879639 -0.146662E+00  0.230E+00    2.35       1.0  T
   3    -41.6897472 -0.178333E-02  0.122E+00    1.94       1.0  T
   4    -41.6875984  0.214877E-02  0.409E-01    1.61       1.0  T
   5    -41.6907706 -0.317222E-02  0.137E-01    1.55       1.0  T
   6    -41.6909520 -0.181301E-03  0.554E-02    1.58       1.0  T
   7    -41.6909730 -0.210864E-04  0.221E-02    1.59       1.0  T
   8    -41.6909752 -0.211819E-05  0.145E-02    1.59       1.4  T
   9    -41.6909770 -0.181751E-05  0.417E-03    1.59       4.8  T
  10    -41.6909771 -0.150811E-06  0.173E-03    1.59      11.5  T
  11    -41.6909771 -0.112809E-07  0.898E-04    1.59      22.3  T
  12    -41.6909771 -0.313279E-08  0.354E-04    1.59      56.6  T

   *** convergence criteria satisfied after 12 iterations ***

         #    Occupation            Energy/Eh            Energy/eV
      -------------------------------------------------------------
         1        2.0000           -0.7678629             -20.8946
       ...           ...                  ...                  ...
        31        2.0000           -0.4545864             -12.3699
        32        2.0000           -0.4499529             -12.2438
        33        2.0000           -0.4407849             -11.9944
        34        2.0000           -0.4373886             -11.9019
        35        2.0000           -0.4296250             -11.6907
        36        2.0000           -0.3926933             -10.6857
        37        2.0000           -0.3788611             -10.3093 (HOMO)
        38                         -0.3202980              -8.7158 (LUMO)
        39                         -0.2658327              -7.2337
        40                         -0.2098910              -5.7114
        41                         -0.2005640              -5.4576
        42                         -0.1652416              -4.4965
       ...                                ...                  ...
        72                          0.6599499              17.9581
      -------------------------------------------------------------
                  HL-Gap            0.0585631 Eh            1.5936 eV
             Fermi-level           -0.3495796 Eh           -9.5125 eV

 SCC (total)                   0 d,  0 h,  0 min,  0.041 sec
 SCC setup                      ...        0 min,  0.000 sec (  0.764%)
 Dispersion                     ...        0 min,  0.000 sec (  0.885%)
 integral evaluation            ...        0 min,  0.010 sec ( 23.731%)
 zeroth order Hamiltonian       ...        0 min,  0.000 sec (  0.496%)
 iterations                     ...        0 min,  0.015 sec ( 35.963%)
 molecular gradient             ...        0 min,  0.015 sec ( 37.095%)
 printout                       ...        0 min,  0.000 sec (  0.931%)

         :::::::::::::::::::::::::::::::::::::::::::::::::::::
         ::                     SUMMARY                     ::
         :::::::::::::::::::::::::::::::::::::::::::::::::::::
         :: total energy             -41.204728546679 Eh    ::
         :: gradient norm              0.079911237490 Eh/a0 ::
         :: HOMO-LUMO gap              1.593583095046 eV    ::
         ::.................................................::
         :: SCC energy               -41.690977138055 Eh    ::
         :: -> isotropic ES            0.048634854196 Eh    ::
         :: -> anisotropic ES          0.008954109079 Eh    ::
         :: -> anisotropic XC          0.013401597954 Eh    ::
         :: -> dispersion             -0.026333543489 Eh    ::
         :: repulsion energy           0.485979803313 Eh    ::
         :: add. restraining           0.000000000000 Eh    ::
         :::::::::::::::::::::::::::::::::::::::::::::::::::::

      ----------------------------------------------------------- 
     |                   =====================                   |
     |                        A N C O P T                        |
     |                   =====================                   |
     |               Approximate Normal Coordinate               |
     |                Rational Function Optimizer                |
      ----------------------------------------------------------- 

          ...................................................
          :                      SETUP                      :
          :.................................................:
          :   optimization level            normal          :
          :   max. optcycles                   200          :
          :   ANC micro-cycles                  20          :
          :   degrees of freedom                69          :
          :.................................................:
          :   RF solver                   davidson          :
          :   input Hessian                  false          :
          :   write xtbopt.log                true          :
          :   linear?                        false          :
          :   energy convergence         0.5000000E-05 Eh   :
          :   grad. convergence          0.1000000E-02 Eh/α :
          :   maximium RF displ.         2.0000000          :
          :   Hlow (freq-cutoff)         0.5000000E-02      :
          :   Hmax (freq-cutoff)         5.0000000          :
          :   S6 in model hess.         20.0000000          :
          ...................................................

generating ANC from model Hessian ...
Using Lindh-Hessian (1995)
 Shifting diagonal of input Hessian by   3.699210275374734E-003
 Lowest  eigenvalues of input Hessian
   -0.000000    0.000000    0.000000    0.000000    0.000000    0.000000
    0.005000    0.006478    0.007925    0.008695    0.011453    0.013916
    0.016044    0.017352    0.018582    0.022577    0.028564    0.029127
 Highest eigenvalues
    1.629965    1.777657    1.825323    1.836742    1.974672    2.394570
 

........................................................................
.............................. CYCLE    1 ..............................
........................................................................
   1    -41.6909771 -0.416910E+02  0.208E-04    1.59       0.0  T
   2    -41.6909771 -0.339924E-10  0.164E-04    1.59     122.0  T
   3    -41.6909771 -0.409010E-09  0.860E-05    1.59     232.5  T
     SCC iter.                  ...        0 min,  0.004 sec
     gradient                   ...        0 min,  0.015 sec
 * total energy  :   -41.2047286 Eh     change       -0.3339469E-07 Eh
   gradient norm :     0.0799112 Eh/α   predicted     0.0000000E+00 (-100.00%)
   displ. norm   :     0.2716689 α      lambda       -0.8873949E-02
   maximum displ.:     0.1148797 α      in ANC's #6, #3, #26, ...

........................................................................
.............................. CYCLE    2 ..............................
........................................................................
   1    -41.7184958 -0.417185E+02  0.254E-01    1.95       0.0  T
   2    -41.7187978 -0.301964E-03  0.125E-01    1.89       1.0  T
   3    -41.7187903  0.750483E-05  0.702E-02    1.88       1.0  T
   4    -41.7188195 -0.292487E-04  0.408E-02    1.86       1.0  T
   5    -41.7188408 -0.212363E-04  0.105E-02    1.86       1.9  T
   6    -41.7188412 -0.464975E-06  0.564E-03    1.86       3.5  T
   7    -41.7188416 -0.387628E-06  0.177E-03    1.86      11.3  T
     SCC iter.                  ...        0 min,  0.008 sec
     gradient                   ...        0 min,  0.015 sec
 * total energy  :   -41.2105825 Eh     change       -0.5853943E-02 Eh
   gradient norm :     0.0252324 Eh/α   predicted    -0.4764445E-02 ( -18.61%)
   displ. norm   :     0.2937874 α      lambda       -0.2213139E-02
   maximum displ.:     0.1591572 α      in ANC's #3, #6, #5, ...

........................................................................
.............................. CYCLE    3 ..............................
........................................................................
   1    -41.7292680 -0.417293E+02  0.218E-01    2.03       0.0  T
   2    -41.7293405 -0.724435E-04  0.122E-01    2.00       1.0  T
   3    -41.7293013  0.392086E-04  0.602E-02    1.99       1.0  T
   4    -41.7293490 -0.477663E-04  0.253E-02    1.99       1.0  T
   5    -41.7293583 -0.926417E-05  0.745E-03    1.99       2.7  T
   6    -41.7293586 -0.303596E-06  0.360E-03    1.99       5.5  T
   7    -41.7293588 -0.162972E-06  0.125E-03    1.99      16.0  T
     SCC iter.                  ...        0 min,  0.008 sec
     gradient                   ...        0 min,  0.015 sec
 * total energy  :   -41.2117546 Eh     change       -0.1172102E-02 Eh
   gradient norm :     0.0117361 Eh/α   predicted    -0.1202089E-02 (   2.56%)
   displ. norm   :     0.3137318 α      lambda       -0.1286616E-02
   maximum displ.:     0.1759082 α      in ANC's #3, #6, #4, ...

........................................................................
.............................. CYCLE    4 ..............................
........................................................................
   1    -41.7310924 -0.417311E+02  0.258E-01    2.01       0.0  T
   2    -41.7311190 -0.265590E-04  0.151E-01    2.00       1.0  T
   3    -41.7310982  0.207873E-04  0.417E-02    2.00       1.0  T
   4    -41.7311258 -0.276471E-04  0.133E-02    2.00       1.5  T
   5    -41.7311283 -0.242068E-05  0.613E-03    2.00       3.3  T
   6    -41.7311286 -0.293520E-06  0.227E-03    2.00       8.8  T
   7    -41.7311286 -0.376841E-07  0.119E-03    2.00      16.9  T
     SCC iter.                  ...        0 min,  0.008 sec
     gradient                   ...        0 min,  0.015 sec
 * total energy  :   -41.2121984 Eh     change       -0.4438091E-03 Eh
   gradient norm :     0.0168313 Eh/α   predicted    -0.7066281E-03 (  59.22%)
   displ. norm   :     0.2020633 α      lambda       -0.7840980E-03
   maximum displ.:     0.1072168 α      in ANC's #3, #4, #2, ...

........................................................................
.............................. CYCLE    5 ..............................
........................................................................
   1    -41.7275171 -0.417275E+02  0.167E-01    1.92       0.0  T
   2    -41.7275329 -0.157560E-04  0.959E-02    1.94       1.0  T
   3    -41.7275305  0.240969E-05  0.204E-02    1.95       1.0  T
   4    -41.7275336 -0.307013E-05  0.112E-02    1.95       1.8  T
   5    -41.7275356 -0.205242E-05  0.333E-03    1.95       6.0  T
   6    -41.7275356 -0.344938E-07  0.154E-03    1.95      13.0  T
   7    -41.7275357 -0.171473E-07  0.546E-04    1.95      36.7  T
     SCC iter.                  ...        0 min,  0.008 sec
     gradient                   ...        0 min,  0.015 sec
 * total energy  :   -41.2127348 Eh     change       -0.5363538E-03 Eh
   gradient norm :     0.0069488 Eh/α   predicted    -0.4080631E-03 ( -23.92%)
   displ. norm   :     0.2606225 α      lambda       -0.4864914E-03
   maximum displ.:     0.1480482 α      in ANC's #3, #8, #4, ...

........................................................................
.............................. CYCLE    6 ..............................
........................................................................
   1    -41.7253238 -0.417253E+02  0.205E-01    1.90       0.0  T
   2    -41.7253349 -0.110898E-04  0.116E-01    1.90       1.0  T
   3    -41.7253240  0.108738E-04  0.291E-02    1.91       1.0  T
   4    -41.7253390 -0.150177E-04  0.102E-02    1.91       2.0  T
   5    -41.7253399 -0.835439E-06  0.346E-03    1.91       5.8  T
   6    -41.7253399 -0.406008E-07  0.157E-03    1.91      12.7  T
   7    -41.7253399 -0.266960E-07  0.758E-04    1.91      26.4  T
     SCC iter.                  ...        0 min,  0.008 sec
     gradient                   ...        0 min,  0.014 sec
 * total energy  :   -41.2130287 Eh     change       -0.2939109E-03 Eh
   gradient norm :     0.0089505 Eh/α   predicted    -0.2597688E-03 ( -11.62%)
   displ. norm   :     0.1890939 α      lambda       -0.2313407E-03
   maximum displ.:     0.1041964 α      in ANC's #3, #1, #4, ...

........................................................................
.............................. CYCLE    7 ..............................
........................................................................
   1    -41.7259201 -0.417259E+02  0.139E-01    1.91       0.0  T
   2    -41.7259241 -0.402703E-05  0.801E-02    1.91       1.0  T
   3    -41.7259161  0.806002E-05  0.225E-02    1.91       1.0  T
   4    -41.7259265 -0.103820E-04  0.533E-03    1.91       3.8  T
   5    -41.7259266 -0.125546E-06  0.235E-03    1.91       8.5  T
   6    -41.7259266 -0.378538E-07  0.921E-04    1.91      21.7  T
     SCC iter.                  ...        0 min,  0.007 sec
     gradient                   ...        0 min,  0.015 sec
 * total energy  :   -41.2131749 Eh     change       -0.1462462E-03 Eh
   gradient norm :     0.0078715 Eh/α   predicted    -0.1198292E-03 ( -18.06%)
   displ. norm   :     0.1584204 α      lambda       -0.1806145E-03
   maximum displ.:     0.0918123 α      in ANC's #3, #1, #8, ...

........................................................................
.............................. CYCLE    8 ..............................
........................................................................
   1    -41.7280420 -0.417280E+02  0.120E-01    1.93       0.0  T
   2    -41.7280466 -0.464544E-05  0.686E-02    1.93       1.0  T
   3    -41.7280415  0.513165E-05  0.199E-02    1.92       1.0  T
   4    -41.7280482 -0.675406E-05  0.627E-03    1.92       3.2  T
   5    -41.7280486 -0.342514E-06  0.255E-03    1.92       7.8  T
   6    -41.7280486 -0.410084E-07  0.995E-04    1.92      20.1  T
     SCC iter.                  ...        0 min,  0.007 sec
     gradient                   ...        0 min,  0.014 sec
 * total energy  :   -41.2132973 Eh     change       -0.1223767E-03 Eh
   gradient norm :     0.0042878 Eh/α   predicted    -0.9257456E-04 ( -24.35%)
   displ. norm   :     0.1507369 α      lambda       -0.1157155E-03
   maximum displ.:     0.0712049 α      in ANC's #8, #4, #3, ...

........................................................................
.............................. CYCLE    9 ..............................
........................................................................
   1    -41.7293877 -0.417294E+02  0.141E-01    1.91       0.0  T
   2    -41.7293923 -0.464088E-05  0.805E-02    1.91       1.0  T
   3    -41.7293880  0.428694E-05  0.199E-02    1.91       1.0  T
   4    -41.7293947 -0.667215E-05  0.565E-03    1.91       3.5  T
   5    -41.7293948 -0.120107E-06  0.248E-03    1.91       8.1  T
   6    -41.7293949 -0.597142E-07  0.907E-04    1.91      22.1  T
     SCC iter.                  ...        0 min,  0.007 sec
     gradient                   ...        0 min,  0.015 sec
 * total energy  :   -41.2133834 Eh     change       -0.8612431E-04 Eh
   gradient norm :     0.0043230 Eh/α   predicted    -0.5917275E-04 ( -31.29%)
   displ. norm   :     0.1799167 α      lambda       -0.1336048E-03
   maximum displ.:     0.0821079 α      in ANC's #4, #8, #9, ...

........................................................................
.............................. CYCLE   10 ..............................
........................................................................
   1    -41.7307311 -0.417307E+02  0.167E-01    1.93       0.0  T
   2    -41.7307389 -0.773537E-05  0.955E-02    1.93       1.0  T
   3    -41.7307357  0.318971E-05  0.201E-02    1.92       1.0  T
   4    -41.7307421 -0.640044E-05  0.691E-03    1.92       2.9  T
   5    -41.7307424 -0.328132E-06  0.336E-03    1.92       5.9  T
   6    -41.7307425 -0.928953E-07  0.122E-03    1.92      16.4  T
   7    -41.7307425 -0.653277E-08  0.638E-04    1.92      31.4  T
     SCC iter.                  ...        0 min,  0.008 sec
     gradient                   ...        0 min,  0.015 sec
 * total energy  :   -41.2134729 Eh     change       -0.8948744E-04 Eh
   gradient norm :     0.0037213 Eh/α   predicted    -0.6897277E-04 ( -22.92%)
   displ. norm   :     0.2273962 α      lambda       -0.1033883E-03
   maximum displ.:     0.1186493 α      in ANC's #8, #4, #9, ...

........................................................................
.............................. CYCLE   11 ..............................
........................................................................
   1    -41.7280292 -0.417280E+02  0.238E-01    1.85       0.0  T
   2    -41.7280515 -0.223273E-04  0.135E-01    1.86       1.0  T
   3    -41.7280537 -0.213769E-05  0.201E-02    1.86       1.0  T
   4    -41.7280574 -0.371469E-05  0.101E-02    1.86       2.0  T
   5    -41.7280586 -0.116420E-05  0.462E-03    1.86       4.3  T
   6    -41.7280587 -0.103576E-06  0.225E-03    1.86       8.9  T
   7    -41.7280587 -0.410218E-07  0.753E-04    1.86      26.6  T
   8    -41.7280587 -0.200514E-08  0.425E-04    1.86      47.1  T
     SCC iter.                  ...        0 min,  0.009 sec
     gradient                   ...        0 min,  0.016 sec
 * total energy  :   -41.2134850 Eh     change       -0.1206817E-04 Eh
   gradient norm :     0.0106394 Eh/α   predicted    -0.5437089E-04 ( 350.53%)
   displ. norm   :     0.0803280 α      lambda       -0.1329582E-03
   maximum displ.:     0.0498401 α      in ANC's #3, #8, #2, ...

........................................................................
.............................. CYCLE   12 ..............................
........................................................................
   1    -41.7295483 -0.417295E+02  0.647E-02    1.93       0.0  T
   2    -41.7295569 -0.864831E-05  0.345E-02    1.92       1.0  T
   3    -41.7295566  0.349999E-06  0.131E-02    1.92       1.5  T
   4    -41.7295565  0.755353E-07  0.740E-03    1.91       2.7  T
   5    -41.7295575 -0.986033E-06  0.139E-03    1.91      14.4  T
   6    -41.7295575 -0.396655E-08  0.738E-04    1.91      27.1  T
     SCC iter.                  ...        0 min,  0.007 sec
     gradient                   ...        0 min,  0.015 sec
 * total energy  :   -41.2135511 Eh     change       -0.6614569E-04 Eh
   gradient norm :     0.0026788 Eh/α   predicted    -0.6690856E-04 (   1.15%)
   displ. norm   :     0.0571167 α      lambda       -0.3169468E-04
   maximum displ.:     0.0327734 α      in ANC's #4, #8, #9, ...

........................................................................
.............................. CYCLE   13 ..............................
........................................................................
   1    -41.7291031 -0.417291E+02  0.624E-02    1.91       0.0  T
   2    -41.7291043 -0.119207E-05  0.359E-02    1.91       1.0  T
   3    -41.7291041  0.115592E-06  0.606E-03    1.91       3.3  T
   4    -41.7291048 -0.657317E-06  0.211E-03    1.91       9.5  T
   5    -41.7291048 -0.301581E-07  0.125E-03    1.91      16.0  T
   6    -41.7291048 -0.998555E-08  0.378E-04    1.91      53.0  T
   7    -41.7291048 -0.107310E-08  0.180E-04    1.91     111.3  T
     SCC iter.                  ...        0 min,  0.008 sec
     gradient                   ...        0 min,  0.015 sec
 * total energy  :   -41.2135786 Eh     change       -0.2748390E-04 Eh
   gradient norm :     0.0026577 Eh/α   predicted    -0.1590074E-04 ( -42.15%)
   displ. norm   :     0.2995764 α      lambda       -0.1577518E-03
   maximum displ.:     0.1670668 α      in ANC's #8, #4, #9, ...

........................................................................
.............................. CYCLE   14 ..............................
........................................................................
   1    -41.7264922 -0.417265E+02  0.336E-01    1.83       0.0  T
   2    -41.7265346 -0.423668E-04  0.193E-01    1.85       1.0  T
   3    -41.7265409 -0.636721E-05  0.245E-02    1.85       1.0  T
   4    -41.7265492 -0.821170E-05  0.131E-02    1.85       1.5  T
   5    -41.7265513 -0.219239E-05  0.639E-03    1.85       3.1  T
   6    -41.7265515 -0.165556E-06  0.323E-03    1.85       6.2  T
   7    -41.7265516 -0.754417E-07  0.827E-04    1.85      24.2  T
   8    -41.7265516 -0.798869E-08  0.404E-04    1.85      49.5  T
     SCC iter.                  ...        0 min,  0.009 sec
     gradient                   ...        0 min,  0.015 sec
 * total energy  :   -41.2136259 Eh     change       -0.4727052E-04 Eh
   gradient norm :     0.0125196 Eh/α   predicted    -0.8595654E-04 (  81.84%)
   displ. norm   :     0.1174404 α      lambda       -0.1673747E-03
   maximum displ.:     0.0584539 α      in ANC's #8, #4, #9, ...

........................................................................
.............................. CYCLE   15 ..............................
........................................................................
   1    -41.7282872 -0.417283E+02  0.116E-01    1.93       0.0  T
   2    -41.7283017 -0.144846E-04  0.640E-02    1.91       1.0  T
   3    -41.7283010  0.757837E-06  0.186E-02    1.91       1.1  T
   4    -41.7283033 -0.235712E-05  0.665E-03    1.91       3.0  T
   5    -41.7283039 -0.624097E-06  0.285E-03    1.91       7.0  T
   6    -41.7283040 -0.721003E-07  0.141E-03    1.91      14.2  T
     SCC iter.                  ...        0 min,  0.007 sec
     gradient                   ...        0 min,  0.015 sec
 * total energy  :   -41.2137021 Eh     change       -0.7620221E-04 Eh
   gradient norm :     0.0037959 Eh/α   predicted    -0.8484500E-04 (  11.34%)
   displ. norm   :     0.1206804 α      lambda       -0.7709230E-04
   maximum displ.:     0.0641886 α      in ANC's #2, #8, #7, ...

........................................................................
.............................. CYCLE   16 ..............................
........................................................................
   1    -41.7284692 -0.417285E+02  0.115E-01    1.91       0.0  T
   2    -41.7284732 -0.403229E-05  0.660E-02    1.91       1.0  T
   3    -41.7284743 -0.106504E-05  0.809E-03    1.90       2.5  T
   4    -41.7284751 -0.808748E-06  0.356E-03    1.91       5.6  T
   5    -41.7284751 -0.644884E-08  0.170E-03    1.91      11.8  T
   6    -41.7284751 -0.400286E-07  0.706E-04    1.91      28.3  T
   7    -41.7284751 -0.226837E-08  0.328E-04    1.91      61.0  T
     SCC iter.                  ...        0 min,  0.008 sec
     gradient                   ...        0 min,  0.015 sec
 * total energy  :   -41.2137731 Eh     change       -0.7098377E-04 Eh
   gradient norm :     0.0040769 Eh/α   predicted    -0.3911246E-04 ( -44.90%)
   displ. norm   :     0.6390833 α      lambda       -0.3944652E-03
   maximum displ.:     0.3387227 α      in ANC's #2, #8, #9, ...

........................................................................
.............................. CYCLE   17 ..............................
........................................................................
   1    -41.7216189 -0.417216E+02  0.638E-01    1.65       0.0  T
   2    -41.7218714 -0.252470E-03  0.365E-01    1.69       1.0  T
   3    -41.7219109 -0.395663E-04  0.546E-02    1.71       1.0  T
   4    -41.7219303 -0.193871E-04  0.232E-02    1.71       1.0  T
   5    -41.7219355 -0.519942E-05  0.118E-02    1.71       1.7  T
   6    -41.7219355 -0.135786E-07  0.610E-03    1.71       3.3  T
   7    -41.7219361 -0.575252E-06  0.189E-03    1.71      10.6  T
   8    -41.7219361 -0.112298E-07  0.928E-04    1.71      21.5  T
     SCC iter.                  ...        0 min,  0.009 sec
     gradient                   ...        0 min,  0.015 sec
 * total energy  :   -41.2132626 Eh     change        0.5105268E-03 Eh
   gradient norm :     0.0375582 Eh/α   predicted    -0.2777932E-03 (-154.41%)
   displ. norm   :     0.3385309 α      lambda       -0.2076561E-02
   maximum displ.:     0.1985468 α      in ANC's #8, #9, #2, ...

........................................................................
.............................. CYCLE   18 ..............................
........................................................................
   1    -41.7294961 -0.417295E+02  0.399E-01    2.00       0.0  T
   2    -41.7296818 -0.185735E-03  0.222E-01    1.95       1.0  T
   3    -41.7296952 -0.134038E-04  0.499E-02    1.93       1.0  T
   4    -41.7297024 -0.715164E-05  0.176E-02    1.92       1.1  T
   5    -41.7297067 -0.430886E-05  0.828E-03    1.92       2.4  T
   6    -41.7297071 -0.395867E-06  0.508E-03    1.92       3.9  T
   7    -41.7297073 -0.165598E-06  0.973E-04    1.92      20.6  T
     SCC iter.                  ...        0 min,  0.008 sec
     gradient                   ...        0 min,  0.015 sec
 * total energy  :   -41.2139352 Eh     change       -0.6726541E-03 Eh
   gradient norm :     0.0029692 Eh/α   predicted    -0.1157276E-02 (  72.05%)
   displ. norm   :     0.0559712 α      lambda       -0.5934100E-04
   maximum displ.:     0.0368254 α      in ANC's #8, #9, #2, ...

........................................................................
.............................. CYCLE   19 ..............................
........................................................................
   1    -41.7298882 -0.417299E+02  0.659E-02    1.90       0.0  T
   2    -41.7298908 -0.255291E-05  0.377E-02    1.91       1.0  T
   3    -41.7298906  0.224459E-06  0.847E-03    1.91       2.4  T
   4    -41.7298915 -0.940908E-06  0.250E-03    1.91       8.0  T
   5    -41.7298916 -0.663251E-07  0.132E-03    1.91      15.1  T
   6    -41.7298916 -0.117578E-07  0.684E-04    1.91      29.2  T
   7    -41.7298916 -0.253560E-08  0.186E-04    1.91     107.8  T
     SCC iter.                  ...        0 min,  0.008 sec
     gradient                   ...        0 min,  0.016 sec
 * total energy  :   -41.2139832 Eh     change       -0.4803298E-04 Eh
   gradient norm :     0.0021195 Eh/α   predicted    -0.2976295E-04 ( -38.04%)
   displ. norm   :     0.2421185 α      lambda       -0.1561662E-03
   maximum displ.:     0.1429413 α      in ANC's #8, #2, #9, ...

........................................................................
.............................. CYCLE   20 ..............................
........................................................................
   1    -41.7279807 -0.417280E+02  0.269E-01    1.82       0.0  T
   2    -41.7280190 -0.382587E-04  0.154E-01    1.83       1.0  T
   3    -41.7280204 -0.145139E-05  0.272E-02    1.83       1.0  T
   4    -41.7280298 -0.940676E-05  0.102E-02    1.84       2.0  T
   5    -41.7280310 -0.113929E-05  0.526E-03    1.84       3.8  T
   6    -41.7280311 -0.137196E-06  0.280E-03    1.84       7.1  T
   7    -41.7280312 -0.613093E-07  0.760E-04    1.84      26.3  T
   8    -41.7280312 -0.360272E-08  0.405E-04    1.84      49.4  T
     SCC iter.                  ...        0 min,  0.009 sec
     gradient                   ...        0 min,  0.016 sec
 * total energy  :   -41.2140195 Eh     change       -0.3621417E-04 Eh
   gradient norm :     0.0141186 Eh/α   predicted    -0.8266512E-04 ( 128.27%)
   displ. norm   :     0.0750022 α      lambda       -0.1178365E-03
   maximum displ.:     0.0492477 α      in ANC's #8, #2, #9, ...
 * RMSD in coord.:     0.4347515 α      energy gain  -0.9290915E-02 Eh

generating ANC from model Hessian ...
Using Lindh-Hessian (1995)
 Shifting diagonal of input Hessian by   3.597470569296956E-003
 Lowest  eigenvalues of input Hessian
   -0.000000    0.000000    0.000000    0.000000    0.000000    0.000000
    0.005000    0.006598    0.008307    0.008768    0.011895    0.014633
    0.017244    0.019398    0.021333    0.023990    0.028651    0.030993
 Highest eigenvalues
    1.685520    1.835580    1.891075    2.024435    2.027608    2.592535
 

........................................................................
.............................. CYCLE   21 ..............................
........................................................................
   1    -41.7294247 -0.417294E+02  0.880E-02    1.90       0.0  T
   2    -41.7294346 -0.986516E-05  0.493E-02    1.89       1.0  T
   3    -41.7294348 -0.219912E-06  0.137E-02    1.89       1.5  T
   4    -41.7294358 -0.991239E-06  0.418E-03    1.88       4.8  T
   5    -41.7294360 -0.225034E-06  0.188E-03    1.88      10.7  T
   6    -41.7294360 -0.246166E-07  0.116E-03    1.88      17.2  T
   7    -41.7294360 -0.860568E-08  0.269E-04    1.88      74.4  T
   8    -41.7294360 -0.798522E-09  0.122E-04    1.88     164.1  T
     SCC iter.                  ...        0 min,  0.009 sec
     gradient                   ...        0 min,  0.016 sec
 * total energy  :   -41.2140771 Eh     change       -0.5766152E-04 Eh
   gradient norm :     0.0053468 Eh/α   predicted     0.0000000E+00 (-100.00%)
   displ. norm   :     0.0441497 α      lambda       -0.6121091E-04
   maximum displ.:     0.0332750 α      in ANC's #9, #7, #4, ...

........................................................................
.............................. CYCLE   22 ..............................
........................................................................
   1    -41.7299356 -0.417299E+02  0.531E-02    1.91       0.0  T
   2    -41.7299379 -0.220320E-05  0.302E-02    1.91       1.0  T
   3    -41.7299376  0.286351E-06  0.725E-03    1.90       2.8  T
   4    -41.7299381 -0.544908E-06  0.369E-03    1.90       5.4  T
   5    -41.7299384 -0.256494E-06  0.112E-03    1.90      17.8  T
   6    -41.7299384 -0.585050E-08  0.664E-04    1.90      30.1  T
     SCC iter.                  ...        0 min,  0.007 sec
     gradient                   ...        0 min,  0.015 sec
 * total energy  :   -41.2141269 Eh     change       -0.4977149E-04 Eh
   gradient norm :     0.0017704 Eh/α   predicted    -0.3066581E-04 ( -38.39%)
   displ. norm   :     0.2076906 α      lambda       -0.1209119E-03
   maximum displ.:     0.1678511 α      in ANC's #9, #7, #4, ...

........................................................................
.............................. CYCLE   23 ..............................
........................................................................
   1    -41.7301669 -0.417302E+02  0.256E-01    1.93       0.0  T
   2    -41.7301887 -0.217189E-04  0.148E-01    1.92       1.0  T
   3    -41.7301797  0.894921E-05  0.304E-02    1.92       1.0  T
   4    -41.7302001 -0.204062E-04  0.875E-03    1.92       2.3  T
   5    -41.7302006 -0.436341E-06  0.519E-03    1.92       3.9  T
   6    -41.7302007 -0.110885E-06  0.180E-03    1.92      11.1  T
   7    -41.7302007 -0.295771E-07  0.649E-04    1.92      30.8  T
   8    -41.7302007 -0.735642E-08  0.218E-04    1.92      91.8  T
     SCC iter.                  ...        0 min,  0.009 sec
     gradient                   ...        0 min,  0.016 sec
 * total energy  :   -41.2142876 Eh     change       -0.1607228E-03 Eh
   gradient norm :     0.0026058 Eh/α   predicted    -0.6165561E-04 ( -61.64%)
   displ. norm   :     0.6920439 α      lambda       -0.5671291E-03
   maximum displ.:     0.5669515 α      in ANC's #9, #7, #4, ...

........................................................................
.............................. CYCLE   24 ..............................
........................................................................
   1    -41.7176445 -0.417176E+02  0.880E-01    1.44       0.0  T
   2    -41.7183447 -0.700202E-03  0.506E-01    1.53       1.0  T
   3    -41.7183082  0.364126E-04  0.115E-01    1.56       1.0  T
   4    -41.7183991 -0.909003E-04  0.631E-02    1.58       1.0  T
   5    -41.7184795 -0.803550E-04  0.196E-02    1.58       1.0  T
   6    -41.7184802 -0.729367E-06  0.122E-02    1.57       1.6  T
   7    -41.7184813 -0.104665E-05  0.270E-03    1.58       7.4  T
   8    -41.7184814 -0.125941E-06  0.102E-03    1.58      19.6  T
   9    -41.7184814 -0.604426E-08  0.438E-04    1.58      45.7  T
  10    -41.7184814 -0.101754E-08  0.149E-04    1.58     134.3  T
     SCC iter.                  ...        0 min,  0.011 sec
     gradient                   ...        0 min,  0.016 sec
 * total energy  :   -41.2120983 Eh     change        0.2189285E-02 Eh
   gradient norm :     0.0629198 Eh/α   predicted    -0.4193731E-03 (-119.16%)
   displ. norm   :     0.4389459 α      lambda       -0.6674545E-02
   maximum displ.:     0.3674111 α      in ANC's #9, #7, #4, ...

........................................................................
.............................. CYCLE   25 ..............................
........................................................................
   1    -41.7299230 -0.417299E+02  0.580E-01    2.05       0.0  T
   2    -41.7304076 -0.484570E-03  0.325E-01    1.96       1.0  T
   3    -41.7304079 -0.237303E-06  0.874E-02    1.93       1.0  T
   4    -41.7304187 -0.108066E-04  0.477E-02    1.91       1.0  T
   5    -41.7304663 -0.476171E-04  0.120E-02    1.92       1.7  T
   6    -41.7304669 -0.591332E-06  0.732E-03    1.92       2.7  T
   7    -41.7304670 -0.162735E-06  0.239E-03    1.92       8.4  T
   8    -41.7304671 -0.107552E-06  0.645E-04    1.92      31.0  T
     SCC iter.                  ...        0 min,  0.009 sec
     gradient                   ...        0 min,  0.015 sec
 * total energy  :   -41.2145050 Eh     change       -0.2406688E-02 Eh
   gradient norm :     0.0018295 Eh/α   predicted    -0.3980277E-02 (  65.38%)
   displ. norm   :     0.0647925 α      lambda       -0.4145429E-04
   maximum displ.:     0.0528268 α      in ANC's #9, #4, #3, ...

........................................................................
.............................. CYCLE   26 ..............................
........................................................................
   1    -41.7303661 -0.417304E+02  0.729E-02    1.91       0.0  T
   2    -41.7303688 -0.265125E-05  0.423E-02    1.91       1.0  T
   3    -41.7303683  0.451086E-06  0.977E-03    1.91       2.0  T
   4    -41.7303697 -0.142112E-05  0.247E-03    1.91       8.1  T
   5    -41.7303698 -0.371417E-07  0.160E-03    1.91      12.5  T
   6    -41.7303698 -0.185676E-07  0.647E-04    1.91      30.9  T
   7    -41.7303698 -0.185552E-08  0.209E-04    1.91      95.5  T
     SCC iter.                  ...        0 min,  0.008 sec
     gradient                   ...        0 min,  0.015 sec
 * total energy  :   -41.2145542 Eh     change       -0.4916879E-04 Eh
   gradient norm :     0.0024659 Eh/α   predicted    -0.2076697E-04 ( -57.76%)
   displ. norm   :     0.2332683 α      lambda       -0.1821263E-03
   maximum displ.:     0.1880924 α      in ANC's #9, #7, #2, ...

........................................................................
.............................. CYCLE   27 ..............................
........................................................................
   1    -41.7289483 -0.417289E+02  0.276E-01    1.84       0.0  T
   2    -41.7289842 -0.358710E-04  0.159E-01    1.85       1.0  T
   3    -41.7289719  0.123165E-04  0.342E-02    1.85       1.0  T
   4    -41.7289958 -0.239188E-04  0.114E-02    1.85       1.8  T
   5    -41.7289977 -0.196172E-05  0.524E-03    1.85       3.8  T
   6    -41.7289978 -0.657113E-07  0.298E-03    1.85       6.7  T
   7    -41.7289978 -0.438129E-07  0.102E-03    1.85      19.5  T
   8    -41.7289979 -0.199327E-07  0.285E-04    1.85      70.2  T
   9    -41.7289979 -0.329614E-09  0.105E-04    1.85     191.1  T
     SCC iter.                  ...        0 min,  0.010 sec
     gradient                   ...        0 min,  0.015 sec
 * total energy  :   -41.2145907 Eh     change       -0.3647172E-04 Eh
   gradient norm :     0.0130779 Eh/α   predicted    -0.9601893E-04 ( 163.27%)
   displ. norm   :     0.0661474 α      lambda       -0.1323833E-03
   maximum displ.:     0.0531471 α      in ANC's #9, #7, #4, ...

........................................................................
.............................. CYCLE   28 ..............................
........................................................................
   1    -41.7301548 -0.417302E+02  0.813E-02    1.91       0.0  T
   2    -41.7301656 -0.107781E-04  0.464E-02    1.90       1.0  T
   3    -41.7301643  0.127812E-05  0.189E-02    1.90       1.1  T
   4    -41.7301674 -0.306321E-05  0.529E-03    1.89       3.8  T
   5    -41.7301678 -0.460219E-06  0.227E-03    1.90       8.8  T
   6    -41.7301679 -0.578565E-07  0.114E-03    1.89      17.6  T
     SCC iter.                  ...        0 min,  0.007 sec
     gradient                   ...        0 min,  0.015 sec
 * total energy  :   -41.2146527 Eh     change       -0.6205492E-04 Eh
   gradient norm :     0.0057777 Eh/α   predicted    -0.6648911E-04 (   7.15%)
   displ. norm   :     0.0458539 α      lambda       -0.3698413E-04
   maximum displ.:     0.0293821 α      in ANC's #9, #2, #7, ...

........................................................................
.............................. CYCLE   29 ..............................
........................................................................
   1    -41.7303915 -0.417304E+02  0.523E-02    1.90       0.0  T
   2    -41.7303925 -0.987957E-06  0.298E-02    1.90       1.0  T
   3    -41.7303916  0.849916E-06  0.796E-03    1.90       2.5  T
   4    -41.7303930 -0.133583E-05  0.202E-03    1.90       9.9  T
   5    -41.7303930 -0.279279E-07  0.108E-03    1.90      18.5  T
     SCC iter.                  ...        0 min,  0.006 sec
     gradient                   ...        0 min,  0.015 sec
 * total energy  :   -41.2146849 Eh     change       -0.3221164E-04 Eh
   gradient norm :     0.0046629 Eh/α   predicted    -0.1853154E-04 ( -42.47%)
   displ. norm   :     0.2706256 α      lambda       -0.1685975E-03
   maximum displ.:     0.1825882 α      in ANC's #9, #2, #7, ...

........................................................................
.............................. CYCLE   30 ..............................
........................................................................
   1    -41.7298226 -0.417298E+02  0.316E-01    1.87       0.0  T
   2    -41.7298501 -0.274183E-04  0.182E-01    1.88       1.0  T
   3    -41.7298317  0.183679E-04  0.375E-02    1.87       1.0  T
   4    -41.7298648 -0.331489E-04  0.103E-02    1.88       1.9  T
   5    -41.7298653 -0.419325E-06  0.577E-03    1.88       3.5  T
   6    -41.7298654 -0.147446E-06  0.289E-03    1.88       6.9  T
   7    -41.7298655 -0.851142E-07  0.930E-04    1.88      21.5  T
     SCC iter.                  ...        0 min,  0.008 sec
     gradient                   ...        0 min,  0.015 sec
 * total energy  :   -41.2147838 Eh     change       -0.9891704E-04 Eh
   gradient norm :     0.0089623 Eh/α   predicted    -0.9048657E-04 (  -8.52%)
   displ. norm   :     0.1079085 α      lambda       -0.1393475E-03
   maximum displ.:     0.0696793 α      in ANC's #2, #7, #9, ...

........................................................................
.............................. CYCLE   31 ..............................
........................................................................
   1    -41.7307877 -0.417308E+02  0.111E-01    1.93       0.0  T
   2    -41.7308065 -0.188091E-04  0.631E-02    1.92       1.0  T
   3    -41.7308035  0.302723E-05  0.295E-02    1.92       1.0  T
   4    -41.7308108 -0.729910E-05  0.814E-03    1.92       2.5  T
   5    -41.7308119 -0.107073E-05  0.320E-03    1.91       6.2  T
   6    -41.7308120 -0.845578E-07  0.144E-03    1.91      13.8  T
   7    -41.7308120  0.670219E-09  0.818E-04    1.91      24.5  T
     SCC iter.                  ...        0 min,  0.008 sec
     gradient                   ...        0 min,  0.015 sec
 * total energy  :   -41.2148559 Eh     change       -0.7206201E-04 Eh
   gradient norm :     0.0052571 Eh/α   predicted    -0.7048664E-04 (  -2.19%)
   displ. norm   :     0.1715333 α      lambda       -0.8791948E-04
   maximum displ.:     0.1035868 α      in ANC's #9, #2, #1, ...

........................................................................
.............................. CYCLE   32 ..............................
........................................................................
   1    -41.7302454 -0.417302E+02  0.196E-01    1.90       0.0  T
   2    -41.7302555 -0.101630E-04  0.113E-01    1.91       1.0  T
   3    -41.7302490  0.647931E-05  0.237E-02    1.90       1.0  T
   4    -41.7302605 -0.114283E-04  0.729E-03    1.91       2.7  T
   5    -41.7302608 -0.349338E-06  0.403E-03    1.91       5.0  T
   6    -41.7302609 -0.990384E-07  0.152E-03    1.91      13.2  T
   7    -41.7302609 -0.148150E-07  0.734E-04    1.91      27.2  T
     SCC iter.                  ...        0 min,  0.008 sec
     gradient                   ...        0 min,  0.015 sec
 * total energy  :   -41.2149127 Eh     change       -0.5676735E-04 Eh
   gradient norm :     0.0041076 Eh/α   predicted    -0.4525597E-04 ( -20.28%)
   displ. norm   :     0.0657265 α      lambda       -0.5103670E-04
   maximum displ.:     0.0403167 α      in ANC's #2, #9, #1, ...

........................................................................
.............................. CYCLE   33 ..............................
........................................................................
   1    -41.7311340 -0.417311E+02  0.733E-02    1.94       0.0  T
   2    -41.7311391 -0.508381E-05  0.417E-02    1.94       1.0  T
   3    -41.7311380  0.106148E-05  0.135E-02    1.94       1.5  T
   4    -41.7311399 -0.181454E-05  0.439E-03    1.94       4.6  T
   5    -41.7311401 -0.262646E-06  0.201E-03    1.94      10.0  T
   6    -41.7311402 -0.468461E-07  0.841E-04    1.94      23.8  T
     SCC iter.                  ...        0 min,  0.007 sec
     gradient                   ...        0 min,  0.015 sec
 * total energy  :   -41.2149328 Eh     change       -0.2012503E-04 Eh
   gradient norm :     0.0039472 Eh/α   predicted    -0.2563004E-04 (  27.35%)
   displ. norm   :     0.1454897 α      lambda       -0.4433063E-04
   maximum displ.:     0.0927560 α      in ANC's #9, #2, #7, ...

........................................................................
.............................. CYCLE   34 ..............................
........................................................................
   1    -41.7302713 -0.417303E+02  0.176E-01    1.90       0.0  T
   2    -41.7302833 -0.119859E-04  0.101E-01    1.91       1.0  T
   3    -41.7302705  0.128318E-04  0.300E-02    1.91       1.0  T
   4    -41.7302883 -0.178193E-04  0.741E-03    1.91       2.7  T
   5    -41.7302889 -0.631287E-06  0.376E-03    1.91       5.3  T
   6    -41.7302890 -0.668437E-07  0.180E-03    1.91      11.1  T
   7    -41.7302890 -0.116349E-07  0.849E-04    1.91      23.6  T
   8    -41.7302890 -0.116988E-07  0.236E-04    1.91      84.7  T
     SCC iter.                  ...        0 min,  0.009 sec
     gradient                   ...        0 min,  0.015 sec
 * total energy  :   -41.2149491 Eh     change       -0.1632397E-04 Eh
   gradient norm :     0.0048312 Eh/α   predicted    -0.2263915E-04 (  38.69%)
   displ. norm   :     0.0455022 α      lambda       -0.2853306E-04
   maximum displ.:     0.0211439 α      in ANC's #9, #1, #2, ...

........................................................................
.............................. CYCLE   35 ..............................
........................................................................
   1    -41.7310497 -0.417310E+02  0.474E-02    1.94       0.0  T
   2    -41.7310528 -0.314284E-05  0.274E-02    1.93       1.0  T
   3    -41.7310525  0.325998E-06  0.101E-02    1.93       2.0  T
   4    -41.7310533 -0.861419E-06  0.254E-03    1.93       7.9  T
   5    -41.7310534 -0.697367E-07  0.141E-03    1.93      14.2  T
     SCC iter.                  ...        0 min,  0.006 sec
     gradient                   ...        0 min,  0.015 sec
 * total energy  :   -41.2149622 Eh     change       -0.1305461E-04 Eh
   gradient norm :     0.0023907 Eh/α   predicted    -0.1429732E-04 (   9.52%)
   displ. norm   :     0.0394162 α      lambda       -0.9174028E-05
   maximum displ.:     0.0264326 α      in ANC's #9, #2, #3, ...

........................................................................
.............................. CYCLE   36 ..............................
........................................................................
   1    -41.7310286 -0.417310E+02  0.471E-02    1.93       0.0  T
   2    -41.7310290 -0.494778E-06  0.270E-02    1.93       1.0  T
   3    -41.7310286  0.434265E-06  0.583E-03    1.93       3.4  T
   4    -41.7310293 -0.715739E-06  0.153E-03    1.93      13.1  T
   5    -41.7310293 -0.699008E-08  0.872E-04    1.93      22.9  T
   6    -41.7310293 -0.502114E-08  0.328E-04    1.93      60.9  T
     SCC iter.                  ...        0 min,  0.007 sec
     gradient                   ...        0 min,  0.015 sec
 * total energy  :   -41.2149696 Eh     change       -0.7455199E-05 Eh
   gradient norm :     0.0015283 Eh/α   predicted    -0.4595546E-05 ( -38.36%)
   displ. norm   :     0.1578277 α      lambda       -0.1664212E-04
   maximum displ.:     0.1030128 α      in ANC's #9, #2, #3, ...

........................................................................
.............................. CYCLE   37 ..............................
........................................................................
   1    -41.7306685 -0.417307E+02  0.190E-01    1.92       0.0  T
   2    -41.7306766 -0.814361E-05  0.109E-01    1.92       1.0  T
   3    -41.7306675  0.917264E-05  0.249E-02    1.92       1.0  T
   4    -41.7306815 -0.140778E-04  0.575E-03    1.92       3.5  T
   5    -41.7306816 -0.488205E-07  0.341E-03    1.92       5.9  T
   6    -41.7306817 -0.764791E-07  0.144E-03    1.92      13.9  T
   7    -41.7306817 -0.213320E-07  0.549E-04    1.92      36.4  T
   8    -41.7306817 -0.226614E-08  0.179E-04    1.92     111.5  T
     SCC iter.                  ...        0 min,  0.009 sec
     gradient                   ...        0 min,  0.015 sec
 * total energy  :   -41.2149780 Eh     change       -0.8347721E-05 Eh
   gradient norm :     0.0031486 Eh/α   predicted    -0.8416805E-05 (   0.83%)
   displ. norm   :     0.0278831 α      lambda       -0.9497936E-05
   maximum displ.:     0.0163773 α      in ANC's #9, #2, #1, ...

........................................................................
.............................. CYCLE   38 ..............................
........................................................................
   1    -41.7311718 -0.417312E+02  0.312E-02    1.94       0.0  T
   2    -41.7311726 -0.772161E-06  0.177E-02    1.93       1.1  T
   3    -41.7311723  0.262045E-06  0.523E-03    1.93       3.8  T
   4    -41.7311726 -0.350178E-06  0.212E-03    1.93       9.5  T
   5    -41.7311727 -0.747738E-07  0.726E-04    1.93      27.5  T
   6    -41.7311727 -0.331580E-08  0.383E-04    1.93      52.3  T
     SCC iter.                  ...        0 min,  0.007 sec
     gradient                   ...        0 min,  0.015 sec
 * total energy  :   -41.2149830 Eh     change       -0.5062648E-05 Eh
   gradient norm :     0.0010214 Eh/α   predicted    -0.4755636E-05 (  -6.06%)
   displ. norm   :     0.0189293 α      lambda       -0.2980337E-05
   maximum displ.:     0.0096476 α      in ANC's #7, #1, #4, ...

........................................................................
.............................. CYCLE   39 ..............................
........................................................................
   1    -41.7312864 -0.417313E+02  0.196E-02    1.94       0.0  T
   2    -41.7312868 -0.376944E-06  0.115E-02    1.94       1.7  T
   3    -41.7312866  0.160359E-06  0.475E-03    1.94       4.2  T
   4    -41.7312869 -0.275773E-06  0.118E-03    1.94      16.9  T
   5    -41.7312869 -0.235347E-07  0.443E-04    1.94      45.1  T
   6    -41.7312869 -0.108770E-09  0.198E-04    1.94     100.8  T
     SCC iter.                  ...        0 min,  0.007 sec
     gradient                   ...        0 min,  0.015 sec
 * total energy  :   -41.2149858 Eh     change       -0.2725772E-05 Eh
   gradient norm :     0.0010376 Eh/α   predicted    -0.1491233E-05 ( -45.29%)
   displ. norm   :     0.0200390 α      lambda       -0.1861526E-05
   maximum displ.:     0.0114394 α      in ANC's #1, #7, #9, ...

........................................................................
.............................. CYCLE   40 ..............................
........................................................................
   1    -41.7313002 -0.417313E+02  0.217E-02    1.94       0.0  T
   2    -41.7313003 -0.153996E-06  0.125E-02    1.94       1.6  T
   3    -41.7313002  0.151313E-06  0.344E-03    1.94       5.8  T
   4    -41.7313004 -0.216191E-06  0.968E-04    1.94      20.7  T
   5    -41.7313004 -0.976010E-08  0.478E-04    1.94      41.8  T
     SCC iter.                  ...        0 min,  0.006 sec
     gradient                   ...        0 min,  0.015 sec
 * total energy  :   -41.2149874 Eh     change       -0.1672819E-05 Eh
   gradient norm :     0.0004256 Eh/α   predicted    -0.9344714E-06 ( -44.14%)
   displ. norm   :     0.0201320 α      lambda       -0.1004910E-05
   maximum displ.:     0.0132229 α      in ANC's #1, #9, #7, ...

   *** GEOMETRY OPTIMIZATION CONVERGED AFTER 40 ITERATIONS ***

------------------------------------------------------------------------
 total energy gain   :        -0.0102589 Eh       -6.4376 kcal/mol
 total RMSD          :         0.6467018 a0        0.3422 Å
 total power (kW/mol):        -0.6733682 (step)  -19.4115 (real)
------------------------------------------------------------------------

 ANCopt (total)                0 d,  0 h,  0 min,  1.388 sec
 optimizer setup                ...        0 min,  0.000 sec (  0.012%)
 model hessian                  ...        0 min,  0.023 sec (  1.654%)
 ANC generation                 ...        0 min,  0.001 sec (  0.104%)
 coordinate transformation      ...        0 min,  0.001 sec (  0.055%)
 single point calculation       ...        0 min,  1.344 sec ( 96.869%)
 optimization log               ...        0 min,  0.004 sec (  0.289%)
 hessian update                 ...        0 min,  0.001 sec (  0.039%)
 rational function              ...        0 min,  0.011 sec (  0.803%)

================
 final structure:
================
$coord
    2.61970156528622   -2.53897747291917    0.47749794883066      C 
    4.98811451083586   -0.33984428321967    0.33429054619096      S 
    2.82226612328319    2.08777275145423   -0.16790362738001      C 
    0.39402130598916    1.16308793880695   -0.18172969382008      C 
    0.28889814382614   -1.48981240701590    0.18757199337540      C 
   -2.13815769665256   -2.94185474063418    0.32251354741588      C 
   -4.33820089442299   -1.40636052386553   -0.74223477525114      C 
   -4.30256586172492    1.28262643578374    0.32302825345144      C 
   -4.47517422022153    1.10748479855263    3.12580333962910      N 
   -2.79023518972727    1.97890973850418    4.38262430057827      O 
   -6.34457830698249    0.08631222200751    3.94954825210103      O 
   -1.94849863643364    2.72350031994331   -0.48910181118678      C 
    3.81577421856060    4.60706913626203   -0.45000060176619      C 
    2.65954492607841    6.61204717912122   -1.43060705563057      C 
    3.07520611285168   -4.48939418856460    0.77950940709880      H 
   -2.51972228074410   -3.42794557408038    2.29783194496902      H 
   -1.95500094390261   -4.71932769232145   -0.70870791332353      H 
   -6.12489021975984   -2.31765504338559   -0.26398853929089      H 
   -4.19272609018210   -1.28845023145235   -2.79575982090286      H 
   -6.01274932893469    2.28593904730591   -0.27373578358576      H 
   -1.76380332187756    4.45659802235324    0.61916078080133      H 
   -2.17902557562087    3.25426910095740   -2.47416528586912      H 
    5.74780318865245    4.80436401140613    0.19525628698514      H 
    0.77899274520537    6.55765637974631   -2.19177013461620      H 
    3.61378653741863    8.40499252307971   -1.53372815372955      H 
$end
           -------------------------------------------------
          |                Final Singlepoint                |
           -------------------------------------------------

          ...................................................
          :                      SETUP                      :
          :.................................................:
          :  # basis functions                  73          :
          :  # atomic orbitals                  72          :
          :  # shells                           40          :
          :  # electrons                        74          :
          :  max. iterations                   250          :
          :  Hamiltonian                  GFN2-xTB          :
          :  restarted?                      false          :
          :  GBSA solvation                  false          :
          :  PC potential                    false          :
          :  electronic temp.          300.0000000     K    :
          :  accuracy                    1.0000000          :
          :  -> integral cutoff          0.2500000E+02      :
          :  -> integral neglect         0.1000000E-07      :
          :  -> SCF convergence          0.1000000E-05 Eh   :
          :  -> wf. convergence          0.1000000E-03 e    :
          :  Broyden damping             0.4000000          :
          ...................................................

 iter      E             dE          RMSdq      gap      omega  full diag
   1    -41.7313004 -0.417313E+02  0.187E-04    1.94       0.0  T
   2    -41.7313004 -0.751044E-10  0.892E-05    1.94     224.1  T
   3    -41.7313004 -0.765112E-10  0.765E-05    1.94     261.4  T

   *** convergence criteria satisfied after 3 iterations ***

         #    Occupation            Energy/Eh            Energy/eV
      -------------------------------------------------------------
         1        2.0000           -0.7787174             -21.1900
       ...           ...                  ...                  ...
        31        2.0000           -0.4549354             -12.3794
        32        2.0000           -0.4495576             -12.2331
        33        2.0000           -0.4403845             -11.9835
        34        2.0000           -0.4339706             -11.8089
        35        2.0000           -0.4323534             -11.7649
        36        2.0000           -0.3927312             -10.6868
        37        2.0000           -0.3783281             -10.2948 (HOMO)
        38                         -0.3071994              -8.3593 (LUMO)
        39                         -0.2648566              -7.2071
        40                         -0.2067081              -5.6248
        41                         -0.1989873              -5.4147
        42                         -0.1527362              -4.1562
       ...                                ...                  ...
        72                          0.6765863              18.4108
      -------------------------------------------------------------
                  HL-Gap            0.0711287 Eh            1.9355 eV
             Fermi-level           -0.3427637 Eh           -9.3271 eV

 SCC (total)                   0 d,  0 h,  0 min,  0.030 sec
 SCC setup                      ...        0 min,  0.000 sec (  0.664%)
 Dispersion                     ...        0 min,  0.000 sec (  0.737%)
 integral evaluation            ...        0 min,  0.009 sec ( 31.557%)
 zeroth order Hamiltonian       ...        0 min,  0.000 sec (  0.628%)
 iterations                     ...        0 min,  0.004 sec ( 14.016%)
 molecular gradient             ...        0 min,  0.015 sec ( 51.061%)
 printout                       ...        0 min,  0.000 sec (  1.142%)

         :::::::::::::::::::::::::::::::::::::::::::::::::::::
         ::                     SUMMARY                     ::
         :::::::::::::::::::::::::::::::::::::::::::::::::::::
         :: total energy             -41.214987441817 Eh    ::
         :: gradient norm              0.000432319014 Eh/a0 ::
         :: HOMO-LUMO gap              1.935509265314 eV    ::
         ::.................................................::
         :: SCC energy               -41.731300404389 Eh    ::
         :: -> isotropic ES            0.049391627381 Eh    ::
         :: -> anisotropic ES          0.009983205176 Eh    ::
         :: -> anisotropic XC          0.011259755797 Eh    ::
         :: -> dispersion             -0.027047224330 Eh    ::
         :: repulsion energy           0.516039232579 Eh    ::
         :: add. restraining           0.000000000000 Eh    ::
         :::::::::::::::::::::::::::::::::::::::::::::::::::::

           -------------------------------------------------
          |                Property Printout                |
           -------------------------------------------------

    * Orbital Energies and Occupations

         #    Occupation            Energy/Eh            Energy/eV
      -------------------------------------------------------------
         1        2.0000           -0.7787174             -21.1900
       ...           ...                  ...                  ...
        25        2.0000           -0.4895886             -13.3224
        26        2.0000           -0.4784712             -13.0199
        27        2.0000           -0.4757981             -12.9471
        28        2.0000           -0.4690329             -12.7630
        29        2.0000           -0.4595545             -12.5051
        30        2.0000           -0.4571518             -12.4397
        31        2.0000           -0.4549354             -12.3794
        32        2.0000           -0.4495576             -12.2331
        33        2.0000           -0.4403845             -11.9835
        34        2.0000           -0.4339706             -11.8089
        35        2.0000           -0.4323534             -11.7649
        36        2.0000           -0.3927312             -10.6868
        37        2.0000           -0.3783281             -10.2948 (HOMO)
        38                         -0.3071994              -8.3593 (LUMO)
        39                         -0.2648566              -7.2071
        40                         -0.2067081              -5.6248
        41                         -0.1989873              -5.4147
        42                         -0.1527362              -4.1562
        43                         -0.1161239              -3.1599
        44                         -0.0431972              -1.1755
        45                         -0.0052191              -0.1420
        46                          0.0306441               0.8339
        47                          0.0329293               0.8961
        48                          0.0537823               1.4635
       ...                                ...                  ...
        72                          0.6765863              18.4108
      -------------------------------------------------------------
                  HL-Gap            0.0711287 Eh            1.9355 eV
             Fermi-level           -0.3427637 Eh           -9.3271 eV

     #   Z        covCN         q      C6AA      α(0)
     1   6 C      2.938    -0.033    28.818     8.804
     2  16 S      2.344    -0.031   142.352    20.081
     3   6 C      2.986     0.015    27.667     8.628
     4   6 C      3.157    -0.010    27.941     8.642
     5   6 C      3.162    -0.009    27.913     8.636
     6   6 C      3.807    -0.058    21.617     6.619
     7   6 C      3.808    -0.058    21.615     6.618
     8   6 C      3.792    -0.016    20.871     6.506
     9   7 N      2.755     0.551    13.471     5.451
    10   8 O      0.927    -0.367    20.997     6.145
    11   8 O      0.929    -0.386    21.361     6.198
    12   6 C      3.808    -0.058    21.620     6.619
    13   6 C      2.937    -0.029    28.718     8.789
    14   6 C      2.838    -0.094    30.341     9.027
    15   1 H      0.926     0.043     2.408     2.426
    16   1 H      0.924     0.049     2.329     2.387
    17   1 H      0.924     0.048     2.348     2.396
    18   1 H      0.924     0.060     2.194     2.316
    19   1 H      0.924     0.056     2.241     2.341
    20   1 H      0.924     0.072     2.067     2.248
    21   1 H      0.924     0.071     2.077     2.254
    22   1 H      0.924     0.055     2.255     2.348
    23   1 H      0.925     0.046     2.370     2.407
    24   1 H      0.926     0.039     2.457     2.451
    25   1 H      0.926     0.043     2.414     2.430

 Mol. C6AA /au·bohr⁶  :       8421.864627
 Mol. C8AA /au·bohr⁸  :     221531.898843
 Mol. α(0) /au        :        142.768661


Wiberg/Mayer (AO) data.
largest (>0.10) Wiberg bond orders for each atom
          total WBO             WBO to atom ...
     1  C   3.947        C    5 1.576    S    2 1.200    H   15 0.970    C    3 0.103
     2  S   2.618        C    1 1.200    C    3 1.134
     3  C   3.947        C    4 1.500    S    2 1.134    C   13 1.131    C    1 0.103
     4  C   3.983        C    3 1.500    C    5 1.251    C   12 1.009
     5  C   3.985        C    1 1.576    C    4 1.251    C    6 1.007
     6  C   3.996        C    5 1.007    C    7 1.006    H   17 0.968    H   16 0.960
     7  C   3.990        C    6 1.006    C    8 0.977    H   18 0.973    H   19 0.972
     8  C   3.968        C   12 1.000    C    7 0.977    H   20 0.947    N    9 0.897
     9  N   3.907        O   10 1.494    O   11 1.475    C    8 0.897
    10  O   1.965        N    9 1.494    O   11 0.373
    11  O   1.941        N    9 1.475    O   10 0.373
    12  C   3.993        C    4 1.009    C    8 1.000    H   21 0.957    H   22 0.955
    13  C   3.991        C   14 1.866    C    3 1.131    H   23 0.962
    14  C   3.991        C   13 1.866    H   25 0.977    H   24 0.973
    15  H   0.998        C    1 0.970
    16  H   0.997        C    6 0.960
    17  H   0.997        C    6 0.968
    18  H   0.995        C    7 0.973
    19  H   0.997        C    7 0.972
    20  H   0.994        C    8 0.947
    21  H   0.995        C   12 0.957
    22  H   0.997        C   12 0.955
    23  H   0.997        C   13 0.962
    24  H   0.998        C   14 0.973
    25  H   0.998        C   14 0.977

molecular dipole:
                 x           y           z       tot (Debye)
 q only:        0.081      -0.002      -1.559
   full:       -0.255      -0.003      -1.614       4.152
molecular quadrupole (traceless):
                xx          xy          yy          xz          yz          zz
 q only:       -0.762      -0.508       8.527      10.947      -2.789      -7.764
  q+dip:       -2.734      -2.207      11.793      12.278      -3.809      -9.059
   full:       -3.323      -2.363      11.647      11.749      -3.317      -8.324

           -------------------------------------------------
          |                Geometry Summary                 |
           -------------------------------------------------

      molecular mass/u    :      209.2624000
   center of mass at/Å    :       -0.1569515       0.4364341       0.3934109
  moments of inertia/u·Å² :        0.4908791E+03   0.1035811E+04   0.1275698E+04
rotational constants/cm⁻¹ :        0.3434172E-01   0.1627482E-01   0.1321444E-01

 * 23 selected distances

     #   Z        #   Z                                     value/Å
     1   6 C      2  16 S                                 1.7119580
     2  16 S      3   6 C                                 1.7419839 (max)
     3   6 C      4   6 C                                 1.3750064
     1   6 C      5   6 C                                 1.3612769
     4   6 C      5   6 C                                 1.4184828
     5   6 C      6   6 C                                 1.4983508
     6   6 C      7   6 C                                 1.5274463
     7   6 C      8   6 C                                 1.5306589
     9   7 N     10   8 O                                 1.2041544
     9   7 N     11   8 O                                 1.2085673
     8   6 C     12   6 C                                 1.5224592
    13   6 C     14   6 C                                 1.3301618
     1   6 C     15   1 H                                 1.0718708 (min)
     6   6 C     16   1 H                                 1.0952510
     6   6 C     17   1 H                                 1.0917447
     7   6 C     18   1 H                                 1.0911111
     7   6 C     19   1 H                                 1.0911875
     8   6 C     20   1 H                                 1.0957281
    12   6 C     21   1 H                                 1.0929767
    12   6 C     22   1 H                                 1.0941737
    13   6 C     23   1 H                                 1.0829426
    14   6 C     24   1 H                                 1.0739566
    14   6 C     25   1 H                                 1.0761785

 * 4 distinct bonds (by element types)

   Z      Z             #   av. dist./Å        max./Å        min./Å
   1 H    6 C          11     1.0870110     1.0957281     1.0718708
   6 C    6 C           8     1.4454804     1.5306589     1.3301618
   7 N    8 O           2     1.2063609     1.2085673     1.2041544
   6 C   16 S           2     1.7269709     1.7419839     1.7119580


optimized geometry written to: xtbopt.xyz


           -------------------------------------------------
          | TOTAL ENERGY              -41.214987441817 Eh   |
          | GRADIENT NORM               0.000432319014 Eh/α |
          | HOMO-LUMO GAP               1.935509265314 eV   |
           -------------------------------------------------

------------------------------------------------------------------------
 * finished run on 2021/05/19 at 10:59:52.004     
------------------------------------------------------------------------
 total:
 * wall-time:     0 d,  0 h,  0 min,  1.491 sec
 *  cpu-time:     0 d,  0 h,  0 min,  1.477 sec
 * ratio c/w:     0.991 speedup
 SCF:
 * wall-time:     0 d,  0 h,  0 min,  0.042 sec
 *  cpu-time:     0 d,  0 h,  0 min,  0.041 sec
 * ratio c/w:     0.998 speedup
 ANC optimizer:
 * wall-time:     0 d,  0 h,  0 min,  1.418 sec
 *  cpu-time:     0 d,  0 h,  0 min,  1.415 sec
 * ratio c/w:     0.998 speedup

