      -----------------------------------------------------------      
     |                   =====================                   |     
     |                           x T B                           |     
     |                   =====================                   |     
     |                         S. Grimme                         |     
     |          Mulliken Center for Theoretical Chemistry        |     
     |                    University of Bonn                     |     
     |                Version 6.2 RC2 (SAW190805)                |     
      -----------------------------------------------------------      

   This program is distributed in the hope that it will be useful,
   but WITHOUT ANY WARRANTY; without even the implied warranty of
   MERCHANTABILITY or FITNESS FOR A PARTICULAR PURPOSE.
   
   FOR NON-COMMERCIAL, ACADEMIA USE ONLY.
   
   Cite this work as:
   * S. Grimme, C. Bannwarth, P. Shushkov, J. Chem. Theory Comput., 2017,
     13, 1989-2009. DOI: 10.1021/acs.jctc.7b00118
   * C. Bannwarth, S. Ehlert and S. Grimme., J. Chem. Theory Comput., 2019,
     15, 1652-1671. DOI: 10.1021/acs.jctc.8b01176
   * P. Pracht, E. Caldeweyher, S. Ehlert, S. Grimme, ChemRxiv, 2019, preprint.
     DOI: 10.26434/chemrxiv.8326202.v1
   
   for DFT-D4:
   * E. Caldeweyher, C. Bannwarth and S. Grimme, J. Chem. Phys., 2017,
     147, 034112. DOI: 10.1063/1.4993215
   * E. Caldeweyher, S. Ehlert, A. Hansen, H. Neugebauer, S. Spicher,
     C. Bannwarth and S. Grimme, J. Chem. Phys., 2019, 150, 154122.
     DOI: 10.1063/1.5090222
   
   for sTDA-xTB:
   * S. Grimme and C. Bannwarth, J. Chem. Phys., 2016, 145, 054103.
     DOI: 10.1063/1.4959605
   
   in the mass-spec context:
   * V. Asgeirsson, C. Bauer and S. Grimme, Chem. Sci., 2017, 8, 4879.
     DOI: 10.1039/c7sc00601b
   
   for metadynamics refer to:
   * S. Grimme, J. Chem. Theory Comput., 2019, 155, 2847-2862
     DOI: 10.1021/acs.jctc.9b00143
   
   with help from (in alphabetical order)
   C. Bannwarth, F. Bohle, G. Brandenburg, E. Caldeweyher, M. Checinski,
   S. Dohm, S. Ehlert, S. Ehrlich, F. März, H. Neugebauer, J. Pisarek,
   P. Pracht, P. Shushkov, and S. Spicher.
   
 * started run on 2021/05/19 at 11:00:10.391     

           -------------------------------------------------
          |                Calculation Setup                |
           -------------------------------------------------

          program call               : /ihome/ghutchison/geoffh/xtb/xtb 685.xyz -opt
          hostname                   : smp-n144
          coordinate file            : 685.xyz
          omp threads                :                     1
          number of atoms            :                    21
          number of electrons        :                    62
          charge                     :                     0
          spin                       :                   0.0
          first test random number   :      0.11593979776599


########################################################################
# WARNING! Please study the warnings concerning your input carefully
#  - the use of '-opt' is discouraged, please use '--opt' next time
########################################################################

           ------------------------------------------------- 
          |                 G F N 2 - x T B                 |
          | Geometry, Frequencies, Noncovalent interactions |
          |            JCTC 2019 parametrisation            |
           ------------------------------------------------- 
             KAB for C  - Si     :                1.0500
             KAB for H  - Pd     :                0.9500
             k(s)              :                1.8500
             k(p)              :                2.2300
             k(d)              :                2.2300
             k(f)              :                2.0000
             kEN (H0ij)        :               -2.0000
             D4 a1             :                0.5200
             D4 a2             :                5.0000
             D4 s6             :                1.0000
             D4 s8             :                2.7000
             D4 s9             :                5.0000
             alphaj            :                2.0000

  Z AO/shell   Hii/eV     exponent
  1     Wed Apr 25 08:07:45 CEST 2018   EN: 2.200 GM2: 0.406  GM3: 0.0800  RAES: 1.40
     1s    -10.707211    1.230000
  6     Wed Apr 25 08:07:45 CEST 2018   EN: 2.550 GM2: 0.538  GM3: 0.1500  RAES: 3.00
     2s    -13.970922    2.096432
     2p    -10.063292    1.800000
  7     Wed Apr 25 08:07:45 CEST 2018   EN: 3.040 GM2: 0.461  GM3:-0.0640  RAES: 1.90
     2s    -16.686243    2.339881
     2p    -12.523956    2.014332
 16     Tue Apr 24 11:44:34 CEST 2018   EN: 2.580 GM2: 0.340  GM3:-0.0502  RAES: 3.10
     3s    -20.029654    1.981333
     3p    -11.377694    2.025643
     3d     -0.420282    1.702555

           ------------------------------------------------- 
          |        Self-Consistent Charge Iterations        |
           ------------------------------------------------- 

          ...................................................
          :                      SETUP                      :
          :.................................................:
          :  # basis functions                  69          :
          :  # atomic orbitals                  67          :
          :  # shells                           35          :
          :  # electrons                        62          :
          :  max. iterations                   250          :
          :  Hamiltonian                  GFN2-xTB          :
          :  restarted?                      false          :
          :  GBSA solvation                  false          :
          :  PC potential                    false          :
          :  electronic temp.          300.0000000     K    :
          :  accuracy                    1.0000000          :
          :  -> integral cutoff          0.2500000E+02      :
          :  -> integral neglect         0.1000000E-07      :
          :  -> SCF convergence          0.1000000E-05 Eh   :
          :  -> wf. convergence          0.1000000E-03 e    :
          :  Broyden damping             0.4000000          :
          ...................................................

 iter      E             dE          RMSdq      gap      omega  full diag
   1    -33.6546812 -0.336547E+02  0.460E+00    2.32       0.0  T
   2    -33.6876720 -0.329908E-01  0.246E+00    2.14       1.0  T
   3    -33.6780439  0.962805E-02  0.134E+00    2.05       1.0  T
   4    -33.6927943 -0.147504E-01  0.528E-01    2.18       1.0  T
   5    -33.6954843 -0.268995E-02  0.220E-01    2.13       1.0  T
   6    -33.6956308 -0.146522E-03  0.109E-01    2.11       1.0  T
   7    -33.6957930 -0.162168E-03  0.400E-02    2.13       1.0  T
   8    -33.6958129 -0.199415E-04  0.180E-02    2.12       1.2  T
   9    -33.6958150 -0.205547E-05  0.100E-02    2.12       2.2  T
  10    -33.6958153 -0.367372E-06  0.281E-03    2.12       7.8  T
  11    -33.6958154 -0.660964E-07  0.166E-03    2.12      13.1  T
  12    -33.6958154 -0.143983E-07  0.688E-04    2.12      31.7  T
  13    -33.6958154 -0.266835E-08  0.206E-04    2.12     105.9  T

   *** convergence criteria satisfied after 13 iterations ***

         #    Occupation            Energy/Eh            Energy/eV
      -------------------------------------------------------------
         1        2.0000           -0.7398229             -20.1316
       ...           ...                  ...                  ...
        25        2.0000           -0.4475521             -12.1785
        26        2.0000           -0.4401219             -11.9763
        27        2.0000           -0.4339457             -11.8083
        28        2.0000           -0.4248237             -11.5600
        29        2.0000           -0.4007169             -10.9041
        30        2.0000           -0.3892822             -10.5929
        31        2.0000           -0.3731429             -10.1537 (HOMO)
        32                         -0.2951224              -8.0307 (LUMO)
        33                         -0.2437363              -6.6324
        34                         -0.2338258              -6.3627
        35                         -0.2061514              -5.6097
        36                         -0.1869083              -5.0860
       ...                                ...                  ...
        67                          0.7149731              19.4554
      -------------------------------------------------------------
                  HL-Gap            0.0780205 Eh            2.1230 eV
             Fermi-level           -0.3341326 Eh           -9.0922 eV

 SCC (total)                   0 d,  0 h,  0 min,  0.038 sec
 SCC setup                      ...        0 min,  0.000 sec (  0.752%)
 Dispersion                     ...        0 min,  0.000 sec (  0.741%)
 integral evaluation            ...        0 min,  0.009 sec ( 23.209%)
 zeroth order Hamiltonian       ...        0 min,  0.000 sec (  0.454%)
 iterations                     ...        0 min,  0.015 sec ( 38.997%)
 molecular gradient             ...        0 min,  0.013 sec ( 34.736%)
 printout                       ...        0 min,  0.000 sec (  0.949%)

         :::::::::::::::::::::::::::::::::::::::::::::::::::::
         ::                     SUMMARY                     ::
         :::::::::::::::::::::::::::::::::::::::::::::::::::::
         :: total energy             -33.235854483911 Eh    ::
         :: gradient norm              0.117536614659 Eh/a0 ::
         :: HOMO-LUMO gap              2.123044825447 eV    ::
         ::.................................................::
         :: SCC energy               -33.695815411004 Eh    ::
         :: -> isotropic ES            0.010914776511 Eh    ::
         :: -> anisotropic ES          0.003096517045 Eh    ::
         :: -> anisotropic XC          0.019461339743 Eh    ::
         :: -> dispersion             -0.022379347790 Eh    ::
         :: repulsion energy           0.459960482190 Eh    ::
         :: add. restraining           0.000000000000 Eh    ::
         :::::::::::::::::::::::::::::::::::::::::::::::::::::

      ----------------------------------------------------------- 
     |                   =====================                   |
     |                        A N C O P T                        |
     |                   =====================                   |
     |               Approximate Normal Coordinate               |
     |                Rational Function Optimizer                |
      ----------------------------------------------------------- 

          ...................................................
          :                      SETUP                      :
          :.................................................:
          :   optimization level            normal          :
          :   max. optcycles                   200          :
          :   ANC micro-cycles                  20          :
          :   degrees of freedom                57          :
          :.................................................:
          :   RF solver                   davidson          :
          :   input Hessian                  false          :
          :   write xtbopt.log                true          :
          :   linear?                        false          :
          :   energy convergence         0.5000000E-05 Eh   :
          :   grad. convergence          0.1000000E-02 Eh/α :
          :   maximium RF displ.         2.0000000          :
          :   Hlow (freq-cutoff)         0.5000000E-02      :
          :   Hmax (freq-cutoff)         5.0000000          :
          :   S6 in model hess.         20.0000000          :
          ...................................................

generating ANC from model Hessian ...
Using Lindh-Hessian (1995)
 Shifting diagonal of input Hessian by   3.861826308063200E-003
 Lowest  eigenvalues of input Hessian
   -0.000000   -0.000000   -0.000000   -0.000000    0.000000    0.000000
    0.005000    0.006182    0.008034    0.008812    0.009588    0.012877
    0.017475    0.019641    0.022000    0.024111    0.041402    0.042312
 Highest eigenvalues
    1.578292    1.745749    1.779254    1.919565    1.963724    2.100780
 

........................................................................
.............................. CYCLE    1 ..............................
........................................................................
   1    -33.6958154 -0.336958E+02  0.779E-05    2.12       0.0  T
   2    -33.6958154 -0.108287E-10  0.439E-05    2.12     496.9  T
   3    -33.6958154 -0.405009E-12  0.337E-05    2.12     648.3  T
     SCC iter.                  ...        0 min,  0.004 sec
     gradient                   ...        0 min,  0.013 sec
 * total energy  :   -33.2358544 Eh     change        0.3429624E-07 Eh
   gradient norm :     0.1175362 Eh/α   predicted     0.0000000E+00 (-100.00%)
   displ. norm   :     0.1988820 α      lambda       -0.1506611E-01
   maximum displ.:     0.0902004 α      in ANC's #37, #8, #32, ...

........................................................................
.............................. CYCLE    2 ..............................
........................................................................
   1    -33.7191232 -0.337191E+02  0.443E-01    2.28       0.0  T
   2    -33.7192687 -0.145473E-03  0.228E-01    2.22       1.0  T
   3    -33.7190744  0.194265E-03  0.137E-01    2.27       1.0  T
   4    -33.7194003 -0.325914E-03  0.381E-02    2.24       1.0  T
   5    -33.7194034 -0.312442E-05  0.204E-02    2.24       1.1  T
   6    -33.7194045 -0.111666E-05  0.987E-03    2.24       2.2  T
   7    -33.7194060 -0.149531E-05  0.298E-03    2.24       7.3  T
   8    -33.7194061 -0.225113E-07  0.194E-03    2.24      11.2  T
     SCC iter.                  ...        0 min,  0.008 sec
     gradient                   ...        0 min,  0.012 sec
 * total energy  :   -33.2460585 Eh     change       -0.1020406E-01 Eh
   gradient norm :     0.0526860 Eh/α   predicted    -0.7831022E-02 ( -23.26%)
   displ. norm   :     0.1241125 α      lambda       -0.3829314E-02
   maximum displ.:     0.0400596 α      in ANC's #3, #6, #37, ...

........................................................................
.............................. CYCLE    3 ..............................
........................................................................
   1    -33.7302831 -0.337303E+02  0.216E-01    2.33       0.0  T
   2    -33.7303467 -0.636373E-04  0.126E-01    2.30       1.0  T
   3    -33.7303191  0.276038E-04  0.874E-02    2.32       1.0  T
   4    -33.7304047 -0.855213E-04  0.288E-02    2.31       1.0  T
   5    -33.7304127 -0.800123E-05  0.123E-02    2.31       1.8  T
   6    -33.7304133 -0.661720E-06  0.642E-03    2.31       3.4  T
   7    -33.7304137 -0.408284E-06  0.183E-03    2.31      11.9  T
   8    -33.7304137 -0.108427E-07  0.124E-03    2.31      17.6  T
     SCC iter.                  ...        0 min,  0.008 sec
     gradient                   ...        0 min,  0.012 sec
 * total energy  :   -33.2480742 Eh     change       -0.2015705E-02 Eh
   gradient norm :     0.0185552 Eh/α   predicted    -0.1944151E-02 (  -3.55%)
   displ. norm   :     0.0802688 α      lambda       -0.4110618E-03
   maximum displ.:     0.0469485 α      in ANC's #3, #6, #17, ...

........................................................................
.............................. CYCLE    4 ..............................
........................................................................
   1    -33.7287879 -0.337288E+02  0.788E-02    2.30       0.0  T
   2    -33.7287893 -0.139870E-05  0.456E-02    2.30       1.0  T
   3    -33.7287803  0.907091E-05  0.359E-02    2.30       1.0  T
   4    -33.7287986 -0.183623E-04  0.779E-03    2.30       2.8  T
   5    -33.7287990 -0.315155E-06  0.420E-03    2.30       5.2  T
   6    -33.7287991 -0.151178E-06  0.155E-03    2.30      14.1  T
   7    -33.7287991 -0.975840E-08  0.729E-04    2.30      29.9  T
     SCC iter.                  ...        0 min,  0.008 sec
     gradient                   ...        0 min,  0.013 sec
 * total energy  :   -33.2483636 Eh     change       -0.2894130E-03 Eh
   gradient norm :     0.0082467 Eh/α   predicted    -0.2068615E-03 ( -28.52%)
   displ. norm   :     0.0794685 α      lambda       -0.1540670E-03
   maximum displ.:     0.0483703 α      in ANC's #3, #6, #2, ...

........................................................................
.............................. CYCLE    5 ..............................
........................................................................
   1    -33.7277965 -0.337278E+02  0.802E-02    2.29       0.0  T
   2    -33.7277984 -0.189935E-05  0.428E-02    2.30       1.0  T
   3    -33.7277852  0.131619E-04  0.326E-02    2.29       1.0  T
   4    -33.7278033 -0.180691E-04  0.703E-03    2.30       3.1  T
   5    -33.7278034 -0.118364E-06  0.407E-03    2.30       5.4  T
   6    -33.7278036 -0.154218E-06  0.124E-03    2.30      17.6  T
   7    -33.7278036 -0.702803E-08  0.627E-04    2.30      34.8  T
     SCC iter.                  ...        0 min,  0.007 sec
     gradient                   ...        0 min,  0.013 sec
 * total energy  :   -33.2484406 Eh     change       -0.7699704E-04 Eh
   gradient norm :     0.0020714 Eh/α   predicted    -0.7752141E-04 (   0.68%)
   displ. norm   :     0.0286998 α      lambda       -0.1751720E-04
   maximum displ.:     0.0193541 α      in ANC's #3, #2, #4, ...

........................................................................
.............................. CYCLE    6 ..............................
........................................................................
   1    -33.7279370 -0.337279E+02  0.285E-02    2.30       0.0  T
   2    -33.7279373 -0.253685E-06  0.149E-02    2.30       1.5  T
   3    -33.7279373  0.181930E-07  0.323E-03    2.30       6.8  T
   4    -33.7279373 -0.470043E-07  0.199E-03    2.30      11.0  T
   5    -33.7279374 -0.288808E-07  0.924E-04    2.30      23.6  T
   6    -33.7279374 -0.987670E-08  0.295E-04    2.30      74.0  T
     SCC iter.                  ...        0 min,  0.007 sec
     gradient                   ...        0 min,  0.013 sec
 * total energy  :   -33.2484474 Eh     change       -0.6739341E-05 Eh
   gradient norm :     0.0015072 Eh/α   predicted    -0.8766036E-05 (  30.07%)
   displ. norm   :     0.0249085 α      lambda       -0.7018274E-05
   maximum displ.:     0.0136783 α      in ANC's #2, #3, #1, ...

........................................................................
.............................. CYCLE    7 ..............................
........................................................................
   1    -33.7282359 -0.337282E+02  0.209E-02    2.30       0.0  T
   2    -33.7282361 -0.189763E-06  0.108E-02    2.30       2.0  T
   3    -33.7282358  0.272276E-06  0.485E-03    2.30       4.5  T
   4    -33.7282361 -0.326477E-06  0.181E-03    2.30      12.0  T
   5    -33.7282361 -0.258756E-07  0.816E-04    2.30      26.7  T
   6    -33.7282361 -0.355308E-08  0.263E-04    2.30      82.9  T
     SCC iter.                  ...        0 min,  0.007 sec
     gradient                   ...        0 min,  0.013 sec
 * total energy  :   -33.2484528 Eh     change       -0.5445715E-05 Eh
   gradient norm :     0.0006227 Eh/α   predicted    -0.3511639E-05 ( -35.52%)
   displ. norm   :     0.0245389 α      lambda        0.6286597E-05
   maximum displ.:     0.0136807 α      in ANC's #2, #3, #1, ...

........................................................................
.............................. CYCLE    8 ..............................
........................................................................
   1    -33.7285098 -0.337285E+02  0.208E-02    2.30       0.0  T
   2    -33.7285100 -0.187857E-06  0.107E-02    2.30       2.0  T
   3    -33.7285098  0.267636E-06  0.483E-03    2.30       4.5  T
   4    -33.7285101 -0.320808E-06  0.180E-03    2.30      12.1  T
   5    -33.7285101 -0.257467E-07  0.809E-04    2.30      27.0  T
   6    -33.7285101 -0.346336E-08  0.256E-04    2.30      85.3  T
     SCC iter.                  ...        0 min,  0.007 sec
     gradient                   ...        0 min,  0.013 sec
 * total energy  :   -33.2484482 Eh     change        0.4592003E-05 Eh
   gradient norm :     0.0016384 Eh/α   predicted     0.3141290E-05 ( -31.59%)
   displ. norm   :     0.0160558 α      lambda       -0.9504878E-05
   maximum displ.:     0.0064016 α      in ANC's #10, #7, #8, ...

........................................................................
.............................. CYCLE    9 ..............................
........................................................................
   1    -33.7283378 -0.337283E+02  0.296E-02    2.30       0.0  T
   2    -33.7283381 -0.295084E-06  0.141E-02    2.30       1.5  T
   3    -33.7283379  0.121888E-06  0.386E-03    2.30       5.7  T
   4    -33.7283381 -0.204711E-06  0.178E-03    2.30      12.3  T
   5    -33.7283381 -0.990514E-08  0.604E-04    2.30      36.1  T
   6    -33.7283382 -0.517901E-08  0.125E-04    2.30     175.3  T
     SCC iter.                  ...        0 min,  0.007 sec
     gradient                   ...        0 min,  0.013 sec
 * total energy  :   -33.2484548 Eh     change       -0.6626744E-05 Eh
   gradient norm :     0.0007753 Eh/α   predicted    -0.4754737E-05 ( -28.25%)
   displ. norm   :     0.0160286 α      lambda        0.1163423E-04
   maximum displ.:     0.0064005 α      in ANC's #10, #7, #8, ...

........................................................................
.............................. CYCLE   10 ..............................
........................................................................
   1    -33.7281355 -0.337281E+02  0.295E-02    2.30       0.0  T
   2    -33.7281358 -0.293379E-06  0.141E-02    2.30       1.5  T
   3    -33.7281357  0.131449E-06  0.393E-03    2.30       5.6  T
   4    -33.7281359 -0.215470E-06  0.177E-03    2.30      12.3  T
   5    -33.7281359 -0.991822E-08  0.586E-04    2.30      37.2  T
   6    -33.7281359 -0.475767E-08  0.122E-04    2.30     179.2  T
     SCC iter.                  ...        0 min,  0.007 sec
     gradient                   ...        0 min,  0.013 sec
 * total energy  :   -33.2484461 Eh     change        0.8736596E-05 Eh
   gradient norm :     0.0014161 Eh/α   predicted     0.5817734E-05 ( -33.41%)
   displ. norm   :     0.0198181 α      lambda       -0.1420136E-04
   maximum displ.:     0.0088942 α      in ANC's #7, #10, #2, ...

........................................................................
.............................. CYCLE   11 ..............................
........................................................................
   1    -33.7281465 -0.337281E+02  0.421E-02    2.30       0.0  T
   2    -33.7281472 -0.632868E-06  0.199E-02    2.30       1.1  T
   3    -33.7281473 -0.145037E-06  0.264E-03    2.30       8.3  T
   4    -33.7281473 -0.140179E-08  0.143E-03    2.30      15.3  T
   5    -33.7281473 -0.918035E-08  0.381E-04    2.30      57.3  T
   6    -33.7281473 -0.181270E-08  0.171E-04    2.30     127.3  T
     SCC iter.                  ...        0 min,  0.007 sec
     gradient                   ...        0 min,  0.013 sec
 * total energy  :   -33.2484562 Eh     change       -0.1005864E-04 Eh
   gradient norm :     0.0004645 Eh/α   predicted    -0.7103154E-05 ( -29.38%)
   displ. norm   :     0.0148184 α      lambda       -0.1694161E-05
   maximum displ.:     0.0113831 α      in ANC's #2, #5, #3, ...

........................................................................
.............................. CYCLE   12 ..............................
........................................................................
   1    -33.7283230 -0.337283E+02  0.162E-02    2.30       0.0  T
   2    -33.7283231 -0.853713E-07  0.794E-03    2.30       2.7  T
   3    -33.7283230  0.119638E-06  0.313E-03    2.30       7.0  T
   4    -33.7283231 -0.153868E-06  0.104E-03    2.30      20.9  T
   5    -33.7283231 -0.322831E-08  0.439E-04    2.30      49.7  T
   6    -33.7283231 -0.177059E-08  0.107E-04    2.30     203.6  T
     SCC iter.                  ...        0 min,  0.007 sec
     gradient                   ...        0 min,  0.013 sec
 * total energy  :   -33.2484572 Eh     change       -0.1078531E-05 Eh
   gradient norm :     0.0004180 Eh/α   predicted    -0.8478019E-06 ( -21.39%)
   displ. norm   :     0.0145102 α      lambda        0.2548933E-05
   maximum displ.:     0.0113820 α      in ANC's #2, #5, #3, ...

   *** GEOMETRY OPTIMIZATION CONVERGED AFTER 12 ITERATIONS ***

------------------------------------------------------------------------
 total energy gain   :        -0.0126028 Eh       -7.9084 kcal/mol
 total RMSD          :         0.0959745 a0        0.0508 Å
 total power (kW/mol):        -2.7573781 (step)  -93.4024 (real)
------------------------------------------------------------------------

 ANCopt (total)                0 d,  0 h,  0 min,  0.354 sec
 optimizer setup                ...        0 min,  0.000 sec (  0.040%)
 model hessian                  ...        0 min,  0.002 sec (  0.676%)
 ANC generation                 ...        0 min,  0.001 sec (  0.188%)
 coordinate transformation      ...        0 min,  0.000 sec (  0.056%)
 single point calculation       ...        0 min,  0.347 sec ( 98.078%)
 optimization log               ...        0 min,  0.001 sec (  0.310%)
 hessian update                 ...        0 min,  0.000 sec (  0.039%)
 rational function              ...        0 min,  0.001 sec (  0.394%)

================
 final structure:
================
$coord
    0.89908700987328    2.60309854190589    0.08509846298671      C 
    3.89854657222405    1.35494980138618    0.03817110320455      S 
    2.82065156511657   -1.75691599944636   -0.03106796679366      C 
    4.59904732793074   -3.93628772074689    0.00677946215724      C 
    5.12029252487532   -4.80628060307994    2.71569782014665      C 
    0.25655385141691   -1.75243475575749    0.00534129891810      C 
   -0.87176895555062    0.73074994063439    0.06128231754379      C 
   -3.43615835361828    0.74523840713506    0.07327451959906      N 
   -4.36383044383733   -1.48883163291258    0.03393532381279      C 
   -2.10454248731411   -4.02595441009154   -0.02450294198448      S 
   -7.00485372970965   -2.12555484969052    0.03080469698930      C 
   -8.82977519603392   -0.39697938430404    0.04040533945538      C 
    0.62734982851222    4.60632093610038    0.12500766405067      H 
    6.37204960987146   -3.39221570771508   -0.89568884430924      H 
    3.76465351104510   -5.49313383497461   -1.06401923158838      H 
    5.96090033747126   -3.28024766476328    3.80629239414822      H 
    6.41219141455786   -6.40293516475006    2.71089484135298      H 
    3.37017615288211   -5.37873644604387    3.62864014758028      H 
   -7.42465487140730   -4.12553716852391    0.01804934378466      H 
   -8.37889552526947    1.58604465367583    0.05306906539670      H 
  -10.79476222552854   -0.91933855988576    0.03975464154281      H 
$end
           -------------------------------------------------
          |                Final Singlepoint                |
           -------------------------------------------------

          ...................................................
          :                      SETUP                      :
          :.................................................:
          :  # basis functions                  69          :
          :  # atomic orbitals                  67          :
          :  # shells                           35          :
          :  # electrons                        62          :
          :  max. iterations                   250          :
          :  Hamiltonian                  GFN2-xTB          :
          :  restarted?                      false          :
          :  GBSA solvation                  false          :
          :  PC potential                    false          :
          :  electronic temp.          300.0000000     K    :
          :  accuracy                    1.0000000          :
          :  -> integral cutoff          0.2500000E+02      :
          :  -> integral neglect         0.1000000E-07      :
          :  -> SCF convergence          0.1000000E-05 Eh   :
          :  -> wf. convergence          0.1000000E-03 e    :
          :  Broyden damping             0.4000000          :
          ...................................................

 iter      E             dE          RMSdq      gap      omega  full diag
   1    -33.7283231 -0.337283E+02  0.662E-05    2.30       0.0  T
   2    -33.7283231 -0.249401E-11  0.249E-05    2.30     877.8  T
   3    -33.7283231  0.302691E-11  0.265E-05    2.30     823.8  T

   *** convergence criteria satisfied after 3 iterations ***

         #    Occupation            Energy/Eh            Energy/eV
      -------------------------------------------------------------
         1        2.0000           -0.7383824             -20.0924
       ...           ...                  ...                  ...
        25        2.0000           -0.4477262             -12.1833
        26        2.0000           -0.4418699             -12.0239
        27        2.0000           -0.4348984             -11.8342
        28        2.0000           -0.4286694             -11.6647
        29        2.0000           -0.3966127             -10.7924
        30        2.0000           -0.3892935             -10.5932
        31        2.0000           -0.3732462             -10.1565 (HOMO)
        32                         -0.2888748              -7.8607 (LUMO)
        33                         -0.2397351              -6.5235
        34                         -0.2225776              -6.0566
        35                         -0.2033513              -5.5335
        36                         -0.1862777              -5.0689
       ...                                ...                  ...
        67                          0.7245636              19.7164
      -------------------------------------------------------------
                  HL-Gap            0.0843714 Eh            2.2959 eV
             Fermi-level           -0.3310605 Eh           -9.0086 eV

 SCC (total)                   0 d,  0 h,  0 min,  0.027 sec
 SCC setup                      ...        0 min,  0.000 sec (  0.716%)
 Dispersion                     ...        0 min,  0.000 sec (  0.603%)
 integral evaluation            ...        0 min,  0.009 sec ( 32.602%)
 zeroth order Hamiltonian       ...        0 min,  0.000 sec (  0.577%)
 iterations                     ...        0 min,  0.004 sec ( 14.509%)
 molecular gradient             ...        0 min,  0.013 sec ( 49.511%)
 printout                       ...        0 min,  0.000 sec (  1.233%)

         :::::::::::::::::::::::::::::::::::::::::::::::::::::
         ::                     SUMMARY                     ::
         :::::::::::::::::::::::::::::::::::::::::::::::::::::
         :: total energy             -33.248457254419 Eh    ::
         :: gradient norm              0.000417665784 Eh/a0 ::
         :: HOMO-LUMO gap              2.295862294274 eV    ::
         ::.................................................::
         :: SCC energy               -33.728323137352 Eh    ::
         :: -> isotropic ES            0.010498898550 Eh    ::
         :: -> anisotropic ES          0.002814795231 Eh    ::
         :: -> anisotropic XC          0.019165777409 Eh    ::
         :: -> dispersion             -0.022444276841 Eh    ::
         :: repulsion energy           0.479870824950 Eh    ::
         :: add. restraining           0.000000000000 Eh    ::
         :::::::::::::::::::::::::::::::::::::::::::::::::::::

           -------------------------------------------------
          |                Property Printout                |
           -------------------------------------------------

    * Orbital Energies and Occupations

         #    Occupation            Energy/Eh            Energy/eV
      -------------------------------------------------------------
         1        2.0000           -0.7383824             -20.0924
       ...           ...                  ...                  ...
        19        2.0000           -0.4853651             -13.2075
        20        2.0000           -0.4831130             -13.1462
        21        2.0000           -0.4693200             -12.7708
        22        2.0000           -0.4658475             -12.6764
        23        2.0000           -0.4602581             -12.5243
        24        2.0000           -0.4503562             -12.2548
        25        2.0000           -0.4477262             -12.1833
        26        2.0000           -0.4418699             -12.0239
        27        2.0000           -0.4348984             -11.8342
        28        2.0000           -0.4286694             -11.6647
        29        2.0000           -0.3966127             -10.7924
        30        2.0000           -0.3892935             -10.5932
        31        2.0000           -0.3732462             -10.1565 (HOMO)
        32                         -0.2888748              -7.8607 (LUMO)
        33                         -0.2397351              -6.5235
        34                         -0.2225776              -6.0566
        35                         -0.2033513              -5.5335
        36                         -0.1862777              -5.0689
        37                         -0.1481131              -4.0304
        38                         -0.1333337              -3.6282
        39                         -0.1167702              -3.1775
        40                         -0.0169608              -0.4615
        41                         -0.0070431              -0.1917
        42                          0.0115994               0.3156
       ...                                ...                  ...
        67                          0.7245636              19.7164
      -------------------------------------------------------------
                  HL-Gap            0.0843714 Eh            2.2959 eV
             Fermi-level           -0.3310605 Eh           -9.0086 eV

     #   Z        covCN         q      C6AA      α(0)
     1   6 C      2.925    -0.042    29.056     8.840
     2  16 S      2.376    -0.018   141.810    20.043
     3   6 C      2.979     0.005    27.905     8.665
     4   6 C      3.820    -0.051    21.466     6.594
     5   6 C      3.754    -0.101    22.482     6.761
     6   6 C      3.207     0.006    27.272     8.505
     7   6 C      3.386     0.069    23.073     7.464
     8   7 N      1.904    -0.234    26.974     7.700
     9   6 C      3.034     0.132    25.092     8.216
    10  16 S      2.188    -0.122   146.151    20.347
    11   6 C      2.918    -0.031    28.783     8.798
    12   6 C      2.843    -0.071    29.767     8.941
    13   1 H      0.927     0.057     2.233     2.337
    14   1 H      0.924     0.048     2.348     2.396
    15   1 H      0.924     0.049     2.334     2.389
    16   1 H      0.925     0.042     2.417     2.431
    17   1 H      0.925     0.043     2.409     2.427
    18   1 H      0.925     0.042     2.416     2.431
    19   1 H      0.925     0.051     2.302     2.373
    20   1 H      0.926     0.069     2.094     2.263
    21   1 H      0.926     0.056     2.247     2.344

 Mol. C6AA /au·bohr⁶  :       7857.524344
 Mol. C8AA /au·bohr⁸  :     236237.004453
 Mol. α(0) /au        :        142.263783


Wiberg/Mayer (AO) data.
largest (>0.10) Wiberg bond orders for each atom
          total WBO             WBO to atom ...
     1  C   3.920        C    7 1.500    S    2 1.203    H   13 0.967    C    3 0.122
     2  S   2.624        C    1 1.203    C    3 1.144
     3  C   3.944        C    6 1.552    S    2 1.144    C    4 1.025    C    1 0.122
     4  C   3.996        C    3 1.025    C    5 0.997    H   14 0.972    H   15 0.966
     5  C   3.995        C    4 0.997    H   18 0.988    H   16 0.988    H   17 0.985
     6  C   3.951        C    3 1.552    C    7 1.129    S   10 1.091
     7  C   3.976        C    1 1.500    N    8 1.188    C    6 1.129
     8  N   3.155        C    9 1.641    C    7 1.188    S   10 0.176
     9  C   3.957        N    8 1.641    C   11 1.121    S   10 1.023
    10  S   2.505        C    6 1.091    C    9 1.023    N    8 0.176
    11  C   3.990        C   12 1.865    C    9 1.121    H   19 0.964
    12  C   3.948        C   11 1.865    H   21 0.976    H   20 0.973
    13  H   0.996        C    1 0.967
    14  H   0.997        C    4 0.972
    15  H   0.997        C    4 0.966
    16  H   0.998        C    5 0.988
    17  H   0.997        C    5 0.985
    18  H   0.998        C    5 0.988
    19  H   0.997        C   11 0.964
    20  H   0.995        C   12 0.973
    21  H   0.996        C   12 0.976

molecular dipole:
                 x           y           z       tot (Debye)
 q only:        0.062      -0.171       0.064
   full:       -0.022      -0.288       0.045       0.742
molecular quadrupole (traceless):
                xx          xy          yy          xz          yz          zz
 q only:        7.157      -1.798      -2.365       0.535      -0.541      -4.792
  q+dip:        6.154      -1.190      -0.877       0.255      -0.100      -5.276
   full:        5.205      -1.473      -1.989       0.360      -0.289      -3.216

           -------------------------------------------------
          |                Geometry Summary                 |
           -------------------------------------------------

      molecular mass/u    :      195.2968000
   center of mass at/Å    :       -0.2148214      -0.6868021       0.1229208
  moments of inertia/u·Å² :        0.3447121E+03   0.1033454E+04   0.1329984E+04
rotational constants/cm⁻¹ :        0.4890351E-01   0.1631194E-01   0.1267506E-01

 * 21 selected distances

     #   Z        #   Z                                     value/Å
     1   6 C      2  16 S                                 1.7193648
     2  16 S      3   6 C                                 1.7431038 (max)
     3   6 C      4   6 C                                 1.4886524
     4   6 C      5   6 C                                 1.5306696
     3   6 C      6   6 C                                 1.3570011
     1   6 C      7   6 C                                 1.3638190
     6   6 C      7   6 C                                 1.4436406
     7   6 C      8   7 N                                 1.3570531
     8   7 N      9   6 C                                 1.2802582
     6   6 C     10  16 S                                 1.7345845
     9   6 C     11   6 C                                 1.4376131
    11   6 C     12   6 C                                 1.3301630
     1   6 C     13   1 H                                 1.0699768 (min)
     4   6 C     14   1 H                                 1.0914402
     4   6 C     15   1 H                                 1.0930544
     5   6 C     16   1 H                                 1.0876871
     5   6 C     17   1 H                                 1.0868548
     5   6 C     18   1 H                                 1.0875947
    11   6 C     19   1 H                                 1.0814298
    12   6 C     20   1 H                                 1.0761750
    12   6 C     21   1 H                                 1.0759403

 * 4 distinct bonds (by element types)

   Z      Z             #   av. dist./Å        max./Å        min./Å
   1 H    6 C           9     1.0833503     1.0930544     1.0699768
   6 C    6 C           7     1.4216512     1.5306696     1.3301630
   6 C    7 N           2     1.3186556     1.3570531     1.2802582
   6 C   16 S           3     1.7323510     1.7431038     1.7193648


optimized geometry written to: xtbopt.xyz


           -------------------------------------------------
          | TOTAL ENERGY              -33.248457254419 Eh   |
          | GRADIENT NORM               0.000417665784 Eh/α |
          | HOMO-LUMO GAP               2.295862294274 eV   |
           -------------------------------------------------

------------------------------------------------------------------------
 * finished run on 2021/05/19 at 11:00:10.831     
------------------------------------------------------------------------
 total:
 * wall-time:     0 d,  0 h,  0 min,  0.440 sec
 *  cpu-time:     0 d,  0 h,  0 min,  0.438 sec
 * ratio c/w:     0.995 speedup
 SCF:
 * wall-time:     0 d,  0 h,  0 min,  0.038 sec
 *  cpu-time:     0 d,  0 h,  0 min,  0.038 sec
 * ratio c/w:     0.998 speedup
 ANC optimizer:
 * wall-time:     0 d,  0 h,  0 min,  0.381 sec
 *  cpu-time:     0 d,  0 h,  0 min,  0.380 sec
 * ratio c/w:     0.998 speedup

