      -----------------------------------------------------------      
     |                   =====================                   |     
     |                           x T B                           |     
     |                   =====================                   |     
     |                         S. Grimme                         |     
     |          Mulliken Center for Theoretical Chemistry        |     
     |                    University of Bonn                     |     
     |                Version 6.2 RC2 (SAW190805)                |     
      -----------------------------------------------------------      

   This program is distributed in the hope that it will be useful,
   but WITHOUT ANY WARRANTY; without even the implied warranty of
   MERCHANTABILITY or FITNESS FOR A PARTICULAR PURPOSE.
   
   FOR NON-COMMERCIAL, ACADEMIA USE ONLY.
   
   Cite this work as:
   * S. Grimme, C. Bannwarth, P. Shushkov, J. Chem. Theory Comput., 2017,
     13, 1989-2009. DOI: 10.1021/acs.jctc.7b00118
   * C. Bannwarth, S. Ehlert and S. Grimme., J. Chem. Theory Comput., 2019,
     15, 1652-1671. DOI: 10.1021/acs.jctc.8b01176
   * P. Pracht, E. Caldeweyher, S. Ehlert, S. Grimme, ChemRxiv, 2019, preprint.
     DOI: 10.26434/chemrxiv.8326202.v1
   
   for DFT-D4:
   * E. Caldeweyher, C. Bannwarth and S. Grimme, J. Chem. Phys., 2017,
     147, 034112. DOI: 10.1063/1.4993215
   * E. Caldeweyher, S. Ehlert, A. Hansen, H. Neugebauer, S. Spicher,
     C. Bannwarth and S. Grimme, J. Chem. Phys., 2019, 150, 154122.
     DOI: 10.1063/1.5090222
   
   for sTDA-xTB:
   * S. Grimme and C. Bannwarth, J. Chem. Phys., 2016, 145, 054103.
     DOI: 10.1063/1.4959605
   
   in the mass-spec context:
   * V. Asgeirsson, C. Bauer and S. Grimme, Chem. Sci., 2017, 8, 4879.
     DOI: 10.1039/c7sc00601b
   
   for metadynamics refer to:
   * S. Grimme, J. Chem. Theory Comput., 2019, 155, 2847-2862
     DOI: 10.1021/acs.jctc.9b00143
   
   with help from (in alphabetical order)
   C. Bannwarth, F. Bohle, G. Brandenburg, E. Caldeweyher, M. Checinski,
   S. Dohm, S. Ehlert, S. Ehrlich, F. März, H. Neugebauer, J. Pisarek,
   P. Pracht, P. Shushkov, and S. Spicher.
   
 * started run on 2021/05/19 at 11:00:11.860     

           -------------------------------------------------
          |                Calculation Setup                |
           -------------------------------------------------

          program call               : /ihome/ghutchison/geoffh/xtb/xtb 687.xyz -opt
          hostname                   : smp-n144
          coordinate file            : 687.xyz
          omp threads                :                     1
          number of atoms            :                    13
          number of electrons        :                    48
          charge                     :                     0
          spin                       :                   0.0
          first test random number   :      0.27493908692609


########################################################################
# WARNING! Please study the warnings concerning your input carefully
#  - the use of '-opt' is discouraged, please use '--opt' next time
########################################################################

           ------------------------------------------------- 
          |                 G F N 2 - x T B                 |
          | Geometry, Frequencies, Noncovalent interactions |
          |            JCTC 2019 parametrisation            |
           ------------------------------------------------- 
             KAB for C  - Si     :                1.0500
             KAB for H  - Pd     :                0.9500
             k(s)              :                1.8500
             k(p)              :                2.2300
             k(d)              :                2.2300
             k(f)              :                2.0000
             kEN (H0ij)        :               -2.0000
             D4 a1             :                0.5200
             D4 a2             :                5.0000
             D4 s6             :                1.0000
             D4 s8             :                2.7000
             D4 s9             :                5.0000
             alphaj            :                2.0000

  Z AO/shell   Hii/eV     exponent
  1     Wed Apr 25 08:07:45 CEST 2018   EN: 2.200 GM2: 0.406  GM3: 0.0800  RAES: 1.40
     1s    -10.707211    1.230000
  6     Wed Apr 25 08:07:45 CEST 2018   EN: 2.550 GM2: 0.538  GM3: 0.1500  RAES: 3.00
     2s    -13.970922    2.096432
     2p    -10.063292    1.800000
  8     Wed Apr 25 08:07:45 CEST 2018   EN: 3.440 GM2: 0.452  GM3:-0.0517  RAES: 1.80
     2s    -20.229985    2.439742
     2p    -15.503117    2.137023
 16     Tue Apr 24 11:44:34 CEST 2018   EN: 2.580 GM2: 0.340  GM3:-0.0502  RAES: 3.10
     3s    -20.029654    1.981333
     3p    -11.377694    2.025643
     3d     -0.420282    1.702555

           ------------------------------------------------- 
          |        Self-Consistent Charge Iterations        |
           ------------------------------------------------- 

          ...................................................
          :                      SETUP                      :
          :.................................................:
          :  # basis functions                  58          :
          :  # atomic orbitals                  55          :
          :  # shells                           25          :
          :  # electrons                        48          :
          :  max. iterations                   250          :
          :  Hamiltonian                  GFN2-xTB          :
          :  restarted?                      false          :
          :  GBSA solvation                  false          :
          :  PC potential                    false          :
          :  electronic temp.          300.0000000     K    :
          :  accuracy                    1.0000000          :
          :  -> integral cutoff          0.2500000E+02      :
          :  -> integral neglect         0.1000000E-07      :
          :  -> SCF convergence          0.1000000E-05 Eh   :
          :  -> wf. convergence          0.1000000E-03 e    :
          :  Broyden damping             0.4000000          :
          ...................................................

 iter      E             dE          RMSdq      gap      omega  full diag
   1    -26.7577414 -0.267577E+02  0.605E+00    3.10       0.0  T
   2    -26.7758500 -0.181086E-01  0.313E+00    2.89       1.0  T
   3    -26.7687732  0.707675E-02  0.132E+00    2.76       1.0  T
   4    -26.7786634 -0.989020E-02  0.587E-01    2.74       1.0  T
   5    -26.7802353 -0.157190E-02  0.285E-01    2.74       1.0  T
   6    -26.7803626 -0.127255E-03  0.751E-02    2.75       1.0  T
   7    -26.7803937 -0.310971E-04  0.409E-02    2.76       1.0  T
   8    -26.7803966 -0.292491E-05  0.204E-02    2.75       1.4  T
   9    -26.7803981 -0.153821E-05  0.797E-03    2.75       3.5  T
  10    -26.7803983 -0.172614E-06  0.428E-03    2.75       6.5  T
  11    -26.7803983 -0.229931E-07  0.227E-03    2.75      12.2  T
  12    -26.7803983 -0.729309E-08  0.101E-03    2.75      27.4  T
  13    -26.7803983 -0.104610E-08  0.336E-04    2.75      82.6  T
  14    -26.7803984 -0.181636E-09  0.158E-04    2.75     176.0  T

   *** convergence criteria satisfied after 14 iterations ***

         #    Occupation            Energy/Eh            Energy/eV
      -------------------------------------------------------------
         1        2.0000           -0.7496496             -20.3990
       ...           ...                  ...                  ...
        18        2.0000           -0.4771224             -12.9832
        19        2.0000           -0.4722780             -12.8513
        20        2.0000           -0.4647327             -12.6460
        21        2.0000           -0.4360358             -11.8651
        22        2.0000           -0.4068277             -11.0703
        23        2.0000           -0.3944512             -10.7336
        24        2.0000           -0.3735482             -10.1648 (HOMO)
        25                         -0.2723168              -7.4101 (LUMO)
        26                         -0.2599903              -7.0747
        27                         -0.2278119              -6.1991
        28                         -0.2127290              -5.7887
        29                         -0.1918248              -5.2198
       ...                                ...                  ...
        55                          0.6566978              17.8697
      -------------------------------------------------------------
                  HL-Gap            0.1012314 Eh            2.7546 eV
             Fermi-level           -0.3229325 Eh           -8.7874 eV

 SCC (total)                   0 d,  0 h,  0 min,  0.028 sec
 SCC setup                      ...        0 min,  0.000 sec (  0.749%)
 Dispersion                     ...        0 min,  0.000 sec (  0.431%)
 integral evaluation            ...        0 min,  0.007 sec ( 23.331%)
 zeroth order Hamiltonian       ...        0 min,  0.000 sec (  0.435%)
 iterations                     ...        0 min,  0.011 sec ( 40.043%)
 molecular gradient             ...        0 min,  0.009 sec ( 33.693%)
 printout                       ...        0 min,  0.000 sec (  1.140%)

         :::::::::::::::::::::::::::::::::::::::::::::::::::::
         ::                     SUMMARY                     ::
         :::::::::::::::::::::::::::::::::::::::::::::::::::::
         :: total energy             -26.541804999208 Eh    ::
         :: gradient norm              0.046949666841 Eh/a0 ::
         :: HOMO-LUMO gap              2.754646192877 eV    ::
         ::.................................................::
         :: SCC energy               -26.780398350044 Eh    ::
         :: -> isotropic ES            0.016156094250 Eh    ::
         :: -> anisotropic ES          0.001901723665 Eh    ::
         :: -> anisotropic XC          0.010980802597 Eh    ::
         :: -> dispersion             -0.015819446940 Eh    ::
         :: repulsion energy           0.238557906905 Eh    ::
         :: add. restraining           0.000000000000 Eh    ::
         :::::::::::::::::::::::::::::::::::::::::::::::::::::

      ----------------------------------------------------------- 
     |                   =====================                   |
     |                        A N C O P T                        |
     |                   =====================                   |
     |               Approximate Normal Coordinate               |
     |                Rational Function Optimizer                |
      ----------------------------------------------------------- 

          ...................................................
          :                      SETUP                      :
          :.................................................:
          :   optimization level            normal          :
          :   max. optcycles                   200          :
          :   ANC micro-cycles                  20          :
          :   degrees of freedom                33          :
          :.................................................:
          :   RF solver                   davidson          :
          :   input Hessian                  false          :
          :   write xtbopt.log                true          :
          :   linear?                        false          :
          :   energy convergence         0.5000000E-05 Eh   :
          :   grad. convergence          0.1000000E-02 Eh/α :
          :   maximium RF displ.         2.0000000          :
          :   Hlow (freq-cutoff)         0.5000000E-02      :
          :   Hmax (freq-cutoff)         5.0000000          :
          :   S6 in model hess.         20.0000000          :
          ...................................................

generating ANC from model Hessian ...
Using Lindh-Hessian (1995)
 Shifting diagonal of input Hessian by   0.000000000000000E+000
 Lowest  eigenvalues of input Hessian
   -0.000000   -0.000000    0.000000    0.000000    0.000000    0.000000
    0.006093    0.006626    0.014685    0.020106    0.033908    0.036727
    0.040472    0.061659    0.068289    0.073444    0.102670    0.108261
 Highest eigenvalues
    1.302526    1.428447    1.508265    1.717065    1.822240    1.972300
 

........................................................................
.............................. CYCLE    1 ..............................
........................................................................
   1    -26.7803984 -0.267804E+02  0.347E-05    2.75       0.0  T
   2    -26.7803984 -0.355271E-12  0.224E-05    2.75    1237.0  T
   3    -26.7803984 -0.110134E-12  0.704E-06    2.75    3938.1  T
     SCC iter.                  ...        0 min,  0.003 sec
     gradient                   ...        0 min,  0.009 sec
 * total energy  :   -26.5418050 Eh     change       -0.1860187E-08 Eh
   gradient norm :     0.0469490 Eh/α   predicted     0.0000000E+00 (-100.00%)
   displ. norm   :     0.3610223 α      lambda       -0.5176084E-02
   maximum displ.:     0.2660947 α      in ANC's #2, #3, #5, ...

........................................................................
.............................. CYCLE    2 ..............................
........................................................................
   1    -26.7893207 -0.267893E+02  0.217E+00    2.74       0.0  T
   2    -26.7902357 -0.914952E-03  0.842E-01    2.75       1.0  T
   3    -26.7903385 -0.102790E-03  0.116E-01    2.75       1.0  T
   4    -26.7903639 -0.254716E-04  0.751E-02    2.75       1.0  T
   5    -26.7903903 -0.263992E-04  0.239E-02    2.75       1.2  T
   6    -26.7903921 -0.174572E-05  0.116E-02    2.75       2.4  T
   7    -26.7903923 -0.184360E-06  0.631E-03    2.75       4.4  T
   8    -26.7903925 -0.255776E-06  0.216E-03    2.75      12.9  T
   9    -26.7903925 -0.682784E-08  0.115E-03    2.75      24.1  T
     SCC iter.                  ...        0 min,  0.007 sec
     gradient                   ...        0 min,  0.009 sec
 * total energy  :   -26.5444910 Eh     change       -0.2685969E-02 Eh
   gradient norm :     0.0240531 Eh/α   predicted    -0.2925348E-02 (   8.91%)
   displ. norm   :     0.1152305 α      lambda       -0.1248290E-02
   maximum displ.:     0.0809350 α      in ANC's #5, #8, #3, ...

........................................................................
.............................. CYCLE    3 ..............................
........................................................................
   1    -26.7967165 -0.267967E+02  0.495E-01    2.78       0.0  T
   2    -26.7967758 -0.593681E-04  0.203E-01    2.78       1.0  T
   3    -26.7967837 -0.782336E-05  0.356E-02    2.78       1.0  T
   4    -26.7967844 -0.767522E-06  0.193E-02    2.78       1.4  T
   5    -26.7967845 -0.445450E-07  0.952E-03    2.78       2.9  T
   6    -26.7967852 -0.764970E-06  0.305E-03    2.78       9.1  T
   7    -26.7967853 -0.167357E-07  0.106E-03    2.78      26.2  T
     SCC iter.                  ...        0 min,  0.005 sec
     gradient                   ...        0 min,  0.009 sec
 * total energy  :   -26.5451514 Eh     change       -0.6604565E-03 Eh
   gradient norm :     0.0116374 Eh/α   predicted    -0.6324326E-03 (  -4.24%)
   displ. norm   :     0.0568662 α      lambda       -0.2453850E-03
   maximum displ.:     0.0469258 α      in ANC's #2, #6, #9, ...

........................................................................
.............................. CYCLE    4 ..............................
........................................................................
   1    -26.7960191 -0.267960E+02  0.237E-01    2.78       0.0  T
   2    -26.7960338 -0.147061E-04  0.923E-02    2.78       1.0  T
   3    -26.7960329  0.888376E-06  0.226E-02    2.78       1.2  T
   4    -26.7960363 -0.341890E-05  0.115E-02    2.78       2.4  T
   5    -26.7960367 -0.369725E-06  0.326E-03    2.78       8.5  T
   6    -26.7960367 -0.147142E-07  0.156E-03    2.78      17.7  T
   7    -26.7960367 -0.964631E-08  0.878E-04    2.78      31.6  T
     SCC iter.                  ...        0 min,  0.005 sec
     gradient                   ...        0 min,  0.009 sec
 * total energy  :   -26.5453146 Eh     change       -0.1631626E-03 Eh
   gradient norm :     0.0054975 Eh/α   predicted    -0.1230881E-03 ( -24.56%)
   displ. norm   :     0.0316287 α      lambda       -0.9479810E-04
   maximum displ.:     0.0151859 α      in ANC's #9, #5, #3, ...

........................................................................
.............................. CYCLE    5 ..............................
........................................................................
   1    -26.7948998 -0.267949E+02  0.836E-02    2.79       0.0  T
   2    -26.7949032 -0.340801E-05  0.379E-02    2.79       1.0  T
   3    -26.7949029  0.306857E-06  0.127E-02    2.79       2.2  T
   4    -26.7949033 -0.400336E-06  0.775E-03    2.79       3.6  T
   5    -26.7949037 -0.411548E-06  0.278E-03    2.79      10.0  T
   6    -26.7949037  0.298269E-08  0.160E-03    2.79      17.3  T
     SCC iter.                  ...        0 min,  0.005 sec
     gradient                   ...        0 min,  0.009 sec
 * total energy  :   -26.5453531 Eh     change       -0.3847293E-04 Eh
   gradient norm :     0.0025304 Eh/α   predicted    -0.4744512E-04 (  23.32%)
   displ. norm   :     0.0208978 α      lambda       -0.2465220E-04
   maximum displ.:     0.0141941 α      in ANC's #2, #5, #9, ...

........................................................................
.............................. CYCLE    6 ..............................
........................................................................
   1    -26.7945238 -0.267945E+02  0.953E-02    2.78       0.0  T
   2    -26.7945260 -0.214904E-05  0.364E-02    2.78       1.0  T
   3    -26.7945262 -0.196527E-06  0.635E-03    2.78       4.4  T
   4    -26.7945262 -0.344018E-07  0.447E-03    2.78       6.2  T
   5    -26.7945263 -0.977984E-07  0.114E-03    2.78      24.4  T
   6    -26.7945263 -0.326732E-08  0.530E-04    2.78      52.3  T
   7    -26.7945263 -0.125901E-08  0.206E-04    2.78     134.9  T
     SCC iter.                  ...        0 min,  0.005 sec
     gradient                   ...        0 min,  0.009 sec
 * total energy  :   -26.5453632 Eh     change       -0.1010594E-04 Eh
   gradient norm :     0.0010482 Eh/α   predicted    -0.1233321E-04 (  22.04%)
   displ. norm   :     0.0187915 α      lambda       -0.4384869E-05
   maximum displ.:     0.0165882 α      in ANC's #2, #1, #5, ...

........................................................................
.............................. CYCLE    7 ..............................
........................................................................
   1    -26.7949697 -0.267950E+02  0.828E-02    2.79       0.0  T
   2    -26.7949711 -0.140375E-05  0.325E-02    2.79       1.0  T
   3    -26.7949711 -0.466501E-07  0.630E-03    2.79       4.4  T
   4    -26.7949713 -0.188845E-06  0.358E-03    2.79       7.7  T
   5    -26.7949714 -0.376253E-07  0.907E-04    2.79      30.6  T
   6    -26.7949714 -0.219817E-08  0.458E-04    2.79      60.6  T
     SCC iter.                  ...        0 min,  0.005 sec
     gradient                   ...        0 min,  0.009 sec
 * total energy  :   -26.5453659 Eh     change       -0.2771320E-05 Eh
   gradient norm :     0.0005027 Eh/α   predicted    -0.2190975E-05 ( -20.94%)
   displ. norm   :     0.0042760 α      lambda       -0.7280006E-06
   maximum displ.:     0.0020279 α      in ANC's #6, #4, #2, ...

   *** GEOMETRY OPTIMIZATION CONVERGED AFTER 7 ITERATIONS ***

------------------------------------------------------------------------
 total energy gain   :        -0.0035609 Eh       -2.2345 kcal/mol
 total RMSD          :         0.1110858 a0        0.0588 Å
 total power (kW/mol):        -1.3356066 (step)  -61.4666 (real)
------------------------------------------------------------------------

 ANCopt (total)                0 d,  0 h,  0 min,  0.152 sec
 optimizer setup                ...        0 min,  0.000 sec (  0.089%)
 model hessian                  ...        0 min,  0.001 sec (  0.842%)
 ANC generation                 ...        0 min,  0.000 sec (  0.226%)
 coordinate transformation      ...        0 min,  0.000 sec (  0.057%)
 single point calculation       ...        0 min,  0.148 sec ( 97.114%)
 optimization log               ...        0 min,  0.000 sec (  0.319%)
 hessian update                 ...        0 min,  0.000 sec (  0.047%)
 rational function              ...        0 min,  0.001 sec (  0.983%)

================
 final structure:
================
$coord
    2.81965449232322    2.36212835089721   -0.33416643283888      C 
    5.20025004968277    0.20121973529277    0.07215618036385      S 
    3.06495573324814   -2.21095637332000    0.38259520410044      C 
    0.63583890382479   -1.38298131128274    0.20021582471222      C 
    0.48369121040952    1.28138671442418   -0.20616723079697      C 
   -1.64387238464092    2.70989078218479   -0.53637102133613      O 
   -3.95270376591473    1.63423840237386    0.07502860903100      C 
   -4.49960468023165   -1.34976631920157   -1.61875383736241      S 
   -2.00120449986800   -3.40762966241599    0.51937035558548      S 
    3.23360192282896    4.31586443214000   -0.64959273239317      H 
    3.68628112437522   -4.10829472573837    0.70663942630996      H 
   -5.40276204649213    2.95877161271119   -0.54239862697364      H 
   -4.13436242155364    1.23257268684766    2.09821259662373      H 
$end
           -------------------------------------------------
          |                Final Singlepoint                |
           -------------------------------------------------

          ...................................................
          :                      SETUP                      :
          :.................................................:
          :  # basis functions                  58          :
          :  # atomic orbitals                  55          :
          :  # shells                           25          :
          :  # electrons                        48          :
          :  max. iterations                   250          :
          :  Hamiltonian                  GFN2-xTB          :
          :  restarted?                      false          :
          :  GBSA solvation                  false          :
          :  PC potential                    false          :
          :  electronic temp.          300.0000000     K    :
          :  accuracy                    1.0000000          :
          :  -> integral cutoff          0.2500000E+02      :
          :  -> integral neglect         0.1000000E-07      :
          :  -> SCF convergence          0.1000000E-05 Eh   :
          :  -> wf. convergence          0.1000000E-03 e    :
          :  Broyden damping             0.4000000          :
          ...................................................

 iter      E             dE          RMSdq      gap      omega  full diag
   1    -26.7949714 -0.267950E+02  0.330E-04    2.79       0.0  T
   2    -26.7949714 -0.390727E-10  0.170E-04    2.79     163.4  T
   3    -26.7949714 -0.339817E-09  0.124E-04    2.79     224.5  T

   *** convergence criteria satisfied after 3 iterations ***

         #    Occupation            Energy/Eh            Energy/eV
      -------------------------------------------------------------
         1        2.0000           -0.7508271             -20.4310
       ...           ...                  ...                  ...
        18        2.0000           -0.4784944             -13.0205
        19        2.0000           -0.4712966             -12.8246
        20        2.0000           -0.4638036             -12.6207
        21        2.0000           -0.4333319             -11.7916
        22        2.0000           -0.4036740             -10.9845
        23        2.0000           -0.3975348             -10.8175
        24        2.0000           -0.3764670             -10.2442 (HOMO)
        25                         -0.2740847              -7.4582 (LUMO)
        26                         -0.2600688              -7.0768
        27                         -0.2288243              -6.2266
        28                         -0.2125971              -5.7851
        29                         -0.1903691              -5.1802
       ...                                ...                  ...
        55                          0.6653945              18.1063
      -------------------------------------------------------------
                  HL-Gap            0.1023824 Eh            2.7860 eV
             Fermi-level           -0.3252758 Eh           -8.8512 eV

 SCC (total)                   0 d,  0 h,  0 min,  0.019 sec
 SCC setup                      ...        0 min,  0.000 sec (  0.728%)
 Dispersion                     ...        0 min,  0.000 sec (  0.360%)
 integral evaluation            ...        0 min,  0.006 sec ( 32.581%)
 zeroth order Hamiltonian       ...        0 min,  0.000 sec (  0.671%)
 iterations                     ...        0 min,  0.003 sec ( 15.012%)
 molecular gradient             ...        0 min,  0.009 sec ( 48.873%)
 printout                       ...        0 min,  0.000 sec (  1.515%)

         :::::::::::::::::::::::::::::::::::::::::::::::::::::
         ::                     SUMMARY                     ::
         :::::::::::::::::::::::::::::::::::::::::::::::::::::
         :: total energy             -26.545365925525 Eh    ::
         :: gradient norm              0.000504044027 Eh/a0 ::
         :: HOMO-LUMO gap              2.785965807537 eV    ::
         ::.................................................::
         :: SCC energy               -26.794971362614 Eh    ::
         :: -> isotropic ES            0.015682755716 Eh    ::
         :: -> anisotropic ES          0.001467547586 Eh    ::
         :: -> anisotropic XC          0.010274823058 Eh    ::
         :: -> dispersion             -0.015916813676 Eh    ::
         :: repulsion energy           0.249570594723 Eh    ::
         :: add. restraining           0.000000000000 Eh    ::
         :::::::::::::::::::::::::::::::::::::::::::::::::::::

           -------------------------------------------------
          |                Property Printout                |
           -------------------------------------------------

    * Orbital Energies and Occupations

         #    Occupation            Energy/Eh            Energy/eV
      -------------------------------------------------------------
         1        2.0000           -0.7508271             -20.4310
       ...           ...                  ...                  ...
        12        2.0000           -0.5592034             -15.2167
        13        2.0000           -0.5274695             -14.3532
        14        2.0000           -0.5168032             -14.0629
        15        2.0000           -0.5010861             -13.6352
        16        2.0000           -0.4954522             -13.4819
        17        2.0000           -0.4896165             -13.3231
        18        2.0000           -0.4784944             -13.0205
        19        2.0000           -0.4712966             -12.8246
        20        2.0000           -0.4638036             -12.6207
        21        2.0000           -0.4333319             -11.7916
        22        2.0000           -0.4036740             -10.9845
        23        2.0000           -0.3975348             -10.8175
        24        2.0000           -0.3764670             -10.2442 (HOMO)
        25                         -0.2740847              -7.4582 (LUMO)
        26                         -0.2600688              -7.0768
        27                         -0.2288243              -6.2266
        28                         -0.2125971              -5.7851
        29                         -0.1903691              -5.1802
        30                         -0.1697933              -4.6203
        31                         -0.1282340              -3.4894
        32                         -0.0470783              -1.2811
        33                         -0.0398141              -1.0834
        34                         -0.0251742              -0.6850
        35                         -0.0158905              -0.4324
       ...                                ...                  ...
        55                          0.6653945              18.1063
      -------------------------------------------------------------
                  HL-Gap            0.1023824 Eh            2.7860 eV
             Fermi-level           -0.3252758 Eh           -8.8512 eV

     #   Z        covCN         q      C6AA      α(0)
     1   6 C      2.939    -0.057    29.409     8.894
     2  16 S      2.307     0.015   140.427    19.945
     3   6 C      2.971    -0.038    28.942     8.824
     4   6 C      3.173     0.006    27.500     8.565
     5   6 C      3.076     0.129    25.108     8.215
     6   8 O      1.714    -0.258    18.278     5.772
     7   6 C      3.706     0.128    18.638     6.172
     8  16 S      1.961    -0.108   145.551    20.305
     9  16 S      2.013    -0.071   143.999    20.197
    10   1 H      0.927     0.067     2.121     2.277
    11   1 H      0.927     0.065     2.144     2.290
    12   1 H      0.925     0.071     2.069     2.249
    13   1 H      0.924     0.051     2.312     2.378

 Mol. C6AA /au·bohr⁶  :       5082.789804
 Mol. C8AA /au·bohr⁸  :     182076.364001
 Mol. α(0) /au        :        116.084214


Wiberg/Mayer (AO) data.
largest (>0.10) Wiberg bond orders for each atom
          total WBO             WBO to atom ...
     1  C   3.936        C    5 1.546    S    2 1.191    H   10 0.967    C    3 0.117
     2  S   2.664        C    3 1.204    C    1 1.191
     3  C   3.947        C    4 1.560    S    2 1.204    H   11 0.969    C    1 0.117
     4  C   3.954        C    3 1.560    C    5 1.197    S    9 1.020
     5  C   3.928        C    1 1.546    C    4 1.197    O    6 1.031
     6  O   2.256        C    5 1.031    C    7 1.016
     7  C   3.943        O    6 1.016    H   12 0.964    H   13 0.964    S    8 0.948
     8  S   2.262        S    9 1.176    C    7 0.948
     9  S   2.374        S    8 1.176    C    4 1.020
    10  H   0.996        C    1 0.967
    11  H   0.996        C    3 0.969
    12  H   0.994        C    7 0.964
    13  H   0.997        C    7 0.964

molecular dipole:
                 x           y           z       tot (Debye)
 q only:        0.274       0.302       0.335
   full:        0.047       0.506       0.429       1.691
molecular quadrupole (traceless):
                xx          xy          yy          xz          yz          zz
 q only:        2.954      -3.434      -1.281      -1.762      -0.054      -1.674
  q+dip:       -0.886      -5.291       0.576      -3.577       0.079       0.309
   full:       -0.654      -5.336       0.663      -2.835       0.114      -0.009

           -------------------------------------------------
          |                Geometry Summary                 |
           -------------------------------------------------

      molecular mass/u    :      176.2660000
   center of mass at/Å    :       -0.1020252      -0.2343372      -0.1155155
  moments of inertia/u·Å² :        0.2228893E+03   0.6404488E+03   0.8258500E+03
rotational constants/cm⁻¹ :        0.7563230E-01   0.2632159E-01   0.2041246E-01

 * 12 selected distances

     #   Z        #   Z                                     value/Å
     1   6 C      2  16 S                                 1.7148821
     2  16 S      3   6 C                                 1.7126426
     3   6 C      4   6 C                                 1.3614789
     1   6 C      5   6 C                                 1.3637085
     4   6 C      5   6 C                                 1.4284996
     5   6 C      6   8 O                                 1.3673049
     6   8 O      7   6 C                                 1.3861556
     8  16 S      9  16 S                                 2.0527972 (max)
     1   6 C     10   1 H                                 1.0699240 (min)
     3   6 C     11   1 H                                 1.0703181
     7   6 C     12   1 H                                 1.0894208
     7   6 C     13   1 H                                 1.0957431

 * 5 distinct bonds (by element types)

   Z      Z             #   av. dist./Å        max./Å        min./Å
   1 H    6 C           4     1.0813515     1.0957431     1.0699240
   6 C    6 C           3     1.3845623     1.4284996     1.3614789
   6 C    8 O           2     1.3767302     1.3861556     1.3673049
   6 C   16 S           2     1.7137624     1.7148821     1.7126426
  16 S   16 S           1     2.0527972     2.0527972     2.0527972


optimized geometry written to: xtbopt.xyz


           -------------------------------------------------
          | TOTAL ENERGY              -26.545365925525 Eh   |
          | GRADIENT NORM               0.000504044027 Eh/α |
          | HOMO-LUMO GAP               2.785965807537 eV   |
           -------------------------------------------------

------------------------------------------------------------------------
 * finished run on 2021/05/19 at 11:00:12.079     
------------------------------------------------------------------------
 total:
 * wall-time:     0 d,  0 h,  0 min,  0.219 sec
 *  cpu-time:     0 d,  0 h,  0 min,  0.217 sec
 * ratio c/w:     0.993 speedup
 SCF:
 * wall-time:     0 d,  0 h,  0 min,  0.028 sec
 *  cpu-time:     0 d,  0 h,  0 min,  0.028 sec
 * ratio c/w:     0.998 speedup
 ANC optimizer:
 * wall-time:     0 d,  0 h,  0 min,  0.172 sec
 *  cpu-time:     0 d,  0 h,  0 min,  0.171 sec
 * ratio c/w:     0.997 speedup

