      -----------------------------------------------------------      
     |                   =====================                   |     
     |                           x T B                           |     
     |                   =====================                   |     
     |                         S. Grimme                         |     
     |          Mulliken Center for Theoretical Chemistry        |     
     |                    University of Bonn                     |     
     |                Version 6.2 RC2 (SAW190805)                |     
      -----------------------------------------------------------      

   This program is distributed in the hope that it will be useful,
   but WITHOUT ANY WARRANTY; without even the implied warranty of
   MERCHANTABILITY or FITNESS FOR A PARTICULAR PURPOSE.
   
   FOR NON-COMMERCIAL, ACADEMIA USE ONLY.
   
   Cite this work as:
   * S. Grimme, C. Bannwarth, P. Shushkov, J. Chem. Theory Comput., 2017,
     13, 1989-2009. DOI: 10.1021/acs.jctc.7b00118
   * C. Bannwarth, S. Ehlert and S. Grimme., J. Chem. Theory Comput., 2019,
     15, 1652-1671. DOI: 10.1021/acs.jctc.8b01176
   * P. Pracht, E. Caldeweyher, S. Ehlert, S. Grimme, ChemRxiv, 2019, preprint.
     DOI: 10.26434/chemrxiv.8326202.v1
   
   for DFT-D4:
   * E. Caldeweyher, C. Bannwarth and S. Grimme, J. Chem. Phys., 2017,
     147, 034112. DOI: 10.1063/1.4993215
   * E. Caldeweyher, S. Ehlert, A. Hansen, H. Neugebauer, S. Spicher,
     C. Bannwarth and S. Grimme, J. Chem. Phys., 2019, 150, 154122.
     DOI: 10.1063/1.5090222
   
   for sTDA-xTB:
   * S. Grimme and C. Bannwarth, J. Chem. Phys., 2016, 145, 054103.
     DOI: 10.1063/1.4959605
   
   in the mass-spec context:
   * V. Asgeirsson, C. Bauer and S. Grimme, Chem. Sci., 2017, 8, 4879.
     DOI: 10.1039/c7sc00601b
   
   for metadynamics refer to:
   * S. Grimme, J. Chem. Theory Comput., 2019, 155, 2847-2862
     DOI: 10.1021/acs.jctc.9b00143
   
   with help from (in alphabetical order)
   C. Bannwarth, F. Bohle, G. Brandenburg, E. Caldeweyher, M. Checinski,
   S. Dohm, S. Ehlert, S. Ehrlich, F. März, H. Neugebauer, J. Pisarek,
   P. Pracht, P. Shushkov, and S. Spicher.
   
 * started run on 2021/05/19 at 11:00:08.762     

           -------------------------------------------------
          |                Calculation Setup                |
           -------------------------------------------------

          program call               : /ihome/ghutchison/geoffh/xtb/xtb 710.xyz -opt
          hostname                   : smp-n83
          coordinate file            : 710.xyz
          omp threads                :                     1
          number of atoms            :                    19
          number of electrons        :                    72
          charge                     :                     0
          spin                       :                   0.0
          first test random number   :      0.55318774749569


########################################################################
# WARNING! Please study the warnings concerning your input carefully
#  - the use of '-opt' is discouraged, please use '--opt' next time
########################################################################

           ------------------------------------------------- 
          |                 G F N 2 - x T B                 |
          | Geometry, Frequencies, Noncovalent interactions |
          |            JCTC 2019 parametrisation            |
           ------------------------------------------------- 
             KAB for C  - Si     :                1.0500
             KAB for H  - Pd     :                0.9500
             k(s)              :                1.8500
             k(p)              :                2.2300
             k(d)              :                2.2300
             k(f)              :                2.0000
             kEN (H0ij)        :               -2.0000
             D4 a1             :                0.5200
             D4 a2             :                5.0000
             D4 s6             :                1.0000
             D4 s8             :                2.7000
             D4 s9             :                5.0000
             alphaj            :                2.0000

  Z AO/shell   Hii/eV     exponent
  1     Wed Apr 25 08:07:45 CEST 2018   EN: 2.200 GM2: 0.406  GM3: 0.0800  RAES: 1.40
     1s    -10.707211    1.230000
  6     Wed Apr 25 08:07:45 CEST 2018   EN: 2.550 GM2: 0.538  GM3: 0.1500  RAES: 3.00
     2s    -13.970922    2.096432
     2p    -10.063292    1.800000
  9     Mon Apr 23 13:58:50 CEST 2018   EN: 3.980 GM2: 0.532  GM3: 0.1426  RAES: 2.40
     2s    -23.458179    2.416361
     2p    -15.746583    2.308399
 16     Tue Apr 24 11:44:34 CEST 2018   EN: 2.580 GM2: 0.340  GM3:-0.0502  RAES: 3.10
     3s    -20.029654    1.981333
     3p    -11.377694    2.025643
     3d     -0.420282    1.702555

           ------------------------------------------------- 
          |        Self-Consistent Charge Iterations        |
           ------------------------------------------------- 

          ...................................................
          :                      SETUP                      :
          :.................................................:
          :  # basis functions                  64          :
          :  # atomic orbitals                  63          :
          :  # shells                           33          :
          :  # electrons                        72          :
          :  max. iterations                   250          :
          :  Hamiltonian                  GFN2-xTB          :
          :  restarted?                      false          :
          :  GBSA solvation                  false          :
          :  PC potential                    false          :
          :  electronic temp.          300.0000000     K    :
          :  accuracy                    1.0000000          :
          :  -> integral cutoff          0.2500000E+02      :
          :  -> integral neglect         0.1000000E-07      :
          :  -> SCF convergence          0.1000000E-05 Eh   :
          :  -> wf. convergence          0.1000000E-03 e    :
          :  Broyden damping             0.4000000          :
          ...................................................

 iter      E             dE          RMSdq      gap      omega  full diag
   1    -42.6480960 -0.426481E+02  0.460E+00    3.98       0.0  T
   2    -42.6886509 -0.405549E-01  0.251E+00    4.00       1.0  T
   3    -42.6894035 -0.752541E-03  0.896E-01    3.98       1.0  T
   4    -42.6906635 -0.126006E-02  0.234E-01    3.96       1.0  T
   5    -42.6909684 -0.304823E-03  0.139E-01    3.97       1.0  T
   6    -42.6911511 -0.182796E-03  0.332E-02    3.97       1.0  T
   7    -42.6911541 -0.291010E-05  0.153E-02    3.96       1.5  T
   8    -42.6911542 -0.145973E-06  0.369E-03    3.96       6.2  T
   9    -42.6911543 -0.460443E-07  0.933E-04    3.96      24.6  T
  10    -42.6911543 -0.394826E-08  0.384E-04    3.96      59.7  T

   *** convergence criteria satisfied after 10 iterations ***

         #    Occupation            Energy/Eh            Energy/eV
      -------------------------------------------------------------
         1        2.0000           -0.8357633             -22.7423
       ...           ...                  ...                  ...
        30        2.0000           -0.4821899             -13.1211
        31        2.0000           -0.4769322             -12.9780
        32        2.0000           -0.4670442             -12.7089
        33        2.0000           -0.4650536             -12.6548
        34        2.0000           -0.4553684             -12.3912
        35        2.0000           -0.4327001             -11.7744
        36        2.0000           -0.4300120             -11.7012 (HOMO)
        37                         -0.2843300              -7.7370 (LUMO)
        38                         -0.2334079              -6.3514
        39                         -0.2273076              -6.1854
        40                         -0.1466544              -3.9907
        41                         -0.0355541              -0.9675
       ...                                ...                  ...
        63                          0.6276567              17.0794
      -------------------------------------------------------------
                  HL-Gap            0.1456820 Eh            3.9642 eV
             Fermi-level           -0.3571710 Eh           -9.7191 eV

 SCC (total)                   0 d,  0 h,  0 min,  0.032 sec
 SCC setup                      ...        0 min,  0.000 sec (  0.883%)
 Dispersion                     ...        0 min,  0.000 sec (  0.717%)
 integral evaluation            ...        0 min,  0.008 sec ( 25.703%)
 zeroth order Hamiltonian       ...        0 min,  0.000 sec (  0.492%)
 iterations                     ...        0 min,  0.011 sec ( 34.649%)
 molecular gradient             ...        0 min,  0.012 sec ( 36.248%)
 printout                       ...        0 min,  0.000 sec (  1.124%)

         :::::::::::::::::::::::::::::::::::::::::::::::::::::
         ::                     SUMMARY                     ::
         :::::::::::::::::::::::::::::::::::::::::::::::::::::
         :: total energy             -42.358062249132 Eh    ::
         :: gradient norm              0.042372137949 Eh/a0 ::
         :: HOMO-LUMO gap              3.964209336364 eV    ::
         ::.................................................::
         :: SCC energy               -42.691154255302 Eh    ::
         :: -> isotropic ES            0.055730806991 Eh    ::
         :: -> anisotropic ES         -0.000331161896 Eh    ::
         :: -> anisotropic XC         -0.014234987841 Eh    ::
         :: -> dispersion             -0.018628034327 Eh    ::
         :: repulsion energy           0.332987599895 Eh    ::
         :: add. restraining           0.000000000000 Eh    ::
         :::::::::::::::::::::::::::::::::::::::::::::::::::::

      ----------------------------------------------------------- 
     |                   =====================                   |
     |                        A N C O P T                        |
     |                   =====================                   |
     |               Approximate Normal Coordinate               |
     |                Rational Function Optimizer                |
      ----------------------------------------------------------- 

          ...................................................
          :                      SETUP                      :
          :.................................................:
          :   optimization level            normal          :
          :   max. optcycles                   200          :
          :   ANC micro-cycles                  20          :
          :   degrees of freedom                51          :
          :.................................................:
          :   RF solver                   davidson          :
          :   input Hessian                  false          :
          :   write xtbopt.log                true          :
          :   linear?                        false          :
          :   energy convergence         0.5000000E-05 Eh   :
          :   grad. convergence          0.1000000E-02 Eh/α :
          :   maximium RF displ.         2.0000000          :
          :   Hlow (freq-cutoff)         0.5000000E-02      :
          :   Hmax (freq-cutoff)         5.0000000          :
          :   S6 in model hess.         20.0000000          :
          ...................................................

generating ANC from model Hessian ...
Using Lindh-Hessian (1995)
 Shifting diagonal of input Hessian by   0.000000000000000E+000
 Lowest  eigenvalues of input Hessian
   -0.000000   -0.000000    0.000000    0.000000    0.000000    0.000000
    0.005333    0.006990    0.014162    0.015753    0.020020    0.027450
    0.030960    0.031528    0.050412    0.053091    0.054231    0.059136
 Highest eigenvalues
    1.492430    1.505267    1.509339    1.656876    1.746572    1.823013
 

........................................................................
.............................. CYCLE    1 ..............................
........................................................................
   1    -42.6911543 -0.426912E+02  0.243E-04    3.96       0.0  T
   2    -42.6911543 -0.179128E-10  0.200E-04    3.96     114.9  T
   3    -42.6911543 -0.461704E-09  0.917E-05    3.96     250.3  T
     SCC iter.                  ...        0 min,  0.004 sec
     gradient                   ...        0 min,  0.012 sec
 * total energy  :   -42.3580623 Eh     change       -0.1431924E-07 Eh
   gradient norm :     0.0423723 Eh/α   predicted     0.0000000E+00 (-100.00%)
   displ. norm   :     0.1815379 α      lambda       -0.3090908E-02
   maximum displ.:     0.1238011 α      in ANC's #4, #8, #10, ...

........................................................................
.............................. CYCLE    2 ..............................
........................................................................
   1    -42.7028742 -0.427029E+02  0.151E-01    4.06       0.0  T
   2    -42.7028945 -0.203002E-04  0.821E-02    4.06       1.0  T
   3    -42.7028930  0.159596E-05  0.285E-02    4.06       1.0  T
   4    -42.7028959 -0.292254E-05  0.134E-02    4.06       1.7  T
   5    -42.7028975 -0.160830E-05  0.538E-03    4.06       4.3  T
   6    -42.7028976 -0.121645E-06  0.871E-04    4.06      26.3  T
     SCC iter.                  ...        0 min,  0.006 sec
     gradient                   ...        0 min,  0.011 sec
 * total energy  :   -42.3600015 Eh     change       -0.1939255E-02 Eh
   gradient norm :     0.0137543 Eh/α   predicted    -0.1596426E-02 ( -17.68%)
   displ. norm   :     0.1331028 α      lambda       -0.5182905E-03
   maximum displ.:     0.1242801 α      in ANC's #4, #9, #10, ...

........................................................................
.............................. CYCLE    3 ..............................
........................................................................
   1    -42.7055527 -0.427056E+02  0.107E-01    4.08       0.0  T
   2    -42.7055609 -0.816285E-05  0.629E-02    4.08       1.0  T
   3    -42.7055588  0.208014E-05  0.213E-02    4.08       1.1  T
   4    -42.7055620 -0.321110E-05  0.825E-03    4.08       2.8  T
   5    -42.7055627 -0.661331E-06  0.309E-03    4.08       7.4  T
   6    -42.7055627 -0.487575E-07  0.715E-04    4.08      32.1  T
   7    -42.7055627 -0.122267E-08  0.432E-04    4.08      53.1  T
     SCC iter.                  ...        0 min,  0.007 sec
     gradient                   ...        0 min,  0.011 sec
 * total energy  :   -42.3603366 Eh     change       -0.3350659E-03 Eh
   gradient norm :     0.0064184 Eh/α   predicted    -0.2637418E-03 ( -21.29%)
   displ. norm   :     0.1288627 α      lambda       -0.2024210E-03
   maximum displ.:     0.1236383 α      in ANC's #4, #9, #17, ...

........................................................................
.............................. CYCLE    4 ..............................
........................................................................
   1    -42.7051037 -0.427051E+02  0.101E-01    4.08       0.0  T
   2    -42.7051075 -0.383950E-05  0.601E-02    4.08       1.0  T
   3    -42.7051078 -0.241292E-06  0.109E-02    4.08       2.1  T
   4    -42.7051085 -0.672576E-06  0.438E-03    4.08       5.2  T
   5    -42.7051085 -0.349879E-07  0.207E-03    4.08      11.1  T
   6    -42.7051086 -0.632650E-07  0.515E-04    4.08      44.5  T
     SCC iter.                  ...        0 min,  0.006 sec
     gradient                   ...        0 min,  0.011 sec
 * total energy  :   -42.3604773 Eh     change       -0.1407478E-03 Eh
   gradient norm :     0.0052787 Eh/α   predicted    -0.1028928E-03 ( -26.90%)
   displ. norm   :     0.0967526 α      lambda       -0.1027336E-03
   maximum displ.:     0.0897510 α      in ANC's #4, #9, #8, ...

........................................................................
.............................. CYCLE    5 ..............................
........................................................................
   1    -42.7042793 -0.427043E+02  0.832E-02    4.07       0.0  T
   2    -42.7042814 -0.213273E-05  0.487E-02    4.07       1.0  T
   3    -42.7042815 -0.875145E-07  0.931E-03    4.07       2.5  T
   4    -42.7042819 -0.380196E-06  0.478E-03    4.07       4.8  T
   5    -42.7042820 -0.140418E-06  0.170E-03    4.07      13.5  T
   6    -42.7042821 -0.404217E-07  0.357E-04    4.07      64.2  T
     SCC iter.                  ...        0 min,  0.006 sec
     gradient                   ...        0 min,  0.011 sec
 * total energy  :   -42.3605425 Eh     change       -0.6518773E-04 Eh
   gradient norm :     0.0036873 Eh/α   predicted    -0.5185164E-04 ( -20.46%)
   displ. norm   :     0.0402589 α      lambda       -0.2764229E-04
   maximum displ.:     0.0352993 α      in ANC's #4, #9, #8, ...

........................................................................
.............................. CYCLE    6 ..............................
........................................................................
   1    -42.7042404 -0.427042E+02  0.432E-02    4.07       0.0  T
   2    -42.7042410 -0.610196E-06  0.237E-02    4.07       1.0  T
   3    -42.7042408  0.276480E-06  0.692E-03    4.07       3.3  T
   4    -42.7042412 -0.425579E-06  0.354E-03    4.07       6.5  T
   5    -42.7042413 -0.623940E-07  0.857E-04    4.07      26.8  T
   6    -42.7042413 -0.468299E-08  0.260E-04    4.07      88.3  T
     SCC iter.                  ...        0 min,  0.006 sec
     gradient                   ...        0 min,  0.011 sec
 * total energy  :   -42.3605582 Eh     change       -0.1572150E-04 Eh
   gradient norm :     0.0022111 Eh/α   predicted    -0.1384519E-04 ( -11.93%)
   displ. norm   :     0.0178197 α      lambda       -0.8546937E-05
   maximum displ.:     0.0136476 α      in ANC's #4, #5, #2, ...

........................................................................
.............................. CYCLE    7 ..............................
........................................................................
   1    -42.7044681 -0.427045E+02  0.297E-02    4.07       0.0  T
   2    -42.7044685 -0.317217E-06  0.147E-02    4.07       1.6  T
   3    -42.7044684  0.612329E-07  0.396E-03    4.07       5.8  T
   4    -42.7044685 -0.138779E-06  0.216E-03    4.07      10.6  T
   5    -42.7044685 -0.184230E-07  0.422E-04    4.07      54.3  T
   6    -42.7044685 -0.651305E-09  0.898E-05    4.07     255.4  T
     SCC iter.                  ...        0 min,  0.006 sec
     gradient                   ...        0 min,  0.012 sec
 * total energy  :   -42.3605626 Eh     change       -0.4330248E-05 Eh
   gradient norm :     0.0011905 Eh/α   predicted    -0.4276560E-05 (  -1.24%)
   displ. norm   :     0.0075342 α      lambda       -0.2141341E-05
   maximum displ.:     0.0039041 α      in ANC's #4, #5, #2, ...

........................................................................
.............................. CYCLE    8 ..............................
........................................................................
   1    -42.7046861 -0.427047E+02  0.118E-02    4.08       0.0  T
   2    -42.7046862 -0.750177E-07  0.592E-03    4.08       3.9  T
   3    -42.7046862  0.137443E-07  0.180E-03    4.08      12.8  T
   4    -42.7046862 -0.300163E-07  0.918E-04    4.08      25.0  T
   5    -42.7046862 -0.316520E-08  0.293E-04    4.08      78.2  T
     SCC iter.                  ...        0 min,  0.005 sec
     gradient                   ...        0 min,  0.012 sec
 * total energy  :   -42.3605642 Eh     change       -0.1617724E-05 Eh
   gradient norm :     0.0003787 Eh/α   predicted    -0.1071330E-05 ( -33.78%)
   displ. norm   :     0.0047643 α      lambda       -0.2778120E-06
   maximum displ.:     0.0031981 α      in ANC's #2, #1, #4, ...

   *** GEOMETRY OPTIMIZATION CONVERGED AFTER 8 ITERATIONS ***

------------------------------------------------------------------------
 total energy gain   :        -0.0025019 Eh       -1.5700 kcal/mol
 total RMSD          :         0.1261509 a0        0.0668 Å
 total power (kW/mol):        -0.8211054 (step)  -31.0498 (real)
------------------------------------------------------------------------

 ANCopt (total)                0 d,  0 h,  0 min,  0.212 sec
 optimizer setup                ...        0 min,  0.000 sec (  0.070%)
 model hessian                  ...        0 min,  0.006 sec (  2.651%)
 ANC generation                 ...        0 min,  0.001 sec (  0.250%)
 coordinate transformation      ...        0 min,  0.000 sec (  0.057%)
 single point calculation       ...        0 min,  0.203 sec ( 95.791%)
 optimization log               ...        0 min,  0.001 sec (  0.342%)
 hessian update                 ...        0 min,  0.000 sec (  0.047%)
 rational function              ...        0 min,  0.001 sec (  0.507%)

================
 final structure:
================
$coord
    3.01217119399562    2.30128932782146    0.04234971070684      C 
    5.25796288722528   -0.02949214972530   -0.00199994978078      S 
    2.98569372915588   -2.33428267204110   -0.05507408841686      C 
    0.61035246347232   -1.34743919467389   -0.02680271727046      C 
    0.62568337133437    1.34182624547418    0.00726664642058      C 
   -1.75889315404759    2.84861071710665    0.21316780744958      C 
   -2.13266546579671    3.45222753924212    2.73803277941176      F 
   -4.03303970123801    1.29850342732109   -0.69457679082382      C 
   -6.20509806745239    2.61462327462431   -0.20108630314676      F 
   -4.04535413753777   -1.25047779542401    0.67836724652852      C 
   -6.23386316161201   -2.54173996545950    0.19253174090436      F 
   -1.79164969085162   -2.82531900141971   -0.23728936000861      C 
   -2.17445530234601   -3.41432107079105   -2.76423264061428      F 
    3.56963323896682    4.24705460128066    0.10274397230793      H 
    3.52100613128104   -4.28632370754568   -0.11350692076037      H 
   -1.65224198725223    4.66073741610044   -0.78404847302191      H 
   -3.95911864215738    1.00806661860748   -2.74663747076467      H 
   -3.96074539359052   -0.96102936992792    2.73013165768009      H 
   -1.70630879711075   -4.64240995868931    0.75270431082533      H 
$end
           -------------------------------------------------
          |                Final Singlepoint                |
           -------------------------------------------------

          ...................................................
          :                      SETUP                      :
          :.................................................:
          :  # basis functions                  64          :
          :  # atomic orbitals                  63          :
          :  # shells                           33          :
          :  # electrons                        72          :
          :  max. iterations                   250          :
          :  Hamiltonian                  GFN2-xTB          :
          :  restarted?                      false          :
          :  GBSA solvation                  false          :
          :  PC potential                    false          :
          :  electronic temp.          300.0000000     K    :
          :  accuracy                    1.0000000          :
          :  -> integral cutoff          0.2500000E+02      :
          :  -> integral neglect         0.1000000E-07      :
          :  -> SCF convergence          0.1000000E-05 Eh   :
          :  -> wf. convergence          0.1000000E-03 e    :
          :  Broyden damping             0.4000000          :
          ...................................................

 iter      E             dE          RMSdq      gap      omega  full diag
   1    -42.7046862 -0.427047E+02  0.132E-04    4.08       0.0  T
   2    -42.7046862 -0.149356E-10  0.668E-05    4.08     343.3  T
   3    -42.7046862 -0.645670E-10  0.500E-05    4.08     459.2  T

   *** convergence criteria satisfied after 3 iterations ***

         #    Occupation            Energy/Eh            Energy/eV
      -------------------------------------------------------------
         1        2.0000           -0.8327075             -22.6591
       ...           ...                  ...                  ...
        30        2.0000           -0.4830350             -13.1441
        31        2.0000           -0.4774599             -12.9923
        32        2.0000           -0.4679288             -12.7330
        33        2.0000           -0.4657509             -12.6737
        34        2.0000           -0.4567654             -12.4292
        35        2.0000           -0.4347410             -11.8299
        36        2.0000           -0.4345116             -11.8237 (HOMO)
        37                         -0.2846856              -7.7467 (LUMO)
        38                         -0.2352179              -6.4006
        39                         -0.2254845              -6.1357
        40                         -0.1479350              -4.0255
        41                         -0.0362174              -0.9855
       ...                                ...                  ...
        63                          0.6504964              17.7009
      -------------------------------------------------------------
                  HL-Gap            0.1498260 Eh            4.0770 eV
             Fermi-level           -0.3595986 Eh           -9.7852 eV

 SCC (total)                   0 d,  0 h,  0 min,  0.024 sec
 SCC setup                      ...        0 min,  0.000 sec (  0.626%)
 Dispersion                     ...        0 min,  0.000 sec (  0.436%)
 integral evaluation            ...        0 min,  0.008 sec ( 32.758%)
 zeroth order Hamiltonian       ...        0 min,  0.000 sec (  0.572%)
 iterations                     ...        0 min,  0.004 sec ( 15.186%)
 molecular gradient             ...        0 min,  0.012 sec ( 48.845%)
 printout                       ...        0 min,  0.000 sec (  1.378%)

         :::::::::::::::::::::::::::::::::::::::::::::::::::::
         ::                     SUMMARY                     ::
         :::::::::::::::::::::::::::::::::::::::::::::::::::::
         :: total energy             -42.360564181305 Eh    ::
         :: gradient norm              0.000379598237 Eh/a0 ::
         :: HOMO-LUMO gap              4.076971713490 eV    ::
         ::.................................................::
         :: SCC energy               -42.704686204330 Eh    ::
         :: -> isotropic ES            0.057011964464 Eh    ::
         :: -> anisotropic ES         -0.000556889987 Eh    ::
         :: -> anisotropic XC         -0.013209515969 Eh    ::
         :: -> dispersion             -0.018712929427 Eh    ::
         :: repulsion energy           0.344018521489 Eh    ::
         :: add. restraining           0.000000000000 Eh    ::
         :::::::::::::::::::::::::::::::::::::::::::::::::::::

           -------------------------------------------------
          |                Property Printout                |
           -------------------------------------------------

    * Orbital Energies and Occupations

         #    Occupation            Energy/Eh            Energy/eV
      -------------------------------------------------------------
         1        2.0000           -0.8327075             -22.6591
       ...           ...                  ...                  ...
        24        2.0000           -0.5182514             -14.1023
        25        2.0000           -0.5095512             -13.8656
        26        2.0000           -0.5088466             -13.8464
        27        2.0000           -0.5087531             -13.8439
        28        2.0000           -0.5034911             -13.7007
        29        2.0000           -0.5006660             -13.6238
        30        2.0000           -0.4830350             -13.1441
        31        2.0000           -0.4774599             -12.9923
        32        2.0000           -0.4679288             -12.7330
        33        2.0000           -0.4657509             -12.6737
        34        2.0000           -0.4567654             -12.4292
        35        2.0000           -0.4347410             -11.8299
        36        2.0000           -0.4345116             -11.8237 (HOMO)
        37                         -0.2846856              -7.7467 (LUMO)
        38                         -0.2352179              -6.4006
        39                         -0.2254845              -6.1357
        40                         -0.1479350              -4.0255
        41                         -0.0362174              -0.9855
        42                         -0.0266713              -0.7258
        43                         -0.0198568              -0.5403
        44                         -0.0004374              -0.0119
        45                         -0.0003600              -0.0098
        46                          0.0258618               0.7037
        47                          0.0402270               1.0946
       ...                                ...                  ...
        63                          0.6504964              17.7009
      -------------------------------------------------------------
                  HL-Gap            0.1498260 Eh            4.0770 eV
             Fermi-level           -0.3595986 Eh           -9.7852 eV

     #   Z        covCN         q      C6AA      α(0)
     1   6 C      2.940    -0.027    28.678     8.783
     2  16 S      2.318     0.064   138.476    19.806
     3   6 C      2.940    -0.027    28.679     8.783
     4   6 C      3.178    -0.026    28.223     8.674
     5   6 C      3.178    -0.026    28.223     8.674
     6   6 C      3.666     0.133    18.657     6.194
     7   9 F      0.786    -0.243    11.685     4.038
     8   6 C      3.666     0.139    18.565     6.179
     9   9 F      0.785    -0.223    11.473     4.001
    10   6 C      3.666     0.139    18.565     6.179
    11   9 F      0.785    -0.223    11.473     4.001
    12   6 C      3.666     0.133    18.658     6.194
    13   9 F      0.786    -0.243    11.686     4.038
    14   1 H      0.926     0.069     2.094     2.263
    15   1 H      0.926     0.069     2.094     2.263
    16   1 H      0.924     0.070     2.088     2.260
    17   1 H      0.924     0.075     2.029     2.228
    18   1 H      0.924     0.075     2.030     2.228
    19   1 H      0.924     0.070     2.088     2.260

 Mol. C6AA /au·bohr⁶  :       5200.618106
 Mol. C8AA /au·bohr⁸  :     139822.544532
 Mol. α(0) /au        :        109.044583


Wiberg/Mayer (AO) data.
largest (>0.10) Wiberg bond orders for each atom
          total WBO             WBO to atom ...
     1  C   3.955        C    5 1.596    S    2 1.221    H   14 0.968    C    3 0.108
     2  S   2.682        C    1 1.221    C    3 1.221
     3  C   3.955        C    4 1.596    S    2 1.221    H   15 0.968    C    1 0.108
     4  C   3.980        C    3 1.596    C    5 1.231    C   12 0.989
     5  C   3.980        C    1 1.596    C    4 1.231    C    6 0.989
     6  C   3.912        C    5 0.989    C    8 0.972    H   16 0.956    F    7 0.923
     7  F   1.010        C    6 0.923
     8  C   3.917        C    6 0.972    C   10 0.972    H   17 0.956    F    9 0.950
     9  F   1.028        C    8 0.950
    10  C   3.917        C   12 0.972    C    8 0.972    H   18 0.956    F   11 0.950
    11  F   1.028        C   10 0.950
    12  C   3.912        C    4 0.989    C   10 0.972    H   19 0.956    F   13 0.923
    13  F   1.010        C   12 0.923
    14  H   0.995        C    1 0.968
    15  H   0.995        C    3 0.968
    16  H   0.995        C    6 0.956
    17  H   0.994        C    8 0.956
    18  H   0.994        C   10 0.956
    19  H   0.995        C   12 0.956

molecular dipole:
                 x           y           z       tot (Debye)
 q only:        2.019      -0.014      -0.001
   full:        1.859      -0.013      -0.001       4.724
molecular quadrupole (traceless):
                xx          xy          yy          xz          yz          zz
 q only:       -6.791       0.072       4.556      -0.050      -7.921       2.235
  q+dip:      -12.258       0.134       9.585      -0.058     -10.516       2.673
   full:      -12.363       0.129       8.699      -0.059     -10.015       3.663

           -------------------------------------------------
          |                Geometry Summary                 |
           -------------------------------------------------

      molecular mass/u    :      210.1890000
   center of mass at/Å    :       -0.5201116       0.0039741      -0.0041676
  moments of inertia/u·Å² :        0.4216083E+03   0.9225644E+03   0.1226756E+04
rotational constants/cm⁻¹ :        0.3998411E-01   0.1827258E-01   0.1374164E-01

 * 20 selected distances

     #   Z        #   Z                                     value/Å
     1   6 C      2  16 S                                 1.7129403 (max)
     2  16 S      3   6 C                                 1.7129398
     3   6 C      4   6 C                                 1.3612210
     1   6 C      5   6 C                                 1.3612435
     4   6 C      5   6 C                                 1.4232354
     5   6 C      6   6 C                                 1.4966458
     6   6 C      7   9 F                                 1.3879183
     6   6 C      8   6 C                                 1.5335713
     8   6 C      9   9 F                                 1.3690811
     8   6 C     10   6 C                                 1.5320968
    10   6 C     11   9 F                                 1.3690222
     4   6 C     12   6 C                                 1.4965567
    10   6 C     12   6 C                                 1.5334947
    12   6 C     13   9 F                                 1.3879086
     1   6 C     14   1 H                                 1.0715564 (min)
     3   6 C     15   1 H                                 1.0715595
     6   6 C     16   1 H                                 1.0959998
     8   6 C     17   1 H                                 1.0974237
    10   6 C     18   1 H                                 1.0974116
    12   6 C     19   1 H                                 1.0959452

 * 4 distinct bonds (by element types)

   Z      Z             #   av. dist./Å        max./Å        min./Å
   1 H    6 C           6     1.0883160     1.0974237     1.0715564
   6 C    6 C           8     1.4672581     1.5335713     1.3612210
   6 C    9 F           4     1.3784825     1.3879183     1.3690222
   6 C   16 S           2     1.7129400     1.7129403     1.7129398


optimized geometry written to: xtbopt.xyz


           -------------------------------------------------
          | TOTAL ENERGY              -42.360564181305 Eh   |
          | GRADIENT NORM               0.000379598237 Eh/α |
          | HOMO-LUMO GAP               4.076971713490 eV   |
           -------------------------------------------------

------------------------------------------------------------------------
 * finished run on 2021/05/19 at 11:00:09.050     
------------------------------------------------------------------------
 total:
 * wall-time:     0 d,  0 h,  0 min,  0.288 sec
 *  cpu-time:     0 d,  0 h,  0 min,  0.288 sec
 * ratio c/w:     0.999 speedup
 SCF:
 * wall-time:     0 d,  0 h,  0 min,  0.032 sec
 *  cpu-time:     0 d,  0 h,  0 min,  0.032 sec
 * ratio c/w:     1.000 speedup
 ANC optimizer:
 * wall-time:     0 d,  0 h,  0 min,  0.236 sec
 *  cpu-time:     0 d,  0 h,  0 min,  0.236 sec
 * ratio c/w:     1.000 speedup

