      -----------------------------------------------------------      
     |                   =====================                   |     
     |                           x T B                           |     
     |                   =====================                   |     
     |                         S. Grimme                         |     
     |          Mulliken Center for Theoretical Chemistry        |     
     |                    University of Bonn                     |     
     |                Version 6.2 RC2 (SAW190805)                |     
      -----------------------------------------------------------      

   This program is distributed in the hope that it will be useful,
   but WITHOUT ANY WARRANTY; without even the implied warranty of
   MERCHANTABILITY or FITNESS FOR A PARTICULAR PURPOSE.
   
   FOR NON-COMMERCIAL, ACADEMIA USE ONLY.
   
   Cite this work as:
   * S. Grimme, C. Bannwarth, P. Shushkov, J. Chem. Theory Comput., 2017,
     13, 1989-2009. DOI: 10.1021/acs.jctc.7b00118
   * C. Bannwarth, S. Ehlert and S. Grimme., J. Chem. Theory Comput., 2019,
     15, 1652-1671. DOI: 10.1021/acs.jctc.8b01176
   * P. Pracht, E. Caldeweyher, S. Ehlert, S. Grimme, ChemRxiv, 2019, preprint.
     DOI: 10.26434/chemrxiv.8326202.v1
   
   for DFT-D4:
   * E. Caldeweyher, C. Bannwarth and S. Grimme, J. Chem. Phys., 2017,
     147, 034112. DOI: 10.1063/1.4993215
   * E. Caldeweyher, S. Ehlert, A. Hansen, H. Neugebauer, S. Spicher,
     C. Bannwarth and S. Grimme, J. Chem. Phys., 2019, 150, 154122.
     DOI: 10.1063/1.5090222
   
   for sTDA-xTB:
   * S. Grimme and C. Bannwarth, J. Chem. Phys., 2016, 145, 054103.
     DOI: 10.1063/1.4959605
   
   in the mass-spec context:
   * V. Asgeirsson, C. Bauer and S. Grimme, Chem. Sci., 2017, 8, 4879.
     DOI: 10.1039/c7sc00601b
   
   for metadynamics refer to:
   * S. Grimme, J. Chem. Theory Comput., 2019, 155, 2847-2862
     DOI: 10.1021/acs.jctc.9b00143
   
   with help from (in alphabetical order)
   C. Bannwarth, F. Bohle, G. Brandenburg, E. Caldeweyher, M. Checinski,
   S. Dohm, S. Ehlert, S. Ehrlich, F. März, H. Neugebauer, J. Pisarek,
   P. Pracht, P. Shushkov, and S. Spicher.
   
 * started run on 2021/05/19 at 11:00:12.468     

           -------------------------------------------------
          |                Calculation Setup                |
           -------------------------------------------------

          program call               : /ihome/ghutchison/geoffh/xtb/xtb 719.xyz -opt
          hostname                   : smp-n83
          coordinate file            : 719.xyz
          omp threads                :                     1
          number of atoms            :                    38
          number of electrons        :                   110
          charge                     :                     0
          spin                       :                   0.0
          first test random number   :      0.13791333731386


########################################################################
# WARNING! Please study the warnings concerning your input carefully
#  - the use of '-opt' is discouraged, please use '--opt' next time
########################################################################

           ------------------------------------------------- 
          |                 G F N 2 - x T B                 |
          | Geometry, Frequencies, Noncovalent interactions |
          |            JCTC 2019 parametrisation            |
           ------------------------------------------------- 
             KAB for C  - Si     :                1.0500
             KAB for H  - Pd     :                0.9500
             k(s)              :                1.8500
             k(p)              :                2.2300
             k(d)              :                2.2300
             k(f)              :                2.0000
             kEN (H0ij)        :               -2.0000
             D4 a1             :                0.5200
             D4 a2             :                5.0000
             D4 s6             :                1.0000
             D4 s8             :                2.7000
             D4 s9             :                5.0000
             alphaj            :                2.0000

  Z AO/shell   Hii/eV     exponent
  1     Wed Apr 25 08:07:45 CEST 2018   EN: 2.200 GM2: 0.406  GM3: 0.0800  RAES: 1.40
     1s    -10.707211    1.230000
  6     Wed Apr 25 08:07:45 CEST 2018   EN: 2.550 GM2: 0.538  GM3: 0.1500  RAES: 3.00
     2s    -13.970922    2.096432
     2p    -10.063292    1.800000
  7     Wed Apr 25 08:07:45 CEST 2018   EN: 3.040 GM2: 0.461  GM3:-0.0640  RAES: 1.90
     2s    -16.686243    2.339881
     2p    -12.523956    2.014332
  8     Wed Apr 25 08:07:45 CEST 2018   EN: 3.440 GM2: 0.452  GM3:-0.0517  RAES: 1.80
     2s    -20.229985    2.439742
     2p    -15.503117    2.137023

           ------------------------------------------------- 
          |        Self-Consistent Charge Iterations        |
           ------------------------------------------------- 

          ...................................................
          :                      SETUP                      :
          :.................................................:
          :  # basis functions                 104          :
          :  # atomic orbitals                 104          :
          :  # shells                           60          :
          :  # electrons                       110          :
          :  max. iterations                   250          :
          :  Hamiltonian                  GFN2-xTB          :
          :  restarted?                      false          :
          :  GBSA solvation                  false          :
          :  PC potential                    false          :
          :  electronic temp.          300.0000000     K    :
          :  accuracy                    1.0000000          :
          :  -> integral cutoff          0.2500000E+02      :
          :  -> integral neglect         0.1000000E-07      :
          :  -> SCF convergence          0.1000000E-05 Eh   :
          :  -> wf. convergence          0.1000000E-03 e    :
          :  Broyden damping             0.4000000          :
          ...................................................

 iter      E             dE          RMSdq      gap      omega  full diag
   1    -61.5261071 -0.615261E+02  0.422E+00    3.31       0.0  T
   2    -61.6305092 -0.104402E+00  0.246E+00    3.61       1.0  T
   3    -61.6329625 -0.245331E-02  0.123E+00    3.50       1.0  T
   4    -61.6389561 -0.599365E-02  0.305E-01    3.41       1.0  T
   5    -61.6414459 -0.248976E-02  0.880E-02    3.45       1.0  T
   6    -61.6415059 -0.599928E-04  0.430E-02    3.46       1.0  T
   7    -61.6415320 -0.260720E-04  0.177E-02    3.46       1.0  T
   8    -61.6415325 -0.535672E-06  0.557E-03    3.46       2.9  T
   9    -61.6415329 -0.417072E-06  0.268E-03    3.46       6.1  T
  10    -61.6415331 -0.157711E-06  0.106E-03    3.46      15.3  T
  11    -61.6415331 -0.737475E-08  0.551E-04    3.46      29.4  T
  12    -61.6415331 -0.372809E-08  0.151E-04    3.46     107.4  T

   *** convergence criteria satisfied after 12 iterations ***

         #    Occupation            Energy/Eh            Energy/eV
      -------------------------------------------------------------
         1        2.0000           -0.7082143             -19.2715
       ...           ...                  ...                  ...
        49        2.0000           -0.4301648             -11.7054
        50        2.0000           -0.4133009             -11.2465
        51        2.0000           -0.4129187             -11.2361
        52        2.0000           -0.4088043             -11.1241
        53        2.0000           -0.3954600             -10.7610
        54        2.0000           -0.3877345             -10.5508
        55        2.0000           -0.3805488             -10.3553 (HOMO)
        56                         -0.2533243              -6.8933 (LUMO)
        57                         -0.2425850              -6.6011
        58                         -0.2359540              -6.4206
        59                         -0.2331667              -6.3448
        60                         -0.2105899              -5.7304
       ...                                ...                  ...
       104                          0.6657414              18.1157
      -------------------------------------------------------------
                  HL-Gap            0.1272245 Eh            3.4620 eV
             Fermi-level           -0.3169365 Eh           -8.6243 eV

 SCC (total)                   0 d,  0 h,  0 min,  0.081 sec
 SCC setup                      ...        0 min,  0.000 sec (  0.597%)
 Dispersion                     ...        0 min,  0.001 sec (  0.952%)
 integral evaluation            ...        0 min,  0.021 sec ( 25.849%)
 zeroth order Hamiltonian       ...        0 min,  0.000 sec (  0.472%)
 iterations                     ...        0 min,  0.028 sec ( 34.029%)
 molecular gradient             ...        0 min,  0.030 sec ( 37.364%)
 printout                       ...        0 min,  0.001 sec (  0.668%)

         :::::::::::::::::::::::::::::::::::::::::::::::::::::
         ::                     SUMMARY                     ::
         :::::::::::::::::::::::::::::::::::::::::::::::::::::
         :: total energy             -60.745072478440 Eh    ::
         :: gradient norm              0.071651720281 Eh/a0 ::
         :: HOMO-LUMO gap              3.461954875777 eV    ::
         ::.................................................::
         :: SCC energy               -61.641533080633 Eh    ::
         :: -> isotropic ES            0.070146303348 Eh    ::
         :: -> anisotropic ES          0.004774023972 Eh    ::
         :: -> anisotropic XC          0.025835653768 Eh    ::
         :: -> dispersion             -0.045682775792 Eh    ::
         :: repulsion energy           0.895247926258 Eh    ::
         :: add. restraining           0.000000000000 Eh    ::
         :::::::::::::::::::::::::::::::::::::::::::::::::::::

      ----------------------------------------------------------- 
     |                   =====================                   |
     |                        A N C O P T                        |
     |                   =====================                   |
     |               Approximate Normal Coordinate               |
     |                Rational Function Optimizer                |
      ----------------------------------------------------------- 

          ...................................................
          :                      SETUP                      :
          :.................................................:
          :   optimization level            normal          :
          :   max. optcycles                   200          :
          :   ANC micro-cycles                  20          :
          :   degrees of freedom               108          :
          :.................................................:
          :   RF solver                   davidson          :
          :   input Hessian                  false          :
          :   write xtbopt.log                true          :
          :   linear?                        false          :
          :   energy convergence         0.5000000E-05 Eh   :
          :   grad. convergence          0.1000000E-02 Eh/α :
          :   maximium RF displ.         2.0000000          :
          :   Hlow (freq-cutoff)         0.5000000E-02      :
          :   Hmax (freq-cutoff)         5.0000000          :
          :   S6 in model hess.         20.0000000          :
          ...................................................

generating ANC from model Hessian ...
Using Lindh-Hessian (1995)
 Shifting diagonal of input Hessian by   4.591674656149368E-003
 Lowest  eigenvalues of input Hessian
   -0.000000   -0.000000   -0.000000    0.000000    0.000000    0.000000
    0.005000    0.005156    0.005849    0.006936    0.007394    0.008157
    0.010304    0.011498    0.011890    0.014600    0.015294    0.019115
 Highest eigenvalues
    2.014109    2.051022    2.059908    2.086877    2.261814    2.303969
 

........................................................................
.............................. CYCLE    1 ..............................
........................................................................
   1    -61.6415331 -0.616415E+02  0.678E-05    3.46       0.0  T
   2    -61.6415331 -0.210321E-10  0.389E-05    3.46     416.6  T
   3    -61.6415331 -0.113687E-11  0.243E-05    3.46     667.6  T
     SCC iter.                  ...        0 min,  0.008 sec
     gradient                   ...        0 min,  0.030 sec
 * total energy  :   -60.7450725 Eh     change       -0.3281897E-08 Eh
   gradient norm :     0.0716516 Eh/α   predicted     0.0000000E+00 (-100.00%)
   displ. norm   :     0.2992488 α      lambda       -0.9134908E-02
   maximum displ.:     0.1494654 α      in ANC's #7, #8, #14, ...

........................................................................
.............................. CYCLE    2 ..............................
........................................................................
   1    -61.6835001 -0.616835E+02  0.147E-01    3.58       0.0  T
   2    -61.6835916 -0.915528E-04  0.892E-02    3.57       1.0  T
   3    -61.6835908  0.864211E-06  0.427E-02    3.58       1.0  T
   4    -61.6836139 -0.231068E-04  0.793E-03    3.57       2.0  T
   5    -61.6836155 -0.160057E-05  0.341E-03    3.57       4.8  T
   6    -61.6836155 -0.747171E-07  0.164E-03    3.57       9.9  T
     SCC iter.                  ...        0 min,  0.014 sec
     gradient                   ...        0 min,  0.028 sec
 * total energy  :   -60.7509371 Eh     change       -0.5864657E-02 Eh
   gradient norm :     0.0232260 Eh/α   predicted    -0.4976475E-02 ( -15.14%)
   displ. norm   :     0.2449776 α      lambda       -0.1702217E-02
   maximum displ.:     0.1442518 α      in ANC's #7, #8, #2, ...

........................................................................
.............................. CYCLE    3 ..............................
........................................................................
   1    -61.6976839 -0.616977E+02  0.108E-01    3.59       0.0  T
   2    -61.6977189 -0.349944E-04  0.624E-02    3.60       1.0  T
   3    -61.6977179  0.101367E-05  0.248E-02    3.59       1.0  T
   4    -61.6977225 -0.465369E-05  0.533E-03    3.59       3.0  T
   5    -61.6977234 -0.834191E-06  0.233E-03    3.59       6.9  T
     SCC iter.                  ...        0 min,  0.012 sec
     gradient                   ...        0 min,  0.028 sec
 * total energy  :   -60.7519606 Eh     change       -0.1023506E-02 Eh
   gradient norm :     0.0083328 Eh/α   predicted    -0.9021935E-03 ( -11.85%)
   displ. norm   :     0.1834894 α      lambda       -0.3566861E-03
   maximum displ.:     0.0981818 α      in ANC's #7, #1, #2, ...

........................................................................
.............................. CYCLE    4 ..............................
........................................................................
   1    -61.6980841 -0.616981E+02  0.713E-02    3.59       0.0  T
   2    -61.6980905 -0.638037E-05  0.413E-02    3.59       1.0  T
   3    -61.6980897  0.795066E-06  0.102E-02    3.59       1.6  T
   4    -61.6980910 -0.133337E-05  0.251E-03    3.59       6.5  T
   5    -61.6980912 -0.201815E-06  0.103E-03    3.59      15.8  T
     SCC iter.                  ...        0 min,  0.011 sec
     gradient                   ...        0 min,  0.028 sec
 * total energy  :   -60.7522134 Eh     change       -0.2527655E-03 Eh
   gradient norm :     0.0034735 Eh/α   predicted    -0.1843544E-03 ( -27.07%)
   displ. norm   :     0.2079384 α      lambda       -0.2331800E-03
   maximum displ.:     0.1300354 α      in ANC's #1, #2, #7, ...

........................................................................
.............................. CYCLE    5 ..............................
........................................................................
   1    -61.6971125 -0.616971E+02  0.752E-02    3.58       0.0  T
   2    -61.6971145 -0.200935E-05  0.439E-02    3.58       1.0  T
   3    -61.6971135  0.945827E-06  0.630E-03    3.58       2.6  T
   4    -61.6971149 -0.130631E-05  0.175E-03    3.58       9.3  T
   5    -61.6971149 -0.835545E-07  0.777E-04    3.58      20.9  T
   6    -61.6971149 -0.151620E-08  0.286E-04    3.58      56.7  T
     SCC iter.                  ...        0 min,  0.013 sec
     gradient                   ...        0 min,  0.030 sec
 * total energy  :   -60.7523950 Eh     change       -0.1816214E-03 Eh
   gradient norm :     0.0042611 Eh/α   predicted    -0.1216408E-03 ( -33.03%)
   displ. norm   :     0.2255750 α      lambda       -0.2064445E-03
   maximum displ.:     0.1547853 α      in ANC's #1, #2, #5, ...

........................................................................
.............................. CYCLE    6 ..............................
........................................................................
   1    -61.6961995 -0.616962E+02  0.781E-02    3.58       0.0  T
   2    -61.6962004 -0.846295E-06  0.457E-02    3.58       1.0  T
   3    -61.6961999  0.466623E-06  0.450E-03    3.58       3.6  T
   4    -61.6962007 -0.813368E-06  0.136E-03    3.58      11.9  T
   5    -61.6962007 -0.122448E-07  0.663E-04    3.58      24.5  T
     SCC iter.                  ...        0 min,  0.011 sec
     gradient                   ...        0 min,  0.028 sec
 * total energy  :   -60.7525812 Eh     change       -0.1861196E-03 Eh
   gradient norm :     0.0052703 Eh/α   predicted    -0.1084750E-03 ( -41.72%)
   displ. norm   :     0.2952132 α      lambda       -0.2803627E-03
   maximum displ.:     0.2028995 α      in ANC's #1, #2, #5, ...

........................................................................
.............................. CYCLE    7 ..............................
........................................................................
   1    -61.6956190 -0.616956E+02  0.103E-01    3.58       0.0  T
   2    -61.6956211 -0.210974E-05  0.600E-02    3.57       1.0  T
   3    -61.6956209  0.139748E-06  0.539E-03    3.57       3.0  T
   4    -61.6956218 -0.843891E-06  0.225E-03    3.57       7.2  T
   5    -61.6956218 -0.498238E-07  0.116E-03    3.57      13.9  T
     SCC iter.                  ...        0 min,  0.012 sec
     gradient                   ...        0 min,  0.028 sec
 * total energy  :   -60.7528438 Eh     change       -0.2626327E-03 Eh
   gradient norm :     0.0051081 Eh/α   predicted    -0.1524011E-03 ( -41.97%)
   displ. norm   :     0.4312853 α      lambda       -0.4070803E-03
   maximum displ.:     0.2943434 α      in ANC's #1, #2, #5, ...

........................................................................
.............................. CYCLE    8 ..............................
........................................................................
   1    -61.6953305 -0.616953E+02  0.149E-01    3.58       0.0  T
   2    -61.6953348 -0.428491E-05  0.867E-02    3.58       1.0  T
   3    -61.6953352 -0.353009E-06  0.714E-03    3.58       2.3  T
   4    -61.6953364 -0.127234E-05  0.341E-03    3.58       4.8  T
   5    -61.6953365 -0.880454E-07  0.163E-03    3.58      10.0  T
   6    -61.6953365 -0.222570E-07  0.334E-04    3.58      48.6  T
     SCC iter.                  ...        0 min,  0.013 sec
     gradient                   ...        0 min,  0.028 sec
 * total energy  :   -60.7532218 Eh     change       -0.3780415E-03 Eh
   gradient norm :     0.0048373 Eh/α   predicted    -0.2414037E-03 ( -36.14%)
   displ. norm   :     0.5645459 α      lambda       -0.5005887E-03
   maximum displ.:     0.3864499 α      in ANC's #1, #2, #4, ...

........................................................................
.............................. CYCLE    9 ..............................
........................................................................
   1    -61.6951628 -0.616952E+02  0.191E-01    3.58       0.0  T
   2    -61.6951692 -0.636681E-05  0.111E-01    3.58       1.0  T
   3    -61.6951697 -0.487702E-06  0.891E-03    3.58       1.8  T
   4    -61.6951720 -0.227611E-05  0.433E-03    3.58       3.7  T
   5    -61.6951721 -0.126537E-06  0.167E-03    3.58       9.7  T
   6    -61.6951721 -0.294553E-07  0.496E-04    3.58      32.7  T
     SCC iter.                  ...        0 min,  0.013 sec
     gradient                   ...        0 min,  0.028 sec
 * total energy  :   -60.7536770 Eh     change       -0.4551889E-03 Eh
   gradient norm :     0.0051741 Eh/α   predicted    -0.3300716E-03 ( -27.49%)
   displ. norm   :     0.6378093 α      lambda       -0.5198544E-03
   maximum displ.:     0.4415456 α      in ANC's #1, #2, #4, ...

........................................................................
.............................. CYCLE   10 ..............................
........................................................................
   1    -61.6954295 -0.616954E+02  0.211E-01    3.59       0.0  T
   2    -61.6954370 -0.754056E-05  0.123E-01    3.59       1.0  T
   3    -61.6954368  0.187942E-06  0.103E-02    3.59       1.6  T
   4    -61.6954406 -0.372018E-05  0.472E-03    3.59       3.4  T
   5    -61.6954407 -0.112362E-06  0.156E-03    3.59      10.4  T
   6    -61.6954407 -0.394417E-07  0.567E-04    3.59      28.6  T
     SCC iter.                  ...        0 min,  0.014 sec
     gradient                   ...        0 min,  0.028 sec
 * total energy  :   -60.7541424 Eh     change       -0.4654300E-03 Eh
   gradient norm :     0.0054621 Eh/α   predicted    -0.3656686E-03 ( -21.43%)
   displ. norm   :     0.6715465 α      lambda       -0.5072398E-03
   maximum displ.:     0.4723994 α      in ANC's #1, #2, #4, ...

........................................................................
.............................. CYCLE   11 ..............................
........................................................................
   1    -61.6966195 -0.616966E+02  0.217E-01    3.60       0.0  T
   2    -61.6966277 -0.818791E-05  0.126E-01    3.60       1.0  T
   3    -61.6966262  0.150867E-05  0.116E-02    3.59       1.4  T
   4    -61.6966316 -0.539410E-05  0.477E-03    3.60       3.4  T
   5    -61.6966317 -0.925915E-07  0.178E-03    3.60       9.1  T
   6    -61.6966317 -0.505947E-07  0.604E-04    3.60      26.9  T
     SCC iter.                  ...        0 min,  0.014 sec
     gradient                   ...        0 min,  0.028 sec
 * total energy  :   -60.7545909 Eh     change       -0.4484224E-03 Eh
   gradient norm :     0.0049119 Eh/α   predicted    -0.3679974E-03 ( -17.94%)
   displ. norm   :     0.6846961 α      lambda       -0.4698852E-03
   maximum displ.:     0.4902698 α      in ANC's #1, #2, #4, ...

........................................................................
.............................. CYCLE   12 ..............................
........................................................................
   1    -61.6983382 -0.616983E+02  0.216E-01    3.60       0.0  T
   2    -61.6983466 -0.836023E-05  0.125E-01    3.60       1.0  T
   3    -61.6983442  0.238708E-05  0.123E-02    3.60       1.3  T
   4    -61.6983505 -0.631437E-05  0.466E-03    3.60       3.5  T
   5    -61.6983506 -0.877735E-07  0.196E-03    3.60       8.3  T
   6    -61.6983507 -0.488679E-07  0.640E-04    3.60      25.4  T
     SCC iter.                  ...        0 min,  0.013 sec
     gradient                   ...        0 min,  0.029 sec
 * total energy  :   -60.7550006 Eh     change       -0.4097333E-03 Eh
   gradient norm :     0.0039004 Eh/α   predicted    -0.3450888E-03 ( -15.78%)
   displ. norm   :     0.6878660 α      lambda       -0.4048019E-03
   maximum displ.:     0.5008422 α      in ANC's #1, #2, #4, ...

........................................................................
.............................. CYCLE   13 ..............................
........................................................................
   1    -61.6995706 -0.616996E+02  0.213E-01    3.59       0.0  T
   2    -61.6995785 -0.793321E-05  0.124E-01    3.59       1.0  T
   3    -61.6995759  0.256284E-05  0.123E-02    3.59       1.3  T
   4    -61.6995823 -0.631774E-05  0.448E-03    3.59       3.6  T
   5    -61.6995823 -0.727651E-07  0.193E-03    3.59       8.4  T
   6    -61.6995824 -0.504227E-07  0.628E-04    3.59      25.8  T
   7    -61.6995824 -0.116450E-07  0.257E-04    3.59      63.0  T
     SCC iter.                  ...        0 min,  0.016 sec
     gradient                   ...        0 min,  0.031 sec
 * total energy  :   -60.7553474 Eh     change       -0.3468211E-03 Eh
   gradient norm :     0.0033610 Eh/α   predicted    -0.2981751E-03 ( -14.03%)
   displ. norm   :     0.6707360 α      lambda       -0.3213877E-03
   maximum displ.:     0.4965123 α      in ANC's #1, #2, #4, ...

........................................................................
.............................. CYCLE   14 ..............................
........................................................................
   1    -61.7005229 -0.617005E+02  0.206E-01    3.58       0.0  T
   2    -61.7005298 -0.695521E-05  0.119E-01    3.59       1.0  T
   3    -61.7005285  0.135315E-05  0.108E-02    3.58       1.5  T
   4    -61.7005332 -0.471147E-05  0.427E-03    3.58       3.8  T
   5    -61.7005332 -0.530827E-07  0.166E-03    3.59       9.8  T
   6    -61.7005333 -0.512327E-07  0.549E-04    3.59      29.6  T
   7    -61.7005333 -0.822606E-08  0.241E-04    3.59      67.2  T
     SCC iter.                  ...        0 min,  0.016 sec
     gradient                   ...        0 min,  0.031 sec
 * total energy  :   -60.7556179 Eh     change       -0.2704613E-03 Eh
   gradient norm :     0.0031395 Eh/α   predicted    -0.2329942E-03 ( -13.85%)
   displ. norm   :     0.6023539 α      lambda       -0.2251490E-03
   maximum displ.:     0.4534622 α      in ANC's #1, #2, #4, ...

........................................................................
.............................. CYCLE   15 ..............................
........................................................................
   1    -61.7007854 -0.617008E+02  0.183E-01    3.58       0.0  T
   2    -61.7007908 -0.545273E-05  0.107E-01    3.58       1.0  T
   3    -61.7007902  0.585051E-06  0.911E-03    3.58       1.8  T
   4    -61.7007934 -0.312674E-05  0.381E-03    3.58       4.3  T
   5    -61.7007934 -0.680763E-07  0.155E-03    3.58      10.5  T
   6    -61.7007935 -0.355280E-07  0.499E-04    3.58      32.5  T
   7    -61.7007935 -0.716697E-08  0.216E-04    3.58      75.0  T
     SCC iter.                  ...        0 min,  0.015 sec
     gradient                   ...        0 min,  0.031 sec
 * total energy  :   -60.7557992 Eh     change       -0.1812957E-03 Eh
   gradient norm :     0.0030151 Eh/α   predicted    -0.1534211E-03 ( -15.38%)
   displ. norm   :     0.4792512 α      lambda       -0.1457006E-03
   maximum displ.:     0.3706374 α      in ANC's #1, #2, #3, ...

........................................................................
.............................. CYCLE   16 ..............................
........................................................................
   1    -61.7033681 -0.617034E+02  0.144E-01    3.57       0.0  T
   2    -61.7033716 -0.345870E-05  0.836E-02    3.57       1.0  T
   3    -61.7033719 -0.322891E-06  0.652E-03    3.57       2.5  T
   4    -61.7033732 -0.127205E-05  0.310E-03    3.57       5.2  T
   5    -61.7033732 -0.488574E-07  0.119E-03    3.57      13.7  T
   6    -61.7033733 -0.194420E-07  0.383E-04    3.57      42.3  T
   7    -61.7033733 -0.397549E-08  0.182E-04    3.57      89.0  T
     SCC iter.                  ...        0 min,  0.015 sec
     gradient                   ...        0 min,  0.031 sec
 * total energy  :   -60.7559027 Eh     change       -0.1035643E-03 Eh
   gradient norm :     0.0030776 Eh/α   predicted    -0.8958767E-04 ( -13.50%)
   displ. norm   :     0.5335376 α      lambda       -0.1218004E-03
   maximum displ.:     0.4122041 α      in ANC's #1, #2, #4, ...

........................................................................
.............................. CYCLE   17 ..............................
........................................................................
   1    -61.6982187 -0.616982E+02  0.164E-01    3.57       0.0  T
   2    -61.6982232 -0.453936E-05  0.953E-02    3.57       1.0  T
   3    -61.6982228  0.366385E-06  0.813E-03    3.57       2.0  T
   4    -61.6982252 -0.234375E-05  0.358E-03    3.57       4.5  T
   5    -61.6982253 -0.959086E-07  0.168E-03    3.57       9.6  T
   6    -61.6982253 -0.392697E-07  0.474E-04    3.57      34.2  T
   7    -61.6982253 -0.488134E-08  0.208E-04    3.57      78.0  T
     SCC iter.                  ...        0 min,  0.015 sec
     gradient                   ...        0 min,  0.031 sec
 * total energy  :   -60.7559402 Eh     change       -0.3750454E-04 Eh
   gradient norm :     0.0046160 Eh/α   predicted    -0.7823956E-04 ( 108.61%)
   displ. norm   :     0.0873960 α      lambda       -0.7596835E-04
   maximum displ.:     0.0687592 α      in ANC's #1, #3, #5, ...

........................................................................
.............................. CYCLE   18 ..............................
........................................................................
   1    -61.7027508 -0.617028E+02  0.257E-02    3.58       0.0  T
   2    -61.7027514 -0.541752E-06  0.148E-02    3.58       1.1  T
   3    -61.7027511  0.240517E-06  0.369E-03    3.58       4.4  T
   4    -61.7027515 -0.362015E-06  0.848E-04    3.58      19.1  T
   5    -61.7027515 -0.878501E-08  0.419E-04    3.58      38.7  T
     SCC iter.                  ...        0 min,  0.012 sec
     gradient                   ...        0 min,  0.029 sec
 * total energy  :   -60.7559813 Eh     change       -0.4110092E-04 Eh
   gradient norm :     0.0024761 Eh/α   predicted    -0.3827560E-04 (  -6.87%)
   displ. norm   :     0.1104762 α      lambda       -0.3273273E-04
   maximum displ.:     0.0947760 α      in ANC's #1, #2, #3, ...

........................................................................
.............................. CYCLE   19 ..............................
........................................................................
   1    -61.7036475 -0.617036E+02  0.322E-02    3.58       0.0  T
   2    -61.7036478 -0.377089E-06  0.188E-02    3.58       1.0  T
   3    -61.7036478  0.448838E-07  0.234E-03    3.58       6.9  T
   4    -61.7036480 -0.163673E-06  0.984E-04    3.58      16.5  T
   5    -61.7036480 -0.856541E-08  0.469E-04    3.58      34.6  T
     SCC iter.                  ...        0 min,  0.012 sec
     gradient                   ...        0 min,  0.031 sec
 * total energy  :   -60.7559949 Eh     change       -0.1356497E-04 Eh
   gradient norm :     0.0023981 Eh/α   predicted    -0.1656952E-04 (  22.15%)
   displ. norm   :     0.0936184 α      lambda       -0.1774458E-04
   maximum displ.:     0.0831072 α      in ANC's #1, #2, #3, ...

........................................................................
.............................. CYCLE   20 ..............................
........................................................................
   1    -61.7035167 -0.617035E+02  0.279E-02    3.58       0.0  T
   2    -61.7035169 -0.185210E-06  0.162E-02    3.58       1.0  T
   3    -61.7035169 -0.154560E-07  0.149E-03    3.58      10.9  T
   4    -61.7035170 -0.593751E-07  0.725E-04    3.58      22.4  T
   5    -61.7035170 -0.365848E-08  0.312E-04    3.58      52.0  T
     SCC iter.                  ...        0 min,  0.012 sec
     gradient                   ...        0 min,  0.031 sec
 * total energy  :   -60.7560086 Eh     change       -0.1366438E-04 Eh
   gradient norm :     0.0013899 Eh/α   predicted    -0.8952024E-05 ( -34.49%)
   displ. norm   :     0.0630052 α      lambda       -0.1405831E-04
   maximum displ.:     0.0424175 α      in ANC's #1, #2, #6, ...
 * RMSD in coord.:     1.1613306 α      energy gain  -0.1093610E-01 Eh

generating ANC from model Hessian ...
Using Lindh-Hessian (1995)
 Shifting diagonal of input Hessian by   4.552442519971599E-003
 Lowest  eigenvalues of input Hessian
   -0.000000   -0.000000    0.000000    0.000000    0.000000    0.000000
    0.005000    0.005268    0.005975    0.007170    0.007683    0.008490
    0.010067    0.011772    0.012576    0.015078    0.016139    0.019874
 Highest eigenvalues
    2.073605    2.080268    2.113824    2.120763    2.370390    2.410312
 

........................................................................
.............................. CYCLE   21 ..............................
........................................................................
   1    -61.7028604 -0.617029E+02  0.200E-02    3.58       0.0  T
   2    -61.7028606 -0.257855E-06  0.117E-02    3.58       1.4  T
   3    -61.7028604  0.186717E-06  0.267E-03    3.58       6.1  T
   4    -61.7028607 -0.270101E-06  0.670E-04    3.58      24.2  T
   5    -61.7028607 -0.469603E-08  0.350E-04    3.58      46.4  T
     SCC iter.                  ...        0 min,  0.012 sec
     gradient                   ...        0 min,  0.031 sec
 * total energy  :   -60.7560209 Eh     change       -0.1236226E-04 Eh
   gradient norm :     0.0016938 Eh/α   predicted     0.0000000E+00 (-100.00%)
   displ. norm   :     0.0674843 α      lambda       -0.1523607E-04
   maximum displ.:     0.0458483 α      in ANC's #1, #2, #3, ...

........................................................................
.............................. CYCLE   22 ..............................
........................................................................
   1    -61.7027948 -0.617028E+02  0.187E-02    3.58       0.0  T
   2    -61.7027951 -0.227190E-06  0.109E-02    3.58       1.5  T
   3    -61.7027949  0.144843E-06  0.233E-03    3.58       7.0  T
   4    -61.7027951 -0.197448E-06  0.605E-04    3.58      26.8  T
   5    -61.7027951 -0.877654E-08  0.282E-04    3.58      57.4  T
     SCC iter.                  ...        0 min,  0.011 sec
     gradient                   ...        0 min,  0.031 sec
 * total energy  :   -60.7560385 Eh     change       -0.1754735E-04 Eh
   gradient norm :     0.0006195 Eh/α   predicted    -0.7640666E-05 ( -56.46%)
   displ. norm   :     0.0419939 α      lambda       -0.6759700E-05
   maximum displ.:     0.0285068 α      in ANC's #2, #1, #3, ...

........................................................................
.............................. CYCLE   23 ..............................
........................................................................
   1    -61.7028161 -0.617028E+02  0.120E-02    3.58       0.0  T
   2    -61.7028162 -0.356190E-07  0.705E-03    3.58       2.3  T
   3    -61.7028162  0.640721E-08  0.778E-04    3.58      20.8  T
   4    -61.7028162 -0.188640E-07  0.327E-04    3.58      49.6  T
     SCC iter.                  ...        0 min,  0.010 sec
     gradient                   ...        0 min,  0.031 sec
 * total energy  :   -60.7560474 Eh     change       -0.8947692E-05 Eh
   gradient norm :     0.0007060 Eh/α   predicted    -0.3389688E-05 ( -62.12%)
   displ. norm   :     0.0801772 α      lambda       -0.1121235E-04
   maximum displ.:     0.0543799 α      in ANC's #2, #1, #3, ...

........................................................................
.............................. CYCLE   24 ..............................
........................................................................
   1    -61.7028396 -0.617028E+02  0.216E-02    3.58       0.0  T
   2    -61.7028397 -0.109130E-06  0.126E-02    3.58       1.3  T
   3    -61.7028398 -0.188004E-07  0.106E-03    3.58      15.3  T
   4    -61.7028398 -0.286042E-07  0.533E-04    3.58      30.4  T
   5    -61.7028398 -0.150482E-08  0.221E-04    3.58      73.6  T
     SCC iter.                  ...        0 min,  0.012 sec
     gradient                   ...        0 min,  0.031 sec
 * total energy  :   -60.7560629 Eh     change       -0.1549477E-04 Eh
   gradient norm :     0.0006578 Eh/α   predicted    -0.5622914E-05 ( -63.71%)
   displ. norm   :     0.1236306 α      lambda       -0.1557171E-04
   maximum displ.:     0.0848093 α      in ANC's #1, #2, #3, ...

........................................................................
.............................. CYCLE   25 ..............................
........................................................................
   1    -61.7028313 -0.617028E+02  0.312E-02    3.58       0.0  T
   2    -61.7028315 -0.251758E-06  0.181E-02    3.58       1.0  T
   3    -61.7028316 -0.488833E-07  0.153E-03    3.58      10.6  T
   4    -61.7028317 -0.590574E-07  0.804E-04    3.58      20.2  T
   5    -61.7028317 -0.528362E-08  0.293E-04    3.58      55.3  T
     SCC iter.                  ...        0 min,  0.011 sec
     gradient                   ...        0 min,  0.031 sec
 * total energy  :   -60.7560842 Eh     change       -0.2131936E-04 Eh
   gradient norm :     0.0006598 Eh/α   predicted    -0.7842448E-05 ( -63.21%)
   displ. norm   :     0.1668704 α      lambda       -0.1882984E-04
   maximum displ.:     0.1161248 α      in ANC's #1, #2, #3, ...

........................................................................
.............................. CYCLE   26 ..............................
........................................................................
   1    -61.7027774 -0.617028E+02  0.426E-02    3.59       0.0  T
   2    -61.7027779 -0.502582E-06  0.246E-02    3.59       1.0  T
   3    -61.7027779  0.489889E-08  0.250E-03    3.59       6.5  T
   4    -61.7027781 -0.224392E-06  0.110E-03    3.59      14.8  T
   5    -61.7027781 -0.829228E-08  0.455E-04    3.59      35.7  T
   6    -61.7027781 -0.327959E-08  0.128E-04    3.59     126.4  T
     SCC iter.                  ...        0 min,  0.014 sec
     gradient                   ...        0 min,  0.031 sec
 * total energy  :   -60.7561094 Eh     change       -0.2511398E-04 Eh
   gradient norm :     0.0005894 Eh/α   predicted    -0.9531945E-05 ( -62.05%)
   displ. norm   :     0.2056436 α      lambda       -0.2024922E-04
   maximum displ.:     0.1446055 α      in ANC's #1, #2, #3, ...

........................................................................
.............................. CYCLE   27 ..............................
........................................................................
   1    -61.7027136 -0.617027E+02  0.523E-02    3.59       0.0  T
   2    -61.7027143 -0.725605E-06  0.303E-02    3.59       1.0  T
   3    -61.7027143  0.270445E-07  0.311E-03    3.59       5.2  T
   4    -61.7027146 -0.339655E-06  0.138E-03    3.59      11.7  T
   5    -61.7027146 -0.163921E-07  0.593E-04    3.59      27.4  T
   6    -61.7027146 -0.451973E-08  0.156E-04    3.59     103.7  T
     SCC iter.                  ...        0 min,  0.014 sec
     gradient                   ...        0 min,  0.031 sec
 * total energy  :   -60.7561357 Eh     change       -0.2633106E-04 Eh
   gradient norm :     0.0005470 Eh/α   predicted    -0.1032232E-04 ( -60.80%)
   displ. norm   :     0.2370241 α      lambda       -0.1980903E-04
   maximum displ.:     0.1676655 α      in ANC's #1, #2, #7, ...

........................................................................
.............................. CYCLE   28 ..............................
........................................................................
   1    -61.7026063 -0.617026E+02  0.646E-02    3.59       0.0  T
   2    -61.7026073 -0.985065E-06  0.374E-02    3.59       1.0  T
   3    -61.7026072  0.706569E-07  0.373E-03    3.59       4.3  T
   4    -61.7026077 -0.506786E-06  0.160E-03    3.59      10.1  T
   5    -61.7026077 -0.206437E-07  0.665E-04    3.59      24.4  T
   6    -61.7026077 -0.513970E-08  0.166E-04    3.59      97.7  T
     SCC iter.                  ...        0 min,  0.014 sec
     gradient                   ...        0 min,  0.031 sec
 * total energy  :   -60.7561610 Eh     change       -0.2531291E-04 Eh
   gradient norm :     0.0005101 Eh/α   predicted    -0.1015219E-04 ( -59.89%)
   displ. norm   :     0.2811462 α      lambda       -0.1954041E-04
   maximum displ.:     0.1989058 α      in ANC's #1, #2, #7, ...

........................................................................
.............................. CYCLE   29 ..............................
........................................................................
   1    -61.7025211 -0.617025E+02  0.795E-02    3.59       0.0  T
   2    -61.7025224 -0.130661E-05  0.462E-02    3.59       1.0  T
   3    -61.7025223  0.815127E-07  0.431E-03    3.59       3.8  T
   4    -61.7025230 -0.661732E-06  0.189E-03    3.59       8.6  T
   5    -61.7025230 -0.308333E-07  0.784E-04    3.59      20.7  T
   6    -61.7025230 -0.693021E-08  0.193E-04    3.59      84.2  T
     SCC iter.                  ...        0 min,  0.013 sec
     gradient                   ...        0 min,  0.032 sec
 * total energy  :   -60.7561852 Eh     change       -0.2421675E-04 Eh
   gradient norm :     0.0005131 Eh/α   predicted    -0.1011467E-04 ( -58.23%)
   displ. norm   :     0.3198336 α      lambda       -0.1790881E-04
   maximum displ.:     0.2255604 α      in ANC's #1, #2, #3, ...

........................................................................
.............................. CYCLE   30 ..............................
........................................................................
   1    -61.7023460 -0.617023E+02  0.958E-02    3.60       0.0  T
   2    -61.7023476 -0.164301E-05  0.557E-02    3.60       1.0  T
   3    -61.7023476  0.891475E-07  0.485E-03    3.60       3.3  T
   4    -61.7023484 -0.840569E-06  0.211E-03    3.60       7.7  T
   5    -61.7023484 -0.348036E-07  0.812E-04    3.60      20.0  T
   6    -61.7023484 -0.702510E-08  0.203E-04    3.60      79.9  T
     SCC iter.                  ...        0 min,  0.014 sec
     gradient                   ...        0 min,  0.031 sec
 * total energy  :   -60.7562061 Eh     change       -0.2084512E-04 Eh
   gradient norm :     0.0005842 Eh/α   predicted    -0.9367589E-05 ( -55.06%)
   displ. norm   :     0.2623139 α      lambda       -0.1164714E-04
   maximum displ.:     0.1848898 α      in ANC's #1, #2, #3, ...

........................................................................
.............................. CYCLE   31 ..............................
........................................................................
   1    -61.7025642 -0.617026E+02  0.828E-02    3.60       0.0  T
   2    -61.7025653 -0.109993E-05  0.481E-02    3.60       1.0  T
   3    -61.7025653  0.796385E-07  0.397E-03    3.60       4.1  T
   4    -61.7025658 -0.582600E-06  0.171E-03    3.60       9.5  T
   5    -61.7025659 -0.249851E-07  0.670E-04    3.60      24.2  T
   6    -61.7025659 -0.410859E-08  0.163E-04    3.60      99.2  T
     SCC iter.                  ...        0 min,  0.014 sec
     gradient                   ...        0 min,  0.031 sec
 * total energy  :   -60.7562194 Eh     change       -0.1333381E-04 Eh
   gradient norm :     0.0004951 Eh/α   predicted    -0.6002028E-05 ( -54.99%)
   displ. norm   :     0.2632671 α      lambda       -0.2649949E-05
   maximum displ.:     0.1862411 α      in ANC's #1, #2, #3, ...

........................................................................
.............................. CYCLE   32 ..............................
........................................................................
   1    -61.7022413 -0.617022E+02  0.828E-02    3.60       0.0  T
   2    -61.7022424 -0.108939E-05  0.482E-02    3.60       1.0  T
   3    -61.7022423  0.781141E-07  0.398E-03    3.60       4.1  T
   4    -61.7022429 -0.588127E-06  0.171E-03    3.60       9.5  T
   5    -61.7022429 -0.203566E-07  0.625E-04    3.60      25.9  T
   6    -61.7022429 -0.437139E-08  0.168E-04    3.60      96.7  T
     SCC iter.                  ...        0 min,  0.013 sec
     gradient                   ...        0 min,  0.031 sec
 * total energy  :   -60.7562246 Eh     change       -0.5185607E-05 Eh
   gradient norm :     0.0009433 Eh/α   predicted    -0.1369859E-05 ( -73.58%)
   displ. norm   :     0.2624709 α      lambda        0.5717231E-05
   maximum displ.:     0.1851107 α      in ANC's #1, #2, #3, ...

........................................................................
.............................. CYCLE   33 ..............................
........................................................................
   1    -61.7013974 -0.617014E+02  0.826E-02    3.60       0.0  T
   2    -61.7013984 -0.108245E-05  0.480E-02    3.60       1.0  T
   3    -61.7013984  0.952430E-07  0.403E-03    3.60       4.0  T
   4    -61.7013990 -0.608857E-06  0.170E-03    3.60       9.6  T
   5    -61.7013990 -0.160011E-07  0.631E-04    3.60      25.7  T
   6    -61.7013990 -0.596341E-08  0.171E-04    3.60      95.0  T
     SCC iter.                  ...        0 min,  0.013 sec
     gradient                   ...        0 min,  0.030 sec
 * total energy  :   -60.7562202 Eh     change        0.4395484E-05 Eh
   gradient norm :     0.0017792 Eh/α   predicted     0.2943285E-05 ( -33.04%)
   displ. norm   :     0.1439936 α      lambda       -0.1173435E-04
   maximum displ.:     0.1028811 α      in ANC's #2, #1, #7, ...

........................................................................
.............................. CYCLE   34 ..............................
........................................................................
   1    -61.7030482 -0.617030E+02  0.415E-02    3.60       0.0  T
   2    -61.7030486 -0.398576E-06  0.241E-02    3.60       1.0  T
   3    -61.7030484  0.121750E-06  0.281E-03    3.60       5.8  T
   4    -61.7030487 -0.300472E-06  0.101E-03    3.60      16.0  T
   5    -61.7030487 -0.211094E-08  0.534E-04    3.60      30.4  T
   6    -61.7030488 -0.599192E-08  0.107E-04    3.60     151.3  T
     SCC iter.                  ...        0 min,  0.013 sec
     gradient                   ...        0 min,  0.031 sec
 * total energy  :   -60.7562305 Eh     change       -0.1031187E-04 Eh
   gradient norm :     0.0004853 Eh/α   predicted    -0.5927350E-05 ( -42.52%)
   displ. norm   :     0.0363163 α      lambda       -0.3144732E-05
   maximum displ.:     0.0247320 α      in ANC's #2, #3, #1, ...

........................................................................
.............................. CYCLE   35 ..............................
........................................................................
   1    -61.7032793 -0.617033E+02  0.111E-02    3.60       0.0  T
   2    -61.7032793 -0.505600E-07  0.641E-03    3.60       2.5  T
   3    -61.7032793  0.124041E-07  0.890E-04    3.60      18.2  T
   4    -61.7032794 -0.303061E-07  0.292E-04    3.60      55.6  T
     SCC iter.                  ...        0 min,  0.010 sec
     gradient                   ...        0 min,  0.031 sec
 * total energy  :   -60.7562345 Eh     change       -0.4015678E-05 Eh
   gradient norm :     0.0004450 Eh/α   predicted    -0.1575027E-05 ( -60.78%)
   displ. norm   :     0.0461252 α      lambda       -0.3622367E-05
   maximum displ.:     0.0321629 α      in ANC's #2, #3, #1, ...

   *** GEOMETRY OPTIMIZATION CONVERGED AFTER 35 ITERATIONS ***

------------------------------------------------------------------------
 total energy gain   :        -0.0111620 Eh       -7.0043 kcal/mol
 total RMSD          :         1.2110426 a0        0.6409 Å
 total power (kW/mol):        -0.8373125 (step)  -12.6360 (real)
------------------------------------------------------------------------

 ANCopt (total)                0 d,  0 h,  0 min,  2.319 sec
 optimizer setup                ...        0 min,  0.000 sec (  0.007%)
 model hessian                  ...        0 min,  0.033 sec (  1.438%)
 ANC generation                 ...        0 min,  0.003 sec (  0.121%)
 coordinate transformation      ...        0 min,  0.001 sec (  0.045%)
 single point calculation       ...        0 min,  2.268 sec ( 97.800%)
 optimization log               ...        0 min,  0.005 sec (  0.236%)
 hessian update                 ...        0 min,  0.001 sec (  0.031%)
 rational function              ...        0 min,  0.005 sec (  0.224%)

================
 final structure:
================
$coord
   -4.50420446914153    1.89278448591978    1.08474723266583      C 
   -2.19219217153302    2.97866867025201    0.48652635953536      C 
   -0.15786817171416    1.38331302944254    0.11999997889902      C 
   -0.41152054979683   -1.23801973237141    0.35835627214120      C 
   -2.71853854780173   -2.29525612302210    0.92581114353808      C 
   -4.77429122321325   -0.70081051704574    1.28911929999037      C 
    2.12439413716646   -2.42130845757484   -0.05941511909290      C 
    3.79178966267655   -0.14220196630723   -0.66430467776266      C 
    6.02338703607913   -0.15357646422551   -1.15264459218593      O 
    2.32513918114970    1.97745039897052   -0.48632823507691      N 
    3.26687902560787    4.48425536597372   -0.99463649954372      C 
    2.52596475568941    5.38203340932337   -3.63277602503587      C 
    3.14050082231558   -3.79417730381495    2.30147550792066      C 
    1.54570936802827   -6.14610289012705    2.83524884949447      C 
    1.20987681433631   -7.93974087252633    1.47098152559259      O 
    0.49292564800950   -5.83147594526440    5.17220976527775      N 
    1.20586158724853   -3.57313786934224    6.29546697524968      C 
    0.52697379239209   -2.60374066233900    8.61885806658979      C 
    1.53637011098781   -0.28181127446922    9.30721952538857      C 
    3.17660549741702    1.00373937837160    7.72551087625414      C 
    3.84825849195233    0.01333548871713    5.38707181551053      C 
    2.84283468027681   -2.27783718605279    4.67469552642606      C 
   -6.12177665043017    3.10033411932836    1.38293995372785      H 
   -2.00968628725908    5.00212674017460    0.32100688336974      H 
   -2.93178039436744   -4.31849673754135    1.06705928381868      H 
   -6.59945064655278   -1.49489679878405    1.73374234058901      H 
    2.13777126660105   -3.76324579460790   -1.63279782071453      H 
    5.32492396653057    4.38546649111797   -0.84046245341274      H 
    2.54041886888561    5.77437657334476    0.44826594387619      H 
    3.32081906785150    4.12427343049572   -5.04929411669804      H 
    3.24582386988442    7.27718137192165   -3.95641670447109      H 
    0.48192021410913    5.40151534357337   -3.84696057562434      H 
    5.10481330125021   -4.32459714438351    1.93199308961375      H 
   -0.67079121372775   -7.10858637179365    5.97347210582099      H 
   -0.73934450844906   -3.61185351345765    9.85905397206759      H 
    1.03848212055570    0.52523733153311   11.11340251852541      H 
    3.94863800977608    2.79646530298363    8.31700159400070      H 
    5.14399887603803    1.00986003770836    4.16825070749328      H 
$end
           -------------------------------------------------
          |                Final Singlepoint                |
           -------------------------------------------------

          ...................................................
          :                      SETUP                      :
          :.................................................:
          :  # basis functions                 104          :
          :  # atomic orbitals                 104          :
          :  # shells                           60          :
          :  # electrons                       110          :
          :  max. iterations                   250          :
          :  Hamiltonian                  GFN2-xTB          :
          :  restarted?                      false          :
          :  GBSA solvation                  false          :
          :  PC potential                    false          :
          :  electronic temp.          300.0000000     K    :
          :  accuracy                    1.0000000          :
          :  -> integral cutoff          0.2500000E+02      :
          :  -> integral neglect         0.1000000E-07      :
          :  -> SCF convergence          0.1000000E-05 Eh   :
          :  -> wf. convergence          0.1000000E-03 e    :
          :  Broyden damping             0.4000000          :
          ...................................................

 iter      E             dE          RMSdq      gap      omega  full diag
   1    -61.7032794 -0.617033E+02  0.102E-04    3.60       0.0  T
   2    -61.7032794 -0.108848E-09  0.429E-05    3.60     378.6  T
   3    -61.7032794 -0.901608E-10  0.346E-05    3.60     469.1  T

   *** convergence criteria satisfied after 3 iterations ***

         #    Occupation            Energy/Eh            Energy/eV
      -------------------------------------------------------------
         1        2.0000           -0.7127513             -19.3950
       ...           ...                  ...                  ...
        49        2.0000           -0.4319857             -11.7549
        50        2.0000           -0.4156425             -11.3102
        51        2.0000           -0.4131077             -11.2412
        52        2.0000           -0.4125410             -11.2258
        53        2.0000           -0.3964978             -10.7893
        54        2.0000           -0.3904467             -10.6246
        55        2.0000           -0.3829792             -10.4214 (HOMO)
        56                         -0.2505989              -6.8191 (LUMO)
        57                         -0.2397289              -6.5234
        58                         -0.2354010              -6.4056
        59                         -0.2338867              -6.3644
        60                         -0.2051233              -5.5817
       ...                                ...                  ...
       104                          0.6865887              18.6830
      -------------------------------------------------------------
                  HL-Gap            0.1323802 Eh            3.6022 eV
             Fermi-level           -0.3167890 Eh           -8.6203 eV

 SCC (total)                   0 d,  0 h,  0 min,  0.063 sec
 SCC setup                      ...        0 min,  0.000 sec (  0.663%)
 Dispersion                     ...        0 min,  0.001 sec (  1.061%)
 integral evaluation            ...        0 min,  0.022 sec ( 34.451%)
 zeroth order Hamiltonian       ...        0 min,  0.000 sec (  0.588%)
 iterations                     ...        0 min,  0.008 sec ( 12.773%)
 molecular gradient             ...        0 min,  0.031 sec ( 49.587%)
 printout                       ...        0 min,  0.000 sec (  0.793%)

         :::::::::::::::::::::::::::::::::::::::::::::::::::::
         ::                     SUMMARY                     ::
         :::::::::::::::::::::::::::::::::::::::::::::::::::::
         :: total energy             -60.756234537949 Eh    ::
         :: gradient norm              0.000445296709 Eh/a0 ::
         :: HOMO-LUMO gap              3.602249922204 eV    ::
         ::.................................................::
         :: SCC energy               -61.703279362944 Eh    ::
         :: -> isotropic ES            0.070852332211 Eh    ::
         :: -> anisotropic ES          0.004534857494 Eh    ::
         :: -> anisotropic XC          0.024084637941 Eh    ::
         :: -> dispersion             -0.047595245656 Eh    ::
         :: repulsion energy           0.945740455791 Eh    ::
         :: add. restraining           0.000000000000 Eh    ::
         :::::::::::::::::::::::::::::::::::::::::::::::::::::

           -------------------------------------------------
          |                Property Printout                |
           -------------------------------------------------

    * Orbital Energies and Occupations

         #    Occupation            Energy/Eh            Energy/eV
      -------------------------------------------------------------
         1        2.0000           -0.7127513             -19.3950
       ...           ...                  ...                  ...
        43        2.0000           -0.4574898             -12.4489
        44        2.0000           -0.4559119             -12.4060
        45        2.0000           -0.4519052             -12.2970
        46        2.0000           -0.4474144             -12.1748
        47        2.0000           -0.4443777             -12.0921
        48        2.0000           -0.4365136             -11.8781
        49        2.0000           -0.4319857             -11.7549
        50        2.0000           -0.4156425             -11.3102
        51        2.0000           -0.4131077             -11.2412
        52        2.0000           -0.4125410             -11.2258
        53        2.0000           -0.3964978             -10.7893
        54        2.0000           -0.3904467             -10.6246
        55        2.0000           -0.3829792             -10.4214 (HOMO)
        56                         -0.2505989              -6.8191 (LUMO)
        57                         -0.2397289              -6.5234
        58                         -0.2354010              -6.4056
        59                         -0.2338867              -6.3644
        60                         -0.2051233              -5.5817
        61                         -0.1953285              -5.3152
        62                         -0.1002376              -2.7276
        63                         -0.0983152              -2.6753
        64                         -0.0059734              -0.1625
        65                          0.0097520               0.2654
        66                          0.0516823               1.4063
       ...                                ...                  ...
       104                          0.6865887              18.6830
      -------------------------------------------------------------
                  HL-Gap            0.1323802 Eh            3.6022 eV
             Fermi-level           -0.3167890 Eh           -8.6203 eV

     #   Z        covCN         q      C6AA      α(0)
     1   6 C      2.925    -0.032    28.789     8.799
     2   6 C      2.913    -0.051    29.255     8.869
     3   6 C      3.011     0.054    26.771     8.487
     4   6 C      3.033    -0.016    28.388     8.739
     5   6 C      2.916    -0.033    28.826     8.804
     6   6 C      2.922    -0.039    28.971     8.827
     7   6 C      3.901    -0.039    21.218     6.548
     8   6 C      2.845     0.269    22.470     7.769
     9   8 O      0.857    -0.420    22.090     6.301
    10   7 N      2.779    -0.080    22.792     7.090
    11   6 C      3.740     0.007    20.531     6.465
    12   6 C      3.752    -0.111    22.680     6.791
    13   6 C      3.902    -0.039    21.213     6.547
    14   6 C      2.830     0.281    22.259     7.731
    15   8 O      0.857    -0.412    21.913     6.276
    16   7 N      2.734    -0.154    24.331     7.326
    17   6 C      3.003     0.063    26.585     8.458
    18   6 C      2.913    -0.052    29.296     8.875
    19   6 C      2.925    -0.030    28.753     8.794
    20   6 C      2.922    -0.038    28.953     8.824
    21   6 C      2.916    -0.032    28.806     8.801
    22   6 C      3.034    -0.013    28.299     8.725
    23   1 H      0.926     0.038     2.482     2.464
    24   1 H      0.926     0.037     2.486     2.466
    25   1 H      0.926     0.040     2.446     2.446
    26   1 H      0.926     0.037     2.492     2.468
    27   1 H      0.924     0.082     1.962     2.191
    28   1 H      0.924     0.070     2.080     2.256
    29   1 H      0.924     0.046     2.374     2.409
    30   1 H      0.925     0.051     2.303     2.373
    31   1 H      0.925     0.049     2.336     2.390
    32   1 H      0.925     0.045     2.378     2.411
    33   1 H      0.924     0.085     1.933     2.174
    34   1 H      0.860     0.181     1.208     1.722
    35   1 H      0.926     0.037     2.489     2.467
    36   1 H      0.926     0.040     2.447     2.446
    37   1 H      0.926     0.039     2.468     2.457
    38   1 H      0.926     0.042     2.423     2.434

 Mol. C6AA /au·bohr⁶  :      18186.894402
 Mol. C8AA /au·bohr⁸  :     442012.956866
 Mol. α(0) /au        :        211.421676


Wiberg/Mayer (AO) data.
largest (>0.10) Wiberg bond orders for each atom
          total WBO             WBO to atom ...
     1  C   3.991        C    6 1.452    C    2 1.427    H   23 0.971    C    4 0.105
     2  C   3.989        C    1 1.427    C    3 1.392    H   24 0.967    C    5 0.101
     3  C   3.965        C    2 1.392    C    4 1.312    N   10 1.083
     4  C   3.986        C    5 1.455    C    3 1.312    C    7 1.007    C    1 0.105
     5  C   3.991        C    4 1.455    C    6 1.411    H   25 0.967    C    2 0.101
     6  C   3.981        C    1 1.452    C    5 1.411    H   26 0.971
     7  C   3.992        C    4 1.007    C    8 0.947    H   27 0.935    C   13 0.929
     8  C   3.949        O    9 1.708    N   10 1.186    C    7 0.947
     9  O   2.024        C    8 1.708    N   10 0.166
    10  N   3.560        C    8 1.186    C    3 1.083    C   11 0.982    O    9 0.166
    11  C   3.967        C   12 1.008    N   10 0.982    H   29 0.969    H   28 0.968
    12  C   3.993        C   11 1.008    H   30 0.987    H   32 0.986    H   31 0.984
    13  C   3.993        C   22 1.008    C   14 0.946    H   33 0.934    C    7 0.929
    14  C   3.945        O   15 1.725    N   16 1.188    C   13 0.946
    15  O   2.032        C   14 1.725    N   16 0.169
    16  N   3.506        C   14 1.188    C   17 1.089    H   34 0.935    O   15 0.169
    17  C   3.962        C   18 1.395    C   22 1.314    N   16 1.089
    18  C   3.988        C   19 1.426    C   17 1.395    H   35 0.968    C   21 0.102
    19  C   3.991        C   20 1.452    C   18 1.426    H   36 0.971    C   22 0.106
    20  C   3.983        C   19 1.452    C   21 1.413    H   37 0.971
    21  C   3.992        C   22 1.452    C   20 1.413    H   38 0.967    C   18 0.102
    22  C   3.986        C   21 1.452    C   17 1.314    C   13 1.008    C   19 0.106
    23  H   0.998        C    1 0.971
    24  H   0.998        C    2 0.967
    25  H   0.998        C    5 0.967
    26  H   0.998        C    6 0.971
    27  H   0.993        C    7 0.935
    28  H   0.994        C   11 0.968
    29  H   0.998        C   11 0.969
    30  H   0.997        C   12 0.987
    31  H   0.997        C   12 0.984
    32  H   0.998        C   12 0.986
    33  H   0.992        C   13 0.934
    34  H   0.966        N   16 0.935
    35  H   0.998        C   18 0.968
    36  H   0.998        C   19 0.971
    37  H   0.998        C   20 0.971
    38  H   0.998        C   21 0.967

molecular dipole:
                 x           y           z       tot (Debye)
 q only:       -1.009       1.426       0.962
   full:       -1.211       1.403       1.146       5.539
molecular quadrupole (traceless):
                xx          xy          yy          xz          yz          zz
 q only:       -8.057       6.107      -4.990       1.756      -7.184      13.047
  q+dip:       -9.613       8.371      -2.778      -1.412      -8.910      12.391
   full:       -9.947       6.865      -4.701       1.235      -9.747      14.649

           -------------------------------------------------
          |                Geometry Summary                 |
           -------------------------------------------------

      molecular mass/u    :      292.3366000
   center of mass at/Å    :        0.6262511      -0.4864011       1.1859768
  moments of inertia/u·Å² :        0.1212897E+04   0.1947210E+04   0.1969354E+04
rotational constants/cm⁻¹ :        0.1389865E-01   0.8657324E-02   0.8559979E-02

 * 37 selected distances

     #   Z        #   Z                                     value/Å
     1   6 C      2   6 C                                 1.3882624
     2   6 C      3   6 C                                 1.3817481
     3   6 C      4   6 C                                 1.3993251
     4   6 C      5   6 C                                 1.3760731
     1   6 C      6   6 C                                 1.3841248
     5   6 C      6   6 C                                 1.3900721
     8   6 C      9   8 O                                 1.2088698
     3   6 C     10   7 N                                 1.3886199
     8   6 C     10   7 N                                 1.3672516
    10   7 N     11   6 C                                 1.4423670
    11   6 C     12   6 C                                 1.5258980
     7   6 C     13   6 C                                 1.5419908 (max)
    14   6 C     15   8 O                                 1.2056821
    14   6 C     16   7 N                                 1.3665412
    16   7 N     17   6 C                                 1.3870174
    17   6 C     18   6 C                                 1.3798002
    18   6 C     19   6 C                                 1.3884303
    19   6 C     20   6 C                                 1.3844651
    20   6 C     21   6 C                                 1.3900667
    17   6 C     22   6 C                                 1.3985090
    21   6 C     22   6 C                                 1.3766574
     1   6 C     23   1 H                                 1.0797855
     2   6 C     24   1 H                                 1.0786766
     5   6 C     25   1 H                                 1.0791747
     6   6 C     26   1 H                                 1.0792453
     7   6 C     27   1 H                                 1.0943237
    11   6 C     28   1 H                                 1.0933727
    11   6 C     29   1 H                                 1.0940187
    12   6 C     30   1 H                                 1.0871054
    12   6 C     31   1 H                                 1.0863645
    12   6 C     32   1 H                                 1.0876328
    13   6 C     33   1 H                                 1.0943081
    16   7 N     34   1 H                                 1.0078388 (min)
    18   6 C     35   1 H                                 1.0790467
    19   6 C     36   1 H                                 1.0795108
    20   6 C     37   1 H                                 1.0792832
    21   6 C     38   1 H                                 1.0789935

 * 5 distinct bonds (by element types)

   Z      Z             #   av. dist./Å        max./Å        min./Å
   1 H    6 C          15     1.0847228     1.0943237     1.0786766
   6 C    6 C          14     1.4075302     1.5419908     1.3760731
   1 H    7 N           1     1.0078388     1.0078388     1.0078388
   6 C    7 N           5     1.3903594     1.4423670     1.3665412
   6 C    8 O           2     1.2072759     1.2088698     1.2056821


optimized geometry written to: xtbopt.xyz


           -------------------------------------------------
          | TOTAL ENERGY              -60.756234537949 Eh   |
          | GRADIENT NORM               0.000445296709 Eh/α |
          | HOMO-LUMO GAP               3.602249922204 eV   |
           -------------------------------------------------

------------------------------------------------------------------------
 * finished run on 2021/05/19 at 11:00:14.967     
------------------------------------------------------------------------
 total:
 * wall-time:     0 d,  0 h,  0 min,  2.498 sec
 *  cpu-time:     0 d,  0 h,  0 min,  2.497 sec
 * ratio c/w:     0.999 speedup
 SCF:
 * wall-time:     0 d,  0 h,  0 min,  0.081 sec
 *  cpu-time:     0 d,  0 h,  0 min,  0.081 sec
 * ratio c/w:     1.000 speedup
 ANC optimizer:
 * wall-time:     0 d,  0 h,  0 min,  2.383 sec
 *  cpu-time:     0 d,  0 h,  0 min,  2.382 sec
 * ratio c/w:     1.000 speedup

