      -----------------------------------------------------------      
     |                   =====================                   |     
     |                           x T B                           |     
     |                   =====================                   |     
     |                         S. Grimme                         |     
     |          Mulliken Center for Theoretical Chemistry        |     
     |                    University of Bonn                     |     
     |                Version 6.2 RC2 (SAW190805)                |     
      -----------------------------------------------------------      

   This program is distributed in the hope that it will be useful,
   but WITHOUT ANY WARRANTY; without even the implied warranty of
   MERCHANTABILITY or FITNESS FOR A PARTICULAR PURPOSE.
   
   FOR NON-COMMERCIAL, ACADEMIA USE ONLY.
   
   Cite this work as:
   * S. Grimme, C. Bannwarth, P. Shushkov, J. Chem. Theory Comput., 2017,
     13, 1989-2009. DOI: 10.1021/acs.jctc.7b00118
   * C. Bannwarth, S. Ehlert and S. Grimme., J. Chem. Theory Comput., 2019,
     15, 1652-1671. DOI: 10.1021/acs.jctc.8b01176
   * P. Pracht, E. Caldeweyher, S. Ehlert, S. Grimme, ChemRxiv, 2019, preprint.
     DOI: 10.26434/chemrxiv.8326202.v1
   
   for DFT-D4:
   * E. Caldeweyher, C. Bannwarth and S. Grimme, J. Chem. Phys., 2017,
     147, 034112. DOI: 10.1063/1.4993215
   * E. Caldeweyher, S. Ehlert, A. Hansen, H. Neugebauer, S. Spicher,
     C. Bannwarth and S. Grimme, J. Chem. Phys., 2019, 150, 154122.
     DOI: 10.1063/1.5090222
   
   for sTDA-xTB:
   * S. Grimme and C. Bannwarth, J. Chem. Phys., 2016, 145, 054103.
     DOI: 10.1063/1.4959605
   
   in the mass-spec context:
   * V. Asgeirsson, C. Bauer and S. Grimme, Chem. Sci., 2017, 8, 4879.
     DOI: 10.1039/c7sc00601b
   
   for metadynamics refer to:
   * S. Grimme, J. Chem. Theory Comput., 2019, 155, 2847-2862
     DOI: 10.1021/acs.jctc.9b00143
   
   with help from (in alphabetical order)
   C. Bannwarth, F. Bohle, G. Brandenburg, E. Caldeweyher, M. Checinski,
   S. Dohm, S. Ehlert, S. Ehrlich, F. März, H. Neugebauer, J. Pisarek,
   P. Pracht, P. Shushkov, and S. Spicher.
   
 * started run on 2021/05/19 at 11:00:16.094     

           -------------------------------------------------
          |                Calculation Setup                |
           -------------------------------------------------

          program call               : /ihome/ghutchison/geoffh/xtb/xtb 807.xyz -opt
          hostname                   : smp-n83
          coordinate file            : 807.xyz
          omp threads                :                     1
          number of atoms            :                    24
          number of electrons        :                    70
          charge                     :                     0
          spin                       :                   0.0
          first test random number   :      0.09816349593173


########################################################################
# WARNING! Please study the warnings concerning your input carefully
#  - the use of '-opt' is discouraged, please use '--opt' next time
########################################################################

           ------------------------------------------------- 
          |                 G F N 2 - x T B                 |
          | Geometry, Frequencies, Noncovalent interactions |
          |            JCTC 2019 parametrisation            |
           ------------------------------------------------- 
             KAB for C  - Si     :                1.0500
             KAB for H  - Pd     :                0.9500
             k(s)              :                1.8500
             k(p)              :                2.2300
             k(d)              :                2.2300
             k(f)              :                2.0000
             kEN (H0ij)        :               -2.0000
             D4 a1             :                0.5200
             D4 a2             :                5.0000
             D4 s6             :                1.0000
             D4 s8             :                2.7000
             D4 s9             :                5.0000
             alphaj            :                2.0000

  Z AO/shell   Hii/eV     exponent
  1     Wed Apr 25 08:07:45 CEST 2018   EN: 2.200 GM2: 0.406  GM3: 0.0800  RAES: 1.40
     1s    -10.707211    1.230000
  6     Wed Apr 25 08:07:45 CEST 2018   EN: 2.550 GM2: 0.538  GM3: 0.1500  RAES: 3.00
     2s    -13.970922    2.096432
     2p    -10.063292    1.800000
 16     Tue Apr 24 11:44:34 CEST 2018   EN: 2.580 GM2: 0.340  GM3:-0.0502  RAES: 3.10
     3s    -20.029654    1.981333
     3p    -11.377694    2.025643
     3d     -0.420282    1.702555

           ------------------------------------------------- 
          |        Self-Consistent Charge Iterations        |
           ------------------------------------------------- 

          ...................................................
          :                      SETUP                      :
          :.................................................:
          :  # basis functions                  78          :
          :  # atomic orbitals                  76          :
          :  # shells                           40          :
          :  # electrons                        70          :
          :  max. iterations                   250          :
          :  Hamiltonian                  GFN2-xTB          :
          :  restarted?                      false          :
          :  GBSA solvation                  false          :
          :  PC potential                    false          :
          :  electronic temp.          300.0000000     K    :
          :  accuracy                    1.0000000          :
          :  -> integral cutoff          0.2500000E+02      :
          :  -> integral neglect         0.1000000E-07      :
          :  -> SCF convergence          0.1000000E-05 Eh   :
          :  -> wf. convergence          0.1000000E-03 e    :
          :  Broyden damping             0.4000000          :
          ...................................................

 iter      E             dE          RMSdq      gap      omega  full diag
   1    -37.8210869 -0.378211E+02  0.430E+00    3.10       0.0  T
   2    -37.8403659 -0.192790E-01  0.248E+00    2.85       1.0  T
   3    -37.8157148  0.246512E-01  0.134E+00    3.10       1.0  T
   4    -37.8479404 -0.322257E-01  0.444E-01    2.86       1.0  T
   5    -37.8492040 -0.126356E-02  0.129E-01    2.91       1.0  T
   6    -37.8492557 -0.517232E-04  0.374E-02    2.90       1.0  T
   7    -37.8492753 -0.195987E-04  0.142E-02    2.90       1.4  T
   8    -37.8492752  0.101061E-06  0.713E-03    2.90       2.9  T
   9    -37.8492759 -0.708417E-06  0.284E-03    2.90       7.2  T
  10    -37.8492760 -0.750104E-07  0.108E-03    2.90      18.9  T
  11    -37.8492760 -0.131039E-07  0.449E-04    2.90      45.5  T
  12    -37.8492760 -0.214593E-08  0.204E-04    2.90      99.9  T

   *** convergence criteria satisfied after 12 iterations ***

         #    Occupation            Energy/Eh            Energy/eV
      -------------------------------------------------------------
         1        2.0000           -0.7293613             -19.8469
       ...           ...                  ...                  ...
        29        2.0000           -0.4319989             -11.7553
        30        2.0000           -0.4265357             -11.6066
        31        2.0000           -0.4246929             -11.5565
        32        2.0000           -0.4140023             -11.2656
        33        2.0000           -0.4004797             -10.8976
        34        2.0000           -0.3727264             -10.1424
        35        2.0000           -0.3622060              -9.8561 (HOMO)
        36                         -0.2554860              -6.9521 (LUMO)
        37                         -0.2377803              -6.4703
        38                         -0.2140656              -5.8250
        39                         -0.2057443              -5.5986
        40                         -0.1823317              -4.9615
       ...                                ...                  ...
        76                          0.7110944              19.3499
      -------------------------------------------------------------
                  HL-Gap            0.1067200 Eh            2.9040 eV
             Fermi-level           -0.3088460 Eh           -8.4041 eV

 SCC (total)                   0 d,  0 h,  0 min,  0.047 sec
 SCC setup                      ...        0 min,  0.000 sec (  0.695%)
 Dispersion                     ...        0 min,  0.000 sec (  0.785%)
 integral evaluation            ...        0 min,  0.012 sec ( 24.903%)
 zeroth order Hamiltonian       ...        0 min,  0.000 sec (  0.453%)
 iterations                     ...        0 min,  0.016 sec ( 35.133%)
 molecular gradient             ...        0 min,  0.017 sec ( 37.061%)
 printout                       ...        0 min,  0.000 sec (  0.858%)

         :::::::::::::::::::::::::::::::::::::::::::::::::::::
         ::                     SUMMARY                     ::
         :::::::::::::::::::::::::::::::::::::::::::::::::::::
         :: total energy             -37.287371668729 Eh    ::
         :: gradient norm              0.085878971974 Eh/a0 ::
         :: HOMO-LUMO gap              2.903999218019 eV    ::
         ::.................................................::
         :: SCC energy               -37.849276024536 Eh    ::
         :: -> isotropic ES            0.002863693683 Eh    ::
         :: -> anisotropic ES          0.004719409650 Eh    ::
         :: -> anisotropic XC          0.017984520615 Eh    ::
         :: -> dispersion             -0.029303477593 Eh    ::
         :: repulsion energy           0.561755273120 Eh    ::
         :: add. restraining           0.000000000000 Eh    ::
         :::::::::::::::::::::::::::::::::::::::::::::::::::::

      ----------------------------------------------------------- 
     |                   =====================                   |
     |                        A N C O P T                        |
     |                   =====================                   |
     |               Approximate Normal Coordinate               |
     |                Rational Function Optimizer                |
      ----------------------------------------------------------- 

          ...................................................
          :                      SETUP                      :
          :.................................................:
          :   optimization level            normal          :
          :   max. optcycles                   200          :
          :   ANC micro-cycles                  20          :
          :   degrees of freedom                66          :
          :.................................................:
          :   RF solver                   davidson          :
          :   input Hessian                  false          :
          :   write xtbopt.log                true          :
          :   linear?                        false          :
          :   energy convergence         0.5000000E-05 Eh   :
          :   grad. convergence          0.1000000E-02 Eh/α :
          :   maximium RF displ.         2.0000000          :
          :   Hlow (freq-cutoff)         0.5000000E-02      :
          :   Hmax (freq-cutoff)         5.0000000          :
          :   S6 in model hess.         20.0000000          :
          ...................................................

generating ANC from model Hessian ...
Using Lindh-Hessian (1995)
 Shifting diagonal of input Hessian by   3.635744414102443E-003
 Lowest  eigenvalues of input Hessian
   -0.000000   -0.000000   -0.000000    0.000000    0.000000    0.000000
    0.005000    0.007453    0.008543    0.010612    0.011106    0.012237
    0.012490    0.014606    0.020880    0.021338    0.022532    0.035893
 Highest eigenvalues
    1.698131    1.721635    1.785761    1.846369    1.974761    1.994320
 

........................................................................
.............................. CYCLE    1 ..............................
........................................................................
   1    -37.8492760 -0.378493E+02  0.837E-05    2.90       0.0  T
   2    -37.8492760 -0.368559E-10  0.487E-05    2.90     419.2  T
   3    -37.8492760 -0.364935E-10  0.293E-05    2.90     697.5  T
     SCC iter.                  ...        0 min,  0.004 sec
     gradient                   ...        0 min,  0.017 sec
 * total energy  :   -37.2873717 Eh     change       -0.8152398E-08 Eh
   gradient norm :     0.0858777 Eh/α   predicted     0.0000000E+00 (-100.00%)
   displ. norm   :     0.3408584 α      lambda       -0.1165836E-01
   maximum displ.:     0.2410343 α      in ANC's #9, #18, #25, ...

........................................................................
.............................. CYCLE    2 ..............................
........................................................................
   1    -37.8798697 -0.378799E+02  0.330E-01    2.94       0.0  T
   2    -37.8799607 -0.910557E-04  0.173E-01    2.96       1.0  T
   3    -37.8798468  0.113929E-03  0.948E-02    2.93       1.0  T
   4    -37.8800370 -0.190243E-03  0.348E-02    2.95       1.0  T
   5    -37.8800453 -0.831109E-05  0.135E-02    2.95       1.5  T
   6    -37.8800463 -0.975479E-06  0.506E-03    2.95       4.0  T
   7    -37.8800467 -0.423895E-06  0.167E-03    2.95      12.2  T
     SCC iter.                  ...        0 min,  0.009 sec
     gradient                   ...        0 min,  0.016 sec
 * total energy  :   -37.2954346 Eh     change       -0.8062948E-02 Eh
   gradient norm :     0.0328628 Eh/α   predicted    -0.6506445E-02 ( -19.30%)
   displ. norm   :     0.3094856 α      lambda       -0.3223915E-02
   maximum displ.:     0.2560280 α      in ANC's #9, #7, #18, ...

........................................................................
.............................. CYCLE    3 ..............................
........................................................................
   1    -37.8922589 -0.378923E+02  0.213E-01    2.96       0.0  T
   2    -37.8923070 -0.480290E-04  0.120E-01    2.97       1.0  T
   3    -37.8922617  0.452272E-04  0.667E-02    2.96       1.0  T
   4    -37.8923393 -0.775493E-04  0.254E-02    2.97       1.0  T
   5    -37.8923451 -0.579274E-05  0.891E-03    2.96       2.3  T
   6    -37.8923452 -0.140985E-06  0.398E-03    2.96       5.1  T
   7    -37.8923454 -0.226057E-06  0.171E-03    2.96      12.0  T
     SCC iter.                  ...        0 min,  0.009 sec
     gradient                   ...        0 min,  0.016 sec
 * total energy  :   -37.2972203 Eh     change       -0.1785633E-02 Eh
   gradient norm :     0.0097491 Eh/α   predicted    -0.1766359E-02 (  -1.08%)
   displ. norm   :     0.1104005 α      lambda       -0.2780191E-03
   maximum displ.:     0.0907421 α      in ANC's #9, #7, #16, ...

........................................................................
.............................. CYCLE    4 ..............................
........................................................................
   1    -37.8911402 -0.378911E+02  0.557E-02    2.96       0.0  T
   2    -37.8911425 -0.222865E-05  0.317E-02    2.96       1.0  T
   3    -37.8911408  0.169464E-05  0.131E-02    2.96       1.6  T
   4    -37.8911428 -0.201917E-05  0.650E-03    2.96       3.1  T
   5    -37.8911432 -0.427612E-06  0.246E-03    2.96       8.3  T
   6    -37.8911432 -0.183181E-07  0.103E-03    2.96      19.7  T
     SCC iter.                  ...        0 min,  0.008 sec
     gradient                   ...        0 min,  0.016 sec
 * total energy  :   -37.2974043 Eh     change       -0.1840724E-03 Eh
   gradient norm :     0.0049803 Eh/α   predicted    -0.1407041E-03 ( -23.56%)
   displ. norm   :     0.0494475 α      lambda       -0.6336783E-04
   maximum displ.:     0.0419823 α      in ANC's #9, #8, #16, ...

........................................................................
.............................. CYCLE    5 ..............................
........................................................................
   1    -37.8904878 -0.378905E+02  0.302E-02    2.96       0.0  T
   2    -37.8904885 -0.647228E-06  0.165E-02    2.96       1.2  T
   3    -37.8904880  0.420209E-06  0.643E-03    2.96       3.2  T
   4    -37.8904886 -0.533381E-06  0.331E-03    2.96       6.2  T
   5    -37.8904887 -0.108959E-06  0.133E-03    2.96      15.4  T
   6    -37.8904887 -0.813503E-08  0.545E-04    2.96      37.5  T
     SCC iter.                  ...        0 min,  0.008 sec
     gradient                   ...        0 min,  0.016 sec
 * total energy  :   -37.2974383 Eh     change       -0.3401606E-04 Eh
   gradient norm :     0.0011344 Eh/α   predicted    -0.3176337E-04 (  -6.62%)
   displ. norm   :     0.0088256 α      lambda       -0.2212295E-05
   maximum displ.:     0.0054338 α      in ANC's #7, #18, #8, ...

........................................................................
.............................. CYCLE    6 ..............................
........................................................................
   1    -37.8907065 -0.378907E+02  0.572E-03    2.96       0.0  T
   2    -37.8907065 -0.247198E-07  0.336E-03    2.96       6.1  T
   3    -37.8907065  0.423060E-07  0.222E-03    2.96       9.2  T
   4    -37.8907066 -0.793100E-07  0.448E-04    2.96      45.6  T
   5    -37.8907066 -0.440920E-09  0.208E-04    2.96      98.0  T
     SCC iter.                  ...        0 min,  0.007 sec
     gradient                   ...        0 min,  0.017 sec
 * total energy  :   -37.2974399 Eh     change       -0.1600431E-05 Eh
   gradient norm :     0.0004403 Eh/α   predicted    -0.1106870E-05 ( -30.84%)
   displ. norm   :     0.0088486 α      lambda        0.2255289E-05
   maximum displ.:     0.0054344 α      in ANC's #7, #18, #8, ...

   *** GEOMETRY OPTIMIZATION CONVERGED AFTER 6 ITERATIONS ***

------------------------------------------------------------------------
 total energy gain   :        -0.0100683 Eh       -6.3179 kcal/mol
 total RMSD          :         0.1551349 a0        0.0821 Å
 total power (kW/mol):        -4.4057101 (step) -117.4089 (real)
------------------------------------------------------------------------

 ANCopt (total)                0 d,  0 h,  0 min,  0.225 sec
 optimizer setup                ...        0 min,  0.000 sec (  0.072%)
 model hessian                  ...        0 min,  0.004 sec (  1.868%)
 ANC generation                 ...        0 min,  0.001 sec (  0.299%)
 coordinate transformation      ...        0 min,  0.000 sec (  0.046%)
 single point calculation       ...        0 min,  0.218 sec ( 96.856%)
 optimization log               ...        0 min,  0.001 sec (  0.279%)
 hessian update                 ...        0 min,  0.000 sec (  0.033%)
 rational function              ...        0 min,  0.001 sec (  0.337%)

================
 final structure:
================
$coord
   -5.31892834070633    0.78054072763263    0.00574963414425      C 
   -5.90210363340105   -1.70151946231914    0.00349519469113      C 
   -3.28451934735806   -3.65544961939005    0.00151581420879      S 
   -1.31119093702101   -1.03366281449047    0.00357289991564      C 
   -2.66151534620784    1.25459023235566    0.00590488254567      C 
   -1.36288103816207    3.59304980028429    0.00780778630596      C 
   -2.83729985819932    6.02068237572504    0.01138194574417      C 
    1.24889636205954    3.61326558444605    0.00658928472542      C 
    2.77134957855660    6.00769204351317    0.00767208244563      C 
    2.59591560228779    1.30746424552957    0.00412909797740      C 
    1.30807504893318   -1.00931172819451    0.00294231367972      C 
    3.36331982372230   -3.56901233256112    0.00057712402851      S 
    5.92374563621083   -1.53499881411912    0.00086187705999      C 
    5.26596559597444    0.92886667335955    0.00298240658805      C 
   -6.74598411080170    2.22609359161300    0.00704659673283      H 
   -7.74399926791450   -2.54674025820324    0.00280826620925      H 
   -4.85489435726488    5.66606117228501    0.01222875861776      H 
   -2.38827528686229    7.14052586607193   -1.65688788198814      H 
   -2.38626121490473    7.13654864170172    1.68180074128636      H 
    1.58634628841456    7.67799154352219    0.01171168975546      H 
    3.97893919004190    6.07225923354500   -1.65884050106775      H 
    3.98402854204170    6.06779252695200    1.67062132771650      H 
    7.78841890227001   -2.32880319989114   -0.00044696733686      H 
    6.62418218311431    2.43881314162357    0.00346261343318      H 
$end
           -------------------------------------------------
          |                Final Singlepoint                |
           -------------------------------------------------

          ...................................................
          :                      SETUP                      :
          :.................................................:
          :  # basis functions                  78          :
          :  # atomic orbitals                  76          :
          :  # shells                           40          :
          :  # electrons                        70          :
          :  max. iterations                   250          :
          :  Hamiltonian                  GFN2-xTB          :
          :  restarted?                      false          :
          :  GBSA solvation                  false          :
          :  PC potential                    false          :
          :  electronic temp.          300.0000000     K    :
          :  accuracy                    1.0000000          :
          :  -> integral cutoff          0.2500000E+02      :
          :  -> integral neglect         0.1000000E-07      :
          :  -> SCF convergence          0.1000000E-05 Eh   :
          :  -> wf. convergence          0.1000000E-03 e    :
          :  Broyden damping             0.4000000          :
          ...................................................

 iter      E             dE          RMSdq      gap      omega  full diag
   1    -37.8907066 -0.378907E+02  0.111E-04    2.96       0.0  T
   2    -37.8907066 -0.445439E-10  0.579E-05    2.96     352.3  T
   3    -37.8907066 -0.674163E-10  0.337E-05    2.96     606.0  T

   *** convergence criteria satisfied after 3 iterations ***

         #    Occupation            Energy/Eh            Energy/eV
      -------------------------------------------------------------
         1        2.0000           -0.7261263             -19.7589
       ...           ...                  ...                  ...
        29        2.0000           -0.4324092             -11.7665
        30        2.0000           -0.4262908             -11.6000
        31        2.0000           -0.4260164             -11.5925
        32        2.0000           -0.4181311             -11.3779
        33        2.0000           -0.3991207             -10.8606
        34        2.0000           -0.3725025             -10.1363
        35        2.0000           -0.3663194              -9.9681 (HOMO)
        36                         -0.2576394              -7.0107 (LUMO)
        37                         -0.2288710              -6.2279
        38                         -0.2120507              -5.7702
        39                         -0.2103495              -5.7239
        40                         -0.1915042              -5.2111
       ...                                ...                  ...
        76                          0.7175869              19.5265
      -------------------------------------------------------------
                  HL-Gap            0.1086799 Eh            2.9573 eV
             Fermi-level           -0.3119794 Eh           -8.4894 eV

 SCC (total)                   0 d,  0 h,  0 min,  0.034 sec
 SCC setup                      ...        0 min,  0.000 sec (  0.641%)
 Dispersion                     ...        0 min,  0.000 sec (  0.656%)
 integral evaluation            ...        0 min,  0.011 sec ( 33.502%)
 zeroth order Hamiltonian       ...        0 min,  0.000 sec (  0.571%)
 iterations                     ...        0 min,  0.004 sec ( 13.237%)
 molecular gradient             ...        0 min,  0.017 sec ( 50.176%)
 printout                       ...        0 min,  0.000 sec (  1.054%)

         :::::::::::::::::::::::::::::::::::::::::::::::::::::
         ::                     SUMMARY                     ::
         :::::::::::::::::::::::::::::::::::::::::::::::::::::
         :: total energy             -37.297439972709 Eh    ::
         :: gradient norm              0.000439671370 Eh/a0 ::
         :: HOMO-LUMO gap              2.957331433089 eV    ::
         ::.................................................::
         :: SCC energy               -37.890706554874 Eh    ::
         :: -> isotropic ES            0.003117981129 Eh    ::
         :: -> anisotropic ES          0.004247718439 Eh    ::
         :: -> anisotropic XC          0.017184504630 Eh    ::
         :: -> dispersion             -0.029471341545 Eh    ::
         :: repulsion energy           0.593112502489 Eh    ::
         :: add. restraining           0.000000000000 Eh    ::
         :::::::::::::::::::::::::::::::::::::::::::::::::::::

           -------------------------------------------------
          |                Property Printout                |
           -------------------------------------------------

    * Orbital Energies and Occupations

         #    Occupation            Energy/Eh            Energy/eV
      -------------------------------------------------------------
         1        2.0000           -0.7261263             -19.7589
       ...           ...                  ...                  ...
        23        2.0000           -0.4701681             -12.7939
        24        2.0000           -0.4668924             -12.7048
        25        2.0000           -0.4617499             -12.5649
        26        2.0000           -0.4612771             -12.5520
        27        2.0000           -0.4571437             -12.4395
        28        2.0000           -0.4497129             -12.2373
        29        2.0000           -0.4324092             -11.7665
        30        2.0000           -0.4262908             -11.6000
        31        2.0000           -0.4260164             -11.5925
        32        2.0000           -0.4181311             -11.3779
        33        2.0000           -0.3991207             -10.8606
        34        2.0000           -0.3725025             -10.1363
        35        2.0000           -0.3663194              -9.9681 (HOMO)
        36                         -0.2576394              -7.0107 (LUMO)
        37                         -0.2288710              -6.2279
        38                         -0.2120507              -5.7702
        39                         -0.2103495              -5.7239
        40                         -0.1915042              -5.2111
        41                         -0.1622118              -4.4140
        42                         -0.1153983              -3.1401
        43                         -0.1141192              -3.1053
        44                         -0.0968243              -2.6347
        45                         -0.0057303              -0.1559
        46                          0.0000959               0.0026
       ...                                ...                  ...
        76                          0.7175869              19.5265
      -------------------------------------------------------------
                  HL-Gap            0.1086799 Eh            2.9573 eV
             Fermi-level           -0.3119794 Eh           -8.4894 eV

     #   Z        covCN         q      C6AA      α(0)
     1   6 C      3.083    -0.048    29.083     8.841
     2   6 C      2.932    -0.014    28.372     8.735
     3  16 S      2.246    -0.051   143.179    20.139
     4   6 C      3.025     0.017    27.594     8.617
     5   6 C      3.131    -0.012    28.090     8.677
     6   6 C      2.962    -0.002    28.085     8.693
     7   6 C      3.757    -0.106    22.570     6.773
     8   6 C      2.964    -0.003    28.094     8.694
     9   6 C      3.758    -0.108    22.615     6.780
    10   6 C      3.143    -0.013    28.075     8.670
    11   6 C      3.024     0.017    27.597     8.617
    12  16 S      2.248    -0.052   143.217    20.142
    13   6 C      2.934    -0.014    28.362     8.734
    14   6 C      3.079    -0.049    29.131     8.849
    15   1 H      0.926     0.037     2.490     2.468
    16   1 H      0.926     0.043     2.405     2.425
    17   1 H      0.925     0.045     2.382     2.413
    18   1 H      0.925     0.045     2.383     2.414
    19   1 H      0.925     0.045     2.383     2.414
    20   1 H      0.925     0.046     2.368     2.406
    21   1 H      0.925     0.046     2.372     2.408
    22   1 H      0.925     0.046     2.372     2.409
    23   1 H      0.926     0.043     2.408     2.427
    24   1 H      0.926     0.040     2.443     2.444

 Mol. C6AA /au·bohr⁶  :      10398.158214
 Mol. C8AA /au·bohr⁸  :     311035.370631
 Mol. α(0) /au        :        165.188192


Wiberg/Mayer (AO) data.
largest (>0.10) Wiberg bond orders for each atom
          total WBO             WBO to atom ...
     1  C   3.985        C    2 1.677    C    5 1.197    H   15 0.958    S    3 0.100
     2  C   3.944        C    1 1.677    S    3 1.154    H   16 0.970
     3  S   2.558        C    2 1.154    C    4 1.113    C    1 0.100
     4  C   3.955        C   11 1.326    C    5 1.307    S    3 1.113
     5  C   3.984        C    4 1.307    C    6 1.262    C    1 1.197
     6  C   3.987        C    8 1.490    C    5 1.262    C    7 1.022
     7  C   3.995        C    6 1.022    H   17 0.980    H   18 0.972    H   19 0.972
     8  C   3.987        C    6 1.490    C   10 1.261    C    9 1.023
     9  C   3.995        C    8 1.023    H   20 0.982    H   22 0.972    H   21 0.972
    10  C   3.984        C   11 1.310    C    8 1.261    C   14 1.197
    11  C   3.956        C    4 1.326    C   10 1.310    S   12 1.111
    12  S   2.556        C   13 1.153    C   11 1.111    C   14 0.100
    13  C   3.944        C   14 1.677    S   12 1.153    H   23 0.970
    14  C   3.986        C   13 1.677    C   10 1.197    H   24 0.962    S   12 0.100
    15  H   0.998        C    1 0.958
    16  H   0.997        C    2 0.970
    17  H   0.998        C    7 0.980
    18  H   0.997        C    7 0.972
    19  H   0.997        C    7 0.972
    20  H   0.997        C    9 0.982
    21  H   0.997        C    9 0.972
    22  H   0.997        C    9 0.972
    23  H   0.997        C   13 0.970
    24  H   0.998        C   14 0.962

molecular dipole:
                 x           y           z       tot (Debye)
 q only:        0.010       0.747       0.001
   full:        0.015       1.160       0.001       2.949
molecular quadrupole (traceless):
                xx          xy          yy          xz          yz          zz
 q only:        3.023       0.190       0.950      -0.002       0.009      -3.973
  q+dip:        8.285       0.395      -1.435      -0.005       0.012      -6.851
   full:        7.298       0.389      -2.685      -0.004       0.009      -4.613

           -------------------------------------------------
          |                Geometry Summary                 |
           -------------------------------------------------

      molecular mass/u    :      218.3310000
   center of mass at/Å    :       -0.0024119       0.0658460       0.0021788
  moments of inertia/u·Å² :        0.6894344E+03   0.8264936E+03   0.1509653E+04
rotational constants/cm⁻¹ :        0.2445139E-01   0.2039657E-01   0.1116656E-01

 * 24 selected distances

     #   Z        #   Z                                     value/Å
     1   6 C      2   6 C                                 1.3492174
     2   6 C      3  16 S                                 1.7285229
     3  16 S      4   6 C                                 1.7364591
     1   6 C      5   6 C                                 1.4284421
     4   6 C      5   6 C                                 1.4060075
     5   6 C      6   6 C                                 1.4154723
     6   6 C      8   6 C                                 1.3821348
     8   6 C     10   6 C                                 1.4131299
     4   6 C     11   6 C                                 1.3861159
    10   6 C     11   6 C                                 1.4026677
    11   6 C     12  16 S                                 1.7371289 (max)
    12  16 S     13   6 C                                 1.7304170
    10   6 C     14   6 C                                 1.4270631
    13   6 C     14   6 C                                 1.3494863
     1   6 C     15   1 H                                 1.0749091
     2   6 C     16   1 H                                 1.0724137 (min)
     7   6 C     17   1 H                                 1.0840315
     7   6 C     18   1 H                                 1.0894880
     7   6 C     19   1 H                                 1.0895003
     9   6 C     20   1 H                                 1.0837351
     9   6 C     21   1 H                                 1.0896049
     9   6 C     22   1 H                                 1.0895916
    13   6 C     23   1 H                                 1.0724340
    14   6 C     24   1 H                                 1.0747238

 * 3 distinct bonds (by element types)

   Z      Z             #   av. dist./Å        max./Å        min./Å
   1 H    6 C          10     1.0820432     1.0896049     1.0724137
   6 C    6 C          10     1.3959737     1.4284421     1.3492174
   6 C   16 S           4     1.7331320     1.7371289     1.7285229


optimized geometry written to: xtbopt.xyz


           -------------------------------------------------
          | TOTAL ENERGY              -37.297439972709 Eh   |
          | GRADIENT NORM               0.000439671370 Eh/α |
          | HOMO-LUMO GAP               2.957331433089 eV   |
           -------------------------------------------------

------------------------------------------------------------------------
 * finished run on 2021/05/19 at 11:00:16.436     
------------------------------------------------------------------------
 total:
 * wall-time:     0 d,  0 h,  0 min,  0.342 sec
 *  cpu-time:     0 d,  0 h,  0 min,  0.329 sec
 * ratio c/w:     0.962 speedup
 SCF:
 * wall-time:     0 d,  0 h,  0 min,  0.047 sec
 *  cpu-time:     0 d,  0 h,  0 min,  0.047 sec
 * ratio c/w:     0.999 speedup
 ANC optimizer:
 * wall-time:     0 d,  0 h,  0 min,  0.259 sec
 *  cpu-time:     0 d,  0 h,  0 min,  0.259 sec
 * ratio c/w:     1.000 speedup

