      -----------------------------------------------------------      
     |                   =====================                   |     
     |                           x T B                           |     
     |                   =====================                   |     
     |                         S. Grimme                         |     
     |          Mulliken Center for Theoretical Chemistry        |     
     |                    University of Bonn                     |     
     |                Version 6.2 RC2 (SAW190805)                |     
      -----------------------------------------------------------      

   This program is distributed in the hope that it will be useful,
   but WITHOUT ANY WARRANTY; without even the implied warranty of
   MERCHANTABILITY or FITNESS FOR A PARTICULAR PURPOSE.
   
   FOR NON-COMMERCIAL, ACADEMIA USE ONLY.
   
   Cite this work as:
   * S. Grimme, C. Bannwarth, P. Shushkov, J. Chem. Theory Comput., 2017,
     13, 1989-2009. DOI: 10.1021/acs.jctc.7b00118
   * C. Bannwarth, S. Ehlert and S. Grimme., J. Chem. Theory Comput., 2019,
     15, 1652-1671. DOI: 10.1021/acs.jctc.8b01176
   * P. Pracht, E. Caldeweyher, S. Ehlert, S. Grimme, ChemRxiv, 2019, preprint.
     DOI: 10.26434/chemrxiv.8326202.v1
   
   for DFT-D4:
   * E. Caldeweyher, C. Bannwarth and S. Grimme, J. Chem. Phys., 2017,
     147, 034112. DOI: 10.1063/1.4993215
   * E. Caldeweyher, S. Ehlert, A. Hansen, H. Neugebauer, S. Spicher,
     C. Bannwarth and S. Grimme, J. Chem. Phys., 2019, 150, 154122.
     DOI: 10.1063/1.5090222
   
   for sTDA-xTB:
   * S. Grimme and C. Bannwarth, J. Chem. Phys., 2016, 145, 054103.
     DOI: 10.1063/1.4959605
   
   in the mass-spec context:
   * V. Asgeirsson, C. Bauer and S. Grimme, Chem. Sci., 2017, 8, 4879.
     DOI: 10.1039/c7sc00601b
   
   for metadynamics refer to:
   * S. Grimme, J. Chem. Theory Comput., 2019, 155, 2847-2862
     DOI: 10.1021/acs.jctc.9b00143
   
   with help from (in alphabetical order)
   C. Bannwarth, F. Bohle, G. Brandenburg, E. Caldeweyher, M. Checinski,
   S. Dohm, S. Ehlert, S. Ehrlich, F. März, H. Neugebauer, J. Pisarek,
   P. Pracht, P. Shushkov, and S. Spicher.
   
 * started run on 2021/05/19 at 10:58:50.650     

           -------------------------------------------------
          |                Calculation Setup                |
           -------------------------------------------------

          program call               : /ihome/ghutchison/geoffh/xtb/xtb 81.xyz -opt
          hostname                   : smp-n58
          coordinate file            : 81.xyz
          omp threads                :                     1
          number of atoms            :                    19
          number of electrons        :                    56
          charge                     :                     0
          spin                       :                   0.0
          first test random number   :      0.47105468066393


########################################################################
# WARNING! Please study the warnings concerning your input carefully
#  - the use of '-opt' is discouraged, please use '--opt' next time
########################################################################

           ------------------------------------------------- 
          |                 G F N 2 - x T B                 |
          | Geometry, Frequencies, Noncovalent interactions |
          |            JCTC 2019 parametrisation            |
           ------------------------------------------------- 
             KAB for C  - Si     :                1.0500
             KAB for H  - Pd     :                0.9500
             k(s)              :                1.8500
             k(p)              :                2.2300
             k(d)              :                2.2300
             k(f)              :                2.0000
             kEN (H0ij)        :               -2.0000
             D4 a1             :                0.5200
             D4 a2             :                5.0000
             D4 s6             :                1.0000
             D4 s8             :                2.7000
             D4 s9             :                5.0000
             alphaj            :                2.0000

  Z AO/shell   Hii/eV     exponent
  1     Wed Apr 25 08:07:45 CEST 2018   EN: 2.200 GM2: 0.406  GM3: 0.0800  RAES: 1.40
     1s    -10.707211    1.230000
  6     Wed Apr 25 08:07:45 CEST 2018   EN: 2.550 GM2: 0.538  GM3: 0.1500  RAES: 3.00
     2s    -13.970922    2.096432
     2p    -10.063292    1.800000
  7     Wed Apr 25 08:07:45 CEST 2018   EN: 3.040 GM2: 0.461  GM3:-0.0640  RAES: 1.90
     2s    -16.686243    2.339881
     2p    -12.523956    2.014332
 16     Tue Apr 24 11:44:34 CEST 2018   EN: 2.580 GM2: 0.340  GM3:-0.0502  RAES: 3.10
     3s    -20.029654    1.981333
     3p    -11.377694    2.025643
     3d     -0.420282    1.702555

           ------------------------------------------------- 
          |        Self-Consistent Charge Iterations        |
           ------------------------------------------------- 

          ...................................................
          :                      SETUP                      :
          :.................................................:
          :  # basis functions                  58          :
          :  # atomic orbitals                  57          :
          :  # shells                           31          :
          :  # electrons                        56          :
          :  max. iterations                   250          :
          :  Hamiltonian                  GFN2-xTB          :
          :  restarted?                      false          :
          :  GBSA solvation                  false          :
          :  PC potential                    false          :
          :  electronic temp.          300.0000000     K    :
          :  accuracy                    1.0000000          :
          :  -> integral cutoff          0.2500000E+02      :
          :  -> integral neglect         0.1000000E-07      :
          :  -> SCF convergence          0.1000000E-05 Eh   :
          :  -> wf. convergence          0.1000000E-03 e    :
          :  Broyden damping             0.4000000          :
          ...................................................

 iter      E             dE          RMSdq      gap      omega  full diag
   1    -30.6411892 -0.306412E+02  0.405E+00    1.92       0.0  T
   2    -30.6675387 -0.263495E-01  0.255E+00    1.73       1.0  T
   3    -30.6609347  0.660399E-02  0.127E+00    1.65       1.0  T
   4    -30.6732724 -0.123378E-01  0.534E-01    1.43       1.0  T
   5    -30.6766327 -0.336030E-02  0.233E-01    1.43       1.0  T
   6    -30.6772915 -0.658777E-03  0.103E-01    1.44       1.0  T
   7    -30.6774240 -0.132479E-03  0.379E-02    1.44       1.0  T
   8    -30.6774408 -0.168179E-04  0.125E-02    1.44       1.8  T
   9    -30.6774419 -0.105213E-05  0.540E-03    1.44       4.2  T
  10    -30.6774419 -0.307929E-07  0.123E-03    1.44      18.6  T
  11    -30.6774419 -0.309599E-08  0.472E-04    1.44      48.6  T
  12    -30.6774419 -0.279353E-08  0.134E-04    1.44     170.9  T

   *** convergence criteria satisfied after 12 iterations ***

         #    Occupation            Energy/Eh            Energy/eV
      -------------------------------------------------------------
         1        2.0000           -0.7480356             -20.3551
       ...           ...                  ...                  ...
        22        2.0000           -0.4607681             -12.5381
        23        2.0000           -0.4475855             -12.1794
        24        2.0000           -0.4426905             -12.0462
        25        2.0000           -0.4230874             -11.5128
        26        2.0000           -0.4121545             -11.2153
        27        2.0000           -0.3864480             -10.5158
        28        2.0000           -0.3681710             -10.0184 (HOMO)
        29                         -0.3151554              -8.5758 (LUMO)
        30                         -0.2335105              -6.3541
        31                         -0.2223474              -6.0504
        32                         -0.2121264              -5.7723
        33                         -0.1339661              -3.6454
       ...                                ...                  ...
        57                          0.6887690              18.7424
      -------------------------------------------------------------
                  HL-Gap            0.0530156 Eh            1.4426 eV
             Fermi-level           -0.3416632 Eh           -9.2971 eV

 SCC (total)                   0 d,  0 h,  0 min,  0.025 sec
 SCC setup                      ...        0 min,  0.000 sec (  0.899%)
 Dispersion                     ...        0 min,  0.000 sec (  0.856%)
 integral evaluation            ...        0 min,  0.006 sec ( 24.434%)
 zeroth order Hamiltonian       ...        0 min,  0.000 sec (  0.450%)
 iterations                     ...        0 min,  0.010 sec ( 38.312%)
 molecular gradient             ...        0 min,  0.008 sec ( 33.724%)
 printout                       ...        0 min,  0.000 sec (  1.147%)

         :::::::::::::::::::::::::::::::::::::::::::::::::::::
         ::                     SUMMARY                     ::
         :::::::::::::::::::::::::::::::::::::::::::::::::::::
         :: total energy             -30.269057438595 Eh    ::
         :: gradient norm              0.115248908668 Eh/a0 ::
         :: HOMO-LUMO gap              1.442628494687 eV    ::
         ::.................................................::
         :: SCC energy               -30.677441888577 Eh    ::
         :: -> isotropic ES            0.016669015178 Eh    ::
         :: -> anisotropic ES          0.004186986686 Eh    ::
         :: -> anisotropic XC          0.024327158474 Eh    ::
         :: -> dispersion             -0.018266435428 Eh    ::
         :: repulsion energy           0.408367140944 Eh    ::
         :: add. restraining           0.000000000000 Eh    ::
         :::::::::::::::::::::::::::::::::::::::::::::::::::::

      ----------------------------------------------------------- 
     |                   =====================                   |
     |                        A N C O P T                        |
     |                   =====================                   |
     |               Approximate Normal Coordinate               |
     |                Rational Function Optimizer                |
      ----------------------------------------------------------- 

          ...................................................
          :                      SETUP                      :
          :.................................................:
          :   optimization level            normal          :
          :   max. optcycles                   200          :
          :   ANC micro-cycles                  20          :
          :   degrees of freedom                51          :
          :.................................................:
          :   RF solver                   davidson          :
          :   input Hessian                  false          :
          :   write xtbopt.log                true          :
          :   linear?                        false          :
          :   energy convergence         0.5000000E-05 Eh   :
          :   grad. convergence          0.1000000E-02 Eh/α :
          :   maximium RF displ.         2.0000000          :
          :   Hlow (freq-cutoff)         0.5000000E-02      :
          :   Hmax (freq-cutoff)         5.0000000          :
          :   S6 in model hess.         20.0000000          :
          ...................................................

generating ANC from model Hessian ...
Using Lindh-Hessian (1995)
 Shifting diagonal of input Hessian by   2.978789419068774E-003
 Lowest  eigenvalues of input Hessian
   -0.000000   -0.000000    0.000000    0.000000    0.000000    0.000000
    0.005000    0.005710    0.009892    0.011743    0.016563    0.021493
    0.022876    0.034111    0.042102    0.046649    0.049930    0.057309
 Highest eigenvalues
    1.546003    1.678221    1.771098    1.923794    1.965386    2.092505
 

........................................................................
.............................. CYCLE    1 ..............................
........................................................................
   1    -30.6774419 -0.306774E+02  0.694E-05    1.44       0.0  T
   2    -30.6774419  0.594724E-11  0.518E-05    1.44     443.2  T
   3    -30.6774419 -0.238174E-10  0.363E-05    1.44     631.3  T
     SCC iter.                  ...        0 min,  0.003 sec
     gradient                   ...        0 min,  0.008 sec
 * total energy  :   -30.2690574 Eh     change        0.4280203E-09 Eh
   gradient norm :     0.1152487 Eh/α   predicted     0.0000000E+00 (-100.00%)
   displ. norm   :     0.1430430 α      lambda       -0.1129717E-01
   maximum displ.:     0.0733966 α      in ANC's #32, #33, #17, ...

........................................................................
.............................. CYCLE    2 ..............................
........................................................................
   1    -30.7062106 -0.307062E+02  0.325E-01    1.43       0.0  T
   2    -30.7062808 -0.701902E-04  0.188E-01    1.41       1.0  T
   3    -30.7061316  0.149197E-03  0.127E-01    1.40       1.0  T
   4    -30.7063864 -0.254797E-03  0.164E-02    1.39       1.4  T
   5    -30.7063878 -0.145418E-05  0.114E-02    1.39       2.0  T
   6    -30.7063889 -0.107674E-05  0.592E-03    1.39       3.9  T
   7    -30.7063893 -0.388466E-06  0.165E-03    1.39      13.9  T
     SCC iter.                  ...        0 min,  0.006 sec
     gradient                   ...        0 min,  0.009 sec
 * total energy  :   -30.2771479 Eh     change       -0.8090412E-02 Eh
   gradient norm :     0.0563378 Eh/α   predicted    -0.5764165E-02 ( -28.75%)
   displ. norm   :     0.1115018 α      lambda       -0.3978293E-02
   maximum displ.:     0.0411985 α      in ANC's #32, #4, #33, ...

........................................................................
.............................. CYCLE    3 ..............................
........................................................................
   1    -30.7224736 -0.307225E+02  0.276E-01    1.39       0.0  T
   2    -30.7225298 -0.562259E-04  0.154E-01    1.37       1.0  T
   3    -30.7224467  0.831122E-04  0.960E-02    1.37       1.0  T
   4    -30.7225825 -0.135806E-03  0.143E-02    1.36       1.6  T
   5    -30.7225836 -0.103394E-05  0.953E-03    1.36       2.4  T
   6    -30.7225842 -0.600190E-06  0.475E-03    1.36       4.8  T
   7    -30.7225844 -0.246137E-06  0.165E-03    1.36      13.9  T
     SCC iter.                  ...        0 min,  0.006 sec
     gradient                   ...        0 min,  0.009 sec
 * total energy  :   -30.2790591 Eh     change       -0.1911233E-02 Eh
   gradient norm :     0.0115848 Eh/α   predicted    -0.2013885E-02 (   5.37%)
   displ. norm   :     0.0462754 α      lambda       -0.1737690E-03
   maximum displ.:     0.0292990 α      in ANC's #2, #4, #1, ...

........................................................................
.............................. CYCLE    4 ..............................
........................................................................
   1    -30.7198626 -0.307199E+02  0.368E-02    1.36       0.0  T
   2    -30.7198640 -0.144150E-05  0.222E-02    1.36       1.0  T
   3    -30.7198622  0.186103E-05  0.129E-02    1.36       1.8  T
   4    -30.7198650 -0.280018E-05  0.256E-03    1.36       9.0  T
   5    -30.7198650 -0.137536E-07  0.151E-03    1.36      15.2  T
     SCC iter.                  ...        0 min,  0.004 sec
     gradient                   ...        0 min,  0.008 sec
 * total energy  :   -30.2791725 Eh     change       -0.1133925E-03 Eh
   gradient norm :     0.0043818 Eh/α   predicted    -0.8707143E-04 ( -23.21%)
   displ. norm   :     0.0563272 α      lambda       -0.4894415E-04
   maximum displ.:     0.0467700 α      in ANC's #2, #1, #4, ...

........................................................................
.............................. CYCLE    5 ..............................
........................................................................
   1    -30.7191077 -0.307191E+02  0.436E-02    1.36       0.0  T
   2    -30.7191084 -0.703663E-06  0.227E-02    1.36       1.0  T
   3    -30.7191082  0.179571E-06  0.627E-03    1.36       3.7  T
   4    -30.7191086 -0.364102E-06  0.249E-03    1.36       9.2  T
   5    -30.7191086 -0.202915E-07  0.110E-03    1.36      20.8  T
     SCC iter.                  ...        0 min,  0.004 sec
     gradient                   ...        0 min,  0.009 sec
 * total energy  :   -30.2792047 Eh     change       -0.3223195E-04 Eh
   gradient norm :     0.0014458 Eh/α   predicted    -0.2455066E-04 ( -23.83%)
   displ. norm   :     0.0725385 α      lambda       -0.1773065E-04
   maximum displ.:     0.0665891 α      in ANC's #2, #1, #4, ...

........................................................................
.............................. CYCLE    6 ..............................
........................................................................
   1    -30.7190100 -0.307190E+02  0.581E-02    1.37       0.0  T
   2    -30.7190112 -0.116824E-05  0.294E-02    1.37       1.0  T
   3    -30.7190105  0.664467E-06  0.896E-03    1.37       2.6  T
   4    -30.7190114 -0.809842E-06  0.453E-03    1.37       5.1  T
   5    -30.7190115 -0.172460E-06  0.220E-03    1.37      10.4  T
   6    -30.7190116 -0.460262E-07  0.828E-04    1.37      27.7  T
   7    -30.7190116 -0.950665E-08  0.200E-04    1.37     114.8  T
     SCC iter.                  ...        0 min,  0.006 sec
     gradient                   ...        0 min,  0.010 sec
 * total energy  :   -30.2792245 Eh     change       -0.1983738E-04 Eh
   gradient norm :     0.0023085 Eh/α   predicted    -0.8890756E-05 ( -55.18%)
   displ. norm   :     0.0353035 α      lambda       -0.1277909E-04
   maximum displ.:     0.0336326 α      in ANC's #2, #1, #3, ...

........................................................................
.............................. CYCLE    7 ..............................
........................................................................
   1    -30.7192343 -0.307192E+02  0.275E-02    1.37       0.0  T
   2    -30.7192345 -0.247545E-06  0.141E-02    1.37       1.6  T
   3    -30.7192343  0.186791E-06  0.421E-03    1.37       5.4  T
   4    -30.7192346 -0.265926E-06  0.172E-03    1.37      13.3  T
   5    -30.7192346 -0.118959E-07  0.722E-04    1.37      31.8  T
   6    -30.7192346 -0.222966E-08  0.428E-04    1.37      53.6  T
     SCC iter.                  ...        0 min,  0.005 sec
     gradient                   ...        0 min,  0.010 sec
 * total energy  :   -30.2792362 Eh     change       -0.1167521E-04 Eh
   gradient norm :     0.0018340 Eh/α   predicted    -0.6398993E-05 ( -45.19%)
   displ. norm   :     0.0593516 α      lambda       -0.1422013E-04
   maximum displ.:     0.0574133 α      in ANC's #2, #3, #1, ...

........................................................................
.............................. CYCLE    8 ..............................
........................................................................
   1    -30.7196251 -0.307196E+02  0.463E-02    1.37       0.0  T
   2    -30.7196257 -0.597450E-06  0.237E-02    1.37       1.0  T
   3    -30.7196254  0.258891E-06  0.594E-03    1.37       3.9  T
   4    -30.7196259 -0.445852E-06  0.276E-03    1.37       8.3  T
   5    -30.7196259 -0.241821E-07  0.794E-04    1.37      28.9  T
   6    -30.7196259 -0.671716E-08  0.357E-04    1.37      64.3  T
     SCC iter.                  ...        0 min,  0.005 sec
     gradient                   ...        0 min,  0.009 sec
 * total energy  :   -30.2792537 Eh     change       -0.1744572E-04 Eh
   gradient norm :     0.0010714 Eh/α   predicted    -0.7122253E-05 ( -59.17%)
   displ. norm   :     0.0529687 α      lambda       -0.1014557E-04
   maximum displ.:     0.0520615 α      in ANC's #2, #6, #3, ...

........................................................................
.............................. CYCLE    9 ..............................
........................................................................
   1    -30.7196710 -0.307197E+02  0.401E-02    1.37       0.0  T
   2    -30.7196714 -0.413680E-06  0.204E-02    1.37       1.1  T
   3    -30.7196715 -0.919463E-07  0.332E-03    1.37       6.9  T
   4    -30.7196715  0.341279E-07  0.208E-03    1.37      11.0  T
   5    -30.7196715 -0.434989E-07  0.745E-04    1.37      30.8  T
   6    -30.7196715 -0.896480E-08  0.252E-04    1.37      90.9  T
     SCC iter.                  ...        0 min,  0.005 sec
     gradient                   ...        0 min,  0.008 sec
 * total energy  :   -30.2792670 Eh     change       -0.1338008E-04 Eh
   gradient norm :     0.0012295 Eh/α   predicted    -0.5081129E-05 ( -62.02%)
   displ. norm   :     0.0455407 α      lambda       -0.8578413E-05
   maximum displ.:     0.0441607 α      in ANC's #2, #1, #6, ...

........................................................................
.............................. CYCLE   10 ..............................
........................................................................
   1    -30.7196778 -0.307197E+02  0.319E-02    1.37       0.0  T
   2    -30.7196780 -0.265127E-06  0.165E-02    1.37       1.4  T
   3    -30.7196781 -0.311619E-07  0.291E-03    1.37       7.9  T
   4    -30.7196781  0.553261E-08  0.189E-03    1.37      12.1  T
   5    -30.7196781 -0.395389E-07  0.583E-04    1.37      39.3  T
   6    -30.7196781 -0.144200E-08  0.334E-04    1.37      68.6  T
     SCC iter.                  ...        0 min,  0.004 sec
     gradient                   ...        0 min,  0.008 sec
 * total energy  :   -30.2792791 Eh     change       -0.1208884E-04 Eh
   gradient norm :     0.0011021 Eh/α   predicted    -0.4294606E-05 ( -64.47%)
   displ. norm   :     0.0505562 α      lambda       -0.9034477E-05
   maximum displ.:     0.0466648 α      in ANC's #2, #1, #6, ...

........................................................................
.............................. CYCLE   11 ..............................
........................................................................
   1    -30.7196310 -0.307196E+02  0.341E-02    1.37       0.0  T
   2    -30.7196312 -0.284796E-06  0.180E-02    1.37       1.3  T
   3    -30.7196313 -0.186614E-07  0.323E-03    1.37       7.1  T
   4    -30.7196313 -0.201569E-07  0.201E-03    1.37      11.4  T
   5    -30.7196313 -0.394033E-07  0.421E-04    1.37      54.5  T
   6    -30.7196313 -0.122772E-08  0.170E-04    1.37     135.2  T
     SCC iter.                  ...        0 min,  0.004 sec
     gradient                   ...        0 min,  0.008 sec
 * total energy  :   -30.2792919 Eh     change       -0.1280704E-04 Eh
   gradient norm :     0.0007064 Eh/α   predicted    -0.4523317E-05 ( -64.68%)
   displ. norm   :     0.0610499 α      lambda       -0.9911763E-05
   maximum displ.:     0.0534011 α      in ANC's #2, #1, #4, ...

........................................................................
.............................. CYCLE   12 ..............................
........................................................................
   1    -30.7195323 -0.307195E+02  0.374E-02    1.37       0.0  T
   2    -30.7195326 -0.288468E-06  0.202E-02    1.37       1.1  T
   3    -30.7195326  0.589276E-08  0.367E-03    1.37       6.2  T
   4    -30.7195326 -0.232953E-07  0.253E-03    1.37       9.1  T
   5    -30.7195327 -0.596397E-07  0.952E-04    1.37      24.1  T
   6    -30.7195327 -0.148375E-07  0.188E-04    1.37     121.9  T
     SCC iter.                  ...        0 min,  0.004 sec
     gradient                   ...        0 min,  0.008 sec
 * total energy  :   -30.2793060 Eh     change       -0.1403425E-04 Eh
   gradient norm :     0.0006533 Eh/α   predicted    -0.4966982E-05 ( -64.61%)
   displ. norm   :     0.0745585 α      lambda       -0.1114023E-04
   maximum displ.:     0.0624166 α      in ANC's #2, #1, #4, ...

........................................................................
.............................. CYCLE   13 ..............................
........................................................................
   1    -30.7194530 -0.307195E+02  0.488E-02    1.37       0.0  T
   2    -30.7194535 -0.519453E-06  0.260E-02    1.37       1.0  T
   3    -30.7194536 -0.115010E-06  0.409E-03    1.37       5.6  T
   4    -30.7194536  0.268150E-07  0.215E-03    1.37      10.7  T
   5    -30.7194537 -0.604746E-07  0.555E-04    1.37      41.3  T
   6    -30.7194537 -0.366560E-08  0.253E-04    1.37      90.9  T
     SCC iter.                  ...        0 min,  0.004 sec
     gradient                   ...        0 min,  0.009 sec
 * total energy  :   -30.2793216 Eh     change       -0.1565809E-04 Eh
   gradient norm :     0.0008910 Eh/α   predicted    -0.5584766E-05 ( -64.33%)
   displ. norm   :     0.0908415 α      lambda       -0.1252712E-04
   maximum displ.:     0.0738594 α      in ANC's #2, #1, #4, ...

........................................................................
.............................. CYCLE   14 ..............................
........................................................................
   1    -30.7194092 -0.307194E+02  0.533E-02    1.37       0.0  T
   2    -30.7194097 -0.546825E-06  0.292E-02    1.37       1.0  T
   3    -30.7194098 -0.377011E-07  0.475E-03    1.37       4.8  T
   4    -30.7194097  0.348940E-07  0.352E-03    1.37       6.5  T
   5    -30.7194099 -0.156511E-06  0.109E-03    1.37      21.1  T
   6    -30.7194099 -0.172787E-07  0.307E-04    1.37      74.8  T
   7    -30.7194099 -0.568729E-09  0.178E-04    1.37     129.2  T
     SCC iter.                  ...        0 min,  0.005 sec
     gradient                   ...        0 min,  0.008 sec
 * total energy  :   -30.2793393 Eh     change       -0.1763167E-04 Eh
   gradient norm :     0.0009890 Eh/α   predicted    -0.6289549E-05 ( -64.33%)
   displ. norm   :     0.1024420 α      lambda       -0.1293294E-04
   maximum displ.:     0.0832009 α      in ANC's #2, #1, #4, ...

........................................................................
.............................. CYCLE   15 ..............................
........................................................................
   1    -30.7194099 -0.307194E+02  0.624E-02    1.37       0.0  T
   2    -30.7194106 -0.791804E-06  0.338E-02    1.37       1.0  T
   3    -30.7194107 -0.791078E-07  0.556E-03    1.37       4.1  T
   4    -30.7194107 -0.865655E-08  0.353E-03    1.37       6.5  T
   5    -30.7194109 -0.151706E-06  0.885E-04    1.37      25.9  T
   6    -30.7194109 -0.797608E-08  0.427E-04    1.37      53.8  T
     SCC iter.                  ...        0 min,  0.005 sec
     gradient                   ...        0 min,  0.009 sec
 * total energy  :   -30.2793573 Eh     change       -0.1802063E-04 Eh
   gradient norm :     0.0008421 Eh/α   predicted    -0.6499224E-05 ( -63.93%)
   displ. norm   :     0.1022371 α      lambda       -0.1180009E-04
   maximum displ.:     0.0844391 α      in ANC's #2, #1, #4, ...

........................................................................
.............................. CYCLE   16 ..............................
........................................................................
   1    -30.7194577 -0.307195E+02  0.623E-02    1.37       0.0  T
   2    -30.7194585 -0.795273E-06  0.338E-02    1.37       1.0  T
   3    -30.7194585 -0.935927E-07  0.547E-03    1.37       4.2  T
   4    -30.7194585  0.257576E-07  0.366E-03    1.37       6.3  T
   5    -30.7194587 -0.162632E-06  0.119E-03    1.37      19.3  T
   6    -30.7194587 -0.183428E-07  0.410E-04    1.37      56.0  T
   7    -30.7194587 -0.148425E-08  0.224E-04    1.37     102.2  T
     SCC iter.                  ...        0 min,  0.005 sec
     gradient                   ...        0 min,  0.009 sec
 * total energy  :   -30.2793733 Eh     change       -0.1600185E-04 Eh
   gradient norm :     0.0005721 Eh/α   predicted    -0.5931784E-05 ( -62.93%)
   displ. norm   :     0.0921981 α      lambda       -0.9353384E-05
   maximum displ.:     0.0789305 α      in ANC's #2, #1, #4, ...

........................................................................
.............................. CYCLE   17 ..............................
........................................................................
   1    -30.7195571 -0.307196E+02  0.565E-02    1.37       0.0  T
   2    -30.7195577 -0.647535E-06  0.305E-02    1.37       1.0  T
   3    -30.7195578 -0.448198E-07  0.520E-03    1.37       4.4  T
   4    -30.7195578 -0.722968E-08  0.344E-03    1.37       6.7  T
   5    -30.7195579 -0.137064E-06  0.106E-03    1.37      21.7  T
   6    -30.7195579 -0.155600E-07  0.331E-04    1.37      69.3  T
   7    -30.7195579 -0.752809E-09  0.190E-04    1.37     120.5  T
     SCC iter.                  ...        0 min,  0.005 sec
     gradient                   ...        0 min,  0.009 sec
 * total energy  :   -30.2793862 Eh     change       -0.1292505E-04 Eh
   gradient norm :     0.0004005 Eh/α   predicted    -0.4697627E-05 ( -63.65%)
   displ. norm   :     0.0720530 α      lambda       -0.6730221E-05
   maximum displ.:     0.0638981 α      in ANC's #2, #1, #4, ...

........................................................................
.............................. CYCLE   18 ..............................
........................................................................
   1    -30.7196030 -0.307196E+02  0.459E-02    1.37       0.0  T
   2    -30.7196035 -0.448108E-06  0.246E-02    1.38       1.0  T
   3    -30.7196036 -0.982217E-07  0.375E-03    1.38       6.1  T
   4    -30.7196035  0.563570E-07  0.241E-03    1.38       9.5  T
   5    -30.7196036 -0.881901E-07  0.648E-04    1.38      35.4  T
   6    -30.7196036 -0.529150E-08  0.253E-04    1.38      90.5  T
     SCC iter.                  ...        0 min,  0.005 sec
     gradient                   ...        0 min,  0.009 sec
 * total energy  :   -30.2793955 Eh     change       -0.9264703E-05 Eh
   gradient norm :     0.0003018 Eh/α   predicted    -0.3376792E-05 ( -63.55%)
   displ. norm   :     0.0537796 α      lambda       -0.4739917E-05
   maximum displ.:     0.0500225 α      in ANC's #2, #1, #6, ...

........................................................................
.............................. CYCLE   19 ..............................
........................................................................
   1    -30.7196828 -0.307197E+02  0.352E-02    1.38       0.0  T
   2    -30.7196830 -0.266465E-06  0.186E-02    1.38       1.2  T
   3    -30.7196831 -0.389682E-07  0.313E-03    1.38       7.3  T
   4    -30.7196830  0.476754E-07  0.238E-03    1.38       9.6  T
   5    -30.7196831 -0.820746E-07  0.606E-04    1.38      37.8  T
   6    -30.7196831 -0.560868E-08  0.167E-04    1.38     137.5  T
     SCC iter.                  ...        0 min,  0.005 sec
     gradient                   ...        0 min,  0.010 sec
 * total energy  :   -30.2794022 Eh     change       -0.6693344E-05 Eh
   gradient norm :     0.0002755 Eh/α   predicted    -0.2376102E-05 ( -64.50%)
   displ. norm   :     0.0391782 α      lambda       -0.3325139E-05
   maximum displ.:     0.0377705 α      in ANC's #2, #1, #6, ...

........................................................................
.............................. CYCLE   20 ..............................
........................................................................
   1    -30.7196950 -0.307197E+02  0.271E-02    1.38       0.0  T
   2    -30.7196951 -0.166792E-06  0.142E-02    1.38       1.6  T
   3    -30.7196952 -0.329235E-07  0.231E-03    1.38       9.9  T
   4    -30.7196951  0.393938E-07  0.183E-03    1.38      12.5  T
   5    -30.7196952 -0.519847E-07  0.381E-04    1.38      60.3  T
   6    -30.7196952 -0.215314E-08  0.119E-04    1.38     192.5  T
     SCC iter.                  ...        0 min,  0.005 sec
     gradient                   ...        0 min,  0.010 sec
 * total energy  :   -30.2794069 Eh     change       -0.4730086E-05 Eh
   gradient norm :     0.0002180 Eh/α   predicted    -0.1664674E-05 ( -64.81%)
   displ. norm   :     0.0313448 α      lambda       -0.2526573E-05
   maximum displ.:     0.0307861 α      in ANC's #2, #1, #6, ...

   *** GEOMETRY OPTIMIZATION CONVERGED AFTER 20 ITERATIONS ***

------------------------------------------------------------------------
 total energy gain   :        -0.0103495 Eh       -6.4944 kcal/mol
 total RMSD          :         0.2504292 a0        0.1325 Å
 total power (kW/mol):        -1.3586256 (step)  -66.4904 (real)
------------------------------------------------------------------------

 ANCopt (total)                0 d,  0 h,  0 min,  0.409 sec
 optimizer setup                ...        0 min,  0.000 sec (  0.031%)
 model hessian                  ...        0 min,  0.003 sec (  0.670%)
 ANC generation                 ...        0 min,  0.000 sec (  0.111%)
 coordinate transformation      ...        0 min,  0.000 sec (  0.064%)
 single point calculation       ...        0 min,  0.400 sec ( 97.944%)
 optimization log               ...        0 min,  0.001 sec (  0.363%)
 hessian update                 ...        0 min,  0.000 sec (  0.051%)
 rational function              ...        0 min,  0.002 sec (  0.497%)

================
 final structure:
================
$coord
   -2.10438491126973   -2.36517383080203   -0.21798634402589      C 
    0.29036138067211   -1.37058142444069   -0.10697359086829      C 
    0.26525043268946    1.35599266718459    0.08286580388449      C 
    2.45257399368964    2.68689344986085    0.21657019460946      N 
    4.51056424815733    1.35534024835477    0.16597677112638      C 
    4.55867207147207   -1.34455452552536   -0.03076555017286      C 
    7.03218214041245   -2.71802406133050   -0.03109474481265      C 
    8.09922225312750   -2.87792284791814    2.65135946105941      C 
    2.49194257430866   -2.67730311377351   -0.16614617394774      N 
   -2.14541696502915    2.31753134402831    0.10244997070931      C 
   -4.33906030472769   -0.03915133784454   -0.09844073307209      S 
   -2.64574168200432   -4.30933104388032   -0.35840938240028      H 
    6.26748236422133    2.39872123224937    0.26525936698709      H 
    8.37100996311321   -1.72589045175743   -1.24934499799207      H 
    6.72748351000735   -4.61777967723989   -0.76808807243974      H 
    8.39024367686364   -0.99948852382017    3.43527386154906      H 
    9.89879294459708   -3.86903956145707    2.63869034204054      H 
    6.79613722682722   -3.89845074425264    3.86929031788742      H 
   -2.71866715210516    4.25399560847684    0.22445985528300      H 
$end
           -------------------------------------------------
          |                Final Singlepoint                |
           -------------------------------------------------

          ...................................................
          :                      SETUP                      :
          :.................................................:
          :  # basis functions                  58          :
          :  # atomic orbitals                  57          :
          :  # shells                           31          :
          :  # electrons                        56          :
          :  max. iterations                   250          :
          :  Hamiltonian                  GFN2-xTB          :
          :  restarted?                      false          :
          :  GBSA solvation                  false          :
          :  PC potential                    false          :
          :  electronic temp.          300.0000000     K    :
          :  accuracy                    1.0000000          :
          :  -> integral cutoff          0.2500000E+02      :
          :  -> integral neglect         0.1000000E-07      :
          :  -> SCF convergence          0.1000000E-05 Eh   :
          :  -> wf. convergence          0.1000000E-03 e    :
          :  Broyden damping             0.4000000          :
          ...................................................

 iter      E             dE          RMSdq      gap      omega  full diag
   1    -30.7196952 -0.307197E+02  0.590E-05    1.38       0.0  T
   2    -30.7196952  0.220979E-11  0.403E-05    1.38     569.5  T
   3    -30.7196952 -0.266844E-10  0.256E-05    1.38     897.5  T

   *** convergence criteria satisfied after 3 iterations ***

         #    Occupation            Energy/Eh            Energy/eV
      -------------------------------------------------------------
         1        2.0000           -0.7472399             -20.3334
       ...           ...                  ...                  ...
        22        2.0000           -0.4615297             -12.5589
        23        2.0000           -0.4500687             -12.2470
        24        2.0000           -0.4451755             -12.1138
        25        2.0000           -0.4177650             -11.3680
        26        2.0000           -0.4094221             -11.1409
        27        2.0000           -0.3882821             -10.5657
        28        2.0000           -0.3535526              -9.6207 (HOMO)
        29                         -0.3030024              -8.2451 (LUMO)
        30                         -0.2247078              -6.1146
        31                         -0.2197919              -5.9808
        32                         -0.2089589              -5.6861
        33                         -0.1296626              -3.5283
       ...                                ...                  ...
        57                          0.7150459              19.4574
      -------------------------------------------------------------
                  HL-Gap            0.0505502 Eh            1.3755 eV
             Fermi-level           -0.3282775 Eh           -8.9329 eV

 SCC (total)                   0 d,  0 h,  0 min,  0.019 sec
 SCC setup                      ...        0 min,  0.000 sec (  0.793%)
 Dispersion                     ...        0 min,  0.000 sec (  0.756%)
 integral evaluation            ...        0 min,  0.006 sec ( 31.285%)
 zeroth order Hamiltonian       ...        0 min,  0.000 sec (  0.600%)
 iterations                     ...        0 min,  0.003 sec ( 15.775%)
 molecular gradient             ...        0 min,  0.010 sec ( 49.262%)
 printout                       ...        0 min,  0.000 sec (  1.301%)

         :::::::::::::::::::::::::::::::::::::::::::::::::::::
         ::                     SUMMARY                     ::
         :::::::::::::::::::::::::::::::::::::::::::::::::::::
         :: total energy             -30.279406903870 Eh    ::
         :: gradient norm              0.000218312789 Eh/a0 ::
         :: HOMO-LUMO gap              1.375540933976 eV    ::
         ::.................................................::
         :: SCC energy               -30.719695182231 Eh    ::
         :: -> isotropic ES            0.016541916937 Eh    ::
         :: -> anisotropic ES          0.003812317139 Eh    ::
         :: -> anisotropic XC          0.024098903887 Eh    ::
         :: -> dispersion             -0.018347795050 Eh    ::
         :: repulsion energy           0.440276947738 Eh    ::
         :: add. restraining           0.000000000000 Eh    ::
         :::::::::::::::::::::::::::::::::::::::::::::::::::::

           -------------------------------------------------
          |                Property Printout                |
           -------------------------------------------------

    * Orbital Energies and Occupations

         #    Occupation            Energy/Eh            Energy/eV
      -------------------------------------------------------------
         1        2.0000           -0.7472399             -20.3334
       ...           ...                  ...                  ...
        16        2.0000           -0.4955379             -13.4843
        17        2.0000           -0.4895825             -13.3222
        18        2.0000           -0.4845706             -13.1858
        19        2.0000           -0.4770693             -12.9817
        20        2.0000           -0.4768668             -12.9762
        21        2.0000           -0.4657914             -12.6748
        22        2.0000           -0.4615297             -12.5589
        23        2.0000           -0.4500687             -12.2470
        24        2.0000           -0.4451755             -12.1138
        25        2.0000           -0.4177650             -11.3680
        26        2.0000           -0.4094221             -11.1409
        27        2.0000           -0.3882821             -10.5657
        28        2.0000           -0.3535526              -9.6207 (HOMO)
        29                         -0.3030024              -8.2451 (LUMO)
        30                         -0.2247078              -6.1146
        31                         -0.2197919              -5.9808
        32                         -0.2089589              -5.6861
        33                         -0.1296626              -3.5283
        34                         -0.1144602              -3.1146
        35                         -0.0105869              -0.2881
        36                          0.0153212               0.4169
        37                          0.0276413               0.7522
        38                          0.0967861               2.6337
        39                          0.1128953               3.0720
       ...                                ...                  ...
        57                          0.7150459              19.4574
      -------------------------------------------------------------
                  HL-Gap            0.0505502 Eh            1.3755 eV
             Fermi-level           -0.3282775 Eh           -8.9329 eV

     #   Z        covCN         q      C6AA      α(0)
     1   6 C      2.925    -0.046    29.142     8.853
     2   6 C      3.184     0.067    26.064     8.332
     3   6 C      3.196     0.065    26.041     8.319
     4   7 N      1.832    -0.222    26.688     7.655
     5   6 C      2.918     0.053    26.813     8.491
     6   6 C      2.960     0.097    25.855     8.340
     7   6 C      3.808    -0.065    21.733     6.636
     8   6 C      3.754    -0.098    22.432     6.754
     9   7 N      1.839    -0.236    27.033     7.705
    10   6 C      2.924    -0.044    29.095     8.846
    11  16 S      2.338     0.043   139.293    19.864
    12   1 H      0.927     0.061     2.186     2.312
    13   1 H      0.925     0.039     2.466     2.456
    14   1 H      0.924     0.042     2.421     2.433
    15   1 H      0.924     0.058     2.218     2.329
    16   1 H      0.925     0.037     2.484     2.465
    17   1 H      0.925     0.043     2.403     2.424
    18   1 H      0.925     0.043     2.405     2.425
    19   1 H      0.927     0.062     2.180     2.309

 Mol. C6AA /au·bohr⁶  :       5619.179127
 Mol. C8AA /au·bohr⁸  :     153598.888285
 Mol. α(0) /au        :        118.947863


Wiberg/Mayer (AO) data.
largest (>0.10) Wiberg bond orders for each atom
          total WBO             WBO to atom ...
     1  C   3.935        C    2 1.461    S   11 1.246    H   12 0.968    C   10 0.151
     2  C   3.982        C    1 1.461    N    9 1.233    C    3 1.120
     3  C   3.981        C   10 1.461    N    4 1.230    C    2 1.120
     4  N   3.066        C    5 1.623    C    3 1.230
     5  C   3.979        N    4 1.623    C    6 1.188    H   13 0.961
     6  C   3.974        N    9 1.576    C    5 1.188    C    7 1.011
     7  C   3.994        C    6 1.011    C    8 0.996    H   15 0.974    H   14 0.967
     8  C   3.990        C    7 0.996    H   18 0.988    H   16 0.988    H   17 0.985
     9  N   3.063        C    6 1.576    C    2 1.233
    10  C   3.942        C    3 1.461    S   11 1.251    H   19 0.968    C    1 0.151
    11  S   2.755        C   10 1.251    C    1 1.246
    12  H   0.996        C    1 0.968
    13  H   0.997        C    5 0.961
    14  H   0.996        C    7 0.967
    15  H   0.996        C    7 0.974
    16  H   0.999        C    8 0.988
    17  H   0.997        C    8 0.985
    18  H   0.998        C    8 0.988
    19  H   0.996        C   10 0.968

molecular dipole:
                 x           y           z       tot (Debye)
 q only:        0.033      -0.189       0.054
   full:        0.308      -0.152       0.057       0.886
molecular quadrupole (traceless):
                xx          xy          yy          xz          yz          zz
 q only:        7.242      -2.432      -3.751       0.920      -0.363      -3.490
  q+dip:        7.891      -1.555      -4.106       0.472      -0.352      -3.785
   full:        6.914      -1.791      -5.877       0.590      -0.673      -1.037

           -------------------------------------------------
          |                Geometry Summary                 |
           -------------------------------------------------

      molecular mass/u    :      164.2246000
   center of mass at/Å    :        0.7020067      -0.2636462       0.1195136
  moments of inertia/u·Å² :        0.1794777E+03   0.8633824E+03   0.9965862E+03
rotational constants/cm⁻¹ :        0.9392605E-01   0.1952511E-01   0.1691538E-01

 * 19 selected distances

     #   Z        #   Z                                     value/Å
     1   6 C      2   6 C                                 1.3734518
     2   6 C      3   6 C                                 1.4463951
     3   6 C      4   7 N                                 1.3567550
     4   7 N      5   6 C                                 1.2973930
     5   6 C      6   6 C                                 1.4327374
     7   6 C      8   6 C                                 1.5300182
     2   6 C      9   7 N                                 1.3551467
     6   6 C      9   7 N                                 1.3033151
     3   6 C     10   6 C                                 1.3734426
     1   6 C     11  16 S                                 1.7080581 (max)
    10   6 C     11  16 S                                 1.7070689
     1   6 C     12   1 H                                 1.0705261 (min)
     5   6 C     13   1 H                                 1.0825863
     7   6 C     14   1 H                                 1.0923278
     7   6 C     15   1 H                                 1.0902942
     8   6 C     16   1 H                                 1.0880650
     8   6 C     17   1 H                                 1.0871892
     8   6 C     18   1 H                                 1.0874385
    10   6 C     19   1 H                                 1.0706390

 * 4 distinct bonds (by element types)

   Z      Z             #   av. dist./Å        max./Å        min./Å
   1 H    6 C           8     1.0836333     1.0923278     1.0705261
   6 C    6 C           5     1.4312090     1.5300182     1.3734426
   6 C    7 N           4     1.3281524     1.3567550     1.2973930
   6 C   16 S           2     1.7075635     1.7080581     1.7070689


optimized geometry written to: xtbopt.xyz


           -------------------------------------------------
          | TOTAL ENERGY              -30.279406903870 Eh   |
          | GRADIENT NORM               0.000218312789 Eh/α |
          | HOMO-LUMO GAP               1.375540933976 eV   |
           -------------------------------------------------

------------------------------------------------------------------------
 * finished run on 2021/05/19 at 10:58:51.121     
------------------------------------------------------------------------
 total:
 * wall-time:     0 d,  0 h,  0 min,  0.471 sec
 *  cpu-time:     0 d,  0 h,  0 min,  0.470 sec
 * ratio c/w:     0.999 speedup
 SCF:
 * wall-time:     0 d,  0 h,  0 min,  0.025 sec
 *  cpu-time:     0 d,  0 h,  0 min,  0.025 sec
 * ratio c/w:     1.000 speedup
 ANC optimizer:
 * wall-time:     0 d,  0 h,  0 min,  0.428 sec
 *  cpu-time:     0 d,  0 h,  0 min,  0.428 sec
 * ratio c/w:     1.000 speedup

