      -----------------------------------------------------------      
     |                   =====================                   |     
     |                           x T B                           |     
     |                   =====================                   |     
     |                         S. Grimme                         |     
     |          Mulliken Center for Theoretical Chemistry        |     
     |                    University of Bonn                     |     
     |                Version 6.2 RC2 (SAW190805)                |     
      -----------------------------------------------------------      

   This program is distributed in the hope that it will be useful,
   but WITHOUT ANY WARRANTY; without even the implied warranty of
   MERCHANTABILITY or FITNESS FOR A PARTICULAR PURPOSE.
   
   FOR NON-COMMERCIAL, ACADEMIA USE ONLY.
   
   Cite this work as:
   * S. Grimme, C. Bannwarth, P. Shushkov, J. Chem. Theory Comput., 2017,
     13, 1989-2009. DOI: 10.1021/acs.jctc.7b00118
   * C. Bannwarth, S. Ehlert and S. Grimme., J. Chem. Theory Comput., 2019,
     15, 1652-1671. DOI: 10.1021/acs.jctc.8b01176
   * P. Pracht, E. Caldeweyher, S. Ehlert, S. Grimme, ChemRxiv, 2019, preprint.
     DOI: 10.26434/chemrxiv.8326202.v1
   
   for DFT-D4:
   * E. Caldeweyher, C. Bannwarth and S. Grimme, J. Chem. Phys., 2017,
     147, 034112. DOI: 10.1063/1.4993215
   * E. Caldeweyher, S. Ehlert, A. Hansen, H. Neugebauer, S. Spicher,
     C. Bannwarth and S. Grimme, J. Chem. Phys., 2019, 150, 154122.
     DOI: 10.1063/1.5090222
   
   for sTDA-xTB:
   * S. Grimme and C. Bannwarth, J. Chem. Phys., 2016, 145, 054103.
     DOI: 10.1063/1.4959605
   
   in the mass-spec context:
   * V. Asgeirsson, C. Bauer and S. Grimme, Chem. Sci., 2017, 8, 4879.
     DOI: 10.1039/c7sc00601b
   
   for metadynamics refer to:
   * S. Grimme, J. Chem. Theory Comput., 2019, 155, 2847-2862
     DOI: 10.1021/acs.jctc.9b00143
   
   with help from (in alphabetical order)
   C. Bannwarth, F. Bohle, G. Brandenburg, E. Caldeweyher, M. Checinski,
   S. Dohm, S. Ehlert, S. Ehrlich, F. März, H. Neugebauer, J. Pisarek,
   P. Pracht, P. Shushkov, and S. Spicher.
   
 * started run on 2021/05/19 at 11:00:18.189     

           -------------------------------------------------
          |                Calculation Setup                |
           -------------------------------------------------

          program call               : /ihome/ghutchison/geoffh/xtb/xtb 811.xyz -opt
          hostname                   : smp-n83
          coordinate file            : 811.xyz
          omp threads                :                     1
          number of atoms            :                    16
          number of electrons        :                    58
          charge                     :                     0
          spin                       :                   0.0
          first test random number   :      0.26029011147314


########################################################################
# WARNING! Please study the warnings concerning your input carefully
#  - the use of '-opt' is discouraged, please use '--opt' next time
########################################################################

           ------------------------------------------------- 
          |                 G F N 2 - x T B                 |
          | Geometry, Frequencies, Noncovalent interactions |
          |            JCTC 2019 parametrisation            |
           ------------------------------------------------- 
             KAB for C  - Si     :                1.0500
             KAB for H  - Pd     :                0.9500
             k(s)              :                1.8500
             k(p)              :                2.2300
             k(d)              :                2.2300
             k(f)              :                2.0000
             kEN (H0ij)        :               -2.0000
             D4 a1             :                0.5200
             D4 a2             :                5.0000
             D4 s6             :                1.0000
             D4 s8             :                2.7000
             D4 s9             :                5.0000
             alphaj            :                2.0000

  Z AO/shell   Hii/eV     exponent
  1     Wed Apr 25 08:07:45 CEST 2018   EN: 2.200 GM2: 0.406  GM3: 0.0800  RAES: 1.40
     1s    -10.707211    1.230000
  6     Wed Apr 25 08:07:45 CEST 2018   EN: 2.550 GM2: 0.538  GM3: 0.1500  RAES: 3.00
     2s    -13.970922    2.096432
     2p    -10.063292    1.800000
 16     Tue Apr 24 11:44:34 CEST 2018   EN: 2.580 GM2: 0.340  GM3:-0.0502  RAES: 3.10
     3s    -20.029654    1.981333
     3p    -11.377694    2.025643
     3d     -0.420282    1.702555

           ------------------------------------------------- 
          |        Self-Consistent Charge Iterations        |
           ------------------------------------------------- 

          ...................................................
          :                      SETUP                      :
          :.................................................:
          :  # basis functions                  70          :
          :  # atomic orbitals                  67          :
          :  # shells                           31          :
          :  # electrons                        58          :
          :  max. iterations                   250          :
          :  Hamiltonian                  GFN2-xTB          :
          :  restarted?                      false          :
          :  GBSA solvation                  false          :
          :  PC potential                    false          :
          :  electronic temp.          300.0000000     K    :
          :  accuracy                    1.0000000          :
          :  -> integral cutoff          0.2500000E+02      :
          :  -> integral neglect         0.1000000E-07      :
          :  -> SCF convergence          0.1000000E-05 Eh   :
          :  -> wf. convergence          0.1000000E-03 e    :
          :  Broyden damping             0.4000000          :
          ...................................................

 iter      E             dE          RMSdq      gap      omega  full diag
   1    -31.3966791 -0.313967E+02  0.450E+00    1.18       0.0  T
   2    -31.4122692 -0.155901E-01  0.312E+00    0.77       1.0  T
   3    -31.4176679 -0.539870E-02  0.175E+00    1.05       1.0  T
   4    -31.4298173 -0.121494E-01  0.460E-01    0.66       1.0  T
   5    -31.4310090 -0.119170E-02  0.355E-01    0.72       1.0  T
   6    -31.4317412 -0.732277E-03  0.122E-01    0.71       1.0  T
   7    -31.4319550 -0.213779E-03  0.235E-02    0.71       1.1  T
   8    -31.4319547  0.347130E-06  0.122E-02    0.71       2.1  T
   9    -31.4319560 -0.127614E-05  0.534E-03    0.71       4.7  T
  10    -31.4319560 -0.659293E-07  0.341E-03    0.71       7.3  T
  11    -31.4319561 -0.767016E-07  0.961E-04    0.71      26.0  T
  12    -31.4319561 -0.160301E-08  0.381E-04    0.71      65.5  T

   *** convergence criteria satisfied after 12 iterations ***

         #    Occupation            Energy/Eh            Energy/eV
      -------------------------------------------------------------
         1        2.0000           -0.7548502             -20.5405
       ...           ...                  ...                  ...
        23        2.0000           -0.4633973             -12.6097
        24        2.0000           -0.4596885             -12.5088
        25        2.0000           -0.4353642             -11.8469
        26        2.0000           -0.4187729             -11.3954
        27        2.0000           -0.4066842             -11.0664
        28        2.0000           -0.3802364             -10.3468
        29        2.0000           -0.3604544              -9.8085 (HOMO)
        30        0.0000           -0.3344740              -9.1015 (LUMO)
        31                         -0.2631088              -7.1596
        32                         -0.2372984              -6.4572
        33                         -0.2219400              -6.0393
        34                         -0.2132930              -5.8040
       ...                                ...                  ...
        67                          0.7243407              19.7103
      -------------------------------------------------------------
                  HL-Gap            0.0259803 Eh            0.7070 eV
             Fermi-level           -0.3474642 Eh           -9.4550 eV

 SCC (total)                   0 d,  0 h,  0 min,  0.038 sec
 SCC setup                      ...        0 min,  0.000 sec (  0.748%)
 Dispersion                     ...        0 min,  0.000 sec (  0.567%)
 integral evaluation            ...        0 min,  0.010 sec ( 25.879%)
 zeroth order Hamiltonian       ...        0 min,  0.000 sec (  0.462%)
 iterations                     ...        0 min,  0.014 sec ( 35.685%)
 molecular gradient             ...        0 min,  0.014 sec ( 35.559%)
 printout                       ...        0 min,  0.000 sec (  0.943%)

         :::::::::::::::::::::::::::::::::::::::::::::::::::::
         ::                     SUMMARY                     ::
         :::::::::::::::::::::::::::::::::::::::::::::::::::::
         :: total energy             -30.996906768030 Eh    ::
         :: gradient norm              0.059013208802 Eh/a0 ::
         :: HOMO-LUMO gap              0.706961189803 eV    ::
         ::.................................................::
         :: SCC energy               -31.431956097148 Eh    ::
         :: -> isotropic ES            0.005201788697 Eh    ::
         :: -> anisotropic ES          0.000767402979 Eh    ::
         :: -> anisotropic XC          0.013808977695 Eh    ::
         :: -> dispersion             -0.022447141048 Eh    ::
         :: repulsion energy           0.435007264278 Eh    ::
         :: add. restraining           0.000000000000 Eh    ::
         :::::::::::::::::::::::::::::::::::::::::::::::::::::

      ----------------------------------------------------------- 
     |                   =====================                   |
     |                        A N C O P T                        |
     |                   =====================                   |
     |               Approximate Normal Coordinate               |
     |                Rational Function Optimizer                |
      ----------------------------------------------------------- 

          ...................................................
          :                      SETUP                      :
          :.................................................:
          :   optimization level            normal          :
          :   max. optcycles                   200          :
          :   ANC micro-cycles                  20          :
          :   degrees of freedom                42          :
          :.................................................:
          :   RF solver                   davidson          :
          :   input Hessian                  false          :
          :   write xtbopt.log                true          :
          :   linear?                        false          :
          :   energy convergence         0.5000000E-05 Eh   :
          :   grad. convergence          0.1000000E-02 Eh/α :
          :   maximium RF displ.         2.0000000          :
          :   Hlow (freq-cutoff)         0.5000000E-02      :
          :   Hmax (freq-cutoff)         5.0000000          :
          :   S6 in model hess.         20.0000000          :
          ...................................................

generating ANC from model Hessian ...
Using Lindh-Hessian (1995)
 Shifting diagonal of input Hessian by   8.263538902700549E-004
 Lowest  eigenvalues of input Hessian
   -0.000000   -0.000000   -0.000000   -0.000000    0.000000    0.000000
    0.005000    0.008771    0.011558    0.018319    0.025822    0.030017
    0.045986    0.046601    0.052960    0.061902    0.096219    0.100833
 Highest eigenvalues
    1.708967    1.822643    1.908836    1.992532    2.000968    2.082575
 

........................................................................
.............................. CYCLE    1 ..............................
........................................................................
   1    -31.4319561 -0.314320E+02  0.258E-04    0.71       0.0  T
   2    -31.4319561  0.884164E-10  0.242E-04    0.71     103.3  T
   3    -31.4319561 -0.754689E-09  0.787E-05    0.71     317.8  T
     SCC iter.                  ...        0 min,  0.004 sec
     gradient                   ...        0 min,  0.013 sec
 * total energy  :   -30.9969067 Eh     change        0.1810207E-07 Eh
   gradient norm :     0.0590146 Eh/α   predicted     0.0000000E+00 (-100.00%)
   displ. norm   :     0.2179931 α      lambda       -0.5625628E-02
   maximum displ.:     0.1742976 α      in ANC's #5, #21, #27, ...

........................................................................
.............................. CYCLE    2 ..............................
........................................................................
   1    -31.4378704 -0.314379E+02  0.246E-01    0.68       0.0  T
   2    -31.4378197  0.506979E-04  0.200E-01    0.71       1.0  T
   3    -31.4380241 -0.204431E-03  0.948E-02    0.68       1.0  T
   4    -31.4380767 -0.525946E-04  0.279E-02    0.70       1.0  T
   5    -31.4380781 -0.137248E-05  0.157E-02    0.69       1.6  T
   6    -31.4380797 -0.166312E-05  0.677E-03    0.69       3.7  T
   7    -31.4380801 -0.416606E-06  0.202E-03    0.69      12.3  T
   8    -31.4380801  0.821657E-08  0.118E-03    0.69      21.2  T
     SCC iter.                  ...        0 min,  0.008 sec
     gradient                   ...        0 min,  0.013 sec
 * total energy  :   -31.0007368 Eh     change       -0.3830051E-02 Eh
   gradient norm :     0.0255258 Eh/α   predicted    -0.2946482E-02 ( -23.07%)
   displ. norm   :     0.1815209 α      lambda       -0.1532511E-02
   maximum displ.:     0.1661602 α      in ANC's #5, #21, #10, ...

........................................................................
.............................. CYCLE    3 ..............................
........................................................................
   1    -31.4384971 -0.314385E+02  0.178E-01    0.67       0.0  T
   2    -31.4384893  0.788019E-05  0.130E-01    0.69       1.0  T
   3    -31.4385347 -0.454339E-04  0.728E-02    0.67       1.0  T
   4    -31.4385792 -0.445234E-04  0.226E-02    0.68       1.1  T
   5    -31.4385813 -0.204743E-05  0.112E-02    0.68       2.2  T
   6    -31.4385816 -0.373044E-06  0.609E-03    0.68       4.1  T
   7    -31.4385820 -0.394217E-06  0.175E-03    0.68      14.3  T
   8    -31.4385820  0.375494E-08  0.711E-04    0.68      35.2  T
     SCC iter.                  ...        0 min,  0.008 sec
     gradient                   ...        0 min,  0.013 sec
 * total energy  :   -31.0016226 Eh     change       -0.8857867E-03 Eh
   gradient norm :     0.0095193 Eh/α   predicted    -0.7915047E-03 ( -10.64%)
   displ. norm   :     0.0799678 α      lambda       -0.1684351E-03
   maximum displ.:     0.0634799 α      in ANC's #5, #1, #2, ...

........................................................................
.............................. CYCLE    4 ..............................
........................................................................
   1    -31.4374428 -0.314374E+02  0.806E-02    0.67       0.0  T
   2    -31.4374444 -0.159230E-05  0.436E-02    0.68       1.0  T
   3    -31.4374377  0.670499E-05  0.302E-02    0.67       1.0  T
   4    -31.4374461 -0.835927E-05  0.970E-03    0.68       2.6  T
   5    -31.4374469 -0.822571E-06  0.400E-03    0.67       6.3  T
   6    -31.4374470 -0.774793E-07  0.175E-03    0.67      14.3  T
   7    -31.4374470 -0.234929E-07  0.784E-04    0.67      31.9  T
     SCC iter.                  ...        0 min,  0.007 sec
     gradient                   ...        0 min,  0.013 sec
 * total energy  :   -31.0017243 Eh     change       -0.1017454E-03 Eh
   gradient norm :     0.0043220 Eh/α   predicted    -0.8475478E-04 ( -16.70%)
   displ. norm   :     0.0380474 α      lambda       -0.3964368E-04
   maximum displ.:     0.0241160 α      in ANC's #1, #5, #4, ...

........................................................................
.............................. CYCLE    5 ..............................
........................................................................
   1    -31.4372448 -0.314372E+02  0.539E-02    0.67       0.0  T
   2    -31.4372455 -0.705337E-06  0.265E-02    0.67       1.0  T
   3    -31.4372452  0.262762E-06  0.853E-03    0.67       2.9  T
   4    -31.4372456 -0.335525E-06  0.418E-03    0.67       6.0  T
   5    -31.4372456 -0.708528E-07  0.230E-03    0.67      10.9  T
   6    -31.4372457 -0.468490E-07  0.619E-04    0.67      40.4  T
     SCC iter.                  ...        0 min,  0.006 sec
     gradient                   ...        0 min,  0.013 sec
 * total energy  :   -31.0017448 Eh     change       -0.2051369E-04 Eh
   gradient norm :     0.0013243 Eh/α   predicted    -0.1985133E-04 (  -3.23%)
   displ. norm   :     0.0254828 α      lambda       -0.7021741E-05
   maximum displ.:     0.0195086 α      in ANC's #1, #3, #4, ...

........................................................................
.............................. CYCLE    6 ..............................
........................................................................
   1    -31.4375408 -0.314375E+02  0.411E-02    0.67       0.0  T
   2    -31.4375411 -0.269680E-06  0.203E-02    0.67       1.2  T
   3    -31.4375405  0.585403E-06  0.700E-03    0.67       3.6  T
   4    -31.4375411 -0.658328E-06  0.340E-03    0.67       7.3  T
   5    -31.4375412 -0.816791E-07  0.144E-03    0.67      17.3  T
   6    -31.4375412 -0.905968E-08  0.735E-04    0.67      34.0  T
   7    -31.4375412 -0.572507E-08  0.108E-04    0.67     232.4  T
     SCC iter.                  ...        0 min,  0.007 sec
     gradient                   ...        0 min,  0.014 sec
 * total energy  :   -31.0017492 Eh     change       -0.4357539E-05 Eh
   gradient norm :     0.0010215 Eh/α   predicted    -0.3511118E-05 ( -19.42%)
   displ. norm   :     0.0124224 α      lambda       -0.2099878E-05
   maximum displ.:     0.0097471 α      in ANC's #1, #5, #3, ...

........................................................................
.............................. CYCLE    7 ..............................
........................................................................
   1    -31.4376167 -0.314376E+02  0.218E-02    0.67       0.0  T
   2    -31.4376168 -0.846765E-07  0.105E-02    0.68       2.4  T
   3    -31.4376167  0.667466E-07  0.275E-03    0.67       9.1  T
   4    -31.4376168 -0.763442E-07  0.168E-03    0.68      14.9  T
   5    -31.4376168 -0.189437E-07  0.567E-04    0.67      44.1  T
   6    -31.4376168 -0.145539E-08  0.164E-04    0.67     152.8  T
     SCC iter.                  ...        0 min,  0.006 sec
     gradient                   ...        0 min,  0.013 sec
 * total energy  :   -31.0017509 Eh     change       -0.1661631E-05 Eh
   gradient norm :     0.0004625 Eh/α   predicted    -0.1048828E-05 ( -36.88%)
   displ. norm   :     0.0107519 α      lambda       -0.8710642E-06
   maximum displ.:     0.0093377 α      in ANC's #1, #4, #3, ...

   *** GEOMETRY OPTIMIZATION CONVERGED AFTER 7 ITERATIONS ***

------------------------------------------------------------------------
 total energy gain   :        -0.0048441 Eh       -3.0397 kcal/mol
 total RMSD          :         0.1215208 a0        0.0643 Å
 total power (kW/mol):        -1.8168823 (step)  -58.7553 (real)
------------------------------------------------------------------------

 ANCopt (total)                0 d,  0 h,  0 min,  0.216 sec
 optimizer setup                ...        0 min,  0.000 sec (  0.069%)
 model hessian                  ...        0 min,  0.001 sec (  0.623%)
 ANC generation                 ...        0 min,  0.000 sec (  0.211%)
 coordinate transformation      ...        0 min,  0.000 sec (  0.045%)
 single point calculation       ...        0 min,  0.211 sec ( 97.670%)
 optimization log               ...        0 min,  0.001 sec (  0.261%)
 hessian update                 ...        0 min,  0.000 sec (  0.034%)
 rational function              ...        0 min,  0.002 sec (  0.844%)

================
 final structure:
================
$coord
   -2.38402093198316    0.50499801736375   -0.06154148477965      C 
   -0.80231363788120   -0.65699128210531    2.56303513665504      S 
   -1.18078419572108    0.01879193239019   -2.28244747755423      C 
    1.07960471851593   -1.32606666265269   -1.88575710905005      C 
    3.13653154735812   -2.37110639139180   -3.38149401038000      C 
    3.46326025763244   -2.27642270754674   -6.45158541488920      S 
    1.52746983498520   -1.82409115428133    0.66413649849038      C 
    3.85736179097412   -3.18324373702110    0.87013335194421      C 
    5.74614921795664   -4.47429493311885    3.14208545283565      S 
    4.83916037630524   -3.51972890622178   -1.55335092280286      C 
    7.14819412902363   -4.84017833594398   -1.54605781445577      C 
    7.85967667524315   -5.47060186835314    0.84416089033197      C 
   -4.13081209506367    1.48884764659197    0.22491268752018      H 
   -1.87345001339177    0.59206442921483   -4.10288794160954      H 
    8.21744617258824   -5.29611232977086   -3.21074648711312      H 
    9.51808044322494   -6.47360995704258    1.43164294564868      H 
$end
           -------------------------------------------------
          |                Final Singlepoint                |
           -------------------------------------------------

          ...................................................
          :                      SETUP                      :
          :.................................................:
          :  # basis functions                  70          :
          :  # atomic orbitals                  67          :
          :  # shells                           31          :
          :  # electrons                        58          :
          :  max. iterations                   250          :
          :  Hamiltonian                  GFN2-xTB          :
          :  restarted?                      false          :
          :  GBSA solvation                  false          :
          :  PC potential                    false          :
          :  electronic temp.          300.0000000     K    :
          :  accuracy                    1.0000000          :
          :  -> integral cutoff          0.2500000E+02      :
          :  -> integral neglect         0.1000000E-07      :
          :  -> SCF convergence          0.1000000E-05 Eh   :
          :  -> wf. convergence          0.1000000E-03 e    :
          :  Broyden damping             0.4000000          :
          ...................................................

 iter      E             dE          RMSdq      gap      omega  full diag
   1    -31.4376168 -0.314376E+02  0.112E-04    0.67       0.0  T
   2    -31.4376168 -0.791189E-11  0.505E-05    0.67     494.8  T
   3    -31.4376168 -0.313740E-10  0.445E-05    0.67     562.1  T

   *** convergence criteria satisfied after 3 iterations ***

         #    Occupation            Energy/Eh            Energy/eV
      -------------------------------------------------------------
         1        2.0000           -0.7516456             -20.4533
       ...           ...                  ...                  ...
        23        2.0000           -0.4618096             -12.5665
        24        2.0000           -0.4607056             -12.5364
        25        2.0000           -0.4373181             -11.9000
        26        2.0000           -0.4176523             -11.3649
        27        2.0000           -0.4067949             -11.0695
        28        2.0000           -0.3804059             -10.3514
        29        2.0000           -0.3612287              -9.8295 (HOMO)
        30        0.0000           -0.3364241              -9.1546 (LUMO)
        31                         -0.2604376              -7.0869
        32                         -0.2356382              -6.4120
        33                         -0.2227529              -6.0614
        34                         -0.2164778              -5.8907
       ...                                ...                  ...
        67                          0.7118559              19.3706
      -------------------------------------------------------------
                  HL-Gap            0.0248047 Eh            0.6750 eV
             Fermi-level           -0.3488264 Eh           -9.4920 eV

 SCC (total)                   0 d,  0 h,  0 min,  0.027 sec
 SCC setup                      ...        0 min,  0.000 sec (  0.587%)
 Dispersion                     ...        0 min,  0.000 sec (  0.435%)
 integral evaluation            ...        0 min,  0.010 sec ( 34.684%)
 zeroth order Hamiltonian       ...        0 min,  0.000 sec (  0.576%)
 iterations                     ...        0 min,  0.004 sec ( 13.398%)
 molecular gradient             ...        0 min,  0.013 sec ( 48.976%)
 printout                       ...        0 min,  0.000 sec (  1.168%)

         :::::::::::::::::::::::::::::::::::::::::::::::::::::
         ::                     SUMMARY                     ::
         :::::::::::::::::::::::::::::::::::::::::::::::::::::
         :: total energy             -31.001750879024 Eh    ::
         :: gradient norm              0.000462514267 Eh/a0 ::
         :: HOMO-LUMO gap              0.674969163510 eV    ::
         ::.................................................::
         :: SCC energy               -31.437616844394 Eh    ::
         :: -> isotropic ES            0.004891641964 Eh    ::
         :: -> anisotropic ES          0.000490493906 Eh    ::
         :: -> anisotropic XC          0.013403447319 Eh    ::
         :: -> dispersion             -0.022337722919 Eh    ::
         :: repulsion energy           0.435824081729 Eh    ::
         :: add. restraining           0.000000000000 Eh    ::
         :::::::::::::::::::::::::::::::::::::::::::::::::::::

           -------------------------------------------------
          |                Property Printout                |
           -------------------------------------------------

    * Orbital Energies and Occupations

         #    Occupation            Energy/Eh            Energy/eV
      -------------------------------------------------------------
         1        2.0000           -0.7516456             -20.4533
       ...           ...                  ...                  ...
        17        2.0000           -0.4915883             -13.3768
        18        2.0000           -0.4878994             -13.2764
        19        2.0000           -0.4840856             -13.1726
        20        2.0000           -0.4731250             -12.8744
        21        2.0000           -0.4719068             -12.8412
        22        2.0000           -0.4619994             -12.5716
        23        2.0000           -0.4618096             -12.5665
        24        2.0000           -0.4607056             -12.5364
        25        2.0000           -0.4373181             -11.9000
        26        2.0000           -0.4176523             -11.3649
        27        2.0000           -0.4067949             -11.0695
        28        2.0000           -0.3804059             -10.3514
        29        2.0000           -0.3612287              -9.8295 (HOMO)
        30        0.0000           -0.3364241              -9.1546 (LUMO)
        31                         -0.2604376              -7.0869
        32                         -0.2356382              -6.4120
        33                         -0.2227529              -6.0614
        34                         -0.2164778              -5.8907
        35                         -0.1701825              -4.6309
        36                         -0.1529208              -4.1612
        37                         -0.1504657              -4.0944
        38                         -0.1430813              -3.8934
        39                         -0.1287423              -3.5033
        40                         -0.0358051              -0.9743
       ...                                ...                  ...
        67                          0.7118559              19.3706
      -------------------------------------------------------------
                  HL-Gap            0.0248047 Eh            0.6750 eV
             Fermi-level           -0.3488264 Eh           -9.4920 eV

     #   Z        covCN         q      C6AA      α(0)
     1   6 C      2.953    -0.028    28.690     8.785
     2  16 S      2.250     0.025   140.046    19.918
     3   6 C      3.066    -0.030    28.689     8.783
     4   6 C      3.299    -0.028    26.887     8.304
     5   6 C      3.020     0.090    25.979     8.361
     6  16 S      1.039    -0.214   148.217    20.590
     7   6 C      3.090     0.011    27.669     8.622
     8   6 C      3.090     0.011    27.669     8.622
     9  16 S      2.251     0.025   140.046    19.918
    10   6 C      3.299    -0.028    26.887     8.304
    11   6 C      3.066    -0.030    28.689     8.783
    12   6 C      2.953    -0.028    28.690     8.785
    13   1 H      0.926     0.053     2.284     2.363
    14   1 H      0.926     0.059     2.207     2.323
    15   1 H      0.926     0.059     2.207     2.323
    16   1 H      0.926     0.053     2.284     2.363

 Mol. C6AA /au·bohr⁶  :       7954.744463
 Mol. C8AA /au·bohr⁸  :     277033.045227
 Mol. α(0) /au        :        147.148670


Wiberg/Mayer (AO) data.
largest (>0.10) Wiberg bond orders for each atom
          total WBO             WBO to atom ...
     1  C   3.915        C    3 1.613    S    2 1.170    H   13 0.970
     2  S   2.616        C    7 1.203    C    1 1.170
     3  C   3.989        C    1 1.613    C    4 1.266    H   14 0.961
     4  C   3.976        C    7 1.379    C    3 1.266    C    5 1.105
     5  C   3.966        S    6 1.655    C    4 1.105    C   10 1.105
     6  S   1.896        C    5 1.655
     7  C   3.951        C    4 1.379    S    2 1.203    C    8 1.134
     8  C   3.951        C   10 1.379    S    9 1.203    C    7 1.134
     9  S   2.616        C    8 1.203    C   12 1.170
    10  C   3.976        C    8 1.379    C   11 1.266    C    5 1.105
    11  C   3.989        C   12 1.613    C   10 1.266    H   15 0.961
    12  C   3.915        C   11 1.613    S    9 1.170    H   16 0.970
    13  H   0.996        C    1 0.970
    14  H   0.996        C    3 0.961
    15  H   0.996        C   11 0.961
    16  H   0.996        C   12 0.970

molecular dipole:
                 x           y           z       tot (Debye)
 q only:       -0.114      -0.032       1.078
   full:       -0.096      -0.026       0.916       2.342
molecular quadrupole (traceless):
                xx          xy          yy          xz          yz          zz
 q only:        7.113      -4.819       2.651       6.246      -4.172      -9.764
  q+dip:       10.950      -7.676       3.165       6.347      -3.717     -14.115
   full:       10.319      -5.696       4.826       6.455      -3.419     -15.145

           -------------------------------------------------
          |                Geometry Summary                 |
           -------------------------------------------------

      molecular mass/u    :      208.3106000
   center of mass at/Å    :        1.5044800      -1.2997165      -0.3295103
  moments of inertia/u·Å² :        0.6004089E+03   0.7537591E+03   0.1354166E+04
rotational constants/cm⁻¹ :        0.2807692E-01   0.2236475E-01   0.1244872E-01

 * 18 selected distances

     #   Z        #   Z                                     value/Å
     1   6 C      2  16 S                                 1.7342504 (max)
     1   6 C      3   6 C                                 1.3611894
     3   6 C      4   6 C                                 1.4075882
     4   6 C      5   6 C                                 1.4550243
     5   6 C      6  16 S                                 1.6345649
     2  16 S      7   6 C                                 1.7062032
     4   6 C      7   6 C                                 1.3951193
     7   6 C      8   6 C                                 1.4315323
     8   6 C      9  16 S                                 1.7062252
     5   6 C     10   6 C                                 1.4550340
     8   6 C     10   6 C                                 1.3951050
    10   6 C     11   6 C                                 1.4075794
     9  16 S     12   6 C                                 1.7342232
    11   6 C     12   6 C                                 1.3612088
     1   6 C     13   1 H                                 1.0716716 (min)
     3   6 C     14   1 H                                 1.0744293
    11   6 C     15   1 H                                 1.0744207
    12   6 C     16   1 H                                 1.0716935

 * 3 distinct bonds (by element types)

   Z      Z             #   av. dist./Å        max./Å        min./Å
   1 H    6 C           4     1.0730538     1.0744293     1.0716716
   6 C    6 C           9     1.4077090     1.4550340     1.3611894
   6 C   16 S           5     1.7030934     1.7342504     1.6345649


optimized geometry written to: xtbopt.xyz


           -------------------------------------------------
          | TOTAL ENERGY              -31.001750879024 Eh   |
          | GRADIENT NORM               0.000462514267 Eh/α |
          | HOMO-LUMO GAP               0.674969163510 eV   |
           -------------------------------------------------

------------------------------------------------------------------------
 * finished run on 2021/05/19 at 11:00:18.493     
------------------------------------------------------------------------
 total:
 * wall-time:     0 d,  0 h,  0 min,  0.305 sec
 *  cpu-time:     0 d,  0 h,  0 min,  0.303 sec
 * ratio c/w:     0.996 speedup
 SCF:
 * wall-time:     0 d,  0 h,  0 min,  0.038 sec
 *  cpu-time:     0 d,  0 h,  0 min,  0.038 sec
 * ratio c/w:     1.000 speedup
 ANC optimizer:
 * wall-time:     0 d,  0 h,  0 min,  0.244 sec
 *  cpu-time:     0 d,  0 h,  0 min,  0.244 sec
 * ratio c/w:     0.998 speedup

