      -----------------------------------------------------------      
     |                   =====================                   |     
     |                           x T B                           |     
     |                   =====================                   |     
     |                         S. Grimme                         |     
     |          Mulliken Center for Theoretical Chemistry        |     
     |                    University of Bonn                     |     
     |                Version 6.2 RC2 (SAW190805)                |     
      -----------------------------------------------------------      

   This program is distributed in the hope that it will be useful,
   but WITHOUT ANY WARRANTY; without even the implied warranty of
   MERCHANTABILITY or FITNESS FOR A PARTICULAR PURPOSE.
   
   FOR NON-COMMERCIAL, ACADEMIA USE ONLY.
   
   Cite this work as:
   * S. Grimme, C. Bannwarth, P. Shushkov, J. Chem. Theory Comput., 2017,
     13, 1989-2009. DOI: 10.1021/acs.jctc.7b00118
   * C. Bannwarth, S. Ehlert and S. Grimme., J. Chem. Theory Comput., 2019,
     15, 1652-1671. DOI: 10.1021/acs.jctc.8b01176
   * P. Pracht, E. Caldeweyher, S. Ehlert, S. Grimme, ChemRxiv, 2019, preprint.
     DOI: 10.26434/chemrxiv.8326202.v1
   
   for DFT-D4:
   * E. Caldeweyher, C. Bannwarth and S. Grimme, J. Chem. Phys., 2017,
     147, 034112. DOI: 10.1063/1.4993215
   * E. Caldeweyher, S. Ehlert, A. Hansen, H. Neugebauer, S. Spicher,
     C. Bannwarth and S. Grimme, J. Chem. Phys., 2019, 150, 154122.
     DOI: 10.1063/1.5090222
   
   for sTDA-xTB:
   * S. Grimme and C. Bannwarth, J. Chem. Phys., 2016, 145, 054103.
     DOI: 10.1063/1.4959605
   
   in the mass-spec context:
   * V. Asgeirsson, C. Bauer and S. Grimme, Chem. Sci., 2017, 8, 4879.
     DOI: 10.1039/c7sc00601b
   
   for metadynamics refer to:
   * S. Grimme, J. Chem. Theory Comput., 2019, 155, 2847-2862
     DOI: 10.1021/acs.jctc.9b00143
   
   with help from (in alphabetical order)
   C. Bannwarth, F. Bohle, G. Brandenburg, E. Caldeweyher, M. Checinski,
   S. Dohm, S. Ehlert, S. Ehrlich, F. März, H. Neugebauer, J. Pisarek,
   P. Pracht, P. Shushkov, and S. Spicher.
   
 * started run on 2021/05/19 at 11:00:22.972     

           -------------------------------------------------
          |                Calculation Setup                |
           -------------------------------------------------

          program call               : /ihome/ghutchison/geoffh/xtb/xtb 822.xyz -opt
          hostname                   : smp-n83
          coordinate file            : 822.xyz
          omp threads                :                     1
          number of atoms            :                    21
          number of electrons        :                    60
          charge                     :                     0
          spin                       :                   0.0
          first test random number   :      0.45015097654556


########################################################################
# WARNING! Please study the warnings concerning your input carefully
#  - the use of '-opt' is discouraged, please use '--opt' next time
########################################################################

           ------------------------------------------------- 
          |                 G F N 2 - x T B                 |
          | Geometry, Frequencies, Noncovalent interactions |
          |            JCTC 2019 parametrisation            |
           ------------------------------------------------- 
             KAB for C  - Si     :                1.0500
             KAB for H  - Pd     :                0.9500
             k(s)              :                1.8500
             k(p)              :                2.2300
             k(d)              :                2.2300
             k(f)              :                2.0000
             kEN (H0ij)        :               -2.0000
             D4 a1             :                0.5200
             D4 a2             :                5.0000
             D4 s6             :                1.0000
             D4 s8             :                2.7000
             D4 s9             :                5.0000
             alphaj            :                2.0000

  Z AO/shell   Hii/eV     exponent
  1     Wed Apr 25 08:07:45 CEST 2018   EN: 2.200 GM2: 0.406  GM3: 0.0800  RAES: 1.40
     1s    -10.707211    1.230000
  6     Wed Apr 25 08:07:45 CEST 2018   EN: 2.550 GM2: 0.538  GM3: 0.1500  RAES: 3.00
     2s    -13.970922    2.096432
     2p    -10.063292    1.800000
  7     Wed Apr 25 08:07:45 CEST 2018   EN: 3.040 GM2: 0.461  GM3:-0.0640  RAES: 1.90
     2s    -16.686243    2.339881
     2p    -12.523956    2.014332
 16     Tue Apr 24 11:44:34 CEST 2018   EN: 2.580 GM2: 0.340  GM3:-0.0502  RAES: 3.10
     3s    -20.029654    1.981333
     3p    -11.377694    2.025643
     3d     -0.420282    1.702555

           ------------------------------------------------- 
          |        Self-Consistent Charge Iterations        |
           ------------------------------------------------- 

          ...................................................
          :                      SETUP                      :
          :.................................................:
          :  # basis functions                  63          :
          :  # atomic orbitals                  62          :
          :  # shells                           34          :
          :  # electrons                        60          :
          :  max. iterations                   250          :
          :  Hamiltonian                  GFN2-xTB          :
          :  restarted?                      false          :
          :  GBSA solvation                  false          :
          :  PC potential                    false          :
          :  electronic temp.          300.0000000     K    :
          :  accuracy                    1.0000000          :
          :  -> integral cutoff          0.2500000E+02      :
          :  -> integral neglect         0.1000000E-07      :
          :  -> SCF convergence          0.1000000E-05 Eh   :
          :  -> wf. convergence          0.1000000E-03 e    :
          :  Broyden damping             0.4000000          :
          ...................................................

 iter      E             dE          RMSdq      gap      omega  full diag
   1    -32.5711029 -0.325711E+02  0.430E+00    1.72       0.0  T
   2    -32.5945323 -0.234294E-01  0.272E+00    1.92       1.0  T
   3    -32.5497118  0.448205E-01  0.202E+00    2.22       1.0  T
   4    -32.6014086 -0.516968E-01  0.798E-01    1.91       1.0  T
   5    -32.6117954 -0.103868E-01  0.262E-01    1.94       1.0  T
   6    -32.6127772 -0.981818E-03  0.900E-02    1.95       1.0  T
   7    -32.6128113 -0.341085E-04  0.403E-02    1.95       1.0  T
   8    -32.6128236 -0.122895E-04  0.190E-02    1.95       1.1  T
   9    -32.6128260 -0.245038E-05  0.864E-03    1.95       2.5  T
  10    -32.6128263 -0.228253E-06  0.498E-03    1.95       4.4  T
  11    -32.6128265 -0.231866E-06  0.142E-03    1.95      15.4  T
  12    -32.6128265 -0.652895E-08  0.720E-04    1.95      30.3  T
  13    -32.6128265 -0.356130E-08  0.326E-04    1.95      67.0  T

   *** convergence criteria satisfied after 13 iterations ***

         #    Occupation            Energy/Eh            Energy/eV
      -------------------------------------------------------------
         1        2.0000           -0.7245447             -19.7159
       ...           ...                  ...                  ...
        24        2.0000           -0.4341026             -11.8125
        25        2.0000           -0.4241676             -11.5422
        26        2.0000           -0.4219435             -11.4817
        27        2.0000           -0.4112275             -11.1901
        28        2.0000           -0.3999237             -10.8825
        29        2.0000           -0.3727676             -10.1435
        30        2.0000           -0.3424553              -9.3187 (HOMO)
        31                         -0.2709269              -7.3723 (LUMO)
        32                         -0.2185786              -5.9478
        33                         -0.1940138              -5.2794
        34                         -0.1894383              -5.1549
        35                         -0.1820461              -4.9537
       ...                                ...                  ...
        62                          0.7469792              20.3263
      -------------------------------------------------------------
                  HL-Gap            0.0715284 Eh            1.9464 eV
             Fermi-level           -0.3066911 Eh           -8.3455 eV

 SCC (total)                   0 d,  0 h,  0 min,  0.060 sec
 SCC setup                      ...        0 min,  0.000 sec (  0.460%)
 Dispersion                     ...        0 min,  0.000 sec (  0.484%)
 integral evaluation            ...        0 min,  0.008 sec ( 12.756%)
 zeroth order Hamiltonian       ...        0 min,  0.000 sec (  0.272%)
 iterations                     ...        0 min,  0.026 sec ( 44.011%)
 molecular gradient             ...        0 min,  0.025 sec ( 41.295%)
 printout                       ...        0 min,  0.000 sec (  0.626%)

         :::::::::::::::::::::::::::::::::::::::::::::::::::::
         ::                     SUMMARY                     ::
         :::::::::::::::::::::::::::::::::::::::::::::::::::::
         :: total energy             -32.103055178453 Eh    ::
         :: gradient norm              0.102061781888 Eh/a0 ::
         :: HOMO-LUMO gap              1.946385955340 eV    ::
         ::.................................................::
         :: SCC energy               -32.612826506344 Eh    ::
         :: -> isotropic ES            0.009938056719 Eh    ::
         :: -> anisotropic ES          0.004680751750 Eh    ::
         :: -> anisotropic XC          0.019513783560 Eh    ::
         :: -> dispersion             -0.022422468861 Eh    ::
         :: repulsion energy           0.509654467782 Eh    ::
         :: add. restraining           0.000000000000 Eh    ::
         :::::::::::::::::::::::::::::::::::::::::::::::::::::

      ----------------------------------------------------------- 
     |                   =====================                   |
     |                        A N C O P T                        |
     |                   =====================                   |
     |               Approximate Normal Coordinate               |
     |                Rational Function Optimizer                |
      ----------------------------------------------------------- 

          ...................................................
          :                      SETUP                      :
          :.................................................:
          :   optimization level            normal          :
          :   max. optcycles                   200          :
          :   ANC micro-cycles                  20          :
          :   degrees of freedom                57          :
          :.................................................:
          :   RF solver                   davidson          :
          :   input Hessian                  false          :
          :   write xtbopt.log                true          :
          :   linear?                        false          :
          :   energy convergence         0.5000000E-05 Eh   :
          :   grad. convergence          0.1000000E-02 Eh/α :
          :   maximium RF displ.         2.0000000          :
          :   Hlow (freq-cutoff)         0.5000000E-02      :
          :   Hmax (freq-cutoff)         5.0000000          :
          :   S6 in model hess.         20.0000000          :
          ...................................................

generating ANC from model Hessian ...
Using Lindh-Hessian (1995)
 Shifting diagonal of input Hessian by   3.013678174968440E-003
 Lowest  eigenvalues of input Hessian
   -0.000000   -0.000000   -0.000000   -0.000000    0.000000    0.000000
    0.005000    0.006261    0.007453    0.009124    0.011081    0.016063
    0.017412    0.021975    0.022824    0.023230    0.028886    0.042099
 Highest eigenvalues
    1.715071    1.735264    1.828043    1.865254    1.989804    2.034121
 

........................................................................
.............................. CYCLE    1 ..............................
........................................................................
   1    -32.6128265 -0.326128E+02  0.190E-04    1.95       0.0  T
   2    -32.6128265 -0.469953E-10  0.138E-04    1.95     158.0  T
   3    -32.6128265 -0.266958E-09  0.788E-05    1.95     276.9  T
     SCC iter.                  ...        0 min,  0.004 sec
     gradient                   ...        0 min,  0.011 sec
 * total energy  :   -32.1030552 Eh     change       -0.2099338E-07 Eh
   gradient norm :     0.1020625 Eh/α   predicted     0.0000000E+00 (-100.00%)
   displ. norm   :     0.2969705 α      lambda       -0.1589913E-01
   maximum displ.:     0.1177440 α      in ANC's #17, #14, #15, ...

........................................................................
.............................. CYCLE    2 ..............................
........................................................................
   1    -32.6481469 -0.326481E+02  0.277E-01    2.04       0.0  T
   2    -32.6482174 -0.705479E-04  0.186E-01    2.03       1.0  T
   3    -32.6482471 -0.296913E-04  0.125E-01    2.03       1.0  T
   4    -32.6483686 -0.121476E-03  0.557E-02    2.02       1.0  T
   5    -32.6484333 -0.647193E-04  0.115E-02    2.03       1.9  T
   6    -32.6484347 -0.140220E-05  0.489E-03    2.03       4.5  T
   7    -32.6484348 -0.995537E-07  0.215E-03    2.03      10.2  T
     SCC iter.                  ...        0 min,  0.007 sec
     gradient                   ...        0 min,  0.011 sec
 * total energy  :   -32.1140818 Eh     change       -0.1102660E-01 Eh
   gradient norm :     0.0480199 Eh/α   predicted    -0.8650653E-02 ( -21.55%)
   displ. norm   :     0.2220101 α      lambda       -0.4666013E-02
   maximum displ.:     0.0913645 α      in ANC's #12, #2, #14, ...

........................................................................
.............................. CYCLE    3 ..............................
........................................................................
   1    -32.6653057 -0.326653E+02  0.237E-01    2.11       0.0  T
   2    -32.6653488 -0.431416E-04  0.149E-01    2.10       1.0  T
   3    -32.6653220  0.267717E-04  0.108E-01    2.11       1.0  T
   4    -32.6654428 -0.120783E-03  0.409E-02    2.10       1.0  T
   5    -32.6654760 -0.331311E-04  0.965E-03    2.10       2.3  T
   6    -32.6654764 -0.462582E-06  0.470E-03    2.10       4.6  T
   7    -32.6654766 -0.213893E-06  0.140E-03    2.10      15.6  T
     SCC iter.                  ...        0 min,  0.007 sec
     gradient                   ...        0 min,  0.011 sec
 * total energy  :   -32.1164826 Eh     change       -0.2400842E-02 Eh
   gradient norm :     0.0124547 Eh/α   predicted    -0.2448017E-02 (   1.96%)
   displ. norm   :     0.1085510 α      lambda       -0.4631139E-03
   maximum displ.:     0.0517948 α      in ANC's #2, #13, #5, ...

........................................................................
.............................. CYCLE    4 ..............................
........................................................................
   1    -32.6638364 -0.326638E+02  0.112E-01    2.10       0.0  T
   2    -32.6638380 -0.155046E-05  0.668E-02    2.10       1.0  T
   3    -32.6638007  0.372976E-04  0.494E-02    2.10       1.0  T
   4    -32.6638424 -0.417704E-04  0.102E-02    2.10       2.1  T
   5    -32.6638442 -0.180210E-05  0.300E-03    2.10       7.3  T
   6    -32.6638443 -0.234141E-07  0.973E-04    2.10      22.4  T
     SCC iter.                  ...        0 min,  0.006 sec
     gradient                   ...        0 min,  0.011 sec
 * total energy  :   -32.1167123 Eh     change       -0.2296479E-03 Eh
   gradient norm :     0.0067302 Eh/α   predicted    -0.2342884E-03 (   2.02%)
   displ. norm   :     0.1281623 α      lambda       -0.2444745E-03
   maximum displ.:     0.1110574 α      in ANC's #2, #3, #12, ...

........................................................................
.............................. CYCLE    5 ..............................
........................................................................
   1    -32.6620078 -0.326620E+02  0.979E-02    2.08       0.0  T
   2    -32.6620093 -0.145630E-05  0.578E-02    2.09       1.0  T
   3    -32.6619797  0.295308E-04  0.445E-02    2.09       1.0  T
   4    -32.6620135 -0.337593E-04  0.857E-03    2.09       2.5  T
   5    -32.6620149 -0.136557E-05  0.239E-03    2.09       9.1  T
   6    -32.6620149 -0.420542E-07  0.991E-04    2.09      22.0  T
     SCC iter.                  ...        0 min,  0.006 sec
     gradient                   ...        0 min,  0.011 sec
 * total energy  :   -32.1168718 Eh     change       -0.1595000E-03 Eh
   gradient norm :     0.0039702 Eh/α   predicted    -0.1242548E-03 ( -22.10%)
   displ. norm   :     0.1118893 α      lambda       -0.1240612E-03
   maximum displ.:     0.0969621 α      in ANC's #2, #4, #3, ...

........................................................................
.............................. CYCLE    6 ..............................
........................................................................
   1    -32.6624291 -0.326624E+02  0.929E-02    2.07       0.0  T
   2    -32.6624308 -0.173814E-05  0.553E-02    2.08       1.0  T
   3    -32.6624059  0.249061E-04  0.434E-02    2.08       1.0  T
   4    -32.6624360 -0.301219E-04  0.949E-03    2.08       2.3  T
   5    -32.6624378 -0.173980E-05  0.251E-03    2.08       8.7  T
   6    -32.6624378 -0.566546E-07  0.955E-04    2.08      22.9  T
   7    -32.6624378 -0.276154E-08  0.433E-04    2.08      50.4  T
     SCC iter.                  ...        0 min,  0.007 sec
     gradient                   ...        0 min,  0.012 sec
 * total energy  :   -32.1169715 Eh     change       -0.9975852E-04 Eh
   gradient norm :     0.0045568 Eh/α   predicted    -0.6280894E-04 ( -37.04%)
   displ. norm   :     0.1558385 α      lambda       -0.1415041E-03
   maximum displ.:     0.1344651 α      in ANC's #2, #4, #8, ...

........................................................................
.............................. CYCLE    7 ..............................
........................................................................
   1    -32.6633637 -0.326634E+02  0.135E-01    2.06       0.0  T
   2    -32.6633676 -0.384497E-05  0.786E-02    2.06       1.0  T
   3    -32.6633228  0.447387E-04  0.550E-02    2.07       1.0  T
   4    -32.6633744 -0.515861E-04  0.119E-02    2.06       1.8  T
   5    -32.6633768 -0.239837E-05  0.449E-03    2.06       4.9  T
   6    -32.6633770 -0.180040E-06  0.129E-03    2.06      16.9  T
   7    -32.6633770 -0.108986E-07  0.518E-04    2.06      42.1  T
     SCC iter.                  ...        0 min,  0.007 sec
     gradient                   ...        0 min,  0.011 sec
 * total energy  :   -32.1170830 Eh     change       -0.1114798E-03 Eh
   gradient norm :     0.0044275 Eh/α   predicted    -0.7247066E-04 ( -34.99%)
   displ. norm   :     0.1757427 α      lambda       -0.1226628E-03
   maximum displ.:     0.1537484 α      in ANC's #2, #4, #8, ...

........................................................................
.............................. CYCLE    8 ..............................
........................................................................
   1    -32.6640092 -0.326640E+02  0.149E-01    2.05       0.0  T
   2    -32.6640136 -0.443015E-05  0.869E-02    2.05       1.0  T
   3    -32.6639701  0.435657E-04  0.531E-02    2.05       1.0  T
   4    -32.6640192 -0.490685E-04  0.108E-02    2.05       2.0  T
   5    -32.6640212 -0.203801E-05  0.410E-03    2.05       5.3  T
   6    -32.6640213 -0.146795E-06  0.135E-03    2.05      16.1  T
   7    -32.6640213 -0.120076E-07  0.504E-04    2.05      43.3  T
     SCC iter.                  ...        0 min,  0.007 sec
     gradient                   ...        0 min,  0.011 sec
 * total energy  :   -32.1171779 Eh     change       -0.9485853E-04 Eh
   gradient norm :     0.0035387 Eh/α   predicted    -0.6322644E-04 ( -33.35%)
   displ. norm   :     0.1723751 α      lambda       -0.9463547E-04
   maximum displ.:     0.1518727 α      in ANC's #2, #4, #8, ...

........................................................................
.............................. CYCLE    9 ..............................
........................................................................
   1    -32.6644962 -0.326645E+02  0.150E-01    2.03       0.0  T
   2    -32.6645007 -0.452523E-05  0.856E-02    2.04       1.0  T
   3    -32.6644722  0.285105E-04  0.436E-02    2.04       1.0  T
   4    -32.6645045 -0.322880E-04  0.978E-03    2.04       2.2  T
   5    -32.6645053 -0.863804E-06  0.598E-03    2.04       3.6  T
   6    -32.6645058 -0.471825E-06  0.128E-03    2.04      17.0  T
   7    -32.6645058 -0.166620E-07  0.512E-04    2.04      42.6  T
   8    -32.6645058 -0.248249E-09  0.292E-04    2.04      74.7  T
     SCC iter.                  ...        0 min,  0.008 sec
     gradient                   ...        0 min,  0.012 sec
 * total energy  :   -32.1172492 Eh     change       -0.7136078E-04 Eh
   gradient norm :     0.0025877 Eh/α   predicted    -0.4872558E-04 ( -31.72%)
   displ. norm   :     0.1605242 α      lambda       -0.6419565E-04
   maximum displ.:     0.1375556 α      in ANC's #2, #4, #3, ...

........................................................................
.............................. CYCLE   10 ..............................
........................................................................
   1    -32.6646023 -0.326646E+02  0.137E-01    2.03       0.0  T
   2    -32.6646053 -0.303462E-05  0.781E-02    2.03       1.0  T
   3    -32.6645901  0.152606E-04  0.319E-02    2.03       1.0  T
   4    -32.6646072 -0.171298E-04  0.774E-03    2.03       2.8  T
   5    -32.6646075 -0.303370E-06  0.531E-03    2.03       4.1  T
   6    -32.6646079 -0.424229E-06  0.102E-03    2.03      21.4  T
   7    -32.6646079 -0.116535E-07  0.412E-04    2.03      53.0  T
   8    -32.6646079 -0.268905E-09  0.230E-04    2.03      94.9  T
     SCC iter.                  ...        0 min,  0.008 sec
     gradient                   ...        0 min,  0.012 sec
 * total energy  :   -32.1172942 Eh     change       -0.4493676E-04 Eh
   gradient norm :     0.0022281 Eh/α   predicted    -0.3292859E-04 ( -26.72%)
   displ. norm   :     0.1273845 α      lambda       -0.3424620E-04
   maximum displ.:     0.1041107 α      in ANC's #2, #4, #3, ...

........................................................................
.............................. CYCLE   11 ..............................
........................................................................
   1    -32.6648440 -0.326648E+02  0.109E-01    2.02       0.0  T
   2    -32.6648461 -0.207880E-05  0.614E-02    2.02       1.0  T
   3    -32.6648358  0.103048E-04  0.267E-02    2.02       1.0  T
   4    -32.6648472 -0.114601E-04  0.721E-03    2.02       3.0  T
   5    -32.6648474 -0.211239E-06  0.485E-03    2.02       4.5  T
   6    -32.6648478 -0.365010E-06  0.759E-04    2.02      28.8  T
   7    -32.6648478 -0.623880E-08  0.323E-04    2.02      67.6  T
     SCC iter.                  ...        0 min,  0.007 sec
     gradient                   ...        0 min,  0.012 sec
 * total energy  :   -32.1173145 Eh     change       -0.2030759E-04 Eh
   gradient norm :     0.0017125 Eh/α   predicted    -0.1740546E-04 ( -14.29%)
   displ. norm   :     0.0890210 α      lambda       -0.1199871E-04
   maximum displ.:     0.0624464 α      in ANC's #2, #4, #3, ...

........................................................................
.............................. CYCLE   12 ..............................
........................................................................
   1    -32.6650187 -0.326650E+02  0.773E-02    2.02       0.0  T
   2    -32.6650196 -0.828249E-06  0.427E-02    2.02       1.0  T
   3    -32.6650190  0.614264E-06  0.893E-03    2.02       2.4  T
   4    -32.6650195 -0.544383E-06  0.543E-03    2.02       4.0  T
   5    -32.6650197 -0.250866E-06  0.229E-03    2.02       9.5  T
   6    -32.6650199 -0.102182E-06  0.282E-04    2.02      77.3  T
   7    -32.6650199 -0.574339E-09  0.157E-04    2.02     139.4  T
     SCC iter.                  ...        0 min,  0.007 sec
     gradient                   ...        0 min,  0.012 sec
 * total energy  :   -32.1173202 Eh     change       -0.5672289E-05 Eh
   gradient norm :     0.0016083 Eh/α   predicted    -0.6021027E-05 (   6.15%)
   displ. norm   :     0.0203550 α      lambda       -0.6203326E-05
   maximum displ.:     0.0116580 α      in ANC's #1, #2, #8, ...

........................................................................
.............................. CYCLE   13 ..............................
........................................................................
   1    -32.6651968 -0.326652E+02  0.223E-02    2.02       0.0  T
   2    -32.6651970 -0.183565E-06  0.115E-02    2.02       1.9  T
   3    -32.6651969  0.678201E-07  0.312E-03    2.02       7.0  T
   4    -32.6651970 -0.101270E-06  0.174E-03    2.02      12.5  T
   5    -32.6651970 -0.166485E-07  0.869E-04    2.02      25.1  T
   6    -32.6651970 -0.101175E-07  0.273E-04    2.02      80.1  T
     SCC iter.                  ...        0 min,  0.006 sec
     gradient                   ...        0 min,  0.012 sec
 * total energy  :   -32.1173251 Eh     change       -0.4893686E-05 Eh
   gradient norm :     0.0008477 Eh/α   predicted    -0.3102645E-05 ( -36.60%)
   displ. norm   :     0.0186832 α      lambda       -0.2783672E-05
   maximum displ.:     0.0140871 α      in ANC's #1, #2, #4, ...

   *** GEOMETRY OPTIMIZATION CONVERGED AFTER 13 ITERATIONS ***

------------------------------------------------------------------------
 total energy gain   :        -0.0142699 Eh       -8.9545 kcal/mol
 total RMSD          :         0.2906072 a0        0.1538 Å
 total power (kW/mol):        -2.8819653 (step) -108.4703 (real)
------------------------------------------------------------------------

 ANCopt (total)                0 d,  0 h,  0 min,  0.345 sec
 optimizer setup                ...        0 min,  0.000 sec (  0.042%)
 model hessian                  ...        0 min,  0.003 sec (  0.939%)
 ANC generation                 ...        0 min,  0.001 sec (  0.181%)
 coordinate transformation      ...        0 min,  0.000 sec (  0.058%)
 single point calculation       ...        0 min,  0.337 sec ( 97.525%)
 optimization log               ...        0 min,  0.001 sec (  0.342%)
 hessian update                 ...        0 min,  0.000 sec (  0.044%)
 rational function              ...        0 min,  0.002 sec (  0.627%)

================
 final structure:
================
$coord
   -2.70421139176813   -2.40690895253233    0.28537491314614      C 
   -5.02190211275528   -0.16055737349547    0.50521516221292      S 
   -2.87841113255180    2.24422880146348    0.37025553448942      C 
   -0.44579915339059    1.36131553077140    0.15594233087311      C 
   -0.33485618938136   -1.35611593207037    0.09294026723773      C 
    2.03597217039669   -2.62554831573827   -0.09756980037660      C 
    4.19990097402264   -1.17132285855422   -0.28639860795828      C 
    4.05256518495929    1.52102676077156   -0.21102805468659      C 
    1.82655629587966    2.76838750416249    0.01263326322366      C 
    6.53190675727066   -2.21168688664238   -0.76603501886155      N 
    2.04113919636995   -5.39148731114565   -0.13486097922354      C 
    3.54757055889239   -6.88094764971408    1.20676713751287      C 
   -3.22618059099764   -4.36173415516945    0.31953739250918      H 
   -3.50625018764843    4.16743284932889    0.45854204113031      H 
    5.80524058302059    2.56162563674785   -0.34966647871216      H 
    1.74983539231297    4.80606343014203    0.07569856005422      H 
    6.70568167874109   -4.09471497759302   -0.60354928812033      H 
    8.06809660753060   -1.16950099520783   -0.37399141980980      H 
    0.61218713317009   -6.24106721366250   -1.33144300561278      H 
    4.91778020133323   -6.14549685083782    2.52347539758693      H 
    3.41996638998920   -8.90907238813271    1.09424340833940      H 
$end
           -------------------------------------------------
          |                Final Singlepoint                |
           -------------------------------------------------

          ...................................................
          :                      SETUP                      :
          :.................................................:
          :  # basis functions                  63          :
          :  # atomic orbitals                  62          :
          :  # shells                           34          :
          :  # electrons                        60          :
          :  max. iterations                   250          :
          :  Hamiltonian                  GFN2-xTB          :
          :  restarted?                      false          :
          :  GBSA solvation                  false          :
          :  PC potential                    false          :
          :  electronic temp.          300.0000000     K    :
          :  accuracy                    1.0000000          :
          :  -> integral cutoff          0.2500000E+02      :
          :  -> integral neglect         0.1000000E-07      :
          :  -> SCF convergence          0.1000000E-05 Eh   :
          :  -> wf. convergence          0.1000000E-03 e    :
          :  Broyden damping             0.4000000          :
          ...................................................

 iter      E             dE          RMSdq      gap      omega  full diag
   1    -32.6651970 -0.326652E+02  0.139E-04    2.02       0.0  T
   2    -32.6651970 -0.133937E-10  0.598E-05    2.02     364.6  T
   3    -32.6651970  0.296865E-10  0.695E-05    2.02     314.1  T

   *** convergence criteria satisfied after 3 iterations ***

         #    Occupation            Energy/Eh            Energy/eV
      -------------------------------------------------------------
         1        2.0000           -0.7242422             -19.7076
       ...           ...                  ...                  ...
        24        2.0000           -0.4404540             -11.9854
        25        2.0000           -0.4250249             -11.5655
        26        2.0000           -0.4148734             -11.2893
        27        2.0000           -0.4120718             -11.2130
        28        2.0000           -0.3948589             -10.7447
        29        2.0000           -0.3739889             -10.1768
        30        2.0000           -0.3398530              -9.2479 (HOMO)
        31                         -0.2655228              -7.2252 (LUMO)
        32                         -0.2144640              -5.8359
        33                         -0.1893948              -5.1537
        34                         -0.1852246              -5.0402
        35                         -0.1658740              -4.5137
       ...                                ...                  ...
        62                          0.7501656              20.4130
      -------------------------------------------------------------
                  HL-Gap            0.0743302 Eh            2.0226 eV
             Fermi-level           -0.3026879 Eh           -8.2366 eV

 SCC (total)                   0 d,  0 h,  0 min,  0.024 sec
 SCC setup                      ...        0 min,  0.000 sec (  0.700%)
 Dispersion                     ...        0 min,  0.000 sec (  0.682%)
 integral evaluation            ...        0 min,  0.007 sec ( 31.660%)
 zeroth order Hamiltonian       ...        0 min,  0.000 sec (  0.603%)
 iterations                     ...        0 min,  0.003 sec ( 14.782%)
 molecular gradient             ...        0 min,  0.012 sec ( 49.368%)
 printout                       ...        0 min,  0.000 sec (  1.989%)

         :::::::::::::::::::::::::::::::::::::::::::::::::::::
         ::                     SUMMARY                     ::
         :::::::::::::::::::::::::::::::::::::::::::::::::::::
         :: total energy             -32.117325041418 Eh    ::
         :: gradient norm              0.000848323221 Eh/a0 ::
         :: HOMO-LUMO gap              2.022627174580 eV    ::
         ::.................................................::
         :: SCC energy               -32.665197047288 Eh    ::
         :: -> isotropic ES            0.009969994591 Eh    ::
         :: -> anisotropic ES          0.004898067075 Eh    ::
         :: -> anisotropic XC          0.017636033457 Eh    ::
         :: -> dispersion             -0.022547994904 Eh    ::
         :: repulsion energy           0.547767788830 Eh    ::
         :: add. restraining           0.000000000000 Eh    ::
         :::::::::::::::::::::::::::::::::::::::::::::::::::::

           -------------------------------------------------
          |                Property Printout                |
           -------------------------------------------------

    * Orbital Energies and Occupations

         #    Occupation            Energy/Eh            Energy/eV
      -------------------------------------------------------------
         1        2.0000           -0.7242422             -19.7076
       ...           ...                  ...                  ...
        18        2.0000           -0.4741188             -12.9014
        19        2.0000           -0.4707259             -12.8091
        20        2.0000           -0.4662843             -12.6882
        21        2.0000           -0.4624182             -12.5830
        22        2.0000           -0.4476264             -12.1805
        23        2.0000           -0.4468070             -12.1582
        24        2.0000           -0.4404540             -11.9854
        25        2.0000           -0.4250249             -11.5655
        26        2.0000           -0.4148734             -11.2893
        27        2.0000           -0.4120718             -11.2130
        28        2.0000           -0.3948589             -10.7447
        29        2.0000           -0.3739889             -10.1768
        30        2.0000           -0.3398530              -9.2479 (HOMO)
        31                         -0.2655228              -7.2252 (LUMO)
        32                         -0.2144640              -5.8359
        33                         -0.1893948              -5.1537
        34                         -0.1852246              -5.0402
        35                         -0.1658740              -4.5137
        36                         -0.1061638              -2.8889
        37                         -0.0722897              -1.9671
        38                          0.0084135               0.2289
        39                          0.0341397               0.9290
        40                          0.0368231               1.0020
        41                          0.0476447               1.2965
       ...                                ...                  ...
        62                          0.7501656              20.4130
      -------------------------------------------------------------
                  HL-Gap            0.0743302 Eh            2.0226 eV
             Fermi-level           -0.3026879 Eh           -8.2366 eV

     #   Z        covCN         q      C6AA      α(0)
     1   6 C      2.933    -0.040    28.999     8.832
     2  16 S      2.301    -0.018   141.781    20.041
     3   6 C      2.928    -0.034    28.857     8.810
     4   6 C      3.186    -0.007    27.715     8.590
     5   6 C      3.172    -0.005    27.752     8.605
     6   6 C      2.965    -0.034    28.835     8.808
     7   6 C      2.897     0.077    26.285     8.406
     8   6 C      2.921    -0.052    29.298     8.876
     9   6 C      2.906    -0.037    28.911     8.817
    10   7 N      2.643    -0.273    27.071     7.727
    11   6 C      2.893    -0.026    28.646     8.775
    12   6 C      2.837    -0.099    30.487     9.049
    13   1 H      0.927     0.036     2.499     2.472
    14   1 H      0.926     0.038     2.475     2.460
    15   1 H      0.926     0.027     2.628     2.535
    16   1 H      0.926     0.029     2.605     2.524
    17   1 H      0.860     0.168     1.287     1.777
    18   1 H      0.860     0.161     1.331     1.807
    19   1 H      0.925     0.032     2.563     2.503
    20   1 H      0.926     0.029     2.605     2.524
    21   1 H      0.926     0.029     2.601     2.522

 Mol. C6AA /au·bohr⁶  :       7056.634721
 Mol. C8AA /au·bohr⁸  :     195239.688828
 Mol. α(0) /au        :        136.460214


Wiberg/Mayer (AO) data.
largest (>0.10) Wiberg bond orders for each atom
          total WBO             WBO to atom ...
     1  C   3.931        C    5 1.478    S    2 1.216    H   13 0.970    C    3 0.153
     2  S   2.703        C    3 1.238    C    1 1.216
     3  C   3.937        C    4 1.474    S    2 1.238    H   14 0.971    C    1 0.153
     4  C   3.987        C    3 1.474    C    9 1.205    C    5 1.152
     5  C   3.987        C    1 1.478    C    6 1.184    C    4 1.152
     6  C   3.978        C    7 1.430    C    5 1.184    C   11 1.070
     7  C   3.970        C    6 1.430    C    8 1.201    N   10 1.170
     8  C   3.989        C    9 1.633    C    7 1.201    H   15 0.967
     9  C   3.992        C    8 1.633    C    4 1.205    H   16 0.969
    10  N   3.269        C    7 1.170    H   18 0.954    H   17 0.945
    11  C   3.991        C   12 1.914    C    6 1.070    H   19 0.959
    12  C   3.986        C   11 1.914    H   21 0.978    H   20 0.974
    13  H   0.998        C    1 0.970
    14  H   0.998        C    3 0.971
    15  H   0.998        C    8 0.967
    16  H   0.998        C    9 0.969
    17  H   0.971        N   10 0.945
    18  H   0.973        N   10 0.954
    19  H   0.999        C   11 0.959
    20  H   0.999        C   12 0.974
    21  H   0.998        C   12 0.978

molecular dipole:
                 x           y           z       tot (Debye)
 q only:        0.722      -0.035      -0.027
   full:        1.055      -0.073       0.103       2.701
molecular quadrupole (traceless):
                xx          xy          yy          xz          yz          zz
 q only:        5.998      -2.238      -1.472       0.221       0.603      -4.526
  q+dip:        6.067      -2.512       3.045       2.830       0.193      -9.112
   full:        4.920      -2.625       1.750       2.399       0.248      -6.670

           -------------------------------------------------
          |                Geometry Summary                 |
           -------------------------------------------------

      molecular mass/u    :      175.2478000
   center of mass at/Å    :        0.2761069      -0.6010361       0.0725873
  moments of inertia/u·Å² :        0.3333069E+03   0.7667755E+03   0.1084003E+04
rotational constants/cm⁻¹ :        0.5057691E-01   0.2198509E-01   0.1555128E-01

 * 21 selected distances

     #   Z        #   Z                                     value/Å
     1   6 C      2  16 S                                 1.7119613 (max)
     2  16 S      3   6 C                                 1.7061978
     3   6 C      4   6 C                                 1.3741366
     1   6 C      5   6 C                                 1.3753561
     4   6 C      5   6 C                                 1.4395870
     5   6 C      6   6 C                                 1.4266780
     6   6 C      7   6 C                                 1.3832714
     7   6 C      8   6 C                                 1.4274192
     4   6 C      9   6 C                                 1.4163762
     8   6 C      9   6 C                                 1.3554634
     7   6 C     10   7 N                                 1.3749100
    11   6 C     12   6 C                                 1.3269370
     1   6 C     13   1 H                                 1.0708436
     3   6 C     14   1 H                                 1.0715925
     8   6 C     15   1 H                                 1.0811206
     9   6 C     16   1 H                                 1.0795717
    10   7 N     17   1 H                                 1.0043771
    10   7 N     18   1 H                                 1.0040054 (min)
    11   6 C     19   1 H                                 1.0839093
    12   6 C     20   1 H                                 1.0782865
    12   6 C     21   1 H                                 1.0770070

 * 5 distinct bonds (by element types)

   Z      Z             #   av. dist./Å        max./Å        min./Å
   1 H    6 C           7     1.0774759     1.0839093     1.0708436
   6 C    6 C           9     1.3916917     1.4395870     1.3269370
   1 H    7 N           2     1.0041913     1.0043771     1.0040054
   6 C    7 N           1     1.3749100     1.3749100     1.3749100
   6 C   16 S           2     1.7090795     1.7119613     1.7061978


optimized geometry written to: xtbopt.xyz


           -------------------------------------------------
          | TOTAL ENERGY              -32.117325041418 Eh   |
          | GRADIENT NORM               0.000848323221 Eh/α |
          | HOMO-LUMO GAP               2.022627174580 eV   |
           -------------------------------------------------

------------------------------------------------------------------------
 * finished run on 2021/05/19 at 11:00:23.421     
------------------------------------------------------------------------
 total:
 * wall-time:     0 d,  0 h,  0 min,  0.450 sec
 *  cpu-time:     0 d,  0 h,  0 min,  0.423 sec
 * ratio c/w:     0.941 speedup
 SCF:
 * wall-time:     0 d,  0 h,  0 min,  0.060 sec
 *  cpu-time:     0 d,  0 h,  0 min,  0.034 sec
 * ratio c/w:     0.567 speedup
 ANC optimizer:
 * wall-time:     0 d,  0 h,  0 min,  0.370 sec
 *  cpu-time:     0 d,  0 h,  0 min,  0.369 sec
 * ratio c/w:     1.000 speedup

