      -----------------------------------------------------------      
     |                   =====================                   |     
     |                           x T B                           |     
     |                   =====================                   |     
     |                         S. Grimme                         |     
     |          Mulliken Center for Theoretical Chemistry        |     
     |                    University of Bonn                     |     
     |                Version 6.2 RC2 (SAW190805)                |     
      -----------------------------------------------------------      

   This program is distributed in the hope that it will be useful,
   but WITHOUT ANY WARRANTY; without even the implied warranty of
   MERCHANTABILITY or FITNESS FOR A PARTICULAR PURPOSE.
   
   FOR NON-COMMERCIAL, ACADEMIA USE ONLY.
   
   Cite this work as:
   * S. Grimme, C. Bannwarth, P. Shushkov, J. Chem. Theory Comput., 2017,
     13, 1989-2009. DOI: 10.1021/acs.jctc.7b00118
   * C. Bannwarth, S. Ehlert and S. Grimme., J. Chem. Theory Comput., 2019,
     15, 1652-1671. DOI: 10.1021/acs.jctc.8b01176
   * P. Pracht, E. Caldeweyher, S. Ehlert, S. Grimme, ChemRxiv, 2019, preprint.
     DOI: 10.26434/chemrxiv.8326202.v1
   
   for DFT-D4:
   * E. Caldeweyher, C. Bannwarth and S. Grimme, J. Chem. Phys., 2017,
     147, 034112. DOI: 10.1063/1.4993215
   * E. Caldeweyher, S. Ehlert, A. Hansen, H. Neugebauer, S. Spicher,
     C. Bannwarth and S. Grimme, J. Chem. Phys., 2019, 150, 154122.
     DOI: 10.1063/1.5090222
   
   for sTDA-xTB:
   * S. Grimme and C. Bannwarth, J. Chem. Phys., 2016, 145, 054103.
     DOI: 10.1063/1.4959605
   
   in the mass-spec context:
   * V. Asgeirsson, C. Bauer and S. Grimme, Chem. Sci., 2017, 8, 4879.
     DOI: 10.1039/c7sc00601b
   
   for metadynamics refer to:
   * S. Grimme, J. Chem. Theory Comput., 2019, 155, 2847-2862
     DOI: 10.1021/acs.jctc.9b00143
   
   with help from (in alphabetical order)
   C. Bannwarth, F. Bohle, G. Brandenburg, E. Caldeweyher, M. Checinski,
   S. Dohm, S. Ehlert, S. Ehrlich, F. März, H. Neugebauer, J. Pisarek,
   P. Pracht, P. Shushkov, and S. Spicher.
   
 * started run on 2021/05/19 at 11:00:24.436     

           -------------------------------------------------
          |                Calculation Setup                |
           -------------------------------------------------

          program call               : /ihome/ghutchison/geoffh/xtb/xtb 825.xyz -opt
          hostname                   : smp-n83
          coordinate file            : 825.xyz
          omp threads                :                     1
          number of atoms            :                    14
          number of electrons        :                    60
          charge                     :                     0
          spin                       :                   0.0
          first test random number   :      0.57828861295922


########################################################################
# WARNING! Please study the warnings concerning your input carefully
#  - the use of '-opt' is discouraged, please use '--opt' next time
########################################################################

           ------------------------------------------------- 
          |                 G F N 2 - x T B                 |
          | Geometry, Frequencies, Noncovalent interactions |
          |            JCTC 2019 parametrisation            |
           ------------------------------------------------- 
             KAB for C  - Si     :                1.0500
             KAB for H  - Pd     :                0.9500
             k(s)              :                1.8500
             k(p)              :                2.2300
             k(d)              :                2.2300
             k(f)              :                2.0000
             kEN (H0ij)        :               -2.0000
             D4 a1             :                0.5200
             D4 a2             :                5.0000
             D4 s6             :                1.0000
             D4 s8             :                2.7000
             D4 s9             :                5.0000
             alphaj            :                2.0000

  Z AO/shell   Hii/eV     exponent
  1     Wed Apr 25 08:07:45 CEST 2018   EN: 2.200 GM2: 0.406  GM3: 0.0800  RAES: 1.40
     1s    -10.707211    1.230000
  6     Wed Apr 25 08:07:45 CEST 2018   EN: 2.550 GM2: 0.538  GM3: 0.1500  RAES: 3.00
     2s    -13.970922    2.096432
     2p    -10.063292    1.800000
  8     Wed Apr 25 08:07:45 CEST 2018   EN: 3.440 GM2: 0.452  GM3:-0.0517  RAES: 1.80
     2s    -20.229985    2.439742
     2p    -15.503117    2.137023
  9     Mon Apr 23 13:58:50 CEST 2018   EN: 3.980 GM2: 0.532  GM3: 0.1426  RAES: 2.40
     2s    -23.458179    2.416361
     2p    -15.746583    2.308399

           ------------------------------------------------- 
          |        Self-Consistent Charge Iterations        |
           ------------------------------------------------- 

          ...................................................
          :                      SETUP                      :
          :.................................................:
          :  # basis functions                  47          :
          :  # atomic orbitals                  47          :
          :  # shells                           25          :
          :  # electrons                        60          :
          :  max. iterations                   250          :
          :  Hamiltonian                  GFN2-xTB          :
          :  restarted?                      false          :
          :  GBSA solvation                  false          :
          :  PC potential                    false          :
          :  electronic temp.          300.0000000     K    :
          :  accuracy                    1.0000000          :
          :  -> integral cutoff          0.2500000E+02      :
          :  -> integral neglect         0.1000000E-07      :
          :  -> SCF convergence          0.1000000E-05 Eh   :
          :  -> wf. convergence          0.1000000E-03 e    :
          :  Broyden damping             0.4000000          :
          ...................................................

 iter      E             dE          RMSdq      gap      omega  full diag
   1    -36.8538110 -0.368538E+02  0.559E+00    3.22       0.0  T
   2    -36.9169552 -0.631442E-01  0.325E+00    2.83       1.0  T
   3    -36.9182261 -0.127089E-02  0.197E+00    2.88       1.0  T
   4    -36.9310367 -0.128106E-01  0.507E-01    2.87       1.0  T
   5    -36.9338514 -0.281465E-02  0.111E-01    2.78       1.0  T
   6    -36.9339136 -0.622719E-04  0.536E-02    2.80       1.0  T
   7    -36.9339222 -0.856802E-05  0.174E-02    2.80       1.5  T
   8    -36.9339229 -0.672277E-06  0.868E-03    2.81       3.1  T
   9    -36.9339232 -0.353685E-06  0.282E-03    2.81       9.5  T
  10    -36.9339233 -0.335310E-07  0.121E-03    2.81      22.1  T
  11    -36.9339233 -0.690303E-08  0.498E-04    2.81      53.7  T
  12    -36.9339233 -0.142532E-08  0.180E-04    2.81     148.8  T

   *** convergence criteria satisfied after 12 iterations ***

         #    Occupation            Energy/Eh            Energy/eV
      -------------------------------------------------------------
         1        2.0000           -0.8938544             -24.3230
       ...           ...                  ...                  ...
        24        2.0000           -0.5415901             -14.7374
        25        2.0000           -0.5316086             -14.4658
        26        2.0000           -0.5110268             -13.9057
        27        2.0000           -0.5047287             -13.7344
        28        2.0000           -0.4755590             -12.9406
        29        2.0000           -0.4532529             -12.3336
        30        2.0000           -0.4423878             -12.0380 (HOMO)
        31                         -0.3392989              -9.2328 (LUMO)
        32                         -0.2583033              -7.0288
        33                         -0.1912114              -5.2031
        34                         -0.0416851              -1.1343
        35                         -0.0163680              -0.4454
       ...                                ...                  ...
        47                          0.6184194              16.8280
      -------------------------------------------------------------
                  HL-Gap            0.1030889 Eh            2.8052 eV
             Fermi-level           -0.3908434 Eh          -10.6354 eV

 SCC (total)                   0 d,  0 h,  0 min,  0.020 sec
 SCC setup                      ...        0 min,  0.000 sec (  1.066%)
 Dispersion                     ...        0 min,  0.000 sec (  0.661%)
 integral evaluation            ...        0 min,  0.005 sec ( 22.944%)
 zeroth order Hamiltonian       ...        0 min,  0.000 sec (  0.504%)
 iterations                     ...        0 min,  0.008 sec ( 40.774%)
 molecular gradient             ...        0 min,  0.007 sec ( 32.520%)
 printout                       ...        0 min,  0.000 sec (  1.302%)

         :::::::::::::::::::::::::::::::::::::::::::::::::::::
         ::                     SUMMARY                     ::
         :::::::::::::::::::::::::::::::::::::::::::::::::::::
         :: total energy             -36.669168476620 Eh    ::
         :: gradient norm              0.093620407760 Eh/a0 ::
         :: HOMO-LUMO gap              2.805192103910 eV    ::
         ::.................................................::
         :: SCC energy               -36.933923263949 Eh    ::
         :: -> isotropic ES            0.068269469870 Eh    ::
         :: -> anisotropic ES          0.001638534407 Eh    ::
         :: -> anisotropic XC         -0.013660883950 Eh    ::
         :: -> dispersion             -0.010833939428 Eh    ::
         :: repulsion energy           0.264739274650 Eh    ::
         :: add. restraining           0.000000000000 Eh    ::
         :::::::::::::::::::::::::::::::::::::::::::::::::::::

      ----------------------------------------------------------- 
     |                   =====================                   |
     |                        A N C O P T                        |
     |                   =====================                   |
     |               Approximate Normal Coordinate               |
     |                Rational Function Optimizer                |
      ----------------------------------------------------------- 

          ...................................................
          :                      SETUP                      :
          :.................................................:
          :   optimization level            normal          :
          :   max. optcycles                   200          :
          :   ANC micro-cycles                  20          :
          :   degrees of freedom                36          :
          :.................................................:
          :   RF solver                   davidson          :
          :   input Hessian                  false          :
          :   write xtbopt.log                true          :
          :   linear?                        false          :
          :   energy convergence         0.5000000E-05 Eh   :
          :   grad. convergence          0.1000000E-02 Eh/α :
          :   maximium RF displ.         2.0000000          :
          :   Hlow (freq-cutoff)         0.5000000E-02      :
          :   Hmax (freq-cutoff)         5.0000000          :
          :   S6 in model hess.         20.0000000          :
          ...................................................

generating ANC from model Hessian ...
Using Lindh-Hessian (1995)
 Shifting diagonal of input Hessian by   2.124760977299329E-003
 Lowest  eigenvalues of input Hessian
   -0.000000    0.000000    0.000000    0.000000    0.000000    0.000000
    0.005000    0.007857    0.010017    0.015646    0.030586    0.037055
    0.051847    0.065001    0.066921    0.088631    0.097032    0.106528
 Highest eigenvalues
    1.601571    1.716969    1.794061    1.856840    1.921609    2.114861
 

........................................................................
.............................. CYCLE    1 ..............................
........................................................................
   1    -36.9339233 -0.369339E+02  0.800E-05    2.81       0.0  T
   2    -36.9339233 -0.795808E-11  0.500E-05    2.81     534.7  T
   3    -36.9339233 -0.710543E-14  0.319E-05    2.81     838.3  T
     SCC iter.                  ...        0 min,  0.002 sec
     gradient                   ...        0 min,  0.007 sec
 * total energy  :   -36.6691685 Eh     change        0.9638015E-09 Eh
   gradient norm :     0.0936184 Eh/α   predicted     0.0000000E+00 (-100.00%)
   displ. norm   :     0.1806729 α      lambda       -0.7965157E-02
   maximum displ.:     0.0983034 α      in ANC's #6, #8, #3, ...

........................................................................
.............................. CYCLE    2 ..............................
........................................................................
   1    -36.9593089 -0.369593E+02  0.257E-01    3.07       0.0  T
   2    -36.9594026 -0.936732E-04  0.156E-01    3.05       1.0  T
   3    -36.9594178 -0.152164E-04  0.104E-01    3.04       1.0  T
   4    -36.9594649 -0.471517E-04  0.193E-02    3.05       1.4  T
   5    -36.9594685 -0.355088E-05  0.676E-03    3.04       4.0  T
   6    -36.9594686 -0.128308E-06  0.341E-03    3.04       7.8  T
   7    -36.9594686 -0.865968E-08  0.122E-03    3.04      21.8  T
     SCC iter.                  ...        0 min,  0.004 sec
     gradient                   ...        0 min,  0.006 sec
 * total energy  :   -36.6746671 Eh     change       -0.5498591E-02 Eh
   gradient norm :     0.0414880 Eh/α   predicted    -0.4112578E-02 ( -25.21%)
   displ. norm   :     0.1238722 α      lambda       -0.2405112E-02
   maximum displ.:     0.0600237 α      in ANC's #6, #8, #2, ...

........................................................................
.............................. CYCLE    3 ..............................
........................................................................
   1    -36.9705601 -0.369706E+02  0.198E-01    3.18       0.0  T
   2    -36.9706257 -0.656519E-04  0.125E-01    3.17       1.0  T
   3    -36.9706554 -0.297436E-04  0.803E-02    3.16       1.0  T
   4    -36.9706797 -0.242755E-04  0.137E-02    3.17       1.9  T
   5    -36.9706810 -0.130852E-05  0.459E-03    3.17       5.8  T
   6    -36.9706811 -0.892609E-07  0.222E-03    3.17      12.1  T
     SCC iter.                  ...        0 min,  0.004 sec
     gradient                   ...        0 min,  0.006 sec
 * total energy  :   -36.6759855 Eh     change       -0.1318451E-02 Eh
   gradient norm :     0.0106107 Eh/α   predicted    -0.1221006E-02 (  -7.39%)
   displ. norm   :     0.0718251 α      lambda       -0.2063612E-03
   maximum displ.:     0.0640279 α      in ANC's #2, #3, #13, ...

........................................................................
.............................. CYCLE    4 ..............................
........................................................................
   1    -36.9697151 -0.369697E+02  0.802E-02    3.17       0.0  T
   2    -36.9697189 -0.382202E-05  0.504E-02    3.17       1.0  T
   3    -36.9697138  0.512854E-05  0.290E-02    3.17       1.0  T
   4    -36.9697214 -0.764440E-05  0.316E-03    3.17       8.4  T
   5    -36.9697215 -0.734625E-07  0.136E-03    3.17      19.7  T
   6    -36.9697215 -0.424190E-08  0.651E-04    3.17      41.0  T
     SCC iter.                  ...        0 min,  0.004 sec
     gradient                   ...        0 min,  0.006 sec
 * total energy  :   -36.6761233 Eh     change       -0.1377702E-03 Eh
   gradient norm :     0.0041511 Eh/α   predicted    -0.1037129E-03 ( -24.72%)
   displ. norm   :     0.0994276 α      lambda       -0.1241182E-03
   maximum displ.:     0.0815308 α      in ANC's #2, #4, #7, ...

........................................................................
.............................. CYCLE    5 ..............................
........................................................................
   1    -36.9683771 -0.369684E+02  0.950E-02    3.17       0.0  T
   2    -36.9683813 -0.422202E-05  0.592E-02    3.17       1.0  T
   3    -36.9683763  0.500398E-05  0.254E-02    3.17       1.1  T
   4    -36.9683833 -0.698324E-05  0.358E-03    3.17       7.5  T
   5    -36.9683834 -0.132297E-06  0.122E-03    3.17      21.9  T
   6    -36.9683834 -0.341720E-08  0.533E-04    3.17      50.1  T
     SCC iter.                  ...        0 min,  0.004 sec
     gradient                   ...        0 min,  0.006 sec
 * total energy  :   -36.6762024 Eh     change       -0.7912310E-04 Eh
   gradient norm :     0.0030642 Eh/α   predicted    -0.6267258E-04 ( -20.79%)
   displ. norm   :     0.1007045 α      lambda       -0.6942734E-04
   maximum displ.:     0.0845158 α      in ANC's #2, #4, #3, ...

........................................................................
.............................. CYCLE    6 ..............................
........................................................................
   1    -36.9677731 -0.369678E+02  0.946E-02    3.17       0.0  T
   2    -36.9677757 -0.256430E-05  0.586E-02    3.17       1.0  T
   3    -36.9677759 -0.251297E-06  0.949E-03    3.17       2.8  T
   4    -36.9677769 -0.966419E-06  0.277E-03    3.17       9.6  T
   5    -36.9677769 -0.630123E-07  0.123E-03    3.17      21.7  T
   6    -36.9677769 -0.366956E-08  0.411E-04    3.17      65.0  T
   7    -36.9677769 -0.249855E-09  0.168E-04    3.17     159.0  T
     SCC iter.                  ...        0 min,  0.004 sec
     gradient                   ...        0 min,  0.007 sec
 * total energy  :   -36.6762626 Eh     change       -0.6017038E-04 Eh
   gradient norm :     0.0049815 Eh/α   predicted    -0.3506652E-04 ( -41.72%)
   displ. norm   :     0.1762597 α      lambda       -0.1287869E-03
   maximum displ.:     0.1367114 α      in ANC's #2, #4, #3, ...

........................................................................
.............................. CYCLE    7 ..............................
........................................................................
   1    -36.9672384 -0.369672E+02  0.163E-01    3.17       0.0  T
   2    -36.9672452 -0.677315E-05  0.101E-01    3.17       1.0  T
   3    -36.9672483 -0.311211E-05  0.832E-03    3.17       3.2  T
   4    -36.9672489 -0.581226E-06  0.319E-03    3.17       8.4  T
   5    -36.9672489 -0.454837E-08  0.187E-03    3.17      14.3  T
   6    -36.9672489 -0.234690E-07  0.681E-04    3.17      39.2  T
     SCC iter.                  ...        0 min,  0.004 sec
     gradient                   ...        0 min,  0.006 sec
 * total energy  :   -36.6763733 Eh     change       -0.1106910E-03 Eh
   gradient norm :     0.0074805 Eh/α   predicted    -0.6639462E-04 ( -40.02%)
   displ. norm   :     0.3070712 α      lambda       -0.2253779E-03
   maximum displ.:     0.2370953 α      in ANC's #2, #4, #7, ...

........................................................................
.............................. CYCLE    8 ..............................
........................................................................
   1    -36.9660573 -0.369661E+02  0.282E-01    3.16       0.0  T
   2    -36.9660791 -0.218353E-04  0.175E-01    3.17       1.0  T
   3    -36.9660884 -0.927841E-05  0.157E-02    3.17       1.7  T
   4    -36.9660906 -0.213819E-05  0.552E-03    3.17       4.8  T
   5    -36.9660906  0.255478E-08  0.328E-03    3.17       8.1  T
   6    -36.9660906 -0.772149E-07  0.125E-03    3.17      21.4  T
   7    -36.9660906 -0.280326E-08  0.418E-04    3.17      63.9  T
     SCC iter.                  ...        0 min,  0.004 sec
     gradient                   ...        0 min,  0.006 sec
 * total energy  :   -36.6765009 Eh     change       -0.1276065E-03 Eh
   gradient norm :     0.0144868 Eh/α   predicted    -0.1233094E-03 (  -3.37%)
   displ. norm   :     0.0720548 α      lambda       -0.1906047E-03
   maximum displ.:     0.0471273 α      in ANC's #2, #3, #4, ...

........................................................................
.............................. CYCLE    9 ..............................
........................................................................
   1    -36.9675379 -0.369675E+02  0.677E-02    3.17       0.0  T
   2    -36.9675399 -0.200694E-05  0.421E-02    3.17       1.0  T
   3    -36.9675400 -0.441050E-07  0.902E-03    3.17       3.0  T
   4    -36.9675406 -0.651373E-06  0.255E-03    3.17      10.5  T
   5    -36.9675407 -0.551870E-07  0.122E-03    3.17      22.0  T
     SCC iter.                  ...        0 min,  0.003 sec
     gradient                   ...        0 min,  0.006 sec
 * total energy  :   -36.6766650 Eh     change       -0.1641420E-03 Eh
   gradient norm :     0.0112431 Eh/α   predicted    -0.9579725E-04 ( -41.64%)
   displ. norm   :     0.3776062 α      lambda       -0.6061521E-03
   maximum displ.:     0.2810062 α      in ANC's #2, #4, #7, ...

........................................................................
.............................. CYCLE   10 ..............................
........................................................................
   1    -36.9691295 -0.369691E+02  0.344E-01    3.17       0.0  T
   2    -36.9691556 -0.260451E-04  0.214E-01    3.17       1.0  T
   3    -36.9691646 -0.905073E-05  0.265E-02    3.17       1.0  T
   4    -36.9691728 -0.814939E-05  0.731E-03    3.17       3.7  T
   5    -36.9691729 -0.122845E-06  0.368E-03    3.17       7.3  T
   6    -36.9691729 -0.356445E-07  0.127E-03    3.17      21.0  T
   7    -36.9691729 -0.616534E-08  0.501E-04    3.17      53.3  T
     SCC iter.                  ...        0 min,  0.004 sec
     gradient                   ...        0 min,  0.006 sec
 * total energy  :   -36.6771293 Eh     change       -0.4643194E-03 Eh
   gradient norm :     0.0115627 Eh/α   predicted    -0.3462972E-03 ( -25.42%)
   displ. norm   :     0.3021330 α      lambda       -0.6861306E-03
   maximum displ.:     0.2220033 α      in ANC's #2, #4, #7, ...

........................................................................
.............................. CYCLE   11 ..............................
........................................................................
   1    -36.9721017 -0.369721E+02  0.275E-01    3.18       0.0  T
   2    -36.9721260 -0.242380E-04  0.170E-01    3.17       1.0  T
   3    -36.9721311 -0.509826E-05  0.257E-02    3.17       1.0  T
   4    -36.9721368 -0.574307E-05  0.741E-03    3.17       3.6  T
   5    -36.9721372 -0.382866E-06  0.372E-03    3.17       7.2  T
   6    -36.9721372 -0.225952E-07  0.108E-03    3.17      24.8  T
   7    -36.9721372 -0.737809E-08  0.477E-04    3.17      56.0  T
     SCC iter.                  ...        0 min,  0.004 sec
     gradient                   ...        0 min,  0.006 sec
 * total energy  :   -36.6775626 Eh     change       -0.4332854E-03 Eh
   gradient norm :     0.0066752 Eh/α   predicted    -0.3743884E-03 ( -13.59%)
   displ. norm   :     0.7845234 α      lambda       -0.9756900E-03
   maximum displ.:     0.6113874 α      in ANC's #2, #4, #3, ...

........................................................................
.............................. CYCLE   12 ..............................
........................................................................
   1    -36.9612562 -0.369613E+02  0.708E-01    3.11       0.0  T
   2    -36.9614950 -0.238812E-03  0.440E-01    3.11       1.0  T
   3    -36.9615172 -0.222226E-04  0.862E-02    3.12       1.0  T
   4    -36.9615782 -0.609794E-04  0.215E-02    3.12       1.2  T
   5    -36.9615813 -0.309086E-05  0.119E-02    3.12       2.2  T
   6    -36.9615819 -0.628754E-06  0.386E-03    3.12       6.9  T
   7    -36.9615819 -0.756058E-08  0.116E-03    3.12      23.1  T
   8    -36.9615819 -0.103890E-07  0.435E-04    3.12      61.4  T
     SCC iter.                  ...        0 min,  0.005 sec
     gradient                   ...        0 min,  0.006 sec
 * total energy  :   -36.6762847 Eh     change        0.1277882E-02 Eh
   gradient norm :     0.0449286 Eh/α   predicted    -0.7880969E-03 (-161.67%)
   displ. norm   :     0.3648213 α      lambda       -0.4189064E-02
   maximum displ.:     0.2827489 α      in ANC's #2, #4, #7, ...

........................................................................
.............................. CYCLE   13 ..............................
........................................................................
   1    -36.9715774 -0.369716E+02  0.353E-01    3.17       0.0  T
   2    -36.9716860 -0.108621E-03  0.218E-01    3.17       1.0  T
   3    -36.9716894 -0.336282E-05  0.622E-02    3.16       1.0  T
   4    -36.9717067 -0.172971E-04  0.131E-02    3.17       2.0  T
   5    -36.9717082 -0.156277E-05  0.646E-03    3.17       4.1  T
   6    -36.9717084 -0.200042E-06  0.219E-03    3.17      12.2  T
   7    -36.9717084 -0.370679E-08  0.110E-03    3.17      24.3  T
     SCC iter.                  ...        0 min,  0.004 sec
     gradient                   ...        0 min,  0.006 sec
 * total energy  :   -36.6781194 Eh     change       -0.1834701E-02 Eh
   gradient norm :     0.0060282 Eh/α   predicted    -0.2373322E-02 (  29.36%)
   displ. norm   :     0.1176694 α      lambda       -0.2010258E-03
   maximum displ.:     0.0968506 α      in ANC's #2, #3, #4, ...

........................................................................
.............................. CYCLE   14 ..............................
........................................................................
   1    -36.9717805 -0.369718E+02  0.107E-01    3.17       0.0  T
   2    -36.9717829 -0.242687E-05  0.661E-02    3.17       1.0  T
   3    -36.9717833 -0.419336E-06  0.974E-03    3.17       2.7  T
   4    -36.9717845 -0.111070E-05  0.247E-03    3.17      10.8  T
   5    -36.9717845 -0.157085E-07  0.135E-03    3.17      19.8  T
     SCC iter.                  ...        0 min,  0.003 sec
     gradient                   ...        0 min,  0.006 sec
 * total energy  :   -36.6783017 Eh     change       -0.1822470E-03 Eh
   gradient norm :     0.0048139 Eh/α   predicted    -0.1019050E-03 ( -44.08%)
   displ. norm   :     0.5895284 α      lambda       -0.8020991E-03
   maximum displ.:     0.4658762 α      in ANC's #2, #3, #4, ...

........................................................................
.............................. CYCLE   15 ..............................
........................................................................
   1    -36.9677462 -0.369677E+02  0.530E-01    3.16       0.0  T
   2    -36.9678361 -0.899154E-04  0.329E-01    3.16       1.0  T
   3    -36.9678562 -0.200946E-04  0.447E-02    3.17       1.0  T
   4    -36.9678763 -0.200902E-04  0.147E-02    3.17       1.8  T
   5    -36.9678776 -0.133400E-05  0.829E-03    3.17       3.2  T
   6    -36.9678778 -0.234088E-06  0.230E-03    3.17      11.6  T
   7    -36.9678778 -0.472561E-08  0.792E-04    3.17      33.7  T
     SCC iter.                  ...        0 min,  0.004 sec
     gradient                   ...        0 min,  0.006 sec
 * total energy  :   -36.6786146 Eh     change       -0.3128907E-03 Eh
   gradient norm :     0.0172809 Eh/α   predicted    -0.5404861E-03 (  72.74%)
   displ. norm   :     0.1322051 α      lambda       -0.5040679E-03
   maximum displ.:     0.1086786 α      in ANC's #2, #4, #3, ...

........................................................................
.............................. CYCLE   16 ..............................
........................................................................
   1    -36.9716117 -0.369716E+02  0.130E-01    3.18       0.0  T
   2    -36.9716333 -0.215408E-04  0.808E-02    3.18       1.0  T
   3    -36.9716314  0.185733E-05  0.333E-02    3.17       1.0  T
   4    -36.9716366 -0.517103E-05  0.963E-03    3.18       2.8  T
   5    -36.9716377 -0.112900E-05  0.268E-03    3.18      10.0  T
   6    -36.9716378 -0.248919E-07  0.107E-03    3.18      24.9  T
     SCC iter.                  ...        0 min,  0.004 sec
     gradient                   ...        0 min,  0.006 sec
 * total energy  :   -36.6788313 Eh     change       -0.2167076E-03 Eh
   gradient norm :     0.0036659 Eh/α   predicted    -0.2564403E-03 (  18.33%)
   displ. norm   :     0.1741034 α      lambda       -0.1902251E-03
   maximum displ.:     0.1311564 α      in ANC's #2, #3, #4, ...

........................................................................
.............................. CYCLE   17 ..............................
........................................................................
   1    -36.9722102 -0.369722E+02  0.156E-01    3.18       0.0  T
   2    -36.9722154 -0.519900E-05  0.967E-02    3.18       1.0  T
   3    -36.9722186 -0.324025E-05  0.516E-03    3.18       5.2  T
   4    -36.9722187 -0.116155E-06  0.294E-03    3.18       9.1  T
   5    -36.9722188 -0.234263E-07  0.137E-03    3.18      19.5  T
   6    -36.9722188 -0.847496E-08  0.399E-04    3.18      66.9  T
   7    -36.9722188 -0.583888E-09  0.142E-04    3.18     188.0  T
     SCC iter.                  ...        0 min,  0.004 sec
     gradient                   ...        0 min,  0.007 sec
 * total energy  :   -36.6789978 Eh     change       -0.1664804E-03 Eh
   gradient norm :     0.0031592 Eh/α   predicted    -0.9799604E-04 ( -41.14%)
   displ. norm   :     0.4602328 α      lambda       -0.3989644E-03
   maximum displ.:     0.3363822 α      in ANC's #2, #4, #3, ...

........................................................................
.............................. CYCLE   18 ..............................
........................................................................
   1    -36.9700859 -0.369701E+02  0.417E-01    3.16       0.0  T
   2    -36.9701292 -0.433404E-04  0.259E-01    3.16       1.0  T
   3    -36.9701511 -0.218450E-04  0.190E-02    3.16       1.4  T
   4    -36.9701541 -0.299668E-05  0.798E-03    3.16       3.3  T
   5    -36.9701541 -0.484241E-08  0.460E-03    3.16       5.8  T
   6    -36.9701542 -0.141462E-06  0.143E-03    3.16      18.7  T
   7    -36.9701542 -0.380793E-08  0.518E-04    3.16      51.6  T
   8    -36.9701542 -0.226268E-08  0.165E-04    3.16     161.8  T
     SCC iter.                  ...        0 min,  0.005 sec
     gradient                   ...        0 min,  0.007 sec
 * total energy  :   -36.6790563 Eh     change       -0.5853070E-04 Eh
   gradient norm :     0.0137724 Eh/α   predicted    -0.2417288E-03 ( 312.99%)
   displ. norm   :     0.1698420 α      lambda       -0.4127019E-03
   maximum displ.:     0.1296332 α      in ANC's #2, #3, #4, ...

........................................................................
.............................. CYCLE   19 ..............................
........................................................................
   1    -36.9734691 -0.369735E+02  0.159E-01    3.19       0.0  T
   2    -36.9734849 -0.158071E-04  0.984E-02    3.18       1.0  T
   3    -36.9734865 -0.160030E-05  0.205E-02    3.18       1.3  T
   4    -36.9734888 -0.237355E-05  0.370E-03    3.18       7.2  T
   5    -36.9734888 -0.695710E-08  0.219E-03    3.18      12.2  T
   6    -36.9734889 -0.252169E-07  0.827E-04    3.18      32.3  T
     SCC iter.                  ...        0 min,  0.004 sec
     gradient                   ...        0 min,  0.006 sec
 * total energy  :   -36.6792057 Eh     change       -0.1494109E-03 Eh
   gradient norm :     0.0024830 Eh/α   predicted    -0.2123046E-03 (  42.09%)
   displ. norm   :     0.0846559 α      lambda       -0.4729127E-04
   maximum displ.:     0.0592255 α      in ANC's #2, #23, #4, ...

........................................................................
.............................. CYCLE   20 ..............................
........................................................................
   1    -36.9730898 -0.369731E+02  0.777E-02    3.17       0.0  T
   2    -36.9730912 -0.146335E-05  0.482E-02    3.17       1.0  T
   3    -36.9730911  0.144400E-06  0.887E-03    3.17       3.0  T
   4    -36.9730922 -0.106508E-05  0.174E-03    3.17      15.4  T
   5    -36.9730922 -0.863839E-08  0.866E-04    3.17      30.9  T
   6    -36.9730922 -0.233781E-08  0.387E-04    3.17      69.0  T
     SCC iter.                  ...        0 min,  0.004 sec
     gradient                   ...        0 min,  0.007 sec
 * total energy  :   -36.6792421 Eh     change       -0.3634944E-04 Eh
   gradient norm :     0.0025874 Eh/α   predicted    -0.2381515E-04 ( -34.48%)
   displ. norm   :     0.1816638 α      lambda       -0.6574352E-04
   maximum displ.:     0.1265283 α      in ANC's #2, #4, #23, ...
 * RMSD in coord.:     0.8590334 α      energy gain  -0.1007359E-01 Eh

generating ANC from model Hessian ...
Using Lindh-Hessian (1995)
 Shifting diagonal of input Hessian by   2.180284768180173E-003
 Lowest  eigenvalues of input Hessian
   -0.000000   -0.000000    0.000000    0.000000    0.000000    0.000000
    0.005000    0.009357    0.011979    0.017242    0.033294    0.038424
    0.057619    0.069180    0.076463    0.095893    0.103122    0.115779
 Highest eigenvalues
    1.758983    1.790495    1.853527    1.956073    2.021966    2.288487
 

........................................................................
.............................. CYCLE   21 ..............................
........................................................................
   1    -36.9724420 -0.369724E+02  0.169E-01    3.17       0.0  T
   2    -36.9724490 -0.697925E-05  0.105E-01    3.17       1.0  T
   3    -36.9724528 -0.383539E-05  0.646E-03    3.17       4.1  T
   4    -36.9724531 -0.268954E-06  0.279E-03    3.17       9.6  T
   5    -36.9724531 -0.108541E-07  0.119E-03    3.17      22.5  T
   6    -36.9724531 -0.483032E-08  0.578E-04    3.17      46.2  T
   7    -36.9724531 -0.636952E-09  0.174E-04    3.17     153.2  T
     SCC iter.                  ...        0 min,  0.004 sec
     gradient                   ...        0 min,  0.007 sec
 * total energy  :   -36.6792623 Eh     change       -0.2021156E-04 Eh
   gradient norm :     0.0046244 Eh/α   predicted     0.0000000E+00 (-100.00%)
   displ. norm   :     0.0406900 α      lambda       -0.4294319E-04
   maximum displ.:     0.0272906 α      in ANC's #1, #3, #7, ...

........................................................................
.............................. CYCLE   22 ..............................
........................................................................
   1    -36.9728431 -0.369728E+02  0.375E-02    3.17       0.0  T
   2    -36.9728434 -0.312303E-06  0.232E-02    3.17       1.2  T
   3    -36.9728433  0.622498E-07  0.421E-03    3.17       6.3  T
   4    -36.9728435 -0.179788E-06  0.136E-03    3.17      19.7  T
   5    -36.9728435 -0.126555E-07  0.644E-04    3.17      41.5  T
     SCC iter.                  ...        0 min,  0.003 sec
     gradient                   ...        0 min,  0.006 sec
 * total energy  :   -36.6792919 Eh     change       -0.2964783E-04 Eh
   gradient norm :     0.0021965 Eh/α   predicted    -0.2150883E-04 ( -27.45%)
   displ. norm   :     0.0302043 α      lambda       -0.1609410E-04
   maximum displ.:     0.0234378 α      in ANC's #3, #1, #4, ...

........................................................................
.............................. CYCLE   23 ..............................
........................................................................
   1    -36.9731383 -0.369731E+02  0.281E-02    3.17       0.0  T
   2    -36.9731385 -0.236158E-06  0.174E-02    3.17       1.5  T
   3    -36.9731385 -0.265572E-08  0.287E-03    3.17       9.3  T
   4    -36.9731386 -0.665905E-07  0.969E-04    3.17      27.6  T
   5    -36.9731386 -0.535576E-08  0.483E-04    3.17      55.3  T
     SCC iter.                  ...        0 min,  0.003 sec
     gradient                   ...        0 min,  0.007 sec
 * total energy  :   -36.6793003 Eh     change       -0.8375045E-05 Eh
   gradient norm :     0.0006219 Eh/α   predicted    -0.8054929E-05 (  -3.82%)
   displ. norm   :     0.0184537 α      lambda       -0.2058956E-05
   maximum displ.:     0.0136787 α      in ANC's #1, #2, #3, ...

........................................................................
.............................. CYCLE   24 ..............................
........................................................................
   1    -36.9731737 -0.369732E+02  0.171E-02    3.17       0.0  T
   2    -36.9731737 -0.498679E-07  0.105E-02    3.18       2.5  T
   3    -36.9731737 -0.162764E-09  0.138E-03    3.18      19.3  T
   4    -36.9731738 -0.205655E-07  0.519E-04    3.18      51.5  T
   5    -36.9731738 -0.161131E-08  0.256E-04    3.18     104.4  T
     SCC iter.                  ...        0 min,  0.003 sec
     gradient                   ...        0 min,  0.007 sec
 * total energy  :   -36.6793019 Eh     change       -0.1646198E-05 Eh
   gradient norm :     0.0004664 Eh/α   predicted    -0.1030093E-05 ( -37.43%)
   displ. norm   :     0.0150956 α      lambda       -0.1117864E-05
   maximum displ.:     0.0114325 α      in ANC's #1, #2, #4, ...

   *** GEOMETRY OPTIMIZATION CONVERGED AFTER 24 ITERATIONS ***

------------------------------------------------------------------------
 total energy gain   :        -0.0101335 Eh       -6.3588 kcal/mol
 total RMSD          :         0.8591336 a0        0.4546 Å
 total power (kW/mol):        -1.1085588 (step)  -70.1115 (real)
------------------------------------------------------------------------

 ANCopt (total)                0 d,  0 h,  0 min,  0.379 sec
 optimizer setup                ...        0 min,  0.000 sec (  0.031%)
 model hessian                  ...        0 min,  0.003 sec (  0.802%)
 ANC generation                 ...        0 min,  0.001 sec (  0.181%)
 coordinate transformation      ...        0 min,  0.000 sec (  0.082%)
 single point calculation       ...        0 min,  0.368 sec ( 97.084%)
 optimization log               ...        0 min,  0.002 sec (  0.415%)
 hessian update                 ...        0 min,  0.000 sec (  0.062%)
 rational function              ...        0 min,  0.004 sec (  0.960%)

================
 final structure:
================
$coord
   -0.47411187756019    1.95212638439342   -0.42084239083048      C 
   -2.07147052884284    0.04290918208575   -0.63523875722246      O 
   -0.77073962809051   -2.11914215783680   -0.27657146777024      C 
    1.69907162023599   -1.62266449739129    0.17955618260301      C 
    1.92907248836735    1.07018173404499    0.08830835570277      C 
    4.24334341523759    2.47441399344236    0.46180367193785      C 
    6.29266371851138    1.60802692180907    0.92009131540000      O 
    3.90612871276283    5.39217983484479    0.21230066075590      C 
    2.22060325569104    6.28212622134210    1.89403740047049      F 
    6.05371823416380    6.63873019718167    0.56984973731110      F 
    3.02941724935433    6.02857582913124   -2.08736986326189      F 
   -1.20776815532551    3.82791059726216   -0.65356586334838      H 
   -1.80768740762648   -3.85462732885087   -0.39365620804625      H 
    3.20191383903048   -2.92586060058425    0.53528618946760      H 
$end
           -------------------------------------------------
          |                Final Singlepoint                |
           -------------------------------------------------

          ...................................................
          :                      SETUP                      :
          :.................................................:
          :  # basis functions                  47          :
          :  # atomic orbitals                  47          :
          :  # shells                           25          :
          :  # electrons                        60          :
          :  max. iterations                   250          :
          :  Hamiltonian                  GFN2-xTB          :
          :  restarted?                      false          :
          :  GBSA solvation                  false          :
          :  PC potential                    false          :
          :  electronic temp.          300.0000000     K    :
          :  accuracy                    1.0000000          :
          :  -> integral cutoff          0.2500000E+02      :
          :  -> integral neglect         0.1000000E-07      :
          :  -> SCF convergence          0.1000000E-05 Eh   :
          :  -> wf. convergence          0.1000000E-03 e    :
          :  Broyden damping             0.4000000          :
          ...................................................

 iter      E             dE          RMSdq      gap      omega  full diag
   1    -36.9731738 -0.369732E+02  0.756E-05    3.18       0.0  T
   2    -36.9731738 -0.108997E-10  0.368E-05    3.18     725.9  T
   3    -36.9731738 -0.122213E-11  0.274E-05    3.18     974.9  T

   *** convergence criteria satisfied after 3 iterations ***

         #    Occupation            Energy/Eh            Energy/eV
      -------------------------------------------------------------
         1        2.0000           -0.8944745             -24.3399
       ...           ...                  ...                  ...
        24        2.0000           -0.5414290             -14.7330
        25        2.0000           -0.5313118             -14.4577
        26        2.0000           -0.5137311             -13.9793
        27        2.0000           -0.5041941             -13.7198
        28        2.0000           -0.4750757             -12.9275
        29        2.0000           -0.4467619             -12.1570
        30        2.0000           -0.4446953             -12.1008 (HOMO)
        31                         -0.3280009              -8.9254 (LUMO)
        32                         -0.2502851              -6.8106
        33                         -0.1831590              -4.9840
        34                         -0.0191726              -0.5217
        35                          0.0439645               1.1963
       ...                                ...                  ...
        47                          0.6581901              17.9103
      -------------------------------------------------------------
                  HL-Gap            0.1166944 Eh            3.1754 eV
             Fermi-level           -0.3863481 Eh          -10.5131 eV

 SCC (total)                   0 d,  0 h,  0 min,  0.014 sec
 SCC setup                      ...        0 min,  0.000 sec (  0.977%)
 Dispersion                     ...        0 min,  0.000 sec (  0.554%)
 integral evaluation            ...        0 min,  0.005 sec ( 32.183%)
 zeroth order Hamiltonian       ...        0 min,  0.000 sec (  0.603%)
 iterations                     ...        0 min,  0.002 sec ( 16.318%)
 molecular gradient             ...        0 min,  0.007 sec ( 47.072%)
 printout                       ...        0 min,  0.000 sec (  1.968%)

         :::::::::::::::::::::::::::::::::::::::::::::::::::::
         ::                     SUMMARY                     ::
         :::::::::::::::::::::::::::::::::::::::::::::::::::::
         :: total energy             -36.679301947014 Eh    ::
         :: gradient norm              0.000466280399 Eh/a0 ::
         :: HOMO-LUMO gap              3.175416475796 eV    ::
         ::.................................................::
         :: SCC energy               -36.973173758993 Eh    ::
         :: -> isotropic ES            0.065611063914 Eh    ::
         :: -> anisotropic ES          0.002316296007 Eh    ::
         :: -> anisotropic XC         -0.016174636130 Eh    ::
         :: -> dispersion             -0.011090803842 Eh    ::
         :: repulsion energy           0.293856682666 Eh    ::
         :: add. restraining           0.000000000000 Eh    ::
         :::::::::::::::::::::::::::::::::::::::::::::::::::::

           -------------------------------------------------
          |                Property Printout                |
           -------------------------------------------------

    * Orbital Energies and Occupations

         #    Occupation            Energy/Eh            Energy/eV
      -------------------------------------------------------------
         1        2.0000           -0.8944745             -24.3399
       ...           ...                  ...                  ...
        18        2.0000           -0.5674328             -15.4406
        19        2.0000           -0.5607841             -15.2597
        20        2.0000           -0.5562655             -15.1368
        21        2.0000           -0.5499049             -14.9637
        22        2.0000           -0.5484634             -14.9244
        23        2.0000           -0.5445555             -14.8181
        24        2.0000           -0.5414290             -14.7330
        25        2.0000           -0.5313118             -14.4577
        26        2.0000           -0.5137311             -13.9793
        27        2.0000           -0.5041941             -13.7198
        28        2.0000           -0.4750757             -12.9275
        29        2.0000           -0.4467619             -12.1570
        30        2.0000           -0.4446953             -12.1008 (HOMO)
        31                         -0.3280009              -8.9254 (LUMO)
        32                         -0.2502851              -6.8106
        33                         -0.1831590              -4.9840
        34                         -0.0191726              -0.5217
        35                          0.0439645               1.1963
        36                          0.0587413               1.5984
        37                          0.0661351               1.7996
        38                          0.0850643               2.3147
        39                          0.1123276               3.0566
        40                          0.1225969               3.3360
        41                          0.1470152               4.0005
       ...                                ...                  ...
        47                          0.6581901              17.9103
      -------------------------------------------------------------
                  HL-Gap            0.1166944 Eh            3.1754 eV
             Fermi-level           -0.3863481 Eh          -10.5131 eV

     #   Z        covCN         q      C6AA      α(0)
     1   6 C      3.058     0.090    25.941     8.353
     2   8 O      1.732    -0.127    16.219     5.438
     3   6 C      3.072     0.072    26.320     8.412
     4   6 C      3.003    -0.045    29.113     8.851
     5   6 C      3.075    -0.037    28.828     8.803
     6   6 C      2.811     0.212    23.511     7.944
     7   8 O      0.857    -0.289    19.582     5.933
     8   6 C      3.327     0.460    17.764     6.696
     9   9 F      0.790    -0.204    11.271     3.966
    10   9 F      0.790    -0.175    10.978     3.914
    11   9 F      0.790    -0.203    11.270     3.966
    12   1 H      0.926     0.088     1.898     2.155
    13   1 H      0.926     0.077     2.008     2.216
    14   1 H      0.927     0.080     1.982     2.201

 Mol. C6AA /au·bohr⁶  :       2745.183521
 Mol. C8AA /au·bohr⁸  :      64603.902459
 Mol. α(0) /au        :         78.845882


Wiberg/Mayer (AO) data.
largest (>0.10) Wiberg bond orders for each atom
          total WBO             WBO to atom ...
     1  C   3.922        C    5 1.468    O    2 1.217    H   12 0.960    C    3 0.127
     2  O   2.511        C    1 1.217    C    3 1.118
     3  C   3.904        C    4 1.648    O    2 1.118    H   13 0.964    C    1 0.127
     4  C   3.984        C    3 1.648    C    5 1.225    H   14 0.970
     5  C   3.978        C    1 1.468    C    4 1.225    C    6 1.097
     6  C   3.947        O    7 1.852    C    5 1.097    C    8 0.869
     7  O   2.126        C    6 1.852
     8  C   3.821        F   10 0.979    F   11 0.945    F    9 0.945    C    6 0.869
     9  F   1.074        C    8 0.945
    10  F   1.107        C    8 0.979
    11  F   1.074        C    8 0.945
    12  H   0.992        C    1 0.960
    13  H   0.993        C    3 0.964
    14  H   0.994        C    4 0.970

molecular dipole:
                 x           y           z       tot (Debye)
 q only:       -1.219      -1.263      -0.164
   full:       -1.368      -1.185      -0.198       4.628
molecular quadrupole (traceless):
                xx          xy          yy          xz          yz          zz
 q only:       -5.730      -7.647       0.047      -1.411      -0.642       5.683
  q+dip:       -6.973      -7.932       1.955      -1.467      -0.863       5.018
   full:       -8.186      -7.825       0.985      -2.163      -0.658       7.201

           -------------------------------------------------
          |                Geometry Summary                 |
           -------------------------------------------------

      molecular mass/u    :      164.0837000
   center of mass at/Å    :        1.3189997       1.5134836       0.0455765
  moments of inertia/u·Å² :        0.2158823E+03   0.6451176E+03   0.7728352E+03
rotational constants/cm⁻¹ :        0.7808714E-01   0.2613110E-01   0.2181271E-01

 * 12 selected distances

     #   Z        #   Z                                     value/Å
     1   6 C      2   8 O                                 1.3221630
     2   8 O      3   6 C                                 1.3486245
     3   6 C      4   6 C                                 1.3547878
     1   6 C      5   6 C                                 1.3811786
     4   6 C      5   6 C                                 1.4309962 (max)
     6   6 C      7   8 O                                 1.2021025
     8   6 C      9   9 F                                 1.3451140
     8   6 C     10   9 F                                 1.3275780
     8   6 C     11   9 F                                 1.3452043
     1   6 C     12   1 H                                 1.0729359
     3   6 C     13   1 H                                 1.0716170
     4   6 C     14   1 H                                 1.0693308 (min)

 * 4 distinct bonds (by element types)

   Z      Z             #   av. dist./Å        max./Å        min./Å
   1 H    6 C           3     1.0712946     1.0729359     1.0693308
   6 C    6 C           3     1.3889876     1.4309962     1.3547878
   6 C    8 O           3     1.2909633     1.3486245     1.2021025
   6 C    9 F           3     1.3392988     1.3452043     1.3275780


optimized geometry written to: xtbopt.xyz


           -------------------------------------------------
          | TOTAL ENERGY              -36.679301947014 Eh   |
          | GRADIENT NORM               0.000466280399 Eh/α |
          | HOMO-LUMO GAP               3.175416475796 eV   |
           -------------------------------------------------

------------------------------------------------------------------------
 * finished run on 2021/05/19 at 11:00:24.869     
------------------------------------------------------------------------
 total:
 * wall-time:     0 d,  0 h,  0 min,  0.432 sec
 *  cpu-time:     0 d,  0 h,  0 min,  0.432 sec
 * ratio c/w:     0.999 speedup
 SCF:
 * wall-time:     0 d,  0 h,  0 min,  0.021 sec
 *  cpu-time:     0 d,  0 h,  0 min,  0.021 sec
 * ratio c/w:     1.000 speedup
 ANC optimizer:
 * wall-time:     0 d,  0 h,  0 min,  0.394 sec
 *  cpu-time:     0 d,  0 h,  0 min,  0.394 sec
 * ratio c/w:     1.000 speedup

