      -----------------------------------------------------------      
     |                   =====================                   |     
     |                           x T B                           |     
     |                   =====================                   |     
     |                         S. Grimme                         |     
     |          Mulliken Center for Theoretical Chemistry        |     
     |                    University of Bonn                     |     
     |                Version 6.2 RC2 (SAW190805)                |     
      -----------------------------------------------------------      

   This program is distributed in the hope that it will be useful,
   but WITHOUT ANY WARRANTY; without even the implied warranty of
   MERCHANTABILITY or FITNESS FOR A PARTICULAR PURPOSE.
   
   FOR NON-COMMERCIAL, ACADEMIA USE ONLY.
   
   Cite this work as:
   * S. Grimme, C. Bannwarth, P. Shushkov, J. Chem. Theory Comput., 2017,
     13, 1989-2009. DOI: 10.1021/acs.jctc.7b00118
   * C. Bannwarth, S. Ehlert and S. Grimme., J. Chem. Theory Comput., 2019,
     15, 1652-1671. DOI: 10.1021/acs.jctc.8b01176
   * P. Pracht, E. Caldeweyher, S. Ehlert, S. Grimme, ChemRxiv, 2019, preprint.
     DOI: 10.26434/chemrxiv.8326202.v1
   
   for DFT-D4:
   * E. Caldeweyher, C. Bannwarth and S. Grimme, J. Chem. Phys., 2017,
     147, 034112. DOI: 10.1063/1.4993215
   * E. Caldeweyher, S. Ehlert, A. Hansen, H. Neugebauer, S. Spicher,
     C. Bannwarth and S. Grimme, J. Chem. Phys., 2019, 150, 154122.
     DOI: 10.1063/1.5090222
   
   for sTDA-xTB:
   * S. Grimme and C. Bannwarth, J. Chem. Phys., 2016, 145, 054103.
     DOI: 10.1063/1.4959605
   
   in the mass-spec context:
   * V. Asgeirsson, C. Bauer and S. Grimme, Chem. Sci., 2017, 8, 4879.
     DOI: 10.1039/c7sc00601b
   
   for metadynamics refer to:
   * S. Grimme, J. Chem. Theory Comput., 2019, 155, 2847-2862
     DOI: 10.1021/acs.jctc.9b00143
   
   with help from (in alphabetical order)
   C. Bannwarth, F. Bohle, G. Brandenburg, E. Caldeweyher, M. Checinski,
   S. Dohm, S. Ehlert, S. Ehrlich, F. März, H. Neugebauer, J. Pisarek,
   P. Pracht, P. Shushkov, and S. Spicher.
   
 * started run on 2021/05/19 at 10:58:51.277     

           -------------------------------------------------
          |                Calculation Setup                |
           -------------------------------------------------

          program call               : /ihome/ghutchison/geoffh/xtb/xtb 83.xyz -opt
          hostname                   : smp-n58
          coordinate file            : 83.xyz
          omp threads                :                     1
          number of atoms            :                    19
          number of electrons        :                    58
          charge                     :                     0
          spin                       :                   0.0
          first test random number   :      0.83193035037912


########################################################################
# WARNING! Please study the warnings concerning your input carefully
#  - the use of '-opt' is discouraged, please use '--opt' next time
########################################################################

           ------------------------------------------------- 
          |                 G F N 2 - x T B                 |
          | Geometry, Frequencies, Noncovalent interactions |
          |            JCTC 2019 parametrisation            |
           ------------------------------------------------- 
             KAB for C  - Si     :                1.0500
             KAB for H  - Pd     :                0.9500
             k(s)              :                1.8500
             k(p)              :                2.2300
             k(d)              :                2.2300
             k(f)              :                2.0000
             kEN (H0ij)        :               -2.0000
             D4 a1             :                0.5200
             D4 a2             :                5.0000
             D4 s6             :                1.0000
             D4 s8             :                2.7000
             D4 s9             :                5.0000
             alphaj            :                2.0000

  Z AO/shell   Hii/eV     exponent
  1     Wed Apr 25 08:07:45 CEST 2018   EN: 2.200 GM2: 0.406  GM3: 0.0800  RAES: 1.40
     1s    -10.707211    1.230000
  6     Wed Apr 25 08:07:45 CEST 2018   EN: 2.550 GM2: 0.538  GM3: 0.1500  RAES: 3.00
     2s    -13.970922    2.096432
     2p    -10.063292    1.800000
  7     Wed Apr 25 08:07:45 CEST 2018   EN: 3.040 GM2: 0.461  GM3:-0.0640  RAES: 1.90
     2s    -16.686243    2.339881
     2p    -12.523956    2.014332

           ------------------------------------------------- 
          |        Self-Consistent Charge Iterations        |
           ------------------------------------------------- 

          ...................................................
          :                      SETUP                      :
          :.................................................:
          :  # basis functions                  55          :
          :  # atomic orbitals                  55          :
          :  # shells                           31          :
          :  # electrons                        58          :
          :  max. iterations                   250          :
          :  Hamiltonian                  GFN2-xTB          :
          :  restarted?                      false          :
          :  GBSA solvation                  false          :
          :  PC potential                    false          :
          :  electronic temp.          300.0000000     K    :
          :  accuracy                    1.0000000          :
          :  -> integral cutoff          0.2500000E+02      :
          :  -> integral neglect         0.1000000E-07      :
          :  -> SCF convergence          0.1000000E-05 Eh   :
          :  -> wf. convergence          0.1000000E-03 e    :
          :  Broyden damping             0.4000000          :
          ...................................................

 iter      E             dE          RMSdq      gap      omega  full diag
   1    -32.0050518 -0.320051E+02  0.510E+00    1.66       0.0  T
   2    -32.0353179 -0.302661E-01  0.317E+00    1.53       1.0  T
   3    -32.0245091  0.108088E-01  0.138E+00    1.33       1.0  T
   4    -32.0408238 -0.163147E-01  0.415E-01    1.23       1.0  T
   5    -32.0436475 -0.282368E-02  0.178E-01    1.23       1.0  T
   6    -32.0440085 -0.360997E-03  0.540E-02    1.24       1.0  T
   7    -32.0440474 -0.389697E-04  0.225E-02    1.24       1.0  T
   8    -32.0440476 -0.212294E-06  0.945E-03    1.24       2.4  T
   9    -32.0440484 -0.721635E-06  0.400E-03    1.24       5.7  T
  10    -32.0440485 -0.186219E-06  0.154E-03    1.24      14.9  T
  11    -32.0440486 -0.156074E-07  0.623E-04    1.24      36.8  T
  12    -32.0440486 -0.889685E-09  0.195E-04    1.24     117.6  T

   *** convergence criteria satisfied after 12 iterations ***

         #    Occupation            Energy/Eh            Energy/eV
      -------------------------------------------------------------
         1        2.0000           -0.6878276             -18.7167
       ...           ...                  ...                  ...
        23        2.0000           -0.4453802             -12.1194
        24        2.0000           -0.4428656             -12.0510
        25        2.0000           -0.4360048             -11.8643
        26        2.0000           -0.4244923             -11.5510
        27        2.0000           -0.4016772             -10.9302
        28        2.0000           -0.3862088             -10.5093
        29        2.0000           -0.3674916             -10.0000 (HOMO)
        30                         -0.3220078              -8.7623 (LUMO)
        31                         -0.2628241              -7.1518
        32                         -0.2542498              -6.9185
        33                         -0.1966064              -5.3499
        34                         -0.1818541              -4.9485
       ...                                ...                  ...
        55                          0.6313974              17.1812
      -------------------------------------------------------------
                  HL-Gap            0.0454838 Eh            1.2377 eV
             Fermi-level           -0.3447497 Eh           -9.3811 eV

 SCC (total)                   0 d,  0 h,  0 min,  0.025 sec
 SCC setup                      ...        0 min,  0.000 sec (  0.857%)
 Dispersion                     ...        0 min,  0.000 sec (  0.813%)
 integral evaluation            ...        0 min,  0.006 sec ( 22.312%)
 zeroth order Hamiltonian       ...        0 min,  0.000 sec (  0.481%)
 iterations                     ...        0 min,  0.010 sec ( 41.267%)
 molecular gradient             ...        0 min,  0.008 sec ( 32.929%)
 printout                       ...        0 min,  0.000 sec (  1.163%)

         :::::::::::::::::::::::::::::::::::::::::::::::::::::
         ::                     SUMMARY                     ::
         :::::::::::::::::::::::::::::::::::::::::::::::::::::
         :: total energy             -31.549312091608 Eh    ::
         :: gradient norm              0.113133080648 Eh/a0 ::
         :: HOMO-LUMO gap              1.237677152570 eV    ::
         ::.................................................::
         :: SCC energy               -32.044048557739 Eh    ::
         :: -> isotropic ES            0.021456568515 Eh    ::
         :: -> anisotropic ES          0.003921675271 Eh    ::
         :: -> anisotropic XC          0.035989085751 Eh    ::
         :: -> dispersion             -0.018719572307 Eh    ::
         :: repulsion energy           0.494670180513 Eh    ::
         :: add. restraining           0.000000000000 Eh    ::
         :::::::::::::::::::::::::::::::::::::::::::::::::::::

      ----------------------------------------------------------- 
     |                   =====================                   |
     |                        A N C O P T                        |
     |                   =====================                   |
     |               Approximate Normal Coordinate               |
     |                Rational Function Optimizer                |
      ----------------------------------------------------------- 

          ...................................................
          :                      SETUP                      :
          :.................................................:
          :   optimization level            normal          :
          :   max. optcycles                   200          :
          :   ANC micro-cycles                  20          :
          :   degrees of freedom                51          :
          :.................................................:
          :   RF solver                   davidson          :
          :   input Hessian                  false          :
          :   write xtbopt.log                true          :
          :   linear?                        false          :
          :   energy convergence         0.5000000E-05 Eh   :
          :   grad. convergence          0.1000000E-02 Eh/α :
          :   maximium RF displ.         2.0000000          :
          :   Hlow (freq-cutoff)         0.5000000E-02      :
          :   Hmax (freq-cutoff)         5.0000000          :
          :   S6 in model hess.         20.0000000          :
          ...................................................

generating ANC from model Hessian ...
Using Lindh-Hessian (1995)
 Shifting diagonal of input Hessian by   2.118216792532452E-003
 Lowest  eigenvalues of input Hessian
   -0.000000   -0.000000    0.000000    0.000000    0.000000    0.000000
    0.005000    0.006300    0.007977    0.010592    0.013105    0.019396
    0.029621    0.035719    0.042657    0.043782    0.049498    0.060373
 Highest eigenvalues
    1.845924    1.901603    1.931692    2.046284    2.108254    2.178971
 

........................................................................
.............................. CYCLE    1 ..............................
........................................................................
   1    -32.0440486 -0.320440E+02  0.987E-05    1.24       0.0  T
   2    -32.0440486 -0.216218E-10  0.646E-05    1.24     355.2  T
   3    -32.0440486 -0.151061E-10  0.433E-05    1.24     530.2  T
     SCC iter.                  ...        0 min,  0.003 sec
     gradient                   ...        0 min,  0.009 sec
 * total energy  :   -31.5493121 Eh     change        0.1043952E-07 Eh
   gradient norm :     0.1131336 Eh/α   predicted     0.0000000E+00 (-100.00%)
   displ. norm   :     0.2425597 α      lambda       -0.1201069E-01
   maximum displ.:     0.1171930 α      in ANC's #15, #2, #9, ...

........................................................................
.............................. CYCLE    2 ..............................
........................................................................
   1    -32.0700660 -0.320701E+02  0.258E-01    1.35       0.0  T
   2    -32.0701478 -0.817580E-04  0.157E-01    1.35       1.0  T
   3    -32.0700896  0.581474E-04  0.890E-02    1.35       1.0  T
   4    -32.0701885 -0.988840E-04  0.199E-02    1.34       1.2  T
   5    -32.0701945 -0.596672E-05  0.672E-03    1.34       3.4  T
   6    -32.0701948 -0.310428E-06  0.303E-03    1.34       7.6  T
   7    -32.0701948 -0.347383E-07  0.104E-03    1.34      22.1  T
     SCC iter.                  ...        0 min,  0.005 sec
     gradient                   ...        0 min,  0.008 sec
 * total energy  :   -31.5575876 Eh     change       -0.8275535E-02 Eh
   gradient norm :     0.0474635 Eh/α   predicted    -0.6358676E-02 ( -23.16%)
   displ. norm   :     0.2350270 α      lambda       -0.3310277E-02
   maximum displ.:     0.1360008 α      in ANC's #2, #3, #1, ...

........................................................................
.............................. CYCLE    3 ..............................
........................................................................
   1    -32.0810890 -0.320811E+02  0.213E-01    1.40       0.0  T
   2    -32.0811198 -0.307820E-04  0.126E-01    1.39       1.0  T
   3    -32.0810767  0.430492E-04  0.606E-02    1.40       1.0  T
   4    -32.0811357 -0.590087E-04  0.104E-02    1.39       2.2  T
   5    -32.0811371 -0.134962E-05  0.486E-03    1.39       4.7  T
   6    -32.0811372 -0.979360E-07  0.203E-03    1.39      11.3  T
     SCC iter.                  ...        0 min,  0.004 sec
     gradient                   ...        0 min,  0.008 sec
 * total energy  :   -31.5593848 Eh     change       -0.1797183E-02 Eh
   gradient norm :     0.0092160 Eh/α   predicted    -0.1746591E-02 (  -2.82%)
   displ. norm   :     0.1831345 α      lambda       -0.5258846E-03
   maximum displ.:     0.1294806 α      in ANC's #2, #3, #1, ...

........................................................................
.............................. CYCLE    4 ..............................
........................................................................
   1    -32.0797650 -0.320798E+02  0.130E-01    1.39       0.0  T
   2    -32.0797672 -0.219921E-05  0.771E-02    1.39       1.0  T
   3    -32.0797402  0.270316E-04  0.461E-02    1.39       1.0  T
   4    -32.0797718 -0.316364E-04  0.409E-03    1.39       5.6  T
   5    -32.0797719 -0.105376E-06  0.214E-03    1.39      10.7  T
   6    -32.0797719 -0.124080E-07  0.626E-04    1.39      36.6  T
     SCC iter.                  ...        0 min,  0.005 sec
     gradient                   ...        0 min,  0.009 sec
 * total energy  :   -31.5596935 Eh     change       -0.3087040E-03 Eh
   gradient norm :     0.0067150 Eh/α   predicted    -0.2717622E-03 ( -11.97%)
   displ. norm   :     0.2054047 α      lambda       -0.3581285E-03
   maximum displ.:     0.1365585 α      in ANC's #2, #1, #3, ...

........................................................................
.............................. CYCLE    5 ..............................
........................................................................
   1    -32.0776013 -0.320776E+02  0.118E-01    1.38       0.0  T
   2    -32.0776030 -0.172101E-05  0.699E-02    1.38       1.0  T
   3    -32.0775887  0.142734E-04  0.278E-02    1.38       1.0  T
   4    -32.0776050 -0.162488E-04  0.340E-03    1.38       6.7  T
   5    -32.0776050 -0.410455E-07  0.191E-03    1.38      12.0  T
   6    -32.0776051 -0.274479E-07  0.685E-04    1.38      33.5  T
     SCC iter.                  ...        0 min,  0.004 sec
     gradient                   ...        0 min,  0.008 sec
 * total energy  :   -31.5598909 Eh     change       -0.1974393E-03 Eh
   gradient norm :     0.0048349 Eh/α   predicted    -0.1866305E-03 (  -5.47%)
   displ. norm   :     0.0893466 α      lambda       -0.1045236E-03
   maximum displ.:     0.0632795 α      in ANC's #2, #1, #4, ...

........................................................................
.............................. CYCLE    6 ..............................
........................................................................
   1    -32.0786009 -0.320786E+02  0.664E-02    1.37       0.0  T
   2    -32.0786014 -0.494460E-06  0.391E-02    1.37       1.0  T
   3    -32.0785988  0.261226E-05  0.123E-02    1.37       1.9  T
   4    -32.0786017 -0.298485E-05  0.165E-03    1.37      13.9  T
   5    -32.0786018 -0.171637E-07  0.865E-04    1.37      26.5  T
     SCC iter.                  ...        0 min,  0.004 sec
     gradient                   ...        0 min,  0.008 sec
 * total energy  :   -31.5599756 Eh     change       -0.8465327E-04 Eh
   gradient norm :     0.0033601 Eh/α   predicted    -0.5267939E-04 ( -37.77%)
   displ. norm   :     0.1922705 α      lambda       -0.1673856E-03
   maximum displ.:     0.1247992 α      in ANC's #2, #1, #3, ...

........................................................................
.............................. CYCLE    7 ..............................
........................................................................
   1    -32.0799147 -0.320799E+02  0.132E-01    1.37       0.0  T
   2    -32.0799164 -0.176885E-05  0.775E-02    1.37       1.0  T
   3    -32.0799123  0.409328E-05  0.162E-02    1.37       1.4  T
   4    -32.0799173 -0.496984E-05  0.305E-03    1.37       7.5  T
   5    -32.0799173 -0.412029E-07  0.161E-03    1.37      14.3  T
   6    -32.0799174 -0.187620E-07  0.511E-04    1.37      44.9  T
   7    -32.0799174 -0.250159E-08  0.198E-04    1.37     116.1  T
     SCC iter.                  ...        0 min,  0.005 sec
     gradient                   ...        0 min,  0.008 sec
 * total energy  :   -31.5601012 Eh     change       -0.1256431E-03 Eh
   gradient norm :     0.0035901 Eh/α   predicted    -0.8680087E-04 ( -30.91%)
   displ. norm   :     0.2479586 α      lambda       -0.1487415E-03
   maximum displ.:     0.1535693 α      in ANC's #2, #1, #3, ...

........................................................................
.............................. CYCLE    8 ..............................
........................................................................
   1    -32.0793186 -0.320793E+02  0.162E-01    1.37       0.0  T
   2    -32.0793204 -0.182244E-05  0.950E-02    1.37       1.0  T
   3    -32.0793148  0.559463E-05  0.197E-02    1.37       1.2  T
   4    -32.0793215 -0.671347E-05  0.317E-03    1.37       7.2  T
   5    -32.0793216 -0.250048E-07  0.161E-03    1.37      14.2  T
   6    -32.0793216 -0.135460E-07  0.534E-04    1.37      43.0  T
   7    -32.0793216 -0.286609E-08  0.186E-04    1.37     123.5  T
     SCC iter.                  ...        0 min,  0.005 sec
     gradient                   ...        0 min,  0.009 sec
 * total energy  :   -31.5602072 Eh     change       -0.1059757E-03 Eh
   gradient norm :     0.0048825 Eh/α   predicted    -0.7894639E-04 ( -25.51%)
   displ. norm   :     0.2245156 α      lambda       -0.1306553E-03
   maximum displ.:     0.1292073 α      in ANC's #1, #2, #3, ...

........................................................................
.............................. CYCLE    9 ..............................
........................................................................
   1    -32.0792011 -0.320792E+02  0.139E-01    1.37       0.0  T
   2    -32.0792024 -0.126084E-05  0.813E-02    1.37       1.0  T
   3    -32.0792016  0.820910E-06  0.934E-03    1.37       2.5  T
   4    -32.0792029 -0.136508E-05  0.282E-03    1.37       8.1  T
   5    -32.0792030 -0.307384E-07  0.129E-03    1.37      17.9  T
     SCC iter.                  ...        0 min,  0.004 sec
     gradient                   ...        0 min,  0.009 sec
 * total energy  :   -31.5602985 Eh     change       -0.9130852E-04 Eh
   gradient norm :     0.0041915 Eh/α   predicted    -0.6863442E-04 ( -24.83%)
   displ. norm   :     0.1650002 α      lambda       -0.1031665E-03
   maximum displ.:     0.1000820 α      in ANC's #3, #1, #2, ...

........................................................................
.............................. CYCLE   10 ..............................
........................................................................
   1    -32.0799120 -0.320799E+02  0.975E-02    1.36       0.0  T
   2    -32.0799128 -0.812009E-06  0.572E-02    1.36       1.0  T
   3    -32.0799117  0.111663E-05  0.861E-03    1.36       2.7  T
   4    -32.0799132 -0.146313E-05  0.194E-03    1.36      11.8  T
   5    -32.0799132 -0.233787E-07  0.113E-03    1.36      20.4  T
     SCC iter.                  ...        0 min,  0.004 sec
     gradient                   ...        0 min,  0.009 sec
 * total energy  :   -31.5603608 Eh     change       -0.6232101E-04 Eh
   gradient norm :     0.0028893 Eh/α   predicted    -0.5299208E-04 ( -14.97%)
   displ. norm   :     0.2303630 α      lambda       -0.6948032E-04
   maximum displ.:     0.1614564 α      in ANC's #1, #3, #2, ...

........................................................................
.............................. CYCLE   11 ..............................
........................................................................
   1    -32.0779165 -0.320779E+02  0.133E-01    1.36       0.0  T
   2    -32.0779176 -0.105651E-05  0.781E-02    1.36       1.0  T
   3    -32.0779149  0.265659E-05  0.139E-02    1.36       1.6  T
   4    -32.0779182 -0.329067E-05  0.243E-03    1.36       9.5  T
   5    -32.0779182 -0.145642E-07  0.116E-03    1.36      19.8  T
   6    -32.0779182 -0.103544E-07  0.325E-04    1.36      70.6  T
   7    -32.0779182 -0.117996E-08  0.126E-04    1.36     181.5  T
     SCC iter.                  ...        0 min,  0.005 sec
     gradient                   ...        0 min,  0.009 sec
 * total energy  :   -31.5603819 Eh     change       -0.2104252E-04 Eh
   gradient norm :     0.0047248 Eh/α   predicted    -0.3658504E-04 (  73.86%)
   displ. norm   :     0.0517497 α      lambda       -0.7266861E-04
   maximum displ.:     0.0426541 α      in ANC's #2, #4, #1, ...

........................................................................
.............................. CYCLE   12 ..............................
........................................................................
   1    -32.0800899 -0.320801E+02  0.375E-02    1.36       0.0  T
   2    -32.0800904 -0.528165E-06  0.210E-02    1.36       1.1  T
   3    -32.0800886  0.185232E-05  0.129E-02    1.36       1.8  T
   4    -32.0800909 -0.230778E-05  0.160E-03    1.36      14.3  T
   5    -32.0800909 -0.466257E-08  0.863E-04    1.36      26.6  T
     SCC iter.                  ...        0 min,  0.004 sec
     gradient                   ...        0 min,  0.008 sec
 * total energy  :   -31.5604029 Eh     change       -0.2100520E-04 Eh
   gradient norm :     0.0039742 Eh/α   predicted    -0.3643274E-04 (  73.45%)
   displ. norm   :     0.0600340 α      lambda       -0.5299022E-04
   maximum displ.:     0.0488294 α      in ANC's #1, #5, #3, ...

........................................................................
.............................. CYCLE   13 ..............................
........................................................................
   1    -32.0800826 -0.320801E+02  0.369E-02    1.36       0.0  T
   2    -32.0800829 -0.310442E-06  0.211E-02    1.36       1.1  T
   3    -32.0800820  0.882849E-06  0.779E-03    1.36       2.9  T
   4    -32.0800831 -0.108116E-05  0.132E-03    1.36      17.4  T
   5    -32.0800831 -0.396831E-09  0.687E-04    1.36      33.4  T
   6    -32.0800831 -0.357684E-08  0.212E-04    1.36     108.4  T
     SCC iter.                  ...        0 min,  0.005 sec
     gradient                   ...        0 min,  0.009 sec
 * total energy  :   -31.5604342 Eh     change       -0.3129418E-04 Eh
   gradient norm :     0.0020022 Eh/α   predicted    -0.2659985E-04 ( -15.00%)
   displ. norm   :     0.1516938 α      lambda       -0.3640338E-04
   maximum displ.:     0.1289737 α      in ANC's #1, #3, #2, ...

........................................................................
.............................. CYCLE   14 ..............................
........................................................................
   1    -32.0791280 -0.320791E+02  0.934E-02    1.35       0.0  T
   2    -32.0791290 -0.102779E-05  0.540E-02    1.35       1.0  T
   3    -32.0791276  0.145713E-05  0.107E-02    1.35       2.1  T
   4    -32.0791295 -0.196130E-05  0.239E-03    1.35       9.6  T
   5    -32.0791295 -0.186144E-08  0.107E-03    1.35      21.5  T
   6    -32.0791295 -0.126352E-07  0.296E-04    1.35      77.4  T
   7    -32.0791295 -0.883176E-09  0.103E-04    1.35     222.6  T
     SCC iter.                  ...        0 min,  0.006 sec
     gradient                   ...        0 min,  0.009 sec
 * total energy  :   -31.5604597 Eh     change       -0.2546527E-04 Eh
   gradient norm :     0.0026603 Eh/α   predicted    -0.1862481E-04 ( -26.86%)
   displ. norm   :     0.1662342 α      lambda       -0.3910503E-04
   maximum displ.:     0.1487530 α      in ANC's #1, #3, #5, ...

........................................................................
.............................. CYCLE   15 ..............................
........................................................................
   1    -32.0787123 -0.320787E+02  0.109E-01    1.35       0.0  T
   2    -32.0787146 -0.230453E-05  0.621E-02    1.36       1.0  T
   3    -32.0787139  0.620346E-06  0.965E-03    1.36       2.4  T
   4    -32.0787154 -0.147775E-05  0.334E-03    1.36       6.9  T
   5    -32.0787155 -0.282017E-07  0.102E-03    1.36      22.6  T
   6    -32.0787155 -0.109514E-07  0.316E-04    1.36      72.7  T
   7    -32.0787155 -0.122020E-08  0.111E-04    1.36     206.7  T
     SCC iter.                  ...        0 min,  0.006 sec
     gradient                   ...        0 min,  0.009 sec
 * total energy  :   -31.5604879 Eh     change       -0.2820132E-04 Eh
   gradient norm :     0.0030987 Eh/α   predicted    -0.2009917E-04 ( -28.73%)
   displ. norm   :     0.1635699 α      lambda       -0.4767935E-04
   maximum displ.:     0.1431225 α      in ANC's #1, #4, #5, ...

........................................................................
.............................. CYCLE   16 ..............................
........................................................................
   1    -32.0790442 -0.320790E+02  0.119E-01    1.36       0.0  T
   2    -32.0790479 -0.366213E-05  0.663E-02    1.36       1.0  T
   3    -32.0790473  0.585819E-06  0.113E-02    1.36       2.0  T
   4    -32.0790492 -0.187631E-05  0.385E-03    1.36       6.0  T
   5    -32.0790492 -0.341341E-07  0.127E-03    1.36      18.1  T
   6    -32.0790492 -0.144557E-07  0.475E-04    1.36      48.3  T
   7    -32.0790492 -0.374239E-08  0.133E-04    1.36     172.5  T
     SCC iter.                  ...        0 min,  0.006 sec
     gradient                   ...        0 min,  0.009 sec
 * total energy  :   -31.5605172 Eh     change       -0.2930052E-04 Eh
   gradient norm :     0.0034784 Eh/α   predicted    -0.2448512E-04 ( -16.43%)
   displ. norm   :     0.1370717 α      lambda       -0.2148812E-04
   maximum displ.:     0.1235707 α      in ANC's #1, #3, #4, ...

........................................................................
.............................. CYCLE   17 ..............................
........................................................................
   1    -32.0790188 -0.320790E+02  0.946E-02    1.36       0.0  T
   2    -32.0790206 -0.179188E-05  0.534E-02    1.36       1.0  T
   3    -32.0790210 -0.427658E-06  0.477E-03    1.36       4.8  T
   4    -32.0790212 -0.142495E-06  0.271E-03    1.36       8.5  T
   5    -32.0790212 -0.597775E-07  0.521E-04    1.36      44.0  T
   6    -32.0790212 -0.446418E-08  0.166E-04    1.36     138.4  T
     SCC iter.                  ...        0 min,  0.004 sec
     gradient                   ...        0 min,  0.008 sec
 * total energy  :   -31.5605320 Eh     change       -0.1486095E-04 Eh
   gradient norm :     0.0026232 Eh/α   predicted    -0.1095277E-04 ( -26.30%)
   displ. norm   :     0.1368146 α      lambda       -0.2369874E-04
   maximum displ.:     0.1265675 α      in ANC's #1, #3, #23, ...

........................................................................
.............................. CYCLE   18 ..............................
........................................................................
   1    -32.0791948 -0.320792E+02  0.101E-01    1.36       0.0  T
   2    -32.0791967 -0.192768E-05  0.572E-02    1.35       1.0  T
   3    -32.0791972 -0.438596E-06  0.537E-03    1.35       4.3  T
   4    -32.0791973 -0.152753E-06  0.322E-03    1.35       7.1  T
   5    -32.0791974 -0.619791E-07  0.109E-03    1.35      21.1  T
   6    -32.0791974 -0.135405E-07  0.280E-04    1.35      82.1  T
   7    -32.0791974 -0.108052E-08  0.104E-04    1.35     220.1  T
     SCC iter.                  ...        0 min,  0.005 sec
     gradient                   ...        0 min,  0.009 sec
 * total energy  :   -31.5605459 Eh     change       -0.1387649E-04 Eh
   gradient norm :     0.0028921 Eh/α   predicted    -0.1207429E-04 ( -12.99%)
   displ. norm   :     0.0600366 α      lambda       -0.1981304E-04
   maximum displ.:     0.0481683 α      in ANC's #1, #2, #4, ...

........................................................................
.............................. CYCLE   19 ..............................
........................................................................
   1    -32.0811465 -0.320811E+02  0.474E-02    1.35       0.0  T
   2    -32.0811471 -0.599287E-06  0.266E-02    1.35       1.0  T
   3    -32.0811464  0.637905E-06  0.683E-03    1.35       3.4  T
   4    -32.0811473 -0.902110E-06  0.157E-03    1.35      14.6  T
   5    -32.0811473 -0.321349E-08  0.617E-04    1.35      37.2  T
   6    -32.0811473 -0.223908E-08  0.267E-04    1.35      85.8  T
     SCC iter.                  ...        0 min,  0.004 sec
     gradient                   ...        0 min,  0.008 sec
 * total energy  :   -31.5605420 Eh     change        0.3863600E-05 Eh
   gradient norm :     0.0038291 Eh/α   predicted    -0.9943446E-05 (-357.36%)
   displ. norm   :     0.0987307 α      lambda       -0.2752582E-04
   maximum displ.:     0.0895473 α      in ANC's #1, #3, #2, ...

........................................................................
.............................. CYCLE   20 ..............................
........................................................................
   1    -32.0794884 -0.320795E+02  0.650E-02    1.35       0.0  T
   2    -32.0794889 -0.527482E-06  0.375E-02    1.35       1.0  T
   3    -32.0794885  0.474398E-06  0.693E-03    1.35       3.3  T
   4    -32.0794892 -0.708629E-06  0.178E-03    1.35      12.9  T
   5    -32.0794892 -0.473477E-09  0.761E-04    1.35      30.1  T
   6    -32.0794892 -0.846154E-08  0.173E-04    1.35     132.9  T
     SCC iter.                  ...        0 min,  0.004 sec
     gradient                   ...        0 min,  0.008 sec
 * total energy  :   -31.5605558 Eh     change       -0.1380521E-04 Eh
   gradient norm :     0.0012410 Eh/α   predicted    -0.1390550E-04 (   0.73%)
   displ. norm   :     0.0428785 α      lambda       -0.3734238E-05
   maximum displ.:     0.0347834 α      in ANC's #1, #3, #4, ...
 * RMSD in coord.:     0.5129734 α      energy gain  -0.1124374E-01 Eh

generating ANC from model Hessian ...
Using Lindh-Hessian (1995)
 Shifting diagonal of input Hessian by   1.797447593381326E-003
 Lowest  eigenvalues of input Hessian
   -0.000000   -0.000000   -0.000000    0.000000    0.000000    0.000000
    0.005000    0.006608    0.006977    0.010927    0.012929    0.019724
    0.034403    0.039287    0.040503    0.047589    0.048765    0.064765
 Highest eigenvalues
    1.921201    1.948835    1.993990    2.105301    2.173715    2.218850
 

........................................................................
.............................. CYCLE   21 ..............................
........................................................................
   1    -32.0798887 -0.320799E+02  0.287E-02    1.35       0.0  T
   2    -32.0798890 -0.235124E-06  0.162E-02    1.35       1.4  T
   3    -32.0798888  0.197591E-06  0.424E-03    1.35       5.4  T
   4    -32.0798891 -0.283279E-06  0.102E-03    1.35      22.6  T
   5    -32.0798891 -0.345372E-08  0.469E-04    1.35      48.9  T
   6    -32.0798891 -0.127811E-08  0.172E-04    1.35     133.1  T
     SCC iter.                  ...        0 min,  0.005 sec
     gradient                   ...        0 min,  0.008 sec
 * total energy  :   -31.5605575 Eh     change       -0.1687212E-05 Eh
   gradient norm :     0.0010736 Eh/α   predicted     0.0000000E+00 (-100.00%)
   displ. norm   :     0.0139561 α      lambda       -0.1614937E-05
   maximum displ.:     0.0101316 α      in ANC's #2, #1, #4, ...

........................................................................
.............................. CYCLE   22 ..............................
........................................................................
   1    -32.0798402 -0.320798E+02  0.836E-03    1.35       0.0  T
   2    -32.0798402 -0.136198E-07  0.483E-03    1.35       4.7  T
   3    -32.0798402  0.638359E-08  0.784E-04    1.35      29.3  T
   4    -32.0798402 -0.107146E-07  0.255E-04    1.35      90.1  T
     SCC iter.                  ...        0 min,  0.003 sec
     gradient                   ...        0 min,  0.008 sec
 * total energy  :   -31.5605587 Eh     change       -0.1186395E-05 Eh
   gradient norm :     0.0003206 Eh/α   predicted    -0.8078917E-06 ( -31.90%)
   displ. norm   :     0.0146121 α      lambda        0.2155897E-05
   maximum displ.:     0.0101262 α      in ANC's #2, #1, #4, ...

   *** GEOMETRY OPTIMIZATION CONVERGED AFTER 22 ITERATIONS ***

------------------------------------------------------------------------
 total energy gain   :        -0.0112466 Eh       -7.0574 kcal/mol
 total RMSD          :         0.5154009 a0        0.2727 Å
 total power (kW/mol):        -1.3421809 (step)  -68.7385 (real)
------------------------------------------------------------------------

 ANCopt (total)                0 d,  0 h,  0 min,  0.430 sec
 optimizer setup                ...        0 min,  0.000 sec (  0.029%)
 model hessian                  ...        0 min,  0.004 sec (  0.848%)
 ANC generation                 ...        0 min,  0.001 sec (  0.200%)
 coordinate transformation      ...        0 min,  0.000 sec (  0.067%)
 single point calculation       ...        0 min,  0.418 sec ( 97.243%)
 optimization log               ...        0 min,  0.002 sec (  0.377%)
 hessian update                 ...        0 min,  0.000 sec (  0.050%)
 rational function              ...        0 min,  0.004 sec (  0.899%)

================
 final structure:
================
$coord
   -2.26378152561187    2.56732824823553   -0.33209257538006      C 
   -4.37126444148381    1.07029772150525   -0.18669021876283      C 
   -4.30451840253556   -1.42516764000016    0.16468640641288      N 
   -2.13654073466682   -2.62782149628065    0.40231894642259      C 
    0.20754395698553   -1.28054060157314    0.27994172216651      C 
    0.10652936597902    1.38285347382414   -0.09826289345560      C 
    2.24571585899980    2.77276552134687   -0.23576173611988      N 
    4.38576249058896    1.57512516975911   -0.00762769513109      C 
    4.49207468983775   -1.06153639402876    0.36590648335635      C 
    2.45784304571339   -2.44937695288700    0.50435791044162      N 
   -2.38098971038489   -5.33872081282463    0.77893217602463      C 
   -0.52438107901814   -6.99161897943923    1.13517754300580      C 
   -2.35454406658818    4.58174803966025   -0.61511381138204      H 
   -6.25128878719804    1.85831744073640   -0.35301380514904      H 
    6.08876632882003    2.70140104408353   -0.12154635094584      H 
    6.27971190945465   -2.03712421959230    0.55086250103566      H 
   -4.33333110641658   -5.94936498674634    0.75856216878044      H 
    1.42567044968824   -6.42166699619970    1.16837423261523      H 
   -0.92908618028590   -8.96905970876835    1.40303827989078      H 
$end
           -------------------------------------------------
          |                Final Singlepoint                |
           -------------------------------------------------

          ...................................................
          :                      SETUP                      :
          :.................................................:
          :  # basis functions                  55          :
          :  # atomic orbitals                  55          :
          :  # shells                           31          :
          :  # electrons                        58          :
          :  max. iterations                   250          :
          :  Hamiltonian                  GFN2-xTB          :
          :  restarted?                      false          :
          :  GBSA solvation                  false          :
          :  PC potential                    false          :
          :  electronic temp.          300.0000000     K    :
          :  accuracy                    1.0000000          :
          :  -> integral cutoff          0.2500000E+02      :
          :  -> integral neglect         0.1000000E-07      :
          :  -> SCF convergence          0.1000000E-05 Eh   :
          :  -> wf. convergence          0.1000000E-03 e    :
          :  Broyden damping             0.4000000          :
          ...................................................

 iter      E             dE          RMSdq      gap      omega  full diag
   1    -32.0798402 -0.320798E+02  0.144E-04    1.35       0.0  T
   2    -32.0798402 -0.228226E-10  0.770E-05    1.35     297.8  T
   3    -32.0798402 -0.980194E-10  0.568E-05    1.35     403.7  T

   *** convergence criteria satisfied after 3 iterations ***

         #    Occupation            Energy/Eh            Energy/eV
      -------------------------------------------------------------
         1        2.0000           -0.6895028             -18.7623
       ...           ...                  ...                  ...
        23        2.0000           -0.4453478             -12.1185
        24        2.0000           -0.4436832             -12.0732
        25        2.0000           -0.4393767             -11.9560
        26        2.0000           -0.4253999             -11.5757
        27        2.0000           -0.4010070             -10.9120
        28        2.0000           -0.3802970             -10.3484
        29        2.0000           -0.3616305              -9.8405 (HOMO)
        30                         -0.3119804              -8.4894 (LUMO)
        31                         -0.2633814              -7.1670
        32                         -0.2532234              -6.8906
        33                         -0.1926567              -5.2425
        34                         -0.1664834              -4.5302
       ...                                ...                  ...
        55                          0.6725334              18.3006
      -------------------------------------------------------------
                  HL-Gap            0.0496501 Eh            1.3510 eV
             Fermi-level           -0.3368054 Eh           -9.1649 eV

 SCC (total)                   0 d,  0 h,  0 min,  0.017 sec
 SCC setup                      ...        0 min,  0.000 sec (  0.797%)
 Dispersion                     ...        0 min,  0.000 sec (  0.758%)
 integral evaluation            ...        0 min,  0.005 sec ( 31.298%)
 zeroth order Hamiltonian       ...        0 min,  0.000 sec (  0.548%)
 iterations                     ...        0 min,  0.003 sec ( 15.256%)
 molecular gradient             ...        0 min,  0.008 sec ( 49.429%)
 printout                       ...        0 min,  0.000 sec (  1.677%)

         :::::::::::::::::::::::::::::::::::::::::::::::::::::
         ::                     SUMMARY                     ::
         :::::::::::::::::::::::::::::::::::::::::::::::::::::
         :: total energy             -31.560558680644 Eh    ::
         :: gradient norm              0.000320868933 Eh/a0 ::
         :: HOMO-LUMO gap              1.351047543507 eV    ::
         ::.................................................::
         :: SCC energy               -32.079840185762 Eh    ::
         :: -> isotropic ES            0.020558179131 Eh    ::
         :: -> anisotropic ES          0.002205109971 Eh    ::
         :: -> anisotropic XC          0.034703021147 Eh    ::
         :: -> dispersion             -0.018896709305 Eh    ::
         :: repulsion energy           0.519218622815 Eh    ::
         :: add. restraining           0.000000000000 Eh    ::
         :::::::::::::::::::::::::::::::::::::::::::::::::::::

           -------------------------------------------------
          |                Property Printout                |
           -------------------------------------------------

    * Orbital Energies and Occupations

         #    Occupation            Energy/Eh            Energy/eV
      -------------------------------------------------------------
         1        2.0000           -0.6895028             -18.7623
       ...           ...                  ...                  ...
        17        2.0000           -0.5072664             -13.8034
        18        2.0000           -0.5006877             -13.6244
        19        2.0000           -0.4893497             -13.3159
        20        2.0000           -0.4879167             -13.2769
        21        2.0000           -0.4791597             -13.0386
        22        2.0000           -0.4531112             -12.3298
        23        2.0000           -0.4453478             -12.1185
        24        2.0000           -0.4436832             -12.0732
        25        2.0000           -0.4393767             -11.9560
        26        2.0000           -0.4253999             -11.5757
        27        2.0000           -0.4010070             -10.9120
        28        2.0000           -0.3802970             -10.3484
        29        2.0000           -0.3616305              -9.8405 (HOMO)
        30                         -0.3119804              -8.4894 (LUMO)
        31                         -0.2633814              -7.1670
        32                         -0.2532234              -6.8906
        33                         -0.1926567              -5.2425
        34                         -0.1664834              -4.5302
        35                         -0.0835904              -2.2746
        36                          0.0853534               2.3226
        37                          0.1128342               3.0704
        38                          0.1130257               3.0756
        39                          0.1301179               3.5407
        40                          0.1423555               3.8737
       ...                                ...                  ...
        55                          0.6725334              18.3006
      -------------------------------------------------------------
                  HL-Gap            0.0496501 Eh            1.3510 eV
             Fermi-level           -0.3368054 Eh           -9.1649 eV

     #   Z        covCN         q      C6AA      α(0)
     1   6 C      2.910    -0.052    29.303     8.876
     2   6 C      2.889     0.057    26.728     8.476
     3   7 N      1.852    -0.227    26.812     7.674
     4   6 C      2.936     0.097    25.847     8.338
     5   6 C      2.966     0.068    26.479     8.440
     6   6 C      2.984     0.092    25.958     8.357
     7   7 N      1.841    -0.215    26.521     7.632
     8   6 C      2.901     0.061    26.628     8.461
     9   6 C      2.899     0.056    26.746     8.480
    10   7 N      1.839    -0.208    26.365     7.609
    11   6 C      2.903    -0.030    28.759     8.793
    12   6 C      2.837    -0.078    29.928     8.965
    13   1 H      0.926     0.057     2.239     2.340
    14   1 H      0.925     0.047     2.355     2.400
    15   1 H      0.925     0.044     2.392     2.419
    16   1 H      0.925     0.043     2.414     2.430
    17   1 H      0.925     0.062     2.181     2.310
    18   1 H      0.926     0.078     2.003     2.213
    19   1 H      0.926     0.051     2.308     2.376

 Mol. C6AA /au·bohr⁶  :       5331.657162
 Mol. C8AA /au·bohr⁸  :     131162.946702
 Mol. α(0) /au        :        116.589826


Wiberg/Mayer (AO) data.
largest (>0.10) Wiberg bond orders for each atom
          total WBO             WBO to atom ...
     1  C   3.990        C    2 1.520    C    6 1.273    H   13 0.966    C    4 0.109
     2  C   3.981        C    1 1.520    N    3 1.353    H   14 0.962
     3  N   3.066        C    4 1.470    C    2 1.353
     4  C   3.975        N    3 1.470    C    5 1.188    C   11 1.100    C    1 0.109
     5  C   3.979        N   10 1.305    C    6 1.234    C    4 1.188
     6  C   3.979        N    7 1.278    C    1 1.273    C    5 1.234
     7  N   3.061        C    8 1.568    C    6 1.278
     8  C   3.978        N    7 1.568    C    9 1.277    H   15 0.962
     9  C   3.980        N   10 1.556    C    8 1.277    H   16 0.962
    10  N   3.079        C    9 1.556    C    5 1.305
    11  C   3.988        C   12 1.880    C    4 1.100    H   17 0.961
    12  C   3.980        C   11 1.880    H   19 0.977    H   18 0.965
    13  H   0.996        C    1 0.966
    14  H   0.997        C    2 0.962
    15  H   0.997        C    8 0.962
    16  H   0.997        C    9 0.962
    17  H   0.996        C   11 0.961
    18  H   0.994        C   12 0.965
    19  H   0.997        C   12 0.977

molecular dipole:
                 x           y           z       tot (Debye)
 q only:        0.209      -0.251       0.048
   full:        0.625       0.006       0.024       1.589
molecular quadrupole (traceless):
                xx          xy          yy          xz          yz          zz
 q only:        1.502      -1.631       2.306       0.445      -1.033      -3.807
  q+dip:        4.365      -3.196       1.263       0.920      -1.169      -5.629
   full:        1.919      -3.322      -1.327       0.665      -0.064      -0.592

           -------------------------------------------------
          |                Geometry Summary                 |
           -------------------------------------------------

      molecular mass/u    :      157.1744000
   center of mass at/Å    :       -0.0819259      -0.5331483       0.1244342
  moments of inertia/u·Å² :        0.3448447E+03   0.4735957E+03   0.8184097E+03
rotational constants/cm⁻¹ :        0.4888470E-01   0.3559499E-01   0.2059804E-01

 * 19 selected distances

     #   Z        #   Z                                     value/Å
     1   6 C      2   6 C                                 1.3701222
     2   6 C      3   7 N                                 1.3340377
     3   7 N      4   6 C                                 1.3179566
     4   6 C      5   6 C                                 1.4321921 (max)
     1   6 C      6   6 C                                 1.4076543
     5   6 C      6   6 C                                 1.4245498
     6   6 C      7   7 N                                 1.3519294
     7   7 N      8   6 C                                 1.3033441
     8   6 C      9   6 C                                 1.4103159
     5   6 C     10   7 N                                 1.3471056
     9   6 C     10   7 N                                 1.3051885
    11   6 C     12   6 C                                 1.3288545
     1   6 C     13   1 H                                 1.0775257
     2   6 C     14   1 H                                 1.0823105
     8   6 C     15   1 H                                 1.0821250
     9   6 C     16   1 H                                 1.0821160
    11   6 C     17   1 H                                 1.0825443
    12   6 C     18   1 H                                 1.0752393 (min)
    12   6 C     19   1 H                                 1.0774714

 * 3 distinct bonds (by element types)

   Z      Z             #   av. dist./Å        max./Å        min./Å
   1 H    6 C           7     1.0799046     1.0825443     1.0752393
   6 C    6 C           6     1.3956148     1.4321921     1.3288545
   6 C    7 N           6     1.3265936     1.3519294     1.3033441


optimized geometry written to: xtbopt.xyz


           -------------------------------------------------
          | TOTAL ENERGY              -31.560558680644 Eh   |
          | GRADIENT NORM               0.000320868933 Eh/α |
          | HOMO-LUMO GAP               1.351047543507 eV   |
           -------------------------------------------------

------------------------------------------------------------------------
 * finished run on 2021/05/19 at 10:58:51.766     
------------------------------------------------------------------------
 total:
 * wall-time:     0 d,  0 h,  0 min,  0.489 sec
 *  cpu-time:     0 d,  0 h,  0 min,  0.488 sec
 * ratio c/w:     0.999 speedup
 SCF:
 * wall-time:     0 d,  0 h,  0 min,  0.025 sec
 *  cpu-time:     0 d,  0 h,  0 min,  0.025 sec
 * ratio c/w:     1.000 speedup
 ANC optimizer:
 * wall-time:     0 d,  0 h,  0 min,  0.447 sec
 *  cpu-time:     0 d,  0 h,  0 min,  0.447 sec
 * ratio c/w:     1.000 speedup

