      -----------------------------------------------------------      
     |                   =====================                   |     
     |                           x T B                           |     
     |                   =====================                   |     
     |                         S. Grimme                         |     
     |          Mulliken Center for Theoretical Chemistry        |     
     |                    University of Bonn                     |     
     |                Version 6.2 RC2 (SAW190805)                |     
      -----------------------------------------------------------      

   This program is distributed in the hope that it will be useful,
   but WITHOUT ANY WARRANTY; without even the implied warranty of
   MERCHANTABILITY or FITNESS FOR A PARTICULAR PURPOSE.
   
   FOR NON-COMMERCIAL, ACADEMIA USE ONLY.
   
   Cite this work as:
   * S. Grimme, C. Bannwarth, P. Shushkov, J. Chem. Theory Comput., 2017,
     13, 1989-2009. DOI: 10.1021/acs.jctc.7b00118
   * C. Bannwarth, S. Ehlert and S. Grimme., J. Chem. Theory Comput., 2019,
     15, 1652-1671. DOI: 10.1021/acs.jctc.8b01176
   * P. Pracht, E. Caldeweyher, S. Ehlert, S. Grimme, ChemRxiv, 2019, preprint.
     DOI: 10.26434/chemrxiv.8326202.v1
   
   for DFT-D4:
   * E. Caldeweyher, C. Bannwarth and S. Grimme, J. Chem. Phys., 2017,
     147, 034112. DOI: 10.1063/1.4993215
   * E. Caldeweyher, S. Ehlert, A. Hansen, H. Neugebauer, S. Spicher,
     C. Bannwarth and S. Grimme, J. Chem. Phys., 2019, 150, 154122.
     DOI: 10.1063/1.5090222
   
   for sTDA-xTB:
   * S. Grimme and C. Bannwarth, J. Chem. Phys., 2016, 145, 054103.
     DOI: 10.1063/1.4959605
   
   in the mass-spec context:
   * V. Asgeirsson, C. Bauer and S. Grimme, Chem. Sci., 2017, 8, 4879.
     DOI: 10.1039/c7sc00601b
   
   for metadynamics refer to:
   * S. Grimme, J. Chem. Theory Comput., 2019, 155, 2847-2862
     DOI: 10.1021/acs.jctc.9b00143
   
   with help from (in alphabetical order)
   C. Bannwarth, F. Bohle, G. Brandenburg, E. Caldeweyher, M. Checinski,
   S. Dohm, S. Ehlert, S. Ehrlich, F. März, H. Neugebauer, J. Pisarek,
   P. Pracht, P. Shushkov, and S. Spicher.
   
 * started run on 2021/05/19 at 11:00:32.747     

           -------------------------------------------------
          |                Calculation Setup                |
           -------------------------------------------------

          program call               : /ihome/ghutchison/geoffh/xtb/xtb 841.xyz -opt
          hostname                   : smp-n83
          coordinate file            : 841.xyz
          omp threads                :                     1
          number of atoms            :                    18
          number of electrons        :                    52
          charge                     :                     0
          spin                       :                   0.0
          first test random number   :      0.88163813945802


########################################################################
# WARNING! Please study the warnings concerning your input carefully
#  - the use of '-opt' is discouraged, please use '--opt' next time
########################################################################

           ------------------------------------------------- 
          |                 G F N 2 - x T B                 |
          | Geometry, Frequencies, Noncovalent interactions |
          |            JCTC 2019 parametrisation            |
           ------------------------------------------------- 
             KAB for C  - Si     :                1.0500
             KAB for H  - Pd     :                0.9500
             k(s)              :                1.8500
             k(p)              :                2.2300
             k(d)              :                2.2300
             k(f)              :                2.0000
             kEN (H0ij)        :               -2.0000
             D4 a1             :                0.5200
             D4 a2             :                5.0000
             D4 s6             :                1.0000
             D4 s8             :                2.7000
             D4 s9             :                5.0000
             alphaj            :                2.0000

  Z AO/shell   Hii/eV     exponent
  1     Wed Apr 25 08:07:45 CEST 2018   EN: 2.200 GM2: 0.406  GM3: 0.0800  RAES: 1.40
     1s    -10.707211    1.230000
  6     Wed Apr 25 08:07:45 CEST 2018   EN: 2.550 GM2: 0.538  GM3: 0.1500  RAES: 3.00
     2s    -13.970922    2.096432
     2p    -10.063292    1.800000
  7     Wed Apr 25 08:07:45 CEST 2018   EN: 3.040 GM2: 0.461  GM3:-0.0640  RAES: 1.90
     2s    -16.686243    2.339881
     2p    -12.523956    2.014332
  8     Wed Apr 25 08:07:45 CEST 2018   EN: 3.440 GM2: 0.452  GM3:-0.0517  RAES: 1.80
     2s    -20.229985    2.439742
     2p    -15.503117    2.137023

           ------------------------------------------------- 
          |        Self-Consistent Charge Iterations        |
           ------------------------------------------------- 

          ...................................................
          :                      SETUP                      :
          :.................................................:
          :  # basis functions                  48          :
          :  # atomic orbitals                  48          :
          :  # shells                           28          :
          :  # electrons                        52          :
          :  max. iterations                   250          :
          :  Hamiltonian                  GFN2-xTB          :
          :  restarted?                      false          :
          :  GBSA solvation                  false          :
          :  PC potential                    false          :
          :  electronic temp.          300.0000000     K    :
          :  accuracy                    1.0000000          :
          :  -> integral cutoff          0.2500000E+02      :
          :  -> integral neglect         0.1000000E-07      :
          :  -> SCF convergence          0.1000000E-05 Eh   :
          :  -> wf. convergence          0.1000000E-03 e    :
          :  Broyden damping             0.4000000          :
          ...................................................

 iter      E             dE          RMSdq      gap      omega  full diag
   1    -29.2582295 -0.292582E+02  0.458E+00    3.13       0.0  T
   2    -29.3643687 -0.106139E+00  0.283E+00    2.59       1.0  T
   3    -29.3722119 -0.784319E-02  0.163E+00    2.76       1.0  T
   4    -29.3679534  0.425845E-02  0.739E-01    2.56       1.0  T
   5    -29.3753680 -0.741458E-02  0.174E-01    2.61       1.0  T
   6    -29.3755615 -0.193533E-03  0.795E-02    2.60       1.0  T
   7    -29.3756184 -0.568800E-04  0.330E-02    2.61       1.0  T
   8    -29.3756207 -0.232276E-05  0.121E-02    2.61       1.9  T
   9    -29.3756218 -0.111664E-05  0.428E-03    2.61       5.5  T
  10    -29.3756219 -0.706994E-07  0.166E-03    2.61      14.2  T
  11    -29.3756219 -0.422554E-08  0.791E-04    2.61      29.8  T
  12    -29.3756219 -0.507314E-08  0.217E-04    2.61     108.8  T

   *** convergence criteria satisfied after 12 iterations ***

         #    Occupation            Energy/Eh            Energy/eV
      -------------------------------------------------------------
         1        2.0000           -0.7021301             -19.1059
       ...           ...                  ...                  ...
        20        2.0000           -0.4464735             -12.1492
        21        2.0000           -0.4430628             -12.0564
        22        2.0000           -0.4333313             -11.7915
        23        2.0000           -0.4273057             -11.6276
        24        2.0000           -0.3989904             -10.8571
        25        2.0000           -0.3852252             -10.4825
        26        2.0000           -0.3588020              -9.7635 (HOMO)
        27                         -0.2629195              -7.1544 (LUMO)
        28                         -0.2024450              -5.5088
        29                         -0.1561355              -4.2487
        30                         -0.1165881              -3.1725
        31                         -0.0009090              -0.0247
       ...                                ...                  ...
        48                          0.7061917              19.2165
      -------------------------------------------------------------
                  HL-Gap            0.0958825 Eh            2.6091 eV
             Fermi-level           -0.3108608 Eh           -8.4590 eV

 SCC (total)                   0 d,  0 h,  0 min,  0.021 sec
 SCC setup                      ...        0 min,  0.000 sec (  1.131%)
 Dispersion                     ...        0 min,  0.000 sec (  1.028%)
 integral evaluation            ...        0 min,  0.004 sec ( 20.957%)
 zeroth order Hamiltonian       ...        0 min,  0.000 sec (  0.486%)
 iterations                     ...        0 min,  0.009 sec ( 40.383%)
 molecular gradient             ...        0 min,  0.007 sec ( 34.468%)
 printout                       ...        0 min,  0.000 sec (  1.309%)

         :::::::::::::::::::::::::::::::::::::::::::::::::::::
         ::                     SUMMARY                     ::
         :::::::::::::::::::::::::::::::::::::::::::::::::::::
         :: total energy             -28.951780856397 Eh    ::
         :: gradient norm              0.056480035880 Eh/a0 ::
         :: HOMO-LUMO gap              2.609095465296 eV    ::
         ::.................................................::
         :: SCC energy               -29.375621915797 Eh    ::
         :: -> isotropic ES            0.044349339319 Eh    ::
         :: -> anisotropic ES          0.003343697616 Eh    ::
         :: -> anisotropic XC          0.013536772585 Eh    ::
         :: -> dispersion             -0.014780120443 Eh    ::
         :: repulsion energy           0.423812275799 Eh    ::
         :: add. restraining           0.000000000000 Eh    ::
         :::::::::::::::::::::::::::::::::::::::::::::::::::::

      ----------------------------------------------------------- 
     |                   =====================                   |
     |                        A N C O P T                        |
     |                   =====================                   |
     |               Approximate Normal Coordinate               |
     |                Rational Function Optimizer                |
      ----------------------------------------------------------- 

          ...................................................
          :                      SETUP                      :
          :.................................................:
          :   optimization level            normal          :
          :   max. optcycles                   200          :
          :   ANC micro-cycles                  20          :
          :   degrees of freedom                48          :
          :.................................................:
          :   RF solver                   davidson          :
          :   input Hessian                  false          :
          :   write xtbopt.log                true          :
          :   linear?                        false          :
          :   energy convergence         0.5000000E-05 Eh   :
          :   grad. convergence          0.1000000E-02 Eh/α :
          :   maximium RF displ.         2.0000000          :
          :   Hlow (freq-cutoff)         0.5000000E-02      :
          :   Hmax (freq-cutoff)         5.0000000          :
          :   S6 in model hess.         20.0000000          :
          ...................................................

generating ANC from model Hessian ...
Using Lindh-Hessian (1995)
 Shifting diagonal of input Hessian by   2.572647019228050E-003
 Lowest  eigenvalues of input Hessian
   -0.000000   -0.000000   -0.000000   -0.000000   -0.000000   -0.000000
    0.005000    0.005813    0.010440    0.011007    0.013589    0.016553
    0.019127    0.023168    0.033632    0.037060    0.045692    0.054020
 Highest eigenvalues
    1.829011    1.901371    1.931957    2.003827    2.086577    2.289589
 

........................................................................
.............................. CYCLE    1 ..............................
........................................................................
   1    -29.3756219 -0.293756E+02  0.103E-04    2.61       0.0  T
   2    -29.3756219 -0.689369E-10  0.630E-05    2.61     374.1  T
   3    -29.3756219 -0.529887E-10  0.284E-05    2.61     829.3  T
     SCC iter.                  ...        0 min,  0.003 sec
     gradient                   ...        0 min,  0.008 sec
 * total energy  :   -28.9517808 Eh     change        0.1279111E-07 Eh
   gradient norm :     0.0564805 Eh/α   predicted     0.0000000E+00 (-100.00%)
   displ. norm   :     0.2227310 α      lambda       -0.5150352E-02
   maximum displ.:     0.0871076 α      in ANC's #12, #2, #7, ...

........................................................................
.............................. CYCLE    2 ..............................
........................................................................
   1    -29.3945197 -0.293945E+02  0.230E-01    2.65       0.0  T
   2    -29.3946077 -0.879262E-04  0.134E-01    2.65       1.0  T
   3    -29.3945952  0.124908E-04  0.729E-02    2.65       1.0  T
   4    -29.3946298 -0.345888E-04  0.194E-02    2.65       1.2  T
   5    -29.3946337 -0.393307E-05  0.649E-03    2.65       3.6  T
   6    -29.3946337  0.632545E-08  0.446E-03    2.65       5.3  T
   7    -29.3946338 -0.155044E-06  0.127E-03    2.65      18.6  T
     SCC iter.                  ...        0 min,  0.004 sec
     gradient                   ...        0 min,  0.007 sec
 * total energy  :   -28.9549912 Eh     change       -0.3210362E-02 Eh
   gradient norm :     0.0237077 Eh/α   predicted    -0.2702924E-02 ( -15.81%)
   displ. norm   :     0.1674635 α      lambda       -0.1397504E-02
   maximum displ.:     0.1064454 α      in ANC's #2, #12, #6, ...

........................................................................
.............................. CYCLE    3 ..............................
........................................................................
   1    -29.4040074 -0.294040E+02  0.180E-01    2.67       0.0  T
   2    -29.4040621 -0.547527E-04  0.100E-01    2.67       1.0  T
   3    -29.4040556  0.645771E-05  0.489E-02    2.67       1.0  T
   4    -29.4040741 -0.184527E-04  0.126E-02    2.68       1.9  T
   5    -29.4040759 -0.184415E-05  0.387E-03    2.67       6.1  T
   6    -29.4040759 -0.538253E-08  0.258E-03    2.67       9.1  T
     SCC iter.                  ...        0 min,  0.004 sec
     gradient                   ...        0 min,  0.007 sec
 * total energy  :   -28.9556591 Eh     change       -0.6678563E-03 Eh
   gradient norm :     0.0083626 Eh/α   predicted    -0.7183452E-03 (   7.56%)
   displ. norm   :     0.1268903 α      lambda       -0.3129581E-03
   maximum displ.:     0.0985280 α      in ANC's #2, #4, #1, ...

........................................................................
.............................. CYCLE    4 ..............................
........................................................................
   1    -29.4022212 -0.294022E+02  0.130E-01    2.67       0.0  T
   2    -29.4022255 -0.424024E-05  0.751E-02    2.68       1.0  T
   3    -29.4022231  0.236136E-05  0.160E-02    2.68       1.5  T
   4    -29.4022268 -0.372201E-05  0.491E-03    2.68       4.8  T
   5    -29.4022270 -0.136345E-06  0.290E-03    2.68       8.1  T
   6    -29.4022270 -0.289526E-07  0.141E-03    2.68      16.7  T
     SCC iter.                  ...        0 min,  0.004 sec
     gradient                   ...        0 min,  0.007 sec
 * total energy  :   -28.9558681 Eh     change       -0.2090029E-03 Eh
   gradient norm :     0.0048689 Eh/α   predicted    -0.1590000E-03 ( -23.92%)
   displ. norm   :     0.1260888 α      lambda       -0.1711881E-03
   maximum displ.:     0.1074277 α      in ANC's #2, #1, #4, ...

........................................................................
.............................. CYCLE    5 ..............................
........................................................................
   1    -29.3998241 -0.293998E+02  0.149E-01    2.67       0.0  T
   2    -29.3998273 -0.314309E-05  0.859E-02    2.68       1.0  T
   3    -29.3998201  0.721097E-05  0.262E-02    2.67       1.0  T
   4    -29.3998293 -0.925307E-05  0.520E-03    2.68       4.5  T
   5    -29.3998294 -0.825637E-07  0.297E-03    2.68       7.9  T
   6    -29.3998294 -0.274501E-07  0.512E-04    2.68      46.0  T
     SCC iter.                  ...        0 min,  0.004 sec
     gradient                   ...        0 min,  0.007 sec
 * total energy  :   -28.9559844 Eh     change       -0.1163773E-03 Eh
   gradient norm :     0.0052373 Eh/α   predicted    -0.8695381E-04 ( -25.28%)
   displ. norm   :     0.1110022 α      lambda       -0.1012315E-03
   maximum displ.:     0.0946542 α      in ANC's #2, #1, #14, ...

........................................................................
.............................. CYCLE    6 ..............................
........................................................................
   1    -29.3995227 -0.293995E+02  0.122E-01    2.68       0.0  T
   2    -29.3995249 -0.222738E-05  0.700E-02    2.69       1.0  T
   3    -29.3995127  0.122397E-04  0.324E-02    2.68       1.0  T
   4    -29.3995272 -0.145343E-04  0.353E-03    2.68       6.7  T
   5    -29.3995272 -0.406650E-07  0.210E-03    2.68      11.2  T
   6    -29.3995272 -0.737275E-08  0.813E-04    2.68      29.0  T
     SCC iter.                  ...        0 min,  0.004 sec
     gradient                   ...        0 min,  0.007 sec
 * total energy  :   -28.9560579 Eh     change       -0.7350516E-04 Eh
   gradient norm :     0.0040238 Eh/α   predicted    -0.5123914E-04 ( -30.29%)
   displ. norm   :     0.1264745 α      lambda       -0.8860880E-04
   maximum displ.:     0.1021755 α      in ANC's #2, #1, #14, ...

........................................................................
.............................. CYCLE    7 ..............................
........................................................................
   1    -29.4003134 -0.294003E+02  0.139E-01    2.69       0.0  T
   2    -29.4003168 -0.337631E-05  0.802E-02    2.69       1.0  T
   3    -29.4003016  0.152361E-04  0.372E-02    2.69       1.0  T
   4    -29.4003198 -0.182259E-04  0.503E-03    2.69       4.7  T
   5    -29.4003199 -0.125029E-06  0.304E-03    2.69       7.7  T
   6    -29.4003199 -0.291560E-07  0.124E-03    2.69      19.1  T
   7    -29.4003200 -0.127980E-07  0.281E-04    2.69      84.0  T
     SCC iter.                  ...        0 min,  0.004 sec
     gradient                   ...        0 min,  0.007 sec
 * total energy  :   -28.9561232 Eh     change       -0.6527412E-04 Eh
   gradient norm :     0.0031519 Eh/α   predicted    -0.4501504E-04 ( -31.04%)
   displ. norm   :     0.1247816 α      lambda       -0.6166484E-04
   maximum displ.:     0.0973040 α      in ANC's #2, #1, #6, ...

........................................................................
.............................. CYCLE    8 ..............................
........................................................................
   1    -29.4011262 -0.294011E+02  0.131E-01    2.70       0.0  T
   2    -29.4011293 -0.313369E-05  0.757E-02    2.71       1.0  T
   3    -29.4011194  0.992516E-05  0.302E-02    2.70       1.0  T
   4    -29.4011315 -0.121073E-04  0.495E-03    2.70       4.8  T
   5    -29.4011316 -0.137230E-06  0.289E-03    2.70       8.1  T
   6    -29.4011317 -0.252558E-07  0.116E-03    2.70      20.3  T
   7    -29.4011317 -0.111299E-07  0.262E-04    2.70      90.0  T
   8    -29.4011317 -0.211340E-09  0.158E-04    2.70     149.1  T
     SCC iter.                  ...        0 min,  0.005 sec
     gradient                   ...        0 min,  0.007 sec
 * total energy  :   -28.9561662 Eh     change       -0.4299341E-04 Eh
   gradient norm :     0.0025086 Eh/α   predicted    -0.3131067E-04 ( -27.17%)
   displ. norm   :     0.0859747 α      lambda       -0.2727690E-04
   maximum displ.:     0.0652261 α      in ANC's #2, #1, #6, ...

........................................................................
.............................. CYCLE    9 ..............................
........................................................................
   1    -29.4016024 -0.294016E+02  0.872E-02    2.71       0.0  T
   2    -29.4016035 -0.109952E-05  0.504E-02    2.71       1.0  T
   3    -29.4016021  0.142663E-05  0.124E-02    2.71       1.9  T
   4    -29.4016041 -0.200988E-05  0.309E-03    2.71       7.6  T
   5    -29.4016041 -0.341366E-07  0.181E-03    2.71      13.0  T
   6    -29.4016041 -0.103286E-07  0.571E-04    2.71      41.2  T
   7    -29.4016041 -0.369594E-08  0.158E-04    2.71     149.5  T
     SCC iter.                  ...        0 min,  0.004 sec
     gradient                   ...        0 min,  0.007 sec
 * total energy  :   -28.9561849 Eh     change       -0.1873354E-04 Eh
   gradient norm :     0.0019280 Eh/α   predicted    -0.1374005E-04 ( -26.66%)
   displ. norm   :     0.0773218 α      lambda       -0.1151408E-04
   maximum displ.:     0.0566084 α      in ANC's #2, #1, #3, ...

........................................................................
.............................. CYCLE   10 ..............................
........................................................................
   1    -29.4017832 -0.294018E+02  0.765E-02    2.72       0.0  T
   2    -29.4017840 -0.856553E-06  0.443E-02    2.72       1.0  T
   3    -29.4017837  0.288010E-06  0.688E-03    2.72       3.4  T
   4    -29.4017844 -0.698187E-06  0.237E-03    2.72       9.9  T
   5    -29.4017844 -0.525744E-08  0.142E-03    2.72      16.6  T
   6    -29.4017844 -0.811125E-08  0.502E-04    2.72      46.9  T
   7    -29.4017844 -0.312121E-08  0.164E-04    2.72     144.1  T
     SCC iter.                  ...        0 min,  0.004 sec
     gradient                   ...        0 min,  0.007 sec
 * total energy  :   -28.9561936 Eh     change       -0.8687261E-05 Eh
   gradient norm :     0.0010925 Eh/α   predicted    -0.5773710E-05 ( -33.54%)
   displ. norm   :     0.0123519 α      lambda       -0.2889545E-05
   maximum displ.:     0.0071710 α      in ANC's #7, #2, #1, ...

........................................................................
.............................. CYCLE   11 ..............................
........................................................................
   1    -29.4017503 -0.294018E+02  0.156E-02    2.72       0.0  T
   2    -29.4017504 -0.120968E-06  0.884E-03    2.72       2.7  T
   3    -29.4017502  0.173684E-06  0.460E-03    2.73       5.1  T
   4    -29.4017505 -0.251236E-06  0.609E-04    2.72      38.7  T
   5    -29.4017505 -0.228520E-08  0.357E-04    2.72      66.0  T
     SCC iter.                  ...        0 min,  0.003 sec
     gradient                   ...        0 min,  0.007 sec
 * total energy  :   -28.9561959 Eh     change       -0.2230284E-05 Eh
   gradient norm :     0.0005710 Eh/α   predicted    -0.1446242E-05 ( -35.15%)
   displ. norm   :     0.0126103 α      lambda       -0.1982025E-05
   maximum displ.:     0.0061742 α      in ANC's #4, #3, #14, ...

   *** GEOMETRY OPTIMIZATION CONVERGED AFTER 11 ITERATIONS ***

------------------------------------------------------------------------
 total energy gain   :        -0.0044150 Eh       -2.7705 kcal/mol
 total RMSD          :         0.2313390 a0        0.1224 Å
 total power (kW/mol):        -1.0537825 (step)  -62.6269 (real)
------------------------------------------------------------------------

 ANCopt (total)                0 d,  0 h,  0 min,  0.185 sec
 optimizer setup                ...        0 min,  0.000 sec (  0.063%)
 model hessian                  ...        0 min,  0.002 sec (  1.176%)
 ANC generation                 ...        0 min,  0.000 sec (  0.260%)
 coordinate transformation      ...        0 min,  0.000 sec (  0.082%)
 single point calculation       ...        0 min,  0.178 sec ( 96.330%)
 optimization log               ...        0 min,  0.001 sec (  0.495%)
 hessian update                 ...        0 min,  0.000 sec (  0.068%)
 rational function              ...        0 min,  0.002 sec (  1.140%)

================
 final structure:
================
$coord
   -0.71641284209233    2.14208626996658   -0.85976404499700      C 
   -1.91359640875110   -0.10540783799674   -0.77166294908679      N 
   -0.26774192383384   -1.94444524435844   -0.02748712700396      C 
    2.04641213493681   -0.79239417796548    0.39229167458285      C 
    1.75082469306358    1.78528780975661   -0.12782405992182      C 
   -1.02363697445604   -4.55960284674417    0.24231184265961      C 
   -3.80652036835946   -5.07315278032676    0.25662103235712      C 
   -5.33512160658942   -3.88015213404244   -0.98661426997737      O 
   -4.54321114277904   -6.96906798475418    1.79791569276968      N 
    0.63854996866102   -6.46037365768567    0.40972576708655      C 
   -1.67594954745857    3.83463216424190   -1.42646927605624      H 
   -3.72116341195646   -0.49451929392696   -1.25691242682605      H 
    3.74206181965232   -1.69813423101214    1.03031781056182      H 
    3.17997902563927    3.21411023535593    0.01528208152962      H 
   -3.31273528112851   -7.92485013304829    2.87876311529299      H 
   -6.38946261640149   -7.42150681516385    1.86782670490229      H 
    2.63869067003692   -6.11267858946242    0.32370023443367      H 
    0.06613143161962   -8.40707701356664    0.54558338284401      H 
$end
           -------------------------------------------------
          |                Final Singlepoint                |
           -------------------------------------------------

          ...................................................
          :                      SETUP                      :
          :.................................................:
          :  # basis functions                  48          :
          :  # atomic orbitals                  48          :
          :  # shells                           28          :
          :  # electrons                        52          :
          :  max. iterations                   250          :
          :  Hamiltonian                  GFN2-xTB          :
          :  restarted?                      false          :
          :  GBSA solvation                  false          :
          :  PC potential                    false          :
          :  electronic temp.          300.0000000     K    :
          :  accuracy                    1.0000000          :
          :  -> integral cutoff          0.2500000E+02      :
          :  -> integral neglect         0.1000000E-07      :
          :  -> SCF convergence          0.1000000E-05 Eh   :
          :  -> wf. convergence          0.1000000E-03 e    :
          :  Broyden damping             0.4000000          :
          ...................................................

 iter      E             dE          RMSdq      gap      omega  full diag
   1    -29.4017505 -0.294018E+02  0.177E-04    2.72       0.0  T
   2    -29.4017505 -0.235723E-10  0.824E-05    2.72     286.1  T
   3    -29.4017505 -0.109800E-09  0.817E-05    2.72     288.7  T

   *** convergence criteria satisfied after 3 iterations ***

         #    Occupation            Energy/Eh            Energy/eV
      -------------------------------------------------------------
         1        2.0000           -0.7035430             -19.1444
       ...           ...                  ...                  ...
        20        2.0000           -0.4442113             -12.0876
        21        2.0000           -0.4431627             -12.0591
        22        2.0000           -0.4342699             -11.8171
        23        2.0000           -0.4269717             -11.6185
        24        2.0000           -0.3969095             -10.8005
        25        2.0000           -0.3879153             -10.5557
        26        2.0000           -0.3586903              -9.7605 (HOMO)
        27                         -0.2585537              -7.0356 (LUMO)
        28                         -0.1987226              -5.4075
        29                         -0.1519595              -4.1350
        30                         -0.1115339              -3.0350
        31                          0.0063454               0.1727
       ...                                ...                  ...
        48                          0.7176265              19.5276
      -------------------------------------------------------------
                  HL-Gap            0.1001366 Eh            2.7249 eV
             Fermi-level           -0.3086220 Eh           -8.3980 eV

 SCC (total)                   0 d,  0 h,  0 min,  0.015 sec
 SCC setup                      ...        0 min,  0.000 sec (  0.958%)
 Dispersion                     ...        0 min,  0.000 sec (  0.781%)
 integral evaluation            ...        0 min,  0.004 sec ( 30.340%)
 zeroth order Hamiltonian       ...        0 min,  0.000 sec (  0.584%)
 iterations                     ...        0 min,  0.002 sec ( 16.401%)
 molecular gradient             ...        0 min,  0.007 sec ( 48.936%)
 printout                       ...        0 min,  0.000 sec (  1.676%)

         :::::::::::::::::::::::::::::::::::::::::::::::::::::
         ::                     SUMMARY                     ::
         :::::::::::::::::::::::::::::::::::::::::::::::::::::
         :: total energy             -28.956195876043 Eh    ::
         :: gradient norm              0.000572542902 Eh/a0 ::
         :: HOMO-LUMO gap              2.724855609511 eV    ::
         ::.................................................::
         :: SCC energy               -29.401750455337 Eh    ::
         :: -> isotropic ES            0.044536436613 Eh    ::
         :: -> anisotropic ES          0.003160469432 Eh    ::
         :: -> anisotropic XC          0.012686279432 Eh    ::
         :: -> dispersion             -0.014861994396 Eh    ::
         :: repulsion energy           0.445522740126 Eh    ::
         :: add. restraining           0.000000000000 Eh    ::
         :::::::::::::::::::::::::::::::::::::::::::::::::::::

           -------------------------------------------------
          |                Property Printout                |
           -------------------------------------------------

    * Orbital Energies and Occupations

         #    Occupation            Energy/Eh            Energy/eV
      -------------------------------------------------------------
         1        2.0000           -0.7035430             -19.1444
       ...           ...                  ...                  ...
        14        2.0000           -0.5197351             -14.1427
        15        2.0000           -0.5070628             -13.7979
        16        2.0000           -0.4977096             -13.5434
        17        2.0000           -0.4778720             -13.0036
        18        2.0000           -0.4713401             -12.8258
        19        2.0000           -0.4618939             -12.5688
        20        2.0000           -0.4442113             -12.0876
        21        2.0000           -0.4431627             -12.0591
        22        2.0000           -0.4342699             -11.8171
        23        2.0000           -0.4269717             -11.6185
        24        2.0000           -0.3969095             -10.8005
        25        2.0000           -0.3879153             -10.5557
        26        2.0000           -0.3586903              -9.7605 (HOMO)
        27                         -0.2585537              -7.0356 (LUMO)
        28                         -0.1987226              -5.4075
        29                         -0.1519595              -4.1350
        30                         -0.1115339              -3.0350
        31                          0.0063454               0.1727
        32                          0.0542142               1.4752
        33                          0.0901579               2.4533
        34                          0.1344722               3.6592
        35                          0.1420433               3.8652
        36                          0.1897436               5.1632
        37                          0.2115779               5.7573
       ...                                ...                  ...
        48                          0.7176265              19.5276
      -------------------------------------------------------------
                  HL-Gap            0.1001366 Eh            2.7249 eV
             Fermi-level           -0.3086220 Eh           -8.3980 eV

     #   Z        covCN         q      C6AA      α(0)
     1   6 C      3.042    -0.006    28.130     8.699
     2   7 N      2.818    -0.082    22.824     7.096
     3   6 C      3.096     0.030    27.219     8.550
     4   6 C      3.060    -0.066    29.587     8.920
     5   6 C      3.052    -0.065    29.573     8.919
     6   6 C      2.947    -0.022    28.550     8.764
     7   6 C      2.753     0.284    22.185     7.713
     8   8 O      0.859    -0.449    22.688     6.386
     9   7 N      2.640    -0.264    26.853     7.696
    10   6 C      2.848    -0.100    30.512     9.053
    11   1 H      0.926     0.031     2.579     2.511
    12   1 H      0.860     0.196     1.128     1.664
    13   1 H      0.926     0.025     2.665     2.553
    14   1 H      0.926     0.025     2.654     2.547
    15   1 H      0.861     0.185     1.186     1.706
    16   1 H      0.860     0.194     1.140     1.672
    17   1 H      0.926     0.050     2.314     2.379
    18   1 H      0.926     0.036     2.508     2.477

 Mol. C6AA /au·bohr⁶  :       3941.527058
 Mol. C8AA /au·bohr⁸  :      93302.387530
 Mol. α(0) /au        :         99.304799


Wiberg/Mayer (AO) data.
largest (>0.10) Wiberg bond orders for each atom
          total WBO             WBO to atom ...
     1  C   3.952        C    5 1.500    N    2 1.274    H   11 0.971    C    3 0.114
     2  N   3.604        C    1 1.274    C    3 1.205    H   12 0.914
     3  C   3.948        C    4 1.435    N    2 1.205    C    6 1.101    C    1 0.114
     4  C   3.981        C    3 1.435    C    5 1.380    H   13 0.974
     5  C   3.980        C    1 1.500    C    4 1.380    H   14 0.975
     6  C   3.988        C   10 1.793    C    3 1.101    C    7 0.979
     7  C   3.942        O    8 1.657    N    9 1.258    C    6 0.979
     8  O   2.000        C    7 1.657    N    9 0.194
     9  N   3.383        C    7 1.258    H   15 0.944    H   16 0.941    O    8 0.194
    10  C   3.989        C    6 1.793    H   18 0.975    H   17 0.974
    11  H   0.999        C    1 0.971
    12  H   0.962        N    2 0.914
    13  H   0.999        C    4 0.974
    14  H   0.999        C    5 0.975
    15  H   0.966        N    9 0.944
    16  H   0.962        N    9 0.941
    17  H   0.997        C   10 0.974
    18  H   0.998        C   10 0.975

molecular dipole:
                 x           y           z       tot (Debye)
 q only:        0.055      -0.686       0.710
   full:       -0.058      -0.934       0.821       3.164
molecular quadrupole (traceless):
                xx          xy          yy          xz          yz          zz
 q only:       -7.129       2.263      10.430      -5.416      -8.547      -3.300
  q+dip:       -6.214       3.513      13.832      -5.477     -10.673      -7.617
   full:       -7.762       3.451      13.194      -6.088      -9.957      -5.433

           -------------------------------------------------
          |                Geometry Summary                 |
           -------------------------------------------------

      molecular mass/u    :      136.1530000
   center of mass at/Å    :       -0.7690506      -1.4200715       0.0234455
  moments of inertia/u·Å² :        0.1737849E+03   0.5109070E+03   0.6583077E+03
rotational constants/cm⁻¹ :        0.9700286E-01   0.3299550E-01   0.2560753E-01

 * 16 selected distances

     #   Z        #   Z                                     value/Å
     1   6 C      2   7 N                                 1.3483370
     2   7 N      3   6 C                                 1.3640762
     3   6 C      4   6 C                                 1.3858732
     1   6 C      5   6 C                                 1.3748736
     4   6 C      5   6 C                                 1.4003051 (max)
     7   6 C      8   8 O                                 1.2188902
     7   6 C      9   7 N                                 1.3504700
     6   6 C     10   6 C                                 1.3391241
     1   6 C     11   1 H                                 1.0723614
     2   7 N     12   1 H                                 1.0115695
     4   6 C     13   1 H                                 1.0718512
     5   6 C     14   1 H                                 1.0720895
     9   7 N     15   1 H                                 1.0034604 (min)
     9   7 N     16   1 H                                 1.0065826
    10   6 C     17   1 H                                 1.0752662
    10   6 C     18   1 H                                 1.0761668

 * 5 distinct bonds (by element types)

   Z      Z             #   av. dist./Å        max./Å        min./Å
   1 H    6 C           5     1.0735470     1.0761668     1.0718512
   6 C    6 C           4     1.3750440     1.4003051     1.3391241
   1 H    7 N           3     1.0072042     1.0115695     1.0034604
   6 C    7 N           3     1.3542944     1.3640762     1.3483370
   6 C    8 O           1     1.2188902     1.2188902     1.2188902


optimized geometry written to: xtbopt.xyz


           -------------------------------------------------
          | TOTAL ENERGY              -28.956195876043 Eh   |
          | GRADIENT NORM               0.000572542902 Eh/α |
          | HOMO-LUMO GAP               2.724855609511 eV   |
           -------------------------------------------------

------------------------------------------------------------------------
 * finished run on 2021/05/19 at 11:00:32.993     
------------------------------------------------------------------------
 total:
 * wall-time:     0 d,  0 h,  0 min,  0.246 sec
 *  cpu-time:     0 d,  0 h,  0 min,  0.238 sec
 * ratio c/w:     0.967 speedup
 SCF:
 * wall-time:     0 d,  0 h,  0 min,  0.022 sec
 *  cpu-time:     0 d,  0 h,  0 min,  0.022 sec
 * ratio c/w:     0.999 speedup
 ANC optimizer:
 * wall-time:     0 d,  0 h,  0 min,  0.200 sec
 *  cpu-time:     0 d,  0 h,  0 min,  0.200 sec
 * ratio c/w:     1.000 speedup

