      -----------------------------------------------------------      
     |                   =====================                   |     
     |                           x T B                           |     
     |                   =====================                   |     
     |                         S. Grimme                         |     
     |          Mulliken Center for Theoretical Chemistry        |     
     |                    University of Bonn                     |     
     |                Version 6.2 RC2 (SAW190805)                |     
      -----------------------------------------------------------      

   This program is distributed in the hope that it will be useful,
   but WITHOUT ANY WARRANTY; without even the implied warranty of
   MERCHANTABILITY or FITNESS FOR A PARTICULAR PURPOSE.
   
   FOR NON-COMMERCIAL, ACADEMIA USE ONLY.
   
   Cite this work as:
   * S. Grimme, C. Bannwarth, P. Shushkov, J. Chem. Theory Comput., 2017,
     13, 1989-2009. DOI: 10.1021/acs.jctc.7b00118
   * C. Bannwarth, S. Ehlert and S. Grimme., J. Chem. Theory Comput., 2019,
     15, 1652-1671. DOI: 10.1021/acs.jctc.8b01176
   * P. Pracht, E. Caldeweyher, S. Ehlert, S. Grimme, ChemRxiv, 2019, preprint.
     DOI: 10.26434/chemrxiv.8326202.v1
   
   for DFT-D4:
   * E. Caldeweyher, C. Bannwarth and S. Grimme, J. Chem. Phys., 2017,
     147, 034112. DOI: 10.1063/1.4993215
   * E. Caldeweyher, S. Ehlert, A. Hansen, H. Neugebauer, S. Spicher,
     C. Bannwarth and S. Grimme, J. Chem. Phys., 2019, 150, 154122.
     DOI: 10.1063/1.5090222
   
   for sTDA-xTB:
   * S. Grimme and C. Bannwarth, J. Chem. Phys., 2016, 145, 054103.
     DOI: 10.1063/1.4959605
   
   in the mass-spec context:
   * V. Asgeirsson, C. Bauer and S. Grimme, Chem. Sci., 2017, 8, 4879.
     DOI: 10.1039/c7sc00601b
   
   for metadynamics refer to:
   * S. Grimme, J. Chem. Theory Comput., 2019, 155, 2847-2862
     DOI: 10.1021/acs.jctc.9b00143
   
   with help from (in alphabetical order)
   C. Bannwarth, F. Bohle, G. Brandenburg, E. Caldeweyher, M. Checinski,
   S. Dohm, S. Ehlert, S. Ehrlich, F. März, H. Neugebauer, J. Pisarek,
   P. Pracht, P. Shushkov, and S. Spicher.
   
 * started run on 2021/05/19 at 10:59:03.474     

           -------------------------------------------------
          |                Calculation Setup                |
           -------------------------------------------------

          program call               : /ihome/ghutchison/geoffh/xtb/xtb 96.xyz -opt
          hostname                   : smp-n58
          coordinate file            : 96.xyz
          omp threads                :                     1
          number of atoms            :                    17
          number of electrons        :                    66
          charge                     :                     0
          spin                       :                   0.0
          first test random number   :      0.51080452204607


########################################################################
# WARNING! Please study the warnings concerning your input carefully
#  - the use of '-opt' is discouraged, please use '--opt' next time
########################################################################

           ------------------------------------------------- 
          |                 G F N 2 - x T B                 |
          | Geometry, Frequencies, Noncovalent interactions |
          |            JCTC 2019 parametrisation            |
           ------------------------------------------------- 
             KAB for C  - Si     :                1.0500
             KAB for H  - Pd     :                0.9500
             k(s)              :                1.8500
             k(p)              :                2.2300
             k(d)              :                2.2300
             k(f)              :                2.0000
             kEN (H0ij)        :               -2.0000
             D4 a1             :                0.5200
             D4 a2             :                5.0000
             D4 s6             :                1.0000
             D4 s8             :                2.7000
             D4 s9             :                5.0000
             alphaj            :                2.0000

  Z AO/shell   Hii/eV     exponent
  1     Wed Apr 25 08:07:45 CEST 2018   EN: 2.200 GM2: 0.406  GM3: 0.0800  RAES: 1.40
     1s    -10.707211    1.230000
  6     Wed Apr 25 08:07:45 CEST 2018   EN: 2.550 GM2: 0.538  GM3: 0.1500  RAES: 3.00
     2s    -13.970922    2.096432
     2p    -10.063292    1.800000
  8     Wed Apr 25 08:07:45 CEST 2018   EN: 3.440 GM2: 0.452  GM3:-0.0517  RAES: 1.80
     2s    -20.229985    2.439742
     2p    -15.503117    2.137023
 16     Tue Apr 24 11:44:34 CEST 2018   EN: 2.580 GM2: 0.340  GM3:-0.0502  RAES: 3.10
     3s    -20.029654    1.981333
     3p    -11.377694    2.025643
     3d     -0.420282    1.702555

           ------------------------------------------------- 
          |        Self-Consistent Charge Iterations        |
           ------------------------------------------------- 

          ...................................................
          :                      SETUP                      :
          :.................................................:
          :  # basis functions                  74          :
          :  # atomic orbitals                  71          :
          :  # shells                           33          :
          :  # electrons                        66          :
          :  max. iterations                   250          :
          :  Hamiltonian                  GFN2-xTB          :
          :  restarted?                      false          :
          :  GBSA solvation                  false          :
          :  PC potential                    false          :
          :  electronic temp.          300.0000000     K    :
          :  accuracy                    1.0000000          :
          :  -> integral cutoff          0.2500000E+02      :
          :  -> integral neglect         0.1000000E-07      :
          :  -> SCF convergence          0.1000000E-05 Eh   :
          :  -> wf. convergence          0.1000000E-03 e    :
          :  Broyden damping             0.4000000          :
          ...................................................

 iter      E             dE          RMSdq      gap      omega  full diag
   1    -37.2972841 -0.372973E+02  0.587E+00    2.63       0.0  T
   2    -37.3308942 -0.336101E-01  0.300E+00    1.92       1.0  T
   3    -37.3190363  0.118579E-01  0.172E+00    2.22       1.0  T
   4    -37.3451678 -0.261316E-01  0.449E-01    1.90       1.0  T
   5    -37.3448549  0.312940E-03  0.254E-01    1.96       1.0  T
   6    -37.3454087 -0.553782E-03  0.924E-02    1.95       1.0  T
   7    -37.3454749 -0.662341E-04  0.351E-02    1.93       1.0  T
   8    -37.3454787 -0.375432E-05  0.200E-02    1.94       1.2  T
   9    -37.3454787 -0.513689E-07  0.101E-02    1.94       2.4  T
  10    -37.3454799 -0.115560E-05  0.269E-03    1.94       9.0  T
  11    -37.3454799 -0.301360E-07  0.111E-03    1.94      21.9  T
  12    -37.3454799 -0.115509E-08  0.582E-04    1.94      41.7  T
  13    -37.3454799 -0.218254E-08  0.268E-04    1.94      90.4  T

   *** convergence criteria satisfied after 13 iterations ***

         #    Occupation            Energy/Eh            Energy/eV
      -------------------------------------------------------------
         1        2.0000           -0.7750516             -21.0902
       ...           ...                  ...                  ...
        27        2.0000           -0.4696463             -12.7797
        28        2.0000           -0.4661404             -12.6843
        29        2.0000           -0.4602363             -12.5237
        30        2.0000           -0.4451003             -12.1118
        31        2.0000           -0.4185201             -11.3885
        32        2.0000           -0.4092497             -11.1363
        33        2.0000           -0.3988610             -10.8536 (HOMO)
        34                         -0.3275685              -8.9136 (LUMO)
        35                         -0.3181881              -8.6583
        36                         -0.2973378              -8.0910
        37                         -0.2500418              -6.8040
        38                         -0.2463153              -6.7026
       ...                                ...                  ...
        71                          0.6405778              17.4310
      -------------------------------------------------------------
                  HL-Gap            0.0712925 Eh            1.9400 eV
             Fermi-level           -0.3632147 Eh           -9.8836 eV

 SCC (total)                   0 d,  0 h,  0 min,  0.041 sec
 SCC setup                      ...        0 min,  0.000 sec (  0.645%)
 Dispersion                     ...        0 min,  0.000 sec (  0.532%)
 integral evaluation            ...        0 min,  0.010 sec ( 25.115%)
 zeroth order Hamiltonian       ...        0 min,  0.000 sec (  0.467%)
 iterations                     ...        0 min,  0.015 sec ( 36.653%)
 molecular gradient             ...        0 min,  0.015 sec ( 35.680%)
 printout                       ...        0 min,  0.000 sec (  0.779%)

         :::::::::::::::::::::::::::::::::::::::::::::::::::::
         ::                     SUMMARY                     ::
         :::::::::::::::::::::::::::::::::::::::::::::::::::::
         :: total energy             -36.944307676489 Eh    ::
         :: gradient norm              0.104918904721 Eh/a0 ::
         :: HOMO-LUMO gap              1.939968285620 eV    ::
         ::.................................................::
         :: SCC energy               -37.345479905954 Eh    ::
         :: -> isotropic ES            0.044198504745 Eh    ::
         :: -> anisotropic ES          0.002543957232 Eh    ::
         :: -> anisotropic XC          0.012520169129 Eh    ::
         :: -> dispersion             -0.023770321449 Eh    ::
         :: repulsion energy           0.401056236641 Eh    ::
         :: add. restraining           0.000000000000 Eh    ::
         :::::::::::::::::::::::::::::::::::::::::::::::::::::

      ----------------------------------------------------------- 
     |                   =====================                   |
     |                        A N C O P T                        |
     |                   =====================                   |
     |               Approximate Normal Coordinate               |
     |                Rational Function Optimizer                |
      ----------------------------------------------------------- 

          ...................................................
          :                      SETUP                      :
          :.................................................:
          :   optimization level            normal          :
          :   max. optcycles                   200          :
          :   ANC micro-cycles                  20          :
          :   degrees of freedom                45          :
          :.................................................:
          :   RF solver                   davidson          :
          :   input Hessian                  false          :
          :   write xtbopt.log                true          :
          :   linear?                        false          :
          :   energy convergence         0.5000000E-05 Eh   :
          :   grad. convergence          0.1000000E-02 Eh/α :
          :   maximium RF displ.         2.0000000          :
          :   Hlow (freq-cutoff)         0.5000000E-02      :
          :   Hmax (freq-cutoff)         5.0000000          :
          :   S6 in model hess.         20.0000000          :
          ...................................................

generating ANC from model Hessian ...
Using Lindh-Hessian (1995)
 Shifting diagonal of input Hessian by   2.324552142718844E-003
 Lowest  eigenvalues of input Hessian
   -0.000000   -0.000000    0.000000    0.000000    0.000000    0.000000
    0.005000    0.005528    0.008196    0.009556    0.012426    0.021095
    0.026685    0.029438    0.036650    0.039666    0.051035    0.053840
 Highest eigenvalues
    1.635720    1.767193    1.812804    1.968879    2.101574    2.225267
 

........................................................................
.............................. CYCLE    1 ..............................
........................................................................
   1    -37.3454799 -0.373455E+02  0.104E-04    1.94       0.0  T
   2    -37.3454799 -0.165556E-10  0.616E-05    1.94     393.9  T
   3    -37.3454799 -0.687095E-11  0.490E-05    1.94     495.4  T
     SCC iter.                  ...        0 min,  0.004 sec
     gradient                   ...        0 min,  0.013 sec
 * total energy  :   -36.9443076 Eh     change        0.2940976E-07 Eh
   gradient norm :     0.1049175 Eh/α   predicted     0.0000000E+00 (-100.00%)
   displ. norm   :     0.3075898 α      lambda       -0.1458570E-01
   maximum displ.:     0.1709497 α      in ANC's #14, #23, #13, ...

........................................................................
.............................. CYCLE    2 ..............................
........................................................................
   1    -37.3711730 -0.373712E+02  0.930E-01    2.25       0.0  T
   2    -37.3716355 -0.462560E-03  0.430E-01    2.14       1.0  T
   3    -37.3715079  0.127589E-03  0.149E-01    2.20       1.0  T
   4    -37.3716963 -0.188410E-03  0.668E-02    2.16       1.0  T
   5    -37.3717296 -0.332402E-04  0.304E-02    2.16       1.0  T
   6    -37.3717333 -0.368266E-05  0.118E-02    2.17       2.1  T
   7    -37.3717343 -0.100331E-05  0.339E-03    2.17       7.2  T
   8    -37.3717343 -0.660958E-07  0.203E-03    2.17      11.9  T
     SCC iter.                  ...        0 min,  0.009 sec
     gradient                   ...        0 min,  0.013 sec
 * total energy  :   -36.9550099 Eh     change       -0.1070230E-01 Eh
   gradient norm :     0.0407464 Eh/α   predicted    -0.7982841E-02 ( -25.41%)
   displ. norm   :     0.3756051 α      lambda       -0.7366594E-02
   maximum displ.:     0.2210752 α      in ANC's #14, #13, #3, ...

........................................................................
.............................. CYCLE    3 ..............................
........................................................................
   1    -37.3794641 -0.373795E+02  0.101E+00    2.28       0.0  T
   2    -37.3797510 -0.286874E-03  0.481E-01    2.23       1.0  T
   3    -37.3796199  0.131122E-03  0.144E-01    2.27       1.0  T
   4    -37.3798264 -0.206487E-03  0.688E-02    2.26       1.0  T
   5    -37.3798453 -0.189095E-04  0.284E-02    2.25       1.0  T
   6    -37.3798493 -0.404672E-05  0.710E-03    2.25       3.4  T
   7    -37.3798496 -0.303131E-06  0.417E-03    2.25       5.8  T
   8    -37.3798498 -0.121141E-06  0.189E-03    2.25      12.8  T
     SCC iter.                  ...        0 min,  0.008 sec
     gradient                   ...        0 min,  0.012 sec
 * total energy  :   -36.9593717 Eh     change       -0.4361703E-02 Eh
   gradient norm :     0.0152449 Eh/α   predicted    -0.4202937E-02 (  -3.64%)
   displ. norm   :     0.2923498 α      lambda       -0.1583212E-02
   maximum displ.:     0.1470260 α      in ANC's #1, #7, #5, ...

........................................................................
.............................. CYCLE    4 ..............................
........................................................................
   1    -37.3757831 -0.373758E+02  0.410E-01    2.13       0.0  T
   2    -37.3758648 -0.817122E-04  0.226E-01    2.18       1.0  T
   3    -37.3758236  0.411607E-04  0.873E-02    2.15       1.0  T
   4    -37.3758892 -0.655500E-04  0.317E-02    2.17       1.0  T
   5    -37.3758917 -0.258811E-05  0.150E-02    2.17       1.6  T
   6    -37.3758924 -0.683624E-06  0.665E-03    2.17       3.6  T
   7    -37.3758930 -0.588869E-06  0.248E-03    2.17       9.8  T
   8    -37.3758930 -0.704896E-08  0.106E-03    2.17      22.9  T
     SCC iter.                  ...        0 min,  0.008 sec
     gradient                   ...        0 min,  0.013 sec
 * total energy  :   -36.9606547 Eh     change       -0.1283091E-02 Eh
   gradient norm :     0.0160530 Eh/α   predicted    -0.8592624E-03 ( -33.03%)
   displ. norm   :     0.4976340 α      lambda       -0.2141333E-02
   maximum displ.:     0.2791694 α      in ANC's #1, #7, #6, ...

........................................................................
.............................. CYCLE    5 ..............................
........................................................................
   1    -37.3678603 -0.373679E+02  0.691E-01    1.94       0.0  T
   2    -37.3682147 -0.354397E-03  0.374E-01    2.07       1.0  T
   3    -37.3680874  0.127268E-03  0.182E-01    1.98       1.0  T
   4    -37.3683305 -0.243062E-03  0.593E-02    2.04       1.0  T
   5    -37.3683450 -0.145472E-04  0.291E-02    2.03       1.0  T
   6    -37.3683475 -0.250491E-05  0.108E-02    2.03       2.3  T
   7    -37.3683487 -0.115074E-05  0.454E-03    2.03       5.3  T
   8    -37.3683487 -0.463090E-07  0.244E-03    2.03       9.9  T
   9    -37.3683487 -0.216641E-07  0.759E-04    2.03      31.9  T
     SCC iter.                  ...        0 min,  0.009 sec
     gradient                   ...        0 min,  0.012 sec
 * total energy  :   -36.9619961 Eh     change       -0.1341371E-02 Eh
   gradient norm :     0.0332803 Eh/α   predicted    -0.1335803E-02 (  -0.42%)
   displ. norm   :     0.2175851 α      lambda       -0.1146539E-02
   maximum displ.:     0.1251859 α      in ANC's #1, #7, #2, ...

........................................................................
.............................. CYCLE    6 ..............................
........................................................................
   1    -37.3714890 -0.373715E+02  0.330E-01    2.01       0.0  T
   2    -37.3715159 -0.268816E-04  0.169E-01    2.02       1.0  T
   3    -37.3715081  0.776025E-05  0.476E-02    2.01       1.0  T
   4    -37.3715205 -0.124059E-04  0.267E-02    2.02       1.0  T
   5    -37.3715238 -0.331191E-05  0.105E-02    2.02       2.3  T
   6    -37.3715247 -0.818458E-06  0.286E-03    2.02       8.5  T
   7    -37.3715247 -0.428552E-07  0.166E-03    2.02      14.6  T
     SCC iter.                  ...        0 min,  0.007 sec
     gradient                   ...        0 min,  0.012 sec
 * total energy  :   -36.9629025 Eh     change       -0.9063998E-03 Eh
   gradient norm :     0.0235868 Eh/α   predicted    -0.6004039E-03 ( -33.76%)
   displ. norm   :     0.3209943 α      lambda       -0.1669947E-02
   maximum displ.:     0.2071413 α      in ANC's #1, #6, #5, ...

........................................................................
.............................. CYCLE    7 ..............................
........................................................................
   1    -37.3799142 -0.373799E+02  0.501E-01    2.00       0.0  T
   2    -37.3800520 -0.137817E-03  0.261E-01    2.04       1.0  T
   3    -37.3800044  0.475296E-04  0.107E-01    2.01       1.0  T
   4    -37.3800741 -0.696984E-04  0.492E-02    2.03       1.0  T
   5    -37.3800887 -0.145191E-04  0.245E-02    2.03       1.0  T
   6    -37.3800912 -0.250225E-05  0.759E-03    2.02       3.2  T
   7    -37.3800916 -0.446810E-06  0.310E-03    2.03       7.8  T
   8    -37.3800916 -0.244243E-07  0.200E-03    2.03      12.1  T
     SCC iter.                  ...        0 min,  0.009 sec
     gradient                   ...        0 min,  0.014 sec
 * total energy  :   -36.9639709 Eh     change       -0.1068418E-02 Eh
   gradient norm :     0.0161307 Eh/α   predicted    -0.9210005E-03 ( -13.80%)
   displ. norm   :     0.4314247 α      lambda       -0.1367399E-02
   maximum displ.:     0.2549823 α      in ANC's #1, #8, #14, ...

........................................................................
.............................. CYCLE    8 ..............................
........................................................................
   1    -37.3789944 -0.373790E+02  0.671E-01    1.92       0.0  T
   2    -37.3795469 -0.552471E-03  0.356E-01    2.06       1.0  T
   3    -37.3795173  0.296461E-04  0.193E-01    1.96       1.0  T
   4    -37.3796919 -0.174674E-03  0.667E-02    2.02       1.0  T
   5    -37.3797232 -0.312961E-04  0.333E-02    2.01       1.0  T
   6    -37.3797276 -0.432756E-05  0.150E-02    2.01       1.6  T
   7    -37.3797295 -0.196480E-05  0.497E-03    2.01       4.9  T
   8    -37.3797297 -0.118066E-06  0.300E-03    2.01       8.1  T
   9    -37.3797297 -0.165897E-07  0.131E-03    2.01      18.6  T
  10    -37.3797297 -0.142784E-07  0.499E-04    2.01      48.6  T
     SCC iter.                  ...        0 min,  0.011 sec
     gradient                   ...        0 min,  0.014 sec
 * total energy  :   -36.9642192 Eh     change       -0.2482977E-03 Eh
   gradient norm :     0.0386082 Eh/α   predicted    -0.8109521E-03 ( 226.60%)
   displ. norm   :     0.2111227 α      lambda       -0.1518343E-02
   maximum displ.:     0.0925832 α      in ANC's #4, #1, #3, ...

........................................................................
.............................. CYCLE    9 ..............................
........................................................................
   1    -37.3786311 -0.373786E+02  0.349E-01    2.01       0.0  T
   2    -37.3788765 -0.245367E-03  0.175E-01    2.01       1.0  T
   3    -37.3788707  0.579427E-05  0.100E-01    2.01       1.0  T
   4    -37.3789017 -0.310305E-04  0.486E-02    2.01       1.0  T
   5    -37.3789249 -0.231745E-04  0.188E-02    2.01       1.3  T
   6    -37.3789271 -0.221377E-05  0.851E-03    2.01       2.9  T
   7    -37.3789274 -0.267449E-06  0.229E-03    2.01      10.6  T
   8    -37.3789274 -0.623663E-08  0.151E-03    2.01      16.0  T
     SCC iter.                  ...        0 min,  0.008 sec
     gradient                   ...        0 min,  0.012 sec
 * total energy  :   -36.9648385 Eh     change       -0.6192643E-03 Eh
   gradient norm :     0.0219291 Eh/α   predicted    -0.7930072E-03 (  28.06%)
   displ. norm   :     0.1293424 α      lambda       -0.1003821E-02
   maximum displ.:     0.0615529 α      in ANC's #3, #7, #1, ...

........................................................................
.............................. CYCLE   10 ..............................
........................................................................
   1    -37.3870751 -0.373871E+02  0.250E-01    2.15       0.0  T
   2    -37.3872605 -0.185408E-03  0.125E-01    2.05       1.0  T
   3    -37.3873060 -0.454957E-04  0.752E-02    2.10       1.0  T
   4    -37.3873219 -0.158862E-04  0.286E-02    2.08       1.0  T
   5    -37.3873279 -0.607807E-05  0.122E-02    2.08       2.0  T
   6    -37.3873287 -0.809999E-06  0.592E-03    2.09       4.1  T
   7    -37.3873289 -0.180004E-06  0.197E-03    2.09      12.3  T
     SCC iter.                  ...        0 min,  0.007 sec
     gradient                   ...        0 min,  0.012 sec
 * total energy  :   -36.9647386 Eh     change        0.9992032E-04 Eh
   gradient norm :     0.0288059 Eh/α   predicted    -0.5103059E-03 (-610.71%)
   displ. norm   :     0.2380055 α      lambda       -0.1154108E-02
   maximum displ.:     0.1453682 α      in ANC's #1, #6, #7, ...

........................................................................
.............................. CYCLE   11 ..............................
........................................................................
   1    -37.3786805 -0.373787E+02  0.370E-01    1.93       0.0  T
   2    -37.3789828 -0.302223E-03  0.201E-01    2.06       1.0  T
   3    -37.3790729 -0.901467E-04  0.122E-01    1.99       1.0  T
   4    -37.3791202 -0.472747E-04  0.404E-02    2.02       1.0  T
   5    -37.3791319 -0.117587E-04  0.180E-02    2.02       1.3  T
   6    -37.3791332 -0.126418E-05  0.899E-03    2.02       2.7  T
   7    -37.3791338 -0.578223E-06  0.292E-03    2.02       8.3  T
   8    -37.3791338 -0.265025E-07  0.183E-03    2.02      13.2  T
     SCC iter.                  ...        0 min,  0.009 sec
     gradient                   ...        0 min,  0.014 sec
 * total energy  :   -36.9652695 Eh     change       -0.5309587E-03 Eh
   gradient norm :     0.0186744 Eh/α   predicted    -0.6097443E-03 (  14.84%)
   displ. norm   :     0.1279230 α      lambda       -0.6219015E-03
   maximum displ.:     0.0720633 α      in ANC's #3, #9, #2, ...

........................................................................
.............................. CYCLE   12 ..............................
........................................................................
   1    -37.3829942 -0.373830E+02  0.144E-01    2.04       0.0  T
   2    -37.3830031 -0.889943E-05  0.797E-02    2.03       1.0  T
   3    -37.3829952  0.794708E-05  0.326E-02    2.04       1.0  T
   4    -37.3830060 -0.107828E-04  0.123E-02    2.03       2.0  T
   5    -37.3830063 -0.322361E-06  0.611E-03    2.03       4.0  T
   6    -37.3830066 -0.304822E-06  0.201E-03    2.03      12.0  T
   7    -37.3830066 -0.310510E-07  0.851E-04    2.03      28.5  T
     SCC iter.                  ...        0 min,  0.008 sec
     gradient                   ...        0 min,  0.014 sec
 * total energy  :   -36.9652540 Eh     change        0.1551646E-04 Eh
   gradient norm :     0.0166575 Eh/α   predicted    -0.3160398E-03 (*******%)
   displ. norm   :     0.1397894 α      lambda       -0.5570402E-03
   maximum displ.:     0.0810872 α      in ANC's #1, #5, #3, ...

........................................................................
.............................. CYCLE   13 ..............................
........................................................................
   1    -37.3799478 -0.373799E+02  0.144E-01    2.02       0.0  T
   2    -37.3799540 -0.620299E-05  0.783E-02    2.03       1.0  T
   3    -37.3799508  0.321646E-05  0.260E-02    2.02       1.0  T
   4    -37.3799557 -0.494154E-05  0.110E-02    2.03       2.2  T
   5    -37.3799560 -0.324193E-06  0.504E-03    2.03       4.8  T
   6    -37.3799562 -0.167246E-06  0.199E-03    2.03      12.2  T
   7    -37.3799562 -0.389401E-07  0.799E-04    2.03      30.3  T
     SCC iter.                  ...        0 min,  0.007 sec
     gradient                   ...        0 min,  0.013 sec
 * total energy  :   -36.9655902 Eh     change       -0.3361785E-03 Eh
   gradient norm :     0.0104682 Eh/α   predicted    -0.2839626E-03 ( -15.53%)
   displ. norm   :     0.1217230 α      lambda       -0.2338909E-03
   maximum displ.:     0.0620640 α      in ANC's #1, #2, #3, ...

........................................................................
.............................. CYCLE   14 ..............................
........................................................................
   1    -37.3813162 -0.373813E+02  0.147E-01    2.02       0.0  T
   2    -37.3813212 -0.501417E-05  0.800E-02    2.02       1.0  T
   3    -37.3813192  0.201079E-05  0.234E-02    2.02       1.0  T
   4    -37.3813226 -0.339459E-05  0.123E-02    2.02       2.0  T
   5    -37.3813232 -0.567079E-06  0.467E-03    2.02       5.2  T
   6    -37.3813234 -0.190557E-06  0.161E-03    2.02      15.1  T
   7    -37.3813234 -0.183265E-07  0.811E-04    2.02      29.9  T
     SCC iter.                  ...        0 min,  0.007 sec
     gradient                   ...        0 min,  0.012 sec
 * total energy  :   -36.9657238 Eh     change       -0.1336015E-03 Eh
   gradient norm :     0.0109939 Eh/α   predicted    -0.1186790E-03 ( -11.17%)
   displ. norm   :     0.2223962 α      lambda       -0.2403484E-03
   maximum displ.:     0.1472172 α      in ANC's #1, #3, #5, ...

........................................................................
.............................. CYCLE   15 ..............................
........................................................................
   1    -37.3795925 -0.373796E+02  0.239E-01    2.00       0.0  T
   2    -37.3796070 -0.144390E-04  0.132E-01    2.02       1.0  T
   3    -37.3795942  0.127439E-04  0.476E-02    2.00       1.0  T
   4    -37.3796137 -0.194802E-04  0.182E-02    2.01       1.3  T
   5    -37.3796140 -0.336814E-06  0.810E-03    2.01       3.0  T
   6    -37.3796147 -0.631971E-06  0.254E-03    2.01       9.5  T
   7    -37.3796147 -0.343888E-07  0.146E-03    2.01      16.6  T
     SCC iter.                  ...        0 min,  0.007 sec
     gradient                   ...        0 min,  0.012 sec
 * total energy  :   -36.9659039 Eh     change       -0.1801373E-03 Eh
   gradient norm :     0.0123045 Eh/α   predicted    -0.1261170E-03 ( -29.99%)
   displ. norm   :     0.2881171 α      lambda       -0.4214320E-03
   maximum displ.:     0.2031118 α      in ANC's #1, #3, #5, ...

........................................................................
.............................. CYCLE   16 ..............................
........................................................................
   1    -37.3812190 -0.373812E+02  0.344E-01    2.01       0.0  T
   2    -37.3812510 -0.319593E-04  0.184E-01    1.99       1.0  T
   3    -37.3812515 -0.575668E-06  0.454E-02    2.00       1.0  T
   4    -37.3812583 -0.679668E-05  0.262E-02    1.99       1.0  T
   5    -37.3812596 -0.127335E-05  0.124E-02    1.99       2.0  T
   6    -37.3812614 -0.175564E-05  0.334E-03    1.99       7.3  T
   7    -37.3812615 -0.925498E-07  0.170E-03    1.99      14.3  T
   8    -37.3812615 -0.341893E-08  0.666E-04    1.99      36.4  T
     SCC iter.                  ...        0 min,  0.008 sec
     gradient                   ...        0 min,  0.013 sec
 * total energy  :   -36.9661734 Eh     change       -0.2694802E-03 Eh
   gradient norm :     0.0080231 Eh/α   predicted    -0.2282124E-03 ( -15.31%)
   displ. norm   :     0.3634991 α      lambda       -0.2935636E-03
   maximum displ.:     0.2599339 α      in ANC's #1, #5, #3, ...

........................................................................
.............................. CYCLE   17 ..............................
........................................................................
   1    -37.3778973 -0.373779E+02  0.410E-01    1.92       0.0  T
   2    -37.3779538 -0.564636E-04  0.222E-01    1.97       1.0  T
   3    -37.3778895  0.642848E-04  0.102E-01    1.92       1.0  T
   4    -37.3779854 -0.959100E-04  0.335E-02    1.95       1.0  T
   5    -37.3779850  0.404652E-06  0.192E-02    1.95       1.3  T
   6    -37.3779883 -0.332587E-05  0.548E-03    1.95       4.4  T
   7    -37.3779885 -0.228756E-06  0.255E-03    1.95       9.5  T
   8    -37.3779885  0.320738E-08  0.141E-03    1.95      17.2  T
     SCC iter.                  ...        0 min,  0.009 sec
     gradient                   ...        0 min,  0.012 sec
 * total energy  :   -36.9662704 Eh     change       -0.9696379E-04 Eh
   gradient norm :     0.0171501 Eh/α   predicted    -0.1661741E-03 (  71.38%)
   displ. norm   :     0.0676993 α      lambda       -0.3202935E-03
   maximum displ.:     0.0395744 α      in ANC's #1, #3, #5, ...

........................................................................
.............................. CYCLE   18 ..............................
........................................................................
   1    -37.3833168 -0.373833E+02  0.127E-01    1.99       0.0  T
   2    -37.3833618 -0.450541E-04  0.697E-02    1.94       1.0  T
   3    -37.3833783 -0.164936E-04  0.338E-02    1.96       1.0  T
   4    -37.3833824 -0.404814E-05  0.129E-02    1.95       1.9  T
   5    -37.3833837 -0.133305E-05  0.556E-03    1.95       4.4  T
   6    -37.3833838 -0.821245E-07  0.311E-03    1.95       7.8  T
   7    -37.3833839 -0.620881E-07  0.978E-04    1.95      24.8  T
   8    -37.3833839 -0.358725E-08  0.641E-04    1.95      37.9  T
     SCC iter.                  ...        0 min,  0.008 sec
     gradient                   ...        0 min,  0.013 sec
 * total energy  :   -36.9664096 Eh     change       -0.1392442E-03 Eh
   gradient norm :     0.0075023 Eh/α   predicted    -0.1608802E-03 (  15.54%)
   displ. norm   :     0.2127737 α      lambda       -0.3364143E-03
   maximum displ.:     0.1799140 α      in ANC's #1, #30, #17, ...

........................................................................
.............................. CYCLE   19 ..............................
........................................................................
   1    -37.3833933 -0.373834E+02  0.249E-01    1.93       0.0  T
   2    -37.3834091 -0.158253E-04  0.135E-01    1.94       1.0  T
   3    -37.3833960  0.131127E-04  0.466E-02    1.93       1.0  T
   4    -37.3834128 -0.167888E-04  0.214E-02    1.94       1.1  T
   5    -37.3834148 -0.200142E-05  0.985E-03    1.94       2.5  T
   6    -37.3834155 -0.688586E-06  0.318E-03    1.94       7.6  T
   7    -37.3834156 -0.730093E-07  0.139E-03    1.94      17.4  T
   8    -37.3834156 -0.340940E-08  0.806E-04    1.94      30.1  T
     SCC iter.                  ...        0 min,  0.008 sec
     gradient                   ...        0 min,  0.012 sec
 * total energy  :   -36.9665273 Eh     change       -0.1176538E-03 Eh
   gradient norm :     0.0119508 Eh/α   predicted    -0.1758216E-03 (  49.44%)
   displ. norm   :     0.1957431 α      lambda       -0.1767250E-03
   maximum displ.:     0.1444391 α      in ANC's #1, #5, #30, ...

........................................................................
.............................. CYCLE   20 ..............................
........................................................................
   1    -37.3813755 -0.373814E+02  0.211E-01    1.91       0.0  T
   2    -37.3813892 -0.136850E-04  0.115E-01    1.93       1.0  T
   3    -37.3813773  0.119161E-04  0.468E-02    1.90       1.0  T
   4    -37.3813961 -0.188017E-04  0.163E-02    1.92       1.5  T
   5    -37.3813962 -0.157515E-06  0.705E-03    1.92       3.4  T
   6    -37.3813967 -0.446296E-06  0.236E-03    1.92      10.3  T
   7    -37.3813967 -0.342812E-07  0.131E-03    1.92      18.5  T
     SCC iter.                  ...        0 min,  0.008 sec
     gradient                   ...        0 min,  0.014 sec
 * total energy  :   -36.9666313 Eh     change       -0.1040716E-03 Eh
   gradient norm :     0.0087388 Eh/α   predicted    -0.9174920E-04 ( -11.84%)
   displ. norm   :     0.0702790 α      lambda       -0.9012301E-04
   maximum displ.:     0.0434420 α      in ANC's #1, #30, #6, ...
 * RMSD in coord.:     0.9141054 α      energy gain  -0.2232367E-01 Eh

generating ANC from model Hessian ...
Using Lindh-Hessian (1995)
 Shifting diagonal of input Hessian by   2.889270148898710E-003
 Lowest  eigenvalues of input Hessian
   -0.000000   -0.000000    0.000000    0.000000    0.000000    0.000000
    0.005000    0.006101    0.007158    0.010346    0.013044    0.022801
    0.027295    0.034618    0.039571    0.043133    0.045941    0.048604
 Highest eigenvalues
    1.687206    1.803751    1.851674    2.016610    2.147336    2.163985
 

........................................................................
.............................. CYCLE   21 ..............................
........................................................................
   1    -37.3820135 -0.373820E+02  0.837E-02    1.92       0.0  T
   2    -37.3820202 -0.668969E-05  0.454E-02    1.92       1.0  T
   3    -37.3820176  0.255243E-05  0.223E-02    1.92       1.1  T
   4    -37.3820205 -0.283691E-05  0.116E-02    1.92       2.1  T
   5    -37.3820218 -0.134152E-05  0.398E-03    1.92       6.1  T
   6    -37.3820218 -0.256607E-07  0.195E-03    1.92      12.4  T
   7    -37.3820218 -0.269817E-07  0.626E-04    1.92      38.7  T
   8    -37.3820218  0.327162E-09  0.421E-04    1.92      57.6  T
     SCC iter.                  ...        0 min,  0.009 sec
     gradient                   ...        0 min,  0.014 sec
 * total energy  :   -36.9666856 Eh     change       -0.5426054E-04 Eh
   gradient norm :     0.0046518 Eh/α   predicted     0.0000000E+00 (-100.00%)
   displ. norm   :     0.0490532 α      lambda       -0.6248161E-04
   maximum displ.:     0.0312759 α      in ANC's #2, #4, #1, ...

........................................................................
.............................. CYCLE   22 ..............................
........................................................................
   1    -37.3830326 -0.373830E+02  0.670E-02    1.93       0.0  T
   2    -37.3830340 -0.140059E-05  0.366E-02    1.92       1.0  T
   3    -37.3830328  0.114289E-05  0.137E-02    1.93       1.8  T
   4    -37.3830347 -0.183253E-05  0.577E-03    1.92       4.2  T
   5    -37.3830347 -0.666970E-07  0.206E-03    1.92      11.7  T
   6    -37.3830348 -0.363390E-07  0.835E-04    1.92      29.0  T
     SCC iter.                  ...        0 min,  0.006 sec
     gradient                   ...        0 min,  0.012 sec
 * total energy  :   -36.9667224 Eh     change       -0.3674985E-04 Eh
   gradient norm :     0.0018579 Eh/α   predicted    -0.3131701E-04 ( -14.78%)
   displ. norm   :     0.0578123 α      lambda       -0.2277470E-04
   maximum displ.:     0.0389748 α      in ANC's #4, #2, #7, ...

........................................................................
.............................. CYCLE   23 ..............................
........................................................................
   1    -37.3837422 -0.373837E+02  0.710E-02    1.93       0.0  T
   2    -37.3837437 -0.142124E-05  0.397E-02    1.93       1.0  T
   3    -37.3837426  0.100318E-05  0.140E-02    1.93       1.7  T
   4    -37.3837441 -0.148122E-05  0.631E-03    1.93       3.8  T
   5    -37.3837443 -0.146067E-06  0.284E-03    1.93       8.5  T
   6    -37.3837443 -0.487322E-07  0.102E-03    1.93      23.7  T
   7    -37.3837443 -0.915777E-08  0.489E-04    1.93      49.6  T
   8    -37.3837443 -0.996160E-09  0.248E-04    1.93      97.6  T
     SCC iter.                  ...        0 min,  0.008 sec
     gradient                   ...        0 min,  0.014 sec
 * total energy  :   -36.9667472 Eh     change       -0.2481882E-04 Eh
   gradient norm :     0.0025116 Eh/α   predicted    -0.1140272E-04 ( -54.06%)
   displ. norm   :     0.0867596 α      lambda       -0.3641504E-04
   maximum displ.:     0.0560742 α      in ANC's #4, #2, #7, ...

........................................................................
.............................. CYCLE   24 ..............................
........................................................................
   1    -37.3835844 -0.373836E+02  0.110E-01    1.92       0.0  T
   2    -37.3835901 -0.567670E-05  0.607E-02    1.94       1.0  T
   3    -37.3835862  0.395965E-05  0.281E-02    1.92       1.0  T
   4    -37.3835925 -0.634078E-05  0.955E-03    1.93       2.5  T
   5    -37.3835927 -0.158709E-06  0.533E-03    1.93       4.5  T
   6    -37.3835928 -0.181092E-06  0.175E-03    1.93      13.9  T
   7    -37.3835929 -0.302156E-07  0.765E-04    1.93      31.7  T
   8    -37.3835929 -0.178746E-08  0.456E-04    1.93      53.2  T
     SCC iter.                  ...        0 min,  0.009 sec
     gradient                   ...        0 min,  0.014 sec
 * total energy  :   -36.9667788 Eh     change       -0.3160038E-04 Eh
   gradient norm :     0.0018860 Eh/α   predicted    -0.1834383E-04 ( -41.95%)
   displ. norm   :     0.3250299 α      lambda       -0.7283036E-04
   maximum displ.:     0.2141450 α      in ANC's #4, #2, #7, ...

........................................................................
.............................. CYCLE   25 ..............................
........................................................................
   1    -37.3809171 -0.373809E+02  0.396E-01    1.90       0.0  T
   2    -37.3810103 -0.931534E-04  0.220E-01    1.96       1.0  T
   3    -37.3809534  0.568431E-04  0.114E-01    1.90       1.0  T
   4    -37.3810550 -0.101565E-03  0.351E-02    1.94       1.0  T
   5    -37.3810574 -0.246317E-05  0.200E-02    1.94       1.2  T
   6    -37.3810597 -0.230547E-05  0.683E-03    1.93       3.6  T
   7    -37.3810602 -0.458932E-06  0.279E-03    1.94       8.7  T
   8    -37.3810602 -0.187732E-07  0.166E-03    1.94      14.6  T
   9    -37.3810602 -0.113158E-07  0.613E-04    1.94      39.6  T
  10    -37.3810602 -0.369594E-08  0.226E-04    1.94     107.4  T
     SCC iter.                  ...        0 min,  0.010 sec
     gradient                   ...        0 min,  0.013 sec
 * total energy  :   -36.9668061 Eh     change       -0.2734339E-04 Eh
   gradient norm :     0.0104808 Eh/α   predicted    -0.3812704E-04 (  39.44%)
   displ. norm   :     0.0571262 α      lambda       -0.5499446E-04
   maximum displ.:     0.0362626 α      in ANC's #4, #2, #7, ...

........................................................................
.............................. CYCLE   26 ..............................
........................................................................
   1    -37.3824646 -0.373825E+02  0.773E-02    1.95       0.0  T
   2    -37.3824733 -0.867846E-05  0.437E-02    1.93       1.0  T
   3    -37.3824747 -0.143828E-05  0.265E-02    1.94       1.0  T
   4    -37.3824779 -0.319917E-05  0.775E-03    1.93       3.1  T
   5    -37.3824783 -0.359644E-06  0.400E-03    1.94       6.1  T
   6    -37.3824783 -0.619507E-07  0.172E-03    1.94      14.1  T
   7    -37.3824783 -0.262046E-07  0.603E-04    1.94      40.2  T
     SCC iter.                  ...        0 min,  0.007 sec
     gradient                   ...        0 min,  0.013 sec
 * total energy  :   -36.9668402 Eh     change       -0.3412291E-04 Eh
   gradient norm :     0.0045413 Eh/α   predicted    -0.2758879E-04 ( -19.15%)
   displ. norm   :     0.0395372 α      lambda       -0.2447125E-04
   maximum displ.:     0.0263680 α      in ANC's #4, #2, #1, ...

........................................................................
.............................. CYCLE   27 ..............................
........................................................................
   1    -37.3830490 -0.373830E+02  0.490E-02    1.94       0.0  T
   2    -37.3830502 -0.116226E-05  0.272E-02    1.93       1.0  T
   3    -37.3830494  0.771014E-06  0.127E-02    1.94       1.9  T
   4    -37.3830508 -0.133756E-05  0.458E-03    1.93       5.3  T
   5    -37.3830508 -0.625449E-07  0.214E-03    1.93      11.3  T
   6    -37.3830508 -0.290673E-07  0.655E-04    1.93      37.0  T
     SCC iter.                  ...        0 min,  0.006 sec
     gradient                   ...        0 min,  0.013 sec
 * total energy  :   -36.9668595 Eh     change       -0.1922069E-04 Eh
   gradient norm :     0.0021849 Eh/α   predicted    -0.1225648E-04 ( -36.23%)
   displ. norm   :     0.1367803 α      lambda       -0.3647263E-04
   maximum displ.:     0.0884970 α      in ANC's #4, #2, #1, ...

........................................................................
.............................. CYCLE   28 ..............................
........................................................................
   1    -37.3831876 -0.373832E+02  0.160E-01    1.92       0.0  T
   2    -37.3831933 -0.573918E-05  0.880E-02    1.92       1.0  T
   3    -37.3831950 -0.167046E-05  0.198E-02    1.92       1.2  T
   4    -37.3831944  0.546698E-06  0.124E-02    1.92       2.0  T
   5    -37.3831958 -0.139116E-05  0.318E-03    1.92       7.6  T
   6    -37.3831959 -0.733978E-07  0.149E-03    1.92      16.3  T
   7    -37.3831959 -0.976635E-08  0.838E-04    1.92      28.9  T
   8    -37.3831959 -0.155652E-08  0.323E-04    1.92      75.0  T
     SCC iter.                  ...        0 min,  0.009 sec
     gradient                   ...        0 min,  0.014 sec
 * total energy  :   -36.9668868 Eh     change       -0.2738663E-04 Eh
   gradient norm :     0.0012177 Eh/α   predicted    -0.1857666E-04 ( -32.17%)
   displ. norm   :     0.2983816 α      lambda       -0.3053946E-04
   maximum displ.:     0.1821988 α      in ANC's #4, #2, #1, ...

........................................................................
.............................. CYCLE   29 ..............................
........................................................................
   1    -37.3810687 -0.373811E+02  0.338E-01    1.88       0.0  T
   2    -37.3811054 -0.366832E-04  0.188E-01    1.91       1.0  T
   3    -37.3810718  0.336218E-04  0.777E-02    1.87       1.0  T
   4    -37.3811250 -0.532594E-04  0.285E-02    1.90       1.0  T
   5    -37.3811253 -0.225489E-06  0.136E-02    1.90       1.8  T
   6    -37.3811270 -0.172878E-05  0.432E-03    1.89       5.6  T
   7    -37.3811271 -0.130232E-06  0.223E-03    1.90      10.9  T
   8    -37.3811271 -0.651449E-08  0.100E-03    1.90      24.2  T
   9    -37.3811271 -0.656875E-08  0.321E-04    1.90      75.6  T
  10    -37.3811271 -0.111216E-08  0.131E-04    1.90     184.5  T
     SCC iter.                  ...        0 min,  0.010 sec
     gradient                   ...        0 min,  0.013 sec
 * total energy  :   -36.9668805 Eh     change        0.6363493E-05 Eh
   gradient norm :     0.0085543 Eh/α   predicted    -0.1587364E-04 (-349.45%)
   displ. norm   :     0.1000882 α      lambda       -0.5204727E-04
   maximum displ.:     0.0670334 α      in ANC's #4, #2, #7, ...

........................................................................
.............................. CYCLE   30 ..............................
........................................................................
   1    -37.3826847 -0.373827E+02  0.119E-01    1.91       0.0  T
   2    -37.3826925 -0.775049E-05  0.661E-02    1.90       1.0  T
   3    -37.3826865  0.597304E-05  0.356E-02    1.91       1.0  T
   4    -37.3826971 -0.105413E-04  0.105E-02    1.90       2.3  T
   5    -37.3826972 -0.989314E-07  0.628E-03    1.90       3.9  T
   6    -37.3826974 -0.261053E-06  0.205E-03    1.90      11.8  T
   7    -37.3826975 -0.376345E-07  0.835E-04    1.90      29.0  T
     SCC iter.                  ...        0 min,  0.007 sec
     gradient                   ...        0 min,  0.012 sec
 * total energy  :   -36.9669085 Eh     change       -0.2799498E-04 Eh
   gradient norm :     0.0027451 Eh/α   predicted    -0.2628297E-04 (  -6.12%)
   displ. norm   :     0.0209232 α      lambda       -0.8589186E-05
   maximum displ.:     0.0134856 α      in ANC's #1, #2, #3, ...

........................................................................
.............................. CYCLE   31 ..............................
........................................................................
   1    -37.3830085 -0.373830E+02  0.199E-02    1.91       0.0  T
   2    -37.3830088 -0.237162E-06  0.113E-02    1.90       2.2  T
   3    -37.3830086  0.153286E-06  0.538E-03    1.91       4.5  T
   4    -37.3830089 -0.253930E-06  0.164E-03    1.90      14.8  T
   5    -37.3830089 -0.898829E-08  0.850E-04    1.90      28.5  T
   6    -37.3830089 -0.381966E-08  0.366E-04    1.90      66.2  T
     SCC iter.                  ...        0 min,  0.006 sec
     gradient                   ...        0 min,  0.014 sec
 * total energy  :   -36.9669153 Eh     change       -0.6812714E-05 Eh
   gradient norm :     0.0014344 Eh/α   predicted    -0.4295977E-05 ( -36.94%)
   displ. norm   :     0.1447931 α      lambda       -0.1929924E-04
   maximum displ.:     0.0900629 α      in ANC's #1, #2, #3, ...

........................................................................
.............................. CYCLE   32 ..............................
........................................................................
   1    -37.3836826 -0.373837E+02  0.140E-01    1.91       0.0  T
   2    -37.3836867 -0.409640E-05  0.790E-02    1.91       1.0  T
   3    -37.3836848  0.192542E-05  0.219E-02    1.91       1.1  T
   4    -37.3836879 -0.314462E-05  0.123E-02    1.91       2.0  T
   5    -37.3836888 -0.828917E-06  0.394E-03    1.91       6.2  T
   6    -37.3836889 -0.118219E-06  0.169E-03    1.91      14.3  T
   7    -37.3836889 -0.201404E-07  0.865E-04    1.91      28.0  T
   8    -37.3836889 -0.524473E-09  0.379E-04    1.91      63.9  T
     SCC iter.                  ...        0 min,  0.009 sec
     gradient                   ...        0 min,  0.014 sec
 * total energy  :   -36.9669297 Eh     change       -0.1439697E-04 Eh
   gradient norm :     0.0027830 Eh/α   predicted    -0.9738013E-05 ( -32.36%)
   displ. norm   :     0.1614521 α      lambda       -0.2142155E-04
   maximum displ.:     0.0895433 α      in ANC's #1, #2, #4, ...

........................................................................
.............................. CYCLE   33 ..............................
........................................................................
   1    -37.3829175 -0.373829E+02  0.159E-01    1.89       0.0  T
   2    -37.3829250 -0.752150E-05  0.908E-02    1.91       1.0  T
   3    -37.3829173  0.778001E-05  0.369E-02    1.89       1.0  T
   4    -37.3829293 -0.119950E-04  0.127E-02    1.90       1.9  T
   5    -37.3829294 -0.158750E-06  0.638E-03    1.90       3.8  T
   6    -37.3829298 -0.381471E-06  0.201E-03    1.90      12.0  T
   7    -37.3829298 -0.211653E-07  0.113E-03    1.90      21.5  T
   8    -37.3829298 -0.159439E-08  0.492E-04    1.90      49.3  T
   9    -37.3829298 -0.245318E-08  0.128E-04    1.90     189.7  T
     SCC iter.                  ...        0 min,  0.009 sec
     gradient                   ...        0 min,  0.014 sec
 * total energy  :   -36.9669435 Eh     change       -0.1383927E-04 Eh
   gradient norm :     0.0021934 Eh/α   predicted    -0.1098806E-04 ( -20.60%)
   displ. norm   :     0.1253399 α      lambda       -0.1054113E-04
   maximum displ.:     0.0707063 α      in ANC's #1, #2, #4, ...

........................................................................
.............................. CYCLE   34 ..............................
........................................................................
   1    -37.3822115 -0.373822E+02  0.125E-01    1.89       0.0  T
   2    -37.3822159 -0.437611E-05  0.704E-02    1.90       1.0  T
   3    -37.3822119  0.399547E-05  0.267E-02    1.89       1.0  T
   4    -37.3822182 -0.631010E-05  0.101E-02    1.90       2.4  T
   5    -37.3822183 -0.905332E-07  0.473E-03    1.90       5.1  T
   6    -37.3822185 -0.210993E-06  0.159E-03    1.90      15.2  T
   7    -37.3822185 -0.146328E-07  0.851E-04    1.90      28.5  T
   8    -37.3822185 -0.858790E-09  0.394E-04    1.90      61.6  T
     SCC iter.                  ...        0 min,  0.008 sec
     gradient                   ...        0 min,  0.014 sec
 * total energy  :   -36.9669476 Eh     change       -0.4103801E-05 Eh
   gradient norm :     0.0039136 Eh/α   predicted    -0.5353444E-05 (  30.45%)
   displ. norm   :     0.0203342 α      lambda       -0.1202522E-04
   maximum displ.:     0.0105814 α      in ANC's #2, #4, #3, ...

........................................................................
.............................. CYCLE   35 ..............................
........................................................................
   1    -37.3829318 -0.373829E+02  0.259E-02    1.90       0.0  T
   2    -37.3829327 -0.888263E-06  0.145E-02    1.90       1.7  T
   3    -37.3829329 -0.220972E-06  0.847E-03    1.90       2.9  T
   4    -37.3829333 -0.396847E-06  0.258E-03    1.90       9.4  T
   5    -37.3829334 -0.407831E-07  0.130E-03    1.90      18.6  T
   6    -37.3829334 -0.451317E-08  0.590E-04    1.90      41.1  T
   7    -37.3829334 -0.378955E-08  0.191E-04    1.90     126.7  T
     SCC iter.                  ...        0 min,  0.008 sec
     gradient                   ...        0 min,  0.014 sec
 * total energy  :   -36.9669551 Eh     change       -0.7462156E-05 Eh
   gradient norm :     0.0015097 Eh/α   predicted    -0.6015234E-05 ( -19.39%)
   displ. norm   :     0.1172633 α      lambda       -0.6878336E-05
   maximum displ.:     0.0799899 α      in ANC's #1, #3, #2, ...

........................................................................
.............................. CYCLE   36 ..............................
........................................................................
   1    -37.3830391 -0.373830E+02  0.105E-01    1.90       0.0  T
   2    -37.3830410 -0.196956E-05  0.590E-02    1.90       1.0  T
   3    -37.3830407  0.321761E-06  0.143E-02    1.90       1.7  T
   4    -37.3830416 -0.836262E-06  0.855E-03    1.90       2.8  T
   5    -37.3830420 -0.413709E-06  0.280E-03    1.90       8.7  T
   6    -37.3830421 -0.758418E-07  0.101E-03    1.90      23.9  T
   7    -37.3830421 -0.103534E-08  0.609E-04    1.90      39.9  T
   8    -37.3830421 -0.252631E-08  0.136E-04    1.90     178.8  T
     SCC iter.                  ...        0 min,  0.009 sec
     gradient                   ...        0 min,  0.014 sec
 * total energy  :   -36.9669609 Eh     change       -0.5842004E-05 Eh
   gradient norm :     0.0012762 Eh/α   predicted    -0.3459673E-05 ( -40.78%)
   displ. norm   :     0.1034860 α      lambda       -0.3736420E-05
   maximum displ.:     0.0698570 α      in ANC's #1, #3, #2, ...

........................................................................
.............................. CYCLE   37 ..............................
........................................................................
   1    -37.3827250 -0.373827E+02  0.938E-02    1.89       0.0  T
   2    -37.3827270 -0.202236E-05  0.534E-02    1.90       1.0  T
   3    -37.3827257  0.126157E-05  0.164E-02    1.89       1.5  T
   4    -37.3827279 -0.211644E-05  0.695E-03    1.90       3.5  T
   5    -37.3827280 -0.146147E-06  0.290E-03    1.90       8.4  T
   6    -37.3827281 -0.688742E-07  0.110E-03    1.90      22.1  T
   7    -37.3827281 -0.646880E-08  0.593E-04    1.90      40.9  T
   8    -37.3827281 -0.511150E-09  0.258E-04    1.90      94.0  T
     SCC iter.                  ...        0 min,  0.009 sec
     gradient                   ...        0 min,  0.013 sec
 * total energy  :   -36.9669645 Eh     change       -0.3597676E-05 Eh
   gradient norm :     0.0014714 Eh/α   predicted    -0.1877548E-05 ( -47.81%)
   displ. norm   :     0.0778905 α      lambda       -0.4115520E-05
   maximum displ.:     0.0558240 α      in ANC's #1, #3, #2, ...

........................................................................
.............................. CYCLE   38 ..............................
........................................................................
   1    -37.3831286 -0.373831E+02  0.664E-02    1.90       0.0  T
   2    -37.3831294 -0.785100E-06  0.377E-02    1.90       1.0  T
   3    -37.3831289  0.534906E-06  0.971E-03    1.90       2.5  T
   4    -37.3831296 -0.775462E-06  0.492E-03    1.90       4.9  T
   5    -37.3831298 -0.126388E-06  0.180E-03    1.90      13.5  T
   6    -37.3831298 -0.219455E-07  0.844E-04    1.90      28.7  T
   7    -37.3831298 -0.595345E-08  0.392E-04    1.90      61.9  T
     SCC iter.                  ...        0 min,  0.007 sec
     gradient                   ...        0 min,  0.013 sec
 * total energy  :   -36.9669674 Eh     change       -0.2821760E-05 Eh
   gradient norm :     0.0008531 Eh/α   predicted    -0.2061769E-05 ( -26.93%)
   displ. norm   :     0.0738176 α      lambda       -0.1664861E-05
   maximum displ.:     0.0486521 α      in ANC's #1, #3, #2, ...

   *** GEOMETRY OPTIMIZATION CONVERGED AFTER 38 ITERATIONS ***

------------------------------------------------------------------------
 total energy gain   :        -0.0226597 Eh      -14.2192 kcal/mol
 total RMSD          :         1.2262223 a0        0.6489 Å
 total power (kW/mol):        -1.5656048 (step)  -49.0592 (real)
------------------------------------------------------------------------

 ANCopt (total)                0 d,  0 h,  0 min,  1.213 sec
 optimizer setup                ...        0 min,  0.000 sec (  0.010%)
 model hessian                  ...        0 min,  0.003 sec (  0.245%)
 ANC generation                 ...        0 min,  0.001 sec (  0.078%)
 coordinate transformation      ...        0 min,  0.000 sec (  0.040%)
 single point calculation       ...        0 min,  1.197 sec ( 98.711%)
 optimization log               ...        0 min,  0.003 sec (  0.210%)
 hessian update                 ...        0 min,  0.000 sec (  0.031%)
 rational function              ...        0 min,  0.006 sec (  0.504%)

================
 final structure:
================
$coord
   -3.27807636911532    2.34424964519129   -0.41698602445180      C 
   -5.49178916663713    0.00550038603651   -0.27064219077030      S 
   -3.21127216075493   -2.28663804873751    0.30487974744649      C 
   -0.83221580291105   -1.20762985525389    0.35772104818994      C 
   -0.88953896336031    1.43484111942895   -0.04916594233236      C 
    1.68062792944246    3.55220607627341   -0.02646933058232      S 
    4.51077280512542    1.79398587704212    0.03448745117611      C 
    6.45593789690990    2.95831924968837    0.03021295740571      O 
    4.59406949861336   -1.06783496008384    0.12641217856080      C 
    6.58890055817137   -2.12563259120791   -0.08371278058743      O 
    1.93985317182905   -3.00165098957391    0.75088721714194      S 
   -4.07296705574461   -4.84902558130610    0.61428617777673      C 
   -2.72649527590631   -6.82905053490160    1.38011019009680      C 
   -3.81114048104466    4.26689755918180   -0.75405451944878      H 
   -6.05849293698467   -5.09072937134743    0.18168858030325      H 
   -0.76254579920055   -6.70740372297860    1.88205948264830      H 
   -3.58909270442397   -8.66336203345295    1.53455797819415      H 
$end
           -------------------------------------------------
          |                Final Singlepoint                |
           -------------------------------------------------

          ...................................................
          :                      SETUP                      :
          :.................................................:
          :  # basis functions                  74          :
          :  # atomic orbitals                  71          :
          :  # shells                           33          :
          :  # electrons                        66          :
          :  max. iterations                   250          :
          :  Hamiltonian                  GFN2-xTB          :
          :  restarted?                      false          :
          :  GBSA solvation                  false          :
          :  PC potential                    false          :
          :  electronic temp.          300.0000000     K    :
          :  accuracy                    1.0000000          :
          :  -> integral cutoff          0.2500000E+02      :
          :  -> integral neglect         0.1000000E-07      :
          :  -> SCF convergence          0.1000000E-05 Eh   :
          :  -> wf. convergence          0.1000000E-03 e    :
          :  Broyden damping             0.4000000          :
          ...................................................

 iter      E             dE          RMSdq      gap      omega  full diag
   1    -37.3831298 -0.373831E+02  0.209E-04    1.90       0.0  T
   2    -37.3831298 -0.116515E-09  0.136E-04    1.90     178.6  T
   3    -37.3831298 -0.314891E-09  0.580E-05    1.90     418.0  T

   *** convergence criteria satisfied after 3 iterations ***

         #    Occupation            Energy/Eh            Energy/eV
      -------------------------------------------------------------
         1        2.0000           -0.7708504             -20.9759
       ...           ...                  ...                  ...
        27        2.0000           -0.4735620             -12.8863
        28        2.0000           -0.4631281             -12.6024
        29        2.0000           -0.4622597             -12.5787
        30        2.0000           -0.4455274             -12.1234
        31        2.0000           -0.4189094             -11.3991
        32        2.0000           -0.4120297             -11.2119
        33        2.0000           -0.4048841             -11.0175 (HOMO)
        34                         -0.3351659              -9.1203 (LUMO)
        35                         -0.3003216              -8.1722
        36                         -0.2604944              -7.0884
        37                         -0.2503843              -6.8133
        38                         -0.2446881              -6.6583
       ...                                ...                  ...
        71                          0.6801258              18.5072
      -------------------------------------------------------------
                  HL-Gap            0.0697182 Eh            1.8971 eV
             Fermi-level           -0.3700250 Eh          -10.0689 eV

 SCC (total)                   0 d,  0 h,  0 min,  0.027 sec
 SCC setup                      ...        0 min,  0.000 sec (  0.598%)
 Dispersion                     ...        0 min,  0.000 sec (  0.435%)
 integral evaluation            ...        0 min,  0.010 sec ( 36.542%)
 zeroth order Hamiltonian       ...        0 min,  0.000 sec (  0.527%)
 iterations                     ...        0 min,  0.003 sec ( 12.950%)
 molecular gradient             ...        0 min,  0.013 sec ( 47.738%)
 printout                       ...        0 min,  0.000 sec (  1.044%)

         :::::::::::::::::::::::::::::::::::::::::::::::::::::
         ::                     SUMMARY                     ::
         :::::::::::::::::::::::::::::::::::::::::::::::::::::
         :: total energy             -36.966967372313 Eh    ::
         :: gradient norm              0.000854847984 Eh/a0 ::
         :: HOMO-LUMO gap              1.897128541628 eV    ::
         ::.................................................::
         :: SCC energy               -37.383129798515 Eh    ::
         :: -> isotropic ES            0.045592793996 Eh    ::
         :: -> anisotropic ES          0.001019918009 Eh    ::
         :: -> anisotropic XC          0.010238121943 Eh    ::
         :: -> dispersion             -0.023218835410 Eh    ::
         :: repulsion energy           0.416101155566 Eh    ::
         :: add. restraining           0.000000000000 Eh    ::
         :::::::::::::::::::::::::::::::::::::::::::::::::::::

           -------------------------------------------------
          |                Property Printout                |
           -------------------------------------------------

    * Orbital Energies and Occupations

         #    Occupation            Energy/Eh            Energy/eV
      -------------------------------------------------------------
         1        2.0000           -0.7708504             -20.9759
       ...           ...                  ...                  ...
        21        2.0000           -0.5332552             -14.5106
        22        2.0000           -0.5162223             -14.0471
        23        2.0000           -0.5024543             -13.6725
        24        2.0000           -0.4953443             -13.4790
        25        2.0000           -0.4864843             -13.2379
        26        2.0000           -0.4805116             -13.0754
        27        2.0000           -0.4735620             -12.8863
        28        2.0000           -0.4631281             -12.6024
        29        2.0000           -0.4622597             -12.5787
        30        2.0000           -0.4455274             -12.1234
        31        2.0000           -0.4189094             -11.3991
        32        2.0000           -0.4120297             -11.2119
        33        2.0000           -0.4048841             -11.0175 (HOMO)
        34                         -0.3351659              -9.1203 (LUMO)
        35                         -0.3003216              -8.1722
        36                         -0.2604944              -7.0884
        37                         -0.2503843              -6.8133
        38                         -0.2446881              -6.6583
        39                         -0.2296228              -6.2484
        40                         -0.2119695              -5.7680
        41                         -0.1931199              -5.2551
        42                         -0.1907777              -5.1913
        43                         -0.1652251              -4.4960
        44                         -0.1443387              -3.9277
       ...                                ...                  ...
        71                          0.6801258              18.5072
      -------------------------------------------------------------
                  HL-Gap            0.0697182 Eh            1.8971 eV
             Fermi-level           -0.3700250 Eh          -10.0689 eV

     #   Z        covCN         q      C6AA      α(0)
     1   6 C      2.989    -0.037    28.916     8.821
     2  16 S      2.359     0.047   139.151    19.854
     3   6 C      3.018     0.015    27.650     8.625
     4   6 C      3.161     0.016    27.325     8.545
     5   6 C      3.181     0.023    27.053     8.490
     6  16 S      2.066    -0.041   142.759    20.110
     7   6 C      2.813     0.233    23.124     7.879
     8   8 O      0.898    -0.300    19.769     5.962
     9   6 C      2.814     0.230    23.174     7.887
    10   8 O      0.900    -0.298    19.727     5.956
    11  16 S      2.051    -0.038   142.621    20.100
    12   6 C      2.939    -0.029    28.717     8.789
    13   6 C      2.838    -0.082    30.043     8.982
    14   1 H      0.927     0.075     2.032     2.229
    15   1 H      0.925     0.058     2.223     2.331
    16   1 H      0.926     0.066     2.133     2.284
    17   1 H      0.926     0.062     2.181     2.309

 Mol. C6AA /au·bohr⁶  :       8416.669582
 Mol. C8AA /au·bohr⁸  :     283361.356900
 Mol. α(0) /au        :        149.153436


Wiberg/Mayer (AO) data.
largest (>0.10) Wiberg bond orders for each atom
          total WBO             WBO to atom ...
     1  C   3.949        C    5 1.530    S    2 1.217    H   14 0.965
     2  S   2.645        C    1 1.217    C    3 1.150
     3  C   3.949        C    4 1.449    S    2 1.150    C   12 1.137
     4  C   3.950        C    3 1.449    C    5 1.235    S   11 1.038
     5  C   3.954        C    1 1.530    C    4 1.235    S    6 1.029
     6  S   2.538        C    7 1.081    C    5 1.029    O    8 0.226
     7  C   3.928        O    8 1.811    S    6 1.081    C    9 0.932
     8  O   2.173        C    7 1.811    S    6 0.226
     9  C   3.928        O   10 1.817    S   11 1.068    C    7 0.932
    10  O   2.172        C    9 1.817    S   11 0.220
    11  S   2.564        C    9 1.068    C    4 1.038    O   10 0.220
    12  C   3.985        C   13 1.857    C    3 1.137    H   15 0.960
    13  C   3.982        C   12 1.857    H   17 0.974    H   16 0.963
    14  H   0.994        C    1 0.965
    15  H   0.995        C   12 0.960
    16  H   0.996        C   13 0.963
    17  H   0.995        C   13 0.974

molecular dipole:
                 x           y           z       tot (Debye)
 q only:       -2.722      -0.474       0.079
   full:       -2.379      -0.313       0.051       6.100
molecular quadrupole (traceless):
                xx          xy          yy          xz          yz          zz
 q only:      -13.096       0.417       7.922       0.482      -1.612       5.174
  q+dip:      -16.546      -0.206       9.021       1.098      -1.738       7.525
   full:      -17.116      -0.092       7.612       0.716      -1.331       9.504

           -------------------------------------------------
          |                Geometry Summary                 |
           -------------------------------------------------

      molecular mass/u    :      228.2984000
   center of mass at/Å    :        0.1470678      -0.2626098       0.1038558
  moments of inertia/u·Å² :        0.5288781E+03   0.1093307E+04   0.1612663E+04
rotational constants/cm⁻¹ :        0.3187433E-01   0.1541893E-01   0.1045329E-01

 * 12 selected distances

     #   Z        #   Z                                     value/Å
     1   6 C      2  16 S                                 1.7058634
     2  16 S      3   6 C                                 1.7379169 (max)
     3   6 C      4   6 C                                 1.3826583
     1   6 C      5   6 C                                 1.3664077
     4   6 C      5   6 C                                 1.4151407
     7   6 C      8   8 O                                 1.1996529
     9   6 C     10   8 O                                 1.2000125
    12   6 C     13   6 C                                 1.3303280
     1   6 C     14   1 H                                 1.0707634 (min)
    12   6 C     15   1 H                                 1.0829240
    13   6 C     16   1 H                                 1.0746141
    13   6 C     17   1 H                                 1.0757573

 * 4 distinct bonds (by element types)

   Z      Z             #   av. dist./Å        max./Å        min./Å
   1 H    6 C           4     1.0760147     1.0829240     1.0707634
   6 C    6 C           4     1.3736337     1.4151407     1.3303280
   6 C    8 O           2     1.1998327     1.2000125     1.1996529
   6 C   16 S           2     1.7218901     1.7379169     1.7058634


optimized geometry written to: xtbopt.xyz


           -------------------------------------------------
          | TOTAL ENERGY              -36.966967372313 Eh   |
          | GRADIENT NORM               0.000854847984 Eh/α |
          | HOMO-LUMO GAP               1.897128541628 eV   |
           -------------------------------------------------

------------------------------------------------------------------------
 * finished run on 2021/05/19 at 10:59:04.777     
------------------------------------------------------------------------
 total:
 * wall-time:     0 d,  0 h,  0 min,  1.303 sec
 *  cpu-time:     0 d,  0 h,  0 min,  1.302 sec
 * ratio c/w:     1.000 speedup
 SCF:
 * wall-time:     0 d,  0 h,  0 min,  0.042 sec
 *  cpu-time:     0 d,  0 h,  0 min,  0.042 sec
 * ratio c/w:     1.000 speedup
 ANC optimizer:
 * wall-time:     0 d,  0 h,  0 min,  1.240 sec
 *  cpu-time:     0 d,  0 h,  0 min,  1.240 sec
 * ratio c/w:     1.000 speedup

