      -----------------------------------------------------------      
     |                   =====================                   |     
     |                           x T B                           |     
     |                   =====================                   |     
     |                         S. Grimme                         |     
     |          Mulliken Center for Theoretical Chemistry        |     
     |                    University of Bonn                     |     
     |                Version 6.2 RC2 (SAW190805)                |     
      -----------------------------------------------------------      

   This program is distributed in the hope that it will be useful,
   but WITHOUT ANY WARRANTY; without even the implied warranty of
   MERCHANTABILITY or FITNESS FOR A PARTICULAR PURPOSE.
   
   FOR NON-COMMERCIAL, ACADEMIA USE ONLY.
   
   Cite this work as:
   * S. Grimme, C. Bannwarth, P. Shushkov, J. Chem. Theory Comput., 2017,
     13, 1989-2009. DOI: 10.1021/acs.jctc.7b00118
   * C. Bannwarth, S. Ehlert and S. Grimme., J. Chem. Theory Comput., 2019,
     15, 1652-1671. DOI: 10.1021/acs.jctc.8b01176
   * P. Pracht, E. Caldeweyher, S. Ehlert, S. Grimme, ChemRxiv, 2019, preprint.
     DOI: 10.26434/chemrxiv.8326202.v1
   
   for DFT-D4:
   * E. Caldeweyher, C. Bannwarth and S. Grimme, J. Chem. Phys., 2017,
     147, 034112. DOI: 10.1063/1.4993215
   * E. Caldeweyher, S. Ehlert, A. Hansen, H. Neugebauer, S. Spicher,
     C. Bannwarth and S. Grimme, J. Chem. Phys., 2019, 150, 154122.
     DOI: 10.1063/1.5090222
   
   for sTDA-xTB:
   * S. Grimme and C. Bannwarth, J. Chem. Phys., 2016, 145, 054103.
     DOI: 10.1063/1.4959605
   
   in the mass-spec context:
   * V. Asgeirsson, C. Bauer and S. Grimme, Chem. Sci., 2017, 8, 4879.
     DOI: 10.1039/c7sc00601b
   
   for metadynamics refer to:
   * S. Grimme, J. Chem. Theory Comput., 2019, 155, 2847-2862
     DOI: 10.1021/acs.jctc.9b00143
   
   with help from (in alphabetical order)
   C. Bannwarth, F. Bohle, G. Brandenburg, E. Caldeweyher, M. Checinski,
   S. Dohm, S. Ehlert, S. Ehrlich, F. März, H. Neugebauer, J. Pisarek,
   P. Pracht, P. Shushkov, and S. Spicher.
   
 * started run on 2021/05/19 at 11:00:58.638     

           -------------------------------------------------
          |                Calculation Setup                |
           -------------------------------------------------

          program call               : /ihome/ghutchison/geoffh/xtb/xtb 963.xyz -opt
          hostname                   : smp-n122
          coordinate file            : 963.xyz
          omp threads                :                     1
          number of atoms            :                    17
          number of electrons        :                    56
          charge                     :                     0
          spin                       :                   0.0
          first test random number   :      0.52232609521491


########################################################################
# WARNING! Please study the warnings concerning your input carefully
#  - the use of '-opt' is discouraged, please use '--opt' next time
########################################################################

           ------------------------------------------------- 
          |                 G F N 2 - x T B                 |
          | Geometry, Frequencies, Noncovalent interactions |
          |            JCTC 2019 parametrisation            |
           ------------------------------------------------- 
             KAB for C  - Si     :                1.0500
             KAB for H  - Pd     :                0.9500
             k(s)              :                1.8500
             k(p)              :                2.2300
             k(d)              :                2.2300
             k(f)              :                2.0000
             kEN (H0ij)        :               -2.0000
             D4 a1             :                0.5200
             D4 a2             :                5.0000
             D4 s6             :                1.0000
             D4 s8             :                2.7000
             D4 s9             :                5.0000
             alphaj            :                2.0000

  Z AO/shell   Hii/eV     exponent
  1     Wed Apr 25 08:07:45 CEST 2018   EN: 2.200 GM2: 0.406  GM3: 0.0800  RAES: 1.40
     1s    -10.707211    1.230000
  6     Wed Apr 25 08:07:45 CEST 2018   EN: 2.550 GM2: 0.538  GM3: 0.1500  RAES: 3.00
     2s    -13.970922    2.096432
     2p    -10.063292    1.800000
  7     Wed Apr 25 08:07:45 CEST 2018   EN: 3.040 GM2: 0.461  GM3:-0.0640  RAES: 1.90
     2s    -16.686243    2.339881
     2p    -12.523956    2.014332
 16     Tue Apr 24 11:44:34 CEST 2018   EN: 2.580 GM2: 0.340  GM3:-0.0502  RAES: 3.10
     3s    -20.029654    1.981333
     3p    -11.377694    2.025643
     3d     -0.420282    1.702555

           ------------------------------------------------- 
          |        Self-Consistent Charge Iterations        |
           ------------------------------------------------- 

          ...................................................
          :                      SETUP                      :
          :.................................................:
          :  # basis functions                  62          :
          :  # atomic orbitals                  60          :
          :  # shells                           30          :
          :  # electrons                        56          :
          :  max. iterations                   250          :
          :  Hamiltonian                  GFN2-xTB          :
          :  restarted?                      false          :
          :  GBSA solvation                  false          :
          :  PC potential                    false          :
          :  electronic temp.          300.0000000     K    :
          :  accuracy                    1.0000000          :
          :  -> integral cutoff          0.2500000E+02      :
          :  -> integral neglect         0.1000000E-07      :
          :  -> SCF convergence          0.1000000E-05 Eh   :
          :  -> wf. convergence          0.1000000E-03 e    :
          :  Broyden damping             0.4000000          :
          ...................................................

 iter      E             dE          RMSdq      gap      omega  full diag
   1    -30.3452300 -0.303452E+02  0.489E+00    0.63       0.0  T
   2    -29.3330099  0.101222E+01  0.750E+00    0.13       1.0  T
   3    -30.3282010 -0.995191E+00  0.351E+00    0.32       1.0  T
   4    -30.0255326  0.302668E+00  0.521E+00    0.54       1.0  T
   5    -30.4104630 -0.384930E+00  0.215E+00    0.15       1.0  T
   6    -30.0768230  0.333640E+00  0.463E+00    0.37       1.0  T
   7    -30.4961669 -0.419344E+00  0.114E+00    0.02       1.0  T
   8    -30.5007041 -0.453726E-02  0.103E+00    0.07       1.0  T
   9    -30.3036363  0.197068E+00  0.310E+00    0.08       1.0  T
  10    -30.3845519 -0.809156E-01  0.242E+00    0.20       1.0  T
  11    -30.4201728 -0.356210E-01  0.210E+00    0.14       1.0  T
  12    -30.5228454 -0.102673E+00  0.336E-01    0.02       1.0  T
  13    -30.5244888 -0.164335E-02  0.212E-01    0.04       1.0  T
  14    -30.5065200  0.179687E-01  0.898E-01    0.01       1.0  T
  15    -30.5246652 -0.181452E-01  0.190E-01    0.04       1.0  T
  16    -30.5246120  0.532683E-04  0.197E-01    0.03       1.0  T
  17    -30.5254954 -0.883444E-03  0.376E-02    0.03       1.0  T
  18    -30.5255034 -0.801186E-05  0.330E-02    0.03       1.0  T
  19    -30.5255246 -0.211953E-04  0.138E-02    0.03       1.8  T
  20    -30.5255291 -0.453412E-05  0.709E-04    0.03      34.2  T
  21    -30.5255291  0.122436E-08  0.731E-04    0.03      33.2  T
  22    -30.5255291  0.364515E-08  0.826E-04    0.03      29.3  T

   *** convergence criteria satisfied after 22 iterations ***

         #    Occupation            Energy/Eh            Energy/eV
      -------------------------------------------------------------
         1        2.0000           -0.7729282             -21.0324
       ...           ...                  ...                  ...
        22        2.0000           -0.4546265             -12.3710
        23        2.0000           -0.4507910             -12.2666
        24        2.0000           -0.4371994             -11.8968
        25        2.0000           -0.4152834             -11.3004
        26        2.0000           -0.3957117             -10.7679
        27        2.0000           -0.3828817             -10.4187
        28        1.3058           -0.3314049              -9.0180 (HOMO)
        29        0.6942           -0.3302046              -8.9853 (LUMO)
        30                         -0.3109994              -8.4627
        31                         -0.2791526              -7.5961
        32                         -0.2724017              -7.4124
        33                         -0.2244427              -6.1074
       ...                                ...                  ...
        60                          0.6306955              17.1621
      -------------------------------------------------------------
                  HL-Gap            0.0012003 Eh            0.0327 eV
             Fermi-level           -0.3308047 Eh           -9.0017 eV

 SCC (total)                   0 d,  0 h,  0 min,  0.077 sec
 SCC setup                      ...        0 min,  0.000 sec (  0.324%)
 Dispersion                     ...        0 min,  0.000 sec (  0.280%)
 integral evaluation            ...        0 min,  0.008 sec (  9.773%)
 zeroth order Hamiltonian       ...        0 min,  0.000 sec (  0.182%)
 iterations                     ...        0 min,  0.045 sec ( 58.323%)
 molecular gradient             ...        0 min,  0.011 sec ( 13.737%)
 printout                       ...        0 min,  0.013 sec ( 17.320%)

         :::::::::::::::::::::::::::::::::::::::::::::::::::::
         ::                     SUMMARY                     ::
         :::::::::::::::::::::::::::::::::::::::::::::::::::::
         :: total energy             -30.151369629827 Eh    ::
         :: gradient norm              0.113911003930 Eh/a0 ::
         :: HOMO-LUMO gap              0.032662287773 eV    ::
         ::.................................................::
         :: SCC energy               -30.525529132862 Eh    ::
         :: -> isotropic ES            0.025523178528 Eh    ::
         :: -> anisotropic ES          0.004814788693 Eh    ::
         :: -> anisotropic XC          0.027573401682 Eh    ::
         :: -> dispersion             -0.019354695289 Eh    ::
         :: repulsion energy           0.374047029813 Eh    ::
         :: add. restraining           0.000000000000 Eh    ::
         :::::::::::::::::::::::::::::::::::::::::::::::::::::

      ----------------------------------------------------------- 
     |                   =====================                   |
     |                        A N C O P T                        |
     |                   =====================                   |
     |               Approximate Normal Coordinate               |
     |                Rational Function Optimizer                |
      ----------------------------------------------------------- 

          ...................................................
          :                      SETUP                      :
          :.................................................:
          :   optimization level            normal          :
          :   max. optcycles                   200          :
          :   ANC micro-cycles                  20          :
          :   degrees of freedom                45          :
          :.................................................:
          :   RF solver                   davidson          :
          :   input Hessian                  false          :
          :   write xtbopt.log                true          :
          :   linear?                        false          :
          :   energy convergence         0.5000000E-05 Eh   :
          :   grad. convergence          0.1000000E-02 Eh/α :
          :   maximium RF displ.         2.0000000          :
          :   Hlow (freq-cutoff)         0.5000000E-02      :
          :   Hmax (freq-cutoff)         5.0000000          :
          :   S6 in model hess.         20.0000000          :
          ...................................................

generating ANC from model Hessian ...
Using Lindh-Hessian (1995)
 Shifting diagonal of input Hessian by   3.247763652288961E-003
 Lowest  eigenvalues of input Hessian
   -0.000000   -0.000000   -0.000000   -0.000000    0.000000    0.000000
    0.005000    0.006107    0.006269    0.007854    0.010113    0.010757
    0.016568    0.018118    0.019854    0.039233    0.039416    0.042377
 Highest eigenvalues
    1.489931    1.615345    1.745624    1.822478    1.930549    2.171049
 

........................................................................
.............................. CYCLE    1 ..............................
........................................................................
   1    -30.5255291 -0.305255E+02  0.163E-03    0.03       0.0  T
   2    -30.5253522  0.176919E-03  0.857E-02    0.04       1.0  T
   3    -30.5255291 -0.176948E-03  0.120E-03    0.03      20.2  T
   4    -30.5255291 -0.333152E-07  0.219E-04    0.03     110.5  T
   5    -30.5255291 -0.200650E-09  0.198E-04    0.03     122.7  T
     SCC iter.                  ...        0 min,  0.018 sec
     gradient                   ...        0 min,  0.010 sec
 * total energy  :   -30.1513696 Eh     change        0.9578969E-08 Eh
   gradient norm :     0.1139121 Eh/α   predicted     0.0000000E+00 (-100.00%)
   displ. norm   :     0.2880777 α      lambda       -0.1888099E-01
   maximum displ.:     0.1515159 α      in ANC's #18, #11, #29, ...

........................................................................
.............................. CYCLE    2 ..............................
........................................................................
   1    -30.4653968 -0.304654E+02  0.209E+00    0.13       0.0  T
   2    -29.5774616  0.887935E+00  0.654E+00    0.28       1.0  T
   3    -30.0980554 -0.520594E+00  0.464E+00    0.54       1.0  T
   4    -30.2481834 -0.150128E+00  0.370E+00    0.11       1.0  T
   5    -30.4079373 -0.159754E+00  0.257E+00    0.37       1.0  T
   6    -30.4112862 -0.334895E-02  0.253E+00    0.33       1.0  T
   7    -30.4623635 -0.510772E-01  0.206E+00    0.14       1.0  T
   8    -30.5605004 -0.981369E-01  0.404E-01    0.04       1.0  T
   9    -30.5594519  0.104851E-02  0.451E-01    0.05       1.0  T
  10    -30.5640812 -0.462933E-02  0.100E-01    0.03       1.0  T
  11    -30.5631496  0.931663E-03  0.221E-01    0.02       1.0  T
  12    -30.5643152 -0.116563E-02  0.427E-03    0.03       5.7  T
  13    -30.5641614  0.153776E-03  0.799E-02    0.03       1.0  T
  14    -30.5643094 -0.147988E-03  0.159E-02    0.03       1.5  T
  15    -30.5643012  0.823078E-05  0.245E-02    0.03       1.0  T
  16    -30.5643103 -0.907542E-05  0.148E-02    0.03       1.6  T
  17    -30.5643154 -0.512342E-05  0.257E-03    0.03       9.4  T
  18    -30.5643152  0.153379E-06  0.361E-03    0.03       6.7  T
     SCC iter.                  ...        0 min,  0.027 sec
     gradient                   ...        0 min,  0.010 sec
 * total energy  :   -30.1635523 Eh     change       -0.1218264E-01 Eh
   gradient norm :     0.0536277 Eh/α   predicted    -0.1022395E-01 ( -16.08%)
   displ. norm   :     0.1912942 α      lambda       -0.4518143E-02
   maximum displ.:     0.0842825 α      in ANC's #10, #4, #17, ...

........................................................................
.............................. CYCLE    3 ..............................
........................................................................
   1    -30.5475676 -0.305476E+02  0.122E+00    0.08       0.0  T
   2    -29.9326377  0.614930E+00  0.548E+00    1.07       1.0  T
   3    -30.1405604 -0.207923E+00  0.437E+00    0.26       1.0  T
   4    -30.4714819 -0.330922E+00  0.216E+00    0.04       1.0  T
   5    -30.4418385  0.296434E-01  0.238E+00    0.25       1.0  T
   6    -30.4883173 -0.464788E-01  0.196E+00    0.14       1.0  T
   7    -30.5667240 -0.784067E-01  0.801E-01    0.06       1.0  T
   8    -30.5555464  0.111776E-01  0.105E+00    0.01       1.0  T
   9    -30.5792657 -0.237193E-01  0.362E-01    0.05       1.0  T
  10    -30.5819955 -0.272973E-02  0.135E-01    0.04       1.0  T
  11    -30.5823595 -0.364047E-03  0.567E-02    0.03       1.0  T
  12    -30.5824274 -0.678510E-04  0.218E-02    0.03       1.1  T
  13    -30.5824247  0.271054E-05  0.240E-02    0.03       1.0  T
  14    -30.5824309 -0.623871E-05  0.179E-02    0.03       1.4  T
  15    -30.5824387 -0.784878E-05  0.175E-04    0.03     138.7  T
  16    -30.5824387  0.642366E-07  0.164E-03    0.03      14.8  T
  17    -30.5824387 -0.410648E-08  0.158E-03    0.03      15.4  T
     SCC iter.                  ...        0 min,  0.013 sec
     gradient                   ...        0 min,  0.010 sec
 * total energy  :   -30.1660037 Eh     change       -0.2451431E-02 Eh
   gradient norm :     0.0211459 Eh/α   predicted    -0.2341738E-02 (  -4.47%)
   displ. norm   :     0.2420144 α      lambda       -0.1882882E-02
   maximum displ.:     0.1503563 α      in ANC's #6, #4, #2, ...

........................................................................
.............................. CYCLE    4 ..............................
........................................................................
   1    -30.5696753 -0.305697E+02  0.801E-01    0.06       0.0  T
   2    -30.0284734  0.541202E+00  0.499E+00    1.09       1.0  T
   3    -30.3498439 -0.321371E+00  0.313E+00    0.08       1.0  T
   4    -30.5446670 -0.194823E+00  0.124E+00    0.09       1.0  T
   5    -30.5659640 -0.212970E-01  0.825E-01    0.07       1.0  T
   6    -30.5795884 -0.136243E-01  0.344E-01    0.05       1.0  T
   7    -30.5811813 -0.159293E-02  0.233E-01    0.03       1.0  T
   8    -30.5824204 -0.123915E-02  0.636E-02    0.04       1.0  T
   9    -30.5824065  0.139344E-04  0.678E-02    0.04       1.0  T
  10    -30.5825192 -0.112735E-03  0.272E-03    0.04       8.9  T
  11    -30.5825098  0.943481E-05  0.197E-02    0.04       1.2  T
  12    -30.5825193 -0.952833E-05  0.133E-03    0.04      18.2  T
  13    -30.5825193  0.295962E-07  0.170E-03    0.04      14.3  T
  14    -30.5825194 -0.643130E-07  0.556E-04    0.04      43.6  T
     SCC iter.                  ...        0 min,  0.011 sec
     gradient                   ...        0 min,  0.010 sec
 * total energy  :   -30.1666060 Eh     change       -0.6023267E-03 Eh
   gradient norm :     0.0226134 Eh/α   predicted    -0.9965775E-03 (  65.45%)
   displ. norm   :     0.1229758 α      lambda       -0.9875873E-03
   maximum displ.:     0.0606563 α      in ANC's #2, #10, #6, ...

........................................................................
.............................. CYCLE    5 ..............................
........................................................................
   1    -30.5711470 -0.305711E+02  0.657E-01    0.03       0.0  T
   2    -30.3779892  0.193158E+00  0.286E+00    1.05       1.0  T
   3    -30.4699006 -0.919114E-01  0.212E+00    0.18       1.0  T
   4    -30.5771925 -0.107292E+00  0.402E-01    0.05       1.0  T
   5    -30.4962031  0.809894E-01  0.187E+00    0.04       1.0  T
   6    -30.5766337 -0.804307E-01  0.425E-01    0.06       1.0  T
   7    -30.5808423 -0.420854E-02  0.858E-02    0.04       1.0  T
   8    -30.5810237 -0.181426E-03  0.103E-02    0.04       2.4  T
   9    -30.5809643  0.594163E-04  0.503E-02    0.04       1.0  T
  10    -30.5810255 -0.612453E-04  0.439E-03    0.04       5.5  T
  11    -30.5810253  0.203018E-06  0.515E-03    0.04       4.7  T
  12    -30.5810242  0.114901E-05  0.858E-03    0.04       2.8  T
  13    -30.5810260 -0.179908E-05  0.329E-04    0.04      73.6  T
     SCC iter.                  ...        0 min,  0.010 sec
     gradient                   ...        0 min,  0.010 sec
 * total energy  :   -30.1671756 Eh     change       -0.5695491E-03 Eh
   gradient norm :     0.0073446 Eh/α   predicted    -0.5012612E-03 ( -11.99%)
   displ. norm   :     0.1645796 α      lambda       -0.3692282E-03
   maximum displ.:     0.0811975 α      in ANC's #6, #2, #1, ...

........................................................................
.............................. CYCLE    6 ..............................
........................................................................
   1    -30.5775705 -0.305776E+02  0.342E-01    0.04       0.0  T
   2    -30.4230325  0.154538E+00  0.246E+00    0.40       1.0  T
   3    -30.5720484 -0.149016E+00  0.536E-01    0.04       1.0  T
   4    -30.5502639  0.217844E-01  0.108E+00    0.08       1.0  T
   5    -30.5717172 -0.214533E-01  0.535E-01    0.06       1.0  T
   6    -30.5743015 -0.258428E-02  0.424E-01    0.04       1.0  T
   7    -30.5786072 -0.430564E-02  0.694E-02    0.05       1.0  T
   8    -30.5786982 -0.910299E-04  0.339E-02    0.05       1.0  T
   9    -30.5787159 -0.177544E-04  0.208E-02    0.05       1.2  T
  10    -30.5787255 -0.957225E-05  0.688E-03    0.05       3.5  T
  11    -30.5787265 -0.945742E-06  0.289E-03    0.05       8.4  T
  12    -30.5787258  0.628728E-06  0.582E-03    0.05       4.2  T
  13    -30.5787267 -0.831987E-06  0.392E-04    0.05      61.9  T
     SCC iter.                  ...        0 min,  0.010 sec
     gradient                   ...        0 min,  0.010 sec
 * total energy  :   -30.1673536 Eh     change       -0.1780050E-03 Eh
   gradient norm :     0.0069558 Eh/α   predicted    -0.1896156E-03 (   6.52%)
   displ. norm   :     0.2013756 α      lambda       -0.3172100E-03
   maximum displ.:     0.1129082 α      in ANC's #2, #1, #6, ...

........................................................................
.............................. CYCLE    7 ..............................
........................................................................
   1    -30.5771565 -0.305772E+02  0.407E-01    0.05       0.0  T
   2    -30.4238175  0.153339E+00  0.245E+00    0.38       1.0  T
   3    -30.5395303 -0.115713E+00  0.127E+00    0.04       1.0  T
   4    -30.5147819  0.247484E-01  0.161E+00    0.12       1.0  T
   5    -30.5440102 -0.292283E-01  0.117E+00    0.09       1.0  T
   6    -30.5781880 -0.341778E-01  0.491E-02    0.05       1.0  T
   7    -30.5782051 -0.171050E-04  0.334E-02    0.05       1.0  T
   8    -30.5782169 -0.117514E-04  0.235E-02    0.05       1.0  T
   9    -30.5782299 -0.129822E-04  0.327E-03    0.05       7.4  T
  10    -30.5782248  0.511819E-05  0.147E-02    0.05       1.6  T
  11    -30.5782298 -0.507127E-05  0.308E-03    0.05       7.9  T
  12    -30.5782289  0.899454E-06  0.677E-03    0.05       3.6  T
  13    -30.5782300 -0.111545E-05  0.536E-04    0.05      45.2  T
  14    -30.5782299  0.105357E-06  0.213E-03    0.05      11.4  T
     SCC iter.                  ...        0 min,  0.011 sec
     gradient                   ...        0 min,  0.010 sec
 * total energy  :   -30.1675996 Eh     change       -0.2460476E-03 Eh
   gradient norm :     0.0074019 Eh/α   predicted    -0.1650385E-03 ( -32.92%)
   displ. norm   :     0.3285624 α      lambda       -0.4688507E-03
   maximum displ.:     0.2086947 α      in ANC's #1, #2, #6, ...

........................................................................
.............................. CYCLE    8 ..............................
........................................................................
   1    -30.5772602 -0.305773E+02  0.700E-01    0.07       0.0  T
   2    -30.4117457  0.165514E+00  0.256E+00    0.56       1.0  T
   3    -30.3718925  0.398532E-01  0.295E+00    0.10       1.0  T
   4    -30.4599783 -0.880858E-01  0.224E+00    0.24       1.0  T
   5    -30.4695281 -0.954972E-02  0.211E+00    0.20       1.0  T
   6    -30.5423222 -0.727941E-01  0.124E+00    0.11       1.0  T
   7    -30.5747705 -0.324483E-01  0.453E-01    0.08       1.0  T
   8    -30.5775443 -0.277378E-02  0.295E-01    0.08       1.0  T
   9    -30.5748994  0.264487E-02  0.441E-01    0.06       1.0  T
  10    -30.5794596 -0.456018E-02  0.975E-02    0.07       1.0  T
  11    -30.5796822 -0.222625E-03  0.198E-02    0.07       1.2  T
  12    -30.5796859 -0.371962E-05  0.154E-02    0.07       1.6  T
  13    -30.5796866 -0.614434E-06  0.146E-02    0.07       1.7  T
  14    -30.5796908 -0.421777E-05  0.657E-03    0.07       3.7  T
  15    -30.5796917 -0.922796E-06  0.233E-03    0.07      10.4  T
  16    -30.5796917  0.108020E-07  0.241E-03    0.07      10.1  T
     SCC iter.                  ...        0 min,  0.012 sec
     gradient                   ...        0 min,  0.010 sec
 * total energy  :   -30.1679756 Eh     change       -0.3760016E-03 Eh
   gradient norm :     0.0080045 Eh/α   predicted    -0.2597249E-03 ( -30.92%)
   displ. norm   :     0.4757919 α      lambda       -0.5919669E-03
   maximum displ.:     0.3263445 α      in ANC's #1, #2, #5, ...

........................................................................
.............................. CYCLE    9 ..............................
........................................................................
   1    -30.5729888 -0.305730E+02  0.108E+00    0.10       0.0  T
   2    -30.3864552  0.186534E+00  0.276E+00    0.86       1.0  T
   3    -30.2623968  0.124058E+00  0.368E+00    0.19       1.0  T
   4    -30.4455243 -0.183128E+00  0.243E+00    0.39       1.0  T
   5    -30.4473045 -0.178016E-02  0.234E+00    0.33       1.0  T
   6    -30.5055582 -0.582537E-01  0.175E+00    0.18       1.0  T
   7    -30.5700620 -0.645038E-01  0.630E-01    0.12       1.0  T
   8    -30.5498244  0.202376E-01  0.110E+00    0.13       1.0  T
   9    -30.5683504 -0.185261E-01  0.662E-01    0.09       1.0  T
  10    -30.5725682 -0.421778E-02  0.519E-01    0.10       1.0  T
  11    -30.5791759 -0.660766E-02  0.878E-03    0.10       2.8  T
  12    -30.5791330  0.428473E-04  0.424E-02    0.10       1.0  T
  13    -30.5791683 -0.352448E-04  0.185E-02    0.10       1.3  T
  14    -30.5791722 -0.393128E-05  0.134E-02    0.10       1.8  T
  15    -30.5791761 -0.384377E-05  0.452E-03    0.10       5.4  T
  16    -30.5791765 -0.450060E-06  0.145E-03    0.10      16.7  T
  17    -30.5791764  0.139895E-06  0.278E-03    0.10       8.7  T
     SCC iter.                  ...        0 min,  0.013 sec
     gradient                   ...        0 min,  0.010 sec
 * total energy  :   -30.1684689 Eh     change       -0.4932319E-03 Eh
   gradient norm :     0.0126025 Eh/α   predicted    -0.3629891E-03 ( -26.41%)
   displ. norm   :     0.5072854 α      lambda       -0.9019618E-03
   maximum displ.:     0.3877307 α      in ANC's #1, #2, #3, ...

........................................................................
.............................. CYCLE   10 ..............................
........................................................................
   1    -30.5680831 -0.305681E+02  0.134E+00    0.16       0.0  T
   2    -30.3463932  0.221690E+00  0.309E+00    1.13       1.0  T
   3    -30.5381642 -0.191771E+00  0.143E+00    0.16       1.0  T
   4    -30.4503645  0.877996E-01  0.240E+00    0.45       1.0  T
   5    -30.4620913 -0.117267E-01  0.227E+00    0.38       1.0  T
   6    -30.5343750 -0.722837E-01  0.146E+00    0.22       1.0  T
   7    -30.5830499 -0.486748E-01  0.226E-01    0.15       1.0  T
   8    -30.5836724 -0.622541E-03  0.161E-01    0.15       1.0  T
   9    -30.5838314 -0.159002E-03  0.142E-01    0.15       1.0  T
  10    -30.5841839 -0.352441E-03  0.707E-02    0.16       1.0  T
  11    -30.5836836  0.500269E-03  0.160E-01    0.16       1.0  T
  12    -30.5842906 -0.606987E-03  0.227E-02    0.16       1.1  T
  13    -30.5842694  0.211836E-04  0.371E-02    0.16       1.0  T
  14    -30.5842810 -0.115777E-04  0.300E-02    0.16       1.0  T
  15    -30.5842975 -0.165292E-04  0.145E-02    0.16       1.7  T
  16    -30.5843017 -0.423009E-05  0.575E-03    0.16       4.2  T
  17    -30.5843025 -0.784067E-06  0.737E-04    0.16      32.9  T
  18    -30.5843023  0.201285E-06  0.299E-03    0.16       8.1  T
     SCC iter.                  ...        0 min,  0.014 sec
     gradient                   ...        0 min,  0.010 sec
 * total energy  :   -30.1691513 Eh     change       -0.6824488E-03 Eh
   gradient norm :     0.0209612 Eh/α   predicted    -0.5670310E-03 ( -16.91%)
   displ. norm   :     0.5321510 α      lambda       -0.1334006E-02
   maximum displ.:     0.4166899 α      in ANC's #1, #3, #5, ...

........................................................................
.............................. CYCLE   11 ..............................
........................................................................
   1    -30.5824198 -0.305824E+02  0.105E+00    0.23       0.0  T
   2    -30.4432854  0.139134E+00  0.237E+00    0.55       1.0  T
   3    -30.2616348  0.181651E+00  0.380E+00    0.41       1.0  T
   4    -30.5798322 -0.318197E+00  0.559E-01    0.25       1.0  T
   5    -30.5652368  0.145954E-01  0.918E-01    0.27       1.0  T
   6    -30.5823390 -0.171022E-01  0.337E-01    0.24       1.0  T
   7    -30.5827367 -0.397644E-03  0.292E-01    0.24       1.0  T
   8    -30.5842647 -0.152805E-02  0.110E-01    0.23       1.0  T
   9    -30.5845065 -0.241764E-03  0.135E-02    0.23       1.8  T
  10    -30.5845025  0.393021E-05  0.163E-02    0.23       1.5  T
  11    -30.5845082 -0.561480E-05  0.373E-03    0.23       6.5  T
  12    -30.5845083 -0.159285E-06  0.224E-03    0.23      10.8  T
     SCC iter.                  ...        0 min,  0.010 sec
     gradient                   ...        0 min,  0.010 sec
 * total energy  :   -30.1702545 Eh     change       -0.1103228E-02 Eh
   gradient norm :     0.0225377 Eh/α   predicted    -0.8558950E-03 ( -22.42%)
   displ. norm   :     0.5489858 α      lambda       -0.3175595E-02
   maximum displ.:     0.3759715 α      in ANC's #1, #3, #31, ...

........................................................................
.............................. CYCLE   12 ..............................
........................................................................
   1    -30.6032325 -0.306032E+02  0.907E-01    0.37       0.0  T
   2    -30.6034135 -0.181027E-03  0.428E-01    0.37       1.0  T
   3    -30.5975527  0.586085E-02  0.511E-01    0.39       1.0  T
   4    -30.5892294  0.832327E-02  0.779E-01    0.36       1.0  T
   5    -30.6034710 -0.142416E-01  0.559E-02    0.37       1.0  T
   6    -30.6034462  0.247941E-04  0.413E-02    0.37       1.0  T
   7    -30.6034812 -0.350294E-04  0.124E-02    0.37       2.0  T
   8    -30.6034833 -0.201076E-05  0.607E-03    0.37       4.0  T
   9    -30.6034835 -0.291023E-06  0.294E-03    0.37       8.3  T
  10    -30.6034833  0.217832E-06  0.344E-03    0.37       7.1  T
     SCC iter.                  ...        0 min,  0.008 sec
     gradient                   ...        0 min,  0.010 sec
 * total energy  :   -30.1714227 Eh     change       -0.1168136E-02 Eh
   gradient norm :     0.0409750 Eh/α   predicted    -0.2066343E-02 (  76.89%)
   displ. norm   :     0.6261351 α      lambda       -0.4390883E-02
   maximum displ.:     0.3781116 α      in ANC's #1, #3, #2, ...

........................................................................
.............................. CYCLE   13 ..............................
........................................................................
   1    -30.5513688 -0.305514E+02  0.183E+00    0.53       0.0  T
   2    -30.2851474  0.266221E+00  0.361E+00    1.28       1.0  T
   3    -30.5854574 -0.300310E+00  0.804E-01    0.61       1.0  T
   4    -30.5763989  0.905849E-02  0.899E-01    0.46       1.0  T
   5    -30.5902154 -0.138165E-01  0.287E-01    0.59       1.0  T
   6    -30.5910719 -0.856498E-03  0.153E-01    0.54       1.0  T
   7    -30.5900060  0.106587E-02  0.263E-01    0.53       1.0  T
   8    -30.5915109 -0.150489E-02  0.231E-02    0.54       1.1  T
   9    -30.5914900  0.208898E-04  0.376E-02    0.54       1.0  T
  10    -30.5915124 -0.223912E-04  0.189E-02    0.54       1.3  T
  11    -30.5915195 -0.702638E-05  0.348E-03    0.54       7.0  T
  12    -30.5915192  0.303286E-06  0.499E-03    0.54       4.9  T
  13    -30.5915197 -0.502051E-06  0.131E-03    0.54      18.6  T
     SCC iter.                  ...        0 min,  0.010 sec
     gradient                   ...        0 min,  0.010 sec
 * total energy  :   -30.1741487 Eh     change       -0.2726009E-02 Eh
   gradient norm :     0.0394031 Eh/α   predicted    -0.3056135E-02 (  12.11%)
   displ. norm   :     0.3038545 α      lambda       -0.3506530E-02
   maximum displ.:     0.2255607 α      in ANC's #3, #8, #14, ...

........................................................................
.............................. CYCLE   14 ..............................
........................................................................
   1    -30.5822585 -0.305823E+02  0.311E-01    0.56       0.0  T
   2    -30.5822909 -0.323496E-04  0.167E-01    0.56       1.0  T
   3    -30.5803852  0.190573E-02  0.298E-01    0.56       1.0  T
   4    -30.5793641  0.102106E-02  0.360E-01    0.55       1.0  T
   5    -30.5823195 -0.295545E-02  0.362E-02    0.56       1.0  T
   6    -30.5823332 -0.136129E-04  0.982E-03    0.56       2.5  T
   7    -30.5823329  0.269584E-06  0.775E-03    0.56       3.1  T
   8    -30.5823337 -0.800029E-06  0.354E-03    0.56       6.8  T
   9    -30.5823338 -0.162504E-06  0.154E-03    0.56      15.8  T
     SCC iter.                  ...        0 min,  0.007 sec
     gradient                   ...        0 min,  0.010 sec
 * total energy  :   -30.1759514 Eh     change       -0.1802765E-02 Eh
   gradient norm :     0.0310020 Eh/α   predicted    -0.1915138E-02 (   6.23%)
   displ. norm   :     0.5068004 α      lambda       -0.4814400E-02
   maximum displ.:     0.2718927 α      in ANC's #3, #5, #1, ...

........................................................................
.............................. CYCLE   15 ..............................
........................................................................
   1    -30.5772221 -0.305772E+02  0.752E-01    0.63       0.0  T
   2    -30.5284144  0.488077E-01  0.149E+00    0.74       1.0  T
   3    -30.5676181 -0.392037E-01  0.802E-01    0.62       1.0  T
   4    -30.5794897 -0.118717E-01  0.191E-01    0.63       1.0  T
   5    -30.5797963 -0.306581E-03  0.114E-01    0.63       1.0  T
   6    -30.5800124 -0.216035E-03  0.389E-02    0.63       1.0  T
   7    -30.5800271 -0.147727E-04  0.126E-02    0.63       1.9  T
   8    -30.5800285 -0.134827E-05  0.585E-03    0.63       4.1  T
   9    -30.5800286 -0.135762E-06  0.349E-03    0.63       6.9  T
     SCC iter.                  ...        0 min,  0.007 sec
     gradient                   ...        0 min,  0.010 sec
 * total energy  :   -30.1777984 Eh     change       -0.1847003E-02 Eh
   gradient norm :     0.0469043 Eh/α   predicted    -0.3025459E-02 (  63.80%)
   displ. norm   :     0.3717275 α      lambda       -0.3878315E-02
   maximum displ.:     0.2053861 α      in ANC's #3, #7, #6, ...

........................................................................
.............................. CYCLE   16 ..............................
........................................................................
   1    -30.5902983 -0.305903E+02  0.771E-01    0.67       0.0  T
   2    -30.5536638  0.366345E-01  0.130E+00    0.73       1.0  T
   3    -30.5795562 -0.258925E-01  0.843E-01    0.66       1.0  T
   4    -30.5928879 -0.133316E-01  0.156E-01    0.70       1.0  T
   5    -30.5930799 -0.191991E-03  0.968E-02    0.67       1.0  T
   6    -30.5931723 -0.924394E-04  0.508E-02    0.67       1.0  T
   7    -30.5932020 -0.296454E-04  0.928E-03    0.66       2.6  T
   8    -30.5932013  0.618081E-06  0.899E-03    0.66       2.7  T
   9    -30.5932023 -0.973033E-06  0.462E-03    0.66       5.3  T
  10    -30.5932026 -0.279432E-06  0.103E-03    0.66      23.6  T
     SCC iter.                  ...        0 min,  0.008 sec
     gradient                   ...        0 min,  0.010 sec
 * total energy  :   -30.1781982 Eh     change       -0.3997251E-03 Eh
   gradient norm :     0.0418962 Eh/α   predicted    -0.2207116E-02 ( 452.16%)
   displ. norm   :     0.2800442 α      lambda       -0.5063997E-02
   maximum displ.:     0.1299037 α      in ANC's #6, #8, #12, ...

........................................................................
.............................. CYCLE   17 ..............................
........................................................................
   1    -30.6036917 -0.306037E+02  0.690E-01    0.63       0.0  T
   2    -30.5812405  0.224512E-01  0.104E+00    0.65       1.0  T
   3    -30.5857270 -0.448648E-02  0.958E-01    0.70       1.0  T
   4    -30.6044539 -0.187269E-01  0.141E-01    0.65       1.0  T
   5    -30.6046705 -0.216654E-03  0.815E-02    0.64       1.0  T
   6    -30.6047522 -0.816194E-04  0.362E-02    0.65       1.0  T
   7    -30.6047638 -0.116594E-04  0.118E-02    0.64       2.1  T
   8    -30.6047640 -0.220738E-06  0.853E-03    0.64       2.8  T
   9    -30.6047652 -0.120613E-05  0.241E-03    0.64      10.1  T
  10    -30.6047653 -0.173489E-07  0.127E-03    0.64      19.1  T
     SCC iter.                  ...        0 min,  0.008 sec
     gradient                   ...        0 min,  0.010 sec
 * total energy  :   -30.1792171 Eh     change       -0.1018917E-02 Eh
   gradient norm :     0.0481275 Eh/α   predicted    -0.2730572E-02 ( 167.99%)
   displ. norm   :     0.2264880 α      lambda       -0.3381073E-02
   maximum displ.:     0.1238059 α      in ANC's #5, #4, #3, ...

........................................................................
.............................. CYCLE   18 ..............................
........................................................................
   1    -30.5942573 -0.305943E+02  0.332E-01    0.63       0.0  T
   2    -30.5892110  0.504637E-02  0.512E-01    0.67       1.0  T
   3    -30.5921059 -0.289498E-02  0.357E-01    0.64       1.0  T
   4    -30.5945205 -0.241455E-02  0.833E-02    0.63       1.0  T
   5    -30.5945922 -0.717066E-04  0.253E-02    0.64       1.0  T
   6    -30.5945937 -0.151601E-05  0.148E-02    0.64       1.6  T
   7    -30.5945946 -0.926801E-06  0.604E-03    0.64       4.0  T
   8    -30.5945950 -0.331892E-06  0.322E-03    0.64       7.5  T
   9    -30.5945949  0.448287E-07  0.227E-03    0.64      10.7  T
     SCC iter.                  ...        0 min,  0.007 sec
     gradient                   ...        0 min,  0.010 sec
 * total energy  :   -30.1804172 Eh     change       -0.1200125E-02 Eh
   gradient norm :     0.0238495 Eh/α   predicted    -0.1777256E-02 (  48.09%)
   displ. norm   :     0.4037734 α      lambda       -0.1520059E-02
   maximum displ.:     0.3293007 α      in ANC's #1, #3, #9, ...

........................................................................
.............................. CYCLE   19 ..............................
........................................................................
   1    -30.5857906 -0.305858E+02  0.736E-01    0.70       0.0  T
   2    -30.5545642  0.312264E-01  0.123E+00    0.74       1.0  T
   3    -30.5801840 -0.256198E-01  0.667E-01    0.69       1.0  T
   4    -30.5882445 -0.806055E-02  0.168E-01    0.72       1.0  T
   5    -30.5885053 -0.260782E-03  0.965E-02    0.70       1.0  T
   6    -30.5886073 -0.102035E-03  0.385E-02    0.70       1.0  T
   7    -30.5886250 -0.176549E-04  0.107E-02    0.69       2.3  T
   8    -30.5886264 -0.139551E-05  0.531E-03    0.69       4.6  T
   9    -30.5886266 -0.154543E-06  0.212E-03    0.69      11.4  T
     SCC iter.                  ...        0 min,  0.007 sec
     gradient                   ...        0 min,  0.010 sec
 * total energy  :   -30.1805188 Eh     change       -0.1015923E-03 Eh
   gradient norm :     0.0290185 Eh/α   predicted    -0.8839297E-03 ( 770.08%)
   displ. norm   :     0.3662959 α      lambda       -0.2642746E-02
   maximum displ.:     0.2057926 α      in ANC's #1, #3, #5, ...

........................................................................
.............................. CYCLE   20 ..............................
........................................................................
   1    -30.6035669 -0.306036E+02  0.625E-01    0.69       0.0  T
   2    -30.6031101  0.456795E-03  0.364E-01    0.65       1.0  T
   3    -30.5801937  0.229164E-01  0.998E-01    0.72       1.0  T
   4    -30.6036107 -0.234169E-01  0.117E-01    0.68       1.0  T
   5    -30.6037781 -0.167417E-03  0.412E-02    0.66       1.0  T
   6    -30.6037734  0.463760E-05  0.236E-02    0.66       1.0  T
   7    -30.6037825 -0.909760E-05  0.630E-03    0.66       3.8  T
   8    -30.6037828 -0.245905E-06  0.371E-03    0.66       6.5  T
   9    -30.6037829 -0.116102E-06  0.198E-03    0.66      12.2  T
     SCC iter.                  ...        0 min,  0.007 sec
     gradient                   ...        0 min,  0.010 sec
 * total energy  :   -30.1800056 Eh     change        0.5132383E-03 Eh
   gradient norm :     0.0531896 Eh/α   predicted    -0.1498663E-02 (-392.00%)
   displ. norm   :     0.2028353 α      lambda       -0.3664206E-02
   maximum displ.:     0.0921007 α      in ANC's #9, #1, #3, ...
 * RMSD in coord.:     0.9029487 α      energy gain  -0.2863594E-01 Eh

generating ANC from model Hessian ...
Using Lindh-Hessian (1995)
 Shifting diagonal of input Hessian by   2.481657734127689E-003
 Lowest  eigenvalues of input Hessian
   -0.000000   -0.000000    0.000000    0.000000    0.000000    0.000000
    0.005000    0.006667    0.007187    0.009517    0.010676    0.014498
    0.020825    0.022616    0.037460    0.039113    0.046054    0.051096
 Highest eigenvalues
    1.508293    1.715719    1.755261    1.927629    2.072787    2.457702
 

........................................................................
.............................. CYCLE   21 ..............................
........................................................................
   1    -30.6044786 -0.306045E+02  0.495E-01    0.61       0.0  T
   2    -30.6016386  0.283998E-02  0.448E-01    0.65       1.0  T
   3    -30.5915299  0.101086E-01  0.769E-01    0.66       1.0  T
   4    -30.6045087 -0.129788E-01  0.122E-01    0.62       1.0  T
   5    -30.6047803 -0.271563E-03  0.369E-02    0.64       1.0  T
   6    -30.6047853 -0.498567E-05  0.185E-02    0.64       1.3  T
   7    -30.6047853 -0.475586E-08  0.793E-03    0.64       3.1  T
   8    -30.6047861 -0.835305E-06  0.371E-03    0.64       6.5  T
   9    -30.6047863 -0.127126E-06  0.184E-03    0.64      13.2  T
  10    -30.6047863 -0.224739E-08  0.977E-04    0.64      24.8  T
  11    -30.6047863 -0.930647E-08  0.528E-04    0.64      46.0  T
     SCC iter.                  ...        0 min,  0.009 sec
     gradient                   ...        0 min,  0.010 sec
 * total energy  :   -30.1812900 Eh     change       -0.1284481E-02 Eh
   gradient norm :     0.0256791 Eh/α   predicted     0.0000000E+00 (-100.00%)
   displ. norm   :     0.2578118 α      lambda       -0.1389112E-02
   maximum displ.:     0.1358870 α      in ANC's #5, #1, #2, ...

........................................................................
.............................. CYCLE   22 ..............................
........................................................................
   1    -30.5992816 -0.305993E+02  0.314E-01    0.67       0.0  T
   2    -30.5974532  0.182838E-02  0.322E-01    0.67       1.0  T
   3    -30.5945872  0.286600E-02  0.488E-01    0.66       1.0  T
   4    -30.5994112 -0.482397E-02  0.488E-02    0.68       1.0  T
   5    -30.5994326 -0.214702E-04  0.231E-02    0.67       1.0  T
   6    -30.5994353 -0.266875E-05  0.103E-02    0.67       2.4  T
   7    -30.5994359 -0.553007E-06  0.436E-03    0.67       5.6  T
   8    -30.5994359 -0.474634E-07  0.305E-03    0.67       7.9  T
     SCC iter.                  ...        0 min,  0.007 sec
     gradient                   ...        0 min,  0.010 sec
 * total energy  :   -30.1822797 Eh     change       -0.9896933E-03 Eh
   gradient norm :     0.0099961 Eh/α   predicted    -0.7407192E-03 ( -25.16%)
   displ. norm   :     0.2679853 α      lambda       -0.7581427E-03
   maximum displ.:     0.1676258 α      in ANC's #5, #4, #2, ...

........................................................................
.............................. CYCLE   23 ..............................
........................................................................
   1    -30.5947894 -0.305948E+02  0.396E-01    0.71       0.0  T
   2    -30.5888776  0.591174E-02  0.566E-01    0.71       1.0  T
   3    -30.5929603 -0.408271E-02  0.353E-01    0.70       1.0  T
   4    -30.5952422 -0.228190E-02  0.491E-02    0.71       1.0  T
   5    -30.5952602 -0.179527E-04  0.253E-02    0.70       1.0  T
   6    -30.5952628 -0.259537E-05  0.910E-03    0.70       2.7  T
   7    -30.5952632 -0.466436E-06  0.461E-03    0.70       5.3  T
   8    -30.5952633 -0.666319E-07  0.330E-03    0.70       7.3  T
   9    -30.5952634 -0.625274E-07  0.170E-03    0.70      14.3  T
  10    -30.5952634 -0.221399E-07  0.819E-04    0.70      29.6  T
     SCC iter.                  ...        0 min,  0.008 sec
     gradient                   ...        0 min,  0.010 sec
 * total energy  :   -30.1827240 Eh     change       -0.4442197E-03 Eh
   gradient norm :     0.0186737 Eh/α   predicted    -0.4062929E-03 (  -8.54%)
   displ. norm   :     0.1567397 α      lambda       -0.3532639E-03
   maximum displ.:     0.0916805 α      in ANC's #5, #2, #4, ...

........................................................................
.............................. CYCLE   24 ..............................
........................................................................
   1    -30.5963800 -0.305964E+02  0.250E-01    0.73       0.0  T
   2    -30.5926692  0.371077E-02  0.440E-01    0.74       1.0  T
   3    -30.5964026 -0.373342E-02  0.145E-01    0.73       1.0  T
   4    -30.5966870 -0.284417E-03  0.322E-02    0.73       1.0  T
   5    -30.5966951 -0.810358E-05  0.157E-02    0.73       1.5  T
   6    -30.5966953 -0.164696E-06  0.743E-03    0.73       3.3  T
   7    -30.5966961 -0.856949E-06  0.297E-03    0.73       8.2  T
   8    -30.5966962 -0.624619E-07  0.175E-03    0.73      13.9  T
     SCC iter.                  ...        0 min,  0.007 sec
     gradient                   ...        0 min,  0.023 sec
 * total energy  :   -30.1829601 Eh     change       -0.2361097E-03 Eh
   gradient norm :     0.0140058 Eh/α   predicted    -0.1809710E-03 ( -23.35%)
   displ. norm   :     0.1778046 α      lambda       -0.4015014E-03
   maximum displ.:     0.0948942 α      in ANC's #4, #5, #2, ...

........................................................................
.............................. CYCLE   25 ..............................
........................................................................
   1    -30.5993292 -0.305993E+02  0.318E-01    0.75       0.0  T
   2    -30.5954710  0.385820E-02  0.460E-01    0.75       1.0  T
   3    -30.5988431 -0.337213E-02  0.227E-01    0.75       1.0  T
   4    -30.5996985 -0.855349E-03  0.411E-02    0.75       1.0  T
   5    -30.5997148 -0.162974E-04  0.186E-02    0.75       1.3  T
   6    -30.5997157 -0.888556E-06  0.874E-03    0.75       2.8  T
   7    -30.5997164 -0.738985E-06  0.341E-03    0.75       7.1  T
   8    -30.5997165 -0.889168E-07  0.205E-03    0.75      11.8  T
   9    -30.5997165 -0.630591E-08  0.119E-03    0.75      20.3  T
     SCC iter.                  ...        0 min,  0.007 sec
     gradient                   ...        0 min,  0.010 sec
 * total energy  :   -30.1832277 Eh     change       -0.2675942E-03 Eh
   gradient norm :     0.0077780 Eh/α   predicted    -0.2070959E-03 ( -22.61%)
   displ. norm   :     0.1570923 α      lambda       -0.2117157E-03
   maximum displ.:     0.0984126 α      in ANC's #4, #5, #2, ...

........................................................................
.............................. CYCLE   26 ..............................
........................................................................
   1    -30.6004362 -0.306004E+02  0.277E-01    0.76       0.0  T
   2    -30.5984456  0.199066E-02  0.343E-01    0.76       1.0  T
   3    -30.5996660 -0.122037E-02  0.231E-01    0.76       1.0  T
   4    -30.6006508 -0.984810E-03  0.259E-02    0.76       1.0  T
   5    -30.6006541 -0.337717E-05  0.138E-02    0.76       1.8  T
   6    -30.6006545 -0.405995E-06  0.671E-03    0.76       3.6  T
   7    -30.6006552 -0.677650E-06  0.262E-03    0.76       9.2  T
   8    -30.6006553 -0.614238E-07  0.149E-03    0.76      16.3  T
     SCC iter.                  ...        0 min,  0.007 sec
     gradient                   ...        0 min,  0.010 sec
 * total energy  :   -30.1833785 Eh     change       -0.1508295E-03 Eh
   gradient norm :     0.0070357 Eh/α   predicted    -0.1084714E-03 ( -28.08%)
   displ. norm   :     0.1142929 α      lambda       -0.1556265E-03
   maximum displ.:     0.0647001 α      in ANC's #4, #5, #3, ...

........................................................................
.............................. CYCLE   27 ..............................
........................................................................
   1    -30.6031261 -0.306031E+02  0.196E-01    0.76       0.0  T
   2    -30.6019536  0.117252E-02  0.258E-01    0.76       1.0  T
   3    -30.6028866 -0.933014E-03  0.152E-01    0.76       1.0  T
   4    -30.6032562 -0.369561E-03  0.237E-02    0.76       1.0  T
   5    -30.6032651 -0.890192E-05  0.785E-03    0.76       3.1  T
   6    -30.6032652 -0.156901E-06  0.404E-03    0.76       6.0  T
   7    -30.6032653 -0.986179E-07  0.189E-03    0.76      12.8  T
   8    -30.6032653 -0.372035E-07  0.100E-03    0.76      24.1  T
     SCC iter.                  ...        0 min,  0.007 sec
     gradient                   ...        0 min,  0.010 sec
 * total energy  :   -30.1834672 Eh     change       -0.8867174E-04 Eh
   gradient norm :     0.0041487 Eh/α   predicted    -0.7882986E-04 ( -11.10%)
   displ. norm   :     0.1640899 α      lambda       -0.9483681E-04
   maximum displ.:     0.0960683 α      in ANC's #4, #5, #11, ...

........................................................................
.............................. CYCLE   28 ..............................
........................................................................
   1    -30.5998302 -0.305998E+02  0.260E-01    0.77       0.0  T
   2    -30.5992334  0.596739E-03  0.222E-01    0.76       1.0  T
   3    -30.5980076  0.122584E-02  0.303E-01    0.77       1.0  T
   4    -30.5999189 -0.191133E-02  0.204E-02    0.76       1.2  T
   5    -30.5999204 -0.145334E-05  0.111E-02    0.76       2.2  T
   6    -30.5999209 -0.527180E-06  0.524E-03    0.76       4.6  T
   7    -30.5999212 -0.266449E-06  0.258E-03    0.76       9.4  T
   8    -30.5999212 -0.234921E-07  0.179E-03    0.76      13.5  T
     SCC iter.                  ...        0 min,  0.007 sec
     gradient                   ...        0 min,  0.010 sec
 * total energy  :   -30.1834575 Eh     change        0.9710535E-05 Eh
   gradient norm :     0.0128822 Eh/α   predicted    -0.4869298E-04 (-601.44%)
   displ. norm   :     0.0740568 α      lambda       -0.1290802E-03
   maximum displ.:     0.0430387 α      in ANC's #4, #5, #2, ...

........................................................................
.............................. CYCLE   29 ..............................
........................................................................
   1    -30.6024294 -0.306024E+02  0.112E-01    0.76       0.0  T
   2    -30.6023772  0.521996E-04  0.783E-02    0.76       1.0  T
   3    -30.6019688  0.408414E-03  0.148E-01    0.76       1.0  T
   4    -30.6024384 -0.469532E-03  0.122E-02    0.76       2.0  T
   5    -30.6024396 -0.121290E-05  0.787E-03    0.76       3.1  T
   6    -30.6024403 -0.759788E-06  0.279E-03    0.76       8.7  T
   7    -30.6024404 -0.712341E-07  0.133E-03    0.76      18.2  T
     SCC iter.                  ...        0 min,  0.006 sec
     gradient                   ...        0 min,  0.010 sec
 * total energy  :   -30.1835232 Eh     change       -0.6572040E-04 Eh
   gradient norm :     0.0022387 Eh/α   predicted    -0.6489468E-04 (  -1.26%)
   displ. norm   :     0.0407028 α      lambda       -0.2513864E-04
   maximum displ.:     0.0269221 α      in ANC's #1, #2, #5, ...

........................................................................
.............................. CYCLE   30 ..............................
........................................................................
   1    -30.6027999 -0.306028E+02  0.477E-02    0.76       0.0  T
   2    -30.6028003 -0.396543E-06  0.261E-02    0.76       1.0  T
   3    -30.6027912  0.909445E-05  0.204E-02    0.76       1.2  T
   4    -30.6027970 -0.574679E-05  0.138E-02    0.76       1.8  T
   5    -30.6028007 -0.369619E-05  0.396E-03    0.76       6.1  T
   6    -30.6028008 -0.184015E-06  0.145E-03    0.76      16.7  T
   7    -30.6028009 -0.177736E-07  0.577E-04    0.76      42.0  T
   8    -30.6028009 -0.470244E-08  0.211E-04    0.76     114.8  T
     SCC iter.                  ...        0 min,  0.007 sec
     gradient                   ...        0 min,  0.010 sec
 * total energy  :   -30.1835432 Eh     change       -0.2004234E-04 Eh
   gradient norm :     0.0013286 Eh/α   predicted    -0.1259029E-04 ( -37.18%)
   displ. norm   :     0.1896364 α      lambda       -0.4957619E-04
   maximum displ.:     0.1115219 α      in ANC's #1, #2, #5, ...

........................................................................
.............................. CYCLE   31 ..............................
........................................................................
   1    -30.6022102 -0.306022E+02  0.238E-01    0.76       0.0  T
   2    -30.6021162  0.939993E-04  0.152E-01    0.75       1.0  T
   3    -30.5998906  0.222557E-02  0.320E-01    0.76       1.0  T
   4    -30.6022366 -0.234600E-02  0.255E-02    0.75       1.0  T
   5    -30.6022408 -0.418612E-05  0.151E-02    0.75       1.6  T
   6    -30.6022426 -0.186411E-05  0.648E-03    0.75       3.7  T
   7    -30.6022430 -0.408213E-06  0.231E-03    0.75      10.5  T
   8    -30.6022431 -0.554959E-07  0.122E-03    0.75      19.9  T
   9    -30.6022431 -0.786714E-08  0.572E-04    0.75      42.4  T
  10    -30.6022431 -0.111995E-08  0.259E-04    0.75      93.6  T
     SCC iter.                  ...        0 min,  0.008 sec
     gradient                   ...        0 min,  0.011 sec
 * total energy  :   -30.1835780 Eh     change       -0.3478992E-04 Eh
   gradient norm :     0.0030804 Eh/α   predicted    -0.2518511E-04 ( -27.61%)
   displ. norm   :     0.0379139 α      lambda       -0.1825514E-04
   maximum displ.:     0.0236567 α      in ANC's #2, #1, #3, ...

........................................................................
.............................. CYCLE   32 ..............................
........................................................................
   1    -30.6025413 -0.306025E+02  0.468E-02    0.75       0.0  T
   2    -30.6025402  0.114133E-05  0.235E-02    0.75       1.0  T
   3    -30.6024938  0.463646E-04  0.466E-02    0.75       1.0  T
   4    -30.6025419 -0.480669E-04  0.460E-03    0.75       5.3  T
   5    -30.6025419 -0.494225E-07  0.311E-03    0.75       7.8  T
   6    -30.6025420 -0.915829E-07  0.103E-03    0.75      23.5  T
   7    -30.6025420 -0.175134E-07  0.323E-04    0.75      75.1  T
   8    -30.6025420 -0.657298E-09  0.171E-04    0.75     142.2  T
     SCC iter.                  ...        0 min,  0.007 sec
     gradient                   ...        0 min,  0.010 sec
 * total energy  :   -30.1835924 Eh     change       -0.1437299E-04 Eh
   gradient norm :     0.0025473 Eh/α   predicted    -0.9139608E-05 ( -36.41%)
   displ. norm   :     0.0694682 α      lambda       -0.2732975E-04
   maximum displ.:     0.0418928 α      in ANC's #2, #1, #5, ...

........................................................................
.............................. CYCLE   33 ..............................
........................................................................
   1    -30.6031516 -0.306032E+02  0.866E-02    0.75       0.0  T
   2    -30.6031520 -0.467425E-06  0.453E-02    0.75       1.0  T
   3    -30.6031044  0.476532E-04  0.483E-02    0.75       1.0  T
   4    -30.6031499 -0.455232E-04  0.142E-02    0.75       1.7  T
   5    -30.6031533 -0.341393E-05  0.601E-03    0.75       4.0  T
   6    -30.6031537 -0.410994E-06  0.187E-03    0.75      13.0  T
   7    -30.6031538 -0.548681E-07  0.686E-04    0.75      35.3  T
   8    -30.6031538 -0.475695E-08  0.306E-04    0.75      79.4  T
     SCC iter.                  ...        0 min,  0.007 sec
     gradient                   ...        0 min,  0.010 sec
 * total energy  :   -30.1836108 Eh     change       -0.1843985E-04 Eh
   gradient norm :     0.0014040 Eh/α   predicted    -0.1373152E-04 ( -25.53%)
   displ. norm   :     0.1107252 α      lambda       -0.1304087E-04
   maximum displ.:     0.0642944 α      in ANC's #1, #2, #5, ...

........................................................................
.............................. CYCLE   34 ..............................
........................................................................
   1    -30.6028829 -0.306029E+02  0.143E-01    0.75       0.0  T
   2    -30.6028644  0.184673E-04  0.846E-02    0.75       1.0  T
   3    -30.6021702  0.694240E-03  0.177E-01    0.75       1.0  T
   4    -30.6028902 -0.720016E-03  0.120E-02    0.75       2.0  T
   5    -30.6028904 -0.194774E-06  0.691E-03    0.75       3.5  T
   6    -30.6028908 -0.413899E-06  0.247E-03    0.75       9.8  T
   7    -30.6028909 -0.704700E-07  0.794E-04    0.75      30.6  T
   8    -30.6028909 -0.468746E-08  0.521E-04    0.75      46.5  T
     SCC iter.                  ...        0 min,  0.007 sec
     gradient                   ...        0 min,  0.011 sec
 * total energy  :   -30.1836217 Eh     change       -0.1084637E-04 Eh
   gradient norm :     0.0015063 Eh/α   predicted    -0.6555196E-05 ( -39.56%)
   displ. norm   :     0.0717101 α      lambda       -0.7722176E-05
   maximum displ.:     0.0424661 α      in ANC's #1, #2, #5, ...

........................................................................
.............................. CYCLE   35 ..............................
........................................................................
   1    -30.6028837 -0.306029E+02  0.770E-02    0.75       0.0  T
   2    -30.6028852 -0.148229E-05  0.403E-02    0.75       1.0  T
   3    -30.6028842  0.101793E-05  0.121E-02    0.75       2.0  T
   4    -30.6028853 -0.106324E-05  0.613E-03    0.75       4.0  T
   5    -30.6028842  0.109112E-05  0.830E-03    0.75       2.9  T
   6    -30.6028856 -0.142343E-05  0.238E-03    0.75      10.2  T
   7    -30.6028857 -0.865975E-07  0.453E-04    0.75      53.5  T
   8    -30.6028857 -0.114236E-08  0.259E-04    0.75      93.7  T
     SCC iter.                  ...        0 min,  0.007 sec
     gradient                   ...        0 min,  0.011 sec
 * total energy  :   -30.1836272 Eh     change       -0.5530961E-05 Eh
   gradient norm :     0.0014388 Eh/α   predicted    -0.3868984E-05 ( -30.05%)
   displ. norm   :     0.0473265 α      lambda       -0.7348123E-05
   maximum displ.:     0.0299760 α      in ANC's #1, #2, #5, ...

........................................................................
.............................. CYCLE   36 ..............................
........................................................................
   1    -30.6029084 -0.306029E+02  0.636E-02    0.74       0.0  T
   2    -30.6029078  0.614091E-06  0.320E-02    0.74       1.0  T
   3    -30.6028568  0.510423E-04  0.499E-02    0.74       1.0  T
   4    -30.6029084 -0.515811E-04  0.925E-03    0.74       2.6  T
   5    -30.6029097 -0.134378E-05  0.388E-03    0.74       6.3  T
   6    -30.6029098 -0.993227E-07  0.154E-03    0.74      15.8  T
   7    -30.6029099 -0.337651E-07  0.475E-04    0.74      51.0  T
   8    -30.6029099 -0.300288E-08  0.230E-04    0.74     105.3  T
     SCC iter.                  ...        0 min,  0.007 sec
     gradient                   ...        0 min,  0.011 sec
 * total energy  :   -30.1836330 Eh     change       -0.5827961E-05 Eh
   gradient norm :     0.0013359 Eh/α   predicted    -0.3676801E-05 ( -36.91%)
   displ. norm   :     0.0327414 α      lambda       -0.4209123E-05
   maximum displ.:     0.0192668 α      in ANC's #1, #5, #4, ...

........................................................................
.............................. CYCLE   37 ..............................
........................................................................
   1    -30.6025772 -0.306026E+02  0.476E-02    0.74       0.0  T
   2    -30.6025735  0.371108E-05  0.265E-02    0.74       1.0  T
   3    -30.6024934  0.800898E-04  0.618E-02    0.74       1.0  T
   4    -30.6025782 -0.847697E-04  0.550E-03    0.74       4.4  T
   5    -30.6025785 -0.266226E-06  0.242E-03    0.74      10.0  T
   6    -30.6025785 -0.186541E-07  0.111E-03    0.74      21.8  T
   7    -30.6025785 -0.171528E-07  0.382E-04    0.74      63.6  T
   8    -30.6025785 -0.193005E-08  0.138E-04    0.74     175.9  T
     SCC iter.                  ...        0 min,  0.007 sec
     gradient                   ...        0 min,  0.010 sec
 * total energy  :   -30.1836371 Eh     change       -0.4114738E-05 Eh
   gradient norm :     0.0014327 Eh/α   predicted    -0.2107230E-05 ( -48.79%)
   displ. norm   :     0.0382473 α      lambda       -0.6612230E-05
   maximum displ.:     0.0280557 α      in ANC's #1, #5, #3, ...

........................................................................
.............................. CYCLE   38 ..............................
........................................................................
   1    -30.6027222 -0.306027E+02  0.587E-02    0.73       0.0  T
   2    -30.6025899  0.132274E-03  0.814E-02    0.74       1.0  T
   3    -30.6026973 -0.107336E-03  0.480E-02    0.73       1.0  T
   4    -30.6027367 -0.393885E-04  0.105E-02    0.73       2.3  T
   5    -30.6027385 -0.182928E-05  0.334E-03    0.74       7.3  T
   6    -30.6027385 -0.256347E-07  0.199E-03    0.73      12.2  T
   7    -30.6027386 -0.482112E-07  0.635E-04    0.73      38.2  T
   8    -30.6027386 -0.401947E-08  0.338E-04    0.73      71.8  T
     SCC iter.                  ...        0 min,  0.007 sec
     gradient                   ...        0 min,  0.011 sec
 * total energy  :   -30.1836431 Eh     change       -0.5981752E-05 Eh
   gradient norm :     0.0010470 Eh/α   predicted    -0.3307143E-05 ( -44.71%)
   displ. norm   :     0.0489827 α      lambda       -0.4037666E-05
   maximum displ.:     0.0321959 α      in ANC's #1, #5, #4, ...

........................................................................
.............................. CYCLE   39 ..............................
........................................................................
   1    -30.6022935 -0.306023E+02  0.750E-02    0.73       0.0  T
   2    -30.6022044  0.890912E-04  0.715E-02    0.73       1.0  T
   3    -30.6021512  0.532760E-04  0.870E-02    0.73       1.0  T
   4    -30.6023036 -0.152439E-03  0.104E-02    0.73       2.3  T
   5    -30.6023053 -0.166952E-05  0.397E-03    0.73       6.1  T
   6    -30.6023053 -0.176514E-07  0.231E-03    0.73      10.5  T
   7    -30.6023054 -0.868143E-07  0.548E-04    0.73      44.3  T
   8    -30.6023054 -0.378563E-08  0.200E-04    0.73     121.3  T
     SCC iter.                  ...        0 min,  0.007 sec
     gradient                   ...        0 min,  0.011 sec
 * total energy  :   -30.1836466 Eh     change       -0.3497316E-05 Eh
   gradient norm :     0.0014587 Eh/α   predicted    -0.2020550E-05 ( -42.23%)
   displ. norm   :     0.0213129 α      lambda       -0.2907688E-05
   maximum displ.:     0.0146973 α      in ANC's #1, #5, #4, ...

........................................................................
.............................. CYCLE   40 ..............................
........................................................................
   1    -30.6023416 -0.306023E+02  0.401E-02    0.73       0.0  T
   2    -30.6022610  0.806823E-04  0.629E-02    0.73       1.0  T
   3    -30.6023362 -0.752312E-04  0.296E-02    0.73       1.0  T
   4    -30.6023499 -0.137262E-04  0.717E-03    0.73       3.4  T
   5    -30.6023508 -0.899817E-06  0.206E-03    0.73      11.8  T
   6    -30.6023508  0.492561E-08  0.140E-03    0.73      17.4  T
   7    -30.6023508 -0.268481E-07  0.340E-04    0.73      71.4  T
   8    -30.6023508 -0.137215E-08  0.168E-04    0.73     144.6  T
     SCC iter.                  ...        0 min,  0.007 sec
     gradient                   ...        0 min,  0.011 sec
 * total energy  :   -30.1836492 Eh     change       -0.2627535E-05 Eh
   gradient norm :     0.0006481 Eh/α   predicted    -0.1454825E-05 ( -44.63%)
   displ. norm   :     0.0154692 α      lambda       -0.1555283E-05
   maximum displ.:     0.0102449 α      in ANC's #2, #1, #4, ...

   *** GEOMETRY OPTIMIZATION CONVERGED AFTER 40 ITERATIONS ***

------------------------------------------------------------------------
 total energy gain   :        -0.0322796 Eh      -20.2558 kcal/mol
 total RMSD          :         0.8873304 a0        0.4696 Å
 total power (kW/mol):        -2.1187530 (step)  -75.5595 (real)
------------------------------------------------------------------------

 ANCopt (total)                0 d,  0 h,  0 min,  1.122 sec
 optimizer setup                ...        0 min,  0.000 sec (  0.011%)
 model hessian                  ...        0 min,  0.004 sec (  0.380%)
 ANC generation                 ...        0 min,  0.001 sec (  0.075%)
 coordinate transformation      ...        0 min,  0.000 sec (  0.044%)
 single point calculation       ...        0 min,  1.091 sec ( 97.226%)
 optimization log               ...        0 min,  0.016 sec (  1.417%)
 hessian update                 ...        0 min,  0.001 sec (  0.059%)
 rational function              ...        0 min,  0.006 sec (  0.576%)

================
 final structure:
================
$coord
    2.16628777868097    0.17692256618615   -0.16999812169205      C 
    0.81307463516957    0.93877417987110   -1.81624030628358      N 
    4.66796606935670    0.02599997293270    0.32824657327818      N 
    5.70206747102901   -0.66376057206504    2.40843490855929      C 
    4.28172066595728   -1.40838370048051    4.66342138452090      C 
    4.79069370734019   -0.61141547364525    7.03394916376560      C 
    2.49220777666968   -0.95622862431855    9.30081570710107      S 
    0.67213331936531   -2.93786962782696    7.43985177320409      C 
    1.32748795713925   -2.91549269907864    4.25862332123587      S 
    8.44991595097682   -0.53924704950353    2.51103561802162      C 
    9.88302432529313   -1.78613248718206    4.15308841977203      C 
    0.96228833171616   -0.75052898368042    1.63245486636113      H 
    6.45294313501925    0.43878473455255    7.54421152401859      H 
   -1.25347048146614   -3.22750963024200    8.01940242259184      H 
    9.28355114110371    0.56540824225725    1.00912825401417      H 
    9.09626862332260   -2.98504388265179    5.59929515914405      H 
   11.91200562086917   -1.67649620145451    4.07506941282280      H 
$end
           -------------------------------------------------
          |                Final Singlepoint                |
           -------------------------------------------------

          ...................................................
          :                      SETUP                      :
          :.................................................:
          :  # basis functions                  62          :
          :  # atomic orbitals                  60          :
          :  # shells                           30          :
          :  # electrons                        56          :
          :  max. iterations                   250          :
          :  Hamiltonian                  GFN2-xTB          :
          :  restarted?                      false          :
          :  GBSA solvation                  false          :
          :  PC potential                    false          :
          :  electronic temp.          300.0000000     K    :
          :  accuracy                    1.0000000          :
          :  -> integral cutoff          0.2500000E+02      :
          :  -> integral neglect         0.1000000E-07      :
          :  -> SCF convergence          0.1000000E-05 Eh   :
          :  -> wf. convergence          0.1000000E-03 e    :
          :  Broyden damping             0.4000000          :
          ...................................................

 iter      E             dE          RMSdq      gap      omega  full diag
   1    -30.6023508 -0.306024E+02  0.111E-04    0.73       0.0  T
   2    -30.6023508  0.206033E-08  0.326E-04    0.73      74.3  T
   3    -30.6023508 -0.228806E-08  0.605E-05    0.73     400.7  T

   *** convergence criteria satisfied after 3 iterations ***

         #    Occupation            Energy/Eh            Energy/eV
      -------------------------------------------------------------
         1        2.0000           -0.7677482             -20.8915
       ...           ...                  ...                  ...
        22        2.0000           -0.4662226             -12.6866
        23        2.0000           -0.4464461             -12.1484
        24        2.0000           -0.4426283             -12.0445
        25        2.0000           -0.4218622             -11.4795
        26        2.0000           -0.4079340             -11.1004
        27        2.0000           -0.3986686             -10.8483
        28        2.0000           -0.3487562              -9.4901 (HOMO)
        29        0.0000           -0.3218507              -8.7580 (LUMO)
        30                         -0.3022558              -8.2248
        31                         -0.2687364              -7.3127
        32                         -0.2504826              -6.8160
        33                         -0.2125143              -5.7828
       ...                                ...                  ...
        60                          0.8103216              22.0500
      -------------------------------------------------------------
                  HL-Gap            0.0269055 Eh            0.7321 eV
             Fermi-level           -0.3353034 Eh           -9.1241 eV

 SCC (total)                   0 d,  0 h,  0 min,  0.021 sec
 SCC setup                      ...        0 min,  0.000 sec (  0.686%)
 Dispersion                     ...        0 min,  0.000 sec (  0.517%)
 integral evaluation            ...        0 min,  0.007 sec ( 32.753%)
 zeroth order Hamiltonian       ...        0 min,  0.000 sec (  0.614%)
 iterations                     ...        0 min,  0.003 sec ( 14.454%)
 molecular gradient             ...        0 min,  0.011 sec ( 49.483%)
 printout                       ...        0 min,  0.000 sec (  1.291%)

         :::::::::::::::::::::::::::::::::::::::::::::::::::::
         ::                     SUMMARY                     ::
         :::::::::::::::::::::::::::::::::::::::::::::::::::::
         :: total energy             -30.183649236637 Eh    ::
         :: gradient norm              0.000649047142 Eh/a0 ::
         :: HOMO-LUMO gap              0.732136283381 eV    ::
         ::.................................................::
         :: SCC energy               -30.602350845278 Eh    ::
         :: -> isotropic ES            0.022454260058 Eh    ::
         :: -> anisotropic ES          0.005389766948 Eh    ::
         :: -> anisotropic XC          0.026045857766 Eh    ::
         :: -> dispersion             -0.019335534412 Eh    ::
         :: repulsion energy           0.418609944134 Eh    ::
         :: add. restraining           0.000000000000 Eh    ::
         :::::::::::::::::::::::::::::::::::::::::::::::::::::

           -------------------------------------------------
          |                Property Printout                |
           -------------------------------------------------

    * Orbital Energies and Occupations

         #    Occupation            Energy/Eh            Energy/eV
      -------------------------------------------------------------
         1        2.0000           -0.7677482             -20.8915
       ...           ...                  ...                  ...
        16        2.0000           -0.5122207             -13.9382
        17        2.0000           -0.5078339             -13.8189
        18        2.0000           -0.5025381             -13.6748
        19        2.0000           -0.4997047             -13.5977
        20        2.0000           -0.4846207             -13.1872
        21        2.0000           -0.4709014             -12.8139
        22        2.0000           -0.4662226             -12.6866
        23        2.0000           -0.4464461             -12.1484
        24        2.0000           -0.4426283             -12.0445
        25        2.0000           -0.4218622             -11.4795
        26        2.0000           -0.4079340             -11.1004
        27        2.0000           -0.3986686             -10.8483
        28        2.0000           -0.3487562              -9.4901 (HOMO)
        29        0.0000           -0.3218507              -8.7580 (LUMO)
        30                         -0.3022558              -8.2248
        31                         -0.2687364              -7.3127
        32                         -0.2504826              -6.8160
        33                         -0.2125143              -5.7828
        34                         -0.2037919              -5.5455
        35                         -0.1664614              -4.5296
        36                         -0.1460744              -3.9749
        37                         -0.1392884              -3.7902
        38                         -0.0616268              -1.6770
        39                         -0.0364659              -0.9923
       ...                                ...                  ...
        60                          0.8103216              22.0500
      -------------------------------------------------------------
                  HL-Gap            0.0269055 Eh            0.7321 eV
             Fermi-level           -0.3353034 Eh           -9.1241 eV

     #   Z        covCN         q      C6AA      α(0)
     1   6 C      2.702     0.161    24.500     8.101
     2   7 N      0.913    -0.309    27.924     7.641
     3   7 N      1.844    -0.195    26.045     7.563
     4   6 C      2.935     0.111    25.553     8.290
     5   6 C      3.041     0.003    27.914     8.666
     6   6 C      2.986    -0.009    28.242     8.717
     7  16 S      2.254    -0.001   141.102    19.993
     8   6 C      2.880    -0.062    29.548     8.911
     9  16 S      2.694     0.028   139.933    19.910
    10   6 C      2.905    -0.033    28.831     8.804
    11   6 C      2.839    -0.074    29.850     8.954
    12   1 H      1.254     0.065     2.130     2.278
    13   1 H      0.926     0.070     2.086     2.259
    14   1 H      0.926     0.052     2.296     2.370
    15   1 H      0.926     0.077     2.014     2.219
    16   1 H      0.926     0.055     2.264     2.353
    17   1 H      0.926     0.063     2.162     2.299

 Mol. C6AA /au·bohr⁶  :       6348.670850
 Mol. C8AA /au·bohr⁸  :     196349.671088
 Mol. α(0) /au        :        129.328724


Wiberg/Mayer (AO) data.
largest (>0.10) Wiberg bond orders for each atom
          total WBO             WBO to atom ...
     1  C   3.964        N    2 2.181    N    3 1.146    H   12 0.564
     2  N   2.639        C    1 2.181    S    9 0.188    C    4 0.122    N    3 0.108
     3  N   3.226        C    4 1.636    C    1 1.146    N    2 0.108
     4  C   3.975        N    3 1.636    C   10 1.083    C    5 1.052    N    2 0.122
     5  C   3.950        C    6 1.630    C    4 1.052    S    9 1.045
     6  C   3.966        C    5 1.630    S    7 1.187    H   13 0.957
     7  S   2.635        C    6 1.187    C    8 1.162
     8  C   3.569        S    9 1.235    S    7 1.162    H   14 0.965
     9  S   3.011        C    8 1.235    C    5 1.045    H   12 0.301    N    2 0.188
    10  C   3.987        C   11 1.884    C    4 1.083    H   15 0.957
    11  C   3.949        C   10 1.884    H   17 0.975    H   16 0.972
    12  H   0.996        C    1 0.564    S    9 0.301
    13  H   0.995        C    6 0.957
    14  H   0.994        C    8 0.965
    15  H   0.993        C   10 0.957
    16  H   0.997        C   11 0.972
    17  H   0.994        C   11 0.975

molecular dipole:
                 x           y           z       tot (Debye)
 q only:        1.174      -0.495       1.626
   full:        1.248      -0.575       2.229       6.656
molecular quadrupole (traceless):
                xx          xy          yy          xz          yz          zz
 q only:       10.499      -1.653      -8.619      10.458      -0.752      -1.880
  q+dip:       12.404      -1.632     -10.468      11.653      -0.706      -1.936
   full:       11.715      -1.354      -8.827      10.952       0.734      -2.888

           -------------------------------------------------
          |                Geometry Summary                 |
           -------------------------------------------------

      molecular mass/u    :      182.2578000
   center of mass at/Å    :        1.9386885      -0.6144694       2.2610926
  moments of inertia/u·Å² :        0.4531289E+03   0.6810204E+03   0.1024464E+04
rotational constants/cm⁻¹ :        0.3720273E-01   0.2475349E-01   0.1645507E-01

 * 14 selected distances

     #   Z        #   Z                                     value/Å
     1   6 C      2   7 N                                 1.1975922
     1   6 C      3   7 N                                 1.3521923
     3   7 N      4   6 C                                 1.2823483
     5   6 C      6   6 C                                 1.3505547
     6   6 C      7  16 S                                 1.7180437
     7  16 S      8   6 C                                 1.7312072
     5   6 C      9  16 S                                 1.7680168 (max)
     8   6 C      9  16 S                                 1.7188248
    10   6 C     11   6 C                                 1.3287366
     6   6 C     13   1 H                                 1.0749414 (min)
     8   6 C     14   1 H                                 1.0751184
    10   6 C     15   1 H                                 1.0807319
    11   6 C     16   1 H                                 1.0777416
    11   6 C     17   1 H                                 1.0760494

 * 4 distinct bonds (by element types)

   Z      Z             #   av. dist./Å        max./Å        min./Å
   1 H    6 C           5     1.0769165     1.0807319     1.0749414
   6 C    6 C           2     1.3396457     1.3505547     1.3287366
   6 C    7 N           3     1.2773776     1.3521923     1.1975922
   6 C   16 S           4     1.7340231     1.7680168     1.7180437


optimized geometry written to: xtbopt.xyz


           -------------------------------------------------
          | TOTAL ENERGY              -30.183649236637 Eh   |
          | GRADIENT NORM               0.000649047142 Eh/α |
          | HOMO-LUMO GAP               0.732136283381 eV   |
           -------------------------------------------------

------------------------------------------------------------------------
 * finished run on 2021/05/19 at 11:00:59.889     
------------------------------------------------------------------------
 total:
 * wall-time:     0 d,  0 h,  0 min,  1.251 sec
 *  cpu-time:     0 d,  0 h,  0 min,  1.135 sec
 * ratio c/w:     0.907 speedup
 SCF:
 * wall-time:     0 d,  0 h,  0 min,  0.077 sec
 *  cpu-time:     0 d,  0 h,  0 min,  0.038 sec
 * ratio c/w:     0.494 speedup
 ANC optimizer:
 * wall-time:     0 d,  0 h,  0 min,  1.143 sec
 *  cpu-time:     0 d,  0 h,  0 min,  1.078 sec
 * ratio c/w:     0.943 speedup

