      -----------------------------------------------------------      
     |                   =====================                   |     
     |                           x T B                           |     
     |                   =====================                   |     
     |                         S. Grimme                         |     
     |          Mulliken Center for Theoretical Chemistry        |     
     |                    University of Bonn                     |     
     |                Version 6.2 RC2 (SAW190805)                |     
      -----------------------------------------------------------      

   This program is distributed in the hope that it will be useful,
   but WITHOUT ANY WARRANTY; without even the implied warranty of
   MERCHANTABILITY or FITNESS FOR A PARTICULAR PURPOSE.
   
   FOR NON-COMMERCIAL, ACADEMIA USE ONLY.
   
   Cite this work as:
   * S. Grimme, C. Bannwarth, P. Shushkov, J. Chem. Theory Comput., 2017,
     13, 1989-2009. DOI: 10.1021/acs.jctc.7b00118
   * C. Bannwarth, S. Ehlert and S. Grimme., J. Chem. Theory Comput., 2019,
     15, 1652-1671. DOI: 10.1021/acs.jctc.8b01176
   * P. Pracht, E. Caldeweyher, S. Ehlert, S. Grimme, ChemRxiv, 2019, preprint.
     DOI: 10.26434/chemrxiv.8326202.v1
   
   for DFT-D4:
   * E. Caldeweyher, C. Bannwarth and S. Grimme, J. Chem. Phys., 2017,
     147, 034112. DOI: 10.1063/1.4993215
   * E. Caldeweyher, S. Ehlert, A. Hansen, H. Neugebauer, S. Spicher,
     C. Bannwarth and S. Grimme, J. Chem. Phys., 2019, 150, 154122.
     DOI: 10.1063/1.5090222
   
   for sTDA-xTB:
   * S. Grimme and C. Bannwarth, J. Chem. Phys., 2016, 145, 054103.
     DOI: 10.1063/1.4959605
   
   in the mass-spec context:
   * V. Asgeirsson, C. Bauer and S. Grimme, Chem. Sci., 2017, 8, 4879.
     DOI: 10.1039/c7sc00601b
   
   for metadynamics refer to:
   * S. Grimme, J. Chem. Theory Comput., 2019, 155, 2847-2862
     DOI: 10.1021/acs.jctc.9b00143
   
   with help from (in alphabetical order)
   C. Bannwarth, F. Bohle, G. Brandenburg, E. Caldeweyher, M. Checinski,
   S. Dohm, S. Ehlert, S. Ehrlich, F. März, H. Neugebauer, J. Pisarek,
   P. Pracht, P. Shushkov, and S. Spicher.
   
 * started run on 2021/05/19 at 11:01:06.609     

           -------------------------------------------------
          |                Calculation Setup                |
           -------------------------------------------------

          program call               : /ihome/ghutchison/geoffh/xtb/xtb 976.xyz -opt
          hostname                   : smp-n122
          coordinate file            : 976.xyz
          omp threads                :                     1
          number of atoms            :                    14
          number of electrons        :                    56
          charge                     :                     0
          spin                       :                   0.0
          first test random number   :      0.33822601649408


########################################################################
# WARNING! Please study the warnings concerning your input carefully
#  - the use of '-opt' is discouraged, please use '--opt' next time
########################################################################

           ------------------------------------------------- 
          |                 G F N 2 - x T B                 |
          | Geometry, Frequencies, Noncovalent interactions |
          |            JCTC 2019 parametrisation            |
           ------------------------------------------------- 
             KAB for C  - Si     :                1.0500
             KAB for H  - Pd     :                0.9500
             k(s)              :                1.8500
             k(p)              :                2.2300
             k(d)              :                2.2300
             k(f)              :                2.0000
             kEN (H0ij)        :               -2.0000
             D4 a1             :                0.5200
             D4 a2             :                5.0000
             D4 s6             :                1.0000
             D4 s8             :                2.7000
             D4 s9             :                5.0000
             alphaj            :                2.0000

  Z AO/shell   Hii/eV     exponent
  1     Wed Apr 25 08:07:45 CEST 2018   EN: 2.200 GM2: 0.406  GM3: 0.0800  RAES: 1.40
     1s    -10.707211    1.230000
  6     Wed Apr 25 08:07:45 CEST 2018   EN: 2.550 GM2: 0.538  GM3: 0.1500  RAES: 3.00
     2s    -13.970922    2.096432
     2p    -10.063292    1.800000
  7     Wed Apr 25 08:07:45 CEST 2018   EN: 3.040 GM2: 0.461  GM3:-0.0640  RAES: 1.90
     2s    -16.686243    2.339881
     2p    -12.523956    2.014332
  8     Wed Apr 25 08:07:45 CEST 2018   EN: 3.440 GM2: 0.452  GM3:-0.0517  RAES: 1.80
     2s    -20.229985    2.439742
     2p    -15.503117    2.137023
 16     Tue Apr 24 11:44:34 CEST 2018   EN: 2.580 GM2: 0.340  GM3:-0.0502  RAES: 3.10
     3s    -20.029654    1.981333
     3p    -11.377694    2.025643
     3d     -0.420282    1.702555

           ------------------------------------------------- 
          |        Self-Consistent Charge Iterations        |
           ------------------------------------------------- 

          ...................................................
          :                      SETUP                      :
          :.................................................:
          :  # basis functions                  59          :
          :  # atomic orbitals                  57          :
          :  # shells                           27          :
          :  # electrons                        56          :
          :  max. iterations                   250          :
          :  Hamiltonian                  GFN2-xTB          :
          :  restarted?                      false          :
          :  GBSA solvation                  false          :
          :  PC potential                    false          :
          :  electronic temp.          300.0000000     K    :
          :  accuracy                    1.0000000          :
          :  -> integral cutoff          0.2500000E+02      :
          :  -> integral neglect         0.1000000E-07      :
          :  -> SCF convergence          0.1000000E-05 Eh   :
          :  -> wf. convergence          0.1000000E-03 e    :
          :  Broyden damping             0.4000000          :
          ...................................................

 iter      E             dE          RMSdq      gap      omega  full diag
   1    -31.9733160 -0.319733E+02  0.604E+00    2.32       0.0  T
   2    -32.0998294 -0.126513E+00  0.290E+00    1.82       1.0  T
   3    -32.0955516  0.427778E-02  0.151E+00    1.78       1.0  T
   4    -32.0913405  0.421108E-02  0.141E+00    1.71       1.0  T
   5    -32.1053146 -0.139741E-01  0.344E-01    1.68       1.0  T
   6    -32.1064305 -0.111584E-02  0.134E-01    1.69       1.0  T
   7    -32.1064826 -0.521696E-04  0.599E-02    1.68       1.0  T
   8    -32.1065089 -0.262376E-04  0.234E-02    1.69       1.1  T
   9    -32.1065090 -0.115485E-06  0.124E-02    1.69       2.2  T
  10    -32.1065095 -0.553441E-06  0.402E-03    1.68       6.7  T
  11    -32.1065096 -0.497661E-07  0.203E-03    1.68      13.1  T
  12    -32.1065096 -0.993312E-08  0.100E-03    1.68      26.7  T
  13    -32.1065096 -0.407196E-08  0.284E-04    1.68      94.1  T

   *** convergence criteria satisfied after 13 iterations ***

         #    Occupation            Energy/Eh            Energy/eV
      -------------------------------------------------------------
         1        2.0000           -0.7686586             -20.9163
       ...           ...                  ...                  ...
        22        2.0000           -0.4823838             -13.1263
        23        2.0000           -0.4713383             -12.8258
        24        2.0000           -0.4554240             -12.3927
        25        2.0000           -0.4541065             -12.3569
        26        2.0000           -0.4454463             -12.1212
        27        2.0000           -0.4312384             -11.7346
        28        2.0000           -0.4004046             -10.8956 (HOMO)
        29                         -0.3385062              -9.2112 (LUMO)
        30                         -0.2857256              -7.7750
        31                         -0.2567063              -6.9853
        32                         -0.2502548              -6.8098
        33                         -0.2305022              -6.2723
       ...                                ...                  ...
        57                          0.7165284              19.4977
      -------------------------------------------------------------
                  HL-Gap            0.0618984 Eh            1.6843 eV
             Fermi-level           -0.3694554 Eh          -10.0534 eV

 SCC (total)                   0 d,  0 h,  0 min,  0.028 sec
 SCC setup                      ...        0 min,  0.000 sec (  0.782%)
 Dispersion                     ...        0 min,  0.000 sec (  0.511%)
 integral evaluation            ...        0 min,  0.007 sec ( 24.735%)
 zeroth order Hamiltonian       ...        0 min,  0.000 sec (  0.450%)
 iterations                     ...        0 min,  0.011 sec ( 38.701%)
 molecular gradient             ...        0 min,  0.009 sec ( 33.587%)
 printout                       ...        0 min,  0.000 sec (  1.065%)

         :::::::::::::::::::::::::::::::::::::::::::::::::::::
         ::                     SUMMARY                     ::
         :::::::::::::::::::::::::::::::::::::::::::::::::::::
         :: total energy             -31.790672897127 Eh    ::
         :: gradient norm              0.103703012445 Eh/a0 ::
         :: HOMO-LUMO gap              1.684341048267 eV    ::
         ::.................................................::
         :: SCC energy               -32.106509603436 Eh    ::
         :: -> isotropic ES            0.050531042950 Eh    ::
         :: -> anisotropic ES          0.007900929308 Eh    ::
         :: -> anisotropic XC          0.003991635928 Eh    ::
         :: -> dispersion             -0.016315076243 Eh    ::
         :: repulsion energy           0.315839172278 Eh    ::
         :: add. restraining           0.000000000000 Eh    ::
         :::::::::::::::::::::::::::::::::::::::::::::::::::::

      ----------------------------------------------------------- 
     |                   =====================                   |
     |                        A N C O P T                        |
     |                   =====================                   |
     |               Approximate Normal Coordinate               |
     |                Rational Function Optimizer                |
      ----------------------------------------------------------- 

          ...................................................
          :                      SETUP                      :
          :.................................................:
          :   optimization level            normal          :
          :   max. optcycles                   200          :
          :   ANC micro-cycles                  20          :
          :   degrees of freedom                36          :
          :.................................................:
          :   RF solver                   davidson          :
          :   input Hessian                  false          :
          :   write xtbopt.log                true          :
          :   linear?                        false          :
          :   energy convergence         0.5000000E-05 Eh   :
          :   grad. convergence          0.1000000E-02 Eh/α :
          :   maximium RF displ.         2.0000000          :
          :   Hlow (freq-cutoff)         0.5000000E-02      :
          :   Hmax (freq-cutoff)         5.0000000          :
          :   S6 in model hess.         20.0000000          :
          ...................................................

generating ANC from model Hessian ...
Using Lindh-Hessian (1995)
 Shifting diagonal of input Hessian by   9.102515565284752E-004
 Lowest  eigenvalues of input Hessian
   -0.000000   -0.000000   -0.000000    0.000000    0.000000    0.000000
    0.005000    0.008647    0.017070    0.017467    0.020247    0.033306
    0.043176    0.050860    0.058900    0.066641    0.084210    0.098760
 Highest eigenvalues
    1.624615    1.729094    1.893026    1.990718    2.091689    2.465001
 

........................................................................
.............................. CYCLE    1 ..............................
........................................................................
   1    -32.1065096 -0.321065E+02  0.117E-04    1.68       0.0  T
   2    -32.1065096 -0.217781E-10  0.738E-05    1.68     362.3  T
   3    -32.1065096  0.682121E-12  0.486E-05    1.68     549.4  T
     SCC iter.                  ...        0 min,  0.003 sec
     gradient                   ...        0 min,  0.022 sec
 * total energy  :   -31.7906729 Eh     change        0.1225289E-07 Eh
   gradient norm :     0.1037031 Eh/α   predicted     0.0000000E+00 (-100.00%)
   displ. norm   :     0.2381229 α      lambda       -0.1519789E-01
   maximum displ.:     0.1629255 α      in ANC's #12, #24, #11, ...

........................................................................
.............................. CYCLE    2 ..............................
........................................................................
   1    -32.1269278 -0.321269E+02  0.503E-01    1.84       0.0  T
   2    -32.1272144 -0.286521E-03  0.277E-01    1.78       1.0  T
   3    -32.1269838  0.230537E-03  0.198E-01    1.78       1.0  T
   4    -32.1273490 -0.365163E-03  0.817E-02    1.77       1.0  T
   5    -32.1273884 -0.393708E-04  0.313E-02    1.77       1.0  T
   6    -32.1273929 -0.449928E-05  0.128E-02    1.77       2.1  T
   7    -32.1273935 -0.582892E-06  0.565E-03    1.77       4.7  T
   8    -32.1273937 -0.236757E-06  0.222E-03    1.77      12.1  T
     SCC iter.                  ...        0 min,  0.019 sec
     gradient                   ...        0 min,  0.022 sec
 * total energy  :   -31.8004613 Eh     change       -0.9788431E-02 Eh
   gradient norm :     0.0373411 Eh/α   predicted    -0.8029823E-02 ( -17.97%)
   displ. norm   :     0.1998135 α      lambda       -0.3267478E-02
   maximum displ.:     0.0973935 α      in ANC's #7, #3, #12, ...

........................................................................
.............................. CYCLE    3 ..............................
........................................................................
   1    -32.1348797 -0.321349E+02  0.450E-01    1.81       0.0  T
   2    -32.1349545 -0.747127E-04  0.251E-01    1.79       1.0  T
   3    -32.1349432  0.112890E-04  0.666E-02    1.80       1.0  T
   4    -32.1349642 -0.209907E-04  0.349E-02    1.79       1.0  T
   5    -32.1349710 -0.683155E-05  0.174E-02    1.79       1.5  T
   6    -32.1349730 -0.205462E-05  0.669E-03    1.79       4.0  T
   7    -32.1349732 -0.190046E-06  0.369E-03    1.79       7.2  T
   8    -32.1349733 -0.979365E-07  0.158E-03    1.79      16.9  T
     SCC iter.                  ...        0 min,  0.019 sec
     gradient                   ...        0 min,  0.009 sec
 * total energy  :   -31.8010916 Eh     change       -0.6302637E-03 Eh
   gradient norm :     0.0252442 Eh/α   predicted    -0.1698968E-02 ( 169.56%)
   displ. norm   :     0.1970012 α      lambda       -0.2702697E-02
   maximum displ.:     0.1291956 α      in ANC's #4, #7, #2, ...

........................................................................
.............................. CYCLE    4 ..............................
........................................................................
   1    -32.1377382 -0.321377E+02  0.451E-01    1.79       0.0  T
   2    -32.1378264 -0.882157E-04  0.257E-01    1.79       1.0  T
   3    -32.1377558  0.705965E-04  0.123E-01    1.80       1.0  T
   4    -32.1378448 -0.889955E-04  0.434E-02    1.79       1.0  T
   5    -32.1378653 -0.204905E-04  0.135E-02    1.79       2.0  T
   6    -32.1378657 -0.473956E-06  0.637E-03    1.79       4.2  T
   7    -32.1378659 -0.188534E-06  0.318E-03    1.79       8.4  T
   8    -32.1378660 -0.432912E-07  0.123E-03    1.79      21.8  T
     SCC iter.                  ...        0 min,  0.006 sec
     gradient                   ...        0 min,  0.022 sec
 * total energy  :   -31.8019347 Eh     change       -0.8431196E-03 Eh
   gradient norm :     0.0191599 Eh/α   predicted    -0.1403793E-02 (  66.50%)
   displ. norm   :     0.0855098 α      lambda       -0.7770109E-03
   maximum displ.:     0.0492820 α      in ANC's #2, #3, #12, ...

........................................................................
.............................. CYCLE    5 ..............................
........................................................................
   1    -32.1338873 -0.321339E+02  0.173E-01    1.75       0.0  T
   2    -32.1339127 -0.253277E-04  0.981E-02    1.77       1.0  T
   3    -32.1338906  0.220868E-04  0.637E-02    1.77       1.0  T
   4    -32.1339204 -0.298299E-04  0.259E-02    1.77       1.0  T
   5    -32.1339264 -0.602640E-05  0.778E-03    1.77       3.4  T
   6    -32.1339267 -0.285986E-06  0.305E-03    1.77       8.8  T
   7    -32.1339267 -0.179408E-07  0.170E-03    1.77      15.8  T
   8    -32.1339267 -0.160164E-07  0.716E-04    1.77      37.3  T
     SCC iter.                  ...        0 min,  0.006 sec
     gradient                   ...        0 min,  0.009 sec
 * total energy  :   -31.8023663 Eh     change       -0.4315644E-03 Eh
   gradient norm :     0.0078398 Eh/α   predicted    -0.3913466E-03 (  -9.32%)
   displ. norm   :     0.0697247 α      lambda       -0.1479308E-03
   maximum displ.:     0.0438462 α      in ANC's #3, #2, #4, ...

........................................................................
.............................. CYCLE    6 ..............................
........................................................................
   1    -32.1342844 -0.321343E+02  0.124E-01    1.77       0.0  T
   2    -32.1342865 -0.206578E-05  0.712E-02    1.77       1.0  T
   3    -32.1342677  0.188005E-04  0.419E-02    1.77       1.0  T
   4    -32.1342892 -0.214742E-04  0.641E-03    1.77       4.2  T
   5    -32.1342894 -0.212486E-06  0.317E-03    1.77       8.4  T
   6    -32.1342894 -0.300049E-07  0.117E-03    1.77      22.9  T
   7    -32.1342894 -0.195363E-08  0.603E-04    1.77      44.4  T
     SCC iter.                  ...        0 min,  0.005 sec
     gradient                   ...        0 min,  0.009 sec
 * total energy  :   -31.8024825 Eh     change       -0.1162668E-03 Eh
   gradient norm :     0.0058865 Eh/α   predicted    -0.7432320E-04 ( -36.08%)
   displ. norm   :     0.1587390 α      lambda       -0.2062884E-03
   maximum displ.:     0.0961850 α      in ANC's #3, #2, #4, ...

........................................................................
.............................. CYCLE    7 ..............................
........................................................................
   1    -32.1344634 -0.321345E+02  0.275E-01    1.75       0.0  T
   2    -32.1344725 -0.911388E-05  0.158E-01    1.76       1.0  T
   3    -32.1343986  0.739335E-04  0.815E-02    1.76       1.0  T
   4    -32.1344837 -0.851307E-04  0.107E-02    1.76       2.5  T
   5    -32.1344839 -0.125544E-06  0.583E-03    1.76       4.6  T
   6    -32.1344840 -0.144893E-06  0.248E-03    1.76      10.8  T
   7    -32.1344840 -0.177630E-07  0.124E-03    1.76      21.6  T
     SCC iter.                  ...        0 min,  0.005 sec
     gradient                   ...        0 min,  0.009 sec
 * total energy  :   -31.8026127 Eh     change       -0.1301730E-03 Eh
   gradient norm :     0.0081074 Eh/α   predicted    -0.1057444E-03 ( -18.77%)
   displ. norm   :     0.0691578 α      lambda       -0.1172074E-03
   maximum displ.:     0.0430721 α      in ANC's #3, #2, #6, ...

........................................................................
.............................. CYCLE    8 ..............................
........................................................................
   1    -32.1358540 -0.321359E+02  0.121E-01    1.78       0.0  T
   2    -32.1358623 -0.825686E-05  0.691E-02    1.78       1.0  T
   3    -32.1358615  0.722734E-06  0.175E-02    1.77       1.5  T
   4    -32.1358624 -0.885455E-06  0.106E-02    1.77       2.5  T
   5    -32.1358636 -0.117298E-05  0.353E-03    1.77       7.6  T
   6    -32.1358637 -0.610242E-07  0.201E-03    1.77      13.3  T
   7    -32.1358637 -0.167243E-07  0.855E-04    1.77      31.2  T
     SCC iter.                  ...        0 min,  0.005 sec
     gradient                   ...        0 min,  0.009 sec
 * total energy  :   -31.8026771 Eh     change       -0.6436846E-04 Eh
   gradient norm :     0.0050158 Eh/α   predicted    -0.5888546E-04 (  -8.52%)
   displ. norm   :     0.1396900 α      lambda       -0.9537867E-04
   maximum displ.:     0.1031302 α      in ANC's #2, #3, #4, ...

........................................................................
.............................. CYCLE    9 ..............................
........................................................................
   1    -32.1352704 -0.321353E+02  0.240E-01    1.75       0.0  T
   2    -32.1352818 -0.113711E-04  0.136E-01    1.76       1.0  T
   3    -32.1352829 -0.108531E-05  0.213E-02    1.76       1.3  T
   4    -32.1352854 -0.249818E-05  0.120E-02    1.76       2.2  T
   5    -32.1352863 -0.876360E-06  0.570E-03    1.76       4.7  T
   6    -32.1352864 -0.171230E-06  0.275E-03    1.76       9.7  T
   7    -32.1352865 -0.405205E-07  0.122E-03    1.76      21.9  T
     SCC iter.                  ...        0 min,  0.005 sec
     gradient                   ...        0 min,  0.009 sec
 * total energy  :   -31.8027263 Eh     change       -0.4921345E-04 Eh
   gradient norm :     0.0059209 Eh/α   predicted    -0.4861982E-04 (  -1.21%)
   displ. norm   :     0.0205036 α      lambda       -0.4044404E-04
   maximum displ.:     0.0127591 α      in ANC's #2, #4, #24, ...

........................................................................
.............................. CYCLE   10 ..............................
........................................................................
   1    -32.1356209 -0.321356E+02  0.381E-02    1.77       0.0  T
   2    -32.1356218 -0.803325E-06  0.226E-02    1.77       1.2  T
   3    -32.1356201  0.168265E-05  0.189E-02    1.77       1.4  T
   4    -32.1356236 -0.351214E-05  0.390E-03    1.77       6.9  T
   5    -32.1356236 -0.248772E-07  0.152E-03    1.77      17.6  T
   6    -32.1356236 -0.676460E-08  0.823E-04    1.77      32.5  T
     SCC iter.                  ...        0 min,  0.005 sec
     gradient                   ...        0 min,  0.009 sec
 * total energy  :   -31.8027525 Eh     change       -0.2621303E-04 Eh
   gradient norm :     0.0020306 Eh/α   predicted    -0.2022990E-04 ( -22.83%)
   displ. norm   :     0.0414048 α      lambda       -0.1461551E-04
   maximum displ.:     0.0287903 α      in ANC's #2, #3, #6, ...

........................................................................
.............................. CYCLE   11 ..............................
........................................................................
   1    -32.1355288 -0.321355E+02  0.699E-02    1.77       0.0  T
   2    -32.1355295 -0.671363E-06  0.404E-02    1.77       1.0  T
   3    -32.1355243  0.523656E-05  0.219E-02    1.77       1.2  T
   4    -32.1355303 -0.603742E-05  0.292E-03    1.77       9.1  T
   5    -32.1355303 -0.699327E-08  0.161E-03    1.77      16.6  T
   6    -32.1355303 -0.173760E-07  0.688E-04    1.77      38.8  T
   7    -32.1355303 -0.149063E-08  0.299E-04    1.77      89.3  T
     SCC iter.                  ...        0 min,  0.005 sec
     gradient                   ...        0 min,  0.009 sec
 * total energy  :   -31.8027606 Eh     change       -0.8140549E-05 Eh
   gradient norm :     0.0009782 Eh/α   predicted    -0.7319763E-05 ( -10.08%)
   displ. norm   :     0.0193961 α      lambda       -0.2593188E-05
   maximum displ.:     0.0121007 α      in ANC's #3, #1, #2, ...

........................................................................
.............................. CYCLE   12 ..............................
........................................................................
   1    -32.1356528 -0.321357E+02  0.341E-02    1.77       0.0  T
   2    -32.1356534 -0.602076E-06  0.194E-02    1.77       1.4  T
   3    -32.1356529  0.517032E-06  0.987E-03    1.77       2.7  T
   4    -32.1356535 -0.654163E-06  0.384E-03    1.77       7.0  T
   5    -32.1356537 -0.149107E-06  0.125E-03    1.77      21.4  T
   6    -32.1356537 -0.318660E-08  0.550E-04    1.77      48.6  T
   7    -32.1356537 -0.210857E-08  0.239E-04    1.77     112.0  T
     SCC iter.                  ...        0 min,  0.005 sec
     gradient                   ...        0 min,  0.009 sec
 * total energy  :   -31.8027618 Eh     change       -0.1183142E-05 Eh
   gradient norm :     0.0010355 Eh/α   predicted    -0.1298323E-05 (   9.74%)
   displ. norm   :     0.0051631 α      lambda       -0.1171687E-05
   maximum displ.:     0.0035012 α      in ANC's #6, #5, #7, ...

........................................................................
.............................. CYCLE   13 ..............................
........................................................................
   1    -32.1357003 -0.321357E+02  0.160E-02    1.77       0.0  T
   2    -32.1357004 -0.144237E-06  0.789E-03    1.77       3.4  T
   3    -32.1357003  0.133199E-06  0.460E-03    1.77       5.8  T
   4    -32.1357005 -0.184577E-06  0.176E-03    1.77      15.2  T
   5    -32.1357005 -0.266891E-07  0.777E-04    1.77      34.4  T
   6    -32.1357005 -0.122597E-08  0.204E-04    1.77     130.8  T
     SCC iter.                  ...        0 min,  0.005 sec
     gradient                   ...        0 min,  0.009 sec
 * total energy  :   -31.8027624 Eh     change       -0.6257606E-06 Eh
   gradient norm :     0.0003231 Eh/α   predicted    -0.5847640E-06 (  -6.55%)
   displ. norm   :     0.0036996 α      lambda       -0.2820331E-06
   maximum displ.:     0.0030033 α      in ANC's #1, #2, #15, ...

   *** GEOMETRY OPTIMIZATION CONVERGED AFTER 13 ITERATIONS ***

------------------------------------------------------------------------
 total energy gain   :        -0.0120896 Eh       -7.5863 kcal/mol
 total RMSD          :         0.2497965 a0        0.1322 Å
 total power (kW/mol):        -2.4416240 (step)  -82.0958 (real)
------------------------------------------------------------------------

 ANCopt (total)                0 d,  0 h,  0 min,  0.387 sec
 optimizer setup                ...        0 min,  0.000 sec (  0.034%)
 model hessian                  ...        0 min,  0.001 sec (  0.264%)
 ANC generation                 ...        0 min,  0.000 sec (  0.091%)
 coordinate transformation      ...        0 min,  0.000 sec (  0.040%)
 single point calculation       ...        0 min,  0.381 sec ( 98.598%)
 optimization log               ...        0 min,  0.001 sec (  0.217%)
 hessian update                 ...        0 min,  0.000 sec (  0.062%)
 rational function              ...        0 min,  0.002 sec (  0.486%)

================
 final structure:
================
$coord
   -2.58927199729672   -2.30721026739333    0.21565485111239      C 
   -4.66157804972838    0.19004932990269   -0.04789669036770      S 
   -2.28115581142120    2.36402983714297   -0.25130916984384      C 
    0.04660264159198    1.22824320003688   -0.12172605657226      C 
   -0.16359593707211   -1.47125303700525    0.14825225811977      C 
    2.77137414571084   -2.94835650900680    0.31566576361445      S 
    4.19796751938288    0.02458464830933    0.02527432521336      C 
    6.86299334614424    0.08295462906762    0.03263558618461      N 
    7.88339477920882    2.12875131088977   -0.16836284840085      O 
    7.93983948873371   -1.93472710409539    0.24037953501059      O 
    2.60039946025041    2.03098753460213   -0.18663556449213      C 
   -3.29007110738528   -4.19518033050397    0.40020051323866      H 
   -2.71269680363450    4.33095510040913   -0.45154268783573      H 
    3.22964379347816    3.95213356878152   -0.37633647688437      H 
$end
           -------------------------------------------------
          |                Final Singlepoint                |
           -------------------------------------------------

          ...................................................
          :                      SETUP                      :
          :.................................................:
          :  # basis functions                  59          :
          :  # atomic orbitals                  57          :
          :  # shells                           27          :
          :  # electrons                        56          :
          :  max. iterations                   250          :
          :  Hamiltonian                  GFN2-xTB          :
          :  restarted?                      false          :
          :  GBSA solvation                  false          :
          :  PC potential                    false          :
          :  electronic temp.          300.0000000     K    :
          :  accuracy                    1.0000000          :
          :  -> integral cutoff          0.2500000E+02      :
          :  -> integral neglect         0.1000000E-07      :
          :  -> SCF convergence          0.1000000E-05 Eh   :
          :  -> wf. convergence          0.1000000E-03 e    :
          :  Broyden damping             0.4000000          :
          ...................................................

 iter      E             dE          RMSdq      gap      omega  full diag
   1    -32.1357005 -0.321357E+02  0.112E-04    1.77       0.0  T
   2    -32.1357005 -0.865441E-11  0.471E-05    1.77     567.0  T
   3    -32.1357005 -0.101608E-11  0.482E-05    1.77     554.4  T

   *** convergence criteria satisfied after 3 iterations ***

         #    Occupation            Energy/Eh            Energy/eV
      -------------------------------------------------------------
         1        2.0000           -0.7770522             -21.1447
       ...           ...                  ...                  ...
        22        2.0000           -0.4800671             -13.0633
        23        2.0000           -0.4741236             -12.9016
        24        2.0000           -0.4558744             -12.4050
        25        2.0000           -0.4556457             -12.3988
        26        2.0000           -0.4453883             -12.1196
        27        2.0000           -0.4291685             -11.6783
        28        2.0000           -0.3997704             -10.8783 (HOMO)
        29                         -0.3346238              -9.1056 (LUMO)
        30                         -0.2797074              -7.6112
        31                         -0.2446309              -6.6567
        32                         -0.2385925              -6.4924
        33                         -0.2293534              -6.2410
       ...                                ...                  ...
        57                          0.7138390              19.4245
      -------------------------------------------------------------
                  HL-Gap            0.0651466 Eh            1.7727 eV
             Fermi-level           -0.3671971 Eh           -9.9919 eV

 SCC (total)                   0 d,  0 h,  0 min,  0.019 sec
 SCC setup                      ...        0 min,  0.000 sec (  0.713%)
 Dispersion                     ...        0 min,  0.000 sec (  0.449%)
 integral evaluation            ...        0 min,  0.007 sec ( 33.890%)
 zeroth order Hamiltonian       ...        0 min,  0.000 sec (  0.543%)
 iterations                     ...        0 min,  0.003 sec ( 14.509%)
 molecular gradient             ...        0 min,  0.009 sec ( 48.310%)
 printout                       ...        0 min,  0.000 sec (  1.358%)

         :::::::::::::::::::::::::::::::::::::::::::::::::::::
         ::                     SUMMARY                     ::
         :::::::::::::::::::::::::::::::::::::::::::::::::::::
         :: total energy             -31.802762440985 Eh    ::
         :: gradient norm              0.000321933097 Eh/a0 ::
         :: HOMO-LUMO gap              1.772730067398 eV    ::
         ::.................................................::
         :: SCC energy               -32.135700501970 Eh    ::
         :: -> isotropic ES            0.050956083442 Eh    ::
         :: -> anisotropic ES          0.009796774582 Eh    ::
         :: -> anisotropic XC          0.001973062938 Eh    ::
         :: -> dispersion             -0.016454671068 Eh    ::
         :: repulsion energy           0.332941608800 Eh    ::
         :: add. restraining           0.000000000000 Eh    ::
         :::::::::::::::::::::::::::::::::::::::::::::::::::::

           -------------------------------------------------
          |                Property Printout                |
           -------------------------------------------------

    * Orbital Energies and Occupations

         #    Occupation            Energy/Eh            Energy/eV
      -------------------------------------------------------------
         1        2.0000           -0.7770522             -21.1447
       ...           ...                  ...                  ...
        16        2.0000           -0.5388901             -14.6639
        17        2.0000           -0.5192018             -14.1282
        18        2.0000           -0.5090717             -13.8525
        19        2.0000           -0.5008977             -13.6301
        20        2.0000           -0.4963646             -13.5068
        21        2.0000           -0.4886924             -13.2980
        22        2.0000           -0.4800671             -13.0633
        23        2.0000           -0.4741236             -12.9016
        24        2.0000           -0.4558744             -12.4050
        25        2.0000           -0.4556457             -12.3988
        26        2.0000           -0.4453883             -12.1196
        27        2.0000           -0.4291685             -11.6783
        28        2.0000           -0.3997704             -10.8783 (HOMO)
        29                         -0.3346238              -9.1056 (LUMO)
        30                         -0.2797074              -7.6112
        31                         -0.2446309              -6.6567
        32                         -0.2385925              -6.4924
        33                         -0.2293534              -6.2410
        34                         -0.1804324              -4.9098
        35                         -0.1589764              -4.3260
        36                         -0.1381994              -3.7606
        37                         -0.0515268              -1.4021
        38                         -0.0257865              -0.7017
        39                         -0.0077203              -0.2101
       ...                                ...                  ...
        57                          0.7138390              19.4245
      -------------------------------------------------------------
                  HL-Gap            0.0651466 Eh            1.7727 eV
             Fermi-level           -0.3671971 Eh           -9.9919 eV

     #   Z        covCN         q      C6AA      α(0)
     1   6 C      2.933    -0.042    29.037     8.837
     2  16 S      2.344     0.066   138.400    19.800
     3   6 C      2.927    -0.032    28.789     8.799
     4   6 C      3.321    -0.004    25.934     8.104
     5   6 C      3.214     0.018    26.951     8.448
     6  16 S      2.183     0.018   140.305    19.936
     7   6 C      2.951     0.014    27.700     8.632
     8   7 N      2.789     0.542    13.562     5.470
     9   8 O      0.932    -0.389    21.429     6.208
    10   8 O      0.935    -0.379    21.233     6.180
    11   6 C      3.008    -0.030    28.731     8.793
    12   1 H      0.927     0.066     2.133     2.284
    13   1 H      0.927     0.067     2.116     2.275
    14   1 H      0.926     0.084     1.937     2.177

 Mol. C6AA /au·bohr⁶  :       5225.448588
 Mol. C8AA /au·bohr⁸  :     166638.910157
 Mol. α(0) /au        :        115.942453


Wiberg/Mayer (AO) data.
largest (>0.10) Wiberg bond orders for each atom
          total WBO             WBO to atom ...
     1  C   3.944        C    5 1.567    S    2 1.194    H   12 0.968    C    3 0.128
     2  S   2.703        C    3 1.257    C    1 1.194
     3  C   3.933        C    4 1.468    S    2 1.257    H   13 0.967    C    1 0.128
     4  C   3.984        C    3 1.468    C   11 1.209    C    5 1.153
     5  C   3.959        C    1 1.567    C    4 1.153    S    6 1.091
     6  S   2.555        C    7 1.097    C    5 1.091    C   11 0.128
     7  C   3.936        C   11 1.560    S    6 1.097    N    8 1.021
     8  N   3.912        O   10 1.428    O    9 1.425    C    7 1.021
     9  O   1.907        N    8 1.425    O   10 0.349
    10  O   1.926        N    8 1.428    O    9 0.349
    11  C   3.986        C    7 1.560    C    4 1.209    H   14 0.955    S    6 0.128
    12  H   0.995        C    1 0.968
    13  H   0.995        C    3 0.967
    14  H   0.993        C   11 0.955

molecular dipole:
                 x           y           z       tot (Debye)
 q only:       -2.581       0.186      -0.033
   full:       -2.412       0.323      -0.045       6.186
molecular quadrupole (traceless):
                xx          xy          yy          xz          yz          zz
 q only:      -19.409       0.529       9.873      -0.211      -0.030       9.536
  q+dip:      -21.959       1.810      10.883      -0.361       0.033      11.076
   full:      -22.940       1.932      10.438      -0.388       0.224      12.502

           -------------------------------------------------
          |                Geometry Summary                 |
           -------------------------------------------------

      molecular mass/u    :      185.2152000
   center of mass at/Å    :        0.8789749      -0.1645452       0.0220431
  moments of inertia/u·Å² :        0.1894209E+03   0.9974138E+03   0.1186834E+04
rotational constants/cm⁻¹ :        0.8899564E-01   0.1690134E-01   0.1420386E-01

 * 15 selected distances

     #   Z        #   Z                                     value/Å
     1   6 C      2  16 S                                 1.7228940
     2  16 S      3   6 C                                 1.7093308
     3   6 C      4   6 C                                 1.3723213
     1   6 C      5   6 C                                 1.3581695
     4   6 C      5   6 C                                 1.4399410
     5   6 C      6  16 S                                 1.7409780
     6  16 S      7   6 C                                 1.7517186 (max)
     7   6 C      8   7 N                                 1.4106147
     8   7 N      9   8 O                                 1.2144478
     8   7 N     10   8 O                                 1.2152420
     4   6 C     11   6 C                                 1.4170187
     7   6 C     11   6 C                                 1.3618253
     1   6 C     12   1 H                                 1.0701434 (min)
     3   6 C     13   1 H                                 1.0708639
    11   6 C     14   1 H                                 1.0744692

 * 5 distinct bonds (by element types)

   Z      Z             #   av. dist./Å        max./Å        min./Å
   1 H    6 C           3     1.0718255     1.0744692     1.0701434
   6 C    6 C           5     1.3898552     1.4399410     1.3581695
   6 C    7 N           1     1.4106147     1.4106147     1.4106147
   7 N    8 O           2     1.2148449     1.2152420     1.2144478
   6 C   16 S           4     1.7312304     1.7517186     1.7093308


optimized geometry written to: xtbopt.xyz


           -------------------------------------------------
          | TOTAL ENERGY              -31.802762440985 Eh   |
          | GRADIENT NORM               0.000321933097 Eh/α |
          | HOMO-LUMO GAP               1.772730067398 eV   |
           -------------------------------------------------

------------------------------------------------------------------------
 * finished run on 2021/05/19 at 11:01:07.074     
------------------------------------------------------------------------
 total:
 * wall-time:     0 d,  0 h,  0 min,  0.465 sec
 *  cpu-time:     0 d,  0 h,  0 min,  0.348 sec
 * ratio c/w:     0.749 speedup
 SCF:
 * wall-time:     0 d,  0 h,  0 min,  0.028 sec
 *  cpu-time:     0 d,  0 h,  0 min,  0.028 sec
 * ratio c/w:     1.000 speedup
 ANC optimizer:
 * wall-time:     0 d,  0 h,  0 min,  0.406 sec
 *  cpu-time:     0 d,  0 h,  0 min,  0.302 sec
 * ratio c/w:     0.744 speedup

