      -----------------------------------------------------------      
     |                   =====================                   |     
     |                           x T B                           |     
     |                   =====================                   |     
     |                         S. Grimme                         |     
     |          Mulliken Center for Theoretical Chemistry        |     
     |                    University of Bonn                     |     
     |                Version 6.2 RC2 (SAW190805)                |     
      -----------------------------------------------------------      

   This program is distributed in the hope that it will be useful,
   but WITHOUT ANY WARRANTY; without even the implied warranty of
   MERCHANTABILITY or FITNESS FOR A PARTICULAR PURPOSE.
   
   FOR NON-COMMERCIAL, ACADEMIA USE ONLY.
   
   Cite this work as:
   * S. Grimme, C. Bannwarth, P. Shushkov, J. Chem. Theory Comput., 2017,
     13, 1989-2009. DOI: 10.1021/acs.jctc.7b00118
   * C. Bannwarth, S. Ehlert and S. Grimme., J. Chem. Theory Comput., 2019,
     15, 1652-1671. DOI: 10.1021/acs.jctc.8b01176
   * P. Pracht, E. Caldeweyher, S. Ehlert, S. Grimme, ChemRxiv, 2019, preprint.
     DOI: 10.26434/chemrxiv.8326202.v1
   
   for DFT-D4:
   * E. Caldeweyher, C. Bannwarth and S. Grimme, J. Chem. Phys., 2017,
     147, 034112. DOI: 10.1063/1.4993215
   * E. Caldeweyher, S. Ehlert, A. Hansen, H. Neugebauer, S. Spicher,
     C. Bannwarth and S. Grimme, J. Chem. Phys., 2019, 150, 154122.
     DOI: 10.1063/1.5090222
   
   for sTDA-xTB:
   * S. Grimme and C. Bannwarth, J. Chem. Phys., 2016, 145, 054103.
     DOI: 10.1063/1.4959605
   
   in the mass-spec context:
   * V. Asgeirsson, C. Bauer and S. Grimme, Chem. Sci., 2017, 8, 4879.
     DOI: 10.1039/c7sc00601b
   
   for metadynamics refer to:
   * S. Grimme, J. Chem. Theory Comput., 2019, 155, 2847-2862
     DOI: 10.1021/acs.jctc.9b00143
   
   with help from (in alphabetical order)
   C. Bannwarth, F. Bohle, G. Brandenburg, E. Caldeweyher, M. Checinski,
   S. Dohm, S. Ehlert, S. Ehrlich, F. März, H. Neugebauer, J. Pisarek,
   P. Pracht, P. Shushkov, and S. Spicher.
   
 * started run on 2021/05/19 at 11:01:21.146     

           -------------------------------------------------
          |                Calculation Setup                |
           -------------------------------------------------

          program call               : /ihome/ghutchison/geoffh/xtb/xtb 994.xyz -opt
          hostname                   : smp-n122
          coordinate file            : 994.xyz
          omp threads                :                     1
          number of atoms            :                    13
          number of electrons        :                    36
          charge                     :                     0
          spin                       :                   0.0
          first test random number   :      0.00245121270807


########################################################################
# WARNING! Please study the warnings concerning your input carefully
#  - the use of '-opt' is discouraged, please use '--opt' next time
########################################################################

           ------------------------------------------------- 
          |                 G F N 2 - x T B                 |
          | Geometry, Frequencies, Noncovalent interactions |
          |            JCTC 2019 parametrisation            |
           ------------------------------------------------- 
             KAB for C  - Si     :                1.0500
             KAB for H  - Pd     :                0.9500
             k(s)              :                1.8500
             k(p)              :                2.2300
             k(d)              :                2.2300
             k(f)              :                2.0000
             kEN (H0ij)        :               -2.0000
             D4 a1             :                0.5200
             D4 a2             :                5.0000
             D4 s6             :                1.0000
             D4 s8             :                2.7000
             D4 s9             :                5.0000
             alphaj            :                2.0000

  Z AO/shell   Hii/eV     exponent
  1     Wed Apr 25 08:07:45 CEST 2018   EN: 2.200 GM2: 0.406  GM3: 0.0800  RAES: 1.40
     1s    -10.707211    1.230000
  6     Wed Apr 25 08:07:45 CEST 2018   EN: 2.550 GM2: 0.538  GM3: 0.1500  RAES: 3.00
     2s    -13.970922    2.096432
     2p    -10.063292    1.800000
 16     Tue Apr 24 11:44:34 CEST 2018   EN: 2.580 GM2: 0.340  GM3:-0.0502  RAES: 3.10
     3s    -20.029654    1.981333
     3p    -11.377694    2.025643
     3d     -0.420282    1.702555

           ------------------------------------------------- 
          |        Self-Consistent Charge Iterations        |
           ------------------------------------------------- 

          ...................................................
          :                      SETUP                      :
          :.................................................:
          :  # basis functions                  40          :
          :  # atomic orbitals                  39          :
          :  # shells                           21          :
          :  # electrons                        36          :
          :  max. iterations                   250          :
          :  Hamiltonian                  GFN2-xTB          :
          :  restarted?                      false          :
          :  GBSA solvation                  false          :
          :  PC potential                    false          :
          :  electronic temp.          300.0000000     K    :
          :  accuracy                    1.0000000          :
          :  -> integral cutoff          0.2500000E+02      :
          :  -> integral neglect         0.1000000E-07      :
          :  -> SCF convergence          0.1000000E-05 Eh   :
          :  -> wf. convergence          0.1000000E-03 e    :
          :  Broyden damping             0.4000000          :
          ...................................................

 iter      E             dE          RMSdq      gap      omega  full diag
   1    -19.3868627 -0.193869E+02  0.424E+00    3.36       0.0  T
   2    -19.3993112 -0.124485E-01  0.248E+00    3.32       1.0  T
   3    -19.3911266  0.818464E-02  0.114E+00    3.35       1.0  T
   4    -19.4014236 -0.102970E-01  0.421E-01    3.31       1.0  T
   5    -19.4024117 -0.988142E-03  0.105E-01    3.33       1.0  T
   6    -19.4024303 -0.186511E-04  0.548E-02    3.33       1.0  T
   7    -19.4024551 -0.247126E-04  0.192E-02    3.33       1.4  T
   8    -19.4024552 -0.165318E-06  0.107E-02    3.33       2.6  T
   9    -19.4024559 -0.630530E-06  0.453E-03    3.33       6.1  T
  10    -19.4024560 -0.124737E-06  0.162E-03    3.33      17.1  T
  11    -19.4024560 -0.884070E-08  0.505E-04    3.33      54.9  T
  12    -19.4024560 -0.109610E-08  0.247E-04    3.33     112.2  T

   *** convergence criteria satisfied after 12 iterations ***

         #    Occupation            Energy/Eh            Energy/eV
      -------------------------------------------------------------
         1        2.0000           -0.7310082             -19.8917
       ...           ...                  ...                  ...
        12        2.0000           -0.4718304             -12.8392
        13        2.0000           -0.4581837             -12.4678
        14        2.0000           -0.4507279             -12.2649
        15        2.0000           -0.4338084             -11.8045
        16        2.0000           -0.4312546             -11.7350
        17        2.0000           -0.3935224             -10.7083
        18        2.0000           -0.3779356             -10.2842 (HOMO)
        19                         -0.2555617              -6.9542 (LUMO)
        20                         -0.2230651              -6.0699
        21                         -0.1971338              -5.3643
        22                         -0.1274479              -3.4680
        23                         -0.1129366              -3.0732
       ...                                ...                  ...
        39                          0.6938126              18.8796
      -------------------------------------------------------------
                  HL-Gap            0.1223739 Eh            3.3300 eV
             Fermi-level           -0.3167487 Eh           -8.6192 eV

 SCC (total)                   0 d,  0 h,  0 min,  0.015 sec
 SCC setup                      ...        0 min,  0.000 sec (  1.270%)
 Dispersion                     ...        0 min,  0.000 sec (  0.895%)
 integral evaluation            ...        0 min,  0.003 sec ( 21.269%)
 zeroth order Hamiltonian       ...        0 min,  0.000 sec (  0.512%)
 iterations                     ...        0 min,  0.007 sec ( 42.737%)
 molecular gradient             ...        0 min,  0.005 sec ( 31.426%)
 printout                       ...        0 min,  0.000 sec (  1.589%)

         :::::::::::::::::::::::::::::::::::::::::::::::::::::
         ::                     SUMMARY                     ::
         :::::::::::::::::::::::::::::::::::::::::::::::::::::
         :: total energy             -19.096585490758 Eh    ::
         :: gradient norm              0.044651507377 Eh/a0 ::
         :: HOMO-LUMO gap              3.329963737983 eV    ::
         ::.................................................::
         :: SCC energy               -19.402455992803 Eh    ::
         :: -> isotropic ES            0.001332337020 Eh    ::
         :: -> anisotropic ES          0.002321865286 Eh    ::
         :: -> anisotropic XC          0.012791585696 Eh    ::
         :: -> dispersion             -0.010456773073 Eh    ::
         :: repulsion energy           0.305860452203 Eh    ::
         :: add. restraining           0.000000000000 Eh    ::
         :::::::::::::::::::::::::::::::::::::::::::::::::::::

      ----------------------------------------------------------- 
     |                   =====================                   |
     |                        A N C O P T                        |
     |                   =====================                   |
     |               Approximate Normal Coordinate               |
     |                Rational Function Optimizer                |
      ----------------------------------------------------------- 

          ...................................................
          :                      SETUP                      :
          :.................................................:
          :   optimization level            normal          :
          :   max. optcycles                   200          :
          :   ANC micro-cycles                  20          :
          :   degrees of freedom                33          :
          :.................................................:
          :   RF solver                   davidson          :
          :   input Hessian                  false          :
          :   write xtbopt.log                true          :
          :   linear?                        false          :
          :   energy convergence         0.5000000E-05 Eh   :
          :   grad. convergence          0.1000000E-02 Eh/α :
          :   maximium RF displ.         2.0000000          :
          :   Hlow (freq-cutoff)         0.5000000E-02      :
          :   Hmax (freq-cutoff)         5.0000000          :
          :   S6 in model hess.         20.0000000          :
          ...................................................

generating ANC from model Hessian ...
Using Lindh-Hessian (1995)
 Shifting diagonal of input Hessian by   3.969247101526440E-004
 Lowest  eigenvalues of input Hessian
   -0.000000   -0.000000   -0.000000   -0.000000    0.000000    0.000000
    0.005000    0.006892    0.010752    0.015679    0.019529    0.032489
    0.044250    0.048280    0.066818    0.074432    0.095232    0.100748
 Highest eigenvalues
    1.425563    1.509064    1.672606    1.737461    1.836124    2.023839
 

........................................................................
.............................. CYCLE    1 ..............................
........................................................................
   1    -19.4024560 -0.194025E+02  0.612E-05    3.33       0.0  T
   2    -19.4024560 -0.822808E-11  0.309E-05    3.33     896.5  T
   3    -19.4024560 -0.497380E-11  0.187E-05    3.33    1484.1  T
     SCC iter.                  ...        0 min,  0.002 sec
     gradient                   ...        0 min,  0.005 sec
 * total energy  :   -19.0965855 Eh     change       -0.4915879E-08 Eh
   gradient norm :     0.0446512 Eh/α   predicted     0.0000000E+00 (-100.00%)
   displ. norm   :     0.1238055 α      lambda       -0.2234363E-02
   maximum displ.:     0.0696616 α      in ANC's #3, #1, #16, ...

........................................................................
.............................. CYCLE    2 ..............................
........................................................................
   1    -19.4178426 -0.194178E+02  0.167E-01    3.39       0.0  T
   2    -19.4178552 -0.125982E-04  0.797E-02    3.39       1.0  T
   3    -19.4178453  0.994680E-05  0.392E-02    3.39       1.0  T
   4    -19.4178590 -0.137020E-04  0.179E-02    3.39       1.5  T
   5    -19.4178604 -0.142694E-05  0.758E-03    3.39       3.7  T
   6    -19.4178606 -0.144174E-06  0.261E-03    3.39      10.6  T
   7    -19.4178606 -0.600197E-07  0.938E-04    3.39      29.6  T
     SCC iter.                  ...        0 min,  0.003 sec
     gradient                   ...        0 min,  0.005 sec
 * total energy  :   -19.0980301 Eh     change       -0.1444615E-02 Eh
   gradient norm :     0.0166936 Eh/α   predicted    -0.1134304E-02 ( -21.48%)
   displ. norm   :     0.0838774 α      lambda       -0.4028650E-03
   maximum displ.:     0.0581358 α      in ANC's #3, #1, #2, ...

........................................................................
.............................. CYCLE    3 ..............................
........................................................................
   1    -19.4221179 -0.194221E+02  0.110E-01    3.42       0.0  T
   2    -19.4221238 -0.586279E-05  0.540E-02    3.42       1.0  T
   3    -19.4221195  0.427105E-05  0.282E-02    3.42       1.0  T
   4    -19.4221259 -0.636439E-05  0.112E-02    3.42       2.5  T
   5    -19.4221263 -0.445847E-06  0.487E-03    3.42       5.7  T
   6    -19.4221264 -0.673606E-07  0.205E-03    3.42      13.5  T
   7    -19.4221264 -0.352178E-07  0.749E-04    3.42      37.0  T
     SCC iter.                  ...        0 min,  0.003 sec
     gradient                   ...        0 min,  0.005 sec
 * total energy  :   -19.0982679 Eh     change       -0.2377828E-03 Eh
   gradient norm :     0.0042514 Eh/α   predicted    -0.2028518E-03 ( -14.69%)
   displ. norm   :     0.0641459 α      lambda       -0.7338337E-04
   maximum displ.:     0.0518897 α      in ANC's #1, #3, #11, ...

........................................................................
.............................. CYCLE    4 ..............................
........................................................................
   1    -19.4215460 -0.194215E+02  0.586E-02    3.42       0.0  T
   2    -19.4215468 -0.880151E-06  0.322E-02    3.42       1.0  T
   3    -19.4215454  0.145037E-05  0.152E-02    3.42       1.8  T
   4    -19.4215472 -0.178944E-05  0.462E-03    3.42       6.0  T
   5    -19.4215473 -0.886534E-07  0.164E-03    3.42      16.9  T
   6    -19.4215473 -0.487439E-08  0.832E-04    3.42      33.3  T
     SCC iter.                  ...        0 min,  0.003 sec
     gradient                   ...        0 min,  0.005 sec
 * total energy  :   -19.0983124 Eh     change       -0.4450640E-04 Eh
   gradient norm :     0.0019169 Eh/α   predicted    -0.3684375E-04 ( -17.22%)
   displ. norm   :     0.0768362 α      lambda       -0.3340140E-04
   maximum displ.:     0.0654287 α      in ANC's #1, #7, #2, ...

........................................................................
.............................. CYCLE    5 ..............................
........................................................................
   1    -19.4200227 -0.194200E+02  0.977E-02    3.42       0.0  T
   2    -19.4200242 -0.153102E-05  0.513E-02    3.42       1.0  T
   3    -19.4200232  0.105014E-05  0.147E-02    3.42       1.9  T
   4    -19.4200245 -0.129808E-05  0.729E-03    3.42       3.8  T
   5    -19.4200247 -0.213592E-06  0.175E-03    3.42      15.8  T
   6    -19.4200247 -0.553495E-08  0.649E-04    3.42      42.7  T
   7    -19.4200247 -0.314620E-08  0.313E-04    3.42      88.5  T
     SCC iter.                  ...        0 min,  0.003 sec
     gradient                   ...        0 min,  0.005 sec
 * total energy  :   -19.0983205 Eh     change       -0.8097334E-05 Eh
   gradient norm :     0.0027621 Eh/α   predicted    -0.1674644E-04 ( 106.81%)
   displ. norm   :     0.0238341 α      lambda       -0.2432776E-04
   maximum displ.:     0.0188480 α      in ANC's #1, #4, #7, ...

........................................................................
.............................. CYCLE    6 ..............................
........................................................................
   1    -19.4200417 -0.194200E+02  0.246E-02    3.42       0.0  T
   2    -19.4200417 -0.501445E-07  0.139E-02    3.42       2.0  T
   3    -19.4200415  0.250815E-06  0.517E-03    3.42       5.4  T
   4    -19.4200417 -0.285478E-06  0.147E-03    3.42      18.8  T
   5    -19.4200417 -0.158303E-08  0.731E-04    3.42      37.9  T
   6    -19.4200417 -0.492297E-08  0.152E-04    3.42     182.8  T
     SCC iter.                  ...        0 min,  0.003 sec
     gradient                   ...        0 min,  0.005 sec
 * total energy  :   -19.0983382 Eh     change       -0.1767069E-04 Eh
   gradient norm :     0.0017252 Eh/α   predicted    -0.1216958E-04 ( -31.13%)
   displ. norm   :     0.0505874 α      lambda       -0.1907833E-04
   maximum displ.:     0.0396100 α      in ANC's #1, #3, #7, ...

........................................................................
.............................. CYCLE    7 ..............................
........................................................................
   1    -19.4208462 -0.194208E+02  0.445E-02    3.41       0.0  T
   2    -19.4208464 -0.218714E-06  0.261E-02    3.41       1.1  T
   3    -19.4208452  0.121775E-05  0.114E-02    3.41       2.4  T
   4    -19.4208466 -0.139591E-05  0.213E-03    3.41      13.0  T
   5    -19.4208466 -0.895226E-08  0.116E-03    3.41      24.0  T
   6    -19.4208466 -0.841739E-08  0.435E-04    3.41      63.7  T
   7    -19.4208466 -0.107661E-08  0.219E-04    3.41     126.6  T
     SCC iter.                  ...        0 min,  0.003 sec
     gradient                   ...        0 min,  0.005 sec
 * total energy  :   -19.0983510 Eh     change       -0.1287192E-04 Eh
   gradient norm :     0.0010817 Eh/α   predicted    -0.9551500E-05 ( -25.80%)
   displ. norm   :     0.0339136 α      lambda       -0.7599585E-05
   maximum displ.:     0.0305180 α      in ANC's #1, #4, #5, ...

........................................................................
.............................. CYCLE    8 ..............................
........................................................................
   1    -19.4208969 -0.194209E+02  0.543E-02    3.41       0.0  T
   2    -19.4208973 -0.428948E-06  0.271E-02    3.41       1.0  T
   3    -19.4208974 -0.883168E-07  0.462E-03    3.41       6.0  T
   4    -19.4208974  0.403727E-07  0.237E-03    3.41      11.7  T
   5    -19.4208974 -0.520236E-07  0.342E-04    3.41      81.2  T
   6    -19.4208974 -0.815149E-09  0.162E-04    3.41     171.7  T
     SCC iter.                  ...        0 min,  0.003 sec
     gradient                   ...        0 min,  0.005 sec
 * total energy  :   -19.0983597 Eh     change       -0.8663685E-05 Eh
   gradient norm :     0.0009495 Eh/α   predicted    -0.3799789E-05 ( -56.14%)
   displ. norm   :     0.0482391 α      lambda       -0.9616854E-05
   maximum displ.:     0.0457536 α      in ANC's #1, #2, #7, ...

........................................................................
.............................. CYCLE    9 ..............................
........................................................................
   1    -19.4207197 -0.194207E+02  0.523E-02    3.41       0.0  T
   2    -19.4207199 -0.193453E-06  0.289E-02    3.41       1.0  T
   3    -19.4207197  0.155215E-06  0.586E-03    3.41       4.7  T
   4    -19.4207199 -0.181993E-06  0.310E-03    3.41       9.0  T
   5    -19.4207199 -0.446337E-07  0.456E-04    3.41      60.8  T
   6    -19.4207199 -0.186772E-08  0.166E-04    3.41     166.8  T
     SCC iter.                  ...        0 min,  0.003 sec
     gradient                   ...        0 min,  0.005 sec
 * total energy  :   -19.0983702 Eh     change       -0.1048607E-04 Eh
   gradient norm :     0.0006373 Eh/α   predicted    -0.4812158E-05 ( -54.11%)
   displ. norm   :     0.0456275 α      lambda       -0.5993477E-05
   maximum displ.:     0.0450201 α      in ANC's #1, #7, #6, ...

........................................................................
.............................. CYCLE   10 ..............................
........................................................................
   1    -19.4206577 -0.194207E+02  0.556E-02    3.41       0.0  T
   2    -19.4206581 -0.343348E-06  0.292E-02    3.41       1.0  T
   3    -19.4206581 -0.427849E-07  0.507E-03    3.41       5.5  T
   4    -19.4206581  0.524477E-07  0.306E-03    3.41       9.1  T
   5    -19.4206582 -0.962206E-07  0.286E-04    3.41      97.1  T
   6    -19.4206582 -0.361172E-09  0.158E-04    3.41     175.8  T
     SCC iter.                  ...        0 min,  0.003 sec
     gradient                   ...        0 min,  0.005 sec
 * total energy  :   -19.0983780 Eh     change       -0.7777094E-05 Eh
   gradient norm :     0.0005625 Eh/α   predicted    -0.2998870E-05 ( -61.44%)
   displ. norm   :     0.0361929 α      lambda       -0.4647337E-05
   maximum displ.:     0.0351711 α      in ANC's #1, #4, #6, ...

........................................................................
.............................. CYCLE   11 ..............................
........................................................................
   1    -19.4207358 -0.194207E+02  0.360E-02    3.41       0.0  T
   2    -19.4207359 -0.723880E-07  0.202E-02    3.41       1.4  T
   3    -19.4207359  0.185291E-07  0.302E-03    3.41       9.2  T
   4    -19.4207359 -0.150752E-07  0.183E-03    3.41      15.2  T
   5    -19.4207359 -0.249501E-07  0.211E-04    3.41     131.2  T
   6    -19.4207359 -0.225587E-09  0.795E-05    3.41     348.7  T
     SCC iter.                  ...        0 min,  0.003 sec
     gradient                   ...        0 min,  0.005 sec
 * total energy  :   -19.0983839 Eh     change       -0.5969515E-05 Eh
   gradient norm :     0.0002937 Eh/α   predicted    -0.2325750E-05 ( -61.04%)
   displ. norm   :     0.0317655 α      lambda       -0.3226269E-05
   maximum displ.:     0.0312572 α      in ANC's #1, #3, #13, ...

........................................................................
.............................. CYCLE   12 ..............................
........................................................................
   1    -19.4208687 -0.194209E+02  0.373E-02    3.41       0.0  T
   2    -19.4208689 -0.136505E-06  0.199E-02    3.41       1.4  T
   3    -19.4208689 -0.198596E-07  0.330E-03    3.41       8.4  T
   4    -19.4208688  0.259218E-07  0.207E-03    3.41      13.4  T
   5    -19.4208689 -0.407952E-07  0.154E-04    3.41     179.9  T
   6    -19.4208689 -0.294378E-10  0.995E-05    3.41     278.6  T
     SCC iter.                  ...        0 min,  0.003 sec
     gradient                   ...        0 min,  0.005 sec
 * total energy  :   -19.0983881 Eh     change       -0.4160147E-05 Eh
   gradient norm :     0.0002149 Eh/α   predicted    -0.1613340E-05 ( -61.22%)
   displ. norm   :     0.0288348 α      lambda       -0.2398511E-05
   maximum displ.:     0.0277734 α      in ANC's #1, #4, #6, ...

   *** GEOMETRY OPTIMIZATION CONVERGED AFTER 12 ITERATIONS ***

------------------------------------------------------------------------
 total energy gain   :        -0.0018026 Eh       -1.1312 kcal/mol
 total RMSD          :         0.1422641 a0        0.0753 Å
 total power (kW/mol):        -0.3943950 (step)  -34.7428 (real)
------------------------------------------------------------------------

 ANCopt (total)                0 d,  0 h,  0 min,  0.136 sec
 optimizer setup                ...        0 min,  0.000 sec (  0.083%)
 model hessian                  ...        0 min,  0.001 sec (  0.777%)
 ANC generation                 ...        0 min,  0.000 sec (  0.205%)
 coordinate transformation      ...        0 min,  0.000 sec (  0.095%)
 single point calculation       ...        0 min,  0.131 sec ( 96.451%)
 optimization log               ...        0 min,  0.001 sec (  0.538%)
 hessian update                 ...        0 min,  0.000 sec (  0.157%)
 rational function              ...        0 min,  0.002 sec (  1.160%)

================
 final structure:
================
$coord
    5.10604873542444   -0.46802435472479    2.21238138344956      C 
    4.42211683020837    0.05938902835237   -0.14351205868255      C 
    5.82777644265683   -0.60419921178176   -2.39893151392642      C 
    5.07530240790099    0.09713000649680   -4.77105252400397      C 
    7.08975704736769   -0.93186772720458   -7.08919056971578      S 
    8.99689815136747   -2.34852794387026   -4.86436843959218      C 
    8.11347530990510   -2.02828440016760   -2.48801849994578      C 
    3.96157599658427    0.09086216131536    3.79806420844217      H 
    6.82303571494496   -1.46595866527648    2.65285073745110      H 
    2.68038895315940    1.07562626027540   -0.49093479474393      H 
    3.43835795218790    1.17589096709454   -5.28368092274244      H 
   10.65989536407005   -3.33429381248215   -5.46927003490535      H 
    9.04051336016198   -2.78021520416006   -0.84582341666611      H 
$end
           -------------------------------------------------
          |                Final Singlepoint                |
           -------------------------------------------------

          ...................................................
          :                      SETUP                      :
          :.................................................:
          :  # basis functions                  40          :
          :  # atomic orbitals                  39          :
          :  # shells                           21          :
          :  # electrons                        36          :
          :  max. iterations                   250          :
          :  Hamiltonian                  GFN2-xTB          :
          :  restarted?                      false          :
          :  GBSA solvation                  false          :
          :  PC potential                    false          :
          :  electronic temp.          300.0000000     K    :
          :  accuracy                    1.0000000          :
          :  -> integral cutoff          0.2500000E+02      :
          :  -> integral neglect         0.1000000E-07      :
          :  -> SCF convergence          0.1000000E-05 Eh   :
          :  -> wf. convergence          0.1000000E-03 e    :
          :  Broyden damping             0.4000000          :
          ...................................................

 iter      E             dE          RMSdq      gap      omega  full diag
   1    -19.4208689 -0.194209E+02  0.542E-05    3.41       0.0  T
   2    -19.4208689  0.230926E-11  0.397E-05    3.41     699.2  T
   3    -19.4208689 -0.228653E-10  0.164E-05    3.41    1689.9  T

   *** convergence criteria satisfied after 3 iterations ***

         #    Occupation            Energy/Eh            Energy/eV
      -------------------------------------------------------------
         1        2.0000           -0.7300803             -19.8665
       ...           ...                  ...                  ...
        12        2.0000           -0.4712720             -12.8240
        13        2.0000           -0.4582790             -12.4704
        14        2.0000           -0.4523854             -12.3100
        15        2.0000           -0.4336728             -11.8008
        16        2.0000           -0.4310092             -11.7284
        17        2.0000           -0.3959702             -10.7749
        18        2.0000           -0.3792351             -10.3195 (HOMO)
        19                         -0.2538477              -6.9075 (LUMO)
        20                         -0.2187155              -5.9516
        21                         -0.1995533              -5.4301
        22                         -0.1254896              -3.4147
        23                         -0.1123294              -3.0566
       ...                                ...                  ...
        39                          0.7064477              19.2234
      -------------------------------------------------------------
                  HL-Gap            0.1253873 Eh            3.4120 eV
             Fermi-level           -0.3165414 Eh           -8.6135 eV

 SCC (total)                   0 d,  0 h,  0 min,  0.010 sec
 SCC setup                      ...        0 min,  0.000 sec (  1.171%)
 Dispersion                     ...        0 min,  0.000 sec (  0.650%)
 integral evaluation            ...        0 min,  0.003 sec ( 29.539%)
 zeroth order Hamiltonian       ...        0 min,  0.000 sec (  0.691%)
 iterations                     ...        0 min,  0.002 sec ( 17.952%)
 molecular gradient             ...        0 min,  0.005 sec ( 47.462%)
 printout                       ...        0 min,  0.000 sec (  2.115%)

         :::::::::::::::::::::::::::::::::::::::::::::::::::::
         ::                     SUMMARY                     ::
         :::::::::::::::::::::::::::::::::::::::::::::::::::::
         :: total energy             -19.098388097082 Eh    ::
         :: gradient norm              0.000214805940 Eh/a0 ::
         :: HOMO-LUMO gap              3.411963377231 eV    ::
         ::.................................................::
         :: SCC energy               -19.420868888871 Eh    ::
         :: -> isotropic ES            0.001349303774 Eh    ::
         :: -> anisotropic ES          0.002217494762 Eh    ::
         :: -> anisotropic XC          0.012408748539 Eh    ::
         :: -> dispersion             -0.010474444473 Eh    ::
         :: repulsion energy           0.322470977303 Eh    ::
         :: add. restraining           0.000000000000 Eh    ::
         :::::::::::::::::::::::::::::::::::::::::::::::::::::

           -------------------------------------------------
          |                Property Printout                |
           -------------------------------------------------

    * Orbital Energies and Occupations

         #    Occupation            Energy/Eh            Energy/eV
      -------------------------------------------------------------
         1        2.0000           -0.7300803             -19.8665
       ...           ...                  ...                  ...
         6        2.0000           -0.5674956             -15.4423
         7        2.0000           -0.5440076             -14.8032
         8        2.0000           -0.5260041             -14.3133
         9        2.0000           -0.4972200             -13.5300
        10        2.0000           -0.4875255             -13.2662
        11        2.0000           -0.4757359             -12.9454
        12        2.0000           -0.4712720             -12.8240
        13        2.0000           -0.4582790             -12.4704
        14        2.0000           -0.4523854             -12.3100
        15        2.0000           -0.4336728             -11.8008
        16        2.0000           -0.4310092             -11.7284
        17        2.0000           -0.3959702             -10.7749
        18        2.0000           -0.3792351             -10.3195 (HOMO)
        19                         -0.2538477              -6.9075 (LUMO)
        20                         -0.2187155              -5.9516
        21                         -0.1995533              -5.4301
        22                         -0.1254896              -3.4147
        23                         -0.1123294              -3.0566
        24                          0.0012905               0.0351
        25                          0.0317723               0.8646
        26                          0.0383941               1.0448
        27                          0.1116415               3.0379
        28                          0.1327309               3.6118
        29                          0.1488750               4.0511
       ...                                ...                  ...
        39                          0.7064477              19.2234
      -------------------------------------------------------------
                  HL-Gap            0.1253873 Eh            3.4120 eV
             Fermi-level           -0.3165414 Eh           -8.6135 eV

     #   Z        covCN         q      C6AA      α(0)
     1   6 C      2.839    -0.087    30.162     9.000
     2   6 C      2.892    -0.028    28.689     8.782
     3   6 C      3.153     0.001    27.708     8.609
     4   6 C      2.949    -0.026    28.657     8.780
     5  16 S      2.290    -0.026   142.141    20.066
     6   6 C      2.936    -0.021    28.533     8.760
     7   6 C      3.119    -0.047    28.975     8.816
     8   1 H      0.926     0.036     2.498     2.472
     9   1 H      0.926     0.041     2.440     2.443
    10   1 H      0.925     0.032     2.563     2.503
    11   1 H      0.926     0.042     2.424     2.435
    12   1 H      0.926     0.043     2.415     2.430
    13   1 H      0.926     0.040     2.446     2.446

 Mol. C6AA /au·bohr⁶  :       2862.604348
 Mol. C8AA /au·bohr⁸  :      83609.721760
 Mol. α(0) /au        :         87.541704


Wiberg/Mayer (AO) data.
largest (>0.10) Wiberg bond orders for each atom
          total WBO             WBO to atom ...
     1  C   3.992        C    2 1.892    H    8 0.978    H    9 0.974
     2  C   3.992        C    1 1.892    C    3 1.096    H   10 0.965
     3  C   3.987        C    4 1.545    C    7 1.215    C    2 1.096
     4  C   3.947        C    3 1.545    S    5 1.207    H   11 0.971    C    6 0.106
     5  S   2.643        C    4 1.207    C    6 1.179
     6  C   3.950        C    7 1.660    S    5 1.179    H   12 0.971    C    4 0.106
     7  C   3.988        C    6 1.660    C    3 1.215    H   13 0.962
     8  H   0.998        C    1 0.978
     9  H   0.998        C    1 0.974
    10  H   0.999        C    2 0.965
    11  H   0.998        C    4 0.971
    12  H   0.998        C    6 0.971
    13  H   0.998        C    7 0.962

molecular dipole:
                 x           y           z       tot (Debye)
 q only:        0.022      -0.023       0.082
   full:        0.019      -0.042       0.316       0.813
molecular quadrupole (traceless):
                xx          xy          yy          xz          yz          zz
 q only:        1.388      -1.631      -0.354       0.801      -0.146      -1.034
  q+dip:        3.757      -4.504      -0.579       3.489      -0.731      -3.179
   full:        3.734      -3.324       0.639       3.427      -0.448      -4.372

           -------------------------------------------------
          |                Geometry Summary                 |
           -------------------------------------------------

      molecular mass/u    :      110.1734000
   center of mass at/Å    :        3.4347329      -0.4741822      -1.8373983
  moments of inertia/u·Å² :        0.7470805E+02   0.3417027E+03   0.4163444E+03
rotational constants/cm⁻¹ :        0.2256468E+00   0.4933421E-01   0.4048964E-01

 * 12 selected distances

     #   Z        #   Z                                     value/Å
     1   6 C      2   6 C                                 1.3278197
     3   6 C      4   6 C                                 1.3682111
     4   6 C      5  16 S                                 1.7139649
     5  16 S      6   6 C                                 1.7223843 (max)
     3   6 C      7   6 C                                 1.4258725
     6   6 C      7   6 C                                 1.3522556
     1   6 C      8   1 H                                 1.0762693
     1   6 C      9   1 H                                 1.0764473
     2   6 C     10   1 H                                 1.0828183
     4   6 C     11   1 H                                 1.0722991
     6   6 C     12   1 H                                 1.0719204 (min)
     7   6 C     13   1 H                                 1.0743216

 * 3 distinct bonds (by element types)

   Z      Z             #   av. dist./Å        max./Å        min./Å
   1 H    6 C           6     1.0756793     1.0828183     1.0719204
   6 C    6 C           4     1.3685397     1.4258725     1.3278197
   6 C   16 S           2     1.7181746     1.7223843     1.7139649


optimized geometry written to: xtbopt.xyz


           -------------------------------------------------
          | TOTAL ENERGY              -19.098388097082 Eh   |
          | GRADIENT NORM               0.000214805940 Eh/α |
          | HOMO-LUMO GAP               3.411963377231 eV   |
           -------------------------------------------------

------------------------------------------------------------------------
 * finished run on 2021/05/19 at 11:01:21.335     
------------------------------------------------------------------------
 total:
 * wall-time:     0 d,  0 h,  0 min,  0.189 sec
 *  cpu-time:     0 d,  0 h,  0 min,  0.176 sec
 * ratio c/w:     0.931 speedup
 SCF:
 * wall-time:     0 d,  0 h,  0 min,  0.016 sec
 *  cpu-time:     0 d,  0 h,  0 min,  0.016 sec
 * ratio c/w:     1.000 speedup
 ANC optimizer:
 * wall-time:     0 d,  0 h,  0 min,  0.147 sec
 *  cpu-time:     0 d,  0 h,  0 min,  0.146 sec
 * ratio c/w:     0.999 speedup

