      -----------------------------------------------------------      
     |                   =====================                   |     
     |                           x T B                           |     
     |                   =====================                   |     
     |                         S. Grimme                         |     
     |          Mulliken Center for Theoretical Chemistry        |     
     |                    University of Bonn                     |     
     |                Version 6.2 RC2 (SAW190805)                |     
      -----------------------------------------------------------      

   This program is distributed in the hope that it will be useful,
   but WITHOUT ANY WARRANTY; without even the implied warranty of
   MERCHANTABILITY or FITNESS FOR A PARTICULAR PURPOSE.
   
   FOR NON-COMMERCIAL, ACADEMIA USE ONLY.
   
   Cite this work as:
   * S. Grimme, C. Bannwarth, P. Shushkov, J. Chem. Theory Comput., 2017,
     13, 1989-2009. DOI: 10.1021/acs.jctc.7b00118
   * C. Bannwarth, S. Ehlert and S. Grimme., J. Chem. Theory Comput., 2019,
     15, 1652-1671. DOI: 10.1021/acs.jctc.8b01176
   * P. Pracht, E. Caldeweyher, S. Ehlert, S. Grimme, ChemRxiv, 2019, preprint.
     DOI: 10.26434/chemrxiv.8326202.v1
   
   for DFT-D4:
   * E. Caldeweyher, C. Bannwarth and S. Grimme, J. Chem. Phys., 2017,
     147, 034112. DOI: 10.1063/1.4993215
   * E. Caldeweyher, S. Ehlert, A. Hansen, H. Neugebauer, S. Spicher,
     C. Bannwarth and S. Grimme, J. Chem. Phys., 2019, 150, 154122.
     DOI: 10.1063/1.5090222
   
   for sTDA-xTB:
   * S. Grimme and C. Bannwarth, J. Chem. Phys., 2016, 145, 054103.
     DOI: 10.1063/1.4959605
   
   in the mass-spec context:
   * V. Asgeirsson, C. Bauer and S. Grimme, Chem. Sci., 2017, 8, 4879.
     DOI: 10.1039/c7sc00601b
   
   for metadynamics refer to:
   * S. Grimme, J. Chem. Theory Comput., 2019, 155, 2847-2862
     DOI: 10.1021/acs.jctc.9b00143
   
   with help from (in alphabetical order)
   C. Bannwarth, F. Bohle, G. Brandenburg, E. Caldeweyher, M. Checinski,
   S. Dohm, S. Ehlert, S. Ehrlich, F. März, H. Neugebauer, J. Pisarek,
   P. Pracht, P. Shushkov, and S. Spicher.
   
 * started run on 2021/02/19 at 08:10:11.057     

           -------------------------------------------------
          |                Calculation Setup                |
           -------------------------------------------------

          program call               : /ihome/ghutchison/geoffh/xtb/xtb 1a.xyz -opt
          hostname                   : smp-n167
          coordinate file            : 1a.xyz
          omp threads                :                     1
          number of atoms            :                    21
          number of electrons        :                    68
          charge                     :                     0
          spin                       :                   0.0
          first test random number   :      0.24781933662698


########################################################################
# WARNING! Please study the warnings concerning your input carefully
#  - the use of '-opt' is discouraged, please use '--opt' next time
########################################################################

           ------------------------------------------------- 
          |                 G F N 2 - x T B                 |
          | Geometry, Frequencies, Noncovalent interactions |
          |            JCTC 2019 parametrisation            |
           ------------------------------------------------- 
             KAB for C  - Si     :                1.0500
             KAB for H  - Pd     :                0.9500
             k(s)              :                1.8500
             k(p)              :                2.2300
             k(d)              :                2.2300
             k(f)              :                2.0000
             kEN (H0ij)        :               -2.0000
             D4 a1             :                0.5200
             D4 a2             :                5.0000
             D4 s6             :                1.0000
             D4 s8             :                2.7000
             D4 s9             :                5.0000
             alphaj            :                2.0000

  Z AO/shell   Hii/eV     exponent
  1     Wed Apr 25 08:07:45 CEST 2018   EN: 2.200 GM2: 0.406  GM3: 0.0800  RAES: 1.40
     1s    -10.707211    1.230000
  6     Wed Apr 25 08:07:45 CEST 2018   EN: 2.550 GM2: 0.538  GM3: 0.1500  RAES: 3.00
     2s    -13.970922    2.096432
     2p    -10.063292    1.800000
  7     Wed Apr 25 08:07:45 CEST 2018   EN: 3.040 GM2: 0.461  GM3:-0.0640  RAES: 1.90
     2s    -16.686243    2.339881
     2p    -12.523956    2.014332
  8     Wed Apr 25 08:07:45 CEST 2018   EN: 3.440 GM2: 0.452  GM3:-0.0517  RAES: 1.80
     2s    -20.229985    2.439742
     2p    -15.503117    2.137023
 16     Tue Apr 24 11:44:34 CEST 2018   EN: 2.580 GM2: 0.340  GM3:-0.0502  RAES: 3.10
     3s    -20.029654    1.981333
     3p    -11.377694    2.025643
     3d     -0.420282    1.702555

           ------------------------------------------------- 
          |        Self-Consistent Charge Iterations        |
           ------------------------------------------------- 

          ...................................................
          :                      SETUP                      :
          :.................................................:
          :  # basis functions                  66          :
          :  # atomic orbitals                  65          :
          :  # shells                           35          :
          :  # electrons                        68          :
          :  max. iterations                   250          :
          :  Hamiltonian                  GFN2-xTB          :
          :  restarted?                      false          :
          :  GBSA solvation                  false          :
          :  PC potential                    false          :
          :  electronic temp.          300.0000000     K    :
          :  accuracy                    1.0000000          :
          :  -> integral cutoff          0.2500000E+02      :
          :  -> integral neglect         0.1000000E-07      :
          :  -> SCF convergence          0.1000000E-05 Eh   :
          :  -> wf. convergence          0.1000000E-03 e    :
          :  Broyden damping             0.4000000          :
          ...................................................

 iter      E             dE          RMSdq      gap      omega  full diag
   1    -38.7036601 -0.387037E+02  0.490E+00    2.20       0.0  T
   2    -38.7556811 -0.520210E-01  0.304E+00    1.90       1.0  T
   3    -38.7456980  0.998313E-02  0.155E+00    1.99       1.0  T
   4    -38.7728388 -0.271408E-01  0.602E-01    1.95       1.0  T
   5    -38.7780762 -0.523738E-02  0.178E-01    1.92       1.0  T
   6    -38.7782602 -0.183980E-03  0.953E-02    1.94       1.0  T
   7    -38.7782930 -0.328321E-04  0.244E-02    1.94       1.0  T
   8    -38.7782947 -0.166377E-05  0.124E-02    1.94       1.8  T
   9    -38.7782953 -0.612187E-06  0.647E-03    1.94       3.4  T
  10    -38.7782956 -0.307946E-06  0.337E-03    1.94       6.5  T
  11    -38.7782957 -0.170365E-06  0.947E-04    1.94      23.0  T
  12    -38.7782957 -0.152932E-08  0.234E-04    1.94      93.4  T

   *** convergence criteria satisfied after 12 iterations ***

         #    Occupation            Energy/Eh            Energy/eV
      -------------------------------------------------------------
         1        2.0000           -0.7451250             -20.2759
       ...           ...                  ...                  ...
        28        2.0000           -0.4521784             -12.3044
        29        2.0000           -0.4480050             -12.1908
        30        2.0000           -0.4309659             -11.7272
        31        2.0000           -0.4082377             -11.1087
        32        2.0000           -0.4060855             -11.0501
        33        2.0000           -0.3830015             -10.4220
        34        2.0000           -0.3767377             -10.2516 (HOMO)
        35                         -0.3055306              -8.3139 (LUMO)
        36                         -0.2198089              -5.9813
        37                         -0.2119912              -5.7686
        38                         -0.2113565              -5.7513
        39                         -0.1459559              -3.9717
       ...                                ...                  ...
        65                          0.6587728              17.9261
      -------------------------------------------------------------
                  HL-Gap            0.0712071 Eh            1.9376 eV
             Fermi-level           -0.3411342 Eh           -9.2827 eV

 SCC (total)                   0 d,  0 h,  0 min,  0.056 sec
 SCC setup                      ...        0 min,  0.000 sec (  0.270%)
 Dispersion                     ...        0 min,  0.000 sec (  0.286%)
 integral evaluation            ...        0 min,  0.009 sec ( 15.632%)
 zeroth order Hamiltonian       ...        0 min,  0.000 sec (  0.223%)
 iterations                     ...        0 min,  0.024 sec ( 42.348%)
 molecular gradient             ...        0 min,  0.023 sec ( 40.809%)
 printout                       ...        0 min,  0.000 sec (  0.403%)

         :::::::::::::::::::::::::::::::::::::::::::::::::::::
         ::                     SUMMARY                     ::
         :::::::::::::::::::::::::::::::::::::::::::::::::::::
         :: total energy             -38.382875624352 Eh    ::
         :: gradient norm              0.096233582003 Eh/a0 ::
         :: HOMO-LUMO gap              1.937643553961 eV    ::
         ::.................................................::
         :: SCC energy               -38.778295744586 Eh    ::
         :: -> isotropic ES            0.043664920642 Eh    ::
         :: -> anisotropic ES          0.006554076405 Eh    ::
         :: -> anisotropic XC          0.014437497435 Eh    ::
         :: -> dispersion             -0.020915735112 Eh    ::
         :: repulsion energy           0.395424378666 Eh    ::
         :: add. restraining           0.000000000000 Eh    ::
         :::::::::::::::::::::::::::::::::::::::::::::::::::::

      ----------------------------------------------------------- 
     |                   =====================                   |
     |                        A N C O P T                        |
     |                   =====================                   |
     |               Approximate Normal Coordinate               |
     |                Rational Function Optimizer                |
      ----------------------------------------------------------- 

          ...................................................
          :                      SETUP                      :
          :.................................................:
          :   optimization level            normal          :
          :   max. optcycles                   200          :
          :   ANC micro-cycles                  20          :
          :   degrees of freedom                57          :
          :.................................................:
          :   RF solver                   davidson          :
          :   input Hessian                  false          :
          :   write xtbopt.log                true          :
          :   linear?                        false          :
          :   energy convergence         0.5000000E-05 Eh   :
          :   grad. convergence          0.1000000E-02 Eh/α :
          :   maximium RF displ.         2.0000000          :
          :   Hlow (freq-cutoff)         0.5000000E-02      :
          :   Hmax (freq-cutoff)         5.0000000          :
          :   S6 in model hess.         20.0000000          :
          ...................................................

generating ANC from model Hessian ...
Using Lindh-Hessian (1995)
 Shifting diagonal of input Hessian by   3.467575488384235E-003
 Lowest  eigenvalues of input Hessian
   -0.000000   -0.000000    0.000000    0.000000    0.000000    0.000000
    0.005000    0.005734    0.005843    0.006730    0.009243    0.015624
    0.018272    0.022901    0.030088    0.031099    0.031373    0.044798
 Highest eigenvalues
    1.616538    1.737340    1.830432    1.847696    2.048474    2.071100
 

........................................................................
.............................. CYCLE    1 ..............................
........................................................................
   1    -38.7782957 -0.387783E+02  0.806E-05    1.94       0.0  T
   2    -38.7782957 -0.949285E-11  0.548E-05    1.94     398.0  T
   3    -38.7782957  0.106581E-12  0.381E-05    1.94     572.6  T
     SCC iter.                  ...        0 min,  0.003 sec
     gradient                   ...        0 min,  0.023 sec
 * total energy  :   -38.3828756 Eh     change        0.1171594E-07 Eh
   gradient norm :     0.0962345 Eh/α   predicted     0.0000000E+00 (-100.00%)
   displ. norm   :     0.2531490 α      lambda       -0.1558498E-01
   maximum displ.:     0.1495919 α      in ANC's #22, #14, #35, ...

........................................................................
.............................. CYCLE    2 ..............................
........................................................................
   1    -38.8160185 -0.388160E+02  0.412E-01    2.09       0.0  T
   2    -38.8162210 -0.202419E-03  0.184E-01    2.07       1.0  T
   3    -38.8161745  0.464994E-04  0.792E-02    2.07       1.0  T
   4    -38.8162540 -0.795625E-04  0.413E-02    2.07       1.0  T
   5    -38.8162722 -0.181937E-04  0.146E-02    2.07       1.5  T
   6    -38.8162724 -0.194468E-06  0.509E-03    2.07       4.3  T
   7    -38.8162728 -0.354590E-06  0.162E-03    2.07      13.5  T
     SCC iter.                  ...        0 min,  0.019 sec
     gradient                   ...        0 min,  0.009 sec
 * total energy  :   -38.3934432 Eh     change       -0.1056757E-01 Eh
   gradient norm :     0.0471885 Eh/α   predicted    -0.8291867E-02 ( -21.53%)
   displ. norm   :     0.1751056 α      lambda       -0.3967431E-02
   maximum displ.:     0.1049081 α      in ANC's #3, #14, #22, ...

........................................................................
.............................. CYCLE    3 ..............................
........................................................................
   1    -38.8334238 -0.388334E+02  0.230E-01    2.22       0.0  T
   2    -38.8335110 -0.871738E-04  0.968E-02    2.19       1.0  T
   3    -38.8335099  0.115444E-05  0.563E-02    2.20       1.0  T
   4    -38.8335251 -0.151851E-04  0.280E-02    2.19       1.0  T
   5    -38.8335343 -0.925117E-05  0.568E-03    2.19       3.8  T
   6    -38.8335345 -0.188574E-06  0.195E-03    2.19      11.2  T
   7    -38.8335345 -0.189559E-07  0.632E-04    2.19      34.5  T
     SCC iter.                  ...        0 min,  0.019 sec
     gradient                   ...        0 min,  0.009 sec
 * total energy  :   -38.3956163 Eh     change       -0.2173133E-02 Eh
   gradient norm :     0.0157756 Eh/α   predicted    -0.2044551E-02 (  -5.92%)
   displ. norm   :     0.0595762 α      lambda       -0.3085776E-03
   maximum displ.:     0.0456288 α      in ANC's #3, #1, #2, ...

........................................................................
.............................. CYCLE    4 ..............................
........................................................................
   1    -38.8325092 -0.388325E+02  0.104E-01    2.23       0.0  T
   2    -38.8325251 -0.159063E-04  0.387E-02    2.22       1.0  T
   3    -38.8325267 -0.157175E-05  0.191E-02    2.22       1.1  T
   4    -38.8325291 -0.246687E-05  0.779E-03    2.22       2.8  T
   5    -38.8325293 -0.184352E-06  0.321E-03    2.22       6.8  T
   6    -38.8325294 -0.663624E-07  0.114E-03    2.22      19.2  T
   7    -38.8325294 -0.189834E-07  0.360E-04    2.22      60.5  T
     SCC iter.                  ...        0 min,  0.019 sec
     gradient                   ...        0 min,  0.009 sec
 * total energy  :   -38.3958245 Eh     change       -0.2081999E-03 Eh
   gradient norm :     0.0074665 Eh/α   predicted    -0.1548829E-03 ( -25.61%)
   displ. norm   :     0.0399843 α      lambda       -0.1075930E-03
   maximum displ.:     0.0231638 α      in ANC's #1, #2, #4, ...

........................................................................
.............................. CYCLE    5 ..............................
........................................................................
   1    -38.8315241 -0.388315E+02  0.845E-02    2.24       0.0  T
   2    -38.8315338 -0.974752E-05  0.321E-02    2.23       1.0  T
   3    -38.8315346 -0.778883E-06  0.158E-02    2.23       1.4  T
   4    -38.8315362 -0.158420E-05  0.649E-03    2.23       3.4  T
   5    -38.8315363 -0.144694E-06  0.188E-03    2.23      11.6  T
   6    -38.8315363 -0.115691E-08  0.581E-04    2.23      37.6  T
     SCC iter.                  ...        0 min,  0.005 sec
     gradient                   ...        0 min,  0.022 sec
 * total energy  :   -38.3958870 Eh     change       -0.6253744E-04 Eh
   gradient norm :     0.0026688 Eh/α   predicted    -0.5388285E-04 ( -13.84%)
   displ. norm   :     0.0330188 α      lambda       -0.2182467E-04
   maximum displ.:     0.0238328 α      in ANC's #1, #2, #4, ...

........................................................................
.............................. CYCLE    6 ..............................
........................................................................
   1    -38.8314157 -0.388314E+02  0.412E-02    2.24       0.0  T
   2    -38.8314170 -0.133054E-05  0.197E-02    2.23       1.1  T
   3    -38.8314170  0.452110E-07  0.809E-03    2.23       2.7  T
   4    -38.8314172 -0.274195E-06  0.374E-03    2.23       5.8  T
   5    -38.8314173 -0.821457E-07  0.135E-03    2.23      16.2  T
   6    -38.8314173 -0.145760E-07  0.561E-04    2.23      38.9  T
   7    -38.8314173 -0.484109E-08  0.158E-04    2.23     138.4  T
     SCC iter.                  ...        0 min,  0.006 sec
     gradient                   ...        0 min,  0.023 sec
 * total energy  :   -38.3959044 Eh     change       -0.1734063E-04 Eh
   gradient norm :     0.0018227 Eh/α   predicted    -0.1092475E-04 ( -37.00%)
   displ. norm   :     0.1424849 α      lambda       -0.4465160E-04
   maximum displ.:     0.1001974 α      in ANC's #1, #2, #4, ...

........................................................................
.............................. CYCLE    7 ..............................
........................................................................
   1    -38.8313948 -0.388314E+02  0.141E-01    2.24       0.0  T
   2    -38.8314040 -0.926434E-05  0.776E-02    2.24       1.0  T
   3    -38.8314039  0.145890E-06  0.257E-02    2.24       1.0  T
   4    -38.8314057 -0.179558E-05  0.109E-02    2.24       2.0  T
   5    -38.8314066 -0.978249E-06  0.379E-03    2.24       5.8  T
   6    -38.8314067 -0.914676E-07  0.192E-03    2.24      11.4  T
   7    -38.8314068 -0.510232E-07  0.558E-04    2.24      39.1  T
   8    -38.8314068  0.459792E-09  0.207E-04    2.24     105.2  T
     SCC iter.                  ...        0 min,  0.007 sec
     gradient                   ...        0 min,  0.023 sec
 * total energy  :   -38.3959553 Eh     change       -0.5092757E-04 Eh
   gradient norm :     0.0057720 Eh/α   predicted    -0.2252759E-04 ( -55.77%)
   displ. norm   :     0.2909613 α      lambda       -0.1232798E-03
   maximum displ.:     0.2091350 α      in ANC's #1, #2, #4, ...

........................................................................
.............................. CYCLE    8 ..............................
........................................................................
   1    -38.8304933 -0.388305E+02  0.281E-01    2.24       0.0  T
   2    -38.8305221 -0.288192E-04  0.161E-01    2.24       1.0  T
   3    -38.8305180  0.410163E-05  0.485E-02    2.24       1.0  T
   4    -38.8305263 -0.831561E-05  0.256E-02    2.24       1.0  T
   5    -38.8305322 -0.593504E-05  0.833E-03    2.24       2.6  T
   6    -38.8305330 -0.780792E-06  0.318E-03    2.24       6.9  T
   7    -38.8305331 -0.105205E-06  0.130E-03    2.24      16.8  T
   8    -38.8305331 -0.448895E-08  0.713E-04    2.24      30.6  T
     SCC iter.                  ...        0 min,  0.007 sec
     gradient                   ...        0 min,  0.022 sec
 * total energy  :   -38.3960612 Eh     change       -0.1059078E-03 Eh
   gradient norm :     0.0143010 Eh/α   predicted    -0.6685908E-04 ( -36.87%)
   displ. norm   :     0.3433970 α      lambda       -0.1856177E-03
   maximum displ.:     0.2466437 α      in ANC's #1, #2, #4, ...

........................................................................
.............................. CYCLE    9 ..............................
........................................................................
   1    -38.8285521 -0.388286E+02  0.332E-01    2.24       0.0  T
   2    -38.8285924 -0.403575E-04  0.195E-01    2.24       1.0  T
   3    -38.8285570  0.354166E-04  0.697E-02    2.24       1.0  T
   4    -38.8286029 -0.459222E-04  0.302E-02    2.24       1.0  T
   5    -38.8286107 -0.774359E-05  0.102E-02    2.24       2.1  T
   6    -38.8286119 -0.119533E-05  0.401E-03    2.24       5.4  T
   7    -38.8286120 -0.156503E-06  0.181E-03    2.24      12.0  T
   8    -38.8286121 -0.265772E-07  0.868E-04    2.24      25.1  T
     SCC iter.                  ...        0 min,  0.007 sec
     gradient                   ...        0 min,  0.009 sec
 * total energy  :   -38.3961303 Eh     change       -0.6907600E-04 Eh
   gradient norm :     0.0249290 Eh/α   predicted    -0.1037545E-03 (  50.20%)
   displ. norm   :     0.0501858 α      lambda       -0.3443636E-03
   maximum displ.:     0.0279377 α      in ANC's #1, #5, #2, ...

........................................................................
.............................. CYCLE   10 ..............................
........................................................................
   1    -38.8305928 -0.388306E+02  0.624E-02    2.24       0.0  T
   2    -38.8305961 -0.333772E-05  0.292E-02    2.24       1.0  T
   3    -38.8305961  0.333005E-07  0.119E-02    2.24       1.8  T
   4    -38.8305968 -0.677335E-06  0.554E-03    2.24       3.9  T
   5    -38.8305969 -0.128305E-06  0.202E-03    2.24      10.8  T
     SCC iter.                  ...        0 min,  0.004 sec
     gradient                   ...        0 min,  0.009 sec
 * total energy  :   -38.3964264 Eh     change       -0.2961225E-03 Eh
   gradient norm :     0.0206889 Eh/α   predicted    -0.1726157E-03 ( -41.71%)
   displ. norm   :     0.4920908 α      lambda       -0.1433063E-02
   maximum displ.:     0.3615715 α      in ANC's #1, #8, #9, ...

........................................................................
.............................. CYCLE   11 ..............................
........................................................................
   1    -38.8333503 -0.388334E+02  0.501E-01    2.23       0.0  T
   2    -38.8334614 -0.111123E-03  0.294E-01    2.23       1.0  T
   3    -38.8333493  0.112127E-03  0.108E-01    2.23       1.0  T
   4    -38.8334936 -0.144277E-03  0.450E-02    2.23       1.0  T
   5    -38.8335070 -0.134824E-04  0.169E-02    2.24       1.3  T
   6    -38.8335105 -0.341706E-05  0.555E-03    2.23       3.9  T
   7    -38.8335108 -0.321903E-06  0.291E-03    2.23       7.5  T
     SCC iter.                  ...        0 min,  0.019 sec
     gradient                   ...        0 min,  0.009 sec
 * total energy  :   -38.3976735 Eh     change       -0.1247058E-02 Eh
   gradient norm :     0.0175286 Eh/α   predicted    -0.8900414E-03 ( -28.63%)
   displ. norm   :     0.6864918 α      lambda       -0.2078545E-02
   maximum displ.:     0.4843658 α      in ANC's #1, #8, #9, ...

........................................................................
.............................. CYCLE   12 ..............................
........................................................................
   1    -38.8303779 -0.388304E+02  0.692E-01    2.23       0.0  T
   2    -38.8305822 -0.204358E-03  0.409E-01    2.24       1.0  T
   3    -38.8303044  0.277827E-03  0.161E-01    2.24       1.0  T
   4    -38.8306450 -0.340601E-03  0.603E-02    2.23       1.0  T
   5    -38.8306732 -0.281757E-04  0.220E-02    2.24       1.0  T
   6    -38.8306777 -0.452832E-05  0.838E-03    2.24       2.6  T
   7    -38.8306784 -0.718813E-06  0.430E-03    2.24       5.1  T
   8    -38.8306786 -0.133810E-06  0.204E-03    2.24      10.7  T
   9    -38.8306786 -0.131897E-07  0.460E-04    2.24      47.5  T
     SCC iter.                  ...        0 min,  0.021 sec
     gradient                   ...        0 min,  0.009 sec
 * total energy  :   -38.3991170 Eh     change       -0.1443472E-02 Eh
   gradient norm :     0.0272586 Eh/α   predicted    -0.1529051E-02 (   5.93%)
   displ. norm   :     0.3867358 α      lambda       -0.3188195E-02
   maximum displ.:     0.1665601 α      in ANC's #6, #14, #8, ...

........................................................................
.............................. CYCLE   13 ..............................
........................................................................
   1    -38.8387042 -0.388387E+02  0.533E-01    2.31       0.0  T
   2    -38.8390177 -0.313508E-03  0.245E-01    2.32       1.0  T
   3    -38.8389730  0.446488E-04  0.151E-01    2.31       1.0  T
   4    -38.8391019 -0.128874E-03  0.635E-02    2.32       1.0  T
   5    -38.8391300 -0.280811E-04  0.212E-02    2.32       1.0  T
   6    -38.8391344 -0.443415E-05  0.776E-03    2.32       2.8  T
   7    -38.8391349 -0.439156E-06  0.319E-03    2.32       6.8  T
   8    -38.8391349 -0.620711E-07  0.205E-03    2.32      10.7  T
     SCC iter.                  ...        0 min,  0.007 sec
     gradient                   ...        0 min,  0.009 sec
 * total energy  :   -38.3963608 Eh     change        0.2756200E-02 Eh
   gradient norm :     0.0703042 Eh/α   predicted    -0.1832519E-02 (-166.49%)
   displ. norm   :     0.2546317 α      lambda       -0.7696598E-02
   maximum displ.:     0.1641128 α      in ANC's #1, #4, #14, ...

........................................................................
.............................. CYCLE   14 ..............................
........................................................................
   1    -38.8322889 -0.388323E+02  0.396E-01    2.25       0.0  T
   2    -38.8324701 -0.181198E-03  0.193E-01    2.25       1.0  T
   3    -38.8324300  0.401172E-04  0.119E-01    2.26       1.0  T
   4    -38.8325366 -0.106572E-03  0.471E-02    2.25       1.0  T
   5    -38.8325504 -0.138613E-04  0.182E-02    2.26       1.2  T
   6    -38.8325536 -0.319668E-05  0.642E-03    2.25       3.4  T
   7    -38.8325540 -0.330774E-06  0.306E-03    2.25       7.1  T
   8    -38.8325540 -0.890792E-07  0.160E-03    2.25      13.6  T
     SCC iter.                  ...        0 min,  0.007 sec
     gradient                   ...        0 min,  0.009 sec
 * total energy  :   -38.4006914 Eh     change       -0.4330612E-02 Eh
   gradient norm :     0.0309323 Eh/α   predicted    -0.4097808E-02 (  -5.38%)
   displ. norm   :     0.3619458 α      lambda       -0.1329119E-02
   maximum displ.:     0.2642651 α      in ANC's #1, #5, #6, ...

........................................................................
.............................. CYCLE   15 ..............................
........................................................................
   1    -38.8302968 -0.388303E+02  0.356E-01    2.24       0.0  T
   2    -38.8303448 -0.479816E-04  0.203E-01    2.24       1.0  T
   3    -38.8302994  0.453792E-04  0.774E-02    2.24       1.0  T
   4    -38.8303596 -0.602178E-04  0.330E-02    2.24       1.0  T
   5    -38.8303646 -0.495089E-05  0.113E-02    2.24       1.9  T
   6    -38.8303664 -0.182519E-05  0.322E-03    2.24       6.8  T
   7    -38.8303664 -0.203544E-07  0.202E-03    2.24      10.8  T
     SCC iter.                  ...        0 min,  0.006 sec
     gradient                   ...        0 min,  0.009 sec
 * total energy  :   -38.4017828 Eh     change       -0.1091444E-02 Eh
   gradient norm :     0.0346302 Eh/α   predicted    -0.7516204E-03 ( -31.14%)
   displ. norm   :     0.4355970 α      lambda       -0.4241367E-02
   maximum displ.:     0.2718309 α      in ANC's #1, #5, #18, ...

........................................................................
.............................. CYCLE   16 ..............................
........................................................................
   1    -38.8375439 -0.388375E+02  0.589E-01    2.18       0.0  T
   2    -38.8378677 -0.323836E-03  0.258E-01    2.20       1.0  T
   3    -38.8378446  0.231130E-04  0.111E-01    2.19       1.0  T
   4    -38.8379201 -0.754426E-04  0.522E-02    2.20       1.0  T
   5    -38.8379380 -0.179064E-04  0.210E-02    2.20       1.0  T
   6    -38.8379409 -0.299109E-05  0.760E-03    2.20       2.9  T
   7    -38.8379417 -0.725286E-06  0.223E-03    2.20       9.8  T
   8    -38.8379417  0.425119E-08  0.148E-03    2.20      14.7  T
     SCC iter.                  ...        0 min,  0.007 sec
     gradient                   ...        0 min,  0.009 sec
 * total energy  :   -38.4032068 Eh     change       -0.1424029E-02 Eh
   gradient norm :     0.0355921 Eh/α   predicted    -0.2523080E-02 (  77.18%)
   displ. norm   :     0.4956452 α      lambda       -0.3280654E-02
   maximum displ.:     0.2996761 α      in ANC's #1, #6, #8, ...

........................................................................
.............................. CYCLE   17 ..............................
........................................................................
   1    -38.8319528 -0.388320E+02  0.472E-01    2.21       0.0  T
   2    -38.8320156 -0.627588E-04  0.283E-01    2.20       1.0  T
   3    -38.8319729  0.426601E-04  0.719E-02    2.21       1.0  T
   4    -38.8320316 -0.586170E-04  0.352E-02    2.20       1.0  T
   5    -38.8320436 -0.120560E-04  0.109E-02    2.20       2.0  T
   6    -38.8320443 -0.730733E-06  0.526E-03    2.20       4.1  T
   7    -38.8320446 -0.271294E-06  0.282E-03    2.20       7.7  T
     SCC iter.                  ...        0 min,  0.006 sec
     gradient                   ...        0 min,  0.009 sec
 * total energy  :   -38.4053138 Eh     change       -0.2106930E-02 Eh
   gradient norm :     0.0347748 Eh/α   predicted    -0.2043304E-02 (  -3.02%)
   displ. norm   :     0.2105749 α      lambda       -0.3017091E-02
   maximum displ.:     0.0924026 α      in ANC's #6, #14, #9, ...

........................................................................
.............................. CYCLE   18 ..............................
........................................................................
   1    -38.8382594 -0.388383E+02  0.249E-01    2.26       0.0  T
   2    -38.8383071 -0.477440E-04  0.143E-01    2.24       1.0  T
   3    -38.8382891  0.180060E-04  0.612E-02    2.25       1.0  T
   4    -38.8383166 -0.274529E-04  0.239E-02    2.25       1.0  T
   5    -38.8383204 -0.388575E-05  0.102E-02    2.24       2.1  T
   6    -38.8383216 -0.116694E-05  0.365E-03    2.25       6.0  T
   7    -38.8383217 -0.910249E-07  0.144E-03    2.25      15.2  T
     SCC iter.                  ...        0 min,  0.006 sec
     gradient                   ...        0 min,  0.009 sec
 * total energy  :   -38.4070727 Eh     change       -0.1758899E-02 Eh
   gradient norm :     0.0231577 Eh/α   predicted    -0.1575441E-02 ( -10.43%)
   displ. norm   :     0.5394791 α      lambda       -0.2569523E-02
   maximum displ.:     0.3435291 α      in ANC's #1, #6, #5, ...

........................................................................
.............................. CYCLE   19 ..............................
........................................................................
   1    -38.8366581 -0.388367E+02  0.554E-01    2.23       0.0  T
   2    -38.8367542 -0.960991E-04  0.310E-01    2.23       1.0  T
   3    -38.8367307  0.235270E-04  0.906E-02    2.23       1.0  T
   4    -38.8367729 -0.422298E-04  0.510E-02    2.23       1.0  T
   5    -38.8367916 -0.187292E-04  0.124E-02    2.23       1.8  T
   6    -38.8367938 -0.221707E-05  0.432E-03    2.23       5.0  T
   7    -38.8367939 -0.653931E-08  0.261E-03    2.23       8.4  T
     SCC iter.                  ...        0 min,  0.006 sec
     gradient                   ...        0 min,  0.022 sec
 * total energy  :   -38.4090260 Eh     change       -0.1953311E-02 Eh
   gradient norm :     0.0243467 Eh/α   predicted    -0.1658679E-02 ( -15.08%)
   displ. norm   :     0.4330762 α      lambda       -0.3609172E-02
   maximum displ.:     0.2024073 α      in ANC's #1, #37, #3, ...

........................................................................
.............................. CYCLE   20 ..............................
........................................................................
   1    -38.8486293 -0.388486E+02  0.463E-01    2.20       0.0  T
   2    -38.8487092 -0.798991E-04  0.257E-01    2.20       1.0  T
   3    -38.8486872  0.220166E-04  0.781E-02    2.20       1.0  T
   4    -38.8487166 -0.294342E-04  0.418E-02    2.20       1.0  T
   5    -38.8487371 -0.204007E-04  0.123E-02    2.20       1.8  T
   6    -38.8487379 -0.882780E-06  0.426E-03    2.20       5.1  T
   7    -38.8487381 -0.176859E-06  0.197E-03    2.20      11.1  T
     SCC iter.                  ...        0 min,  0.006 sec
     gradient                   ...        0 min,  0.022 sec
 * total energy  :   -38.4108316 Eh     change       -0.1805615E-02 Eh
   gradient norm :     0.0165100 Eh/α   predicted    -0.2143049E-02 (  18.69%)
   displ. norm   :     0.5309410 α      lambda       -0.1958118E-02
   maximum displ.:     0.3020272 α      in ANC's #1, #6, #3, ...
 * RMSD in coord.:     1.0750826 α      energy gain  -0.2795597E-01 Eh

generating ANC from model Hessian ...
Using Lindh-Hessian (1995)
 Shifting diagonal of input Hessian by   2.872438352648613E-003
 Lowest  eigenvalues of input Hessian
   -0.000000   -0.000000   -0.000000   -0.000000    0.000000    0.000000
    0.005000    0.006122    0.006426    0.007759    0.008996    0.012286
    0.016840    0.023535    0.032290    0.034176    0.039761    0.052864
 Highest eigenvalues
    1.766929    1.827866    1.963980    1.980736    2.044204    2.238050
 

........................................................................
.............................. CYCLE   21 ..............................
........................................................................
   1    -38.8454592 -0.388455E+02  0.425E-01    2.22       0.0  T
   2    -38.8455028 -0.436323E-04  0.258E-01    2.22       1.0  T
   3    -38.8454498  0.530160E-04  0.649E-02    2.22       1.0  T
   4    -38.8455227 -0.728669E-04  0.265E-02    2.22       1.0  T
   5    -38.8455276 -0.493839E-05  0.105E-02    2.22       2.1  T
   6    -38.8455286 -0.972600E-06  0.446E-03    2.22       4.9  T
   7    -38.8455286 -0.403223E-07  0.244E-03    2.22       8.9  T
   8    -38.8455287 -0.460689E-07  0.104E-03    2.22      21.1  T
   9    -38.8455287 -0.849241E-08  0.312E-04    2.22      70.0  T
  10    -38.8455287 -0.148439E-09  0.186E-04    2.22     117.6  T
     SCC iter.                  ...        0 min,  0.009 sec
     gradient                   ...        0 min,  0.023 sec
 * total energy  :   -38.4116230 Eh     change       -0.7914367E-03 Eh
   gradient norm :     0.0235671 Eh/α   predicted     0.0000000E+00 (-100.00%)
   displ. norm   :     0.4059040 α      lambda       -0.2507383E-02
   maximum displ.:     0.2273082 α      in ANC's #2, #1, #4, ...

........................................................................
.............................. CYCLE   22 ..............................
........................................................................
   1    -38.8491355 -0.388491E+02  0.205E-01    2.22       0.0  T
   2    -38.8491455 -0.998356E-05  0.119E-01    2.22       1.0  T
   3    -38.8491417  0.376517E-05  0.234E-02    2.22       1.0  T
   4    -38.8491462 -0.442655E-05  0.133E-02    2.22       1.6  T
   5    -38.8491484 -0.222220E-05  0.392E-03    2.22       5.6  T
   6    -38.8491484 -0.378614E-07  0.157E-03    2.22      13.9  T
     SCC iter.                  ...        0 min,  0.005 sec
     gradient                   ...        0 min,  0.009 sec
 * total energy  :   -38.4132351 Eh     change       -0.1612047E-02 Eh
   gradient norm :     0.0097454 Eh/α   predicted    -0.1460263E-02 (  -9.42%)
   displ. norm   :     0.2574682 α      lambda       -0.7808965E-03
   maximum displ.:     0.1599666 α      in ANC's #6, #1, #2, ...

........................................................................
.............................. CYCLE   23 ..............................
........................................................................
   1    -38.8507162 -0.388507E+02  0.161E-01    2.21       0.0  T
   2    -38.8507247 -0.850769E-05  0.919E-02    2.22       1.0  T
   3    -38.8507188  0.594271E-05  0.270E-02    2.22       1.0  T
   4    -38.8507262 -0.738031E-05  0.136E-02    2.22       1.6  T
   5    -38.8507277 -0.153348E-05  0.453E-03    2.22       4.8  T
   6    -38.8507278 -0.139370E-06  0.218E-03    2.22      10.0  T
   7    -38.8507279 -0.244607E-07  0.103E-03    2.22      21.1  T
     SCC iter.                  ...        0 min,  0.006 sec
     gradient                   ...        0 min,  0.009 sec
 * total energy  :   -38.4138884 Eh     change       -0.6533617E-03 Eh
   gradient norm :     0.0057360 Eh/α   predicted    -0.4163315E-03 ( -36.28%)
   displ. norm   :     0.5475750 α      lambda       -0.1267501E-02
   maximum displ.:     0.3236715 α      in ANC's #6, #1, #2, ...

........................................................................
.............................. CYCLE   24 ..............................
........................................................................
   1    -38.8490425 -0.388490E+02  0.348E-01    2.20       0.0  T
   2    -38.8490768 -0.343058E-04  0.203E-01    2.21       1.0  T
   3    -38.8490415  0.353236E-04  0.614E-02    2.20       1.0  T
   4    -38.8490860 -0.444648E-04  0.271E-02    2.21       1.0  T
   5    -38.8490914 -0.538916E-05  0.961E-03    2.21       2.3  T
   6    -38.8490920 -0.676969E-06  0.447E-03    2.21       4.9  T
   7    -38.8490921 -0.103103E-06  0.213E-03    2.21      10.2  T
   8    -38.8490922 -0.198951E-07  0.110E-03    2.21      19.8  T
     SCC iter.                  ...        0 min,  0.007 sec
     gradient                   ...        0 min,  0.009 sec
 * total energy  :   -38.4149037 Eh     change       -0.1015285E-02 Eh
   gradient norm :     0.0103555 Eh/α   predicted    -0.8237748E-03 ( -18.86%)
   displ. norm   :     0.5538407 α      lambda       -0.1101010E-02
   maximum displ.:     0.2985566 α      in ANC's #6, #1, #2, ...

........................................................................
.............................. CYCLE   25 ..............................
........................................................................
   1    -38.8473843 -0.388474E+02  0.363E-01    2.19       0.0  T
   2    -38.8474175 -0.332320E-04  0.217E-01    2.21       1.0  T
   3    -38.8473656  0.519420E-04  0.692E-02    2.20       1.0  T
   4    -38.8474306 -0.649744E-04  0.253E-02    2.21       1.0  T
   5    -38.8474348 -0.423619E-05  0.978E-03    2.21       2.2  T
   6    -38.8474355 -0.688156E-06  0.448E-03    2.21       4.9  T
   7    -38.8474356 -0.114073E-06  0.209E-03    2.21      10.4  T
   8    -38.8474356 -0.216841E-07  0.104E-03    2.21      20.9  T
     SCC iter.                  ...        0 min,  0.007 sec
     gradient                   ...        0 min,  0.009 sec
 * total energy  :   -38.4156389 Eh     change       -0.7351278E-03 Eh
   gradient norm :     0.0158203 Eh/α   predicted    -0.7193672E-03 (  -2.14%)
   displ. norm   :     0.2778304 α      lambda       -0.8384172E-03
   maximum displ.:     0.1675395 α      in ANC's #2, #1, #6, ...

........................................................................
.............................. CYCLE   26 ..............................
........................................................................
   1    -38.8528074 -0.388528E+02  0.192E-01    2.21       0.0  T
   2    -38.8528147 -0.735413E-05  0.117E-01    2.21       1.0  T
   3    -38.8528004  0.143116E-04  0.355E-02    2.21       1.0  T
   4    -38.8528184 -0.179850E-04  0.112E-02    2.21       1.9  T
   5    -38.8528191 -0.720889E-06  0.427E-03    2.21       5.1  T
   6    -38.8528193 -0.170145E-06  0.187E-03    2.21      11.7  T
   7    -38.8528193 -0.228134E-07  0.872E-04    2.21      25.0  T
     SCC iter.                  ...        0 min,  0.006 sec
     gradient                   ...        0 min,  0.009 sec
 * total energy  :   -38.4161773 Eh     change       -0.5384792E-03 Eh
   gradient norm :     0.0118765 Eh/α   predicted    -0.4515687E-03 ( -16.14%)
   displ. norm   :     0.4058992 α      lambda       -0.7928594E-03
   maximum displ.:     0.2148255 α      in ANC's #2, #6, #4, ...

........................................................................
.............................. CYCLE   27 ..............................
........................................................................
   1    -38.8526099 -0.388526E+02  0.248E-01    2.21       0.0  T
   2    -38.8526209 -0.110606E-04  0.151E-01    2.22       1.0  T
   3    -38.8525759  0.450807E-04  0.545E-02    2.21       1.0  T
   4    -38.8526297 -0.537995E-04  0.109E-02    2.22       2.0  T
   5    -38.8526300 -0.355083E-06  0.541E-03    2.22       4.0  T
   6    -38.8526302 -0.205618E-06  0.269E-03    2.22       8.1  T
   7    -38.8526303 -0.595522E-07  0.103E-03    2.22      21.2  T
     SCC iter.                  ...        0 min,  0.006 sec
     gradient                   ...        0 min,  0.009 sec
 * total energy  :   -38.4166338 Eh     change       -0.4564306E-03 Eh
   gradient norm :     0.0117087 Eh/α   predicted    -0.4617436E-03 (   1.16%)
   displ. norm   :     0.1830932 α      lambda       -0.5331518E-03
   maximum displ.:     0.1119354 α      in ANC's #3, #4, #2, ...

........................................................................
.............................. CYCLE   28 ..............................
........................................................................
   1    -38.8557628 -0.388558E+02  0.133E-01    2.23       0.0  T
   2    -38.8557697 -0.687659E-05  0.750E-02    2.23       1.0  T
   3    -38.8557615  0.820284E-05  0.269E-02    2.23       1.0  T
   4    -38.8557718 -0.103045E-04  0.108E-02    2.23       2.0  T
   5    -38.8557726 -0.820816E-06  0.335E-03    2.23       6.5  T
   6    -38.8557727 -0.504316E-07  0.139E-03    2.23      15.7  T
   7    -38.8557727 -0.171732E-07  0.642E-04    2.23      34.0  T
     SCC iter.                  ...        0 min,  0.006 sec
     gradient                   ...        0 min,  0.009 sec
 * total energy  :   -38.4168931 Eh     change       -0.2593073E-03 Eh
   gradient norm :     0.0063416 Eh/α   predicted    -0.2755142E-03 (   6.25%)
   displ. norm   :     0.3161532 α      lambda       -0.3776637E-03
   maximum displ.:     0.2063517 α      in ANC's #2, #3, #6, ...

........................................................................
.............................. CYCLE   29 ..............................
........................................................................
   1    -38.8544993 -0.388545E+02  0.247E-01    2.22       0.0  T
   2    -38.8545166 -0.173374E-04  0.147E-01    2.23       1.0  T
   3    -38.8544621  0.544712E-04  0.627E-02    2.22       1.0  T
   4    -38.8545289 -0.667784E-04  0.171E-02    2.23       1.3  T
   5    -38.8545295 -0.606230E-06  0.618E-03    2.23       3.5  T
   6    -38.8545299 -0.423607E-06  0.294E-03    2.23       7.4  T
   7    -38.8545300 -0.757375E-07  0.133E-03    2.23      16.4  T
     SCC iter.                  ...        0 min,  0.006 sec
     gradient                   ...        0 min,  0.009 sec
 * total energy  :   -38.4171264 Eh     change       -0.2333074E-03 Eh
   gradient norm :     0.0066916 Eh/α   predicted    -0.2077077E-03 ( -10.97%)
   displ. norm   :     0.1933229 α      lambda       -0.2452063E-03
   maximum displ.:     0.1337440 α      in ANC's #3, #2, #1, ...

........................................................................
.............................. CYCLE   30 ..............................
........................................................................
   1    -38.8568394 -0.388568E+02  0.186E-01    2.23       0.0  T
   2    -38.8568534 -0.139489E-04  0.993E-02    2.23       1.0  T
   3    -38.8568288  0.246464E-04  0.479E-02    2.23       1.0  T
   4    -38.8568618 -0.330085E-04  0.166E-02    2.23       1.3  T
   5    -38.8568621 -0.309474E-06  0.526E-03    2.23       4.1  T
   6    -38.8568625 -0.443559E-06  0.171E-03    2.23      12.8  T
   7    -38.8568625 -0.228919E-07  0.870E-04    2.23      25.1  T
     SCC iter.                  ...        0 min,  0.006 sec
     gradient                   ...        0 min,  0.009 sec
 * total energy  :   -38.4172726 Eh     change       -0.1462132E-03 Eh
   gradient norm :     0.0102481 Eh/α   predicted    -0.1271857E-03 ( -13.01%)
   displ. norm   :     0.2769025 α      lambda       -0.3339747E-03
   maximum displ.:     0.1836767 α      in ANC's #3, #4, #2, ...

........................................................................
.............................. CYCLE   31 ..............................
........................................................................
   1    -38.8551595 -0.388552E+02  0.296E-01    2.23       0.0  T
   2    -38.8551981 -0.385634E-04  0.149E-01    2.23       1.0  T
   3    -38.8551518  0.462358E-04  0.692E-02    2.22       1.0  T
   4    -38.8552173 -0.655193E-04  0.256E-02    2.23       1.0  T
   5    -38.8552182 -0.832664E-06  0.754E-03    2.23       2.9  T
   6    -38.8552191 -0.905796E-06  0.244E-03    2.23       9.0  T
   7    -38.8552191 -0.492011E-07  0.118E-03    2.23      18.4  T
     SCC iter.                  ...        0 min,  0.006 sec
     gradient                   ...        0 min,  0.009 sec
 * total energy  :   -38.4174954 Eh     change       -0.2228125E-03 Eh
   gradient norm :     0.0091904 Eh/α   predicted    -0.1797918E-03 ( -19.31%)
   displ. norm   :     0.2786914 α      lambda       -0.3059609E-03
   maximum displ.:     0.1950374 α      in ANC's #3, #1, #2, ...

........................................................................
.............................. CYCLE   32 ..............................
........................................................................
   1    -38.8561790 -0.388562E+02  0.312E-01    2.23       0.0  T
   2    -38.8562224 -0.434763E-04  0.149E-01    2.23       1.0  T
   3    -38.8562055  0.169103E-04  0.538E-02    2.22       1.0  T
   4    -38.8562352 -0.297095E-04  0.253E-02    2.23       1.0  T
   5    -38.8562371 -0.189660E-05  0.591E-03    2.23       3.7  T
   6    -38.8562377 -0.537769E-06  0.217E-03    2.23      10.1  T
   7    -38.8562377 -0.294314E-07  0.113E-03    2.23      19.3  T
     SCC iter.                  ...        0 min,  0.006 sec
     gradient                   ...        0 min,  0.009 sec
 * total energy  :   -38.4177288 Eh     change       -0.2334435E-03 Eh
   gradient norm :     0.0087991 Eh/α   predicted    -0.1648642E-03 ( -29.38%)
   displ. norm   :     0.4996916 α      lambda       -0.4312920E-03
   maximum displ.:     0.3550160 α      in ANC's #3, #1, #2, ...

........................................................................
.............................. CYCLE   33 ..............................
........................................................................
   1    -38.8534764 -0.388535E+02  0.512E-01    2.21       0.0  T
   2    -38.8535837 -0.107242E-03  0.260E-01    2.23       1.0  T
   3    -38.8534932  0.904626E-04  0.110E-01    2.21       1.0  T
   4    -38.8536242 -0.131009E-03  0.466E-02    2.23       1.0  T
   5    -38.8536308 -0.654604E-05  0.115E-02    2.22       1.9  T
   6    -38.8536328 -0.200529E-05  0.425E-03    2.22       5.1  T
   7    -38.8536329 -0.161280E-06  0.200E-03    2.22      10.9  T
   8    -38.8536330 -0.186795E-07  0.912E-04    2.22      23.9  T
     SCC iter.                  ...        0 min,  0.007 sec
     gradient                   ...        0 min,  0.009 sec
 * total energy  :   -38.4180018 Eh     change       -0.2729127E-03 Eh
   gradient norm :     0.0108701 Eh/α   predicted    -0.2694936E-03 (  -1.25%)
   displ. norm   :     0.3170041 α      lambda       -0.4640943E-03
   maximum displ.:     0.2110485 α      in ANC's #1, #3, #2, ...

........................................................................
.............................. CYCLE   34 ..............................
........................................................................
   1    -38.8562392 -0.388562E+02  0.305E-01    2.22       0.0  T
   2    -38.8562814 -0.422478E-04  0.150E-01    2.23       1.0  T
   3    -38.8562695  0.119026E-04  0.548E-02    2.22       1.0  T
   4    -38.8562921 -0.225620E-04  0.271E-02    2.23       1.0  T
   5    -38.8562946 -0.252736E-05  0.970E-03    2.23       2.2  T
   6    -38.8562960 -0.143821E-05  0.248E-03    2.23       8.8  T
   7    -38.8562960 -0.163166E-07  0.135E-03    2.23      16.2  T
     SCC iter.                  ...        0 min,  0.006 sec
     gradient                   ...        0 min,  0.009 sec
 * total energy  :   -38.4183054 Eh     change       -0.3035995E-03 Eh
   gradient norm :     0.0093320 Eh/α   predicted    -0.2553695E-03 ( -15.89%)
   displ. norm   :     0.4276706 α      lambda       -0.3660798E-03
   maximum displ.:     0.3002063 α      in ANC's #3, #1, #2, ...

........................................................................
.............................. CYCLE   35 ..............................
........................................................................
   1    -38.8548460 -0.388548E+02  0.416E-01    2.22       0.0  T
   2    -38.8549203 -0.742872E-04  0.215E-01    2.24       1.0  T
   3    -38.8548384  0.818849E-04  0.973E-02    2.22       1.0  T
   4    -38.8549539 -0.115444E-03  0.382E-02    2.23       1.0  T
   5    -38.8549589 -0.504551E-05  0.872E-03    2.23       2.5  T
   6    -38.8549598 -0.831698E-06  0.390E-03    2.23       5.6  T
   7    -38.8549599 -0.176275E-06  0.163E-03    2.23      13.4  T
   8    -38.8549599 -0.877144E-08  0.763E-04    2.23      28.6  T
     SCC iter.                  ...        0 min,  0.007 sec
     gradient                   ...        0 min,  0.009 sec
 * total energy  :   -38.4185615 Eh     change       -0.2561766E-03 Eh
   gradient norm :     0.0134360 Eh/α   predicted    -0.2165198E-03 ( -15.48%)
   displ. norm   :     0.3422597 α      lambda       -0.6151418E-03
   maximum displ.:     0.1960543 α      in ANC's #1, #3, #4, ...

........................................................................
.............................. CYCLE   36 ..............................
........................................................................
   1    -38.8579296 -0.388579E+02  0.295E-01    2.24       0.0  T
   2    -38.8579694 -0.398025E-04  0.166E-01    2.26       1.0  T
   3    -38.8578875  0.818565E-04  0.860E-02    2.24       1.0  T
   4    -38.8579977 -0.110113E-03  0.257E-02    2.26       1.0  T
   5    -38.8580001 -0.244058E-05  0.465E-03    2.26       4.7  T
   6    -38.8580001 -0.445167E-07  0.240E-03    2.26       9.1  T
   7    -38.8580002 -0.292948E-07  0.129E-03    2.26      16.9  T
     SCC iter.                  ...        0 min,  0.006 sec
     gradient                   ...        0 min,  0.009 sec
 * total energy  :   -38.4189203 Eh     change       -0.3587179E-03 Eh
   gradient norm :     0.0139598 Eh/α   predicted    -0.3436040E-03 (  -4.21%)
   displ. norm   :     0.4315141 α      lambda       -0.4612105E-03
   maximum displ.:     0.2670967 α      in ANC's #3, #1, #2, ...

........................................................................
.............................. CYCLE   37 ..............................
........................................................................
   1    -38.8538369 -0.388538E+02  0.421E-01    2.24       0.0  T
   2    -38.8539258 -0.888849E-04  0.222E-01    2.26       1.0  T
   3    -38.8538035  0.122278E-03  0.111E-01    2.24       1.0  T
   4    -38.8539773 -0.173736E-03  0.385E-02    2.26       1.0  T
   5    -38.8539816 -0.435494E-05  0.620E-03    2.26       3.5  T
   6    -38.8539818 -0.143425E-06  0.321E-03    2.26       6.8  T
   7    -38.8539819 -0.127832E-06  0.154E-03    2.26      14.2  T
   8    -38.8539819 -0.840505E-08  0.695E-04    2.26      31.4  T
     SCC iter.                  ...        0 min,  0.007 sec
     gradient                   ...        0 min,  0.009 sec
 * total energy  :   -38.4191999 Eh     change       -0.2796846E-03 Eh
   gradient norm :     0.0157500 Eh/α   predicted    -0.2735510E-03 (  -2.19%)
   displ. norm   :     0.2467510 α      lambda       -0.8790859E-03
   maximum displ.:     0.1346856 α      in ANC's #2, #4, #1, ...

........................................................................
.............................. CYCLE   38 ..............................
........................................................................
   1    -38.8574252 -0.388574E+02  0.245E-01    2.25       0.0  T
   2    -38.8574659 -0.407178E-04  0.142E-01    2.26       1.0  T
   3    -38.8573981  0.677956E-04  0.801E-02    2.25       1.0  T
   4    -38.8574947 -0.965384E-04  0.221E-02    2.26       1.0  T
   5    -38.8574959 -0.124508E-05  0.854E-03    2.26       2.6  T
   6    -38.8574966 -0.698413E-06  0.230E-03    2.26       9.5  T
   7    -38.8574966 -0.237438E-07  0.120E-03    2.26      18.1  T
     SCC iter.                  ...        0 min,  0.006 sec
     gradient                   ...        0 min,  0.009 sec
 * total energy  :   -38.4197210 Eh     change       -0.5210723E-03 Eh
   gradient norm :     0.0135507 Eh/α   predicted    -0.4663092E-03 ( -10.51%)
   displ. norm   :     0.4393068 α      lambda       -0.7632227E-03
   maximum displ.:     0.2754186 α      in ANC's #2, #1, #3, ...

........................................................................
.............................. CYCLE   39 ..............................
........................................................................
   1    -38.8538233 -0.388538E+02  0.352E-01    2.26       0.0  T
   2    -38.8538631 -0.398229E-04  0.211E-01    2.28       1.0  T
   3    -38.8537849  0.781915E-04  0.772E-02    2.26       1.0  T
   4    -38.8538829 -0.979747E-04  0.230E-02    2.28       1.0  T
   5    -38.8538854 -0.257227E-05  0.712E-03    2.27       3.1  T
   6    -38.8538858 -0.378091E-06  0.291E-03    2.27       7.5  T
   7    -38.8538859 -0.368348E-07  0.135E-03    2.27      16.1  T
     SCC iter.                  ...        0 min,  0.006 sec
     gradient                   ...        0 min,  0.009 sec
 * total energy  :   -38.4200962 Eh     change       -0.3751707E-03 Eh
   gradient norm :     0.0203800 Eh/α   predicted    -0.4552678E-03 (  21.35%)
   displ. norm   :     0.1494605 α      lambda       -0.8355609E-03
   maximum displ.:     0.0657767 α      in ANC's #2, #5, #8, ...

........................................................................
.............................. CYCLE   40 ..............................
........................................................................
   1    -38.8577029 -0.388577E+02  0.144E-01    2.28       0.0  T
   2    -38.8577167 -0.138014E-04  0.756E-02    2.27       1.0  T
   3    -38.8577098  0.698643E-05  0.332E-02    2.28       1.0  T
   4    -38.8577217 -0.119724E-04  0.124E-02    2.27       1.8  T
   5    -38.8577223 -0.546621E-06  0.585E-03    2.27       3.7  T
   6    -38.8577226 -0.322249E-06  0.158E-03    2.27      13.8  T
     SCC iter.                  ...        0 min,  0.005 sec
     gradient                   ...        0 min,  0.009 sec
 * total energy  :   -38.4205987 Eh     change       -0.5025141E-03 Eh
   gradient norm :     0.0159466 Eh/α   predicted    -0.4271146E-03 ( -15.00%)
   displ. norm   :     0.3858847 α      lambda       -0.8801613E-03
   maximum displ.:     0.2198760 α      in ANC's #2, #1, #3, ...

........................................................................
.............................. CYCLE   41 ..............................
........................................................................
   1    -38.8557845 -0.388558E+02  0.318E-01    2.26       0.0  T
   2    -38.8558193 -0.348437E-04  0.174E-01    2.27       1.0  T
   3    -38.8558089  0.104310E-04  0.540E-02    2.26       1.0  T
   4    -38.8558275 -0.185883E-04  0.264E-02    2.27       1.0  T
   5    -38.8558307 -0.317850E-05  0.817E-03    2.27       2.7  T
   6    -38.8558317 -0.100068E-05  0.258E-03    2.27       8.5  T
   7    -38.8558317 -0.291973E-07  0.121E-03    2.27      18.0  T
     SCC iter.                  ...        0 min,  0.006 sec
     gradient                   ...        0 min,  0.009 sec
 * total energy  :   -38.4212422 Eh     change       -0.6434993E-03 Eh
   gradient norm :     0.0158290 Eh/α   predicted    -0.5056337E-03 ( -21.42%)
   displ. norm   :     0.3836188 α      lambda       -0.1044929E-02
   maximum displ.:     0.2703849 α      in ANC's #2, #5, #36, ...

........................................................................
.............................. CYCLE   42 ..............................
........................................................................
   1    -38.8575720 -0.388576E+02  0.272E-01    2.26       0.0  T
   2    -38.8575958 -0.238087E-04  0.149E-01    2.26       1.0  T
   3    -38.8575865  0.923624E-05  0.436E-02    2.26       1.0  T
   4    -38.8576004 -0.139117E-04  0.221E-02    2.26       1.0  T
   5    -38.8576039 -0.345355E-05  0.806E-03    2.26       2.7  T
   6    -38.8576047 -0.832808E-06  0.230E-03    2.26       9.5  T
   7    -38.8576048 -0.190172E-07  0.113E-03    2.26      19.3  T
     SCC iter.                  ...        0 min,  0.006 sec
     gradient                   ...        0 min,  0.009 sec
 * total energy  :   -38.4219269 Eh     change       -0.6847081E-03 Eh
   gradient norm :     0.0167805 Eh/α   predicted    -0.5993569E-03 ( -12.47%)
   displ. norm   :     0.4145042 α      lambda       -0.8167624E-03
   maximum displ.:     0.2531040 α      in ANC's #2, #1, #5, ...
 * RMSD in coord.:     1.0958539 α      energy gain  -0.1109531E-01 Eh

generating ANC from model Hessian ...
Using Lindh-Hessian (1995)
 Shifting diagonal of input Hessian by   2.959981006064838E-003
 Lowest  eigenvalues of input Hessian
   -0.000000   -0.000000   -0.000000    0.000000    0.000000    0.000000
    0.005000    0.006081    0.007236    0.007734    0.008447    0.013059
    0.018389    0.025221    0.031818    0.033206    0.034731    0.048683
 Highest eigenvalues
    1.767694    1.821518    1.965296    1.982585    2.047447    2.237915
 

........................................................................
.............................. CYCLE   43 ..............................
........................................................................
   1    -38.8537374 -0.388537E+02  0.312E-01    2.26       0.0  T
   2    -38.8537726 -0.351850E-04  0.168E-01    2.27       1.0  T
   3    -38.8537646  0.802815E-05  0.491E-02    2.26       1.0  T
   4    -38.8537779 -0.132606E-04  0.267E-02    2.27       1.0  T
   5    -38.8537830 -0.515257E-05  0.745E-03    2.27       2.9  T
   6    -38.8537837 -0.637471E-06  0.256E-03    2.27       8.5  T
   7    -38.8537837 -0.477239E-07  0.116E-03    2.27      18.8  T
   8    -38.8537837  0.555573E-09  0.625E-04    2.27      34.9  T
   9    -38.8537837 -0.512465E-08  0.140E-04    2.27     155.5  T
     SCC iter.                  ...        0 min,  0.008 sec
     gradient                   ...        0 min,  0.010 sec
 * total energy  :   -38.4223662 Eh     change       -0.4392725E-03 Eh
   gradient norm :     0.0202732 Eh/α   predicted     0.0000000E+00 (-100.00%)
   displ. norm   :     0.2316654 α      lambda       -0.1327459E-02
   maximum displ.:     0.1474395 α      in ANC's #2, #4, #1, ...

........................................................................
.............................. CYCLE   44 ..............................
........................................................................
   1    -38.8602595 -0.388603E+02  0.198E-01    2.27       0.0  T
   2    -38.8602779 -0.184685E-04  0.985E-02    2.27       1.0  T
   3    -38.8602768  0.113030E-05  0.288E-02    2.27       1.0  T
   4    -38.8602806 -0.377240E-05  0.166E-02    2.27       1.3  T
   5    -38.8602826 -0.206887E-05  0.358E-03    2.27       6.1  T
   6    -38.8602828 -0.166389E-06  0.113E-03    2.27      19.3  T
     SCC iter.                  ...        0 min,  0.005 sec
     gradient                   ...        0 min,  0.009 sec
 * total energy  :   -38.4232634 Eh     change       -0.8972143E-03 Eh
   gradient norm :     0.0085507 Eh/α   predicted    -0.6993515E-03 ( -22.05%)
   displ. norm   :     0.1668618 α      lambda       -0.3649469E-03
   maximum displ.:     0.1016950 α      in ANC's #2, #4, #3, ...

........................................................................
.............................. CYCLE   45 ..............................
........................................................................
   1    -38.8626742 -0.388627E+02  0.128E-01    2.27       0.0  T
   2    -38.8626808 -0.660241E-05  0.679E-02    2.27       1.0  T
   3    -38.8626765  0.433659E-05  0.235E-02    2.27       1.0  T
   4    -38.8626828 -0.627058E-05  0.106E-02    2.27       2.1  T
   5    -38.8626833 -0.531485E-06  0.324E-03    2.27       6.7  T
   6    -38.8626834 -0.128592E-06  0.792E-04    2.27      27.6  T
   7    -38.8626834 -0.232009E-08  0.412E-04    2.27      53.0  T
     SCC iter.                  ...        0 min,  0.006 sec
     gradient                   ...        0 min,  0.009 sec
 * total energy  :   -38.4235459 Eh     change       -0.2825514E-03 Eh
   gradient norm :     0.0040629 Eh/α   predicted    -0.1875613E-03 ( -33.62%)
   displ. norm   :     0.2510191 α      lambda       -0.3145331E-03
   maximum displ.:     0.1581931 α      in ANC's #2, #4, #1, ...

........................................................................
.............................. CYCLE   46 ..............................
........................................................................
   1    -38.8628180 -0.388628E+02  0.197E-01    2.27       0.0  T
   2    -38.8628318 -0.137375E-04  0.105E-01    2.28       1.0  T
   3    -38.8628250  0.673880E-05  0.326E-02    2.27       1.0  T
   4    -38.8628350 -0.996740E-05  0.163E-02    2.28       1.3  T
   5    -38.8628366 -0.160700E-05  0.403E-03    2.28       5.4  T
   6    -38.8628368 -0.208115E-06  0.115E-03    2.28      18.9  T
   7    -38.8628368 -0.291268E-08  0.559E-04    2.28      39.0  T
     SCC iter.                  ...        0 min,  0.006 sec
     gradient                   ...        0 min,  0.009 sec
 * total energy  :   -38.4237659 Eh     change       -0.2199264E-03 Eh
   gradient norm :     0.0048703 Eh/α   predicted    -0.1671911E-03 ( -23.98%)
   displ. norm   :     0.1756157 α      lambda       -0.1453359E-03
   maximum displ.:     0.1143706 α      in ANC's #2, #1, #4, ...

........................................................................
.............................. CYCLE   47 ..............................
........................................................................
   1    -38.8630782 -0.388631E+02  0.146E-01    2.28       0.0  T
   2    -38.8630856 -0.734120E-05  0.772E-02    2.28       1.0  T
   3    -38.8630845  0.107807E-05  0.212E-02    2.28       1.0  T
   4    -38.8630867 -0.220318E-05  0.121E-02    2.28       1.8  T
   5    -38.8630878 -0.112376E-05  0.247E-03    2.28       8.8  T
   6    -38.8630879 -0.808442E-07  0.841E-04    2.28      26.0  T
     SCC iter.                  ...        0 min,  0.005 sec
     gradient                   ...        0 min,  0.009 sec
 * total energy  :   -38.4238628 Eh     change       -0.9688920E-04 Eh
   gradient norm :     0.0044169 Eh/α   predicted    -0.7490980E-04 ( -22.69%)
   displ. norm   :     0.0927769 α      lambda       -0.5889262E-04
   maximum displ.:     0.0608559 α      in ANC's #2, #1, #4, ...

........................................................................
.............................. CYCLE   48 ..............................
........................................................................
   1    -38.8636347 -0.388636E+02  0.833E-02    2.28       0.0  T
   2    -38.8636372 -0.242862E-05  0.436E-02    2.28       1.0  T
   3    -38.8636372 -0.778942E-07  0.113E-02    2.28       1.9  T
   4    -38.8636373 -0.691118E-07  0.733E-03    2.28       3.0  T
   5    -38.8636379 -0.553775E-06  0.885E-04    2.28      24.7  T
   6    -38.8636379 -0.731594E-08  0.463E-04    2.28      47.1  T
     SCC iter.                  ...        0 min,  0.005 sec
     gradient                   ...        0 min,  0.009 sec
 * total energy  :   -38.4239024 Eh     change       -0.3964352E-04 Eh
   gradient norm :     0.0029002 Eh/α   predicted    -0.2970212E-04 ( -25.08%)
   displ. norm   :     0.1024686 α      lambda       -0.3158058E-04
   maximum displ.:     0.0703841 α      in ANC's #2, #1, #4, ...

........................................................................
.............................. CYCLE   49 ..............................
........................................................................
   1    -38.8632158 -0.388632E+02  0.853E-02    2.28       0.0  T
   2    -38.8632180 -0.215165E-05  0.467E-02    2.28       1.0  T
   3    -38.8632176  0.383471E-06  0.122E-02    2.28       1.8  T
   4    -38.8632182 -0.580767E-06  0.742E-03    2.28       2.9  T
   5    -38.8632187 -0.571216E-06  0.118E-03    2.28      18.6  T
   6    -38.8632188 -0.168034E-07  0.547E-04    2.28      39.9  T
   7    -38.8632188 -0.154500E-09  0.268E-04    2.28      81.6  T
     SCC iter.                  ...        0 min,  0.006 sec
     gradient                   ...        0 min,  0.010 sec
 * total energy  :   -38.4239197 Eh     change       -0.1727004E-04 Eh
   gradient norm :     0.0021008 Eh/α   predicted    -0.1595644E-04 (  -7.61%)
   displ. norm   :     0.0301513 α      lambda       -0.1539940E-04
   maximum displ.:     0.0159350 α      in ANC's #1, #3, #2, ...

........................................................................
.............................. CYCLE   50 ..............................
........................................................................
   1    -38.8638242 -0.388638E+02  0.249E-02    2.28       0.0  T
   2    -38.8638246 -0.345727E-06  0.142E-02    2.27       1.5  T
   3    -38.8638241  0.462555E-06  0.660E-03    2.28       3.3  T
   4    -38.8638247 -0.636399E-06  0.202E-03    2.28      10.8  T
   5    -38.8638247 -0.143836E-07  0.975E-04    2.28      22.4  T
   6    -38.8638248 -0.962733E-08  0.243E-04    2.28      89.8  T
     SCC iter.                  ...        0 min,  0.005 sec
     gradient                   ...        0 min,  0.010 sec
 * total energy  :   -38.4239275 Eh     change       -0.7871718E-05 Eh
   gradient norm :     0.0013584 Eh/α   predicted    -0.7711444E-05 (  -2.04%)
   displ. norm   :     0.0229976 α      lambda       -0.4072072E-05
   maximum displ.:     0.0142430 α      in ANC's #2, #8, #3, ...

........................................................................
.............................. CYCLE   51 ..............................
........................................................................
   1    -38.8637329 -0.388637E+02  0.204E-02    2.28       0.0  T
   2    -38.8637331 -0.167731E-06  0.118E-02    2.27       1.8  T
   3    -38.8637331  0.421726E-07  0.362E-03    2.27       6.0  T
   4    -38.8637332 -0.956177E-07  0.134E-03    2.27      16.3  T
   5    -38.8637332 -0.393535E-08  0.495E-04    2.27      44.1  T
   6    -38.8637332 -0.264767E-08  0.210E-04    2.27     104.0  T
     SCC iter.                  ...        0 min,  0.005 sec
     gradient                   ...        0 min,  0.010 sec
 * total energy  :   -38.4239318 Eh     change       -0.4248627E-05 Eh
   gradient norm :     0.0008169 Eh/α   predicted    -0.2037195E-05 ( -52.05%)
   displ. norm   :     0.0232349 α      lambda       -0.6212676E-06
   maximum displ.:     0.0142426 α      in ANC's #2, #8, #3, ...

   *** GEOMETRY OPTIMIZATION CONVERGED AFTER 51 ITERATIONS ***

------------------------------------------------------------------------
 total energy gain   :        -0.0410562 Eh      -25.7631 kcal/mol
 total RMSD          :         1.4901902 a0        0.7886 Å
 total power (kW/mol):        -2.1135872 (step)  -67.0423 (real)
------------------------------------------------------------------------

 ANCopt (total)                0 d,  0 h,  0 min,  1.608 sec
 optimizer setup                ...        0 min,  0.000 sec (  0.004%)
 model hessian                  ...        0 min,  0.010 sec (  0.636%)
 ANC generation                 ...        0 min,  0.001 sec (  0.085%)
 coordinate transformation      ...        0 min,  0.000 sec (  0.016%)
 single point calculation       ...        0 min,  1.577 sec ( 98.061%)
 optimization log               ...        0 min,  0.003 sec (  0.160%)
 hessian update                 ...        0 min,  0.000 sec (  0.016%)
 rational function              ...        0 min,  0.015 sec (  0.953%)

================
 final structure:
================
$coord
   -1.72372163266145   -3.07341255254493   -0.16714848428819      C 
   -4.16476839883682   -2.17649434127137   -0.15481143782542      C 
   -5.94008305652883   -4.01275370475530   -0.39007854235123      O 
   -8.55773801547642   -3.51851659587672   -0.41759025962530      C 
   -4.63902212861782    0.49436546698110    0.09303611493492      C 
   -7.10952860217265    1.24038618019849    0.09569150344657      O 
   -7.66636245891921    3.82621866316947    0.37283815874430      C 
   -2.66935492223769    2.16631887147622    0.31329317928617      C 
   -0.17722751017955    1.26510328371244    0.30517946668819      C 
    0.30635424582047   -1.39700332077602    0.06238896700265      C 
    2.76860038174508   -1.92131699770313    0.09284939866864      N 
    4.30489214228342    0.69036187064675    0.39771184554070      S 
    1.93866255058206    2.61010067359469    0.50549310117061      N 
   -1.40363655275352   -5.07452668728507   -0.35293490703720      H 
   -9.43688599173319   -5.36982710389859   -0.62769579603598      H 
   -9.09858275677051   -2.31908735353597   -2.00692739296868      H 
   -9.19668929901581   -2.65310088569774    1.34296519472857      H 
   -6.91074924521886    4.93639379497518   -1.19855839031528      H 
   -6.93984548839465    4.57188963273960    2.15878391120695      H 
   -9.72033281605751    3.94489589960480    0.36799641404290      H 
   -2.96583967062850    4.17044667646404    0.49487486068767      H 
$end
           -------------------------------------------------
          |                Final Singlepoint                |
           -------------------------------------------------

          ...................................................
          :                      SETUP                      :
          :.................................................:
          :  # basis functions                  66          :
          :  # atomic orbitals                  65          :
          :  # shells                           35          :
          :  # electrons                        68          :
          :  max. iterations                   250          :
          :  Hamiltonian                  GFN2-xTB          :
          :  restarted?                      false          :
          :  GBSA solvation                  false          :
          :  PC potential                    false          :
          :  electronic temp.          300.0000000     K    :
          :  accuracy                    1.0000000          :
          :  -> integral cutoff          0.2500000E+02      :
          :  -> integral neglect         0.1000000E-07      :
          :  -> SCF convergence          0.1000000E-05 Eh   :
          :  -> wf. convergence          0.1000000E-03 e    :
          :  Broyden damping             0.4000000          :
          ...................................................

 iter      E             dE          RMSdq      gap      omega  full diag
   1    -38.8637332 -0.388637E+02  0.887E-05    2.27       0.0  T
   2    -38.8637332 -0.102887E-10  0.337E-05    2.27     648.4  T
   3    -38.8637332 -0.305533E-11  0.425E-05    2.27     513.1  T

   *** convergence criteria satisfied after 3 iterations ***

         #    Occupation            Energy/Eh            Energy/eV
      -------------------------------------------------------------
         1        2.0000           -0.7499438             -20.4070
       ...           ...                  ...                  ...
        28        2.0000           -0.4500217             -12.2457
        29        2.0000           -0.4459069             -12.1337
        30        2.0000           -0.4335450             -11.7974
        31        2.0000           -0.4046430             -11.0109
        32        2.0000           -0.4011965             -10.9171
        33        2.0000           -0.3876458             -10.5484
        34        2.0000           -0.3780835             -10.2882 (HOMO)
        35                         -0.2944824              -8.0133 (LUMO)
        36                         -0.2101607              -5.7188
        37                         -0.2091340              -5.6908
        38                         -0.2066537              -5.6233
        39                         -0.1286997              -3.5021
       ...                                ...                  ...
        65                          0.7311875              19.8966
      -------------------------------------------------------------
                  HL-Gap            0.0836011 Eh            2.2749 eV
             Fermi-level           -0.3362830 Eh           -9.1507 eV

 SCC (total)                   0 d,  0 h,  0 min,  0.035 sec
 SCC setup                      ...        0 min,  0.000 sec (  0.316%)
 Dispersion                     ...        0 min,  0.000 sec (  0.299%)
 integral evaluation            ...        0 min,  0.009 sec ( 24.552%)
 zeroth order Hamiltonian       ...        0 min,  0.000 sec (  0.336%)
 iterations                     ...        0 min,  0.016 sec ( 45.270%)
 molecular gradient             ...        0 min,  0.010 sec ( 28.611%)
 printout                       ...        0 min,  0.000 sec (  0.578%)

         :::::::::::::::::::::::::::::::::::::::::::::::::::::
         ::                     SUMMARY                     ::
         :::::::::::::::::::::::::::::::::::::::::::::::::::::
         :: total energy             -38.423931787883 Eh    ::
         :: gradient norm              0.000818697971 Eh/a0 ::
         :: HOMO-LUMO gap              2.274901131374 eV    ::
         ::.................................................::
         :: SCC energy               -38.863733177896 Eh    ::
         :: -> isotropic ES            0.044412424774 Eh    ::
         :: -> anisotropic ES          0.003870201084 Eh    ::
         :: -> anisotropic XC          0.013806333099 Eh    ::
         :: -> dispersion             -0.020928784306 Eh    ::
         :: repulsion energy           0.439772321406 Eh    ::
         :: add. restraining           0.000000000000 Eh    ::
         :::::::::::::::::::::::::::::::::::::::::::::::::::::

           -------------------------------------------------
          |                Property Printout                |
           -------------------------------------------------

    * Orbital Energies and Occupations

         #    Occupation            Energy/Eh            Energy/eV
      -------------------------------------------------------------
         1        2.0000           -0.7499438             -20.4070
       ...           ...                  ...                  ...
        22        2.0000           -0.4920267             -13.3887
        23        2.0000           -0.4856150             -13.2143
        24        2.0000           -0.4811140             -13.0918
        25        2.0000           -0.4725791             -12.8595
        26        2.0000           -0.4693210             -12.7709
        27        2.0000           -0.4668365             -12.7033
        28        2.0000           -0.4500217             -12.2457
        29        2.0000           -0.4459069             -12.1337
        30        2.0000           -0.4335450             -11.7974
        31        2.0000           -0.4046430             -11.0109
        32        2.0000           -0.4011965             -10.9171
        33        2.0000           -0.3876458             -10.5484
        34        2.0000           -0.3780835             -10.2882 (HOMO)
        35                         -0.2944824              -8.0133 (LUMO)
        36                         -0.2101607              -5.7188
        37                         -0.2091340              -5.6908
        38                         -0.2066537              -5.6233
        39                         -0.1286997              -3.5021
        40                         -0.0960136              -2.6127
        41                         -0.0006821              -0.0186
        42                          0.0220531               0.6001
        43                          0.0223236               0.6075
        44                          0.0420654               1.1447
        45                          0.0549768               1.4960
       ...                                ...                  ...
        65                          0.7311875              19.8966
      -------------------------------------------------------------
                  HL-Gap            0.0836011 Eh            2.2749 eV
             Fermi-level           -0.3362830 Eh           -9.1507 eV

     #   Z        covCN         q      C6AA      α(0)
     1   6 C      2.911    -0.077    29.928     8.971
     2   6 C      2.849     0.131    25.131     8.216
     3   8 O      1.708    -0.250    18.147     5.752
     4   6 C      3.633     0.033    20.403     6.501
     5   6 C      2.859     0.120    25.360     8.254
     6   8 O      1.704    -0.264    18.384     5.789
     7   6 C      3.643     0.034    20.342     6.484
     8   6 C      2.906    -0.088    30.202     9.011
     9   6 C      3.353     0.068    23.806     7.681
    10   6 C      3.347     0.070    23.890     7.712
    11   7 N      1.853    -0.266    27.753     7.808
    12  16 S      2.691     0.307   129.156    19.128
    13   7 N      1.852    -0.270    27.851     7.822
    14   1 H      0.926     0.070     2.088     2.259
    15   1 H      0.924     0.063     2.161     2.299
    16   1 H      0.924     0.053     2.281     2.362
    17   1 H      0.924     0.053     2.283     2.363
    18   1 H      0.924     0.046     2.368     2.407
    19   1 H      0.924     0.046     2.368     2.406
    20   1 H      0.925     0.065     2.140     2.288
    21   1 H      0.926     0.056     2.247     2.344

 Mol. C6AA /au·bohr⁶  :       6731.234034
 Mol. C8AA /au·bohr⁸  :     178232.791134
 Mol. α(0) /au        :        127.857056


Wiberg/Mayer (AO) data.
largest (>0.10) Wiberg bond orders for each atom
          total WBO             WBO to atom ...
     1  C   3.980        C    2 1.489    C   10 1.262    H   14 0.962
     2  C   3.941        C    1 1.489    C    5 1.168    O    3 1.086
     3  O   2.249        C    2 1.086    C    4 0.975
     4  C   3.937        H   15 0.978    H   17 0.976    H   16 0.976    O    3 0.975
     5  C   3.936        C    8 1.505    C    2 1.168    O    6 1.061
     6  O   2.225        C    5 1.061    C    7 0.981
     7  C   3.942        O    6 0.981    H   20 0.979    H   18 0.975    H   19 0.975
     8  C   3.981        C    5 1.505    C    9 1.247    H   21 0.960
     9  C   3.978        N   13 1.391    C    8 1.247    C   10 1.150
    10  C   3.978        N   11 1.383    C    1 1.262    C    9 1.150
    11  N   3.078        S   12 1.417    C   10 1.383    N   13 0.166
    12  S   3.153        N   11 1.417    N   13 1.413
    13  N   3.078        S   12 1.413    C    9 1.391    N   11 0.166
    14  H   0.994        C    1 0.962
    15  H   0.995        C    4 0.978
    16  H   0.995        C    4 0.976
    17  H   0.995        C    4 0.976
    18  H   0.997        C    7 0.975
    19  H   0.997        C    7 0.975
    20  H   0.995        C    7 0.979
    21  H   0.997        C    8 0.960

molecular dipole:
                 x           y           z       tot (Debye)
 q only:       -0.941       0.491       0.030
   full:       -1.405       0.674       0.034       3.962
molecular quadrupole (traceless):
                xx          xy          yy          xz          yz          zz
 q only:       13.337      -2.744      -5.683      -0.007       0.315      -7.654
  q+dip:       11.463      -4.315      -6.366      -0.439      -0.032      -5.097
   full:       11.459      -4.504      -7.689      -0.509      -0.281      -3.770

           -------------------------------------------------
          |                Geometry Summary                 |
           -------------------------------------------------

      molecular mass/u    :      196.2234000
   center of mass at/Å    :       -1.1131747      -0.1060890       0.0579600
  moments of inertia/u·Å² :        0.3266485E+03   0.1105879E+04   0.1426095E+04
rotational constants/cm⁻¹ :        0.5160786E-01   0.1524365E-01   0.1182083E-01

 * 21 selected distances

     #   Z        #   Z                                     value/Å
     1   6 C      2   6 C                                 1.3761991
     2   6 C      3   8 O                                 1.3573104
     3   8 O      4   6 C                                 1.4097529
     5   6 C      6   8 O                                 1.3656420
     6   8 O      7   6 C                                 1.4073930
     5   6 C      8   6 C                                 1.3721445
     8   6 C      9   6 C                                 1.4023651
     1   6 C     10   6 C                                 1.3984948
     9   6 C     10   6 C                                 1.4375332
    10   6 C     11   7 N                                 1.3322755
    11   7 N     12  16 S                                 1.6115164
     9   6 C     13   7 N                                 1.3309765
    12  16 S     13   7 N                                 1.6134316 (max)
     1   6 C     14   1 H                                 1.0769022
     4   6 C     15   1 H                                 1.0902074
     4   6 C     16   1 H                                 1.0918424
     4   6 C     17   1 H                                 1.0917940
     7   6 C     18   1 H                                 1.0938399
     7   6 C     19   1 H                                 1.0939330
     7   6 C     20   1 H                                 1.0887302
     8   6 C     21   1 H                                 1.0763787 (min)

 * 5 distinct bonds (by element types)

   Z      Z             #   av. dist./Å        max./Å        min./Å
   1 H    6 C           8     1.0879535     1.0939330     1.0763787
   6 C    6 C           5     1.3973473     1.4375332     1.3721445
   6 C    7 N           2     1.3316260     1.3322755     1.3309765
   6 C    8 O           4     1.3850246     1.4097529     1.3573104
   7 N   16 S           2     1.6124740     1.6134316     1.6115164


optimized geometry written to: xtbopt.xyz


           -------------------------------------------------
          | TOTAL ENERGY              -38.423931787883 Eh   |
          | GRADIENT NORM               0.000818697971 Eh/α |
          | HOMO-LUMO GAP               2.274901131374 eV   |
           -------------------------------------------------

------------------------------------------------------------------------
 * finished run on 2021/02/19 at 08:10:12.818     
------------------------------------------------------------------------
 total:
 * wall-time:     0 d,  0 h,  0 min,  1.760 sec
 *  cpu-time:     0 d,  0 h,  0 min,  1.344 sec
 * ratio c/w:     0.763 speedup
 SCF:
 * wall-time:     0 d,  0 h,  0 min,  0.056 sec
 *  cpu-time:     0 d,  0 h,  0 min,  0.030 sec
 * ratio c/w:     0.539 speedup
 ANC optimizer:
 * wall-time:     0 d,  0 h,  0 min,  1.643 sec
 *  cpu-time:     0 d,  0 h,  0 min,  1.296 sec
 * ratio c/w:     0.789 speedup

