      -----------------------------------------------------------      
     |                   =====================                   |     
     |                           x T B                           |     
     |                   =====================                   |     
     |                         S. Grimme                         |     
     |          Mulliken Center for Theoretical Chemistry        |     
     |                    University of Bonn                     |     
     |                Version 6.2 RC2 (SAW190805)                |     
      -----------------------------------------------------------      

   This program is distributed in the hope that it will be useful,
   but WITHOUT ANY WARRANTY; without even the implied warranty of
   MERCHANTABILITY or FITNESS FOR A PARTICULAR PURPOSE.
   
   FOR NON-COMMERCIAL, ACADEMIA USE ONLY.
   
   Cite this work as:
   * S. Grimme, C. Bannwarth, P. Shushkov, J. Chem. Theory Comput., 2017,
     13, 1989-2009. DOI: 10.1021/acs.jctc.7b00118
   * C. Bannwarth, S. Ehlert and S. Grimme., J. Chem. Theory Comput., 2019,
     15, 1652-1671. DOI: 10.1021/acs.jctc.8b01176
   * P. Pracht, E. Caldeweyher, S. Ehlert, S. Grimme, ChemRxiv, 2019, preprint.
     DOI: 10.26434/chemrxiv.8326202.v1
   
   for DFT-D4:
   * E. Caldeweyher, C. Bannwarth and S. Grimme, J. Chem. Phys., 2017,
     147, 034112. DOI: 10.1063/1.4993215
   * E. Caldeweyher, S. Ehlert, A. Hansen, H. Neugebauer, S. Spicher,
     C. Bannwarth and S. Grimme, J. Chem. Phys., 2019, 150, 154122.
     DOI: 10.1063/1.5090222
   
   for sTDA-xTB:
   * S. Grimme and C. Bannwarth, J. Chem. Phys., 2016, 145, 054103.
     DOI: 10.1063/1.4959605
   
   in the mass-spec context:
   * V. Asgeirsson, C. Bauer and S. Grimme, Chem. Sci., 2017, 8, 4879.
     DOI: 10.1039/c7sc00601b
   
   for metadynamics refer to:
   * S. Grimme, J. Chem. Theory Comput., 2019, 155, 2847-2862
     DOI: 10.1021/acs.jctc.9b00143
   
   with help from (in alphabetical order)
   C. Bannwarth, F. Bohle, G. Brandenburg, E. Caldeweyher, M. Checinski,
   S. Dohm, S. Ehlert, S. Ehrlich, F. März, H. Neugebauer, J. Pisarek,
   P. Pracht, P. Shushkov, and S. Spicher.
   
 * started run on 2021/02/19 at 08:11:31.626     

           -------------------------------------------------
          |                Calculation Setup                |
           -------------------------------------------------

          program call               : /ihome/ghutchison/geoffh/xtb/xtb 24utl.xyz -opt
          hostname                   : smp-n135
          coordinate file            : 24utl.xyz
          omp threads                :                     1
          number of atoms            :                    17
          number of electrons        :                    50
          charge                     :                     0
          spin                       :                   0.0
          first test random number   :      0.89421769651049


########################################################################
# WARNING! Please study the warnings concerning your input carefully
#  - the use of '-opt' is discouraged, please use '--opt' next time
########################################################################

           ------------------------------------------------- 
          |                 G F N 2 - x T B                 |
          | Geometry, Frequencies, Noncovalent interactions |
          |            JCTC 2019 parametrisation            |
           ------------------------------------------------- 
             KAB for C  - Si     :                1.0500
             KAB for H  - Pd     :                0.9500
             k(s)              :                1.8500
             k(p)              :                2.2300
             k(d)              :                2.2300
             k(f)              :                2.0000
             kEN (H0ij)        :               -2.0000
             D4 a1             :                0.5200
             D4 a2             :                5.0000
             D4 s6             :                1.0000
             D4 s8             :                2.7000
             D4 s9             :                5.0000
             alphaj            :                2.0000

  Z AO/shell   Hii/eV     exponent
  1     Wed Apr 25 08:07:45 CEST 2018   EN: 2.200 GM2: 0.406  GM3: 0.0800  RAES: 1.40
     1s    -10.707211    1.230000
  6     Wed Apr 25 08:07:45 CEST 2018   EN: 2.550 GM2: 0.538  GM3: 0.1500  RAES: 3.00
     2s    -13.970922    2.096432
     2p    -10.063292    1.800000
  7     Wed Apr 25 08:07:45 CEST 2018   EN: 3.040 GM2: 0.461  GM3:-0.0640  RAES: 1.90
     2s    -16.686243    2.339881
     2p    -12.523956    2.014332

           ------------------------------------------------- 
          |        Self-Consistent Charge Iterations        |
           ------------------------------------------------- 

          ...................................................
          :                      SETUP                      :
          :.................................................:
          :  # basis functions                  47          :
          :  # atomic orbitals                  47          :
          :  # shells                           27          :
          :  # electrons                        50          :
          :  max. iterations                   250          :
          :  Hamiltonian                  GFN2-xTB          :
          :  restarted?                      false          :
          :  GBSA solvation                  false          :
          :  PC potential                    false          :
          :  electronic temp.          300.0000000     K    :
          :  accuracy                    1.0000000          :
          :  -> integral cutoff          0.2500000E+02      :
          :  -> integral neglect         0.1000000E-07      :
          :  -> SCF convergence          0.1000000E-05 Eh   :
          :  -> wf. convergence          0.1000000E-03 e    :
          :  Broyden damping             0.4000000          :
          ...................................................

 iter      E             dE          RMSdq      gap      omega  full diag
   1    -27.6511836 -0.276512E+02  0.431E+00    3.42       0.0  T
   2    -27.7112983 -0.601147E-01  0.284E+00    2.74       1.0  T
   3    -27.7201567 -0.885836E-02  0.164E+00    2.95       1.0  T
   4    -27.7260917 -0.593502E-02  0.578E-01    2.72       1.0  T
   5    -27.7295552 -0.346348E-02  0.112E-01    2.71       1.0  T
   6    -27.7296111 -0.558679E-04  0.554E-02    2.72       1.0  T
   7    -27.7296358 -0.247553E-04  0.207E-02    2.71       1.2  T
   8    -27.7296360 -0.188393E-06  0.123E-02    2.72       2.0  T
   9    -27.7296371 -0.114079E-05  0.236E-03    2.72      10.3  T
  10    -27.7296372 -0.487318E-07  0.994E-04    2.72      24.4  T
  11    -27.7296372 -0.435070E-08  0.471E-04    2.72      51.4  T

   *** convergence criteria satisfied after 11 iterations ***

         #    Occupation            Energy/Eh            Energy/eV
      -------------------------------------------------------------
         1        2.0000           -0.6967672             -18.9600
       ...           ...                  ...                  ...
        19        2.0000           -0.4756603             -12.9434
        20        2.0000           -0.4736238             -12.8880
        21        2.0000           -0.4668152             -12.7027
        22        2.0000           -0.4156044             -11.3092
        23        2.0000           -0.3926217             -10.6838
        24        2.0000           -0.3842428             -10.4558
        25        2.0000           -0.3772094             -10.2644 (HOMO)
        26                         -0.2773734              -7.5477 (LUMO)
        27                         -0.2372978              -6.4572
        28                         -0.1723625              -4.6902
        29                         -0.1344686              -3.6591
        30                         -0.0009649              -0.0263
       ...                                ...                  ...
        47                          0.6092606              16.5788
      -------------------------------------------------------------
                  HL-Gap            0.0998359 Eh            2.7167 eV
             Fermi-level           -0.3272914 Eh           -8.9061 eV

 SCC (total)                   0 d,  0 h,  0 min,  0.020 sec
 SCC setup                      ...        0 min,  0.000 sec (  1.121%)
 Dispersion                     ...        0 min,  0.000 sec (  1.041%)
 integral evaluation            ...        0 min,  0.004 sec ( 20.988%)
 zeroth order Hamiltonian       ...        0 min,  0.000 sec (  0.495%)
 iterations                     ...        0 min,  0.008 sec ( 39.041%)
 molecular gradient             ...        0 min,  0.007 sec ( 35.735%)
 printout                       ...        0 min,  0.000 sec (  1.337%)

         :::::::::::::::::::::::::::::::::::::::::::::::::::::
         ::                     SUMMARY                     ::
         :::::::::::::::::::::::::::::::::::::::::::::::::::::
         :: total energy             -27.332033089060 Eh    ::
         :: gradient norm              0.080591808176 Eh/a0 ::
         :: HOMO-LUMO gap              2.716673577655 eV    ::
         ::.................................................::
         :: SCC energy               -27.729637188997 Eh    ::
         :: -> isotropic ES            0.020427503968 Eh    ::
         :: -> anisotropic ES          0.006179975453 Eh    ::
         :: -> anisotropic XC          0.022571192456 Eh    ::
         :: -> dispersion             -0.015031345066 Eh    ::
         :: repulsion energy           0.397570794424 Eh    ::
         :: add. restraining           0.000000000000 Eh    ::
         :::::::::::::::::::::::::::::::::::::::::::::::::::::

      ----------------------------------------------------------- 
     |                   =====================                   |
     |                        A N C O P T                        |
     |                   =====================                   |
     |               Approximate Normal Coordinate               |
     |                Rational Function Optimizer                |
      ----------------------------------------------------------- 

          ...................................................
          :                      SETUP                      :
          :.................................................:
          :   optimization level            normal          :
          :   max. optcycles                   200          :
          :   ANC micro-cycles                  20          :
          :   degrees of freedom                45          :
          :.................................................:
          :   RF solver                   davidson          :
          :   input Hessian                  false          :
          :   write xtbopt.log                true          :
          :   linear?                        false          :
          :   energy convergence         0.5000000E-05 Eh   :
          :   grad. convergence          0.1000000E-02 Eh/α :
          :   maximium RF displ.         2.0000000          :
          :   Hlow (freq-cutoff)         0.5000000E-02      :
          :   Hmax (freq-cutoff)         5.0000000          :
          :   S6 in model hess.         20.0000000          :
          ...................................................

generating ANC from model Hessian ...
Using Lindh-Hessian (1995)
 Shifting diagonal of input Hessian by   5.045507299297237E-004
 Lowest  eigenvalues of input Hessian
   -0.000000   -0.000000   -0.000000    0.000000    0.000000    0.000000
    0.005000    0.008322    0.012573    0.013123    0.018288    0.029787
    0.039457    0.048745    0.057327    0.059535    0.076531    0.084771
 Highest eigenvalues
    1.790007    1.852639    1.937062    2.042313    2.089073    2.284295
 

........................................................................
.............................. CYCLE    1 ..............................
........................................................................
   1    -27.7296372 -0.277296E+02  0.153E-04    2.72       0.0  T
   2    -27.7296372 -0.120508E-09  0.885E-05    2.72     274.0  T
   3    -27.7296372 -0.513154E-10  0.456E-05    2.72     532.3  T
     SCC iter.                  ...        0 min,  0.002 sec
     gradient                   ...        0 min,  0.007 sec
 * total energy  :   -27.3320331 Eh     change       -0.1066240E-07 Eh
   gradient norm :     0.0805936 Eh/α   predicted     0.0000000E+00 (-100.00%)
   displ. norm   :     0.1838947 α      lambda       -0.8759895E-02
   maximum displ.:     0.0927787 α      in ANC's #11, #24, #15, ...

........................................................................
.............................. CYCLE    2 ..............................
........................................................................
   1    -27.7565533 -0.277566E+02  0.217E-01    2.76       0.0  T
   2    -27.7566624 -0.109062E-03  0.112E-01    2.77       1.0  T
   3    -27.7566698 -0.737825E-05  0.697E-02    2.77       1.0  T
   4    -27.7566884 -0.186369E-04  0.160E-02    2.77       1.5  T
   5    -27.7566907 -0.233717E-05  0.477E-03    2.76       5.1  T
   6    -27.7566908 -0.492680E-07  0.224E-03    2.76      10.8  T
     SCC iter.                  ...        0 min,  0.004 sec
     gradient                   ...        0 min,  0.007 sec
 * total energy  :   -27.3381813 Eh     change       -0.6148201E-02 Eh
   gradient norm :     0.0480860 Eh/α   predicted    -0.4528066E-02 ( -26.35%)
   displ. norm   :     0.1130674 α      lambda       -0.3162925E-02
   maximum displ.:     0.0533468 α      in ANC's #11, #24, #18, ...

........................................................................
.............................. CYCLE    3 ..............................
........................................................................
   1    -27.7696259 -0.277696E+02  0.189E-01    2.75       0.0  T
   2    -27.7697106 -0.847121E-04  0.916E-02    2.77       1.0  T
   3    -27.7697173 -0.664567E-05  0.639E-02    2.76       1.0  T
   4    -27.7697384 -0.211072E-04  0.129E-02    2.77       1.9  T
   5    -27.7697399 -0.155204E-05  0.395E-03    2.76       6.1  T
   6    -27.7697400 -0.461719E-07  0.191E-03    2.76      12.7  T
     SCC iter.                  ...        0 min,  0.004 sec
     gradient                   ...        0 min,  0.007 sec
 * total energy  :   -27.3399013 Eh     change       -0.1720028E-02 Eh
   gradient norm :     0.0182041 Eh/α   predicted    -0.1601677E-02 (  -6.88%)
   displ. norm   :     0.0412320 α      lambda       -0.3331195E-03
   maximum displ.:     0.0266965 α      in ANC's #12, #3, #15, ...

........................................................................
.............................. CYCLE    4 ..............................
........................................................................
   1    -27.7675673 -0.277676E+02  0.449E-02    2.75       0.0  T
   2    -27.7675728 -0.554904E-05  0.254E-02    2.77       1.0  T
   3    -27.7675761 -0.331241E-05  0.173E-02    2.76       1.4  T
   4    -27.7675777 -0.155771E-05  0.257E-03    2.76       9.4  T
   5    -27.7675777 -0.204728E-07  0.897E-04    2.76      27.0  T
     SCC iter.                  ...        0 min,  0.003 sec
     gradient                   ...        0 min,  0.007 sec
 * total energy  :   -27.3401431 Eh     change       -0.2417819E-03 Eh
   gradient norm :     0.0089177 Eh/α   predicted    -0.1668412E-03 ( -31.00%)
   displ. norm   :     0.0407270 α      lambda       -0.1619068E-03
   maximum displ.:     0.0229966 α      in ANC's #15, #3, #12, ...

........................................................................
.............................. CYCLE    5 ..............................
........................................................................
   1    -27.7652662 -0.277653E+02  0.394E-02    2.75       0.0  T
   2    -27.7652715 -0.522482E-05  0.238E-02    2.77       1.0  T
   3    -27.7652749 -0.348274E-05  0.146E-02    2.76       1.7  T
   4    -27.7652757 -0.800604E-06  0.256E-03    2.76       9.5  T
   5    -27.7652758 -0.308753E-07  0.939E-04    2.76      25.8  T
     SCC iter.                  ...        0 min,  0.003 sec
     gradient                   ...        0 min,  0.007 sec
 * total energy  :   -27.3402321 Eh     change       -0.8899317E-04 Eh
   gradient norm :     0.0028146 Eh/α   predicted    -0.8108843E-04 (  -8.88%)
   displ. norm   :     0.0079978 α      lambda       -0.8440955E-05
   maximum displ.:     0.0049238 α      in ANC's #3, #15, #11, ...

........................................................................
.............................. CYCLE    6 ..............................
........................................................................
   1    -27.7653221 -0.277653E+02  0.769E-03    2.76       0.0  T
   2    -27.7653223 -0.249821E-06  0.461E-03    2.77       5.3  T
   3    -27.7653224 -0.113907E-06  0.264E-03    2.76       9.2  T
   4    -27.7653225 -0.183152E-07  0.744E-04    2.76      32.6  T
   5    -27.7653225 -0.671491E-08  0.209E-04    2.76     115.8  T
     SCC iter.                  ...        0 min,  0.003 sec
     gradient                   ...        0 min,  0.007 sec
 * total energy  :   -27.3402381 Eh     change       -0.5966728E-05 Eh
   gradient norm :     0.0016643 Eh/α   predicted    -0.4219275E-05 ( -29.29%)
   displ. norm   :     0.0089088 α      lambda       -0.3734517E-05
   maximum displ.:     0.0058003 α      in ANC's #3, #12, #15, ...

........................................................................
.............................. CYCLE    7 ..............................
........................................................................
   1    -27.7656763 -0.277657E+02  0.895E-03    2.77       0.0  T
   2    -27.7656767 -0.351253E-06  0.515E-03    2.77       4.7  T
   3    -27.7656768 -0.113683E-06  0.291E-03    2.77       8.3  T
   4    -27.7656768 -0.175275E-07  0.999E-04    2.77      24.3  T
   5    -27.7656768 -0.149146E-07  0.233E-04    2.77     104.2  T
     SCC iter.                  ...        0 min,  0.003 sec
     gradient                   ...        0 min,  0.007 sec
 * total energy  :   -27.3402400 Eh     change       -0.1944108E-05 Eh
   gradient norm :     0.0005382 Eh/α   predicted    -0.1867006E-05 (  -3.97%)
   displ. norm   :     0.0025685 α      lambda       -0.4490080E-06
   maximum displ.:     0.0018033 α      in ANC's #15, #3, #11, ...

   *** GEOMETRY OPTIMIZATION CONVERGED AFTER 7 ITERATIONS ***

------------------------------------------------------------------------
 total energy gain   :        -0.0082069 Eh       -5.1499 kcal/mol
 total RMSD          :         0.0710553 a0        0.0376 Å
 total power (kW/mol):        -3.0781827 (step) -196.5940 (real)
------------------------------------------------------------------------

 ANCopt (total)                0 d,  0 h,  0 min,  0.110 sec
 optimizer setup                ...        0 min,  0.000 sec (  0.100%)
 model hessian                  ...        0 min,  0.003 sec (  2.450%)
 ANC generation                 ...        0 min,  0.000 sec (  0.422%)
 coordinate transformation      ...        0 min,  0.000 sec (  0.078%)
 single point calculation       ...        0 min,  0.104 sec ( 94.736%)
 optimization log               ...        0 min,  0.001 sec (  0.512%)
 hessian update                 ...        0 min,  0.000 sec (  0.065%)
 rational function              ...        0 min,  0.001 sec (  1.165%)

================
 final structure:
================
$coord
   -1.66153419215607   -2.72221341760930   -0.00382373631007      C 
   -3.88587123640956   -1.41818141596909   -0.00385452924079      C 
   -3.80139481741839    1.24865824196268   -0.00343247494050      C 
   -1.70673117341587    2.54849075977996   -0.00283740455587      N 
    0.45647165250184    1.30184401787620   -0.00273277696649      C 
    2.76568914732970    2.19927546359832   -0.00220504375271      N 
    4.31083251177877    0.17923190407622   -0.00239731397228      C 
    2.99427912182218   -2.07000310278160   -0.00312271664167      C 
    0.51481403205616   -1.39829419734288   -0.00328919344617      N 
    3.87001572520072   -4.73634319499542   -0.00367247727205      C 
   -1.54490665938346   -4.76241967332430   -0.00423020564794      H 
   -5.66635922805875   -2.40259020387137   -0.00425895364324      H 
   -5.52889177733705    2.33857594122096   -0.00316668371881      H 
    6.32260318337502    0.42749443178820   -0.00205514860516      H 
    5.92177067863465   -4.78322792130524   -0.00378081570857      H 
    3.18707975762187   -5.73330174208249   -1.67420162082209      H 
    3.18724547425781   -5.73394648712168    1.66653939210094      H 
$end
           -------------------------------------------------
          |                Final Singlepoint                |
           -------------------------------------------------

          ...................................................
          :                      SETUP                      :
          :.................................................:
          :  # basis functions                  47          :
          :  # atomic orbitals                  47          :
          :  # shells                           27          :
          :  # electrons                        50          :
          :  max. iterations                   250          :
          :  Hamiltonian                  GFN2-xTB          :
          :  restarted?                      false          :
          :  GBSA solvation                  false          :
          :  PC potential                    false          :
          :  electronic temp.          300.0000000     K    :
          :  accuracy                    1.0000000          :
          :  -> integral cutoff          0.2500000E+02      :
          :  -> integral neglect         0.1000000E-07      :
          :  -> SCF convergence          0.1000000E-05 Eh   :
          :  -> wf. convergence          0.1000000E-03 e    :
          :  Broyden damping             0.4000000          :
          ...................................................

 iter      E             dE          RMSdq      gap      omega  full diag
   1    -27.7656768 -0.277657E+02  0.808E-05    2.77       0.0  T
   2    -27.7656768 -0.269864E-10  0.471E-05    2.77     515.3  T
   3    -27.7656768 -0.177209E-10  0.282E-05    2.77     860.2  T

   *** convergence criteria satisfied after 3 iterations ***

         #    Occupation            Energy/Eh            Energy/eV
      -------------------------------------------------------------
         1        2.0000           -0.7000520             -19.0494
       ...           ...                  ...                  ...
        19        2.0000           -0.4781963             -13.0124
        20        2.0000           -0.4747442             -12.9184
        21        2.0000           -0.4667834             -12.7018
        22        2.0000           -0.4163751             -11.3301
        23        2.0000           -0.3899199             -10.6103
        24        2.0000           -0.3828194             -10.4170
        25        2.0000           -0.3782546             -10.2928 (HOMO)
        26                         -0.2764340              -7.5222 (LUMO)
        27                         -0.2333908              -6.3509
        28                         -0.1669029              -4.5417
        29                         -0.1231905              -3.3522
        30                          0.0244193               0.6645
       ...                                ...                  ...
        47                          0.6360743              17.3085
      -------------------------------------------------------------
                  HL-Gap            0.1018206 Eh            2.7707 eV
             Fermi-level           -0.3273443 Eh           -8.9075 eV

 SCC (total)                   0 d,  0 h,  0 min,  0.014 sec
 SCC setup                      ...        0 min,  0.000 sec (  0.976%)
 Dispersion                     ...        0 min,  0.000 sec (  0.799%)
 integral evaluation            ...        0 min,  0.004 sec ( 28.665%)
 zeroth order Hamiltonian       ...        0 min,  0.000 sec (  0.593%)
 iterations                     ...        0 min,  0.002 sec ( 16.859%)
 molecular gradient             ...        0 min,  0.007 sec ( 50.241%)
 printout                       ...        0 min,  0.000 sec (  1.549%)

         :::::::::::::::::::::::::::::::::::::::::::::::::::::
         ::                     SUMMARY                     ::
         :::::::::::::::::::::::::::::::::::::::::::::::::::::
         :: total energy             -27.340240004682 Eh    ::
         :: gradient norm              0.000536862732 Eh/a0 ::
         :: HOMO-LUMO gap              2.770679126081 eV    ::
         ::.................................................::
         :: SCC energy               -27.765676806144 Eh    ::
         :: -> isotropic ES            0.020558310372 Eh    ::
         :: -> anisotropic ES          0.005740226710 Eh    ::
         :: -> anisotropic XC          0.021324800354 Eh    ::
         :: -> dispersion             -0.015112383027 Eh    ::
         :: repulsion energy           0.425404354743 Eh    ::
         :: add. restraining           0.000000000000 Eh    ::
         :::::::::::::::::::::::::::::::::::::::::::::::::::::

           -------------------------------------------------
          |                Property Printout                |
           -------------------------------------------------

    * Orbital Energies and Occupations

         #    Occupation            Energy/Eh            Energy/eV
      -------------------------------------------------------------
         1        2.0000           -0.7000520             -19.0494
       ...           ...                  ...                  ...
        13        2.0000           -0.5308192             -14.4443
        14        2.0000           -0.5095495             -13.8655
        15        2.0000           -0.5063766             -13.7792
        16        2.0000           -0.4942408             -13.4490
        17        2.0000           -0.4878008             -13.2737
        18        2.0000           -0.4875516             -13.2670
        19        2.0000           -0.4781963             -13.0124
        20        2.0000           -0.4747442             -12.9184
        21        2.0000           -0.4667834             -12.7018
        22        2.0000           -0.4163751             -11.3301
        23        2.0000           -0.3899199             -10.6103
        24        2.0000           -0.3828194             -10.4170
        25        2.0000           -0.3782546             -10.2928 (HOMO)
        26                         -0.2764340              -7.5222 (LUMO)
        27                         -0.2333908              -6.3509
        28                         -0.1669029              -4.5417
        29                         -0.1231905              -3.3522
        30                          0.0244193               0.6645
        31                          0.0793191               2.1584
        32                          0.0977650               2.6603
        33                          0.1259314               3.4268
        34                          0.1358168               3.6958
        35                          0.1571367               4.2759
        36                          0.1678850               4.5684
       ...                                ...                  ...
        47                          0.6360743              17.3085
      -------------------------------------------------------------
                  HL-Gap            0.1018206 Eh            2.7707 eV
             Fermi-level           -0.3273443 Eh           -8.9075 eV

     #   Z        covCN         q      C6AA      α(0)
     1   6 C      2.856     0.028    27.367     8.574
     2   6 C      2.910    -0.058    29.447     8.898
     3   6 C      2.923     0.062    26.618     8.461
     4   7 N      1.833    -0.220    26.630     7.647
     5   6 C      3.188     0.205    23.259     7.868
     6   7 N      1.886    -0.276    28.003     7.845
     7   6 C      3.164     0.026    27.092     8.507
     8   6 C      3.018     0.013    27.711     8.635
     9   7 N      2.869    -0.012    21.484     6.884
    10   6 C      3.753    -0.106    22.589     6.777
    11   1 H      0.925     0.047     2.357     2.401
    12   1 H      0.926     0.047     2.355     2.400
    13   1 H      0.926     0.051     2.312     2.378
    14   1 H      0.926     0.043     2.404     2.425
    15   1 H      0.925     0.055     2.264     2.353
    16   1 H      0.924     0.048     2.346     2.395
    17   1 H      0.924     0.048     2.346     2.395

 Mol. C6AA /au·bohr⁶  :       3792.915082
 Mol. C8AA /au·bohr⁸  :      90375.571884
 Mol. α(0) /au        :         96.843211


Wiberg/Mayer (AO) data.
largest (>0.10) Wiberg bond orders for each atom
          total WBO             WBO to atom ...
     1  C   3.970        C    2 1.563    N    9 1.229    H   11 0.961
     2  C   3.989        C    1 1.563    C    3 1.287    H   12 0.969
     3  C   3.976        N    4 1.535    C    2 1.287    H   13 0.963
     4  N   3.100        C    3 1.535    C    5 1.320
     5  C   3.953        N    6 1.433    N    4 1.320    N    9 0.998
     6  N   3.035        C    5 1.433    C    7 1.340
     7  C   3.979        C    8 1.475    N    6 1.340    H   14 0.969
     8  C   3.940        C    7 1.475    N    9 1.199    C   10 1.029
     9  N   3.687        C    1 1.229    C    8 1.199    C    5 0.998
    10  C   3.996        C    8 1.029    H   15 0.983    H   16 0.972    H   17 0.972
    11  H   0.998        C    1 0.961
    12  H   0.997        C    2 0.969
    13  H   0.997        C    3 0.963
    14  H   0.997        C    7 0.969
    15  H   0.997        C   10 0.983
    16  H   0.996        C   10 0.972
    17  H   0.996        C   10 0.972

molecular dipole:
                 x           y           z       tot (Debye)
 q only:       -0.335      -1.329      -0.000
   full:       -0.497      -2.187      -0.001       5.700
molecular quadrupole (traceless):
                xx          xy          yy          xz          yz          zz
 q only:        3.319      -3.047      -0.775       0.002       0.006      -2.544
  q+dip:        5.406      -3.647      -2.166       0.002       0.010      -3.240
   full:        4.216      -3.899      -3.663       0.002       0.009      -0.554

           -------------------------------------------------
          |                Geometry Summary                 |
           -------------------------------------------------

      molecular mass/u    :      133.1524000
   center of mass at/Å    :        0.2201204      -0.2884966      -0.0016642
  moments of inertia/u·Å² :        0.1836976E+03   0.3614328E+03   0.5419804E+03
rotational constants/cm⁻¹ :        0.9176840E-01   0.4664113E-01   0.3110377E-01

 * 18 selected distances

     #   Z        #   Z                                     value/Å
     1   6 C      2   6 C                                 1.3644335
     2   6 C      3   6 C                                 1.4119388
     3   6 C      4   7 N                                 1.3045245
     4   7 N      5   6 C                                 1.3212036
     5   6 C      6   7 N                                 1.3110220
     6   7 N      7   6 C                                 1.3458221
     7   6 C      8   6 C                                 1.3791512
     1   6 C      9   7 N                                 1.3480269
     5   6 C      9   7 N                                 1.4291853
     8   6 C      9   7 N                                 1.3593718
     8   6 C     10   6 C                                 1.4851211 (max)
     1   6 C     11   1 H                                 1.0813933
     2   6 C     12   1 H                                 1.0766122
     3   6 C     13   1 H                                 1.0808912
     7   6 C     14   1 H                                 1.0726588 (min)
    10   6 C     15   1 H                                 1.0860255
    10   6 C     16   1 H                                 1.0910546
    10   6 C     17   1 H                                 1.0910546

 * 3 distinct bonds (by element types)

   Z      Z             #   av. dist./Å        max./Å        min./Å
   1 H    6 C           7     1.0828129     1.0910546     1.0726588
   6 C    6 C           4     1.4101612     1.4851211     1.3644335
   6 C    7 N           7     1.3455937     1.4291853     1.3045245


optimized geometry written to: xtbopt.xyz


           -------------------------------------------------
          | TOTAL ENERGY              -27.340240004682 Eh   |
          | GRADIENT NORM               0.000536862732 Eh/α |
          | HOMO-LUMO GAP               2.770679126081 eV   |
           -------------------------------------------------

------------------------------------------------------------------------
 * finished run on 2021/02/19 at 08:11:31.786     
------------------------------------------------------------------------
 total:
 * wall-time:     0 d,  0 h,  0 min,  0.160 sec
 *  cpu-time:     0 d,  0 h,  0 min,  0.159 sec
 * ratio c/w:     0.989 speedup
 SCF:
 * wall-time:     0 d,  0 h,  0 min,  0.020 sec
 *  cpu-time:     0 d,  0 h,  0 min,  0.020 sec
 * ratio c/w:     0.997 speedup
 ANC optimizer:
 * wall-time:     0 d,  0 h,  0 min,  0.124 sec
 *  cpu-time:     0 d,  0 h,  0 min,  0.124 sec
 * ratio c/w:     0.997 speedup

