      -----------------------------------------------------------      
     |                   =====================                   |     
     |                           x T B                           |     
     |                   =====================                   |     
     |                         S. Grimme                         |     
     |          Mulliken Center for Theoretical Chemistry        |     
     |                    University of Bonn                     |     
     |                Version 6.2 RC2 (SAW190805)                |     
      -----------------------------------------------------------      

   This program is distributed in the hope that it will be useful,
   but WITHOUT ANY WARRANTY; without even the implied warranty of
   MERCHANTABILITY or FITNESS FOR A PARTICULAR PURPOSE.
   
   FOR NON-COMMERCIAL, ACADEMIA USE ONLY.
   
   Cite this work as:
   * S. Grimme, C. Bannwarth, P. Shushkov, J. Chem. Theory Comput., 2017,
     13, 1989-2009. DOI: 10.1021/acs.jctc.7b00118
   * C. Bannwarth, S. Ehlert and S. Grimme., J. Chem. Theory Comput., 2019,
     15, 1652-1671. DOI: 10.1021/acs.jctc.8b01176
   * P. Pracht, E. Caldeweyher, S. Ehlert, S. Grimme, ChemRxiv, 2019, preprint.
     DOI: 10.26434/chemrxiv.8326202.v1
   
   for DFT-D4:
   * E. Caldeweyher, C. Bannwarth and S. Grimme, J. Chem. Phys., 2017,
     147, 034112. DOI: 10.1063/1.4993215
   * E. Caldeweyher, S. Ehlert, A. Hansen, H. Neugebauer, S. Spicher,
     C. Bannwarth and S. Grimme, J. Chem. Phys., 2019, 150, 154122.
     DOI: 10.1063/1.5090222
   
   for sTDA-xTB:
   * S. Grimme and C. Bannwarth, J. Chem. Phys., 2016, 145, 054103.
     DOI: 10.1063/1.4959605
   
   in the mass-spec context:
   * V. Asgeirsson, C. Bauer and S. Grimme, Chem. Sci., 2017, 8, 4879.
     DOI: 10.1039/c7sc00601b
   
   for metadynamics refer to:
   * S. Grimme, J. Chem. Theory Comput., 2019, 155, 2847-2862
     DOI: 10.1021/acs.jctc.9b00143
   
   with help from (in alphabetical order)
   C. Bannwarth, F. Bohle, G. Brandenburg, E. Caldeweyher, M. Checinski,
   S. Dohm, S. Ehlert, S. Ehrlich, F. März, H. Neugebauer, J. Pisarek,
   P. Pracht, P. Shushkov, and S. Spicher.
   
 * started run on 2021/02/19 at 08:12:12.321     

           -------------------------------------------------
          |                Calculation Setup                |
           -------------------------------------------------

          program call               : /ihome/ghutchison/geoffh/xtb/xtb 2dtl.xyz -opt
          hostname                   : smp-n135
          coordinate file            : 2dtl.xyz
          omp threads                :                     1
          number of atoms            :                    15
          number of electrons        :                    44
          charge                     :                     0
          spin                       :                   0.0
          first test random number   :      0.08335235392905


########################################################################
# WARNING! Please study the warnings concerning your input carefully
#  - the use of '-opt' is discouraged, please use '--opt' next time
########################################################################

           ------------------------------------------------- 
          |                 G F N 2 - x T B                 |
          | Geometry, Frequencies, Noncovalent interactions |
          |            JCTC 2019 parametrisation            |
           ------------------------------------------------- 
             KAB for C  - Si     :                1.0500
             KAB for H  - Pd     :                0.9500
             k(s)              :                1.8500
             k(p)              :                2.2300
             k(d)              :                2.2300
             k(f)              :                2.0000
             kEN (H0ij)        :               -2.0000
             D4 a1             :                0.5200
             D4 a2             :                5.0000
             D4 s6             :                1.0000
             D4 s8             :                2.7000
             D4 s9             :                5.0000
             alphaj            :                2.0000

  Z AO/shell   Hii/eV     exponent
  1     Wed Apr 25 08:07:45 CEST 2018   EN: 2.200 GM2: 0.406  GM3: 0.0800  RAES: 1.40
     1s    -10.707211    1.230000
  6     Wed Apr 25 08:07:45 CEST 2018   EN: 2.550 GM2: 0.538  GM3: 0.1500  RAES: 3.00
     2s    -13.970922    2.096432
     2p    -10.063292    1.800000
  8     Wed Apr 25 08:07:45 CEST 2018   EN: 3.440 GM2: 0.452  GM3:-0.0517  RAES: 1.80
     2s    -20.229985    2.439742
     2p    -15.503117    2.137023

           ------------------------------------------------- 
          |        Self-Consistent Charge Iterations        |
           ------------------------------------------------- 

          ...................................................
          :                      SETUP                      :
          :.................................................:
          :  # basis functions                  42          :
          :  # atomic orbitals                  42          :
          :  # shells                           24          :
          :  # electrons                        44          :
          :  max. iterations                   250          :
          :  Hamiltonian                  GFN2-xTB          :
          :  restarted?                      false          :
          :  GBSA solvation                  false          :
          :  PC potential                    false          :
          :  electronic temp.          300.0000000     K    :
          :  accuracy                    1.0000000          :
          :  -> integral cutoff          0.2500000E+02      :
          :  -> integral neglect         0.1000000E-07      :
          :  -> SCF convergence          0.1000000E-05 Eh   :
          :  -> wf. convergence          0.1000000E-03 e    :
          :  Broyden damping             0.4000000          :
          ...................................................

 iter      E             dE          RMSdq      gap      omega  full diag
   1    -24.6051026 -0.246051E+02  0.477E+00    3.65       0.0  T
   2    -24.6176742 -0.125716E-01  0.301E+00    3.62       1.0  T
   3    -24.5958087  0.218655E-01  0.162E+00    3.70       1.0  T
   4    -24.6243929 -0.285842E-01  0.281E-01    3.63       1.0  T
   5    -24.6247749 -0.382025E-03  0.131E-01    3.63       1.0  T
   6    -24.6249265 -0.151631E-03  0.401E-02    3.63       1.0  T
   7    -24.6249289 -0.243472E-05  0.205E-02    3.63       1.3  T
   8    -24.6249304 -0.146204E-05  0.748E-03    3.63       3.4  T
   9    -24.6249307 -0.241901E-06  0.185E-03    3.63      14.0  T
  10    -24.6249307 -0.295113E-07  0.955E-04    3.63      27.0  T
  11    -24.6249307 -0.159672E-08  0.317E-04    3.63      81.6  T

   *** convergence criteria satisfied after 11 iterations ***

         #    Occupation            Energy/Eh            Energy/eV
      -------------------------------------------------------------
         1        2.0000           -0.7343695             -19.9832
       ...           ...                  ...                  ...
        16        2.0000           -0.4702019             -12.7948
        17        2.0000           -0.4690407             -12.7632
        18        2.0000           -0.4409294             -11.9983
        19        2.0000           -0.4336733             -11.8009
        20        2.0000           -0.4266033             -11.6085
        21        2.0000           -0.3996134             -10.8740
        22        2.0000           -0.3824748             -10.4077 (HOMO)
        23                         -0.2490338              -6.7766 (LUMO)
        24                         -0.2140109              -5.8235
        25                         -0.1784386              -4.8556
        26                         -0.0852702              -2.3203
        27                          0.0638024               1.7362
       ...                                ...                  ...
        42                          0.7096081              19.3094
      -------------------------------------------------------------
                  HL-Gap            0.1334410 Eh            3.6311 eV
             Fermi-level           -0.3157543 Eh           -8.5921 eV

 SCC (total)                   0 d,  0 h,  0 min,  0.014 sec
 SCC setup                      ...        0 min,  0.000 sec (  1.036%)
 Dispersion                     ...        0 min,  0.000 sec (  0.936%)
 integral evaluation            ...        0 min,  0.003 sec ( 22.622%)
 zeroth order Hamiltonian       ...        0 min,  0.000 sec (  0.450%)
 iterations                     ...        0 min,  0.005 sec ( 38.355%)
 molecular gradient             ...        0 min,  0.005 sec ( 35.049%)
 printout                       ...        0 min,  0.000 sec (  1.303%)

         :::::::::::::::::::::::::::::::::::::::::::::::::::::
         ::                     SUMMARY                     ::
         :::::::::::::::::::::::::::::::::::::::::::::::::::::
         :: total energy             -24.242048573834 Eh    ::
         :: gradient norm              0.055657295677 Eh/a0 ::
         :: HOMO-LUMO gap              3.631115197805 eV    ::
         ::.................................................::
         :: SCC energy               -24.624930681178 Eh    ::
         :: -> isotropic ES            0.010050778798 Eh    ::
         :: -> anisotropic ES          0.002407811172 Eh    ::
         :: -> anisotropic XC          0.011242590023 Eh    ::
         :: -> dispersion             -0.012656514200 Eh    ::
         :: repulsion energy           0.382865316912 Eh    ::
         :: add. restraining           0.000000000000 Eh    ::
         :::::::::::::::::::::::::::::::::::::::::::::::::::::

      ----------------------------------------------------------- 
     |                   =====================                   |
     |                        A N C O P T                        |
     |                   =====================                   |
     |               Approximate Normal Coordinate               |
     |                Rational Function Optimizer                |
      ----------------------------------------------------------- 

          ...................................................
          :                      SETUP                      :
          :.................................................:
          :   optimization level            normal          :
          :   max. optcycles                   200          :
          :   ANC micro-cycles                  20          :
          :   degrees of freedom                39          :
          :.................................................:
          :   RF solver                   davidson          :
          :   input Hessian                  false          :
          :   write xtbopt.log                true          :
          :   linear?                        false          :
          :   energy convergence         0.5000000E-05 Eh   :
          :   grad. convergence          0.1000000E-02 Eh/α :
          :   maximium RF displ.         2.0000000          :
          :   Hlow (freq-cutoff)         0.5000000E-02      :
          :   Hmax (freq-cutoff)         5.0000000          :
          :   S6 in model hess.         20.0000000          :
          ...................................................

generating ANC from model Hessian ...
Using Lindh-Hessian (1995)
 Shifting diagonal of input Hessian by   0.000000000000000E+000
 Lowest  eigenvalues of input Hessian
   -0.000000   -0.000000   -0.000000   -0.000000    0.000000    0.000000
    0.007923    0.009348    0.017844    0.020663    0.035487    0.040544
    0.059773    0.073972    0.079846    0.083762    0.090768    0.093192
 Highest eigenvalues
    1.636929    1.798493    1.871998    1.906134    2.010585    2.112063
 

........................................................................
.............................. CYCLE    1 ..............................
........................................................................
   1    -24.6249307 -0.246249E+02  0.126E-04    3.63       0.0  T
   2    -24.6249307 -0.252989E-10  0.737E-05    3.63     350.1  T
   3    -24.6249307 -0.657607E-11  0.509E-05    3.63     507.3  T
     SCC iter.                  ...        0 min,  0.002 sec
     gradient                   ...        0 min,  0.005 sec
 * total energy  :   -24.2420486 Eh     change       -0.1081849E-07 Eh
   gradient norm :     0.0556569 Eh/α   predicted     0.0000000E+00 (-100.00%)
   displ. norm   :     0.1315382 α      lambda       -0.3843408E-02
   maximum displ.:     0.0631110 α      in ANC's #19, #6, #14, ...

........................................................................
.............................. CYCLE    2 ..............................
........................................................................
   1    -24.6458174 -0.246458E+02  0.127E-01    3.80       0.0  T
   2    -24.6458309 -0.135596E-04  0.796E-02    3.80       1.0  T
   3    -24.6458239  0.705249E-05  0.454E-02    3.80       1.0  T
   4    -24.6458390 -0.150638E-04  0.878E-03    3.80       2.9  T
   5    -24.6458398 -0.811813E-06  0.341E-03    3.80       7.6  T
   6    -24.6458398 -0.222271E-07  0.162E-03    3.80      15.9  T
     SCC iter.                  ...        0 min,  0.002 sec
     gradient                   ...        0 min,  0.005 sec
 * total energy  :   -24.2444494 Eh     change       -0.2400865E-02 Eh
   gradient norm :     0.0195417 Eh/α   predicted    -0.1954953E-02 ( -18.57%)
   displ. norm   :     0.0481590 α      lambda       -0.4407234E-03
   maximum displ.:     0.0328510 α      in ANC's #6, #15, #19, ...

........................................................................
.............................. CYCLE    3 ..............................
........................................................................
   1    -24.6504836 -0.246505E+02  0.561E-02    3.86       0.0  T
   2    -24.6504896 -0.603433E-05  0.377E-02    3.86       1.0  T
   3    -24.6504930 -0.337246E-05  0.222E-02    3.86       1.2  T
   4    -24.6504945 -0.149837E-05  0.489E-03    3.86       5.3  T
   5    -24.6504947 -0.235321E-06  0.170E-03    3.86      15.2  T
   6    -24.6504948 -0.136813E-07  0.814E-04    3.86      31.7  T
     SCC iter.                  ...        0 min,  0.003 sec
     gradient                   ...        0 min,  0.005 sec
 * total energy  :   -24.2446984 Eh     change       -0.2489247E-03 Eh
   gradient norm :     0.0055274 Eh/α   predicted    -0.2208747E-03 ( -11.27%)
   displ. norm   :     0.0181463 α      lambda       -0.4228429E-04
   maximum displ.:     0.0132787 α      in ANC's #6, #14, #11, ...

........................................................................
.............................. CYCLE    4 ..............................
........................................................................
   1    -24.6498202 -0.246498E+02  0.192E-02    3.86       0.0  T
   2    -24.6498213 -0.111020E-05  0.135E-02    3.86       1.9  T
   3    -24.6498222 -0.849503E-06  0.723E-03    3.86       3.6  T
   4    -24.6498223 -0.945526E-07  0.208E-03    3.86      12.4  T
   5    -24.6498223 -0.212974E-07  0.716E-04    3.86      36.0  T
     SCC iter.                  ...        0 min,  0.002 sec
     gradient                   ...        0 min,  0.005 sec
 * total energy  :   -24.2447267 Eh     change       -0.2831809E-04 Eh
   gradient norm :     0.0022921 Eh/α   predicted    -0.2115004E-04 ( -25.31%)
   displ. norm   :     0.0118119 α      lambda       -0.1084820E-04
   maximum displ.:     0.0089807 α      in ANC's #6, #14, #11, ...

........................................................................
.............................. CYCLE    5 ..............................
........................................................................
   1    -24.6491878 -0.246492E+02  0.123E-02    3.86       0.0  T
   2    -24.6491882 -0.420387E-06  0.844E-03    3.86       3.1  T
   3    -24.6491885 -0.266870E-06  0.465E-03    3.86       5.6  T
   4    -24.6491885 -0.569411E-07  0.133E-03    3.86      19.4  T
   5    -24.6491885 -0.860142E-08  0.422E-04    3.86      61.2  T
   6    -24.6491885 -0.145076E-08  0.125E-04    3.86     206.2  T
     SCC iter.                  ...        0 min,  0.002 sec
     gradient                   ...        0 min,  0.005 sec
 * total energy  :   -24.2447326 Eh     change       -0.5891867E-05 Eh
   gradient norm :     0.0006149 Eh/α   predicted    -0.5423924E-05 (  -7.94%)
   displ. norm   :     0.0033723 α      lambda       -0.4777912E-06
   maximum displ.:     0.0028720 α      in ANC's #6, #14, #11, ...

........................................................................
.............................. CYCLE    6 ..............................
........................................................................
   1    -24.6491913 -0.246492E+02  0.342E-03    3.86       0.0  T
   2    -24.6491913 -0.232554E-07  0.220E-03    3.86      11.8  T
   3    -24.6491913 -0.556030E-08  0.129E-03    3.86      20.0  T
   4    -24.6491914 -0.818499E-08  0.333E-04    3.86      77.6  T
   5    -24.6491914 -0.882277E-09  0.834E-05    3.86     309.7  T
     SCC iter.                  ...        0 min,  0.002 sec
     gradient                   ...        0 min,  0.005 sec
 * total energy  :   -24.2447329 Eh     change       -0.3427072E-06 Eh
   gradient norm :     0.0001715 Eh/α   predicted    -0.2392787E-06 ( -30.18%)
   displ. norm   :     0.0006643 α      lambda       -0.4269555E-07
   maximum displ.:     0.0003831 α      in ANC's #12, #14, #13, ...

   *** GEOMETRY OPTIMIZATION CONVERGED AFTER 6 ITERATIONS ***

------------------------------------------------------------------------
 total energy gain   :        -0.0026844 Eh       -1.6845 kcal/mol
 total RMSD          :         0.0476769 a0        0.0252 Å
 total power (kW/mol):        -1.1746279 (step) -105.6970 (real)
------------------------------------------------------------------------

 ANCopt (total)                0 d,  0 h,  0 min,  0.067 sec
 optimizer setup                ...        0 min,  0.000 sec (  0.133%)
 model hessian                  ...        0 min,  0.001 sec (  1.918%)
 ANC generation                 ...        0 min,  0.000 sec (  0.364%)
 coordinate transformation      ...        0 min,  0.000 sec (  0.098%)
 single point calculation       ...        0 min,  0.064 sec ( 95.319%)
 optimization log               ...        0 min,  0.000 sec (  0.543%)
 hessian update                 ...        0 min,  0.000 sec (  0.063%)
 rational function              ...        0 min,  0.001 sec (  1.068%)

================
 final structure:
================
$coord
    3.95614612948476   -1.32166473742474    0.00042279573820      C 
    3.99671910723106    1.31703563465753   -0.00012181140867      C 
    1.79745448216288    2.71008419572884   -0.00000280196726      C 
   -0.49412629147318    1.41433888950975    0.00068376869379      C 
   -0.50180430802844   -1.25023038018542    0.00122824463945      C 
    1.71199906819304   -2.65097590054992    0.00110581194925      C 
   -2.90591757023082   -2.12448475113365    0.00184867578001      O 
   -4.42141070123894   -0.06356685337501    0.00169886325026      C 
   -3.10043903163944    2.12492458395921    0.00102935476942      C 
    5.72272818325509   -2.34207996021185    0.00030856540037      H 
    5.79823305453951    2.27613049962175   -0.00063994617800      H 
    1.83514150841065    4.74952552138673   -0.00041644362095      H 
    1.66417989769734   -4.68816362773352    0.00152863433097      H 
   -6.41803544203295   -0.41877041576057    0.00213232344321      H 
   -3.85343636638101    4.00284615399934    0.00079688250865      H 
$end
           -------------------------------------------------
          |                Final Singlepoint                |
           -------------------------------------------------

          ...................................................
          :                      SETUP                      :
          :.................................................:
          :  # basis functions                  42          :
          :  # atomic orbitals                  42          :
          :  # shells                           24          :
          :  # electrons                        44          :
          :  max. iterations                   250          :
          :  Hamiltonian                  GFN2-xTB          :
          :  restarted?                      false          :
          :  GBSA solvation                  false          :
          :  PC potential                    false          :
          :  electronic temp.          300.0000000     K    :
          :  accuracy                    1.0000000          :
          :  -> integral cutoff          0.2500000E+02      :
          :  -> integral neglect         0.1000000E-07      :
          :  -> SCF convergence          0.1000000E-05 Eh   :
          :  -> wf. convergence          0.1000000E-03 e    :
          :  Broyden damping             0.4000000          :
          ...................................................

 iter      E             dE          RMSdq      gap      omega  full diag
   1    -24.6491914 -0.246492E+02  0.362E-05    3.86       0.0  T
   2    -24.6491914 -0.177991E-11  0.175E-05    3.86    1471.3  T
   3    -24.6491914 -0.106581E-12  0.138E-05    3.86    1868.1  T

   *** convergence criteria satisfied after 3 iterations ***

         #    Occupation            Energy/Eh            Energy/eV
      -------------------------------------------------------------
         1        2.0000           -0.7363538             -20.0372
       ...           ...                  ...                  ...
        16        2.0000           -0.4722056             -12.8494
        17        2.0000           -0.4674231             -12.7192
        18        2.0000           -0.4401950             -11.9783
        19        2.0000           -0.4359876             -11.8638
        20        2.0000           -0.4248551             -11.5609
        21        2.0000           -0.3986570             -10.8480
        22        2.0000           -0.3854466             -10.4885 (HOMO)
        23                         -0.2436981              -6.6314 (LUMO)
        24                         -0.2130046              -5.7962
        25                         -0.1736461              -4.7252
        26                         -0.0819139              -2.2290
        27                          0.0715096               1.9459
       ...                                ...                  ...
        42                          0.7267686              19.7764
      -------------------------------------------------------------
                  HL-Gap            0.1417485 Eh            3.8572 eV
             Fermi-level           -0.3145724 Eh           -8.5599 eV

 SCC (total)                   0 d,  0 h,  0 min,  0.010 sec
 SCC setup                      ...        0 min,  0.000 sec (  1.123%)
 Dispersion                     ...        0 min,  0.000 sec (  0.768%)
 integral evaluation            ...        0 min,  0.003 sec ( 31.324%)
 zeroth order Hamiltonian       ...        0 min,  0.000 sec (  0.562%)
 iterations                     ...        0 min,  0.001 sec ( 14.696%)
 molecular gradient             ...        0 min,  0.005 sec ( 49.656%)
 printout                       ...        0 min,  0.000 sec (  1.499%)

         :::::::::::::::::::::::::::::::::::::::::::::::::::::
         ::                     SUMMARY                     ::
         :::::::::::::::::::::::::::::::::::::::::::::::::::::
         :: total energy             -24.244732921620 Eh    ::
         :: gradient norm              0.000171033748 Eh/a0 ::
         :: HOMO-LUMO gap              3.857174184283 eV    ::
         ::.................................................::
         :: SCC energy               -24.649191354816 Eh    ::
         :: -> isotropic ES            0.009750865770 Eh    ::
         :: -> anisotropic ES          0.002514674058 Eh    ::
         :: -> anisotropic XC          0.010314828392 Eh    ::
         :: -> dispersion             -0.012710660298 Eh    ::
         :: repulsion energy           0.404441343201 Eh    ::
         :: add. restraining           0.000000000000 Eh    ::
         :::::::::::::::::::::::::::::::::::::::::::::::::::::

           -------------------------------------------------
          |                Property Printout                |
           -------------------------------------------------

    * Orbital Energies and Occupations

         #    Occupation            Energy/Eh            Energy/eV
      -------------------------------------------------------------
         1        2.0000           -0.7363538             -20.0372
       ...           ...                  ...                  ...
        10        2.0000           -0.5464915             -14.8708
        11        2.0000           -0.5289545             -14.3936
        12        2.0000           -0.5129196             -13.9573
        13        2.0000           -0.4922064             -13.3936
        14        2.0000           -0.4839939             -13.1701
        15        2.0000           -0.4771046             -12.9827
        16        2.0000           -0.4722056             -12.8494
        17        2.0000           -0.4674231             -12.7192
        18        2.0000           -0.4401950             -11.9783
        19        2.0000           -0.4359876             -11.8638
        20        2.0000           -0.4248551             -11.5609
        21        2.0000           -0.3986570             -10.8480
        22        2.0000           -0.3854466             -10.4885 (HOMO)
        23                         -0.2436981              -6.6314 (LUMO)
        24                         -0.2130046              -5.7962
        25                         -0.1736461              -4.7252
        26                         -0.0819139              -2.2290
        27                          0.0715096               1.9459
        28                          0.1069011               2.9089
        29                          0.1181318               3.2145
        30                          0.1404634               3.8222
        31                          0.1643534               4.4723
        32                          0.1858690               5.0578
        33                          0.1985154               5.4019
       ...                                ...                  ...
        42                          0.7267686              19.7764
      -------------------------------------------------------------
                  HL-Gap            0.1417485 Eh            3.8572 eV
             Fermi-level           -0.3145724 Eh           -8.5599 eV

     #   Z        covCN         q      C6AA      α(0)
     1   6 C      2.927    -0.035    28.869     8.811
     2   6 C      2.921    -0.038    28.944     8.822
     3   6 C      2.912    -0.037    28.910     8.817
     4   6 C      3.096    -0.012    28.186     8.701
     5   6 C      3.125     0.122    25.146     8.211
     6   6 C      2.907    -0.051    29.269     8.871
     7   8 O      1.721    -0.201    17.352     5.624
     8   6 C      3.063     0.080    26.158     8.387
     9   6 C      2.982    -0.071    29.753     8.947
    10   1 H      0.926     0.038     2.479     2.462
    11   1 H      0.926     0.035     2.514     2.480
    12   1 H      0.926     0.036     2.500     2.473
    13   1 H      0.926     0.045     2.389     2.417
    14   1 H      0.926     0.048     2.342     2.393
    15   1 H      0.926     0.040     2.443     2.444

 Mol. C6AA /au·bohr⁶  :       3126.097009
 Mol. C8AA /au·bohr⁸  :      77970.536879
 Mol. α(0) /au        :         89.861918


Wiberg/Mayer (AO) data.
largest (>0.10) Wiberg bond orders for each atom
          total WBO             WBO to atom ...
     1  C   3.991        C    6 1.482    C    2 1.383    H   10 0.971
     2  C   3.992        C    3 1.500    C    1 1.383    H   11 0.971
     3  C   3.992        C    2 1.500    C    4 1.334    H   12 0.970    C    6 0.116
     4  C   3.986        C    3 1.334    C    5 1.276    C    9 1.199
     5  C   3.922        C    6 1.355    C    4 1.276    O    7 1.085
     6  C   3.989        C    1 1.482    C    5 1.355    H   13 0.968    C    3 0.116
     7  O   2.407        C    8 1.108    C    5 1.085
     8  C   3.916        C    9 1.668    O    7 1.108    H   14 0.966
     9  C   3.983        C    8 1.668    C    4 1.199    H   15 0.973
    10  H   0.998        C    1 0.971
    11  H   0.998        C    2 0.971
    12  H   0.999        C    3 0.970
    13  H   0.998        C    6 0.968
    14  H   0.997        C    8 0.966
    15  H   0.998        C    9 0.973

molecular dipole:
                 x           y           z       tot (Debye)
 q only:        0.047       0.232      -0.000
   full:       -0.035       0.217      -0.000       0.558
molecular quadrupole (traceless):
                xx          xy          yy          xz          yz          zz
 q only:        2.524      -1.803      -0.493      -0.000       0.000      -2.031
  q+dip:        4.187      -1.535       1.643      -0.002      -0.001      -5.830
   full:        2.974      -1.782      -0.031      -0.001       0.000      -2.943

           -------------------------------------------------
          |                Geometry Summary                 |
           -------------------------------------------------

      molecular mass/u    :      118.1348000
   center of mass at/Å    :       -0.0283985      -0.0134307       0.0004744
  moments of inertia/u·Å² :        0.1274951E+03   0.3009548E+03   0.4284499E+03
rotational constants/cm⁻¹ :        0.1322218E+00   0.5601384E-01   0.3934563E-01

 * 16 selected distances

     #   Z        #   Z                                     value/Å
     1   6 C      2   6 C                                 1.3965053
     2   6 C      3   6 C                                 1.3776253
     3   6 C      4   6 C                                 1.3930835
     4   6 C      5   6 C                                 1.4100353
     1   6 C      6   6 C                                 1.3802567
     5   6 C      6   6 C                                 1.3863044
     5   6 C      7   8 O                                 1.3537097
     7   8 O      8   6 C                                 1.3537118
     4   6 C      9   6 C                                 1.4295426 (max)
     8   6 C      9   6 C                                 1.3527143
     1   6 C     10   1 H                                 1.0795812
     2   6 C     11   1 H                                 1.0800034
     3   6 C     12   1 H                                 1.0794102
     6   6 C     13   1 H                                 1.0783304
     8   6 C     14   1 H                                 1.0731579
     9   6 C     15   1 H                                 1.0706649 (min)

 * 3 distinct bonds (by element types)

   Z      Z             #   av. dist./Å        max./Å        min./Å
   1 H    6 C           6     1.0768580     1.0800034     1.0706649
   6 C    6 C           8     1.3907584     1.4295426     1.3527143
   6 C    8 O           2     1.3537107     1.3537118     1.3537097


optimized geometry written to: xtbopt.xyz


           -------------------------------------------------
          | TOTAL ENERGY              -24.244732921620 Eh   |
          | GRADIENT NORM               0.000171033748 Eh/α |
          | HOMO-LUMO GAP               3.857174184283 eV   |
           -------------------------------------------------

------------------------------------------------------------------------
 * finished run on 2021/02/19 at 08:12:12.426     
------------------------------------------------------------------------
 total:
 * wall-time:     0 d,  0 h,  0 min,  0.105 sec
 *  cpu-time:     0 d,  0 h,  0 min,  0.104 sec
 * ratio c/w:     0.993 speedup
 SCF:
 * wall-time:     0 d,  0 h,  0 min,  0.014 sec
 *  cpu-time:     0 d,  0 h,  0 min,  0.014 sec
 * ratio c/w:     0.998 speedup
 ANC optimizer:
 * wall-time:     0 d,  0 h,  0 min,  0.077 sec
 *  cpu-time:     0 d,  0 h,  0 min,  0.077 sec
 * ratio c/w:     0.998 speedup

