      -----------------------------------------------------------      
     |                   =====================                   |     
     |                           x T B                           |     
     |                   =====================                   |     
     |                         S. Grimme                         |     
     |          Mulliken Center for Theoretical Chemistry        |     
     |                    University of Bonn                     |     
     |                Version 6.2 RC2 (SAW190805)                |     
      -----------------------------------------------------------      

   This program is distributed in the hope that it will be useful,
   but WITHOUT ANY WARRANTY; without even the implied warranty of
   MERCHANTABILITY or FITNESS FOR A PARTICULAR PURPOSE.
   
   FOR NON-COMMERCIAL, ACADEMIA USE ONLY.
   
   Cite this work as:
   * S. Grimme, C. Bannwarth, P. Shushkov, J. Chem. Theory Comput., 2017,
     13, 1989-2009. DOI: 10.1021/acs.jctc.7b00118
   * C. Bannwarth, S. Ehlert and S. Grimme., J. Chem. Theory Comput., 2019,
     15, 1652-1671. DOI: 10.1021/acs.jctc.8b01176
   * P. Pracht, E. Caldeweyher, S. Ehlert, S. Grimme, ChemRxiv, 2019, preprint.
     DOI: 10.26434/chemrxiv.8326202.v1
   
   for DFT-D4:
   * E. Caldeweyher, C. Bannwarth and S. Grimme, J. Chem. Phys., 2017,
     147, 034112. DOI: 10.1063/1.4993215
   * E. Caldeweyher, S. Ehlert, A. Hansen, H. Neugebauer, S. Spicher,
     C. Bannwarth and S. Grimme, J. Chem. Phys., 2019, 150, 154122.
     DOI: 10.1063/1.5090222
   
   for sTDA-xTB:
   * S. Grimme and C. Bannwarth, J. Chem. Phys., 2016, 145, 054103.
     DOI: 10.1063/1.4959605
   
   in the mass-spec context:
   * V. Asgeirsson, C. Bauer and S. Grimme, Chem. Sci., 2017, 8, 4879.
     DOI: 10.1039/c7sc00601b
   
   for metadynamics refer to:
   * S. Grimme, J. Chem. Theory Comput., 2019, 155, 2847-2862
     DOI: 10.1021/acs.jctc.9b00143
   
   with help from (in alphabetical order)
   C. Bannwarth, F. Bohle, G. Brandenburg, E. Caldeweyher, M. Checinski,
   S. Dohm, S. Ehlert, S. Ehrlich, F. März, H. Neugebauer, J. Pisarek,
   P. Pracht, P. Shushkov, and S. Spicher.
   
 * started run on 2021/02/19 at 08:12:40.263     

           -------------------------------------------------
          |                Calculation Setup                |
           -------------------------------------------------

          program call               : /ihome/ghutchison/geoffh/xtb/xtb 41u.xyz -opt
          hostname                   : smp-n167
          coordinate file            : 41u.xyz
          omp threads                :                     1
          number of atoms            :                    15
          number of electrons        :                    52
          charge                     :                     0
          spin                       :                   0.0
          first test random number   :      0.34120882908010


########################################################################
# WARNING! Please study the warnings concerning your input carefully
#  - the use of '-opt' is discouraged, please use '--opt' next time
########################################################################

           ------------------------------------------------- 
          |                 G F N 2 - x T B                 |
          | Geometry, Frequencies, Noncovalent interactions |
          |            JCTC 2019 parametrisation            |
           ------------------------------------------------- 
             KAB for C  - Si     :                1.0500
             KAB for H  - Pd     :                0.9500
             k(s)              :                1.8500
             k(p)              :                2.2300
             k(d)              :                2.2300
             k(f)              :                2.0000
             kEN (H0ij)        :               -2.0000
             D4 a1             :                0.5200
             D4 a2             :                5.0000
             D4 s6             :                1.0000
             D4 s8             :                2.7000
             D4 s9             :                5.0000
             alphaj            :                2.0000

  Z AO/shell   Hii/eV     exponent
  1     Wed Apr 25 08:07:45 CEST 2018   EN: 2.200 GM2: 0.406  GM3: 0.0800  RAES: 1.40
     1s    -10.707211    1.230000
  6     Wed Apr 25 08:07:45 CEST 2018   EN: 2.550 GM2: 0.538  GM3: 0.1500  RAES: 3.00
     2s    -13.970922    2.096432
     2p    -10.063292    1.800000
  7     Wed Apr 25 08:07:45 CEST 2018   EN: 3.040 GM2: 0.461  GM3:-0.0640  RAES: 1.90
     2s    -16.686243    2.339881
     2p    -12.523956    2.014332
 16     Tue Apr 24 11:44:34 CEST 2018   EN: 2.580 GM2: 0.340  GM3:-0.0502  RAES: 3.10
     3s    -20.029654    1.981333
     3p    -11.377694    2.025643
     3d     -0.420282    1.702555

           ------------------------------------------------- 
          |        Self-Consistent Charge Iterations        |
           ------------------------------------------------- 

          ...................................................
          :                      SETUP                      :
          :.................................................:
          :  # basis functions                  54          :
          :  # atomic orbitals                  53          :
          :  # shells                           27          :
          :  # electrons                        52          :
          :  max. iterations                   250          :
          :  Hamiltonian                  GFN2-xTB          :
          :  restarted?                      false          :
          :  GBSA solvation                  false          :
          :  PC potential                    false          :
          :  electronic temp.          300.0000000     K    :
          :  accuracy                    1.0000000          :
          :  -> integral cutoff          0.2500000E+02      :
          :  -> integral neglect         0.1000000E-07      :
          :  -> SCF convergence          0.1000000E-05 Eh   :
          :  -> wf. convergence          0.1000000E-03 e    :
          :  Broyden damping             0.4000000          :
          ...................................................

 iter      E             dE          RMSdq      gap      omega  full diag
   1    -28.3277410 -0.283277E+02  0.718E+00    2.22       0.0  T
   2    -28.1429619  0.184779E+00  0.610E+00    2.10       1.0  T
   3    -28.3058234 -0.162862E+00  0.380E+00    2.15       1.0  T
   4    -28.4467542 -0.140931E+00  0.691E-01    2.09       1.0  T
   5    -28.4473866 -0.632381E-03  0.406E-01    2.03       1.0  T
   6    -28.4492015 -0.181493E-02  0.121E-01    2.07       1.0  T
   7    -28.4492117 -0.101699E-04  0.615E-02    2.07       1.0  T
   8    -28.4492362 -0.244971E-04  0.302E-02    2.06       1.0  T
   9    -28.4492427 -0.654700E-05  0.982E-03    2.07       2.6  T
  10    -28.4492430 -0.328186E-06  0.429E-03    2.07       6.0  T
  11    -28.4492432 -0.157455E-06  0.206E-03    2.07      12.5  T
  12    -28.4492432  0.679768E-08  0.169E-03    2.07      15.3  T
  13    -28.4492432 -0.288037E-07  0.520E-04    2.07      49.7  T
  14    -28.4492432 -0.217594E-08  0.148E-04    2.07     174.1  T

   *** convergence criteria satisfied after 14 iterations ***

         #    Occupation            Energy/Eh            Energy/eV
      -------------------------------------------------------------
         1        2.0000           -0.7701037             -20.9556
       ...           ...                  ...                  ...
        20        2.0000           -0.4666436             -12.6980
        21        2.0000           -0.4655028             -12.6670
        22        2.0000           -0.4633632             -12.6088
        23        2.0000           -0.4569557             -12.4344
        24        2.0000           -0.4419608             -12.0264
        25        2.0000           -0.4335069             -11.7963
        26        2.0000           -0.3965309             -10.7902 (HOMO)
        27                         -0.3206400              -8.7251 (LUMO)
        28                         -0.2810448              -7.6476
        29                         -0.2691054              -7.3227
        30                         -0.2585663              -7.0359
        31                         -0.2531352              -6.8882
       ...                                ...                  ...
        53                          0.6653811              18.1059
      -------------------------------------------------------------
                  HL-Gap            0.0758909 Eh            2.0651 eV
             Fermi-level           -0.3585855 Eh           -9.7576 eV

 SCC (total)                   0 d,  0 h,  0 min,  0.034 sec
 SCC setup                      ...        0 min,  0.000 sec (  0.329%)
 Dispersion                     ...        0 min,  0.000 sec (  0.305%)
 integral evaluation            ...        0 min,  0.006 sec ( 17.515%)
 zeroth order Hamiltonian       ...        0 min,  0.000 sec (  0.262%)
 iterations                     ...        0 min,  0.008 sec ( 23.483%)
 molecular gradient             ...        0 min,  0.020 sec ( 57.538%)
 printout                       ...        0 min,  0.000 sec (  0.524%)

         :::::::::::::::::::::::::::::::::::::::::::::::::::::
         ::                     SUMMARY                     ::
         :::::::::::::::::::::::::::::::::::::::::::::::::::::
         :: total energy             -28.062611079141 Eh    ::
         :: gradient norm              0.336913402238 Eh/a0 ::
         :: HOMO-LUMO gap              2.065096654738 eV    ::
         ::.................................................::
         :: SCC energy               -28.449243216952 Eh    ::
         :: -> isotropic ES            0.018984602881 Eh    ::
         :: -> anisotropic ES          0.005163950134 Eh    ::
         :: -> anisotropic XC          0.044746132955 Eh    ::
         :: -> dispersion             -0.015389208280 Eh    ::
         :: repulsion energy           0.386590965500 Eh    ::
         :: add. restraining           0.000000000000 Eh    ::
         :::::::::::::::::::::::::::::::::::::::::::::::::::::

      ----------------------------------------------------------- 
     |                   =====================                   |
     |                        A N C O P T                        |
     |                   =====================                   |
     |               Approximate Normal Coordinate               |
     |                Rational Function Optimizer                |
      ----------------------------------------------------------- 

          ...................................................
          :                      SETUP                      :
          :.................................................:
          :   optimization level            normal          :
          :   max. optcycles                   200          :
          :   ANC micro-cycles                  20          :
          :   degrees of freedom                39          :
          :.................................................:
          :   RF solver                   davidson          :
          :   input Hessian                  false          :
          :   write xtbopt.log                true          :
          :   linear?                        false          :
          :   energy convergence         0.5000000E-05 Eh   :
          :   grad. convergence          0.1000000E-02 Eh/α :
          :   maximium RF displ.         2.0000000          :
          :   Hlow (freq-cutoff)         0.5000000E-02      :
          :   Hmax (freq-cutoff)         5.0000000          :
          :   S6 in model hess.         20.0000000          :
          ...................................................

generating ANC from model Hessian ...
Using Lindh-Hessian (1995)
 Shifting diagonal of input Hessian by   4.323402774645977E-003
 Lowest  eigenvalues of input Hessian
   -0.000000   -0.000000    0.000000    0.000000    0.000000    0.000000
    0.005000    0.005241    0.007397    0.008124    0.015148    0.016499
    0.018743    0.024439    0.037980    0.043936    0.050644    0.059911
 Highest eigenvalues
    1.602150    1.697782    1.864162    1.909385    2.007262    2.022434
 

........................................................................
.............................. CYCLE    1 ..............................
........................................................................
   1    -28.4492432 -0.284492E+02  0.256E-05    2.07       0.0  T
   2    -28.4492432  0.315481E-11  0.242E-05    2.07    1066.1  T
   3    -28.4492432 -0.452971E-11  0.133E-05    2.07    1942.3  T
     SCC iter.                  ...        0 min,  0.015 sec
     gradient                   ...        0 min,  0.007 sec
 * total energy  :   -28.0626111 Eh     change       -0.4609799E-08 Eh
   gradient norm :     0.3369141 Eh/α   predicted     0.0000000E+00 (-100.00%)
   displ. norm   :     0.4265519 α      lambda       -0.9838960E-01
   maximum displ.:     0.2157526 α      in ANC's #20, #23, #26, ...

........................................................................
.............................. CYCLE    2 ..............................
........................................................................
   1    -28.6249299 -0.286249E+02  0.752E-01    2.12       0.0  T
   2    -28.6250963 -0.166433E-03  0.471E-01    2.12       1.0  T
   3    -28.6245633  0.533007E-03  0.382E-01    2.11       1.0  T
   4    -28.6258988 -0.133553E-02  0.107E-01    2.12       1.0  T
   5    -28.6260578 -0.159009E-03  0.338E-02    2.12       1.0  T
   6    -28.6260674 -0.950916E-05  0.138E-02    2.12       1.9  T
   7    -28.6260682 -0.894570E-06  0.627E-03    2.12       4.1  T
   8    -28.6260684 -0.124869E-06  0.164E-03    2.12      15.8  T
   9    -28.6260684 -0.580519E-08  0.728E-04    2.12      35.5  T
     SCC iter.                  ...        0 min,  0.005 sec
     gradient                   ...        0 min,  0.006 sec
 * total energy  :   -28.1247783 Eh     change       -0.6216722E-01 Eh
   gradient norm :     0.0553985 Eh/α   predicted    -0.5814563E-01 (  -6.47%)
   displ. norm   :     0.3277477 α      lambda       -0.1219195E-01
   maximum displ.:     0.1530120 α      in ANC's #20, #14, #4, ...

........................................................................
.............................. CYCLE    3 ..............................
........................................................................
   1    -28.6731378 -0.286731E+02  0.423E-01    2.07       0.0  T
   2    -28.6731962 -0.583101E-04  0.291E-01    2.05       1.0  T
   3    -28.6734441 -0.247951E-03  0.166E-01    2.07       1.0  T
   4    -28.6735962 -0.152119E-03  0.562E-02    2.07       1.0  T
   5    -28.6736275 -0.312787E-04  0.232E-02    2.06       1.1  T
   6    -28.6736311 -0.357096E-05  0.106E-02    2.07       2.4  T
   7    -28.6736317 -0.578499E-06  0.423E-03    2.07       6.1  T
   8    -28.6736319 -0.204772E-06  0.113E-03    2.06      22.9  T
     SCC iter.                  ...        0 min,  0.005 sec
     gradient                   ...        0 min,  0.019 sec
 * total energy  :   -28.1317524 Eh     change       -0.6974129E-02 Eh
   gradient norm :     0.0428998 Eh/α   predicted    -0.6750798E-02 (  -3.20%)
   displ. norm   :     0.2334571 α      lambda       -0.2598195E-02
   maximum displ.:     0.1638672 α      in ANC's #6, #10, #14, ...

........................................................................
.............................. CYCLE    4 ..............................
........................................................................
   1    -28.6664058 -0.286664E+02  0.452E-01    2.01       0.0  T
   2    -28.6664855 -0.797875E-04  0.267E-01    1.99       1.0  T
   3    -28.6663285  0.157035E-03  0.185E-01    2.02       1.0  T
   4    -28.6666321 -0.303554E-03  0.327E-02    2.00       1.0  T
   5    -28.6666335 -0.142646E-05  0.192E-02    2.00       1.3  T
   6    -28.6666357 -0.224183E-05  0.816E-03    2.00       3.2  T
   7    -28.6666362 -0.487076E-06  0.401E-03    2.00       6.4  T
   8    -28.6666365 -0.234948E-06  0.114E-03    2.00      22.7  T
     SCC iter.                  ...        0 min,  0.018 sec
     gradient                   ...        0 min,  0.006 sec
 * total energy  :   -28.1322222 Eh     change       -0.4697789E-03 Eh
   gradient norm :     0.0246601 Eh/α   predicted    -0.1369907E-02 ( 191.61%)
   displ. norm   :     0.3447739 α      lambda       -0.2636007E-02
   maximum displ.:     0.2623076 α      in ANC's #4, #6, #2, ...

........................................................................
.............................. CYCLE    5 ..............................
........................................................................
   1    -28.6560035 -0.286560E+02  0.700E-01    1.97       0.0  T
   2    -28.6560691 -0.656451E-04  0.382E-01    1.97       1.0  T
   3    -28.6552649  0.804234E-03  0.235E-01    1.98       1.0  T
   4    -28.6561783 -0.913404E-03  0.343E-02    1.97       1.0  T
   5    -28.6561804 -0.209709E-05  0.248E-02    1.97       1.0  T
   6    -28.6561859 -0.551662E-05  0.587E-03    1.97       4.4  T
   7    -28.6561861 -0.192452E-06  0.315E-03    1.97       8.2  T
     SCC iter.                  ...        0 min,  0.004 sec
     gradient                   ...        0 min,  0.006 sec
 * total energy  :   -28.1325076 Eh     change       -0.2853526E-03 Eh
   gradient norm :     0.0576307 Eh/α   predicted    -0.1474679E-02 ( 416.79%)
   displ. norm   :     0.1715186 α      lambda       -0.2362594E-02
   maximum displ.:     0.1387444 α      in ANC's #2, #1, #3, ...

........................................................................
.............................. CYCLE    6 ..............................
........................................................................
   1    -28.6685441 -0.286685E+02  0.348E-01    2.00       0.0  T
   2    -28.6685993 -0.551713E-04  0.197E-01    2.00       1.0  T
   3    -28.6685435  0.558291E-04  0.734E-02    1.99       1.0  T
   4    -28.6686149 -0.714913E-04  0.184E-02    2.00       1.4  T
   5    -28.6686178 -0.285117E-05  0.597E-03    2.00       4.3  T
   6    -28.6686180 -0.211309E-06  0.351E-03    2.00       7.3  T
     SCC iter.                  ...        0 min,  0.003 sec
     gradient                   ...        0 min,  0.019 sec
 * total energy  :   -28.1334699 Eh     change       -0.9622872E-03 Eh
   gradient norm :     0.0135777 Eh/α   predicted    -0.1216051E-02 (  26.37%)
   displ. norm   :     0.2088117 α      lambda       -0.7689429E-03
   maximum displ.:     0.0954960 α      in ANC's #5, #2, #3, ...

........................................................................
.............................. CYCLE    7 ..............................
........................................................................
   1    -28.6678577 -0.286679E+02  0.425E-01    1.99       0.0  T
   2    -28.6678950 -0.372383E-04  0.229E-01    1.99       1.0  T
   3    -28.6678834  0.115541E-04  0.528E-02    2.00       1.0  T
   4    -28.6679091 -0.257022E-04  0.182E-02    1.99       1.4  T
   5    -28.6679092 -0.911256E-07  0.105E-02    1.99       2.5  T
   6    -28.6679105 -0.133320E-05  0.308E-03    1.99       8.4  T
   7    -28.6679106 -0.702148E-07  0.149E-03    1.99      17.3  T
   8    -28.6679106 -0.981859E-08  0.719E-04    1.99      35.9  T
     SCC iter.                  ...        0 min,  0.018 sec
     gradient                   ...        0 min,  0.006 sec
 * total energy  :   -28.1332153 Eh     change        0.2545375E-03 Eh
   gradient norm :     0.0156458 Eh/α   predicted    -0.4012369E-03 (-257.63%)
   displ. norm   :     0.1732615 α      lambda       -0.1245305E-02
   maximum displ.:     0.0966151 α      in ANC's #4, #3, #6, ...

........................................................................
.............................. CYCLE    8 ..............................
........................................................................
   1    -28.6679515 -0.286680E+02  0.335E-01    1.98       0.0  T
   2    -28.6679745 -0.230068E-04  0.180E-01    1.98       1.0  T
   3    -28.6679698  0.466131E-05  0.369E-02    1.99       1.0  T
   4    -28.6679823 -0.125300E-04  0.158E-02    1.98       1.6  T
   5    -28.6679827 -0.367787E-06  0.856E-03    1.98       3.0  T
   6    -28.6679836 -0.917680E-06  0.232E-03    1.98      11.1  T
   7    -28.6679836 -0.296170E-07  0.123E-03    1.98      21.1  T
     SCC iter.                  ...        0 min,  0.017 sec
     gradient                   ...        0 min,  0.006 sec
 * total energy  :   -28.1339191 Eh     change       -0.7038280E-03 Eh
   gradient norm :     0.0090524 Eh/α   predicted    -0.6413432E-03 (  -8.88%)
   displ. norm   :     0.1415176 α      lambda       -0.2697539E-03
   maximum displ.:     0.1121874 α      in ANC's #4, #6, #2, ...

........................................................................
.............................. CYCLE    9 ..............................
........................................................................
   1    -28.6664015 -0.286664E+02  0.199E-01    1.99       0.0  T
   2    -28.6664051 -0.356890E-05  0.105E-01    1.99       1.0  T
   3    -28.6663405  0.645361E-04  0.682E-02    1.99       1.0  T
   4    -28.6664130 -0.724651E-04  0.131E-02    1.99       2.0  T
   5    -28.6664130 -0.121671E-07  0.634E-03    1.99       4.1  T
   6    -28.6664135 -0.441348E-06  0.108E-03    1.99      23.9  T
   7    -28.6664135 -0.317774E-08  0.555E-04    1.99      46.5  T
     SCC iter.                  ...        0 min,  0.004 sec
     gradient                   ...        0 min,  0.006 sec
 * total energy  :   -28.1340922 Eh     change       -0.1730759E-03 Eh
   gradient norm :     0.0074487 Eh/α   predicted    -0.1375767E-03 ( -20.51%)
   displ. norm   :     0.2191244 α      lambda       -0.2507429E-03
   maximum displ.:     0.1653604 α      in ANC's #4, #6, #2, ...

........................................................................
.............................. CYCLE   10 ..............................
........................................................................
   1    -28.6673400 -0.286673E+02  0.347E-01    1.99       0.0  T
   2    -28.6673620 -0.220363E-04  0.174E-01    1.99       1.0  T
   3    -28.6673614  0.617366E-06  0.344E-02    1.99       1.0  T
   4    -28.6673611  0.257171E-06  0.260E-02    1.99       1.0  T
   5    -28.6673676 -0.646235E-05  0.677E-03    1.99       3.8  T
   6    -28.6673681 -0.569758E-06  0.154E-03    1.99      16.8  T
   7    -28.6673682 -0.371837E-08  0.735E-04    1.99      35.1  T
     SCC iter.                  ...        0 min,  0.004 sec
     gradient                   ...        0 min,  0.006 sec
 * total energy  :   -28.1342694 Eh     change       -0.1772154E-03 Eh
   gradient norm :     0.0051240 Eh/α   predicted    -0.1313905E-03 ( -25.86%)
   displ. norm   :     0.1894727 α      lambda       -0.1606644E-03
   maximum displ.:     0.1237244 α      in ANC's #4, #6, #2, ...

........................................................................
.............................. CYCLE   11 ..............................
........................................................................
   1    -28.6692576 -0.286693E+02  0.299E-01    1.99       0.0  T
   2    -28.6692732 -0.156031E-04  0.149E-01    1.99       1.0  T
   3    -28.6692488  0.243316E-04  0.563E-02    2.00       1.0  T
   4    -28.6692790 -0.301694E-04  0.205E-02    1.99       1.3  T
   5    -28.6692787  0.305440E-06  0.110E-02    1.99       2.4  T
   6    -28.6692806 -0.190899E-05  0.149E-03    1.99      17.3  T
   7    -28.6692806 -0.867304E-08  0.690E-04    1.99      37.4  T
     SCC iter.                  ...        0 min,  0.004 sec
     gradient                   ...        0 min,  0.019 sec
 * total energy  :   -28.1343644 Eh     change       -0.9494573E-04 Eh
   gradient norm :     0.0025710 Eh/α   predicted    -0.8321721E-04 ( -12.35%)
   displ. norm   :     0.0950359 α      lambda       -0.4943025E-04
   maximum displ.:     0.0616246 α      in ANC's #4, #2, #6, ...

........................................................................
.............................. CYCLE   12 ..............................
........................................................................
   1    -28.6701391 -0.286701E+02  0.190E-01    1.99       0.0  T
   2    -28.6701462 -0.710132E-05  0.944E-02    1.99       1.0  T
   3    -28.6701467 -0.409321E-06  0.178E-02    1.99       1.5  T
   4    -28.6701466  0.639973E-07  0.137E-02    2.00       1.9  T
   5    -28.6701480 -0.139320E-05  0.392E-03    1.99       6.6  T
   6    -28.6701482 -0.204033E-06  0.100E-03    1.99      25.8  T
   7    -28.6701482 -0.575490E-08  0.549E-04    1.99      47.0  T
   8    -28.6701482 -0.412591E-09  0.277E-04    1.99      93.2  T
     SCC iter.                  ...        0 min,  0.005 sec
     gradient                   ...        0 min,  0.031 sec
 * total energy  :   -28.1343820 Eh     change       -0.1762223E-04 Eh
   gradient norm :     0.0030126 Eh/α   predicted    -0.2493669E-04 (  41.51%)
   displ. norm   :     0.0210311 α      lambda       -0.1513964E-04
   maximum displ.:     0.0169782 α      in ANC's #6, #2, #4, ...

........................................................................
.............................. CYCLE   13 ..............................
........................................................................
   1    -28.6702034 -0.286702E+02  0.304E-02    1.99       0.0  T
   2    -28.6702034  0.399633E-07  0.168E-02    1.99       1.5  T
   3    -28.6702022  0.123405E-05  0.142E-02    2.00       1.8  T
   4    -28.6702043 -0.209509E-05  0.327E-03    1.99       7.9  T
   5    -28.6702043 -0.774844E-07  0.165E-03    1.99      15.6  T
   6    -28.6702044 -0.184275E-07  0.608E-04    1.99      42.5  T
   7    -28.6702044 -0.285835E-08  0.149E-04    1.99     173.0  T
     SCC iter.                  ...        0 min,  0.004 sec
     gradient                   ...        0 min,  0.007 sec
 * total energy  :   -28.1343906 Eh     change       -0.8604716E-05 Eh
   gradient norm :     0.0013127 Eh/α   predicted    -0.7573365E-05 ( -11.99%)
   displ. norm   :     0.0131889 α      lambda       -0.2668356E-05
   maximum displ.:     0.0118128 α      in ANC's #4, #9, #6, ...

........................................................................
.............................. CYCLE   14 ..............................
........................................................................
   1    -28.6703554 -0.286704E+02  0.246E-02    1.99       0.0  T
   2    -28.6703552  0.143584E-06  0.161E-02    1.99       1.6  T
   3    -28.6703555 -0.276190E-06  0.111E-02    1.99       2.3  T
   4    -28.6703564 -0.883729E-06  0.334E-03    1.99       7.7  T
   5    -28.6703565 -0.120808E-06  0.139E-03    1.99      18.6  T
   6    -28.6703565 -0.225097E-07  0.355E-04    1.99      72.8  T
   7    -28.6703565 -0.674177E-09  0.108E-04    1.99     239.2  T
     SCC iter.                  ...        0 min,  0.004 sec
     gradient                   ...        0 min,  0.019 sec
 * total energy  :   -28.1343925 Eh     change       -0.1876783E-05 Eh
   gradient norm :     0.0009218 Eh/α   predicted    -0.1333692E-05 ( -28.94%)
   displ. norm   :     0.0120238 α      lambda       -0.1536699E-05
   maximum displ.:     0.0074170 α      in ANC's #6, #2, #4, ...

   *** GEOMETRY OPTIMIZATION CONVERGED AFTER 14 ITERATIONS ***

------------------------------------------------------------------------
 total energy gain   :        -0.0717814 Eh      -45.0435 kcal/mol
 total RMSD          :         0.4302487 a0        0.2277 Å
 total power (kW/mol):       -13.4615757 (step) -396.8625 (real)
------------------------------------------------------------------------

 ANCopt (total)                0 d,  0 h,  0 min,  0.475 sec
 optimizer setup                ...        0 min,  0.000 sec (  0.012%)
 model hessian                  ...        0 min,  0.001 sec (  0.231%)
 ANC generation                 ...        0 min,  0.000 sec (  0.054%)
 coordinate transformation      ...        0 min,  0.000 sec (  0.013%)
 single point calculation       ...        0 min,  0.471 sec ( 99.239%)
 optimization log               ...        0 min,  0.001 sec (  0.118%)
 hessian update                 ...        0 min,  0.000 sec (  0.013%)
 rational function              ...        0 min,  0.001 sec (  0.252%)

================
 final structure:
================
$coord
   -0.88219636920523    2.74348869721582   -0.30589250376037      C 
    1.53314372702766    2.11875766890674    0.14513553725753      C 
    2.44680744117324   -0.42284735612802    0.39253689420499      C 
    4.97766714542829   -0.88002755644667    0.85658466771149      C 
    5.95082049741180   -3.33854492851982    1.11012762148364      C 
    6.74646272612108   -5.34732871807799    1.31512302589426      N 
    6.75045910330925    1.08217769191039    1.10644004808379      C 
    8.19966907183225    2.68501843227364    1.30733016708988      N 
    0.70092383943628   -2.48405472667440    0.14938168363019      C 
   -1.78038658690426   -2.22428078391833   -0.30148355299824      C 
   -3.34320771712999    0.62306414824439   -0.66998760388803      S 
   -1.48012454580536    4.68340527505983   -0.47546752913629      H 
    2.90850849444851    3.61973260562148    0.34016671638914      H 
    1.46372082219877   -4.37126562055612    0.34760100910152      H 
   -3.01980192396321   -3.83223349842213   -0.46816255271760      H 
$end
           -------------------------------------------------
          |                Final Singlepoint                |
           -------------------------------------------------

          ...................................................
          :                      SETUP                      :
          :.................................................:
          :  # basis functions                  54          :
          :  # atomic orbitals                  53          :
          :  # shells                           27          :
          :  # electrons                        52          :
          :  max. iterations                   250          :
          :  Hamiltonian                  GFN2-xTB          :
          :  restarted?                      false          :
          :  GBSA solvation                  false          :
          :  PC potential                    false          :
          :  electronic temp.          300.0000000     K    :
          :  accuracy                    1.0000000          :
          :  -> integral cutoff          0.2500000E+02      :
          :  -> integral neglect         0.1000000E-07      :
          :  -> SCF convergence          0.1000000E-05 Eh   :
          :  -> wf. convergence          0.1000000E-03 e    :
          :  Broyden damping             0.4000000          :
          ...................................................

 iter      E             dE          RMSdq      gap      omega  full diag
   1    -28.6703565 -0.286704E+02  0.428E-05    1.99       0.0  T
   2    -28.6703565 -0.211742E-11  0.213E-05    1.99    1210.6  T
   3    -28.6703565 -0.521538E-11  0.170E-05    1.99    1514.9  T

   *** convergence criteria satisfied after 3 iterations ***

         #    Occupation            Energy/Eh            Energy/eV
      -------------------------------------------------------------
         1        2.0000           -0.7722516             -21.0140
       ...           ...                  ...                  ...
        20        2.0000           -0.4788244             -13.0295
        21        2.0000           -0.4723780             -12.8541
        22        2.0000           -0.4691879             -12.7673
        23        2.0000           -0.4643095             -12.6345
        24        2.0000           -0.4323018             -11.7635
        25        2.0000           -0.4214837             -11.4692
        26        2.0000           -0.3924115             -10.6781 (HOMO)
        27                         -0.3191475              -8.6844 (LUMO)
        28                         -0.2824008              -7.6845
        29                         -0.2336296              -6.3574
        30                         -0.2281085              -6.2071
        31                         -0.2080820              -5.6622
       ...                                ...                  ...
        53                          1.1742853              31.9539
      -------------------------------------------------------------
                  HL-Gap            0.0732640 Eh            1.9936 eV
             Fermi-level           -0.3557795 Eh           -9.6813 eV

 SCC (total)                   0 d,  0 h,  0 min,  0.015 sec
 SCC setup                      ...        0 min,  0.000 sec (  0.554%)
 Dispersion                     ...        0 min,  0.000 sec (  0.455%)
 integral evaluation            ...        0 min,  0.006 sec ( 39.440%)
 zeroth order Hamiltonian       ...        0 min,  0.000 sec (  0.533%)
 iterations                     ...        0 min,  0.002 sec ( 12.351%)
 molecular gradient             ...        0 min,  0.007 sec ( 45.558%)
 printout                       ...        0 min,  0.000 sec (  1.021%)

         :::::::::::::::::::::::::::::::::::::::::::::::::::::
         ::                     SUMMARY                     ::
         :::::::::::::::::::::::::::::::::::::::::::::::::::::
         :: total energy             -28.134392494388 Eh    ::
         :: gradient norm              0.000922858331 Eh/a0 ::
         :: HOMO-LUMO gap              1.993615590071 eV    ::
         ::.................................................::
         :: SCC energy               -28.670356518559 Eh    ::
         :: -> isotropic ES            0.021356908516 Eh    ::
         :: -> anisotropic ES          0.004395720497 Eh    ::
         :: -> anisotropic XC          0.040222229847 Eh    ::
         :: -> dispersion             -0.015741852815 Eh    ::
         :: repulsion energy           0.535926768574 Eh    ::
         :: add. restraining           0.000000000000 Eh    ::
         :::::::::::::::::::::::::::::::::::::::::::::::::::::

           -------------------------------------------------
          |                Property Printout                |
           -------------------------------------------------

    * Orbital Energies and Occupations

         #    Occupation            Energy/Eh            Energy/eV
      -------------------------------------------------------------
         1        2.0000           -0.7722516             -21.0140
       ...           ...                  ...                  ...
        14        2.0000           -0.5356589             -14.5760
        15        2.0000           -0.5255803             -14.3018
        16        2.0000           -0.5094524             -13.8629
        17        2.0000           -0.4864047             -13.2357
        18        2.0000           -0.4823107             -13.1243
        19        2.0000           -0.4788645             -13.0306
        20        2.0000           -0.4788244             -13.0295
        21        2.0000           -0.4723780             -12.8541
        22        2.0000           -0.4691879             -12.7673
        23        2.0000           -0.4643095             -12.6345
        24        2.0000           -0.4323018             -11.7635
        25        2.0000           -0.4214837             -11.4692
        26        2.0000           -0.3924115             -10.6781 (HOMO)
        27                         -0.3191475              -8.6844 (LUMO)
        28                         -0.2824008              -7.6845
        29                         -0.2336296              -6.3574
        30                         -0.2281085              -6.2071
        31                         -0.2080820              -5.6622
        32                         -0.1935374              -5.2664
        33                         -0.1931997              -5.2572
        34                         -0.1644273              -4.4743
        35                         -0.0900329              -2.4499
        36                         -0.0420047              -1.1430
        37                         -0.0089956              -0.2448
       ...                                ...                  ...
        53                          1.1742853              31.9539
      -------------------------------------------------------------
                  HL-Gap            0.0732640 Eh            1.9936 eV
             Fermi-level           -0.3557795 Eh           -9.6813 eV

     #   Z        covCN         q      C6AA      α(0)
     1   6 C      2.888    -0.001    28.048     8.683
     2   6 C      2.946    -0.032    28.799     8.802
     3   6 C      2.973     0.040    27.094     8.538
     4   6 C      2.959    -0.012    28.319     8.729
     5   6 C      1.922     0.116    28.238     8.582
     6   7 N      0.911    -0.248    26.447     7.438
     7   6 C      1.922     0.116    28.238     8.582
     8   7 N      0.911    -0.248    26.447     7.438
     9   6 C      2.946    -0.032    28.799     8.802
    10   6 C      2.888    -0.001    28.048     8.683
    11  16 S      2.040     0.032   139.739    19.896
    12   1 H      0.926     0.068     2.103     2.268
    13   1 H      0.925     0.066     2.129     2.282
    14   1 H      0.925     0.066     2.129     2.282
    15   1 H      0.926     0.068     2.103     2.268

 Mol. C6AA /au·bohr⁶  :       4945.093089
 Mol. C8AA /au·bohr⁸  :     143860.020141
 Mol. α(0) /au        :        113.270095


Wiberg/Mayer (AO) data.
largest (>0.10) Wiberg bond orders for each atom
          total WBO             WBO to atom ...
     1  C   3.947        C    2 1.713    S   11 1.141    H   12 0.962
     2  C   3.990        C    1 1.713    C    3 1.171    H   13 0.951
     3  C   3.990        C    4 1.416    C    2 1.171    C    9 1.171
     4  C   3.978        C    3 1.416    C    5 1.113    C    7 1.113
     5  C   3.947        N    6 2.760    C    4 1.113
     6  N   2.961        C    5 2.760
     7  C   3.947        N    8 2.760    C    4 1.113
     8  N   2.961        C    7 2.760
     9  C   3.990        C   10 1.713    C    3 1.171    H   14 0.951
    10  C   3.947        C    9 1.713    S   11 1.141    H   15 0.962
    11  S   2.588        C    1 1.141    C   10 1.141
    12  H   0.995        C    1 0.962
    13  H   0.996        C    2 0.951
    14  H   0.996        C    9 0.951
    15  H   0.995        C   10 0.962

molecular dipole:
                 x           y           z       tot (Debye)
 q only:       -2.386       0.431      -0.437
   full:       -2.666       0.482      -0.487       6.995
molecular quadrupole (traceless):
                xx          xy          yy          xz          yz          zz
 q only:      -15.018       3.765       5.531      -4.391       0.786       9.487
  q+dip:      -19.029       4.858       7.421      -5.515       0.988      11.608
   full:      -20.198       4.640       5.093      -6.363       1.147      15.104

           -------------------------------------------------
          |                Geometry Summary                 |
           -------------------------------------------------

      molecular mass/u    :      160.1930000
   center of mass at/Å    :        1.1185802      -0.1919780       0.1746258
  moments of inertia/u·Å² :        0.2641389E+03   0.7875902E+03   0.1051729E+04
rotational constants/cm⁻¹ :        0.6382109E-01   0.2140406E-01   0.1602849E-01

 * 13 selected distances

     #   Z        #   Z                                     value/Å
     1   6 C      2   6 C                                 1.3416061
     2   6 C      3   6 C                                 1.4352069
     3   6 C      4   6 C                                 1.3829261
     5   6 C      6   7 N                                 1.1484831
     7   6 C      8   7 N                                 1.1484079
     3   6 C      9   6 C                                 1.4352132
     9   6 C     10   6 C                                 1.3416145
     1   6 C     11  16 S                                 1.7297980
    10   6 C     11  16 S                                 1.7298171 (max)
     1   6 C     12   1 H                                 1.0779576
     2   6 C     13   1 H                                 1.0822407
     9   6 C     14   1 H                                 1.0822568
    10   6 C     15   1 H                                 1.0779438 (min)

 * 4 distinct bonds (by element types)

   Z      Z             #   av. dist./Å        max./Å        min./Å
   1 H    6 C           4     1.0800997     1.0822568     1.0779438
   6 C    6 C           5     1.3873133     1.4352132     1.3416061
   6 C    7 N           2     1.1484455     1.1484831     1.1484079
   6 C   16 S           2     1.7298076     1.7298171     1.7297980


optimized geometry written to: xtbopt.xyz


           -------------------------------------------------
          | TOTAL ENERGY              -28.134392494388 Eh   |
          | GRADIENT NORM               0.000922858331 Eh/α |
          | HOMO-LUMO GAP               1.993615590071 eV   |
           -------------------------------------------------

------------------------------------------------------------------------
 * finished run on 2021/02/19 at 08:12:40.833     
------------------------------------------------------------------------
 total:
 * wall-time:     0 d,  0 h,  0 min,  0.569 sec
 *  cpu-time:     0 d,  0 h,  0 min,  0.288 sec
 * ratio c/w:     0.505 speedup
 SCF:
 * wall-time:     0 d,  0 h,  0 min,  0.034 sec
 *  cpu-time:     0 d,  0 h,  0 min,  0.021 sec
 * ratio c/w:     0.623 speedup
 ANC optimizer:
 * wall-time:     0 d,  0 h,  0 min,  0.490 sec
 *  cpu-time:     0 d,  0 h,  0 min,  0.252 sec
 * ratio c/w:     0.515 speedup

