      -----------------------------------------------------------      
     |                   =====================                   |     
     |                           x T B                           |     
     |                   =====================                   |     
     |                         S. Grimme                         |     
     |          Mulliken Center for Theoretical Chemistry        |     
     |                    University of Bonn                     |     
     |                Version 6.2 RC2 (SAW190805)                |     
      -----------------------------------------------------------      

   This program is distributed in the hope that it will be useful,
   but WITHOUT ANY WARRANTY; without even the implied warranty of
   MERCHANTABILITY or FITNESS FOR A PARTICULAR PURPOSE.
   
   FOR NON-COMMERCIAL, ACADEMIA USE ONLY.
   
   Cite this work as:
   * S. Grimme, C. Bannwarth, P. Shushkov, J. Chem. Theory Comput., 2017,
     13, 1989-2009. DOI: 10.1021/acs.jctc.7b00118
   * C. Bannwarth, S. Ehlert and S. Grimme., J. Chem. Theory Comput., 2019,
     15, 1652-1671. DOI: 10.1021/acs.jctc.8b01176
   * P. Pracht, E. Caldeweyher, S. Ehlert, S. Grimme, ChemRxiv, 2019, preprint.
     DOI: 10.26434/chemrxiv.8326202.v1
   
   for DFT-D4:
   * E. Caldeweyher, C. Bannwarth and S. Grimme, J. Chem. Phys., 2017,
     147, 034112. DOI: 10.1063/1.4993215
   * E. Caldeweyher, S. Ehlert, A. Hansen, H. Neugebauer, S. Spicher,
     C. Bannwarth and S. Grimme, J. Chem. Phys., 2019, 150, 154122.
     DOI: 10.1063/1.5090222
   
   for sTDA-xTB:
   * S. Grimme and C. Bannwarth, J. Chem. Phys., 2016, 145, 054103.
     DOI: 10.1063/1.4959605
   
   in the mass-spec context:
   * V. Asgeirsson, C. Bauer and S. Grimme, Chem. Sci., 2017, 8, 4879.
     DOI: 10.1039/c7sc00601b
   
   for metadynamics refer to:
   * S. Grimme, J. Chem. Theory Comput., 2019, 155, 2847-2862
     DOI: 10.1021/acs.jctc.9b00143
   
   with help from (in alphabetical order)
   C. Bannwarth, F. Bohle, G. Brandenburg, E. Caldeweyher, M. Checinski,
   S. Dohm, S. Ehlert, S. Ehrlich, F. März, H. Neugebauer, J. Pisarek,
   P. Pracht, P. Shushkov, and S. Spicher.
   
 * started run on 2021/02/19 at 08:13:06.908     

           -------------------------------------------------
          |                Calculation Setup                |
           -------------------------------------------------

          program call               : /ihome/ghutchison/geoffh/xtb/xtb 45utl.xyz -opt
          hostname                   : smp-n167
          coordinate file            : 45utl.xyz
          omp threads                :                     1
          number of atoms            :                    21
          number of electrons        :                    70
          charge                     :                     0
          spin                       :                   0.0
          first test random number   :      0.10042595934877


########################################################################
# WARNING! Please study the warnings concerning your input carefully
#  - the use of '-opt' is discouraged, please use '--opt' next time
########################################################################

           ------------------------------------------------- 
          |                 G F N 2 - x T B                 |
          | Geometry, Frequencies, Noncovalent interactions |
          |            JCTC 2019 parametrisation            |
           ------------------------------------------------- 
             KAB for C  - Si     :                1.0500
             KAB for H  - Pd     :                0.9500
             k(s)              :                1.8500
             k(p)              :                2.2300
             k(d)              :                2.2300
             k(f)              :                2.0000
             kEN (H0ij)        :               -2.0000
             D4 a1             :                0.5200
             D4 a2             :                5.0000
             D4 s6             :                1.0000
             D4 s8             :                2.7000
             D4 s9             :                5.0000
             alphaj            :                2.0000

  Z AO/shell   Hii/eV     exponent
  1     Wed Apr 25 08:07:45 CEST 2018   EN: 2.200 GM2: 0.406  GM3: 0.0800  RAES: 1.40
     1s    -10.707211    1.230000
  6     Wed Apr 25 08:07:45 CEST 2018   EN: 2.550 GM2: 0.538  GM3: 0.1500  RAES: 3.00
     2s    -13.970922    2.096432
     2p    -10.063292    1.800000
  7     Wed Apr 25 08:07:45 CEST 2018   EN: 3.040 GM2: 0.461  GM3:-0.0640  RAES: 1.90
     2s    -16.686243    2.339881
     2p    -12.523956    2.014332
 16     Tue Apr 24 11:44:34 CEST 2018   EN: 2.580 GM2: 0.340  GM3:-0.0502  RAES: 3.10
     3s    -20.029654    1.981333
     3p    -11.377694    2.025643
     3d     -0.420282    1.702555

           ------------------------------------------------- 
          |        Self-Consistent Charge Iterations        |
           ------------------------------------------------- 

          ...................................................
          :                      SETUP                      :
          :.................................................:
          :  # basis functions                  72          :
          :  # atomic orbitals                  71          :
          :  # shells                           37          :
          :  # electrons                        70          :
          :  max. iterations                   250          :
          :  Hamiltonian                  GFN2-xTB          :
          :  restarted?                      false          :
          :  GBSA solvation                  false          :
          :  PC potential                    false          :
          :  electronic temp.          300.0000000     K    :
          :  accuracy                    1.0000000          :
          :  -> integral cutoff          0.2500000E+02      :
          :  -> integral neglect         0.1000000E-07      :
          :  -> SCF convergence          0.1000000E-05 Eh   :
          :  -> wf. convergence          0.1000000E-03 e    :
          :  Broyden damping             0.4000000          :
          ...................................................

 iter      E             dE          RMSdq      gap      omega  full diag
   1    -38.3350485 -0.383350E+02  0.660E+00    2.15       0.0  T
   2    -38.3318684  0.318011E-02  0.430E+00    2.00       1.0  T
   3    -38.2471694  0.846990E-01  0.315E+00    1.92       1.0  T
   4    -38.4054722 -0.158303E+00  0.693E-01    1.97       1.0  T
   5    -38.4084599 -0.298773E-02  0.432E-01    1.91       1.0  T
   6    -38.4108223 -0.236237E-02  0.926E-02    1.96       1.0  T
   7    -38.4108844 -0.621389E-04  0.622E-02    1.95       1.0  T
   8    -38.4109125 -0.281035E-04  0.262E-02    1.95       1.0  T
   9    -38.4109148 -0.229158E-05  0.135E-02    1.95       1.6  T
  10    -38.4109160 -0.116376E-05  0.692E-03    1.95       3.2  T
  11    -38.4109164 -0.386908E-06  0.322E-03    1.95       6.8  T
  12    -38.4109165 -0.792377E-07  0.145E-03    1.95      15.0  T
  13    -38.4109165 -0.130385E-07  0.368E-04    1.95      59.3  T
  14    -38.4109165 -0.804242E-09  0.207E-04    1.95     105.6  T

   *** convergence criteria satisfied after 14 iterations ***

         #    Occupation            Energy/Eh            Energy/eV
      -------------------------------------------------------------
         1        2.0000           -0.7560239             -20.5725
       ...           ...                  ...                  ...
        29        2.0000           -0.4629947             -12.5987
        30        2.0000           -0.4543657             -12.3639
        31        2.0000           -0.4413410             -12.0095
        32        2.0000           -0.4319666             -11.7544
        33        2.0000           -0.4304318             -11.7126
        34        2.0000           -0.4300121             -11.7012
        35        2.0000           -0.3954077             -10.7596 (HOMO)
        36                         -0.3237211              -8.8089 (LUMO)
        37                         -0.2825576              -7.6888
        38                         -0.2508502              -6.8260
        39                         -0.2412956              -6.5660
        40                         -0.2230849              -6.0705
       ...                                ...                  ...
        71                          1.0851541              29.5285
      -------------------------------------------------------------
                  HL-Gap            0.0716866 Eh            1.9507 eV
             Fermi-level           -0.3595644 Eh           -9.7842 eV

 SCC (total)                   0 d,  0 h,  0 min,  0.064 sec
 SCC setup                      ...        0 min,  0.000 sec (  0.255%)
 Dispersion                     ...        0 min,  0.000 sec (  0.309%)
 integral evaluation            ...        0 min,  0.011 sec ( 16.626%)
 zeroth order Hamiltonian       ...        0 min,  0.000 sec (  0.217%)
 iterations                     ...        0 min,  0.028 sec ( 43.272%)
 molecular gradient             ...        0 min,  0.025 sec ( 38.922%)
 printout                       ...        0 min,  0.000 sec (  0.371%)

         :::::::::::::::::::::::::::::::::::::::::::::::::::::
         ::                     SUMMARY                     ::
         :::::::::::::::::::::::::::::::::::::::::::::::::::::
         :: total energy             -37.727050353784 Eh    ::
         :: gradient norm              0.079275399068 Eh/a0 ::
         :: HOMO-LUMO gap              1.950692877060 eV    ::
         ::.................................................::
         :: SCC energy               -38.410916472915 Eh    ::
         :: -> isotropic ES            0.018245763381 Eh    ::
         :: -> anisotropic ES          0.005161453822 Eh    ::
         :: -> anisotropic XC          0.048639303725 Eh    ::
         :: -> dispersion             -0.025419962654 Eh    ::
         :: repulsion energy           0.683815197756 Eh    ::
         :: add. restraining           0.000000000000 Eh    ::
         :::::::::::::::::::::::::::::::::::::::::::::::::::::

      ----------------------------------------------------------- 
     |                   =====================                   |
     |                        A N C O P T                        |
     |                   =====================                   |
     |               Approximate Normal Coordinate               |
     |                Rational Function Optimizer                |
      ----------------------------------------------------------- 

          ...................................................
          :                      SETUP                      :
          :.................................................:
          :   optimization level            normal          :
          :   max. optcycles                   200          :
          :   ANC micro-cycles                  20          :
          :   degrees of freedom                57          :
          :.................................................:
          :   RF solver                   davidson          :
          :   input Hessian                  false          :
          :   write xtbopt.log                true          :
          :   linear?                        false          :
          :   energy convergence         0.5000000E-05 Eh   :
          :   grad. convergence          0.1000000E-02 Eh/α :
          :   maximium RF displ.         2.0000000          :
          :   Hlow (freq-cutoff)         0.5000000E-02      :
          :   Hmax (freq-cutoff)         5.0000000          :
          :   S6 in model hess.         20.0000000          :
          ...................................................

generating ANC from model Hessian ...
Using Lindh-Hessian (1995)
 Shifting diagonal of input Hessian by   5.069977173071021E-003
 Lowest  eigenvalues of input Hessian
    0.005000   -0.000000   -0.000000    0.000000    0.000000    0.000000
    0.000000    0.005176    0.007738    0.009035    0.010255    0.010665
    0.014543    0.018390    0.018593    0.024196    0.028131    0.029091
 Highest eigenvalues
    1.854262    1.888519    1.984063    2.004799    2.512424    2.573777
 

........................................................................
.............................. CYCLE    1 ..............................
........................................................................
   1    -38.4109165 -0.384109E+02  0.756E-05    1.95       0.0  T
   2    -38.4109165 -0.807887E-11  0.513E-05    1.95     425.0  T
   3    -38.4109165 -0.991918E-11  0.359E-05    1.95     607.7  T
     SCC iter.                  ...        0 min,  0.003 sec
     gradient                   ...        0 min,  0.025 sec
 * total energy  :   -37.7270504 Eh     change       -0.1624521E-08 Eh
   gradient norm :     0.0792752 Eh/α   predicted     0.0000000E+00 (-100.00%)
   displ. norm   :     0.2215541 α      lambda       -0.7018888E-02
   maximum displ.:     0.1305094 α      in ANC's #14, #19, #5, ...

........................................................................
.............................. CYCLE    2 ..............................
........................................................................
   1    -38.4567148 -0.384567E+02  0.184E-01    1.95       0.0  T
   2    -38.4567394 -0.245972E-04  0.107E-01    1.94       1.0  T
   3    -38.4567271  0.122905E-04  0.763E-02    1.94       1.0  T
   4    -38.4567816 -0.544192E-04  0.184E-02    1.94       1.2  T
   5    -38.4567836 -0.207458E-05  0.842E-03    1.94       2.6  T
   6    -38.4567839 -0.275493E-06  0.385E-03    1.94       5.7  T
   7    -38.4567842 -0.275416E-06  0.145E-03    1.94      15.1  T
     SCC iter.                  ...        0 min,  0.020 sec
     gradient                   ...        0 min,  0.024 sec
 * total energy  :   -37.7313126 Eh     change       -0.4262277E-02 Eh
   gradient norm :     0.0319248 Eh/α   predicted    -0.3681712E-02 ( -13.62%)
   displ. norm   :     0.1564821 α      lambda       -0.1462490E-02
   maximum displ.:     0.1044157 α      in ANC's #14, #5, #19, ...

........................................................................
.............................. CYCLE    3 ..............................
........................................................................
   1    -38.4629924 -0.384630E+02  0.125E-01    1.92       0.0  T
   2    -38.4629961 -0.375891E-05  0.840E-02    1.91       1.0  T
   3    -38.4630233 -0.271277E-04  0.513E-02    1.92       1.0  T
   4    -38.4630435 -0.202245E-04  0.152E-02    1.92       1.4  T
   5    -38.4630452 -0.167510E-05  0.888E-03    1.92       2.5  T
   6    -38.4630459 -0.735070E-06  0.282E-03    1.92       7.7  T
   7    -38.4630460 -0.132775E-06  0.109E-03    1.92      20.0  T
     SCC iter.                  ...        0 min,  0.007 sec
     gradient                   ...        0 min,  0.024 sec
 * total energy  :   -37.7321956 Eh     change       -0.8829562E-03 Eh
   gradient norm :     0.0115662 Eh/α   predicted    -0.7491601E-03 ( -15.15%)
   displ. norm   :     0.0659457 α      lambda       -0.2314458E-03
   maximum displ.:     0.0382750 α      in ANC's #14, #5, #8, ...

........................................................................
.............................. CYCLE    4 ..............................
........................................................................
   1    -38.4606875 -0.384607E+02  0.641E-02    1.91       0.0  T
   2    -38.4606869  0.553942E-06  0.423E-02    1.91       1.0  T
   3    -38.4606913 -0.441439E-05  0.292E-02    1.91       1.0  T
   4    -38.4606990 -0.767272E-05  0.699E-03    1.91       3.1  T
   5    -38.4606996 -0.635864E-06  0.321E-03    1.91       6.8  T
   6    -38.4606997 -0.663110E-07  0.138E-03    1.91      15.8  T
   7    -38.4606997 -0.237136E-07  0.598E-04    1.91      36.5  T
     SCC iter.                  ...        0 min,  0.007 sec
     gradient                   ...        0 min,  0.024 sec
 * total energy  :   -37.7323381 Eh     change       -0.1425471E-03 Eh
   gradient norm :     0.0055936 Eh/α   predicted    -0.1162414E-03 ( -18.45%)
   displ. norm   :     0.1262718 α      lambda       -0.2375117E-03
   maximum displ.:     0.0675909 α      in ANC's #2, #6, #14, ...

........................................................................
.............................. CYCLE    5 ..............................
........................................................................
   1    -38.4553299 -0.384553E+02  0.202E-01    1.90       0.0  T
   2    -38.4553370 -0.708306E-05  0.115E-01    1.90       1.0  T
   3    -38.4552256  0.111377E-03  0.867E-02    1.90       1.0  T
   4    -38.4553613 -0.135680E-03  0.955E-03    1.90       2.3  T
   5    -38.4553624 -0.105598E-05  0.499E-03    1.90       4.4  T
   6    -38.4553625 -0.117452E-06  0.218E-03    1.90      10.0  T
   7    -38.4553625 -0.524849E-07  0.876E-04    1.90      24.9  T
     SCC iter.                  ...        0 min,  0.020 sec
     gradient                   ...        0 min,  0.011 sec
 * total energy  :   -37.7320214 Eh     change        0.3167250E-03 Eh
   gradient norm :     0.0148155 Eh/α   predicted    -0.1206501E-03 (-138.09%)
   displ. norm   :     0.0947820 α      lambda       -0.7540513E-03
   maximum displ.:     0.0589866 α      in ANC's #2, #6, #3, ...

........................................................................
.............................. CYCLE    6 ..............................
........................................................................
   1    -38.4587355 -0.384587E+02  0.167E-01    1.91       0.0  T
   2    -38.4587430 -0.754018E-05  0.931E-02    1.91       1.0  T
   3    -38.4587058  0.372322E-04  0.499E-02    1.91       1.0  T
   4    -38.4587504 -0.446692E-04  0.574E-03    1.91       3.8  T
   5    -38.4587507 -0.231645E-06  0.363E-03    1.91       6.0  T
   6    -38.4587508 -0.114610E-06  0.135E-03    1.91      16.2  T
   7    -38.4587508 -0.158577E-07  0.596E-04    1.91      36.6  T
     SCC iter.                  ...        0 min,  0.020 sec
     gradient                   ...        0 min,  0.023 sec
 * total energy  :   -37.7323956 Eh     change       -0.3741475E-03 Eh
   gradient norm :     0.0031158 Eh/α   predicted    -0.3804128E-03 (   1.67%)
   displ. norm   :     0.0486722 α      lambda       -0.3770853E-04
   maximum displ.:     0.0250899 α      in ANC's #1, #4, #6, ...

........................................................................
.............................. CYCLE    7 ..............................
........................................................................
   1    -38.4587065 -0.384587E+02  0.891E-02    1.92       0.0  T
   2    -38.4587088 -0.220873E-05  0.492E-02    1.92       1.0  T
   3    -38.4587077  0.104730E-05  0.117E-02    1.92       1.9  T
   4    -38.4587099 -0.218382E-05  0.190E-03    1.92      11.5  T
   5    -38.4587099 -0.403865E-09  0.108E-03    1.92      20.2  T
   6    -38.4587099 -0.117287E-07  0.306E-04    1.92      71.3  T
   7    -38.4587099 -0.359499E-09  0.199E-04    1.92     109.8  T
     SCC iter.                  ...        0 min,  0.007 sec
     gradient                   ...        0 min,  0.025 sec
 * total energy  :   -37.7323378 Eh     change        0.5778321E-04 Eh
   gradient norm :     0.0041665 Eh/α   predicted    -0.1889986E-04 (-132.71%)
   displ. norm   :     0.0401388 α      lambda       -0.1361113E-03
   maximum displ.:     0.0217086 α      in ANC's #1, #6, #4, ...

........................................................................
.............................. CYCLE    8 ..............................
........................................................................
   1    -38.4590465 -0.384590E+02  0.746E-02    1.92       0.0  T
   2    -38.4590481 -0.154376E-05  0.411E-02    1.92       1.0  T
   3    -38.4590486 -0.504204E-06  0.335E-03    1.92       6.5  T
   4    -38.4590487 -0.168296E-06  0.150E-03    1.92      14.5  T
   5    -38.4590487 -0.938837E-08  0.582E-04    1.92      37.5  T
     SCC iter.                  ...        0 min,  0.005 sec
     gradient                   ...        0 min,  0.024 sec
 * total energy  :   -37.7324087 Eh     change       -0.7092529E-04 Eh
   gradient norm :     0.0014493 Eh/α   predicted    -0.6816739E-04 (  -3.89%)
   displ. norm   :     0.0121302 α      lambda       -0.5210895E-05
   maximum displ.:     0.0070080 α      in ANC's #11, #14, #36, ...

........................................................................
.............................. CYCLE    9 ..............................
........................................................................
   1    -38.4591261 -0.384591E+02  0.213E-02    1.92       0.0  T
   2    -38.4591262 -0.994916E-07  0.118E-02    1.92       1.8  T
   3    -38.4591258  0.469106E-06  0.485E-03    1.92       4.5  T
   4    -38.4591263 -0.548248E-06  0.615E-04    1.92      35.5  T
   5    -38.4591263 -0.451389E-08  0.337E-04    1.92      64.7  T
     SCC iter.                  ...        0 min,  0.005 sec
     gradient                   ...        0 min,  0.025 sec
 * total energy  :   -37.7324141 Eh     change       -0.5426244E-05 Eh
   gradient norm :     0.0011967 Eh/α   predicted    -0.2609022E-05 ( -51.92%)
   displ. norm   :     0.0144094 α      lambda       -0.4640503E-05
   maximum displ.:     0.0073778 α      in ANC's #11, #36, #5, ...

........................................................................
.............................. CYCLE   10 ..............................
........................................................................
   1    -38.4594233 -0.384594E+02  0.271E-02    1.92       0.0  T
   2    -38.4594235 -0.167839E-06  0.151E-02    1.92       1.4  T
   3    -38.4594229  0.597493E-06  0.636E-03    1.92       3.4  T
   4    -38.4594236 -0.737542E-06  0.695E-04    1.92      31.4  T
   5    -38.4594236 -0.516591E-08  0.352E-04    1.92      62.0  T
     SCC iter.                  ...        0 min,  0.005 sec
     gradient                   ...        0 min,  0.012 sec
 * total energy  :   -37.7324174 Eh     change       -0.3291345E-05 Eh
   gradient norm :     0.0010113 Eh/α   predicted    -0.2323372E-05 ( -29.41%)
   displ. norm   :     0.0034637 α      lambda       -0.7332682E-06
   maximum displ.:     0.0023207 α      in ANC's #14, #15, #11, ...

........................................................................
.............................. CYCLE   11 ..............................
........................................................................
   1    -38.4593151 -0.384593E+02  0.537E-03    1.92       0.0  T
   2    -38.4593151 -0.127010E-07  0.295E-03    1.92       7.4  T
   3    -38.4593151  0.367108E-07  0.170E-03    1.92      12.8  T
   4    -38.4593151 -0.458309E-07  0.325E-04    1.92      67.2  T
   5    -38.4593151 -0.569379E-09  0.203E-04    1.92     107.8  T
     SCC iter.                  ...        0 min,  0.005 sec
     gradient                   ...        0 min,  0.012 sec
 * total energy  :   -37.7324180 Eh     change       -0.5570577E-06 Eh
   gradient norm :     0.0004132 Eh/α   predicted    -0.3715365E-06 ( -33.30%)
   displ. norm   :     0.0024450 α      lambda       -0.1911403E-06
   maximum displ.:     0.0011786 α      in ANC's #11, #8, #15, ...

   *** GEOMETRY OPTIMIZATION CONVERGED AFTER 11 ITERATIONS ***

------------------------------------------------------------------------
 total energy gain   :        -0.0053676 Eh       -3.3682 kcal/mol
 total RMSD          :         0.0972241 a0        0.0514 Å
 total power (kW/mol):        -1.2811533 (step)  -24.2522 (real)
------------------------------------------------------------------------

 ANCopt (total)                0 d,  0 h,  0 min,  0.581 sec
 optimizer setup                ...        0 min,  0.000 sec (  0.009%)
 model hessian                  ...        0 min,  0.002 sec (  0.306%)
 ANC generation                 ...        0 min,  0.000 sec (  0.081%)
 coordinate transformation      ...        0 min,  0.000 sec (  0.011%)
 single point calculation       ...        0 min,  0.577 sec ( 99.305%)
 optimization log               ...        0 min,  0.001 sec (  0.103%)
 hessian update                 ...        0 min,  0.000 sec (  0.010%)
 rational function              ...        0 min,  0.001 sec (  0.130%)

================
 final structure:
================
$coord
    3.02614697093671    2.39967731347395   -0.00175025470710      C 
    3.71054844744369    4.89578221494181   -0.00266736612663      C 
    6.28377749557269    5.59895952403433   -0.00433718919477      C 
    8.37456518559394    6.16946464753113   -0.00501476027862      N 
    2.03321678734029    6.95705158207668   -0.00239411468202      C 
    0.76563401004983    8.71878739140201   -0.00297774389966      N 
    0.51509090802773    1.31746353388090    0.00028610385894      C 
    0.53521699395714   -1.33988770832637    0.00051492395508      C 
   -1.72131193274858   -2.67683251162278    0.00271790636500      C 
   -3.98236815865838   -1.36617186330968    0.00484011613583      C 
   -4.00521865799585    1.25851098996666    0.00466477419744      C 
   -1.77345804307792    2.61592480272784    0.00235232224498      C 
    3.05545258023081   -2.42486624339890   -0.00124555949387      C 
    5.33164234143071    0.04129749307536   -0.00317272435392      S 
    3.72594065679854   -4.85087883897141   -0.00196139324454      C 
   -1.70866730971828   -4.71491340853070    0.00289790279178      H 
   -5.74430497675087   -2.39371344132384    0.00664866484575      H 
   -5.78325615352859    2.25652379222788    0.00638028866239      H 
   -1.81318534465218    4.65149025012030    0.00236017125129      H 
    2.33788364285795   -6.33531907492948   -0.00182420504502      H 
    5.67879074392168   -5.41126910069625   -0.00439034281403      H 
$end
           -------------------------------------------------
          |                Final Singlepoint                |
           -------------------------------------------------

          ...................................................
          :                      SETUP                      :
          :.................................................:
          :  # basis functions                  72          :
          :  # atomic orbitals                  71          :
          :  # shells                           37          :
          :  # electrons                        70          :
          :  max. iterations                   250          :
          :  Hamiltonian                  GFN2-xTB          :
          :  restarted?                      false          :
          :  GBSA solvation                  false          :
          :  PC potential                    false          :
          :  electronic temp.          300.0000000     K    :
          :  accuracy                    1.0000000          :
          :  -> integral cutoff          0.2500000E+02      :
          :  -> integral neglect         0.1000000E-07      :
          :  -> SCF convergence          0.1000000E-05 Eh   :
          :  -> wf. convergence          0.1000000E-03 e    :
          :  Broyden damping             0.4000000          :
          ...................................................

 iter      E             dE          RMSdq      gap      omega  full diag
   1    -38.4593151 -0.384593E+02  0.975E-05    1.92       0.0  T
   2    -38.4593151  0.184741E-10  0.613E-05    1.92     356.1  T
   3    -38.4593151 -0.548184E-10  0.479E-05    1.92     455.4  T

   *** convergence criteria satisfied after 3 iterations ***

         #    Occupation            Energy/Eh            Energy/eV
      -------------------------------------------------------------
         1        2.0000           -0.7553037             -20.5529
       ...           ...                  ...                  ...
        29        2.0000           -0.4627945             -12.5933
        30        2.0000           -0.4549526             -12.3799
        31        2.0000           -0.4383587             -11.9283
        32        2.0000           -0.4324545             -11.7677
        33        2.0000           -0.4314397             -11.7401
        34        2.0000           -0.4277044             -11.6384
        35        2.0000           -0.3956615             -10.7665 (HOMO)
        36                         -0.3251180              -8.8469 (LUMO)
        37                         -0.2822111              -7.6794
        38                         -0.2469128              -6.7188
        39                         -0.2374398              -6.4611
        40                         -0.2222739              -6.0484
       ...                                ...                  ...
        71                          1.1673149              31.7643
      -------------------------------------------------------------
                  HL-Gap            0.0705435 Eh            1.9196 eV
             Fermi-level           -0.3603897 Eh           -9.8067 eV

 SCC (total)                   0 d,  0 h,  0 min,  0.026 sec
 SCC setup                      ...        0 min,  0.000 sec (  0.450%)
 Dispersion                     ...        0 min,  0.000 sec (  0.496%)
 integral evaluation            ...        0 min,  0.010 sec ( 39.870%)
 zeroth order Hamiltonian       ...        0 min,  0.000 sec (  0.492%)
 iterations                     ...        0 min,  0.003 sec ( 12.403%)
 molecular gradient             ...        0 min,  0.012 sec ( 45.359%)
 printout                       ...        0 min,  0.000 sec (  0.852%)

         :::::::::::::::::::::::::::::::::::::::::::::::::::::
         ::                     SUMMARY                     ::
         :::::::::::::::::::::::::::::::::::::::::::::::::::::
         :: total energy             -37.732417993632 Eh    ::
         :: gradient norm              0.000414590096 Eh/a0 ::
         :: HOMO-LUMO gap              1.919586435514 eV    ::
         ::.................................................::
         :: SCC energy               -38.459315105830 Eh    ::
         :: -> isotropic ES            0.019075813015 Eh    ::
         :: -> anisotropic ES          0.004702280880 Eh    ::
         :: -> anisotropic XC          0.047159632653 Eh    ::
         :: -> dispersion             -0.025643711817 Eh    ::
         :: repulsion energy           0.726843798307 Eh    ::
         :: add. restraining           0.000000000000 Eh    ::
         :::::::::::::::::::::::::::::::::::::::::::::::::::::

           -------------------------------------------------
          |                Property Printout                |
           -------------------------------------------------

    * Orbital Energies and Occupations

         #    Occupation            Energy/Eh            Energy/eV
      -------------------------------------------------------------
         1        2.0000           -0.7553037             -20.5529
       ...           ...                  ...                  ...
        23        2.0000           -0.4894473             -13.3185
        24        2.0000           -0.4889060             -13.3038
        25        2.0000           -0.4870412             -13.2531
        26        2.0000           -0.4821408             -13.1197
        27        2.0000           -0.4734641             -12.8836
        28        2.0000           -0.4730094             -12.8712
        29        2.0000           -0.4627945             -12.5933
        30        2.0000           -0.4549526             -12.3799
        31        2.0000           -0.4383587             -11.9283
        32        2.0000           -0.4324545             -11.7677
        33        2.0000           -0.4314397             -11.7401
        34        2.0000           -0.4277044             -11.6384
        35        2.0000           -0.3956615             -10.7665 (HOMO)
        36                         -0.3251180              -8.8469 (LUMO)
        37                         -0.2822111              -7.6794
        38                         -0.2469128              -6.7188
        39                         -0.2374398              -6.4611
        40                         -0.2222739              -6.0484
        41                         -0.2152444              -5.8571
        42                         -0.2127213              -5.7884
        43                         -0.1980048              -5.3880
        44                         -0.1503235              -4.0905
        45                         -0.1252125              -3.4072
        46                         -0.1054659              -2.8699
       ...                                ...                  ...
        71                          1.1673149              31.7643
      -------------------------------------------------------------
                  HL-Gap            0.0705435 Eh            1.9196 eV
             Fermi-level           -0.3603897 Eh           -9.8067 eV

     #   Z        covCN         q      C6AA      α(0)
     1   6 C      2.979     0.057    26.711     8.478
     2   6 C      3.001    -0.004    28.102     8.696
     3   6 C      1.933     0.120    28.127     8.565
     4   7 N      0.911    -0.224    25.895     7.360
     5   6 C      1.924     0.122    28.105     8.561
     6   7 N      0.911    -0.237    26.204     7.403
     7   6 C      3.095     0.007    27.753     8.634
     8   6 C      3.096     0.010    27.686     8.623
     9   6 C      2.916    -0.027    28.668     8.780
    10   6 C      2.920    -0.020    28.517     8.757
    11   6 C      2.920    -0.022    28.553     8.763
    12   6 C      2.915    -0.026    28.651     8.777
    13   6 C      2.954     0.045    26.994     8.522
    14  16 S      2.260    -0.043   142.822    20.114
    15   6 C      2.886    -0.090    30.258     9.018
    16   1 H      0.926     0.046     2.370     2.408
    17   1 H      0.926     0.049     2.332     2.388
    18   1 H      0.926     0.052     2.301     2.372
    19   1 H      0.926     0.058     2.222     2.331
    20   1 H      0.926     0.063     2.165     2.301
    21   1 H      0.926     0.065     2.146     2.291

 Mol. C6AA /au·bohr⁶  :       8981.703938
 Mol. C8AA /au·bohr⁸  :     255007.684576
 Mol. α(0) /au        :        153.141647


Wiberg/Mayer (AO) data.
largest (>0.10) Wiberg bond orders for each atom
          total WBO             WBO to atom ...
     1  C   3.967        C    2 1.482    S   14 1.133    C    7 1.118
     2  C   3.980        C    1 1.482    C    5 1.105    C    3 1.093
     3  C   3.949        N    4 2.778    C    2 1.093
     4  N   2.981        C    3 2.778
     5  C   3.949        N    6 2.758    C    2 1.105
     6  N   2.983        C    5 2.758
     7  C   3.988        C   12 1.367    C    8 1.302    C    1 1.118
     8  C   3.975        C    9 1.387    C    7 1.302    C   13 1.089
     9  C   3.990        C   10 1.449    C    8 1.387    H   16 0.966    C   12 0.101
    10  C   3.979        C    9 1.449    C   11 1.414    H   17 0.969
    11  C   3.991        C   12 1.457    C   10 1.414    H   18 0.969
    12  C   3.982        C   11 1.457    C    7 1.367    H   19 0.960    C    9 0.101
    13  C   3.962        C   15 1.793    C    8 1.089    S   14 1.027
    14  S   2.502        C    1 1.133    C   13 1.027
    15  C   3.956        C   13 1.793    H   21 0.973    H   20 0.965
    16  H   0.997        C    9 0.966
    17  H   0.996        C   10 0.969
    18  H   0.996        C   11 0.969
    19  H   0.996        C   12 0.960
    20  H   0.995        C   15 0.965
    21  H   0.995        C   15 0.973

molecular dipole:
                 x           y           z       tot (Debye)
 q only:       -1.300      -2.180       0.001
   full:       -1.585      -2.691       0.002       7.939
molecular quadrupole (traceless):
                xx          xy          yy          xz          yz          zz
 q only:       -1.059     -12.905      -8.235       0.003       0.014       9.295
  q+dip:       -1.679     -16.129      -8.488       0.001       0.019      10.167
   full:       -4.843     -15.533     -10.568       0.006       0.020      15.412

           -------------------------------------------------
          |                Geometry Summary                 |
           -------------------------------------------------

      molecular mass/u    :      210.2528000
   center of mass at/Å    :        1.0793059       0.8722706      -0.0004763
  moments of inertia/u·Å² :        0.6105003E+03   0.1000179E+04   0.1610679E+04
rotational constants/cm⁻¹ :        0.2761282E-01   0.1685462E-01   0.1046617E-01

 * 17 selected distances

     #   Z        #   Z                                     value/Å
     1   6 C      2   6 C                                 1.3696336
     3   6 C      4   7 N                                 1.1468469
     5   6 C      6   7 N                                 1.1485072
     7   6 C      8   6 C                                 1.4062502
     8   6 C      9   6 C                                 1.3879533
     9   6 C     10   6 C                                 1.3829874
    10   6 C     11   6 C                                 1.3889751
     7   6 C     12   6 C                                 1.3923962
    11   6 C     12   6 C                                 1.3822909
     1   6 C     14  16 S                                 1.7452637 (max)
    13   6 C     15   6 C                                 1.3319184
     9   6 C     16   1 H                                 1.0785268
    10   6 C     17   1 H                                 1.0793486
    11   6 C     18   1 H                                 1.0789832
    12   6 C     19   1 H                                 1.0773801
    15   6 C     20   1 H                                 1.0754498
    15   6 C     21   1 H                                 1.0751114 (min)

 * 4 distinct bonds (by element types)

   Z      Z             #   av. dist./Å        max./Å        min./Å
   1 H    6 C           6     1.0774667     1.0793486     1.0751114
   6 C    6 C           8     1.3803007     1.4062502     1.3319184
   6 C    7 N           2     1.1476770     1.1485072     1.1468469
   6 C   16 S           1     1.7452637     1.7452637     1.7452637


optimized geometry written to: xtbopt.xyz


           -------------------------------------------------
          | TOTAL ENERGY              -37.732417993632 Eh   |
          | GRADIENT NORM               0.000414590096 Eh/α |
          | HOMO-LUMO GAP               1.919586435514 eV   |
           -------------------------------------------------

------------------------------------------------------------------------
 * finished run on 2021/02/19 at 08:13:07.651     
------------------------------------------------------------------------
 total:
 * wall-time:     0 d,  0 h,  0 min,  0.743 sec
 *  cpu-time:     0 d,  0 h,  0 min,  0.400 sec
 * ratio c/w:     0.539 speedup
 SCF:
 * wall-time:     0 d,  0 h,  0 min,  0.064 sec
 *  cpu-time:     0 d,  0 h,  0 min,  0.038 sec
 * ratio c/w:     0.594 speedup
 ANC optimizer:
 * wall-time:     0 d,  0 h,  0 min,  0.608 sec
 *  cpu-time:     0 d,  0 h,  0 min,  0.343 sec
 * ratio c/w:     0.565 speedup

