      -----------------------------------------------------------      
     |                   =====================                   |     
     |                           x T B                           |     
     |                   =====================                   |     
     |                         S. Grimme                         |     
     |          Mulliken Center for Theoretical Chemistry        |     
     |                    University of Bonn                     |     
     |                Version 6.2 RC2 (SAW190805)                |     
      -----------------------------------------------------------      

   This program is distributed in the hope that it will be useful,
   but WITHOUT ANY WARRANTY; without even the implied warranty of
   MERCHANTABILITY or FITNESS FOR A PARTICULAR PURPOSE.
   
   FOR NON-COMMERCIAL, ACADEMIA USE ONLY.
   
   Cite this work as:
   * S. Grimme, C. Bannwarth, P. Shushkov, J. Chem. Theory Comput., 2017,
     13, 1989-2009. DOI: 10.1021/acs.jctc.7b00118
   * C. Bannwarth, S. Ehlert and S. Grimme., J. Chem. Theory Comput., 2019,
     15, 1652-1671. DOI: 10.1021/acs.jctc.8b01176
   * P. Pracht, E. Caldeweyher, S. Ehlert, S. Grimme, ChemRxiv, 2019, preprint.
     DOI: 10.26434/chemrxiv.8326202.v1
   
   for DFT-D4:
   * E. Caldeweyher, C. Bannwarth and S. Grimme, J. Chem. Phys., 2017,
     147, 034112. DOI: 10.1063/1.4993215
   * E. Caldeweyher, S. Ehlert, A. Hansen, H. Neugebauer, S. Spicher,
     C. Bannwarth and S. Grimme, J. Chem. Phys., 2019, 150, 154122.
     DOI: 10.1063/1.5090222
   
   for sTDA-xTB:
   * S. Grimme and C. Bannwarth, J. Chem. Phys., 2016, 145, 054103.
     DOI: 10.1063/1.4959605
   
   in the mass-spec context:
   * V. Asgeirsson, C. Bauer and S. Grimme, Chem. Sci., 2017, 8, 4879.
     DOI: 10.1039/c7sc00601b
   
   for metadynamics refer to:
   * S. Grimme, J. Chem. Theory Comput., 2019, 155, 2847-2862
     DOI: 10.1021/acs.jctc.9b00143
   
   with help from (in alphabetical order)
   C. Bannwarth, F. Bohle, G. Brandenburg, E. Caldeweyher, M. Checinski,
   S. Dohm, S. Ehlert, S. Ehrlich, F. März, H. Neugebauer, J. Pisarek,
   P. Pracht, P. Shushkov, and S. Spicher.
   
 * started run on 2021/02/19 at 21:08:55.898     

           -------------------------------------------------
          |                Calculation Setup                |
           -------------------------------------------------

          program call               : /ihome/ghutchison/geoffh/xtb/xtb 55u.xyz -opt
          hostname                   : smp-n106
          coordinate file            : 55u.xyz
          omp threads                :                     1
          number of atoms            :                    11
          number of electrons        :                    26
          charge                     :                     0
          spin                       :                   0.0
          first test random number   :      0.39896165668580


########################################################################
# WARNING! Please study the warnings concerning your input carefully
#  - the use of '-opt' is discouraged, please use '--opt' next time
########################################################################

           ------------------------------------------------- 
          |                 G F N 2 - x T B                 |
          | Geometry, Frequencies, Noncovalent interactions |
          |            JCTC 2019 parametrisation            |
           ------------------------------------------------- 
             KAB for C  - Si     :                1.0500
             KAB for H  - Pd     :                0.9500
             k(s)              :                1.8500
             k(p)              :                2.2300
             k(d)              :                2.2300
             k(f)              :                2.0000
             kEN (H0ij)        :               -2.0000
             D4 a1             :                0.5200
             D4 a2             :                5.0000
             D4 s6             :                1.0000
             D4 s8             :                2.7000
             D4 s9             :                5.0000
             alphaj            :                2.0000

  Z AO/shell   Hii/eV     exponent
  1     Wed Apr 25 08:07:45 CEST 2018   EN: 2.200 GM2: 0.406  GM3: 0.0800  RAES: 1.40
     1s    -10.707211    1.230000
  6     Wed Apr 25 08:07:45 CEST 2018   EN: 2.550 GM2: 0.538  GM3: 0.1500  RAES: 3.00
     2s    -13.970922    2.096432
     2p    -10.063292    1.800000
 14     Tue Apr 24 12:33:07 CEST 2018   EN: 1.900 GM2: 0.720  GM3: 0.1936  RAES: 3.90
     3s    -14.360932    1.773917
     3p     -6.915131    1.718996
     3d     -1.825036    1.250000

           ------------------------------------------------- 
          |        Self-Consistent Charge Iterations        |
           ------------------------------------------------- 

          ...................................................
          :                      SETUP                      :
          :.................................................:
          :  # basis functions                  32          :
          :  # atomic orbitals                  31          :
          :  # shells                           17          :
          :  # electrons                        26          :
          :  max. iterations                   250          :
          :  Hamiltonian                  GFN2-xTB          :
          :  restarted?                      false          :
          :  GBSA solvation                  false          :
          :  PC potential                    false          :
          :  electronic temp.          300.0000000     K    :
          :  accuracy                    1.0000000          :
          :  -> integral cutoff          0.2500000E+02      :
          :  -> integral neglect         0.1000000E-07      :
          :  -> SCF convergence          0.1000000E-05 Eh   :
          :  -> wf. convergence          0.1000000E-03 e    :
          :  Broyden damping             0.4000000          :
          ...................................................

 iter      E             dE          RMSdq      gap      omega  full diag
   1    -13.4851766 -0.134852E+02  0.615E+00    2.99       0.0  T
   2    -13.5391439 -0.539673E-01  0.325E+00    2.78       1.0  T
   3    -13.5321310  0.701292E-02  0.231E+00    2.97       1.0  T
   4    -13.5435453 -0.114143E-01  0.973E-01    2.89       1.0  T
   5    -13.5429608  0.584518E-03  0.495E-01    2.86       1.0  T
   6    -13.5448544 -0.189360E-02  0.236E-01    2.86       1.0  T
   7    -13.5449326 -0.782617E-04  0.632E-02    2.85       1.0  T
   8    -13.5449298  0.286482E-05  0.275E-02    2.85       1.1  T
   9    -13.5449329 -0.310689E-05  0.140E-02    2.85       2.2  T
  10    -13.5449334 -0.519850E-06  0.332E-03    2.85       9.1  T
  11    -13.5449334 -0.305223E-07  0.101E-03    2.85      29.9  T
  12    -13.5449334 -0.314686E-08  0.226E-04    2.85     133.3  T
  13    -13.5449334 -0.226912E-10  0.463E-05    2.85     651.1  T

   *** convergence criteria satisfied after 13 iterations ***

         #    Occupation            Energy/Eh            Energy/eV
      -------------------------------------------------------------
         1        2.0000           -0.7296922             -19.8559
       ...           ...                  ...                  ...
         7        2.0000           -0.4555122             -12.3951
         8        2.0000           -0.4494813             -12.2310
         9        2.0000           -0.4462213             -12.1423
        10        2.0000           -0.4216690             -11.4742
        11        2.0000           -0.4030848             -10.9685
        12        2.0000           -0.3882577             -10.5650
        13        2.0000           -0.3735487             -10.1648 (HOMO)
        14                         -0.2687707              -7.3136 (LUMO)
        15                         -0.1770835              -4.8187
        16                         -0.1650893              -4.4923
        17                         -0.1591023              -4.3294
        18                         -0.0794082              -2.1608
       ...                                ...                  ...
        31                          0.6946156              18.9015
      -------------------------------------------------------------
                  HL-Gap            0.1047780 Eh            2.8512 eV
             Fermi-level           -0.3211597 Eh           -8.7392 eV

 SCC (total)                   0 d,  0 h,  0 min,  0.011 sec
 SCC setup                      ...        0 min,  0.000 sec (  1.608%)
 Dispersion                     ...        0 min,  0.000 sec (  0.776%)
 integral evaluation            ...        0 min,  0.002 sec ( 19.901%)
 zeroth order Hamiltonian       ...        0 min,  0.000 sec (  0.425%)
 iterations                     ...        0 min,  0.005 sec ( 47.063%)
 molecular gradient             ...        0 min,  0.003 sec ( 27.250%)
 printout                       ...        0 min,  0.000 sec (  2.522%)

         :::::::::::::::::::::::::::::::::::::::::::::::::::::
         ::                     SUMMARY                     ::
         :::::::::::::::::::::::::::::::::::::::::::::::::::::
         :: total energy             -13.318533074037 Eh    ::
         :: gradient norm              0.032459241667 Eh/a0 ::
         :: HOMO-LUMO gap              2.851155219442 eV    ::
         ::.................................................::
         :: SCC energy               -13.544933442966 Eh    ::
         :: -> isotropic ES            0.012404563146 Eh    ::
         :: -> anisotropic ES          0.004222746234 Eh    ::
         :: -> anisotropic XC          0.010795671882 Eh    ::
         :: -> dispersion             -0.007393860769 Eh    ::
         :: repulsion energy           0.226393720004 Eh    ::
         :: add. restraining           0.000000000000 Eh    ::
         :::::::::::::::::::::::::::::::::::::::::::::::::::::

      ----------------------------------------------------------- 
     |                   =====================                   |
     |                        A N C O P T                        |
     |                   =====================                   |
     |               Approximate Normal Coordinate               |
     |                Rational Function Optimizer                |
      ----------------------------------------------------------- 

          ...................................................
          :                      SETUP                      :
          :.................................................:
          :   optimization level            normal          :
          :   max. optcycles                   200          :
          :   ANC micro-cycles                  20          :
          :   degrees of freedom                27          :
          :.................................................:
          :   RF solver                   davidson          :
          :   input Hessian                  false          :
          :   write xtbopt.log                true          :
          :   linear?                        false          :
          :   energy convergence         0.5000000E-05 Eh   :
          :   grad. convergence          0.1000000E-02 Eh/α :
          :   maximium RF displ.         2.0000000          :
          :   Hlow (freq-cutoff)         0.5000000E-02      :
          :   Hmax (freq-cutoff)         5.0000000          :
          :   S6 in model hess.         20.0000000          :
          ...................................................

generating ANC from model Hessian ...
Using Lindh-Hessian (1995)
 Shifting diagonal of input Hessian by   0.000000000000000E+000
 Lowest  eigenvalues of input Hessian
   -0.000000   -0.000000   -0.000000   -0.000000    0.000000    0.000000
    0.005047    0.009406    0.014563    0.015041    0.016547    0.020195
    0.035721    0.057675    0.064387    0.090323    0.094125    0.103051
 Highest eigenvalues
    0.797805    1.068252    1.253204    1.490561    1.797929    1.833591
 

........................................................................
.............................. CYCLE    1 ..............................
........................................................................
   1    -13.5449334 -0.135449E+02  0.218E-05    2.85       0.0  T
   2    -13.5449334 -0.214939E-12  0.133E-05    2.85    2271.6  T
   3    -13.5449334 -0.781597E-13  0.119E-05    2.85    2539.8  T
     SCC iter.                  ...        0 min,  0.001 sec
     gradient                   ...        0 min,  0.003 sec
 * total energy  :   -13.3185331 Eh     change       -0.3262931E-08 Eh
   gradient norm :     0.0324593 Eh/α   predicted     0.0000000E+00 (-100.00%)
   displ. norm   :     0.2420811 α      lambda       -0.4402022E-02
   maximum displ.:     0.1803297 α      in ANC's #9, #6, #16, ...

........................................................................
.............................. CYCLE    2 ..............................
........................................................................
   1    -13.5529786 -0.135530E+02  0.320E-01    2.91       0.0  T
   2    -13.5529869 -0.826081E-05  0.198E-01    2.91       1.0  T
   3    -13.5528844  0.102476E-03  0.173E-01    2.91       1.0  T
   4    -13.5530485 -0.164172E-03  0.391E-02    2.91       1.0  T
   5    -13.5530491 -0.527165E-06  0.119E-02    2.91       2.5  T
   6    -13.5530491 -0.726989E-07  0.683E-03    2.91       4.4  T
   7    -13.5530492 -0.952458E-07  0.146E-03    2.91      20.7  T
   8    -13.5530492  0.430989E-08  0.107E-03    2.91      28.1  T
     SCC iter.                  ...        0 min,  0.002 sec
     gradient                   ...        0 min,  0.003 sec
 * total energy  :   -13.3212576 Eh     change       -0.2724566E-02 Eh
   gradient norm :     0.0165824 Eh/α   predicted    -0.2329997E-02 ( -14.48%)
   displ. norm   :     0.0907481 α      lambda       -0.8624216E-03
   maximum displ.:     0.0586952 α      in ANC's #9, #12, #16, ...

........................................................................
.............................. CYCLE    3 ..............................
........................................................................
   1    -13.5557272 -0.135557E+02  0.136E-01    2.90       0.0  T
   2    -13.5557318 -0.462200E-05  0.990E-02    2.90       1.0  T
   3    -13.5557367 -0.486489E-05  0.729E-02    2.90       1.0  T
   4    -13.5557493 -0.126699E-04  0.163E-02    2.90       1.9  T
   5    -13.5557510 -0.167303E-05  0.752E-03    2.90       4.0  T
   6    -13.5557510 -0.249154E-07  0.246E-03    2.90      12.3  T
   7    -13.5557510 -0.958348E-08  0.737E-04    2.90      40.9  T
     SCC iter.                  ...        0 min,  0.002 sec
     gradient                   ...        0 min,  0.003 sec
 * total energy  :   -13.3217660 Eh     change       -0.5083944E-03 Eh
   gradient norm :     0.0060656 Eh/α   predicted    -0.4347613E-03 ( -14.48%)
   displ. norm   :     0.0250581 α      lambda       -0.7683771E-04
   maximum displ.:     0.0218827 α      in ANC's #12, #9, #21, ...

........................................................................
.............................. CYCLE    4 ..............................
........................................................................
   1    -13.5553204 -0.135553E+02  0.290E-02    2.89       0.0  T
   2    -13.5553210 -0.628155E-06  0.246E-02    2.88       1.2  T
   3    -13.5553219 -0.932122E-06  0.156E-02    2.88       1.9  T
   4    -13.5553218  0.104134E-06  0.580E-03    2.89       5.2  T
   5    -13.5553221 -0.278239E-06  0.256E-03    2.88      11.8  T
   6    -13.5553221 -0.877170E-08  0.804E-04    2.88      37.5  T
     SCC iter.                  ...        0 min,  0.002 sec
     gradient                   ...        0 min,  0.003 sec
 * total energy  :   -13.3218108 Eh     change       -0.4475876E-04 Eh
   gradient norm :     0.0016471 Eh/α   predicted    -0.3844337E-04 ( -14.11%)
   displ. norm   :     0.0098859 α      lambda       -0.5054312E-05
   maximum displ.:     0.0072093 α      in ANC's #12, #6, #10, ...

........................................................................
.............................. CYCLE    5 ..............................
........................................................................
   1    -13.5549565 -0.135550E+02  0.837E-03    2.88       0.0  T
   2    -13.5549566 -0.831812E-07  0.583E-03    2.88       5.2  T
   3    -13.5549566 -0.734719E-09  0.305E-03    2.88       9.9  T
   4    -13.5549566  0.308655E-08  0.185E-03    2.88      16.3  T
   5    -13.5549566 -0.265648E-07  0.539E-04    2.88      56.0  T
   6    -13.5549566 -0.532811E-09  0.216E-04    2.88     139.3  T
     SCC iter.                  ...        0 min,  0.002 sec
     gradient                   ...        0 min,  0.003 sec
 * total energy  :   -13.3218133 Eh     change       -0.2464425E-05 Eh
   gradient norm :     0.0006303 Eh/α   predicted    -0.2526655E-05 (   2.53%)
   displ. norm   :     0.0027026 α      lambda       -0.5724404E-06
   maximum displ.:     0.0021214 α      in ANC's #12, #6, #21, ...

   *** GEOMETRY OPTIMIZATION CONVERGED AFTER 5 ITERATIONS ***

------------------------------------------------------------------------
 total energy gain   :        -0.0032802 Eh       -2.0583 kcal/mol
 total RMSD          :         0.0979301 a0        0.0518 Å
 total power (kW/mol):        -1.7224258 (step) -222.2311 (real)
------------------------------------------------------------------------

 ANCopt (total)                0 d,  0 h,  0 min,  0.039 sec
 optimizer setup                ...        0 min,  0.000 sec (  0.348%)
 model hessian                  ...        0 min,  0.001 sec (  2.512%)
 ANC generation                 ...        0 min,  0.000 sec (  0.668%)
 coordinate transformation      ...        0 min,  0.000 sec (  0.112%)
 single point calculation       ...        0 min,  0.036 sec ( 93.730%)
 optimization log               ...        0 min,  0.000 sec (  0.676%)
 hessian update                 ...        0 min,  0.000 sec (  0.099%)
 rational function              ...        0 min,  0.000 sec (  0.997%)

================
 final structure:
================
$coord
    2.48737492627656    0.45260007836722    0.00560281190689      C 
    1.40292345716963   -1.84687220715184    0.01109514298022      C 
   -1.35378753529755   -1.85653576790147    0.01689442097277      C 
   -2.45433229013324    0.43525273126820    0.01600104256675      C 
    0.00772456239815    2.94596037565440    0.00735815619878      Si
    0.00702924753289    4.51650992704470    2.28871024029751      H 
   -0.00255874329762    4.51014136378912   -2.27834037912641      H 
    4.51398725319211    0.66728284531907    0.00106825197650      H 
    2.42761441410362   -3.61386645490140    0.01144095907830      H 
   -2.36605903797699   -3.63064583553185    0.02152724480345      H 
   -4.48241764527832    0.63571172210851    0.02000030880912      H 
$end
           -------------------------------------------------
          |                Final Singlepoint                |
           -------------------------------------------------

          ...................................................
          :                      SETUP                      :
          :.................................................:
          :  # basis functions                  32          :
          :  # atomic orbitals                  31          :
          :  # shells                           17          :
          :  # electrons                        26          :
          :  max. iterations                   250          :
          :  Hamiltonian                  GFN2-xTB          :
          :  restarted?                      false          :
          :  GBSA solvation                  false          :
          :  PC potential                    false          :
          :  electronic temp.          300.0000000     K    :
          :  accuracy                    1.0000000          :
          :  -> integral cutoff          0.2500000E+02      :
          :  -> integral neglect         0.1000000E-07      :
          :  -> SCF convergence          0.1000000E-05 Eh   :
          :  -> wf. convergence          0.1000000E-03 e    :
          :  Broyden damping             0.4000000          :
          ...................................................

 iter      E             dE          RMSdq      gap      omega  full diag
   1    -13.5549566 -0.135550E+02  0.140E-04    2.88       0.0  T
   2    -13.5549566  0.431761E-10  0.138E-04    2.88     219.2  T
   3    -13.5549566 -0.178819E-09  0.246E-05    2.88    1225.8  T

   *** convergence criteria satisfied after 3 iterations ***

         #    Occupation            Energy/Eh            Energy/eV
      -------------------------------------------------------------
         1        2.0000           -0.7333439             -19.9553
       ...           ...                  ...                  ...
         7        2.0000           -0.4568433             -12.4313
         8        2.0000           -0.4506276             -12.2622
         9        2.0000           -0.4433847             -12.0651
        10        2.0000           -0.4199414             -11.4272
        11        2.0000           -0.4062432             -11.0544
        12        2.0000           -0.3962645             -10.7829
        13        2.0000           -0.3760797             -10.2336 (HOMO)
        14                         -0.2702522              -7.3539 (LUMO)
        15                         -0.1743362              -4.7439
        16                         -0.1673271              -4.5532
        17                         -0.1516895              -4.1277
        18                         -0.0805105              -2.1908
       ...                                ...                  ...
        31                          0.7165767              19.4990
      -------------------------------------------------------------
                  HL-Gap            0.1058274 Eh            2.8797 eV
             Fermi-level           -0.3231660 Eh           -8.7938 eV

 SCC (total)                   0 d,  0 h,  0 min,  0.007 sec
 SCC setup                      ...        0 min,  0.000 sec (  1.410%)
 Dispersion                     ...        0 min,  0.000 sec (  0.509%)
 integral evaluation            ...        0 min,  0.002 sec ( 28.442%)
 zeroth order Hamiltonian       ...        0 min,  0.000 sec (  0.710%)
 iterations                     ...        0 min,  0.001 sec ( 20.369%)
 molecular gradient             ...        0 min,  0.003 sec ( 45.354%)
 printout                       ...        0 min,  0.000 sec (  2.442%)

         :::::::::::::::::::::::::::::::::::::::::::::::::::::
         ::                     SUMMARY                     ::
         :::::::::::::::::::::::::::::::::::::::::::::::::::::
         :: total energy             -13.321813245672 Eh    ::
         :: gradient norm              0.000630403090 Eh/a0 ::
         :: HOMO-LUMO gap              2.879710693631 eV    ::
         ::.................................................::
         :: SCC energy               -13.554956599377 Eh    ::
         :: -> isotropic ES            0.012502195017 Eh    ::
         :: -> anisotropic ES          0.003987116443 Eh    ::
         :: -> anisotropic XC          0.010631853657 Eh    ::
         :: -> dispersion             -0.007399912347 Eh    ::
         :: repulsion energy           0.233136834109 Eh    ::
         :: add. restraining           0.000000000000 Eh    ::
         :::::::::::::::::::::::::::::::::::::::::::::::::::::

           -------------------------------------------------
          |                Property Printout                |
           -------------------------------------------------

    * Orbital Energies and Occupations

         #    Occupation            Energy/Eh            Energy/eV
      -------------------------------------------------------------
         1        2.0000           -0.7333439             -19.9553
         2        2.0000           -0.6087149             -16.5640
         3        2.0000           -0.5906951             -16.0736
         4        2.0000           -0.5440351             -14.8039
         5        2.0000           -0.5147269             -14.0064
         6        2.0000           -0.5103306             -13.8868
         7        2.0000           -0.4568433             -12.4313
         8        2.0000           -0.4506276             -12.2622
         9        2.0000           -0.4433847             -12.0651
        10        2.0000           -0.4199414             -11.4272
        11        2.0000           -0.4062432             -11.0544
        12        2.0000           -0.3962645             -10.7829
        13        2.0000           -0.3760797             -10.2336 (HOMO)
        14                         -0.2702522              -7.3539 (LUMO)
        15                         -0.1743362              -4.7439
        16                         -0.1673271              -4.5532
        17                         -0.1516895              -4.1277
        18                         -0.0805105              -2.1908
        19                         -0.0230457              -0.6271
        20                         -0.0106913              -0.2909
        21                          0.1341039               3.6492
        22                          0.1559606               4.2439
        23                          0.2099121               5.7120
        24                          0.2150933               5.8530
       ...                                ...                  ...
        31                          0.7165767              19.4990
      -------------------------------------------------------------
                  HL-Gap            0.1058274 Eh            2.8797 eV
             Fermi-level           -0.3231660 Eh           -8.7938 eV

     #   Z        covCN         q      C6AA      α(0)
     1   6 C      2.810    -0.136    31.467     9.190
     2   6 C      3.023    -0.031    28.744     8.794
     3   6 C      3.023    -0.031    28.744     8.794
     4   6 C      2.810    -0.136    31.466     9.190
     5  14 Si     3.823     0.421    98.756    19.010
     6   1 H      0.918    -0.090     5.227     3.576
     7   1 H      0.918    -0.090     5.227     3.576
     8   1 H      0.926     0.022     2.699     2.569
     9   1 H      0.926     0.024     2.672     2.556
    10   1 H      0.926     0.024     2.672     2.556
    11   1 H      0.926     0.022     2.699     2.569

 Mol. C6AA /au·bohr⁶  :       1835.470389
 Mol. C8AA /au·bohr⁸  :      57399.894183
 Mol. α(0) /au        :         72.382378


Wiberg/Mayer (AO) data.
largest (>0.10) Wiberg bond orders for each atom
          total WBO             WBO to atom ...
     1  C   3.971        C    2 1.836    H    8 0.978    Si   5 0.944    C    4 0.135
     2  C   3.989        C    1 1.836    C    3 1.116    H    9 0.970
     3  C   3.989        C    4 1.836    C    2 1.116    H   10 0.970
     4  C   3.971        C    3 1.836    H   11 0.978    Si   5 0.944    C    1 0.135
     5  Si  3.765        C    1 0.944    C    4 0.944    H    7 0.884    H    6 0.884
     6  H   0.992        Si   5 0.884
     7  H   0.992        Si   5 0.884
     8  H   1.000        C    1 0.978
     9  H   0.999        C    2 0.970
    10  H   0.999        C    3 0.970
    11  H   1.000        C    4 0.978

molecular dipole:
                 x           y           z       tot (Debye)
 q only:       -0.001       0.277      -0.000
   full:        0.000      -0.018       0.000       0.045
molecular quadrupole (traceless):
                xx          xy          yy          xz          yz          zz
 q only:       -0.319       0.002       1.143      -0.001       0.002      -0.825
  q+dip:        0.663      -0.006       2.277      -0.008      -0.007      -2.940
   full:        0.559      -0.002       1.116      -0.005      -0.004      -1.675

           -------------------------------------------------
          |                Geometry Summary                 |
           -------------------------------------------------

      molecular mass/u    :       82.1769000
   center of mass at/Å    :        0.0083865       0.3350508       0.0055846
  moments of inertia/u·Å² :        0.7145740E+02   0.1055108E+03   0.1710812E+03
rotational constants/cm⁻¹ :        0.2359116E+00   0.1597717E+00   0.9853588E-01

 * 10 selected distances

     #   Z        #   Z                                     value/Å
     1   6 C      2   6 C                                 1.3453636
     3   6 C      4   6 C                                 1.3453487
     1   6 C      5  14 Si                                1.8608324 (max)
     4   6 C      5  14 Si                                1.8608277
     5  14 Si     6   1 H                                 1.4656580
     5  14 Si     7   1 H                                 1.4656573
     1   6 C      8   1 H                                 1.0784402 (min)
     2   6 C      9   1 H                                 1.0809034
     3   6 C     10   1 H                                 1.0808932
     4   6 C     11   1 H                                 1.0784485

 * 4 distinct bonds (by element types)

   Z      Z             #   av. dist./Å        max./Å        min./Å
   1 H    6 C           4     1.0796713     1.0809034     1.0784402
   6 C    6 C           2     1.3453561     1.3453636     1.3453487
   1 H   14 Si          2     1.4656576     1.4656580     1.4656573
   6 C   14 Si          2     1.8608301     1.8608324     1.8608277


optimized geometry written to: xtbopt.xyz


           -------------------------------------------------
          | TOTAL ENERGY              -13.321813245672 Eh   |
          | GRADIENT NORM               0.000630403090 Eh/α |
          | HOMO-LUMO GAP               2.879710693631 eV   |
           -------------------------------------------------

------------------------------------------------------------------------
 * finished run on 2021/02/19 at 21:08:55.970     
------------------------------------------------------------------------
 total:
 * wall-time:     0 d,  0 h,  0 min,  0.072 sec
 *  cpu-time:     0 d,  0 h,  0 min,  0.069 sec
 * ratio c/w:     0.966 speedup
 SCF:
 * wall-time:     0 d,  0 h,  0 min,  0.011 sec
 *  cpu-time:     0 d,  0 h,  0 min,  0.011 sec
 * ratio c/w:     0.998 speedup
 ANC optimizer:
 * wall-time:     0 d,  0 h,  0 min,  0.046 sec
 *  cpu-time:     0 d,  0 h,  0 min,  0.046 sec
 * ratio c/w:     0.995 speedup

