      -----------------------------------------------------------      
     |                   =====================                   |     
     |                           x T B                           |     
     |                   =====================                   |     
     |                         S. Grimme                         |     
     |          Mulliken Center for Theoretical Chemistry        |     
     |                    University of Bonn                     |     
     |                Version 6.2 RC2 (SAW190805)                |     
      -----------------------------------------------------------      

   This program is distributed in the hope that it will be useful,
   but WITHOUT ANY WARRANTY; without even the implied warranty of
   MERCHANTABILITY or FITNESS FOR A PARTICULAR PURPOSE.
   
   FOR NON-COMMERCIAL, ACADEMIA USE ONLY.
   
   Cite this work as:
   * S. Grimme, C. Bannwarth, P. Shushkov, J. Chem. Theory Comput., 2017,
     13, 1989-2009. DOI: 10.1021/acs.jctc.7b00118
   * C. Bannwarth, S. Ehlert and S. Grimme., J. Chem. Theory Comput., 2019,
     15, 1652-1671. DOI: 10.1021/acs.jctc.8b01176
   * P. Pracht, E. Caldeweyher, S. Ehlert, S. Grimme, ChemRxiv, 2019, preprint.
     DOI: 10.26434/chemrxiv.8326202.v1
   
   for DFT-D4:
   * E. Caldeweyher, C. Bannwarth and S. Grimme, J. Chem. Phys., 2017,
     147, 034112. DOI: 10.1063/1.4993215
   * E. Caldeweyher, S. Ehlert, A. Hansen, H. Neugebauer, S. Spicher,
     C. Bannwarth and S. Grimme, J. Chem. Phys., 2019, 150, 154122.
     DOI: 10.1063/1.5090222
   
   for sTDA-xTB:
   * S. Grimme and C. Bannwarth, J. Chem. Phys., 2016, 145, 054103.
     DOI: 10.1063/1.4959605
   
   in the mass-spec context:
   * V. Asgeirsson, C. Bauer and S. Grimme, Chem. Sci., 2017, 8, 4879.
     DOI: 10.1039/c7sc00601b
   
   for metadynamics refer to:
   * S. Grimme, J. Chem. Theory Comput., 2019, 155, 2847-2862
     DOI: 10.1021/acs.jctc.9b00143
   
   with help from (in alphabetical order)
   C. Bannwarth, F. Bohle, G. Brandenburg, E. Caldeweyher, M. Checinski,
   S. Dohm, S. Ehlert, S. Ehrlich, F. März, H. Neugebauer, J. Pisarek,
   P. Pracht, P. Shushkov, and S. Spicher.
   
 * started run on 2021/02/19 at 08:13:24.982     

           -------------------------------------------------
          |                Calculation Setup                |
           -------------------------------------------------

          program call               : /ihome/ghutchison/geoffh/xtb/xtb 7d.xyz -opt
          hostname                   : smp-n167
          coordinate file            : 7d.xyz
          omp threads                :                     1
          number of atoms            :                    18
          number of electrons        :                    54
          charge                     :                     0
          spin                       :                   0.0
          first test random number   :      0.59677139004952


########################################################################
# WARNING! Please study the warnings concerning your input carefully
#  - the use of '-opt' is discouraged, please use '--opt' next time
########################################################################

           ------------------------------------------------- 
          |                 G F N 2 - x T B                 |
          | Geometry, Frequencies, Noncovalent interactions |
          |            JCTC 2019 parametrisation            |
           ------------------------------------------------- 
             KAB for C  - Si     :                1.0500
             KAB for H  - Pd     :                0.9500
             k(s)              :                1.8500
             k(p)              :                2.2300
             k(d)              :                2.2300
             k(f)              :                2.0000
             kEN (H0ij)        :               -2.0000
             D4 a1             :                0.5200
             D4 a2             :                5.0000
             D4 s6             :                1.0000
             D4 s8             :                2.7000
             D4 s9             :                5.0000
             alphaj            :                2.0000

  Z AO/shell   Hii/eV     exponent
  1     Wed Apr 25 08:07:45 CEST 2018   EN: 2.200 GM2: 0.406  GM3: 0.0800  RAES: 1.40
     1s    -10.707211    1.230000
  6     Wed Apr 25 08:07:45 CEST 2018   EN: 2.550 GM2: 0.538  GM3: 0.1500  RAES: 3.00
     2s    -13.970922    2.096432
     2p    -10.063292    1.800000
  8     Wed Apr 25 08:07:45 CEST 2018   EN: 3.440 GM2: 0.452  GM3:-0.0517  RAES: 1.80
     2s    -20.229985    2.439742
     2p    -15.503117    2.137023
 16     Tue Apr 24 11:44:34 CEST 2018   EN: 2.580 GM2: 0.340  GM3:-0.0502  RAES: 3.10
     3s    -20.029654    1.981333
     3p    -11.377694    2.025643
     3d     -0.420282    1.702555

           ------------------------------------------------- 
          |        Self-Consistent Charge Iterations        |
           ------------------------------------------------- 

          ...................................................
          :                      SETUP                      :
          :.................................................:
          :  # basis functions                  54          :
          :  # atomic orbitals                  53          :
          :  # shells                           29          :
          :  # electrons                        54          :
          :  max. iterations                   250          :
          :  Hamiltonian                  GFN2-xTB          :
          :  restarted?                      false          :
          :  GBSA solvation                  false          :
          :  PC potential                    false          :
          :  electronic temp.          300.0000000     K    :
          :  accuracy                    1.0000000          :
          :  -> integral cutoff          0.2500000E+02      :
          :  -> integral neglect         0.1000000E-07      :
          :  -> SCF convergence          0.1000000E-05 Eh   :
          :  -> wf. convergence          0.1000000E-03 e    :
          :  Broyden damping             0.4000000          :
          ...................................................

 iter      E             dE          RMSdq      gap      omega  full diag
   1    -30.7284829 -0.307285E+02  0.430E+00    3.60       0.0  T
   2    -30.7558645 -0.273815E-01  0.233E+00    3.64       1.0  T
   3    -30.7508411  0.502338E-02  0.102E+00    3.46       1.0  T
   4    -30.7570578 -0.621672E-02  0.442E-01    3.64       1.0  T
   5    -30.7590218 -0.196397E-02  0.130E-01    3.59       1.0  T
   6    -30.7590296 -0.785917E-05  0.436E-02    3.59       1.0  T
   7    -30.7590376 -0.793850E-05  0.246E-02    3.59       1.0  T
   8    -30.7590416 -0.404706E-05  0.125E-02    3.58       1.9  T
   9    -30.7590422 -0.565824E-06  0.238E-03    3.58       9.9  T
  10    -30.7590422 -0.243937E-07  0.112E-03    3.58      21.1  T
  11    -30.7590422 -0.177036E-08  0.456E-04    3.58      51.7  T
  12    -30.7590422 -0.311665E-09  0.146E-04    3.58     161.6  T

   *** convergence criteria satisfied after 12 iterations ***

         #    Occupation            Energy/Eh            Energy/eV
      -------------------------------------------------------------
         1        2.0000           -0.7324895             -19.9321
       ...           ...                  ...                  ...
        21        2.0000           -0.4702239             -12.7954
        22        2.0000           -0.4616440             -12.5620
        23        2.0000           -0.4527846             -12.3209
        24        2.0000           -0.4506191             -12.2620
        25        2.0000           -0.4389299             -11.9439
        26        2.0000           -0.3760499             -10.2328
        27        2.0000           -0.3721910             -10.1278 (HOMO)
        28                         -0.2404638              -6.5434 (LUMO)
        29                         -0.2020046              -5.4968
        30                         -0.1536435              -4.1809
        31                         -0.1159450              -3.1550
        32                         -0.0288676              -0.7855
       ...                                ...                  ...
        53                          0.6901679              18.7804
      -------------------------------------------------------------
                  HL-Gap            0.1317272 Eh            3.5845 eV
             Fermi-level           -0.3063274 Eh           -8.3356 eV

 SCC (total)                   0 d,  0 h,  0 min,  0.021 sec
 SCC setup                      ...        0 min,  0.000 sec (  0.602%)
 Dispersion                     ...        0 min,  0.000 sec (  0.549%)
 integral evaluation            ...        0 min,  0.006 sec ( 27.707%)
 zeroth order Hamiltonian       ...        0 min,  0.000 sec (  0.431%)
 iterations                     ...        0 min,  0.007 sec ( 34.715%)
 molecular gradient             ...        0 min,  0.007 sec ( 35.063%)
 printout                       ...        0 min,  0.000 sec (  0.860%)

         :::::::::::::::::::::::::::::::::::::::::::::::::::::
         ::                     SUMMARY                     ::
         :::::::::::::::::::::::::::::::::::::::::::::::::::::
         :: total energy             -30.431755743446 Eh    ::
         :: gradient norm              0.052833128746 Eh/a0 ::
         :: HOMO-LUMO gap              3.584479137376 eV    ::
         ::.................................................::
         :: SCC energy               -30.759042201453 Eh    ::
         :: -> isotropic ES            0.030463941459 Eh    ::
         :: -> anisotropic ES          0.002573897328 Eh    ::
         :: -> anisotropic XC          0.005368901854 Eh    ::
         :: -> dispersion             -0.015990697121 Eh    ::
         :: repulsion energy           0.327225541990 Eh    ::
         :: add. restraining           0.000000000000 Eh    ::
         :::::::::::::::::::::::::::::::::::::::::::::::::::::

      ----------------------------------------------------------- 
     |                   =====================                   |
     |                        A N C O P T                        |
     |                   =====================                   |
     |               Approximate Normal Coordinate               |
     |                Rational Function Optimizer                |
      ----------------------------------------------------------- 

          ...................................................
          :                      SETUP                      :
          :.................................................:
          :   optimization level            normal          :
          :   max. optcycles                   200          :
          :   ANC micro-cycles                  20          :
          :   degrees of freedom                48          :
          :.................................................:
          :   RF solver                   davidson          :
          :   input Hessian                  false          :
          :   write xtbopt.log                true          :
          :   linear?                        false          :
          :   energy convergence         0.5000000E-05 Eh   :
          :   grad. convergence          0.1000000E-02 Eh/α :
          :   maximium RF displ.         2.0000000          :
          :   Hlow (freq-cutoff)         0.5000000E-02      :
          :   Hmax (freq-cutoff)         5.0000000          :
          :   S6 in model hess.         20.0000000          :
          ...................................................

generating ANC from model Hessian ...
Using Lindh-Hessian (1995)
 Shifting diagonal of input Hessian by   1.295074151462561E-003
 Lowest  eigenvalues of input Hessian
   -0.000000   -0.000000   -0.000000    0.000000    0.000000    0.000000
    0.005000    0.007027    0.010710    0.014282    0.018698    0.022151
    0.037518    0.045385    0.050378    0.054026    0.057604    0.058320
 Highest eigenvalues
    1.393024    1.448534    1.544074    1.824546    2.040427    2.115444
 

........................................................................
.............................. CYCLE    1 ..............................
........................................................................
   1    -30.7590422 -0.307590E+02  0.680E-05    3.58       0.0  T
   2    -30.7590422 -0.147509E-10  0.408E-05    3.58     578.2  T
   3    -30.7590422 -0.245137E-11  0.273E-05    3.58     863.0  T
     SCC iter.                  ...        0 min,  0.002 sec
     gradient                   ...        0 min,  0.007 sec
 * total energy  :   -30.4317557 Eh     change        0.4158842E-08 Eh
   gradient norm :     0.0528332 Eh/α   predicted     0.0000000E+00 (-100.00%)
   displ. norm   :     0.3532353 α      lambda       -0.5334096E-02
   maximum displ.:     0.2939879 α      in ANC's #1, #2, #26, ...

........................................................................
.............................. CYCLE    2 ..............................
........................................................................
   1    -30.7694670 -0.307695E+02  0.378E-01    3.65       0.0  T
   2    -30.7695368 -0.697919E-04  0.208E-01    3.62       1.0  T
   3    -30.7694364  0.100416E-03  0.103E-01    3.64       1.0  T
   4    -30.7695782 -0.141816E-03  0.279E-02    3.62       1.0  T
   5    -30.7695796 -0.135342E-05  0.703E-03    3.63       3.4  T
   6    -30.7695796 -0.429534E-07  0.393E-03    3.63       6.0  T
   7    -30.7695798 -0.187469E-06  0.125E-03    3.63      18.8  T
     SCC iter.                  ...        0 min,  0.004 sec
     gradient                   ...        0 min,  0.007 sec
 * total energy  :   -30.4355070 Eh     change       -0.3751243E-02 Eh
   gradient norm :     0.0247210 Eh/α   predicted    -0.2999819E-02 ( -20.03%)
   displ. norm   :     0.3139541 α      lambda       -0.2192484E-02
   maximum displ.:     0.2544557 α      in ANC's #1, #2, #5, ...

........................................................................
.............................. CYCLE    3 ..............................
........................................................................
   1    -30.7744774 -0.307745E+02  0.320E-01    3.68       0.0  T
   2    -30.7745234 -0.459699E-04  0.181E-01    3.65       1.0  T
   3    -30.7744449  0.784820E-04  0.926E-02    3.67       1.0  T
   4    -30.7745555 -0.110591E-03  0.241E-02    3.66       1.0  T
   5    -30.7745562 -0.741316E-06  0.740E-03    3.66       3.2  T
   6    -30.7745565 -0.289939E-06  0.355E-03    3.66       6.6  T
   7    -30.7745567 -0.157135E-06  0.110E-03    3.66      21.5  T
     SCC iter.                  ...        0 min,  0.004 sec
     gradient                   ...        0 min,  0.007 sec
 * total energy  :   -30.4371069 Eh     change       -0.1599895E-02 Eh
   gradient norm :     0.0081251 Eh/α   predicted    -0.1204294E-02 ( -24.73%)
   displ. norm   :     0.4171522 α      lambda       -0.1468985E-02
   maximum displ.:     0.3488558 α      in ANC's #1, #2, #5, ...

........................................................................
.............................. CYCLE    4 ..............................
........................................................................
   1    -30.7740606 -0.307741E+02  0.384E-01    3.69       0.0  T
   2    -30.7740946 -0.339915E-04  0.209E-01    3.67       1.0  T
   3    -30.7740538  0.408136E-04  0.704E-02    3.69       1.0  T
   4    -30.7741092 -0.553632E-04  0.292E-02    3.67       1.0  T
   5    -30.7741114 -0.217466E-05  0.643E-03    3.67       3.7  T
   6    -30.7741117 -0.382312E-06  0.278E-03    3.68       8.5  T
   7    -30.7741118 -0.768740E-07  0.127E-03    3.68      18.6  T
     SCC iter.                  ...        0 min,  0.004 sec
     gradient                   ...        0 min,  0.007 sec
 * total energy  :   -30.4383036 Eh     change       -0.1196701E-02 Eh
   gradient norm :     0.0125146 Eh/α   predicted    -0.8623236E-03 ( -27.94%)
   displ. norm   :     0.4243390 α      lambda       -0.1234866E-02
   maximum displ.:     0.3534026 α      in ANC's #1, #2, #5, ...

........................................................................
.............................. CYCLE    5 ..............................
........................................................................
   1    -30.7728278 -0.307728E+02  0.375E-01    3.68       0.0  T
   2    -30.7728522 -0.244184E-04  0.203E-01    3.68       1.0  T
   3    -30.7728578 -0.560383E-05  0.389E-02    3.68       1.0  T
   4    -30.7728542  0.367554E-05  0.216E-02    3.68       1.1  T
   5    -30.7728599 -0.578408E-05  0.300E-03    3.68       7.8  T
   6    -30.7728600 -0.400476E-07  0.174E-03    3.68      13.5  T
   7    -30.7728600  0.355495E-09  0.115E-03    3.68      20.6  T
     SCC iter.                  ...        0 min,  0.004 sec
     gradient                   ...        0 min,  0.007 sec
 * total energy  :   -30.4393122 Eh     change       -0.1008600E-02 Eh
   gradient norm :     0.0141684 Eh/α   predicted    -0.7286007E-03 ( -27.76%)
   displ. norm   :     0.3800611 α      lambda       -0.1022977E-02
   maximum displ.:     0.3372348 α      in ANC's #1, #5, #2, ...

........................................................................
.............................. CYCLE    6 ..............................
........................................................................
   1    -30.7735573 -0.307736E+02  0.323E-01    3.68       0.0  T
   2    -30.7735775 -0.202196E-04  0.172E-01    3.69       1.0  T
   3    -30.7735712  0.625393E-05  0.427E-02    3.68       1.0  T
   4    -30.7735822 -0.109420E-04  0.226E-02    3.69       1.0  T
   5    -30.7735846 -0.238032E-05  0.323E-03    3.69       7.3  T
   6    -30.7735846 -0.589772E-07  0.197E-03    3.69      12.0  T
   7    -30.7735846 -0.272573E-07  0.970E-04    3.69      24.3  T
     SCC iter.                  ...        0 min,  0.004 sec
     gradient                   ...        0 min,  0.007 sec
 * total energy  :   -30.4401145 Eh     change       -0.8023121E-03 Eh
   gradient norm :     0.0113011 Eh/α   predicted    -0.5853818E-03 ( -27.04%)
   displ. norm   :     0.3345558 α      lambda       -0.7201667E-03
   maximum displ.:     0.3079627 α      in ANC's #1, #5, #4, ...

........................................................................
.............................. CYCLE    7 ..............................
........................................................................
   1    -30.7757071 -0.307757E+02  0.264E-01    3.68       0.0  T
   2    -30.7757206 -0.134568E-04  0.139E-01    3.69       1.0  T
   3    -30.7757094  0.111385E-04  0.412E-02    3.68       1.0  T
   4    -30.7757250 -0.155940E-04  0.186E-02    3.69       1.3  T
   5    -30.7757258 -0.788502E-06  0.507E-03    3.69       4.6  T
   6    -30.7757261 -0.299061E-06  0.179E-03    3.69      13.2  T
   7    -30.7757261 -0.301172E-07  0.843E-04    3.69      27.9  T
     SCC iter.                  ...        0 min,  0.004 sec
     gradient                   ...        0 min,  0.007 sec
 * total energy  :   -30.4406597 Eh     change       -0.5451965E-03 Eh
   gradient norm :     0.0081608 Eh/α   predicted    -0.4003868E-03 ( -26.56%)
   displ. norm   :     0.2717386 α      lambda       -0.4259462E-03
   maximum displ.:     0.2578341 α      in ANC's #1, #5, #4, ...

........................................................................
.............................. CYCLE    8 ..............................
........................................................................
   1    -30.7775656 -0.307776E+02  0.238E-01    3.68       0.0  T
   2    -30.7775769 -0.113187E-04  0.123E-01    3.69       1.0  T
   3    -30.7775791 -0.218439E-05  0.230E-02    3.68       1.0  T
   4    -30.7775783  0.791308E-06  0.122E-02    3.69       1.9  T
   5    -30.7775796 -0.125614E-05  0.382E-03    3.69       6.2  T
   6    -30.7775798 -0.180925E-06  0.940E-04    3.69      25.1  T
   7    -30.7775798 -0.890402E-09  0.609E-04    3.69      38.7  T
     SCC iter.                  ...        0 min,  0.004 sec
     gradient                   ...        0 min,  0.007 sec
 * total energy  :   -30.4409846 Eh     change       -0.3249367E-03 Eh
   gradient norm :     0.0070478 Eh/α   predicted    -0.2286935E-03 ( -29.62%)
   displ. norm   :     0.2257400 α      lambda       -0.2820505E-03
   maximum displ.:     0.2132093 α      in ANC's #1, #2, #4, ...

........................................................................
.............................. CYCLE    9 ..............................
........................................................................
   1    -30.7785839 -0.307786E+02  0.182E-01    3.69       0.0  T
   2    -30.7785909 -0.693374E-05  0.974E-02    3.68       1.0  T
   3    -30.7785806  0.102885E-04  0.338E-02    3.69       1.0  T
   4    -30.7785935 -0.128686E-04  0.141E-02    3.69       1.7  T
   5    -30.7785942 -0.719707E-06  0.428E-03    3.69       5.5  T
   6    -30.7785943 -0.151216E-06  0.167E-03    3.69      14.1  T
   7    -30.7785944 -0.337294E-07  0.552E-04    3.69      42.7  T
     SCC iter.                  ...        0 min,  0.004 sec
     gradient                   ...        0 min,  0.007 sec
 * total energy  :   -30.4411957 Eh     change       -0.2111138E-03 Eh
   gradient norm :     0.0052413 Eh/α   predicted    -0.1482149E-03 ( -29.79%)
   displ. norm   :     0.2031831 α      lambda       -0.2070971E-03
   maximum displ.:     0.1828411 α      in ANC's #1, #2, #6, ...

........................................................................
.............................. CYCLE   10 ..............................
........................................................................
   1    -30.7792847 -0.307793E+02  0.233E-01    3.69       0.0  T
   2    -30.7792965 -0.118828E-04  0.120E-01    3.69       1.0  T
   3    -30.7792965  0.462920E-07  0.256E-02    3.69       1.0  T
   4    -30.7792980 -0.147286E-05  0.160E-02    3.68       1.5  T
   5    -30.7793000 -0.199682E-05  0.166E-03    3.69      14.2  T
   6    -30.7793000 -0.791623E-08  0.801E-04    3.69      29.4  T
     SCC iter.                  ...        0 min,  0.004 sec
     gradient                   ...        0 min,  0.007 sec
 * total energy  :   -30.4413410 Eh     change       -0.1452783E-03 Eh
   gradient norm :     0.0069794 Eh/α   predicted    -0.1078193E-03 ( -25.78%)
   displ. norm   :     0.1868176 α      lambda       -0.1593896E-03
   maximum displ.:     0.1658894 α      in ANC's #1, #2, #7, ...

........................................................................
.............................. CYCLE   11 ..............................
........................................................................
   1    -30.7791145 -0.307791E+02  0.166E-01    3.69       0.0  T
   2    -30.7791198 -0.529207E-05  0.914E-02    3.69       1.0  T
   3    -30.7791048  0.150238E-04  0.386E-02    3.69       1.0  T
   4    -30.7791233 -0.185288E-04  0.120E-02    3.69       2.0  T
   5    -30.7791235 -0.182428E-06  0.436E-03    3.69       5.4  T
   6    -30.7791238 -0.255099E-06  0.113E-03    3.69      20.9  T
   7    -30.7791238 -0.855439E-08  0.527E-04    3.69      44.7  T
     SCC iter.                  ...        0 min,  0.004 sec
     gradient                   ...        0 min,  0.007 sec
 * total energy  :   -30.4414509 Eh     change       -0.1099134E-03 Eh
   gradient norm :     0.0053235 Eh/α   predicted    -0.8247677E-04 ( -24.96%)
   displ. norm   :     0.1685186 α      lambda       -0.1052429E-03
   maximum displ.:     0.1263028 α      in ANC's #1, #2, #4, ...

........................................................................
.............................. CYCLE   12 ..............................
........................................................................
   1    -30.7791217 -0.307791E+02  0.169E-01    3.69       0.0  T
   2    -30.7791265 -0.480968E-05  0.923E-02    3.69       1.0  T
   3    -30.7791161  0.103785E-04  0.339E-02    3.69       1.0  T
   4    -30.7791290 -0.128456E-04  0.120E-02    3.69       2.0  T
   5    -30.7791293 -0.340618E-06  0.221E-03    3.69      10.7  T
   6    -30.7791294 -0.615223E-07  0.796E-04    3.69      29.6  T
     SCC iter.                  ...        0 min,  0.003 sec
     gradient                   ...        0 min,  0.007 sec
 * total energy  :   -30.4415217 Eh     change       -0.7079425E-04 Eh
   gradient norm :     0.0047555 Eh/α   predicted    -0.5411606E-04 ( -23.56%)
   displ. norm   :     0.1110006 α      lambda       -0.6695683E-04
   maximum displ.:     0.0743860 α      in ANC's #2, #1, #4, ...

........................................................................
.............................. CYCLE   13 ..............................
........................................................................
   1    -30.7792533 -0.307793E+02  0.131E-01    3.69       0.0  T
   2    -30.7792580 -0.478050E-05  0.692E-02    3.69       1.0  T
   3    -30.7792526  0.540022E-05  0.264E-02    3.69       1.0  T
   4    -30.7792599 -0.723717E-05  0.979E-03    3.69       2.4  T
   5    -30.7792600 -0.165135E-06  0.366E-03    3.69       6.4  T
   6    -30.7792602 -0.142322E-06  0.109E-03    3.69      21.7  T
   7    -30.7792602 -0.129978E-07  0.426E-04    3.69      55.4  T
     SCC iter.                  ...        0 min,  0.004 sec
     gradient                   ...        0 min,  0.007 sec
 * total energy  :   -30.4415562 Eh     change       -0.3445747E-04 Eh
   gradient norm :     0.0031964 Eh/α   predicted    -0.3388963E-04 (  -1.65%)
   displ. norm   :     0.0458113 α      lambda       -0.3150527E-04
   maximum displ.:     0.0313751 α      in ANC's #2, #4, #5, ...

........................................................................
.............................. CYCLE   14 ..............................
........................................................................
   1    -30.7793000 -0.307793E+02  0.493E-02    3.69       0.0  T
   2    -30.7793011 -0.112297E-05  0.265E-02    3.70       1.0  T
   3    -30.7792992  0.191878E-05  0.146E-02    3.69       1.6  T
   4    -30.7793020 -0.279206E-05  0.400E-03    3.70       5.9  T
   5    -30.7793020 -0.226805E-07  0.181E-03    3.70      13.0  T
   6    -30.7793020 -0.302588E-07  0.614E-04    3.70      38.4  T
   7    -30.7793020 -0.383305E-08  0.128E-04    3.70     183.8  T
     SCC iter.                  ...        0 min,  0.004 sec
     gradient                   ...        0 min,  0.007 sec
 * total energy  :   -30.4415707 Eh     change       -0.1449974E-04 Eh
   gradient norm :     0.0019785 Eh/α   predicted    -0.1578480E-04 (   8.86%)
   displ. norm   :     0.0350834 α      lambda       -0.1053096E-04
   maximum displ.:     0.0291756 α      in ANC's #1, #2, #13, ...

........................................................................
.............................. CYCLE   15 ..............................
........................................................................
   1    -30.7790362 -0.307790E+02  0.309E-02    3.69       0.0  T
   2    -30.7790365 -0.270232E-06  0.163E-02    3.69       1.4  T
   3    -30.7790358  0.612607E-06  0.799E-03    3.69       2.9  T
   4    -30.7790366 -0.799261E-06  0.235E-03    3.69      10.0  T
   5    -30.7790367 -0.925834E-08  0.985E-04    3.69      23.9  T
   6    -30.7790367 -0.104153E-07  0.295E-04    3.69      80.0  T
     SCC iter.                  ...        0 min,  0.004 sec
     gradient                   ...        0 min,  0.007 sec
 * total energy  :   -30.4415787 Eh     change       -0.8023677E-05 Eh
   gradient norm :     0.0013552 Eh/α   predicted    -0.5267200E-05 ( -34.35%)
   displ. norm   :     0.0202198 α      lambda       -0.4040457E-05
   maximum displ.:     0.0130438 α      in ANC's #1, #2, #5, ...

........................................................................
.............................. CYCLE   16 ..............................
........................................................................
   1    -30.7791183 -0.307791E+02  0.246E-02    3.70       0.0  T
   2    -30.7791185 -0.162733E-06  0.126E-02    3.70       1.9  T
   3    -30.7791179  0.557306E-06  0.769E-03    3.70       3.1  T
   4    -30.7791187 -0.741510E-06  0.169E-03    3.70      14.0  T
   5    -30.7791187 -0.148238E-08  0.464E-04    3.70      50.8  T
   6    -30.7791187 -0.105354E-08  0.110E-04    3.70     214.1  T
     SCC iter.                  ...        0 min,  0.003 sec
     gradient                   ...        0 min,  0.007 sec
 * total energy  :   -30.4415811 Eh     change       -0.2396580E-05 Eh
   gradient norm :     0.0009434 Eh/α   predicted    -0.2020419E-05 ( -15.70%)
   displ. norm   :     0.0171793 α      lambda       -0.1604891E-05
   maximum displ.:     0.0113367 α      in ANC's #2, #1, #3, ...

   *** GEOMETRY OPTIMIZATION CONVERGED AFTER 16 ITERATIONS ***

------------------------------------------------------------------------
 total energy gain   :        -0.0098254 Eh       -6.1655 kcal/mol
 total RMSD          :         0.6989457 a0        0.3699 Å
 total power (kW/mol):        -1.6122795 (step)  -93.3859 (real)
------------------------------------------------------------------------

 ANCopt (total)                0 d,  0 h,  0 min,  0.276 sec
 optimizer setup                ...        0 min,  0.000 sec (  0.022%)
 model hessian                  ...        0 min,  0.004 sec (  1.407%)
 ANC generation                 ...        0 min,  0.000 sec (  0.126%)
 coordinate transformation      ...        0 min,  0.000 sec (  0.025%)
 single point calculation       ...        0 min,  0.269 sec ( 97.374%)
 optimization log               ...        0 min,  0.001 sec (  0.258%)
 hessian update                 ...        0 min,  0.000 sec (  0.026%)
 rational function              ...        0 min,  0.002 sec (  0.629%)

================
 final structure:
================
$coord
    2.49355362277261    2.08159042443990   -0.94096088079886      C 
    0.13824681203667    1.20934872671126   -0.40911169576747      C 
   -2.03038710816337    2.59790742030764   -0.58298257397392      O 
   -4.05625631399946    1.44274009507295    0.72046562918052      C 
   -4.23958875512905   -1.39163868827546    0.12518689480618      C 
   -4.68730133049798   -1.84793873445132   -2.69019777399043      C 
   -2.02031771083644   -2.64850571272441    0.97673434939672      O 
    0.13705208515124   -1.37734660952810    0.36647768838147      C 
    2.49768880217703   -2.38854160273876    0.42309594366602      C 
    4.74390555437877   -0.22024741398698   -0.48596876959820      S 
    3.02157384815006    3.92631590925797   -1.57636321103828      H 
   -5.76257751988507    2.42881497962495    0.11675514663186      H 
   -3.80440284635922    1.68782707225852    2.76843783648100      H 
   -5.77245593583025   -2.22559741283261    1.23667103913163      H 
   -3.24896653966510   -0.89800562357894   -3.81066358744895      H 
   -6.53318114687505   -1.12662814274890   -3.22861882303124      H 
   -4.60764176473323   -3.86168091402577   -3.08382201469565      H 
    3.03272276260767   -4.26539106390738    0.94886796750501      H 
$end
           -------------------------------------------------
          |                Final Singlepoint                |
           -------------------------------------------------

          ...................................................
          :                      SETUP                      :
          :.................................................:
          :  # basis functions                  54          :
          :  # atomic orbitals                  53          :
          :  # shells                           29          :
          :  # electrons                        54          :
          :  max. iterations                   250          :
          :  Hamiltonian                  GFN2-xTB          :
          :  restarted?                      false          :
          :  GBSA solvation                  false          :
          :  PC potential                    false          :
          :  electronic temp.          300.0000000     K    :
          :  accuracy                    1.0000000          :
          :  -> integral cutoff          0.2500000E+02      :
          :  -> integral neglect         0.1000000E-07      :
          :  -> SCF convergence          0.1000000E-05 Eh   :
          :  -> wf. convergence          0.1000000E-03 e    :
          :  Broyden damping             0.4000000          :
          ...................................................

 iter      E             dE          RMSdq      gap      omega  full diag
   1    -30.7791187 -0.307791E+02  0.486E-05    3.70       0.0  T
   2    -30.7791187 -0.483524E-11  0.181E-05    3.70    1305.5  T
   3    -30.7791187 -0.330402E-12  0.127E-05    3.70    1852.7  T

   *** convergence criteria satisfied after 3 iterations ***

         #    Occupation            Energy/Eh            Energy/eV
      -------------------------------------------------------------
         1        2.0000           -0.7316048             -19.9080
       ...           ...                  ...                  ...
        21        2.0000           -0.4734652             -12.8836
        22        2.0000           -0.4647982             -12.6478
        23        2.0000           -0.4572026             -12.4411
        24        2.0000           -0.4481143             -12.1938
        25        2.0000           -0.4358753             -11.8608
        26        2.0000           -0.3817937             -10.3891
        27        2.0000           -0.3766719             -10.2498 (HOMO)
        28                         -0.2408760              -6.5546 (LUMO)
        29                         -0.2062737              -5.6130
        30                         -0.1585912              -4.3155
        31                         -0.1190391              -3.2392
        32                         -0.0135293              -0.3682
       ...                                ...                  ...
        53                          0.6948086              18.9067
      -------------------------------------------------------------
                  HL-Gap            0.1357958 Eh            3.6952 eV
             Fermi-level           -0.3087739 Eh           -8.4022 eV

 SCC (total)                   0 d,  0 h,  0 min,  0.015 sec
 SCC setup                      ...        0 min,  0.000 sec (  0.652%)
 Dispersion                     ...        0 min,  0.000 sec (  0.484%)
 integral evaluation            ...        0 min,  0.006 sec ( 36.797%)
 zeroth order Hamiltonian       ...        0 min,  0.000 sec (  0.531%)
 iterations                     ...        0 min,  0.002 sec ( 12.957%)
 molecular gradient             ...        0 min,  0.007 sec ( 47.517%)
 printout                       ...        0 min,  0.000 sec (  0.990%)

         :::::::::::::::::::::::::::::::::::::::::::::::::::::
         ::                     SUMMARY                     ::
         :::::::::::::::::::::::::::::::::::::::::::::::::::::
         :: total energy             -30.441581100823 Eh    ::
         :: gradient norm              0.000943004630 Eh/a0 ::
         :: HOMO-LUMO gap              3.695193081192 eV    ::
         ::.................................................::
         :: SCC energy               -30.779118691830 Eh    ::
         :: -> isotropic ES            0.031045686903 Eh    ::
         :: -> anisotropic ES          0.002081754565 Eh    ::
         :: -> anisotropic XC          0.004654443991 Eh    ::
         :: -> dispersion             -0.016522788414 Eh    ::
         :: repulsion energy           0.337462682994 Eh    ::
         :: add. restraining           0.000000000000 Eh    ::
         :::::::::::::::::::::::::::::::::::::::::::::::::::::

           -------------------------------------------------
          |                Property Printout                |
           -------------------------------------------------

    * Orbital Energies and Occupations

         #    Occupation            Energy/Eh            Energy/eV
      -------------------------------------------------------------
         1        2.0000           -0.7316048             -19.9080
       ...           ...                  ...                  ...
        15        2.0000           -0.5362822             -14.5930
        16        2.0000           -0.5196109             -14.1393
        17        2.0000           -0.5047717             -13.7355
        18        2.0000           -0.4927235             -13.4077
        19        2.0000           -0.4852085             -13.2032
        20        2.0000           -0.4755287             -12.9398
        21        2.0000           -0.4734652             -12.8836
        22        2.0000           -0.4647982             -12.6478
        23        2.0000           -0.4572026             -12.4411
        24        2.0000           -0.4481143             -12.1938
        25        2.0000           -0.4358753             -11.8608
        26        2.0000           -0.3817937             -10.3891
        27        2.0000           -0.3766719             -10.2498 (HOMO)
        28                         -0.2408760              -6.5546 (LUMO)
        29                         -0.2062737              -5.6130
        30                         -0.1585912              -4.3155
        31                         -0.1190391              -3.2392
        32                         -0.0135293              -0.3682
        33                          0.0148860               0.4051
        34                          0.0299449               0.8148
        35                          0.0382711               1.0414
        36                          0.0477911               1.3005
        37                          0.0579619               1.5772
        38                          0.0947148               2.5773
       ...                                ...                  ...
        53                          0.6948086              18.9067
      -------------------------------------------------------------
                  HL-Gap            0.1357958 Eh            3.6952 eV
             Fermi-level           -0.3087739 Eh           -8.4022 eV

     #   Z        covCN         q      C6AA      α(0)
     1   6 C      2.932    -0.060    29.486     8.905
     2   6 C      3.101     0.108    25.498     8.275
     3   8 O      1.703    -0.277    18.591     5.821
     4   6 C      3.728     0.075    19.427     6.293
     5   6 C      3.766     0.110    18.817     6.183
     6   6 C      3.752    -0.115    22.753     6.802
     7   8 O      1.703    -0.284    18.718     5.841
     8   6 C      3.089     0.111    25.463     8.271
     9   6 C      2.932    -0.060    29.492     8.906
    10  16 S      2.326    -0.025   142.099    20.063
    11   1 H      0.927     0.061     2.191     2.315
    12   1 H      0.924     0.055     2.258     2.350
    13   1 H      0.923     0.037     2.483     2.464
    14   1 H      0.924     0.046     2.374     2.409
    15   1 H      0.925     0.056     2.252     2.347
    16   1 H      0.925     0.046     2.365     2.405
    17   1 H      0.925     0.056     2.252     2.347
    18   1 H      0.927     0.061     2.190     2.314

 Mol. C6AA /au·bohr⁶  :       4482.342826
 Mol. C8AA /au·bohr⁸  :     121610.602551
 Mol. α(0) /au        :        104.311795


Wiberg/Mayer (AO) data.
largest (>0.10) Wiberg bond orders for each atom
          total WBO             WBO to atom ...
     1  C   3.934        C    2 1.560    S   10 1.176    H   11 0.969    C    9 0.118
     2  C   3.933        C    1 1.560    C    8 1.172    O    3 1.037
     3  O   2.203        C    2 1.037    C    4 0.976
     4  C   3.951        C    5 0.980    O    3 0.976    H   12 0.971    H   13 0.968
     5  C   3.949        C    6 1.001    C    4 0.980    H   14 0.962    O    7 0.958
     6  C   3.993        C    5 1.001    H   16 0.985    H   17 0.984    H   15 0.984
     7  O   2.204        C    8 1.042    C    5 0.958
     8  C   3.934        C    9 1.558    C    2 1.172    O    7 1.042
     9  C   3.933        C    8 1.558    S   10 1.175    H   18 0.969    C    1 0.118
    10  S   2.607        C    1 1.176    C    9 1.175
    11  H   0.996        C    1 0.969
    12  H   0.996        C    4 0.971
    13  H   0.999        C    4 0.968
    14  H   0.997        C    5 0.962
    15  H   0.997        C    6 0.984
    16  H   0.998        C    6 0.985
    17  H   0.997        C    6 0.984
    18  H   0.996        C    9 0.969

molecular dipole:
                 x           y           z       tot (Debye)
 q only:       -0.581      -0.039      -0.105
   full:       -1.024      -0.009      -0.006       2.602
molecular quadrupole (traceless):
                xx          xy          yy          xz          yz          zz
 q only:        5.478       0.347      -3.998       0.343       1.759      -1.479
  q+dip:        1.886       0.425      -1.958       0.567       1.747       0.072
   full:        2.196       0.430      -2.372       0.565       1.855       0.175

           -------------------------------------------------
          |                Geometry Summary                 |
           -------------------------------------------------

      molecular mass/u    :      156.1990000
   center of mass at/Å    :       -0.0991463      -0.1339067      -0.1519394
  moments of inertia/u·Å² :        0.1945481E+03   0.5661777E+03   0.6670026E+03
rotational constants/cm⁻¹ :        0.8665020E-01   0.2977446E-01   0.2527371E-01

 * 19 selected distances

     #   Z        #   Z                                     value/Å
     1   6 C      2   6 C                                 1.3585681
     2   6 C      3   8 O                                 1.3657797
     3   8 O      4   6 C                                 1.4137587
     4   6 C      5   6 C                                 1.5356785
     5   6 C      6   6 C                                 1.5277602
     5   6 C      7   8 O                                 1.4228879
     2   6 C      8   6 C                                 1.4290268
     7   8 O      8   6 C                                 1.3638514
     8   6 C      9   6 C                                 1.3593086
     1   6 C     10  16 S                                 1.7204007
     9   6 C     10  16 S                                 1.7207123 (max)
     1   6 C     11   1 H                                 1.0696129
     4   6 C     12   1 H                                 1.0907141
     4   6 C     13   1 H                                 1.0995799
     5   6 C     14   1 H                                 1.0948428
     6   6 C     15   1 H                                 1.0879225
     6   6 C     16   1 H                                 1.0867423
     6   6 C     17   1 H                                 1.0866115
     9   6 C     18   1 H                                 1.0695747 (min)

 * 4 distinct bonds (by element types)

   Z      Z             #   av. dist./Å        max./Å        min./Å
   1 H    6 C           8     1.0857001     1.0995799     1.0695747
   6 C    6 C           5     1.4420685     1.5356785     1.3585681
   6 C    8 O           4     1.3915694     1.4228879     1.3638514
   6 C   16 S           2     1.7205565     1.7207123     1.7204007


optimized geometry written to: xtbopt.xyz


           -------------------------------------------------
          | TOTAL ENERGY              -30.441581100823 Eh   |
          | GRADIENT NORM               0.000943004630 Eh/α |
          | HOMO-LUMO GAP               3.695193081192 eV   |
           -------------------------------------------------

------------------------------------------------------------------------
 * finished run on 2021/02/19 at 08:13:25.318     
------------------------------------------------------------------------
 total:
 * wall-time:     0 d,  0 h,  0 min,  0.336 sec
 *  cpu-time:     0 d,  0 h,  0 min,  0.327 sec
 * ratio c/w:     0.973 speedup
 SCF:
 * wall-time:     0 d,  0 h,  0 min,  0.021 sec
 *  cpu-time:     0 d,  0 h,  0 min,  0.021 sec
 * ratio c/w:     1.000 speedup
 ANC optimizer:
 * wall-time:     0 d,  0 h,  0 min,  0.292 sec
 *  cpu-time:     0 d,  0 h,  0 min,  0.292 sec
 * ratio c/w:     0.999 speedup

